/tmp/2ltnB0 25.000000
/tmp/1lenB0 25.000000
/tmp/1lgcB0 0.000000
/nfs/cathdata/dompdb/1lyaB1 25.000000
/tmp/1aayA0 52.500000
/tmp/1ubdC0 57.500000
/tmp/1meyC0 55.000000
/tmp/2drpA0 70.000000
/tmp/1pyaA0 45.000000
/tmp/1hueA0 75.000000
/tmp/1wtuA0 70.000000
/tmp/1ihfA0 70.000000
/tmp/1ihfB0 70.000000
/nfs/cathdata/dompdb/1prcH1 75.000000
/nfs/cathdata/dompdb/1pcrH1 55.000000
/data/pdb_release/all/pdb4mt2.ent 0.000000
/data/pdb_release/all/pdb1tiv.ent 0.000000
/data/pdb_release/all/pdb1zaq.ent 0.000000
/data/pdb_release/all/pdb1iva.ent 0.000000
/data/pdb_release/all/pdb1agg.ent 32.500000
/data/pdb_release/all/pdb1cfh.ent 0.000000
/data/pdb_release/all/pdb1cfi.ent 0.000000
/data/pdb_release/all/pdb1aaf.ent 0.000000
/data/pdb_release/all/pdb2ech.ent 0.000000
/data/pdb_release/all/pdb1fvl.ent 25.000000
/data/pdb_release/all/pdb1kst.ent 32.500000
/tmp/1r0940 25.000000
/tmp/2plv40 52.500000
/tmp/1pvc40 57.500000
/tmp/1bbt40 50.000000
/tmp/1tme40 25.000000
/tmp/2mev40 25.000000
/tmp/1tabI0 32.500000
/data/pdb_release/all/pdb1pi2.ent 37.500000
/data/pdb_release/all/pdb1bbi.ent 60.000000
/nfs/cathdata/dompdb/1pcp01 25.000000
/nfs/cathdata/dompdb/2pspA2 25.000000
/nfs/cathdata/dompdb/1gcb01 80.000000
/nfs/cathdata/dompdb/1fieA2 90.000000
/nfs/cathdata/dompdb/1lgr01 90.000000
/nfs/cathdata/dompdb/1abbA1 90.000000
/nfs/cathdata/dompdb/1ygpA1 90.000000
/nfs/cathdata/dompdb/1pgd03 25.000000
/data/pdb_release/all/pdb1ldl.ent 32.500000
/data/pdb_release/all/pdb1ldr.ent 0.000000
/data/pdb_release/all/pdb1tap.ent 52.500000
/data/pdb_release/all/pdb5pti.ent 52.500000
/tmp/1aapA0 57.500000
/data/pdb_release/all/pdb1dtx.ent 52.500000
/data/pdb_release/all/pdb1dtk.ent 52.500000
/data/pdb_release/all/pdb1shp.ent 52.500000
/tmp/1brbI0 52.500000
/data/pdb_release/all/pdb1knt.ent 57.500000
/data/pdb_release/all/pdb1dem.ent 52.500000
/tmp/1bunB0 52.500000
/data/pdb_release/all/pdb1hnr.ent 25.000000
/tmp/1mhlA0 45.000000
/nfs/cathdata/dompdb/1gal02 50.000000
/nfs/cathdata/dompdb/1inp01 75.000000
/nfs/cathdata/dompdb/1rtc02 70.000000
/nfs/cathdata/dompdb/1apa02 70.000000
/nfs/cathdata/dompdb/1pafA2 75.000000
/nfs/cathdata/dompdb/1mrg02 70.000000
/nfs/cathdata/dompdb/1mrj02 70.000000
/nfs/cathdata/dompdb/1abrA2 75.000000
/tmp/1isuA0 25.000000
/data/pdb_release/all/pdb1hip.ent 65.000000
/tmp/2hipA0 32.500000
/data/pdb_release/all/pdb1hpi.ent 57.500000
/data/pdb_release/all/pdb1bbo.ent 45.000000
/nfs/cathdata/dompdb/1adt02 77.500000
/tmp/1abmA0 77.500000
/tmp/1idsA0 77.500000
/tmp/1isaA0 77.500000
/nfs/cathdata/dompdb/1vsgA1 77.500000
/tmp/1hmpA0 75.000000
/nfs/cathdata/dompdb/1adeA3 77.500000
/nfs/cathdata/dompdb/1qorA1 100.000000
/nfs/cathdata/dompdb/3btoA1 95.000000
/nfs/cathdata/dompdb/1dehA1 77.500000
/nfs/cathdata/dompdb/1cdoA1 90.000000
/nfs/cathdata/dompdb/1tehA1 90.000000
/nfs/cathdata/dompdb/1agnA1 95.000000
/tmp/1yptA0 77.500000
/data/pdb_release/all/pdb2hnp.ent 77.500000
/nfs/cathdata/dompdb/1yfoA1 72.500000
/tmp/1vhrA0 90.000000
/data/pdb_release/all/pdb1gpc.ent 80.000000
/nfs/cathdata/dompdb/1bgw05 77.500000
/nfs/cathdata/dompdb/1jetA1 90.000000
/nfs/cathdata/dompdb/1glaG1 85.000000
/nfs/cathdata/dompdb/1hgeA1 77.500000
/tmp/1ltsA0 90.000000
/tmp/1xtcA0 95.000000
/tmp/1tiiA0 80.000000
/tmp/1prtA0 90.000000
/nfs/cathdata/dompdb/1admA2 77.500000
/nfs/cathdata/dompdb/1chmA2 85.000000
/data/pdb_release/all/pdb1mat.ent 95.000000
/data/pdb_release/all/pdb1pbn.ent 95.000000
/data/pdb_release/all/pdb1ula.ent 90.000000
/tmp/1ecpA0 85.000000
/nfs/cathdata/dompdb/1dhx03 90.000000
/data/pdb_release/all/pdb2cyr.ent 70.000000
/data/pdb_release/all/pdb1wad.ent 72.500000
/data/pdb_release/all/pdb1czj.ent 77.500000
/tmp/1htmB0 52.500000
/nfs/cathdata/dompdb/1berA1 65.000000
/nfs/cathdata/dompdb/1dhx02 65.000000
/nfs/cathdata/dompdb/1gln02 90.000000
/nfs/cathdata/dompdb/1gtrA2 95.000000
/nfs/cathdata/dompdb/1prcH2 70.000000
/nfs/cathdata/dompdb/4rcrH2 60.000000
/nfs/cathdata/dompdb/1oxa01 72.500000
/nfs/cathdata/dompdb/1cpt01 72.500000
/nfs/cathdata/dompdb/1gcb02 72.500000
/data/pdb_release/all/pdb1mut.ent 72.500000
/data/pdb_release/all/pdb1pyp.ent 67.500000
/data/pdb_release/all/pdb2prd.ent 77.500000
/tmp/1eipA0 72.500000
/nfs/cathdata/dompdb/1ordA4 72.500000
/nfs/cathdata/dompdb/2cmd02 95.000000
/nfs/cathdata/dompdb/1mldA2 90.000000
/nfs/cathdata/dompdb/6ldh02 77.500000
/nfs/cathdata/dompdb/1llc02 77.500000
/nfs/cathdata/dompdb/1lldA2 72.500000
/nfs/cathdata/dompdb/2ldx02 100.000000
/nfs/cathdata/dompdb/3ldh02 80.000000
/nfs/cathdata/dompdb/5ldh02 72.500000
/nfs/cathdata/dompdb/9ldtA2 72.500000
/nfs/cathdata/dompdb/1ldb02 77.500000
/nfs/cathdata/dompdb/1hyhA2 72.500000
/nfs/cathdata/dompdb/4mdhA2 75.000000
/nfs/cathdata/dompdb/1bdmA2 75.000000
/nfs/cathdata/dompdb/1dctA2 70.000000
/tmp/1regX0 90.000000
/nfs/cathdata/dompdb/2bltA1 90.000000
/data/pdb_release/all/pdb1xaa.ent 90.000000
/data/pdb_release/all/pdb1xac.ent 90.000000
/tmp/1alkA0 90.000000
/data/pdb_release/all/pdb1lpp.ent 85.000000
/data/pdb_release/all/pdb1thg.ent 85.000000
/tmp/1cleA0 95.000000
/data/pdb_release/all/pdb1ace.ent 90.000000
/nfs/cathdata/dompdb/3ladA2 77.500000
/nfs/cathdata/dompdb/1lpfA2 77.500000
/nfs/cathdata/dompdb/1lvl02 72.500000
/nfs/cathdata/dompdb/1ebdA2 72.500000
/nfs/cathdata/dompdb/2tmdA3 85.000000
/nfs/cathdata/dompdb/1gerA2 72.500000
/nfs/cathdata/dompdb/1gesA2 72.500000
/nfs/cathdata/dompdb/3grs02 72.500000
/nfs/cathdata/dompdb/1tde02 77.500000
/nfs/cathdata/dompdb/1vdc02 72.500000
/nfs/cathdata/dompdb/1fecB2 77.500000
/nfs/cathdata/dompdb/1nhr02 77.500000
/nfs/cathdata/dompdb/1fcdA2 72.500000
/tmp/1pyaB0 77.500000
/nfs/cathdata/dompdb/1dik03 72.500000
/nfs/cathdata/dompdb/1aorA1 90.000000
/tmp/2dnjA0 85.000000
/tmp/1fjmA0 85.000000
/tmp/1tcoA0 85.000000
/nfs/cathdata/dompdb/1gph11 82.500000
/data/pdb_release/all/pdb1plq.ent 77.500000
/data/pdb_release/all/pdb1bnh.ent 70.000000
/data/pdb_release/all/pdb1cy3.ent 25.000000
/tmp/1cthA0 70.000000
/data/pdb_release/all/pdb2cdv.ent 70.000000
/nfs/cathdata/dompdb/1trkA1 85.000000
/tmp/1rvaA0 77.500000
/nfs/cathdata/dompdb/1atnA1 75.000000
/nfs/cathdata/dompdb/2btfA1 72.500000
/nfs/cathdata/dompdb/1olbA2 82.500000
/data/pdb_release/all/pdb2ctc.ent 95.000000
/data/pdb_release/all/pdb1amp.ent 77.500000
/nfs/cathdata/dompdb/1lam02 95.000000
/nfs/cathdata/dompdb/1tplA2 90.000000
/nfs/cathdata/dompdb/1dgd02 75.000000
/nfs/cathdata/dompdb/1aam02 77.500000
/nfs/cathdata/dompdb/1akaA2 95.000000
/nfs/cathdata/dompdb/2cstA2 90.000000
/nfs/cathdata/dompdb/1ordA2 90.000000
/data/pdb_release/all/pdb1rpa.ent 72.500000
/data/pdb_release/all/pdb1esc.ent 90.000000
/nfs/cathdata/dompdb/1gpb02 75.000000
/nfs/cathdata/dompdb/1ygpA2 90.000000
/tmp/1deaA0 90.000000
/tmp/1thtA0 90.000000
/tmp/1tahA0 77.500000
/tmp/1oilA0 77.500000
/nfs/cathdata/dompdb/1hplA1 85.000000
/nfs/cathdata/dompdb/1lpbB1 85.000000
/tmp/1ethA0 82.500000
/data/pdb_release/all/pdb1gpl.ent 90.000000
/data/pdb_release/all/pdb1tca.ent 85.000000
/data/pdb_release/all/pdb1ede.ent 77.500000
/data/pdb_release/all/pdb1ysc.ent 90.000000
/nfs/cathdata/dompdb/1asyA2 100.000000
/nfs/cathdata/dompdb/1lylA2 90.000000
/nfs/cathdata/dompdb/1serA2 82.500000
/data/pdb_release/all/pdb3pte.ent 75.000000
/nfs/cathdata/dompdb/1abrA1 77.500000
/nfs/cathdata/dompdb/1ahc01 75.000000
/nfs/cathdata/dompdb/1mrj01 77.500000
/nfs/cathdata/dompdb/1apa01 77.500000
/nfs/cathdata/dompdb/1pafA1 77.500000
/tmp/4dfrA0 75.000000
/data/pdb_release/all/pdb3dfr.ent 77.500000
/data/pdb_release/all/pdb8dfr.ent 90.000000
/data/pdb_release/all/pdb1drf.ent 90.000000
/data/pdb_release/all/pdb1dyr.ent 82.500000
/nfs/cathdata/dompdb/1adeA1 90.000000
/nfs/cathdata/dompdb/3pmgA1 85.000000
/data/pdb_release/all/pdb1udg.ent 85.000000
/nfs/cathdata/dompdb/3pgk02 77.500000
/nfs/cathdata/dompdb/1php02 90.000000
/nfs/cathdata/dompdb/1gpmA1 75.000000
/nfs/cathdata/dompdb/1powA3 95.000000
/nfs/cathdata/dompdb/1pvdA3 90.000000
/nfs/cathdata/dompdb/1pvdA1 85.000000
/nfs/cathdata/dompdb/1powA1 90.000000
/nfs/cathdata/dompdb/1trkA2 85.000000
/nfs/cathdata/dompdb/1tyaE1 77.500000
/nfs/cathdata/dompdb/2tysB2 95.000000
/nfs/cathdata/dompdb/1minA1 95.000000
/nfs/cathdata/dompdb/1mioA1 95.000000
/nfs/cathdata/dompdb/3ecaA1 72.500000
/nfs/cathdata/dompdb/1agx01 85.000000
/nfs/cathdata/dompdb/3pga11 75.000000
/tmp/1wsaA0 82.500000
/tmp/1nbaA0 85.000000
/nfs/cathdata/dompdb/2reb01 90.000000
/tmp/1smnA0 85.000000
/tmp/1eriA0 85.000000
/nfs/cathdata/dompdb/1lvl01 77.500000
/nfs/cathdata/dompdb/1ebdA1 75.000000
/nfs/cathdata/dompdb/1gal01 90.000000
/nfs/cathdata/dompdb/1fcdA1 77.500000
/nfs/cathdata/dompdb/1coy01 77.500000
/nfs/cathdata/dompdb/1pbe01 90.000000
/nfs/cathdata/dompdb/1aa8A1 77.500000
/nfs/cathdata/dompdb/1dob02 90.000000
/data/pdb_release/all/pdb1cge.ent 70.000000
/data/pdb_release/all/pdb1mnc.ent 72.500000
/data/pdb_release/all/pdb1srt.ent 67.500000
/nfs/cathdata/dompdb/1fbl01 72.500000
/data/pdb_release/all/pdb1mmq.ent 70.000000
/data/pdb_release/all/pdb1slm.ent 77.500000
/tmp/1atlA0 85.000000
/data/pdb_release/all/pdb1iag.ent 95.000000
/nfs/cathdata/dompdb/1kapP2 90.000000
/nfs/cathdata/dompdb/1sat02 72.500000
/data/pdb_release/all/pdb1iab.ent 72.500000
/nfs/cathdata/dompdb/1lcf01 75.000000
/nfs/cathdata/dompdb/1ovt01 82.500000
/nfs/cathdata/dompdb/1ovt03 90.000000
/nfs/cathdata/dompdb/1nnt01 90.000000
/nfs/cathdata/dompdb/1tfd01 70.000000
/nfs/cathdata/dompdb/1lcf03 75.000000
/nfs/cathdata/dompdb/1dot01 95.000000
/nfs/cathdata/dompdb/1dot03 77.500000
/nfs/cathdata/dompdb/1quk01 77.500000
/nfs/cathdata/dompdb/1sbp01 95.000000
/nfs/cathdata/dompdb/1dmb01 90.000000
/nfs/cathdata/dompdb/1pot01 90.000000
/nfs/cathdata/dompdb/3sc2A1 75.000000
/nfs/cathdata/dompdb/1rtc01 77.500000
/tmp/1pviA0 82.500000
/nfs/cathdata/dompdb/1bllE1 90.000000
/nfs/cathdata/dompdb/1scuB3 77.500000
/nfs/cathdata/dompdb/1ora01 85.000000
/nfs/cathdata/dompdb/1ora02 90.000000
/nfs/cathdata/dompdb/2glt01 72.500000
/nfs/cathdata/dompdb/1ttqB1 85.000000
/data/pdb_release/all/pdb3pgm.ent 77.500000
/nfs/cathdata/dompdb/1gtrA1 77.500000
/nfs/cathdata/dompdb/1gln01 85.000000
/tmp/1dsbA0 90.000000
/tmp/1gp1A0 85.000000
/nfs/cathdata/dompdb/1chmA1 77.500000
/nfs/cathdata/dompdb/1scuB1 95.000000
/nfs/cathdata/dompdb/1mla02 77.500000
/nfs/cathdata/dompdb/1glaG2 95.000000
/nfs/cathdata/dompdb/1ami01 85.000000
/data/pdb_release/all/pdb1ak2.ent 85.000000
/tmp/1ak3A0 77.500000
/tmp/1akeA0 90.000000
/data/pdb_release/all/pdb1aky.ent 85.000000
/data/pdb_release/all/pdb3adk.ent 77.500000
/data/pdb_release/all/pdb1ukz.ent 77.500000
/data/pdb_release/all/pdb1ukd.ent 85.000000
/nfs/cathdata/dompdb/2tmdA2 90.000000
/nfs/cathdata/dompdb/1nhp01 72.500000
/nfs/cathdata/dompdb/1trb01 72.500000
/nfs/cathdata/dompdb/1vdc01 77.500000
/nfs/cathdata/dompdb/1typA1 77.500000
/nfs/cathdata/dompdb/1gesA1 75.000000
/nfs/cathdata/dompdb/3grs01 72.500000
/nfs/cathdata/dompdb/3ladA1 77.500000
/nfs/cathdata/dompdb/1lpfA1 77.500000
/nfs/cathdata/dompdb/1pfkA2 65.000000
/nfs/cathdata/dompdb/3pfk02 65.000000
/nfs/cathdata/dompdb/3pgk01 90.000000
/nfs/cathdata/dompdb/1php01 85.000000
/nfs/cathdata/dompdb/3pmgA3 77.500000
/tmp/2rslA0 75.000000
/tmp/1gdtA0 77.500000
/nfs/cathdata/dompdb/1ctt02 82.500000
/nfs/cathdata/dompdb/1ctt01 82.500000
/tmp/1whtB0 77.500000
/nfs/cathdata/dompdb/1trkA3 85.000000
/nfs/cathdata/dompdb/1dmb02 95.000000
/nfs/cathdata/dompdb/1pda02 72.500000
/nfs/cathdata/dompdb/1hslA2 77.500000
/nfs/cathdata/dompdb/1lst02 80.000000
/nfs/cathdata/dompdb/1pbp02 90.000000
/nfs/cathdata/dompdb/1sbp02 95.000000
/data/pdb_release/all/pdb1ovb.ent 77.500000
/nfs/cathdata/dompdb/1lcf02 85.000000
/nfs/cathdata/dompdb/1lcf04 77.500000
/nfs/cathdata/dompdb/1ovt02 90.000000
/nfs/cathdata/dompdb/1ovt04 75.000000
/nfs/cathdata/dompdb/1tfd02 85.000000
/nfs/cathdata/dompdb/1dot04 80.000000
/nfs/cathdata/dompdb/1poy12 85.000000
/nfs/cathdata/dompdb/1inp03 70.000000
/nfs/cathdata/dompdb/1imbA2 72.500000
/nfs/cathdata/dompdb/1fbcA2 77.500000
/nfs/cathdata/dompdb/1ftaA2 85.000000
/nfs/cathdata/dompdb/1spiA2 85.000000
/nfs/cathdata/dompdb/1pda01 85.000000
/nfs/cathdata/dompdb/1hslA1 67.500000
/nfs/cathdata/dompdb/1lst01 77.500000
/nfs/cathdata/dompdb/2ldx01 90.000000
/nfs/cathdata/dompdb/3ldh01 67.500000
/nfs/cathdata/dompdb/5ldh01 85.000000
/nfs/cathdata/dompdb/9ldtA1 75.000000
/data/pdb_release/all/pdb5nll.ent 75.000000
/data/pdb_release/all/pdb2fx2.ent 72.500000
/data/pdb_release/all/pdb1ofv.ent 72.500000
/data/pdb_release/all/pdb2fcr.ent 75.000000
/data/pdb_release/all/pdb1rcf.ent 67.500000
/tmp/1lfaA0 90.000000
/data/pdb_release/all/pdb1ido.ent 90.000000
/nfs/cathdata/dompdb/1pfkA1 75.000000
/nfs/cathdata/dompdb/3pfk01 75.000000
/data/pdb_release/all/pdb1cus.ent 90.000000
/data/pdb_release/all/pdb1dad.ent 90.000000
/data/pdb_release/all/pdb1tib.ent 82.500000
/data/pdb_release/all/pdb3tgl.ent 75.000000
/tmp/1lgyA0 95.000000
/data/pdb_release/all/pdb1vid.ent 90.000000
/data/pdb_release/all/pdb1pdo.ent 70.000000
/nfs/cathdata/dompdb/1gpmA2 90.000000
/nfs/cathdata/dompdb/1dnpA1 85.000000
/nfs/cathdata/dompdb/1bgw02 90.000000
/nfs/cathdata/dompdb/1guhA1 72.500000
/nfs/cathdata/dompdb/1glqA1 77.500000
/nfs/cathdata/dompdb/2gsq01 70.000000
/nfs/cathdata/dompdb/2gsrA1 77.500000
/nfs/cathdata/dompdb/1gssA1 72.500000
/nfs/cathdata/dompdb/2gstA1 70.000000
/nfs/cathdata/dompdb/1gta01 70.000000
/nfs/cathdata/dompdb/1hna01 70.000000
/nfs/cathdata/dompdb/3pmgA2 95.000000
/data/pdb_release/all/pdb1lba.ent 77.500000
/tmp/1meeA0 75.000000
/nfs/cathdata/dompdb/1ordA1 75.000000
/data/pdb_release/all/pdb1ntr.ent 85.000000
/nfs/cathdata/dompdb/1gdhA2 85.000000
/nfs/cathdata/dompdb/2nacA2 85.000000
/nfs/cathdata/dompdb/2dldA2 90.000000
/nfs/cathdata/dompdb/2dldA1 70.000000
/nfs/cathdata/dompdb/1scuB2 80.000000
/nfs/cathdata/dompdb/1scuA1 75.000000
/nfs/cathdata/dompdb/1scuA2 75.000000
/data/pdb_release/all/pdb1phr.ent 90.000000
/nfs/cathdata/dompdb/1bmtA2 75.000000
/tmp/1iceA0 77.500000
/data/pdb_release/all/pdb1etu.ent 72.500000
/nfs/cathdata/dompdb/1eft01 90.000000
/data/pdb_release/all/pdb5p21.ent 85.000000
/tmp/1guaA0 85.000000
/tmp/1hurA0 75.000000
/tmp/1nipA0 90.000000
/nfs/cathdata/dompdb/1gky02 85.000000
/nfs/cathdata/dompdb/1dar01 75.000000
/nfs/cathdata/dompdb/1raaA1 65.000000
/nfs/cathdata/dompdb/1raaA2 77.500000
/nfs/cathdata/dompdb/2atcA2 85.000000
/nfs/cathdata/dompdb/4mdhA1 65.000000
/nfs/cathdata/dompdb/1bdmA1 65.000000
/nfs/cathdata/dompdb/2cmd01 75.000000
/nfs/cathdata/dompdb/1mldA1 70.000000
/nfs/cathdata/dompdb/1hyhA1 75.000000
/nfs/cathdata/dompdb/6ldh01 75.000000
/nfs/cathdata/dompdb/1ldb01 75.000000
/nfs/cathdata/dompdb/1llc01 90.000000
/nfs/cathdata/dompdb/1lldA1 75.000000
/nfs/cathdata/dompdb/1bdhA3 85.000000
/nfs/cathdata/dompdb/1tlfA2 77.500000
/nfs/cathdata/dompdb/1dbp01 65.000000
/data/pdb_release/all/pdb3chy.ent 75.000000
/nfs/cathdata/dompdb/1abe01 72.500000
/nfs/cathdata/dompdb/1gdhA1 75.000000
/nfs/cathdata/dompdb/1gca01 75.000000
/nfs/cathdata/dompdb/1gdd01 85.000000
/nfs/cathdata/dompdb/1tadA1 90.000000
/nfs/cathdata/dompdb/1gotA1 75.000000
/nfs/cathdata/dompdb/1gd1O1 85.000000
/nfs/cathdata/dompdb/4gpd11 77.500000
/nfs/cathdata/dompdb/1cerO1 77.500000
/nfs/cathdata/dompdb/1gadO1 85.000000
/nfs/cathdata/dompdb/1gypA1 77.500000
/nfs/cathdata/dompdb/1hdgO1 85.000000
/nfs/cathdata/dompdb/2lbp02 75.000000
/nfs/cathdata/dompdb/2liv02 75.000000
/nfs/cathdata/dompdb/2lbp01 75.000000
/nfs/cathdata/dompdb/2liv01 75.000000
/nfs/cathdata/dompdb/1pea02 90.000000
/nfs/cathdata/dompdb/1pea01 72.500000
/nfs/cathdata/dompdb/1ecl01 90.000000
/nfs/cathdata/dompdb/1admA1 90.000000
/nfs/cathdata/dompdb/1dctA1 77.500000
/nfs/cathdata/dompdb/1hmy01 77.500000
/tmp/1garA0 77.500000
/data/pdb_release/all/pdb1chd.ent 82.500000
/data/pdb_release/all/pdb1thm.ent 77.500000
/tmp/1cseE0 75.000000
/data/pdb_release/all/pdb1st3.ent 77.500000
/data/pdb_release/all/pdb2pkc.ent 72.500000
/data/pdb_release/all/pdb1s01.ent 77.500000
/nfs/cathdata/dompdb/1poxA2 70.000000
/nfs/cathdata/dompdb/1pvdA2 72.500000
/nfs/cathdata/dompdb/2pia02 75.000000
/nfs/cathdata/dompdb/1fnb02 90.000000
/nfs/cathdata/dompdb/1que02 90.000000
/nfs/cathdata/dompdb/1cnd02 77.500000
/nfs/cathdata/dompdb/1ndh02 72.500000
/nfs/cathdata/dompdb/1gph12 90.000000
/nfs/cathdata/dompdb/1ecgA2 75.000000
/data/pdb_release/all/pdb1sto.ent 77.500000
/nfs/cathdata/dompdb/2bgt02 77.500000
/nfs/cathdata/dompdb/2bgt01 75.000000
/nfs/cathdata/dompdb/2nacA1 75.000000
/data/pdb_release/all/pdb1dhr.ent 85.000000
/tmp/1hdcA0 95.000000
/data/pdb_release/all/pdb1eny.ent 90.000000
/nfs/cathdata/dompdb/1psdA1 70.000000
/nfs/cathdata/dompdb/1psdA2 72.500000
/nfs/cathdata/dompdb/1qorA2 75.000000
/nfs/cathdata/dompdb/3btoA2 70.000000
/nfs/cathdata/dompdb/1dehA2 75.000000
/nfs/cathdata/dompdb/1cdoA2 70.000000
/nfs/cathdata/dompdb/1tehA2 70.000000
/nfs/cathdata/dompdb/1agnA2 75.000000
/nfs/cathdata/dompdb/1dih01 70.000000
/nfs/cathdata/dompdb/2pgd01 85.000000
/nfs/cathdata/dompdb/1dpgA1 85.000000
/nfs/cathdata/dompdb/1dbqA1 67.500000
/nfs/cathdata/dompdb/1tlfA1 75.000000
/nfs/cathdata/dompdb/2dri02 82.500000
/nfs/cathdata/dompdb/1gca02 85.000000
/nfs/cathdata/dompdb/2gbp02 85.000000
/nfs/cathdata/dompdb/8abp02 77.500000
/data/pdb_release/all/pdb1ghu.ent 57.500000
/nfs/cathdata/dompdb/1ad5A2 52.500000
/tmp/1ayaA0 52.500000
/tmp/2pldA0 55.000000
/data/pdb_release/all/pdb1svq.ent 77.500000
/data/pdb_release/all/pdb1vil.ent 77.500000
/data/pdb_release/all/pdb1aba.ent 70.000000
/data/pdb_release/all/pdb1ego.ent 90.000000
/tmp/2trxA0 77.500000
/data/pdb_release/all/pdb1thx.ent 75.000000
/data/pdb_release/all/pdb3trx.ent 85.000000
/data/pdb_release/all/pdb1tof.ent 70.000000
/nfs/cathdata/dompdb/1pxtA1 90.000000
/nfs/cathdata/dompdb/1pxtA2 82.500000
/nfs/cathdata/dompdb/2yhx02 77.500000
/nfs/cathdata/dompdb/1dik01 95.000000
/nfs/cathdata/dompdb/2minA3 65.000000
/nfs/cathdata/dompdb/1mioA3 70.000000
/nfs/cathdata/dompdb/2minB2 70.000000
/nfs/cathdata/dompdb/2minB3 75.000000
/nfs/cathdata/dompdb/1mioB2 75.000000
/nfs/cathdata/dompdb/1mioB4 75.000000
/nfs/cathdata/dompdb/2minA2 85.000000
/nfs/cathdata/dompdb/1mioA2 85.000000
/nfs/cathdata/dompdb/2minB1 77.500000
/nfs/cathdata/dompdb/1mioB1 85.000000
/nfs/cathdata/dompdb/1iow01 72.500000
/nfs/cathdata/dompdb/1bncA1 70.000000
/nfs/cathdata/dompdb/3ecaA2 72.500000
/nfs/cathdata/dompdb/1agx02 72.500000
/nfs/cathdata/dompdb/3pga12 67.500000
/nfs/cathdata/dompdb/1pkyA1 77.500000
/nfs/cathdata/dompdb/1pkm01 75.000000
/nfs/cathdata/dompdb/1hsbA1 72.500000
/nfs/cathdata/dompdb/2clrA1 95.000000
/nfs/cathdata/dompdb/1mhcA1 77.500000
/tmp/1tmcA0 77.500000
/nfs/cathdata/dompdb/1fruA1 77.500000
/nfs/cathdata/dompdb/1tssA1 77.500000
/nfs/cathdata/dompdb/1se202 77.500000
/nfs/cathdata/dompdb/1sebD2 77.500000
/nfs/cathdata/dompdb/1esfA2 75.000000
/data/pdb_release/all/pdb1vhh.ent 77.500000
/nfs/cathdata/dompdb/3pmgA4 72.500000
/nfs/cathdata/dompdb/1imbA1 80.000000
/nfs/cathdata/dompdb/5fbpA1 72.500000
/nfs/cathdata/dompdb/1ftaA1 75.000000
/nfs/cathdata/dompdb/1spiA1 77.500000
/nfs/cathdata/dompdb/1inp02 77.500000
/nfs/cathdata/dompdb/1gd1O2 72.500000
/nfs/cathdata/dompdb/4gpd12 77.500000
/nfs/cathdata/dompdb/1cerO2 77.500000
/nfs/cathdata/dompdb/1gadO2 72.500000
/nfs/cathdata/dompdb/1gypA2 75.000000
/nfs/cathdata/dompdb/1hdgO2 77.500000
/data/pdb_release/all/pdb1cia.ent 95.000000
/nfs/cathdata/dompdb/1gal03 95.000000
/nfs/cathdata/dompdb/1dpgA2 72.500000
/data/pdb_release/all/pdb1dpb.ent 77.500000
/data/pdb_release/all/pdb1adn.ent 57.500000
/data/pdb_release/all/pdb2pna.ent 52.500000
/data/pdb_release/all/pdb1ab2.ent 52.500000
/tmp/1shaA0 77.500000
/tmp/1lcjA0 60.000000
/tmp/1csyA0 52.500000
/data/pdb_release/all/pdb1blj.ent 60.000000
/data/pdb_release/all/pdb1fim.ent 72.500000
/tmp/1mifA0 77.500000
/tmp/1kptA0 82.500000
/nfs/cathdata/dompdb/1dja01 82.500000
/nfs/cathdata/dompdb/1mblA1 60.000000
/nfs/cathdata/dompdb/1btl01 52.500000
/data/pdb_release/all/pdb2phy.ent 72.500000
/data/pdb_release/all/pdb1fil.ent 90.000000
/data/pdb_release/all/pdb1pne.ent 95.000000
/data/pdb_release/all/pdb1acf.ent 85.000000
/data/pdb_release/all/pdb2acg.ent 90.000000
/data/pdb_release/all/pdb1cqa.ent 72.500000
/nfs/cathdata/dompdb/1pnkB1 90.000000
/nfs/cathdata/dompdb/1oacA1 60.000000
/tmp/1otgA0 85.000000
/nfs/cathdata/dompdb/1ami02 90.000000
/nfs/cathdata/dompdb/1bpb02 75.000000
/nfs/cathdata/dompdb/9icwA3 72.500000
/nfs/cathdata/dompdb/1daaA1 90.000000
/nfs/cathdata/dompdb/1iov02 75.000000
/nfs/cathdata/dompdb/1glt02 77.500000
/tmp/1gtqA0 75.000000
/nfs/cathdata/dompdb/1bia02 77.500000
/nfs/cathdata/dompdb/1antI2 85.000000
/nfs/cathdata/dompdb/1hleA2 95.000000
/nfs/cathdata/dompdb/1ovaA2 72.500000
/nfs/cathdata/dompdb/2achA1 77.500000
/nfs/cathdata/dompdb/7apiA2 77.500000
/nfs/cathdata/dompdb/1pnkB2 95.000000
/nfs/cathdata/dompdb/1ami03 90.000000
/nfs/cathdata/dompdb/1hocA1 72.500000
/nfs/cathdata/dompdb/1hsaA1 77.500000
/nfs/cathdata/dompdb/1vaaA1 72.500000
/nfs/cathdata/dompdb/1dik06 77.500000
/nfs/cathdata/dompdb/1mdl01 82.500000
/nfs/cathdata/dompdb/4enl01 72.500000
/nfs/cathdata/dompdb/1pdz01 72.500000
/nfs/cathdata/dompdb/1nhp03 72.500000
/nfs/cathdata/dompdb/3ladA3 77.500000
/nfs/cathdata/dompdb/1lpfA3 75.000000
/nfs/cathdata/dompdb/1lvl03 72.500000
/nfs/cathdata/dompdb/1ebdA3 72.500000
/nfs/cathdata/dompdb/1tytA3 95.000000
/nfs/cathdata/dompdb/1gesA3 70.000000
/nfs/cathdata/dompdb/3grs03 70.000000
/nfs/cathdata/dompdb/1irk01 77.500000
/nfs/cathdata/dompdb/1apmE2 90.000000
/nfs/cathdata/dompdb/1ckiA1 77.500000
/nfs/cathdata/dompdb/1csn01 77.500000
/nfs/cathdata/dompdb/1coy02 72.500000
/nfs/cathdata/dompdb/1rthA4 77.500000
/tmp/1hrhA0 90.000000
/data/pdb_release/all/pdb2rn2.ent 82.500000
/data/pdb_release/all/pdb1ril.ent 82.500000
/tmp/1hjrA0 77.500000
/data/pdb_release/all/pdb1itg.ent 72.500000
/data/pdb_release/all/pdb1asu.ent 85.000000
/nfs/cathdata/dompdb/1bcmA1 77.500000
/nfs/cathdata/dompdb/1atr03 77.500000
/nfs/cathdata/dompdb/1atnA2 90.000000
/nfs/cathdata/dompdb/2btfA2 90.000000
/nfs/cathdata/dompdb/2yhx03 77.500000
/nfs/cathdata/dompdb/1atr01 82.500000
/nfs/cathdata/dompdb/1mngA2 77.500000
/nfs/cathdata/dompdb/3sdpA2 50.000000
/tmp/1kpaA0 72.500000
/nfs/cathdata/dompdb/1bpb03 70.000000
/nfs/cathdata/dompdb/1pkp02 72.500000
/nfs/cathdata/dompdb/1dar04 77.500000
/tmp/1copD0 75.000000
/data/pdb_release/all/pdb1orc.ent 75.000000
/nfs/cathdata/dompdb/2reb02 70.000000
/nfs/cathdata/dompdb/1derA2 70.000000
/tmp/1iceB0 100.000000
/tmp/2kauA0 70.000000
/nfs/cathdata/dompdb/1gpmA3 72.500000
/nfs/cathdata/dompdb/1mxa03 72.500000
/nfs/cathdata/dompdb/1mxa01 77.500000
/nfs/cathdata/dompdb/1mxa02 72.500000
/nfs/cathdata/dompdb/1xrb02 72.500000
/nfs/cathdata/dompdb/1ytbA2 77.500000
/nfs/cathdata/dompdb/1tghA2 80.000000
/nfs/cathdata/dompdb/1vokA2 80.000000
/nfs/cathdata/dompdb/1tbpA1 77.500000
/nfs/cathdata/dompdb/1tghA1 72.500000
/nfs/cathdata/dompdb/1vokA1 77.500000
/nfs/cathdata/dompdb/1pczA1 77.500000
/nfs/cathdata/dompdb/1pczA2 80.000000
/nfs/cathdata/dompdb/1bmc02 72.500000
/nfs/cathdata/dompdb/1sebA1 55.000000
/nfs/cathdata/dompdb/1sebB1 72.500000
/tmp/2sicI0 82.500000
/nfs/cathdata/dompdb/1dih02 72.500000
/tmp/1brsD0 90.000000
/data/pdb_release/all/pdb1msc.ent 70.000000
/tmp/1unaA0 65.000000
/nfs/cathdata/dompdb/1chkA2 67.500000
/nfs/cathdata/dompdb/1svb03 40.000000
/nfs/cathdata/dompdb/1oacA4 70.000000
/tmp/1latA0 65.000000
/tmp/2nllA0 50.000000
/tmp/2nllB0 55.000000
/data/pdb_release/all/pdb1tns.ent 57.500000
/data/pdb_release/all/pdb1ife.ent 50.000000
/data/pdb_release/all/pdb1tig.ent 77.500000
/nfs/cathdata/dompdb/1hpm04 75.000000
/nfs/cathdata/dompdb/1bncA2 55.000000
/nfs/cathdata/dompdb/1iow03 90.000000
/nfs/cathdata/dompdb/1glt03 77.500000
/tmp/1humA0 52.500000
/tmp/1hrjA0 52.500000
/tmp/1domA0 52.500000
/tmp/1plfA0 52.500000
/tmp/1mgsA0 52.500000
/data/pdb_release/all/pdb3il8.ent 52.500000
/tmp/1rhpA0 52.500000
/tmp/1napA0 52.500000
/tmp/1rodA0 47.500000
/data/pdb_release/all/pdb1stu.ent 52.500000
/nfs/cathdata/dompdb/1pkp01 52.500000
/nfs/cathdata/dompdb/1pda03 70.000000
/data/pdb_release/all/pdb1ncs.ent 52.500000
/tmp/1cksA0 50.000000
/tmp/1sceA0 50.000000
/tmp/1dktA0 72.500000
/tmp/1rblM0 77.500000
/tmp/3rubS0 77.500000
/tmp/8rubS0 77.500000
/tmp/8rucI0 77.500000
/tmp/1burS0 77.500000
/nfs/cathdata/dompdb/1amg02 55.000000
/nfs/cathdata/dompdb/1amy02 55.000000
/data/pdb_release/all/pdb1zer.ent 77.500000
/data/pdb_release/all/pdb1aps.ent 77.500000
/tmp/2bopA0 80.000000
/data/pdb_release/all/pdb2pii.ent 77.500000
/tmp/2chsA0 82.500000
/nfs/cathdata/dompdb/8atcB1 80.000000
/nfs/cathdata/dompdb/2atcB1 25.000000
/tmp/1nhkL0 90.000000
/data/pdb_release/all/pdb1ndk.ent 95.000000
/tmp/1nsqA0 95.000000
/tmp/1nskL0 90.000000
/nfs/cathdata/dompdb/1rbaA1 75.000000
/nfs/cathdata/dompdb/3rubL1 90.000000
/nfs/cathdata/dompdb/8rucA1 90.000000
/nfs/cathdata/dompdb/1rblA1 90.000000
/nfs/cathdata/dompdb/1ars01 72.500000
/nfs/cathdata/dompdb/7aatA1 72.500000
/nfs/cathdata/dompdb/2cstA1 77.500000
/nfs/cathdata/dompdb/1ordA3 72.500000
/nfs/cathdata/dompdb/2dkb01 95.000000
/nfs/cathdata/dompdb/1tplA1 90.000000
/tmp/1dcoA0 77.500000
/data/pdb_release/all/pdb1vig.ent 85.000000
/tmp/1xxaA0 77.500000
/nfs/cathdata/dompdb/1bgw04 90.000000
/nfs/cathdata/dompdb/1dar05 77.500000
/nfs/cathdata/dompdb/1mla01 80.000000
/nfs/cathdata/dompdb/1psdA3 80.000000
/nfs/cathdata/dompdb/1dloA2 77.500000
/nfs/cathdata/dompdb/1mml02 90.000000
/tmp/1gluA0 50.000000
/data/pdb_release/all/pdb1hra.ent 50.000000
/tmp/1hcqA0 70.000000
/nfs/cathdata/dompdb/1bgw01 82.500000
/data/pdb_release/all/pdb1nef.ent 75.000000
/tmp/1efnB0 75.000000
/nfs/cathdata/dompdb/1gky01 77.500000
/nfs/cathdata/dompdb/1yua01 52.500000
/data/pdb_release/all/pdb1vcc.ent 72.500000
/nfs/cathdata/dompdb/1svb02 70.000000
/nfs/cathdata/dompdb/1yua02 57.500000
/tmp/1otfA0 57.500000
/data/pdb_release/all/pdb1cbn.ent 45.000000
/data/pdb_release/all/pdb1bhp.ent 100.000000
/data/pdb_release/all/pdb2plh.ent 100.000000
/data/pdb_release/all/pdb1fdx.ent 25.000000
/data/pdb_release/all/pdb1clf.ent 32.500000
/data/pdb_release/all/pdb1fca.ent 52.500000
/data/pdb_release/all/pdb1fdn.ent 77.500000
/data/pdb_release/all/pdb1blu.ent 72.500000
/data/pdb_release/all/pdb1fxd.ent 77.500000
/data/pdb_release/all/pdb2fxb.ent 77.500000
/tmp/1fxrA0 82.500000
/data/pdb_release/all/pdb1rof.ent 25.000000
/data/pdb_release/all/pdb5fd1.ent 80.000000
/data/pdb_release/all/pdb1fwp.ent 75.000000
/data/pdb_release/all/pdb1sxl.ent 77.500000
/data/pdb_release/all/pdb1fht.ent 75.000000
/data/pdb_release/all/pdb1pba.ent 55.000000
/data/pdb_release/all/pdb1ris.ent 77.500000
/data/pdb_release/all/pdb1ctf.ent 90.000000
/tmp/1spbP0 77.500000
/data/pdb_release/all/pdb1ptf.ent 77.500000
/data/pdb_release/all/pdb1poh.ent 77.500000
/data/pdb_release/all/pdb2hpr.ent 77.500000
/data/pdb_release/all/pdb1pch.ent 77.500000
/data/pdb_release/all/pdb1sxm.ent 57.500000
/data/pdb_release/all/pdb2sn3.ent 57.500000
/data/pdb_release/all/pdb1vna.ent 77.500000
/data/pdb_release/all/pdb1nra.ent 77.500000
/data/pdb_release/all/pdb1ptx.ent 77.500000
/data/pdb_release/all/pdb1lqh.ent 77.500000
/data/pdb_release/all/pdb1snb.ent 77.500000
/data/pdb_release/all/pdb1gps.ent 82.500000
/data/pdb_release/all/pdb1gpt.ent 72.500000
/data/pdb_release/all/pdb1chc.ent 52.500000
/data/pdb_release/all/pdb1caa.ent 37.500000
/data/pdb_release/all/pdb1iro.ent 32.500000
/data/pdb_release/all/pdb1rdg.ent 32.500000
/data/pdb_release/all/pdb4rxn.ent 32.500000
/data/pdb_release/all/pdb6rxn.ent 32.500000
/tmp/8rxnA0 32.500000
/tmp/1gatA0 52.500000
/data/pdb_release/all/pdb1bus.ent 25.000000
/data/pdb_release/all/pdb2ovo.ent 52.500000
/data/pdb_release/all/pdb3ovo.ent 57.500000
/nfs/cathdata/dompdb/1tbrR1 52.500000
/nfs/cathdata/dompdb/1tbrR2 77.500000
/data/pdb_release/all/pdb1ptq.ent 52.500000
/nfs/cathdata/dompdb/9wgaA1 25.000000
/nfs/cathdata/dompdb/9wgaA2 25.000000
/nfs/cathdata/dompdb/9wgaA3 25.000000
/nfs/cathdata/dompdb/9wgaA4 25.000000
/nfs/cathdata/dompdb/2cwgA2 25.000000
/nfs/cathdata/dompdb/1wgtA3 25.000000
/tmp/1tgsI0 55.000000
/tmp/1cgiI0 55.000000
/data/pdb_release/all/pdb1pce.ent 55.000000
/data/pdb_release/all/pdb1hev.ent 25.000000
/data/pdb_release/all/pdb2alr.ent 77.500000
/data/pdb_release/all/pdb1frb.ent 77.500000
/nfs/cathdata/dompdb/1rlcL2 95.000000
/nfs/cathdata/dompdb/1rblA2 90.000000
/nfs/cathdata/dompdb/1rbaA2 77.500000
/nfs/cathdata/dompdb/1oneA2 90.000000
/nfs/cathdata/dompdb/1pdz02 95.000000
/tmp/1chrA0 90.000000
/tmp/1mucA0 85.000000
/data/pdb_release/all/pdb2mnr.ent 82.500000
/nfs/cathdata/dompdb/1mdr02 77.500000
/data/pdb_release/all/pdb1gox.ent 77.500000
/tmp/1fcbB0 85.000000
/nfs/cathdata/dompdb/2tmdA1 85.000000
/data/pdb_release/all/pdb1oya.ent 77.500000
/data/pdb_release/all/pdb1add.ent 85.000000
/data/pdb_release/all/pdb1pta.ent 85.000000
/data/pdb_release/all/pdb1xis.ent 85.000000
/tmp/1ximA0 85.000000
/tmp/1xlaA0 90.000000
/tmp/1dxiA0 85.000000
/data/pdb_release/all/pdb1dtp.ent 75.000000
/tmp/1dmaA0 80.000000
/nfs/cathdata/dompdb/1dik04 85.000000
/nfs/cathdata/dompdb/1kauC2 90.000000
/nfs/cathdata/dompdb/1aa8A2 72.500000
/tmp/1hymA0 25.000000
/tmp/1cseI0 50.000000
/tmp/1ypcI0 50.000000
/data/pdb_release/all/pdb1cis.ent 52.500000
/data/pdb_release/all/pdb1mit.ent 50.000000
/nfs/cathdata/dompdb/2baa02 25.000000
/data/pdb_release/all/pdb1ica.ent 25.000000
/data/pdb_release/all/pdb1cnv.ent 90.000000
/tmp/1xyzA0 85.000000
/data/pdb_release/all/pdb1exp.ent 95.000000
/tmp/1clxA0 85.000000
/data/pdb_release/all/pdb2ebn.ent 77.500000
/data/pdb_release/all/pdb1edt.ent 82.500000
/nfs/cathdata/dompdb/1ctn02 90.000000
/data/pdb_release/all/pdb1cec.ent 90.000000
/tmp/1ghsA0 90.000000
/data/pdb_release/all/pdb1ghr.ent 85.000000
/data/pdb_release/all/pdb1cbg.ent 85.000000
/nfs/cathdata/dompdb/1amg01 95.000000
/nfs/cathdata/dompdb/1amy01 85.000000
/nfs/cathdata/dompdb/2aaa01 90.000000
/nfs/cathdata/dompdb/2taaA1 80.000000
/nfs/cathdata/dompdb/1ppi01 80.000000
/data/pdb_release/all/pdb1hny.ent 80.000000
/nfs/cathdata/dompdb/1cgt01 80.000000
/nfs/cathdata/dompdb/1cdg01 80.000000
/nfs/cathdata/dompdb/1cyg01 80.000000
/nfs/cathdata/dompdb/1ciu01 90.000000
/nfs/cathdata/dompdb/1pamA1 80.000000
/data/pdb_release/all/pdb1btc.ent 95.000000
/nfs/cathdata/dompdb/1bglA3 90.000000
/tmp/1pbgA0 90.000000
/tmp/1tpfA0 95.000000
/tmp/1ypiA0 90.000000
/tmp/1timA0 95.000000
/tmp/1treA0 90.000000
/tmp/1htiA0 95.000000
/tmp/1btmA0 85.000000
/data/pdb_release/all/pdb1ads.ent 77.500000
/data/pdb_release/all/pdb1ral.ent 90.000000
/nfs/cathdata/dompdb/1csbB2 72.500000
/nfs/cathdata/dompdb/1bmc01 85.000000
/nfs/cathdata/dompdb/1ezm01 77.500000
/nfs/cathdata/dompdb/1esp01 77.500000
/nfs/cathdata/dompdb/2tmnE1 77.500000
/nfs/cathdata/dompdb/1dhy01 90.000000
/nfs/cathdata/dompdb/1han01 90.000000
/nfs/cathdata/dompdb/1dhy02 77.500000
/nfs/cathdata/dompdb/1han02 77.500000
/data/pdb_release/all/pdb1std.ent 72.500000
/data/pdb_release/all/pdb2cba.ent 75.000000
/data/pdb_release/all/pdb1crm.ent 72.500000
/tmp/1dmxA0 77.500000
/nfs/cathdata/dompdb/1bncA3 90.000000
/nfs/cathdata/dompdb/1daaA2 95.000000
/data/pdb_release/all/pdb1gym.ent 90.000000
/nfs/cathdata/dompdb/1ami04 82.500000
/tmp/1fvpA0 77.500000
/data/pdb_release/all/pdb1nfp.ent 85.000000
/tmp/1brlB0 90.000000
/tmp/1lucA0 90.000000
/data/pdb_release/all/pdb1tml.ent 90.000000
/nfs/cathdata/dompdb/1pii02 75.000000
/nfs/cathdata/dompdb/1pii01 75.000000
/data/pdb_release/all/pdb1igs.ent 75.000000
/tmp/1wsyA0 90.000000
/nfs/cathdata/dompdb/1pkm02 85.000000
/nfs/cathdata/dompdb/1pkyA2 95.000000
/tmp/1nal10 90.000000
/tmp/1fbaA0 85.000000
/data/pdb_release/all/pdb1ald.ent 85.000000
/data/pdb_release/all/pdb1nar.ent 95.000000
/data/pdb_release/all/pdb2hvm.ent 90.000000
/data/pdb_release/all/pdb1fkb.ent 77.500000
/data/pdb_release/all/pdb1yat.ent 77.500000
/data/pdb_release/all/pdb1pbk.ent 82.500000
/data/pdb_release/all/pdb1rot.ent 80.000000
/nfs/cathdata/dompdb/1hmy02 52.500000
/tmp/2msbA0 90.000000
/data/pdb_release/all/pdb1hup.ent 95.000000
/tmp/1rtm10 95.000000
/tmp/1rdl10 90.000000
/data/pdb_release/all/pdb1aak.ent 70.000000
/data/pdb_release/all/pdb2uce.ent 77.500000
/data/pdb_release/all/pdb1ucz.ent 72.500000
/tmp/1u9aA0 72.500000
/nfs/cathdata/dompdb/1fcbA1 75.000000
/data/pdb_release/all/pdb1b5m.ent 72.500000
/data/pdb_release/all/pdb1iet.ent 52.500000
/data/pdb_release/all/pdb1cyo.ent 77.500000
/tmp/1mkaA0 77.500000
/data/pdb_release/all/pdb1onc.ent 77.500000
/data/pdb_release/all/pdb7rsa.ent 77.500000
/tmp/1bsrA0 72.500000
/data/pdb_release/all/pdb1ang.ent 72.500000
/data/pdb_release/all/pdb1agi.ent 70.000000
/nfs/cathdata/dompdb/1hpm02 95.000000
/nfs/cathdata/dompdb/2polA3 82.500000
/nfs/cathdata/dompdb/2polA2 80.000000
/nfs/cathdata/dompdb/2polA1 82.500000
/nfs/cathdata/dompdb/9pap01 70.000000
/nfs/cathdata/dompdb/1aec01 77.500000
/nfs/cathdata/dompdb/1gecE1 72.500000
/nfs/cathdata/dompdb/1ppo01 72.500000
/nfs/cathdata/dompdb/1yal01 77.500000
/nfs/cathdata/dompdb/1theA1 70.000000
/data/pdb_release/all/pdb1pgb.ent 77.500000
/data/pdb_release/all/pdb2igg.ent 77.500000
/data/pdb_release/all/pdb3fxc.ent 72.500000
/tmp/1frrA0 72.500000
/tmp/1fxiA0 72.500000
/tmp/1fxaA0 77.500000
/data/pdb_release/all/pdb1frd.ent 72.500000
/data/pdb_release/all/pdb1dox.ent 52.500000
/data/pdb_release/all/pdb1cjn.ent 72.500000
/data/pdb_release/all/pdb1doi.ent 90.000000
/data/pdb_release/all/pdb1put.ent 75.000000
/nfs/cathdata/dompdb/2pia03 82.500000
/data/pdb_release/all/pdb1ubi.ent 72.500000
/nfs/cathdata/dompdb/1lgr02 72.500000
/data/pdb_release/all/pdb1tif.ent 82.500000
/data/pdb_release/all/pdb1rfa.ent 77.500000
/tmp/1molA0 77.500000
/tmp/1stfI0 70.000000
/data/pdb_release/all/pdb1cyu.ent 67.500000
/tmp/1cewI0 77.500000
/tmp/1udiI0 77.500000
/data/pdb_release/all/pdb1fus.ent 77.500000
/data/pdb_release/all/pdb9rnt.ent 72.500000
/data/pdb_release/all/pdb1rds.ent 77.500000
/tmp/1gmpA0 77.500000
/tmp/1brnL0 72.500000
/tmp/2rbiA0 72.500000
/nfs/cathdata/dompdb/1oacA2 67.500000
/nfs/cathdata/dompdb/1prtB1 70.000000
/nfs/cathdata/dompdb/1prtC1 75.000000
/nfs/cathdata/dompdb/1ctn03 77.500000
/nfs/cathdata/dompdb/1gtrA3 60.000000
/nfs/cathdata/dompdb/1grj02 72.500000
/data/pdb_release/all/pdb1tsp.ent 82.500000
/nfs/cathdata/dompdb/1dhx01 55.000000
/nfs/cathdata/dompdb/2psg01 67.500000
/nfs/cathdata/dompdb/1mpp01 72.500000
/nfs/cathdata/dompdb/1bbs01 75.000000
/nfs/cathdata/dompdb/4cms01 75.000000
/nfs/cathdata/dompdb/1smrA1 75.000000
/nfs/cathdata/dompdb/1epmE1 77.500000
/nfs/cathdata/dompdb/1pplE1 90.000000
/nfs/cathdata/dompdb/2apr01 72.500000
/nfs/cathdata/dompdb/1psoE1 80.000000
/nfs/cathdata/dompdb/1htrB1 77.500000
/nfs/cathdata/dompdb/1jxrA1 77.500000
/nfs/cathdata/dompdb/2asi01 90.000000
/nfs/cathdata/dompdb/1smeA1 72.500000
/nfs/cathdata/dompdb/1epmE2 77.500000
/nfs/cathdata/dompdb/1pplE2 82.500000
/nfs/cathdata/dompdb/1mpp02 77.500000
/nfs/cathdata/dompdb/2asi02 72.500000
/nfs/cathdata/dompdb/2apr02 72.500000
/nfs/cathdata/dompdb/1psaA2 82.500000
/nfs/cathdata/dompdb/1lyaB2 72.500000
/nfs/cathdata/dompdb/1rne02 77.500000
/nfs/cathdata/dompdb/1cms02 82.500000
/nfs/cathdata/dompdb/1smrA2 77.500000
/nfs/cathdata/dompdb/1psoE2 82.500000
/nfs/cathdata/dompdb/1htrB2 77.500000
/nfs/cathdata/dompdb/1jxrA2 72.500000
/data/pdb_release/all/pdb2cas.ent 95.000000
/nfs/cathdata/dompdb/1rthA1 77.500000
/data/pdb_release/all/pdb1har.ent 75.000000
/nfs/cathdata/dompdb/1mml01 72.500000
/data/pdb_release/all/pdb1pgx.ent 77.500000
/data/pdb_release/all/pdb4fgf.ent 60.000000
/tmp/1afgA0 60.000000
/data/pdb_release/all/pdb1i1b.ent 60.000000
/data/pdb_release/all/pdb8i1b.ent 60.000000
/tmp/1ilr10 65.000000
/data/pdb_release/all/pdb1hcd.ent 60.000000
/data/pdb_release/all/pdb1tie.ent 60.000000
/data/pdb_release/all/pdb1wbc.ent 77.500000
/nfs/cathdata/dompdb/2aaiB2 65.000000
/nfs/cathdata/dompdb/1abrB2 60.000000
/nfs/cathdata/dompdb/2aaiB1 65.000000
/nfs/cathdata/dompdb/1abrB1 60.000000
/tmp/1msaA0 60.000000
/nfs/cathdata/dompdb/1dlc03 77.500000
/tmp/1vmoA0 60.000000
/data/pdb_release/all/pdb1hxn.ent 82.500000
/nfs/cathdata/dompdb/1fbl02 77.500000
/data/pdb_release/all/pdb1rtg.ent 72.500000
/data/pdb_release/all/pdb1pex.ent 77.500000
/data/pdb_release/all/pdb2nn9.ent 72.500000
/data/pdb_release/all/pdb2bat.ent 77.500000
/tmp/1nscA0 65.000000
/data/pdb_release/all/pdb1inv.ent 65.000000
/data/pdb_release/all/pdb1sim.ent 72.500000
/tmp/2bbkH0 72.500000
/tmp/1mdaH0 72.500000
/tmp/2madH0 0.000000
/nfs/cathdata/dompdb/1gof02 72.500000
/tmp/3aahA0 95.000000
/nfs/cathdata/dompdb/1kapP1 77.500000
/nfs/cathdata/dompdb/1sat01 77.500000
/nfs/cathdata/dompdb/1lxa01 60.000000
/data/pdb_release/all/pdb2pec.ent 75.000000
/nfs/cathdata/dompdb/2taaA2 60.000000
/nfs/cathdata/dompdb/1ppi02 60.000000
/nfs/cathdata/dompdb/1bvp12 60.000000
/data/pdb_release/all/pdb1bcx.ent 77.500000
/tmp/1enxA0 72.500000
/data/pdb_release/all/pdb1xnd.ent 72.500000
/data/pdb_release/all/pdb1xyn.ent 77.500000
/data/pdb_release/all/pdb1yna.ent 77.500000
/tmp/2pcdA0 90.000000
/tmp/2pcdM0 77.500000
/nfs/cathdata/dompdb/1dlc02 60.000000
/nfs/cathdata/dompdb/1ciy03 60.000000
/nfs/cathdata/dompdb/1ddt03 60.000000
/tmp/1gff10 77.500000
/tmp/2bpa10 77.500000
/data/pdb_release/all/pdb1jbc.ent 60.000000
/data/pdb_release/all/pdb2cna.ent 72.500000
/nfs/cathdata/dompdb/1dhx04 90.000000
/tmp/4htcI0 32.500000
/data/pdb_release/all/pdb1hic.ent 40.000000
/nfs/cathdata/dompdb/1ecl03 77.500000
/data/pdb_release/all/pdb1htp.ent 90.000000
/tmp/1dupA0 72.500000
/nfs/cathdata/dompdb/1ggtA1 72.500000
/tmp/1tsrA0 72.500000
/data/pdb_release/all/pdb1gpr.ent 77.500000
/data/pdb_release/all/pdb1f3g.ent 77.500000
/nfs/cathdata/dompdb/1aozA3 77.500000
/nfs/cathdata/dompdb/1oacA3 80.000000
/nfs/cathdata/dompdb/1bglA5 95.000000
/nfs/cathdata/dompdb/1bglA1 72.500000
/tmp/1celA0 95.000000
/tmp/1afcA0 60.000000
/tmp/2plv20 77.500000
/tmp/1rhi20 72.500000
/data/pdb_release/all/pdb1pov.ent 77.500000
/tmp/1bmv10 77.500000
/tmp/4sbvA0 95.000000
/tmp/1smvA0 95.000000
/tmp/2tbvA0 72.500000
/tmp/2bbvA0 72.500000
/tmp/1bmv20 95.000000
/tmp/1tnfA0 60.000000
/tmp/1tnrA0 65.000000
/tmp/1hlcA0 60.000000
/tmp/1sltA0 65.000000
/tmp/2ltnA0 60.000000
/tmp/1lenA0 65.000000
/tmp/1lgcA0 65.000000
/data/pdb_release/all/pdb1lte.ent 72.500000
/data/pdb_release/all/pdb1sba.ent 65.000000
/data/pdb_release/all/pdb1gsl.ent 72.500000
/tmp/2pelA0 72.500000
/tmp/1fatA0 72.500000
/tmp/1ioaA0 77.500000
/tmp/1sacA0 72.500000
/tmp/1gnhA0 72.500000
/data/pdb_release/all/pdb2ayh.ent 67.500000
/data/pdb_release/all/pdb1cpm.ent 77.500000
/data/pdb_release/all/pdb1gbg.ent 67.500000
/nfs/cathdata/dompdb/1cgt02 60.000000
/nfs/cathdata/dompdb/1cdg02 60.000000
/nfs/cathdata/dompdb/1cyg02 60.000000
/nfs/cathdata/dompdb/1ciu02 65.000000
/nfs/cathdata/dompdb/1pamA2 60.000000
/nfs/cathdata/dompdb/2aaa02 65.000000
/nfs/cathdata/dompdb/1pnf02 60.000000
/data/pdb_release/all/pdb1knb.ent 60.000000
/tmp/1sluA0 60.000000
/nfs/cathdata/dompdb/1lla02 90.000000
/nfs/cathdata/dompdb/1svb01 60.000000
/data/pdb_release/all/pdb1cyw.ent 95.000000
/nfs/cathdata/dompdb/1hcz01 77.500000
/data/pdb_release/all/pdb1thw.ent 77.500000
/tmp/1cauB0 90.000000
/nfs/cathdata/dompdb/2phlA3 65.000000
/nfs/cathdata/dompdb/2phlA2 72.500000
/data/pdb_release/all/pdb2stv.ent 100.000000
/tmp/1bbt10 72.500000
/tmp/1pov10 72.500000
/tmp/1pvc10 72.500000
/tmp/1r0910 72.500000
/tmp/1rhi10 75.000000
/tmp/1tme10 72.500000
/tmp/2mev10 72.500000
/tmp/2bpa20 60.000000
/tmp/1gff20 60.000000
/tmp/1bbt30 72.500000
/tmp/1tme30 75.000000
/tmp/2mev30 75.000000
/tmp/1r0930 72.500000
/tmp/1pov30 75.000000
/tmp/1pvc30 75.000000
/tmp/1rhi30 72.500000
/tmp/1bbt20 67.500000
/tmp/1tme20 77.500000
/tmp/2mev20 72.500000
/tmp/1r0920 67.500000
/tmp/1pvc20 77.500000
/data/pdb_release/all/pdb1arn.ent 80.000000
/tmp/1aizA0 67.500000
/data/pdb_release/all/pdb1aaj.ent 65.000000
/nfs/cathdata/dompdb/1aozA1 60.000000
/nfs/cathdata/dompdb/1aozA2 75.000000
/nfs/cathdata/dompdb/1gof03 60.000000
/nfs/cathdata/dompdb/1nif01 67.500000
/nfs/cathdata/dompdb/1afnA1 72.500000
/nfs/cathdata/dompdb/1nif02 75.000000
/nfs/cathdata/dompdb/1ntd02 75.000000
/tmp/1eta10 77.500000
/tmp/1tfpA0 55.000000
/tmp/1sxaA0 72.500000
/tmp/1srdA0 55.000000
/data/pdb_release/all/pdb1jcv.ent 72.500000
/tmp/1sosA0 72.500000
/tmp/1xsoA0 72.500000
/data/pdb_release/all/pdb1akp.ent 55.000000
/data/pdb_release/all/pdb1acx.ent 60.000000
/data/pdb_release/all/pdb1noa.ent 60.000000
/data/pdb_release/all/pdb2mcm.ent 60.000000
/nfs/cathdata/dompdb/1clc01 60.000000
/nfs/cathdata/dompdb/1ctn01 70.000000
/data/pdb_release/all/pdb1exg.ent 60.000000
/nfs/cathdata/dompdb/1bglA4 60.000000
/nfs/cathdata/dompdb/1bglA2 60.000000
/nfs/cathdata/dompdb/1svcP3 60.000000
/nfs/cathdata/dompdb/1svb04 60.000000
/nfs/cathdata/dompdb/1gof01 60.000000
/nfs/cathdata/dompdb/2sblB1 60.000000
/nfs/cathdata/dompdb/1hplA2 65.000000
/nfs/cathdata/dompdb/1lpbB2 65.000000
/nfs/cathdata/dompdb/1pgs01 60.000000
/data/pdb_release/all/pdb1ten.ent 65.000000
/nfs/cathdata/dompdb/1fnf01 60.000000
/nfs/cathdata/dompdb/1fnf02 60.000000
/nfs/cathdata/dompdb/1fnf03 60.000000
/nfs/cathdata/dompdb/1cfb01 60.000000
/nfs/cathdata/dompdb/1cfb02 60.000000
/tmp/1wapA0 65.000000
/data/pdb_release/all/pdb1ncg.ent 60.000000
/data/pdb_release/all/pdb1suh.ent 60.000000
/nfs/cathdata/dompdb/1ggtA4 60.000000
/nfs/cathdata/dompdb/1cgt04 55.000000
/nfs/cathdata/dompdb/1cdg04 60.000000
/nfs/cathdata/dompdb/1cyg04 55.000000
/data/pdb_release/all/pdb1kul.ent 60.000000
/nfs/cathdata/dompdb/1ciu04 60.000000
/nfs/cathdata/dompdb/1pamA4 60.000000
/nfs/cathdata/dompdb/1cgt03 60.000000
/nfs/cathdata/dompdb/1cdg03 60.000000
/nfs/cathdata/dompdb/1cyg03 65.000000
/nfs/cathdata/dompdb/1ciu03 65.000000
/nfs/cathdata/dompdb/1pamA3 60.000000
/data/pdb_release/all/pdb1rsy.ent 77.500000
/data/pdb_release/all/pdb1plc.ent 72.500000
/data/pdb_release/all/pdb9pcy.ent 60.000000
/data/pdb_release/all/pdb2plt.ent 75.000000
/data/pdb_release/all/pdb7pcy.ent 72.500000
/data/pdb_release/all/pdb1pla.ent 60.000000
/data/pdb_release/all/pdb1nin.ent 60.000000
/data/pdb_release/all/pdb1paz.ent 70.000000
/data/pdb_release/all/pdb1pmy.ent 75.000000
/data/pdb_release/all/pdb1zia.ent 70.000000
/tmp/1adwA0 70.000000
/tmp/1vlxA0 77.500000
/nfs/cathdata/dompdb/1vgeH1 60.000000
/nfs/cathdata/dompdb/1yuhB1 60.000000
/nfs/cathdata/dompdb/1clyH1 55.000000
/nfs/cathdata/dompdb/1kelH1 60.000000
/nfs/cathdata/dompdb/1nldH1 77.500000
/nfs/cathdata/dompdb/1ghfH1 60.000000
/nfs/cathdata/dompdb/1ospH1 60.000000
/nfs/cathdata/dompdb/1mimH1 60.000000
/nfs/cathdata/dompdb/1cloH1 60.000000
/nfs/cathdata/dompdb/1plgL1 60.000000
/nfs/cathdata/dompdb/1ghfL1 60.000000
/nfs/cathdata/dompdb/1clzL1 60.000000
/nfs/cathdata/dompdb/1kelL1 60.000000
/nfs/cathdata/dompdb/1gafL1 55.000000
/nfs/cathdata/dompdb/1iaiL1 55.000000
/nfs/cathdata/dompdb/1aifA1 50.000000
/nfs/cathdata/dompdb/1vgeL1 60.000000
/nfs/cathdata/dompdb/1nldL1 65.000000
/nfs/cathdata/dompdb/1ospL1 60.000000
/nfs/cathdata/dompdb/1mimL1 60.000000
/nfs/cathdata/dompdb/1lilA1 60.000000
/nfs/cathdata/dompdb/1cloL1 60.000000
/nfs/cathdata/dompdb/1bec01 60.000000
/nfs/cathdata/dompdb/1tcrB1 60.000000
/data/pdb_release/all/pdb1tit.ent 60.000000
/data/pdb_release/all/pdb1cid.ent 60.000000
/data/pdb_release/all/pdb3cd4.ent 60.000000
/data/pdb_release/all/pdb1hoe.ent 60.000000
/nfs/cathdata/dompdb/3hhrB1 50.000000
/nfs/cathdata/dompdb/3hhrB2 50.000000
/nfs/cathdata/dompdb/1fieA3 72.500000
/nfs/cathdata/dompdb/1hft01 67.500000
/data/pdb_release/all/pdb1ttf.ent 60.000000
/nfs/cathdata/dompdb/1hilA1 60.000000
/nfs/cathdata/dompdb/1ggbL1 60.000000
/nfs/cathdata/dompdb/1gigL1 60.000000
/nfs/cathdata/dompdb/1mfeL1 60.000000
/nfs/cathdata/dompdb/1igfL1 60.000000
/nfs/cathdata/dompdb/1lmkA2 60.000000
/nfs/cathdata/dompdb/1mcbA1 55.000000
/nfs/cathdata/dompdb/1mlbA1 60.000000
/nfs/cathdata/dompdb/3hfmL1 60.000000
/nfs/cathdata/dompdb/1opgL1 55.000000
/nfs/cathdata/dompdb/1ncaL1 55.000000
/nfs/cathdata/dompdb/1tetL1 60.000000
/nfs/cathdata/dompdb/2fb4L1 60.000000
/nfs/cathdata/dompdb/2fbjL1 60.000000
/nfs/cathdata/dompdb/6fabL1 60.000000
/nfs/cathdata/dompdb/7fabL1 60.000000
/nfs/cathdata/dompdb/8fabA1 55.000000
/nfs/cathdata/dompdb/1eapA1 60.000000
/nfs/cathdata/dompdb/1figL1 60.000000
/nfs/cathdata/dompdb/1forL1 65.000000
/nfs/cathdata/dompdb/1ibgL1 60.000000
/nfs/cathdata/dompdb/1igcL1 60.000000
/nfs/cathdata/dompdb/1jelL1 60.000000
/nfs/cathdata/dompdb/1nsnL1 65.000000
/nfs/cathdata/dompdb/2gfbA1 60.000000
/tmp/1dvfC0 60.000000
/tmp/1dvfD0 65.000000
/data/pdb_release/all/pdb1vhp.ent 60.000000
/nfs/cathdata/dompdb/1gafH1 60.000000
/nfs/cathdata/dompdb/1iaiH1 60.000000
/nfs/cathdata/dompdb/1aifB1 60.000000
/nfs/cathdata/dompdb/1ngpH1 60.000000
/nfs/cathdata/dompdb/1plgH1 65.000000
/nfs/cathdata/dompdb/1mlbB1 60.000000
/nfs/cathdata/dompdb/2cgrH1 60.000000
/nfs/cathdata/dompdb/1eapB1 60.000000
/nfs/cathdata/dompdb/1faiH1 72.500000
/nfs/cathdata/dompdb/1fbiH1 60.000000
/nfs/cathdata/dompdb/1figH1 60.000000
/nfs/cathdata/dompdb/1forH1 60.000000
/nfs/cathdata/dompdb/1fptH1 60.000000
/nfs/cathdata/dompdb/1frgH1 65.000000
/nfs/cathdata/dompdb/1gigH1 60.000000
/nfs/cathdata/dompdb/1ibgH1 60.000000
/nfs/cathdata/dompdb/1igcH1 60.000000
/nfs/cathdata/dompdb/1igjB1 60.000000
/nfs/cathdata/dompdb/1ikfH1 60.000000
/nfs/cathdata/dompdb/1jelH1 60.000000
/nfs/cathdata/dompdb/1mrcH1 60.000000
/nfs/cathdata/dompdb/1nsnH1 60.000000
/nfs/cathdata/dompdb/1opgH1 60.000000
/nfs/cathdata/dompdb/1rmfH1 60.000000
/nfs/cathdata/dompdb/2fgwH1 60.000000
/nfs/cathdata/dompdb/2gfbB1 65.000000
/nfs/cathdata/dompdb/6fabH1 60.000000
/nfs/cathdata/dompdb/1acyL1 60.000000
/nfs/cathdata/dompdb/1bafL1 60.000000
/nfs/cathdata/dompdb/1bbdL1 60.000000
/nfs/cathdata/dompdb/1bqlL1 60.000000
/nfs/cathdata/dompdb/2cgrL1 60.000000
/nfs/cathdata/dompdb/1dbbL1 60.000000
/nfs/cathdata/dompdb/1dfbL1 60.000000
/nfs/cathdata/dompdb/1faiL1 60.000000
/nfs/cathdata/dompdb/1mamL1 60.000000
/nfs/cathdata/dompdb/1ikfL1 60.000000
/nfs/cathdata/dompdb/1frgL1 60.000000
/tmp/1wtlA0 60.000000
/tmp/1breA0 60.000000
/tmp/1fvcB0 60.000000
/tmp/1jhlH0 65.000000
/tmp/1vfaB0 60.000000
/tmp/1igmH0 60.000000
/tmp/1mfaL0 0.000000
/tmp/1fgvH0 60.000000
/tmp/1nmaH0 60.000000
/tmp/2bjl10 60.000000
/nfs/cathdata/dompdb/8fabB1 60.000000
/nfs/cathdata/dompdb/2fb4H1 60.000000
/nfs/cathdata/dompdb/1acyH1 60.000000
/nfs/cathdata/dompdb/1bbdH1 60.000000
/nfs/cathdata/dompdb/2hflH1 60.000000
/nfs/cathdata/dompdb/2fbjH1 60.000000
/nfs/cathdata/dompdb/1hilB1 60.000000
/nfs/cathdata/dompdb/1nbvH1 60.000000
/nfs/cathdata/dompdb/7fabH1 60.000000
/nfs/cathdata/dompdb/1indH1 60.000000
/nfs/cathdata/dompdb/1tetH1 65.000000
/nfs/cathdata/dompdb/1mamH1 60.000000
/nfs/cathdata/dompdb/1ncaH1 65.000000
/nfs/cathdata/dompdb/1dbbH1 60.000000
/nfs/cathdata/dompdb/1dfbH1 60.000000
/nfs/cathdata/dompdb/1flrH1 60.000000
/nfs/cathdata/dompdb/1ggbH1 60.000000
/nfs/cathdata/dompdb/1igfH1 60.000000
/nfs/cathdata/dompdb/1bafH1 65.000000
/nfs/cathdata/dompdb/3hfmH1 65.000000
/nfs/cathdata/dompdb/1mcpH1 60.000000
/nfs/cathdata/dompdb/1lmkA1 65.000000
/nfs/cathdata/dompdb/1mfbH1 60.000000
/nfs/cathdata/dompdb/1fc2D2 72.500000
/nfs/cathdata/dompdb/1gigL2 72.500000
/nfs/cathdata/dompdb/1kelL2 75.000000
/nfs/cathdata/dompdb/1gafL2 72.500000
/nfs/cathdata/dompdb/2fb4L2 72.500000
/nfs/cathdata/dompdb/1yuhB2 37.500000
/nfs/cathdata/dompdb/1clzH2 65.000000
/nfs/cathdata/dompdb/1fc2D1 72.500000
/nfs/cathdata/dompdb/1fruA2 55.000000
/tmp/1hsbB0 60.000000
/tmp/1mhcB0 50.000000
/tmp/1fruB0 50.000000
/data/pdb_release/all/pdb1bmg.ent 60.000000
/nfs/cathdata/dompdb/1dlhA2 50.000000
/nfs/cathdata/dompdb/1sebB2 55.000000
/nfs/cathdata/dompdb/1bec02 77.500000
/nfs/cathdata/dompdb/1vcaA2 65.000000
/data/pdb_release/all/pdb1tnm.ent 60.000000
/nfs/cathdata/dompdb/1vcaA1 65.000000
/data/pdb_release/all/pdb1tlk.ent 60.000000
/nfs/cathdata/dompdb/1hft02 82.500000
/data/pdb_release/all/pdb1cd8.ent 60.000000
/nfs/cathdata/dompdb/1igjA1 60.000000
/tmp/1nmbL0 60.000000
/data/pdb_release/all/pdb2rhe.ent 55.000000
/tmp/1fgvL0 60.000000
/data/pdb_release/all/pdb2imn.ent 60.000000
/tmp/1reiA0 60.000000
/tmp/1fvcA0 60.000000
/tmp/1igmL0 60.000000
/tmp/1jhlL0 60.000000
/tmp/1ivlA0 60.000000
/tmp/1vfaA0 60.000000
/data/pdb_release/all/pdb1pho.ent 67.500000
/data/pdb_release/all/pdb1omf.ent 75.000000
/data/pdb_release/all/pdb3bcl.ent 77.500000
/nfs/cathdata/dompdb/1amm01 60.000000
/nfs/cathdata/dompdb/1amm02 77.500000
/nfs/cathdata/dompdb/2bb202 60.000000
/nfs/cathdata/dompdb/2gcr01 60.000000
/nfs/cathdata/dompdb/2gcr02 60.000000
/nfs/cathdata/dompdb/1elpA1 60.000000
/nfs/cathdata/dompdb/1elpA2 72.500000
/nfs/cathdata/dompdb/2bb201 65.000000
/nfs/cathdata/dompdb/1prr01 72.500000
/nfs/cathdata/dompdb/1prr02 77.500000
/tmp/1mdaL0 57.500000
/tmp/2bbkL0 60.000000
/data/pdb_release/all/pdb1cdb.ent 52.500000
/nfs/cathdata/dompdb/1hngA1 60.000000
/tmp/1cdcA0 60.000000
/nfs/cathdata/dompdb/1hnf02 60.000000
/nfs/cathdata/dompdb/1hngA2 60.000000
/tmp/1mfaH0 0.000000
/nfs/cathdata/dompdb/2fbjH2 60.000000
/nfs/cathdata/dompdb/1mcpH2 60.000000
/nfs/cathdata/dompdb/1hocA2 50.000000
/nfs/cathdata/dompdb/1hsaA2 55.000000
/nfs/cathdata/dompdb/1vaaA2 50.000000
/nfs/cathdata/dompdb/1hsbA2 55.000000
/nfs/cathdata/dompdb/1mhcA2 55.000000
/nfs/cathdata/dompdb/8fabB2 77.500000
/nfs/cathdata/dompdb/1kelH2 60.000000
/nfs/cathdata/dompdb/1bbdH2 72.500000
/nfs/cathdata/dompdb/1ospH2 65.000000
/nfs/cathdata/dompdb/1eapB2 65.000000
/tmp/1lopA0 77.500000
/data/pdb_release/all/pdb2cpl.ent 77.500000
/tmp/1cynA0 77.500000
/tmp/2rmcA0 75.000000
/nfs/cathdata/dompdb/1bucA2 55.000000
/nfs/cathdata/dompdb/3mddA2 72.500000
/nfs/cathdata/dompdb/1kxf02 60.000000
/nfs/cathdata/dompdb/1vcpA2 65.000000
/tmp/1smpI0 77.500000
/nfs/cathdata/dompdb/1svcP1 60.000000
/tmp/1sriA0 60.000000
/tmp/1avdA0 60.000000
/data/pdb_release/all/pdb1hbq.ent 60.000000
/data/pdb_release/all/pdb1rbp.ent 60.000000
/tmp/1epaA0 72.500000
/tmp/1bbpA0 70.000000
/data/pdb_release/all/pdb1mup.ent 77.500000
/data/pdb_release/all/pdb1ifc.ent 85.000000
/data/pdb_release/all/pdb1hmr.ent 95.000000
/tmp/1opaA0 90.000000
/data/pdb_release/all/pdb1adl.ent 95.000000
/data/pdb_release/all/pdb1crb.ent 95.000000
/tmp/1cbiA0 90.000000
/tmp/1ftpA0 85.000000
/data/pdb_release/all/pdb1cbs.ent 85.000000
/tmp/1pmpA0 95.000000
/data/pdb_release/all/pdb1mdc.ent 85.000000
/nfs/cathdata/dompdb/7catA1 90.000000
/data/pdb_release/all/pdb1cae.ent 90.000000
/nfs/cathdata/dompdb/1dar02 65.000000
/nfs/cathdata/dompdb/1gtrA4 60.000000
/data/pdb_release/all/pdb1prn.ent 72.500000
/data/pdb_release/all/pdb2por.ent 77.500000
/nfs/cathdata/dompdb/1ppfE1 60.000000
/nfs/cathdata/dompdb/1svpA1 60.000000
/nfs/cathdata/dompdb/1vcpA1 72.500000
/nfs/cathdata/dompdb/1sgt02 65.000000
/nfs/cathdata/dompdb/1hylA1 60.000000
/nfs/cathdata/dompdb/1try02 60.000000
/nfs/cathdata/dompdb/1sgpE1 72.500000
/nfs/cathdata/dompdb/1hpgA1 77.500000
/nfs/cathdata/dompdb/2sga01 77.500000
/nfs/cathdata/dompdb/2alp01 60.000000
/nfs/cathdata/dompdb/1tal01 60.000000
/nfs/cathdata/dompdb/2sfa01 77.500000
/nfs/cathdata/dompdb/1arb02 77.500000
/nfs/cathdata/dompdb/1hylA2 72.500000
/nfs/cathdata/dompdb/1sgpE2 60.000000
/nfs/cathdata/dompdb/1gbaA2 57.500000
/nfs/cathdata/dompdb/1hpgA2 60.000000
/nfs/cathdata/dompdb/2sga02 60.000000
/nfs/cathdata/dompdb/1tal02 55.000000
/nfs/cathdata/dompdb/2sfa02 60.000000
/nfs/cathdata/dompdb/1arb01 60.000000
/nfs/cathdata/dompdb/1cnd01 77.500000
/nfs/cathdata/dompdb/1ndh01 72.500000
/nfs/cathdata/dompdb/2pia01 77.500000
/nfs/cathdata/dompdb/1fnb01 72.500000
/nfs/cathdata/dompdb/1que01 77.500000
/nfs/cathdata/dompdb/1pkm03 77.500000
/nfs/cathdata/dompdb/1pkn03 60.000000
/nfs/cathdata/dompdb/1pkyA3 77.500000
/nfs/cathdata/dompdb/1pkyC3 52.500000
/nfs/cathdata/dompdb/1eft02 60.000000
/nfs/cathdata/dompdb/1efuA2 60.000000
/data/pdb_release/all/pdb1clh.ent 82.500000
/tmp/1tcwA0 60.000000
/tmp/1cpiA0 60.000000
/tmp/2rspA0 60.000000
/nfs/cathdata/dompdb/1pnkB3 60.000000
/nfs/cathdata/dompdb/1eft03 60.000000
/nfs/cathdata/dompdb/1efuA3 60.000000
/tmp/1ucyE0 60.000000
/tmp/1aksB0 55.000000
/tmp/2pkaB0 72.500000
/nfs/cathdata/dompdb/1hcgA1 77.500000
/nfs/cathdata/dompdb/1thsH1 72.500000
/nfs/cathdata/dompdb/1brbE1 72.500000
/nfs/cathdata/dompdb/4ptp01 72.500000
/nfs/cathdata/dompdb/1mctA1 67.500000
/nfs/cathdata/dompdb/1etrH1 67.500000
/nfs/cathdata/dompdb/1bit01 72.500000
/nfs/cathdata/dompdb/1trnA1 77.500000
/nfs/cathdata/dompdb/1try01 72.500000
/nfs/cathdata/dompdb/5chaA1 77.500000
/nfs/cathdata/dompdb/1sgt01 77.500000
/nfs/cathdata/dompdb/1lmwB1 77.500000
/nfs/cathdata/dompdb/1elg01 72.500000
/nfs/cathdata/dompdb/1elt01 72.500000
/nfs/cathdata/dompdb/1ton01 60.000000
/tmp/1mtnC0 60.000000
/nfs/cathdata/dompdb/1tbs01 72.500000
/nfs/cathdata/dompdb/1pfxC1 72.500000
/nfs/cathdata/dompdb/1fonA1 67.500000
/nfs/cathdata/dompdb/1pytD1 72.500000
/nfs/cathdata/dompdb/1rtfB1 60.000000
/nfs/cathdata/dompdb/1fujA1 60.000000
/nfs/cathdata/dompdb/1dst01 72.500000
/nfs/cathdata/dompdb/3rp2A1 60.000000
/tmp/1ceaA0 32.500000
/tmp/1pmlA0 52.500000
/data/pdb_release/all/pdb1kdu.ent 52.500000
/data/pdb_release/all/pdb1krn.ent 32.500000
/data/pdb_release/all/pdb1bw3.ent 90.000000
/tmp/1ihvA0 60.000000
/nfs/cathdata/dompdb/1hcz02 40.000000
/data/pdb_release/all/pdb1lab.ent 35.000000
/data/pdb_release/all/pdb1bdo.ent 65.000000
/data/pdb_release/all/pdb1afp.ent 37.500000
/tmp/1bovA0 77.500000
/data/pdb_release/all/pdb1mjc.ent 60.000000
/data/pdb_release/all/pdb1csp.ent 60.000000
/data/pdb_release/all/pdb1krs.ent 77.500000
/nfs/cathdata/dompdb/1lylA1 82.500000
/nfs/cathdata/dompdb/1asyA1 77.500000
/data/pdb_release/all/pdb1bgh.ent 60.000000
/data/pdb_release/all/pdb1rip.ent 0.000000
/tmp/1prtD0 77.500000
/tmp/1prtF0 77.500000
/nfs/cathdata/dompdb/1tssA2 60.000000
/nfs/cathdata/dompdb/1prtB2 77.500000
/nfs/cathdata/dompdb/1prtC2 82.500000
/tmp/1ltsD0 77.500000
/tmp/1chbD0 72.500000
/data/pdb_release/all/pdb2sns.ent 77.500000
/nfs/cathdata/dompdb/1bco02 60.000000
/nfs/cathdata/dompdb/1esfA1 72.500000
/nfs/cathdata/dompdb/1sebD1 82.500000
/nfs/cathdata/dompdb/1se201 77.500000
/tmp/1fivA0 60.000000
/tmp/1idaA0 60.000000
/tmp/1hivA0 60.000000
/data/pdb_release/all/pdb1dro.ent 72.500000
/nfs/cathdata/dompdb/1hleA1 90.000000
/nfs/cathdata/dompdb/1ovaA1 95.000000
/nfs/cathdata/dompdb/1kauC1 60.000000
/nfs/cathdata/dompdb/2kauC1 60.000000
/tmp/1ucyH0 60.000000
/nfs/cathdata/dompdb/3rp2A2 65.000000
/nfs/cathdata/dompdb/1ihsH2 60.000000
/nfs/cathdata/dompdb/1gctA2 60.000000
/nfs/cathdata/dompdb/1elg02 60.000000
/nfs/cathdata/dompdb/1brbE2 60.000000
/nfs/cathdata/dompdb/4ptp02 55.000000
/nfs/cathdata/dompdb/1elt02 77.500000
/nfs/cathdata/dompdb/1hneE2 60.000000
/nfs/cathdata/dompdb/1mctA2 60.000000
/nfs/cathdata/dompdb/1etrH2 60.000000
/nfs/cathdata/dompdb/1bit02 65.000000
/nfs/cathdata/dompdb/1trnA2 60.000000
/nfs/cathdata/dompdb/1ton02 60.000000
/tmp/2pkaA0 60.000000
/tmp/1mtnB0 60.000000
/tmp/1aksA0 65.000000
/nfs/cathdata/dompdb/1tbs02 60.000000
/nfs/cathdata/dompdb/1pfxC2 65.000000
/nfs/cathdata/dompdb/1fonA2 60.000000
/nfs/cathdata/dompdb/1pytD2 65.000000
/nfs/cathdata/dompdb/1fujA2 65.000000
/nfs/cathdata/dompdb/1rtfB2 60.000000
/nfs/cathdata/dompdb/1dst02 72.500000
/nfs/cathdata/dompdb/1hcgA2 60.000000
/nfs/cathdata/dompdb/1lmwB2 60.000000
/data/pdb_release/all/pdb1pk4.ent 32.500000
/data/pdb_release/all/pdb2pf1.ent 65.000000
/data/pdb_release/all/pdb1ahl.ent 32.500000
/data/pdb_release/all/pdb1atx.ent 60.000000
/data/pdb_release/all/pdb1sh1.ent 60.000000
/data/pdb_release/all/pdb1apf.ent 32.500000
/nfs/cathdata/dompdb/1dar03 35.000000
/nfs/cathdata/dompdb/1elo03 25.000000
/data/pdb_release/all/pdb1tfi.ent 40.000000
/tmp/4sgbI0 35.000000
/data/pdb_release/all/pdb1tih.ent 37.500000
/nfs/cathdata/dompdb/1raaB2 57.500000
/nfs/cathdata/dompdb/2atcB2 0.000000
/nfs/cathdata/dompdb/1ytfD2 35.000000
/tmp/1ytfC0 35.000000
/data/pdb_release/all/pdb1sso.ent 52.500000
/data/pdb_release/all/pdb1sap.ent 60.000000
/data/pdb_release/all/pdb1hsp.ent 0.000000
/data/pdb_release/all/pdb1gfc.ent 32.500000
/tmp/1aboA0 55.000000
/tmp/1cskA0 50.000000
/tmp/1ckaA0 50.000000
/tmp/1gbrA0 55.000000
/data/pdb_release/all/pdb1shg.ent 55.000000
/tmp/1shfA0 55.000000
/tmp/1nloC0 37.500000
/data/pdb_release/all/pdb1pnj.ent 60.000000
/tmp/1semA0 55.000000
/nfs/cathdata/dompdb/1lckA1 55.000000
/data/pdb_release/all/pdb1tud.ent 60.000000
/data/pdb_release/all/pdb1tuc.ent 60.000000
/nfs/cathdata/dompdb/1ad5A1 55.000000
/data/pdb_release/all/pdb1pls.ent 60.000000
/tmp/1dynA0 60.000000
/data/pdb_release/all/pdb1btn.ent 82.500000
/tmp/1tgxA0 60.000000
/data/pdb_release/all/pdb1nea.ent 65.000000
/data/pdb_release/all/pdb1nor.ent 65.000000
/data/pdb_release/all/pdb1ntx.ent 60.000000
/data/pdb_release/all/pdb1fas.ent 60.000000
/tmp/1cdtA0 60.000000
/data/pdb_release/all/pdb2crs.ent 60.000000
/data/pdb_release/all/pdb1ntn.ent 72.500000
/data/pdb_release/all/pdb1tfs.ent 65.000000
/data/pdb_release/all/pdb1lsi.ent 37.500000
/nfs/cathdata/dompdb/1psi01 85.000000
/nfs/cathdata/dompdb/2achA2 90.000000
/tmp/1bi6H0 32.500000
/data/pdb_release/all/pdb1tpm.ent 60.000000
/nfs/cathdata/dompdb/1hfh01 40.000000
/data/pdb_release/all/pdb1hcc.ent 55.000000
/tmp/1lpbA0 77.500000
/nfs/cathdata/dompdb/1antI1 90.000000
/tmp/1hcnB0 55.000000
/tmp/1hcnA0 75.000000
/tmp/1pdgA0 55.000000
/data/pdb_release/all/pdb2tgi.ent 77.500000
/tmp/1klaA0 77.500000
/data/pdb_release/all/pdb1tgj.ent 77.500000
/data/pdb_release/all/pdb1bet.ent 60.000000
/tmp/1bndA0 77.500000
/tmp/1bndB0 60.000000
/data/pdb_release/all/pdb1fbr.ent 60.000000
/tmp/1umuA0 60.000000
/data/pdb_release/all/pdb1ctl.ent 55.000000
/data/pdb_release/all/pdb1iml.ent 60.000000
/nfs/cathdata/dompdb/1extB1 60.000000
/tmp/2kauB0 60.000000
/tmp/1rprA0 45.000000
/tmp/1fc2C0 50.000000
/tmp/1spzZ0 52.500000
/data/pdb_release/all/pdb1edi.ent 52.500000
/data/pdb_release/all/pdb2pdd.ent 45.000000
/data/pdb_release/all/pdb1bal.ent 50.000000
/tmp/1csbA0 45.000000
/tmp/1htrP0 50.000000
/nfs/cathdata/dompdb/1ilk02 52.500000
/data/pdb_release/all/pdb1bha.ent 52.500000
/nfs/cathdata/dompdb/1grj01 72.500000
/nfs/cathdata/dompdb/1sesA1 60.000000
/data/pdb_release/all/pdb1pdc.ent 32.500000
/tmp/2achB0 32.500000
/data/pdb_release/all/pdb1egf.ent 32.500000
/data/pdb_release/all/pdb1apo.ent 0.000000
/data/pdb_release/all/pdb1fsb.ent 32.500000
/data/pdb_release/all/pdb1hre.ent 0.000000
/data/pdb_release/all/pdb1yuf.ent 32.500000
/tmp/1hcgB0 55.000000
/data/pdb_release/all/pdb1ata.ent 60.000000
/nfs/cathdata/dompdb/1ncfA2 55.000000
/data/pdb_release/all/pdb1cdq.ent 72.500000
/tmp/1kbaA0 75.000000
/tmp/2abxA0 0.000000
/tmp/1abtA0 32.500000
/data/pdb_release/all/pdb3ebx.ent 60.000000
/data/pdb_release/all/pdb2ctx.ent 60.000000
/data/pdb_release/all/pdb2cdx.ent 37.500000
/tmp/1kxiA0 55.000000
/data/pdb_release/all/pdb1cre.ent 32.500000
/data/pdb_release/all/pdb1cod.ent 60.000000
/data/pdb_release/all/pdb1drs.ent 60.000000
/data/pdb_release/all/pdb1lki.ent 65.000000
/tmp/3inkC0 75.000000
/data/pdb_release/all/pdb1hgu.ent 55.000000
/data/pdb_release/all/pdb1huw.ent 57.500000
/tmp/3hhrA0 55.000000
/data/pdb_release/all/pdb1lpt.ent 57.500000
/data/pdb_release/all/pdb1lip.ent 60.000000
/data/pdb_release/all/pdb1mzm.ent 60.000000
/data/pdb_release/all/pdb1hyp.ent 52.500000
/nfs/cathdata/dompdb/1dlc01 60.000000
/nfs/cathdata/dompdb/1ciy01 60.000000
/tmp/1etrL0 25.000000
/tmp/1tbrJ0 50.000000
/tmp/3aahB0 25.000000
/tmp/4aahB0 25.000000
/tmp/1olgA0 25.000000
/tmp/2bbvD0 25.000000
/data/pdb_release/all/pdb2ifo.ent 25.000000
/tmp/1pfiA0 45.000000
/tmp/1junA0 25.000000
/data/pdb_release/all/pdb1tvs.ent 57.500000
/tmp/1ysaC0 25.000000
/data/pdb_release/all/pdb1aml.ent 50.000000
/data/pdb_release/all/pdb125d.ent 50.000000
/data/pdb_release/all/pdb1cld.ent 45.000000
/tmp/1d66A0 52.500000
/data/pdb_release/all/pdb1pyc.ent 45.000000
/nfs/cathdata/dompdb/1poxA4 45.000000
/tmp/1ltsC0 50.000000
/tmp/1xtcC0 50.000000
/tmp/1scmA0 50.000000
/tmp/1mdyB0 45.000000
/data/pdb_release/all/pdb1bct.ent 50.000000
/nfs/cathdata/dompdb/1pcrL2 57.500000
/nfs/cathdata/dompdb/1prcL2 55.000000
/nfs/cathdata/dompdb/1pcrM2 55.000000
/nfs/cathdata/dompdb/1prcM2 57.500000
/nfs/cathdata/dompdb/1dik05 65.000000
/tmp/1bcfA0 60.000000
/data/pdb_release/all/pdb1fha.ent 60.000000
/data/pdb_release/all/pdb1ier.ent 60.000000
/data/pdb_release/all/pdb1rcc.ent 60.000000
/tmp/2ccyA0 60.000000
/data/pdb_release/all/pdb1cpq.ent 57.500000
/tmp/1bbhA0 57.500000
/data/pdb_release/all/pdb1cgn.ent 55.000000
/data/pdb_release/all/pdb1lpe.ent 57.500000
/data/pdb_release/all/pdb2asr.ent 60.000000
/data/pdb_release/all/pdb1vls.ent 55.000000
/data/pdb_release/all/pdb1aep.ent 60.000000
/tmp/256bA0 60.000000
/tmp/2hmqA0 60.000000
/data/pdb_release/all/pdb2mhr.ent 60.000000
/tmp/2tmvP0 72.500000
/tmp/1rmvA0 60.000000
/nfs/cathdata/dompdb/2ilk01 57.500000
/nfs/cathdata/dompdb/1vlk01 57.500000
/nfs/cathdata/dompdb/1bucA3 60.000000
/nfs/cathdata/dompdb/3mddA3 60.000000
/nfs/cathdata/dompdb/1chkA1 70.000000
/data/pdb_release/all/pdb1lis.ent 57.500000
/data/pdb_release/all/pdb1rcb.ent 90.000000
/tmp/1gmfA0 95.000000
/tmp/1bgeA0 65.000000
/tmp/1rhgA0 60.000000
/data/pdb_release/all/pdb1bgc.ent 57.500000
/nfs/cathdata/dompdb/1whtA2 52.500000
/data/pdb_release/all/pdb2erl.ent 52.500000
/nfs/cathdata/dompdb/1ytfD1 45.000000
/nfs/cathdata/dompdb/1mtyG1 52.500000
/nfs/cathdata/dompdb/1mhyG1 52.500000
/tmp/1ecmA0 57.500000
/nfs/cathdata/dompdb/1lxa02 60.000000
/data/pdb_release/all/pdb1acp.ent 60.000000
/data/pdb_release/all/pdb1aca.ent 52.500000
/nfs/cathdata/dompdb/1pcrM1 55.000000
/nfs/cathdata/dompdb/1prcM1 52.500000
/nfs/cathdata/dompdb/1pcrL1 72.500000
/nfs/cathdata/dompdb/1prcL1 57.500000
/nfs/cathdata/dompdb/3sdpA1 52.500000
/nfs/cathdata/dompdb/1mngA1 60.000000
/nfs/cathdata/dompdb/1svcP2 52.500000
/nfs/cathdata/dompdb/1nfkA2 50.000000
/nfs/cathdata/dompdb/1mtyG2 57.500000
/nfs/cathdata/dompdb/1mhyG2 57.500000
/nfs/cathdata/dompdb/2minB4 47.500000
/nfs/cathdata/dompdb/1mioB3 57.500000
/data/pdb_release/all/pdb1poc.ent 72.500000
/data/pdb_release/all/pdb1ppa.ent 60.000000
/data/pdb_release/all/pdb1poa.ent 75.000000
/data/pdb_release/all/pdb4bp2.ent 72.500000
/data/pdb_release/all/pdb1pod.ent 75.000000
/tmp/3p2pA0 75.000000
/tmp/1pp2L0 70.000000
/tmp/1clpA0 75.000000
/tmp/1bunA0 75.000000
/data/pdb_release/all/pdb1psj.ent 70.000000
/data/pdb_release/all/pdb1ae7.ent 70.000000
/nfs/cathdata/dompdb/1bmtA1 57.500000
/data/pdb_release/all/pdb1lmq.ent 70.000000
/data/pdb_release/all/pdb1jug.ent 70.000000
/data/pdb_release/all/pdb119l.ent 72.500000
/nfs/cathdata/dompdb/1bucA1 60.000000
/nfs/cathdata/dompdb/3mddA1 57.500000
/nfs/cathdata/dompdb/1oxa02 57.500000
/nfs/cathdata/dompdb/1grl01 75.000000
/nfs/cathdata/dompdb/1aorA2 72.500000
/nfs/cathdata/dompdb/2pgd02 60.000000
/nfs/cathdata/dompdb/1dnpA3 60.000000
/nfs/cathdata/dompdb/1csc01 77.500000
/tmp/1csmA0 60.000000
/nfs/cathdata/dompdb/1aorA3 65.000000
/data/pdb_release/all/pdb1fps.ent 60.000000
/nfs/cathdata/dompdb/1clc02 75.000000
/tmp/1ribA0 77.500000
/tmp/1mmoB0 60.000000
/tmp/1mhyB0 60.000000
/nfs/cathdata/dompdb/1cpt02 77.500000
/data/pdb_release/all/pdb1phb.ent 80.000000
/tmp/2bmhA0 75.000000
/nfs/cathdata/dompdb/1lla01 72.500000
/tmp/1mhlC0 77.500000
/tmp/1mtyD0 72.500000
/tmp/1mhyD0 72.500000
/nfs/cathdata/dompdb/2sblB2 77.500000
/data/pdb_release/all/pdb1lnh.ent 77.500000
/data/pdb_release/all/pdb1ehs.ent 50.000000
/tmp/2spcA0 45.000000
/tmp/1ytfB0 50.000000
/nfs/cathdata/dompdb/1pnkA2 45.000000
/data/pdb_release/all/pdb1aty.ent 52.500000
/nfs/cathdata/dompdb/1dloA3 72.500000
/tmp/1ithA0 57.500000
/tmp/1cpcA0 60.000000
/tmp/1cpcB0 60.000000
/tmp/1allA0 60.000000
/tmp/1allB0 57.500000
/tmp/1colA0 60.000000
/nfs/cathdata/dompdb/1ddt02 60.000000
/nfs/cathdata/dompdb/3blm02 72.500000
/nfs/cathdata/dompdb/1mblA2 72.500000
/nfs/cathdata/dompdb/1btl02 55.000000
/nfs/cathdata/dompdb/1ckiA2 65.000000
/nfs/cathdata/dompdb/1csn02 60.000000
/nfs/cathdata/dompdb/1apmE1 72.500000
/nfs/cathdata/dompdb/1irk02 72.500000
/nfs/cathdata/dompdb/1ad5A4 75.000000
/nfs/cathdata/dompdb/1aru01 60.000000
/nfs/cathdata/dompdb/1llp01 60.000000
/nfs/cathdata/dompdb/1mnp01 60.000000
/nfs/cathdata/dompdb/1qpaA1 60.000000
/nfs/cathdata/dompdb/1cca01 65.000000
/nfs/cathdata/dompdb/1apxA1 60.000000
/nfs/cathdata/dompdb/1schA1 55.000000
/data/pdb_release/all/pdb153l.ent 65.000000
/data/pdb_release/all/pdb1baa.ent 77.500000
/nfs/cathdata/dompdb/1cnsA1 60.000000
/data/pdb_release/all/pdb135l.ent 70.000000
/data/pdb_release/all/pdb2ihl.ent 70.000000
/data/pdb_release/all/pdb1lz1.ent 70.000000
/data/pdb_release/all/pdb1hhl.ent 70.000000
/tmp/1ghlA0 70.000000
/data/pdb_release/all/pdb2eql.ent 70.000000
/data/pdb_release/all/pdb1alc.ent 70.000000
/data/pdb_release/all/pdb1hml.ent 70.000000
/tmp/1thbA0 60.000000
/tmp/1hdsA0 57.500000
/tmp/1hdsB0 60.000000
/tmp/2mhbA0 60.000000
/tmp/1fdhG0 60.000000
/tmp/1hbhA0 60.000000
/tmp/1hdaA0 60.000000
/tmp/1babB0 57.500000
/data/pdb_release/all/pdb2lhb.ent 60.000000
/tmp/1hbhB0 57.500000
/tmp/1hdaB0 60.000000
/tmp/1pghA0 60.000000
/tmp/1pghB0 60.000000
/tmp/1ibeB0 60.000000
/tmp/1outA0 60.000000
/tmp/1outB0 60.000000
/tmp/1spgA0 60.000000
/tmp/1spgB0 55.000000
/data/pdb_release/all/pdb1flp.ent 60.000000
/data/pdb_release/all/pdb1lhs.ent 60.000000
/data/pdb_release/all/pdb1bvd.ent 60.000000
/data/pdb_release/all/pdb1ymb.ent 55.000000
/data/pdb_release/all/pdb1mbs.ent 60.000000
/data/pdb_release/all/pdb2mm1.ent 60.000000
/data/pdb_release/all/pdb1emy.ent 60.000000
/tmp/1mygA0 60.000000
/data/pdb_release/all/pdb1myt.ent 55.000000
/data/pdb_release/all/pdb1eca.ent 60.000000
/tmp/1sctA0 57.500000
/tmp/1sctB0 60.000000
/tmp/3sdhA0 60.000000
/data/pdb_release/all/pdb1mba.ent 60.000000
/data/pdb_release/all/pdb1ash.ent 60.000000
/nfs/cathdata/dompdb/1fcdC2 60.000000
/tmp/2mtaC0 60.000000
/nfs/cathdata/dompdb/2abk02 55.000000
/nfs/cathdata/dompdb/1npc02 82.500000
/nfs/cathdata/dompdb/1ezm02 65.000000
/nfs/cathdata/dompdb/2tmnE2 82.500000
/nfs/cathdata/dompdb/1dnpA2 57.500000
/nfs/cathdata/dompdb/1gia02 60.000000
/nfs/cathdata/dompdb/1tadA2 60.000000
/nfs/cathdata/dompdb/7catA2 60.000000
/nfs/cathdata/dompdb/1cca02 72.500000
/nfs/cathdata/dompdb/1apxA2 60.000000
/nfs/cathdata/dompdb/1aru02 55.000000
/nfs/cathdata/dompdb/1llp02 55.000000
/nfs/cathdata/dompdb/1mnp02 55.000000
/nfs/cathdata/dompdb/1qpaA2 60.000000
/nfs/cathdata/dompdb/1schA2 100.000000
/tmp/1rfbA0 60.000000
/nfs/cathdata/dompdb/1pnkA1 67.500000
/data/pdb_release/all/pdb1end.ent 60.000000
/nfs/cathdata/dompdb/1gly01 77.500000
/nfs/cathdata/dompdb/1ecl02 72.500000
/data/pdb_release/all/pdb1sra.ent 60.000000
/nfs/cathdata/dompdb/1prcC2 60.000000
/nfs/cathdata/dompdb/1prcC1 60.000000
/nfs/cathdata/dompdb/1vsgA2 60.000000
/nfs/cathdata/dompdb/1gly02 70.000000
/nfs/cathdata/dompdb/1pnkB4 72.500000
/data/pdb_release/all/pdb1hlm.ent 60.000000
/data/pdb_release/all/pdb1hlb.ent 60.000000
/data/pdb_release/all/pdb1hbg.ent 60.000000
/data/pdb_release/all/pdb1gdj.ent 60.000000
/tmp/1binA0 60.000000
/nfs/cathdata/dompdb/1osa02 57.500000
/nfs/cathdata/dompdb/1wdcC2 90.000000
/nfs/cathdata/dompdb/1tnw02 57.500000
/tmp/1cnpA0 57.500000
/tmp/1symA0 60.000000
/tmp/1tcoB0 57.500000
/nfs/cathdata/dompdb/1scmC1 60.000000
/nfs/cathdata/dompdb/1wdcB1 55.000000
/nfs/cathdata/dompdb/1rec01 0.000000
/nfs/cathdata/dompdb/1rec02 60.000000
/data/pdb_release/all/pdb2sas.ent 60.000000
/tmp/2scpA0 60.000000
/data/pdb_release/all/pdb155c.ent 67.500000
/data/pdb_release/all/pdb1ycc.ent 55.000000
/data/pdb_release/all/pdb1ccr.ent 57.500000
/tmp/5cytR0 60.000000
/data/pdb_release/all/pdb1yeb.ent 55.000000
/data/pdb_release/all/pdb1hrc.ent 60.000000
/data/pdb_release/all/pdb1cry.ent 60.000000
/data/pdb_release/all/pdb1cot.ent 77.500000
/data/pdb_release/all/pdb3c2c.ent 55.000000
/tmp/1c2rA0 72.500000
/data/pdb_release/all/pdb1cxc.ent 72.500000
/data/pdb_release/all/pdb1yea.ent 57.500000
/tmp/1hroA0 55.000000
/data/pdb_release/all/pdb1dvh.ent 55.000000
/data/pdb_release/all/pdb351c.ent 60.000000
/data/pdb_release/all/pdb1cor.ent 55.000000
/data/pdb_release/all/pdb1cch.ent 60.000000
/nfs/cathdata/dompdb/1fcdC1 55.000000
/data/pdb_release/all/pdb1cc5.ent 55.000000
/data/pdb_release/all/pdb1cyi.ent 57.500000
/data/pdb_release/all/pdb1ctj.ent 57.500000
/nfs/cathdata/dompdb/6gsvA2 55.000000
/nfs/cathdata/dompdb/1gta02 60.000000
/nfs/cathdata/dompdb/1hna02 60.000000
/nfs/cathdata/dompdb/2gsq02 60.000000
/nfs/cathdata/dompdb/1gseA2 60.000000
/nfs/cathdata/dompdb/1bpb01 55.000000
/nfs/cathdata/dompdb/1taq02 50.000000
/nfs/cathdata/dompdb/9icwA2 57.500000
/nfs/cathdata/dompdb/1ecl04 65.000000
/nfs/cathdata/dompdb/1adeA2 55.000000
/nfs/cathdata/dompdb/1atnA3 72.500000
/nfs/cathdata/dompdb/1oxa03 57.500000
/data/pdb_release/all/pdb1hmx.ent 67.500000
/nfs/cathdata/dompdb/2abk01 65.000000
/nfs/cathdata/dompdb/1gln04 55.000000
/nfs/cathdata/dompdb/2tct02 57.500000
/tmp/1hulA0 60.000000
/data/pdb_release/all/pdb1coo.ent 60.000000
/nfs/cathdata/dompdb/1wdcB2 57.500000
/data/pdb_release/all/pdb1bod.ent 57.500000
/data/pdb_release/all/pdb1cb1.ent 57.500000
/data/pdb_release/all/pdb4icb.ent 60.000000
/data/pdb_release/all/pdb1cmf.ent 55.000000
/nfs/cathdata/dompdb/1ncx01 95.000000
/data/pdb_release/all/pdb1cfc.ent 85.000000
/data/pdb_release/all/pdb1tnx.ent 60.000000
/data/pdb_release/all/pdb1rro.ent 60.000000
/data/pdb_release/all/pdb4cpv.ent 60.000000
/data/pdb_release/all/pdb5pal.ent 60.000000
/data/pdb_release/all/pdb1pal.ent 60.000000
/tmp/1rtp10 60.000000
/tmp/1pvaA0 60.000000
/nfs/cathdata/dompdb/1osa01 52.500000
/nfs/cathdata/dompdb/1avhA1 57.500000
/nfs/cathdata/dompdb/2ran01 57.500000
/nfs/cathdata/dompdb/1ala02 57.500000
/nfs/cathdata/dompdb/1hvd02 57.500000
/nfs/cathdata/dompdb/1ala04 57.500000
/nfs/cathdata/dompdb/1ann04 60.000000
/nfs/cathdata/dompdb/1avhA4 57.500000
/nfs/cathdata/dompdb/1axn01 57.500000
/nfs/cathdata/dompdb/1axn03 57.500000
/nfs/cathdata/dompdb/1axn02 55.000000
/nfs/cathdata/dompdb/1ala03 57.500000
/nfs/cathdata/dompdb/1ann03 60.000000
/nfs/cathdata/dompdb/1hvd03 57.500000
/nfs/cathdata/dompdb/2ran03 57.500000
/nfs/cathdata/dompdb/1axn04 57.500000
/nfs/cathdata/dompdb/1csc02 60.000000
/nfs/cathdata/dompdb/1csh02 60.000000
/nfs/cathdata/dompdb/2cts02 60.000000
/nfs/cathdata/dompdb/1tyaE2 60.000000
/nfs/cathdata/dompdb/1bvp11 60.000000
/data/pdb_release/all/pdb1neq.ent 60.000000
/nfs/cathdata/dompdb/1octC1 55.000000
/data/pdb_release/all/pdb1r69.ent 57.500000
/data/pdb_release/all/pdb2cro.ent 57.500000
/data/pdb_release/all/pdb1adr.ent 57.500000
/tmp/1lmb30 55.000000
/nfs/cathdata/dompdb/2yhx01 60.000000
/nfs/cathdata/dompdb/2bpfA1 60.000000
/nfs/cathdata/dompdb/1bgw03 60.000000
/nfs/cathdata/dompdb/1adt01 55.000000
/nfs/cathdata/dompdb/1glqA2 60.000000
/nfs/cathdata/dompdb/2gsrA2 60.000000
/nfs/cathdata/dompdb/1gssA2 55.000000
/data/pdb_release/all/pdb1erd.ent 45.000000
/nfs/cathdata/dompdb/1dtr02 52.500000
/tmp/1lccA0 52.500000
/nfs/cathdata/dompdb/1pnrA1 60.000000
/data/pdb_release/all/pdb1uxd.ent 52.500000
/nfs/cathdata/dompdb/2phlA1 50.000000
/nfs/cathdata/dompdb/2phlA4 52.500000
/tmp/6insE0 57.500000
/data/pdb_release/all/pdb2gf1.ent 57.500000
/data/pdb_release/all/pdb1igl.ent 45.000000
/data/pdb_release/all/pdb1bip.ent 55.000000
/data/pdb_release/all/pdb1c5a.ent 55.000000
/data/pdb_release/all/pdb1kjs.ent 60.000000
/tmp/1cmbA0 52.500000
/nfs/cathdata/dompdb/1gln03 55.000000
/nfs/cathdata/dompdb/1serA1 57.500000
/nfs/cathdata/dompdb/1bvp13 57.500000
/nfs/cathdata/dompdb/1dmb03 82.500000
/nfs/cathdata/dompdb/1dik02 57.500000
/nfs/cathdata/dompdb/9pap02 52.500000
/nfs/cathdata/dompdb/1aec02 55.000000
/nfs/cathdata/dompdb/1gecE2 55.000000
/nfs/cathdata/dompdb/2act02 55.000000
/nfs/cathdata/dompdb/1ppo02 52.500000
/nfs/cathdata/dompdb/1yal02 57.500000
/nfs/cathdata/dompdb/1theA2 57.500000
/nfs/cathdata/dompdb/1csbB1 52.500000
/nfs/cathdata/dompdb/2bltA2 52.500000
/data/pdb_release/all/pdb1utg.ent 57.500000
/data/pdb_release/all/pdb1ccd.ent 57.500000
/nfs/cathdata/dompdb/1ala01 57.500000
/nfs/cathdata/dompdb/1ann01 57.500000
/nfs/cathdata/dompdb/1ann02 57.500000
/tmp/1fliA0 52.500000
/data/pdb_release/all/pdb1etc.ent 67.500000
/tmp/1sttA0 90.000000
/data/pdb_release/all/pdb2hts.ent 77.500000
/data/pdb_release/all/pdb1hks.ent 50.000000
/data/pdb_release/all/pdb1enh.ent 52.500000
/data/pdb_release/all/pdb1ftz.ent 57.500000
/data/pdb_release/all/pdb1ftt.ent 52.500000
/tmp/1ahdP0 57.500000
/tmp/1fjlA0 52.500000
/data/pdb_release/all/pdb1vnd.ent 57.500000
/data/pdb_release/all/pdb1hdp.ent 57.500000
/data/pdb_release/all/pdb1ocp.ent 52.500000
/data/pdb_release/all/pdb1pog.ent 52.500000
/tmp/1yrnA0 52.500000
/tmp/1hcrA0 57.500000
/data/pdb_release/all/pdb1res.ent 52.500000
/data/pdb_release/all/pdb1lfb.ent 52.500000
/data/pdb_release/all/pdb2lfb.ent 52.500000
/tmp/1yrnB0 60.000000
/tmp/1fiaA0 55.000000
/data/pdb_release/all/pdb1mbe.ent 52.500000
/data/pdb_release/all/pdb1mbg.ent 52.500000
/data/pdb_release/all/pdb1mbj.ent 57.500000
/tmp/2wrpR0 60.000000
/nfs/cathdata/dompdb/2tct01 55.000000
/tmp/1bfmA0 57.500000
/tmp/1hryA0 52.500000
/data/pdb_release/all/pdb1hsm.ent 52.500000
/data/pdb_release/all/pdb1hma.ent 52.500000
/data/pdb_release/all/pdb1hme.ent 57.500000
/data/pdb_release/all/pdb1aab.ent 57.500000
/tmp/1trlA0 57.500000
/tmp/1mylA0 50.000000
/tmp/1parA0 50.000000
/tmp/1mntA0 57.500000
/data/pdb_release/all/pdb1lea.ent 77.500000
/tmp/1hstA0 77.500000
/data/pdb_release/all/pdb1ghc.ent 52.500000
/nfs/cathdata/dompdb/1dprA1 57.500000
/nfs/cathdata/dompdb/1bia01 77.500000
/nfs/cathdata/dompdb/1berA2 85.000000
/nfs/cathdata/dompdb/1pdnC1 77.500000
/nfs/cathdata/dompdb/1pdnC2 52.500000
