/tmp/2ltnB0 7.142857
/tmp/1lenB0 7.142857
/tmp/1lgcB0 0.000000
/nfs/cathdata/dompdb/1lyaB1 7.142857
/tmp/1aayA0 15.000000
/tmp/1ubdC0 20.000000
/tmp/1meyC0 22.142857
/tmp/2drpA0 20.000000
/tmp/1pyaA0 12.857143
/tmp/1hueA0 15.000000
/tmp/1wtuA0 29.285714
/tmp/1ihfA0 39.285714
/tmp/1ihfB0 37.857143
/nfs/cathdata/dompdb/1prcH1 27.857143
/nfs/cathdata/dompdb/1pcrH1 21.428571
/data/pdb_release/all/pdb4mt2.ent 0.000000
/data/pdb_release/all/pdb1tiv.ent 0.000000
/data/pdb_release/all/pdb1zaq.ent 0.000000
/data/pdb_release/all/pdb1iva.ent 0.000000
/data/pdb_release/all/pdb1agg.ent 0.000000
/data/pdb_release/all/pdb1cfh.ent 0.000000
/data/pdb_release/all/pdb1cfi.ent 0.000000
/data/pdb_release/all/pdb1aaf.ent 0.000000
/data/pdb_release/all/pdb2ech.ent 0.000000
/data/pdb_release/all/pdb1fvl.ent 0.000000
/data/pdb_release/all/pdb1kst.ent 12.857143
/tmp/1r0940 7.142857
/tmp/2plv40 20.000000
/tmp/1pvc40 21.428571
/tmp/1bbt40 14.285714
/tmp/1tme40 7.142857
/tmp/2mev40 7.142857
/tmp/1tabI0 0.000000
/data/pdb_release/all/pdb1pi2.ent 7.142857
/data/pdb_release/all/pdb1bbi.ent 24.285714
/nfs/cathdata/dompdb/1pcp01 7.142857
/nfs/cathdata/dompdb/2pspA2 7.142857
/nfs/cathdata/dompdb/1gcb01 62.857143
/nfs/cathdata/dompdb/1fieA2 65.714286
/nfs/cathdata/dompdb/1lgr01 65.714286
/nfs/cathdata/dompdb/1abbA1 70.000000
/nfs/cathdata/dompdb/1ygpA1 69.285714
/nfs/cathdata/dompdb/1pgd03 7.142857
/data/pdb_release/all/pdb1ldl.ent 0.000000
/data/pdb_release/all/pdb1ldr.ent 0.000000
/data/pdb_release/all/pdb1tap.ent 20.000000
/data/pdb_release/all/pdb5pti.ent 20.000000
/tmp/1aapA0 21.428571
/data/pdb_release/all/pdb1dtx.ent 20.000000
/data/pdb_release/all/pdb1dtk.ent 20.000000
/data/pdb_release/all/pdb1shp.ent 20.000000
/tmp/1brbI0 20.000000
/data/pdb_release/all/pdb1knt.ent 21.428571
/data/pdb_release/all/pdb1dem.ent 20.000000
/tmp/1bunB0 20.000000
/data/pdb_release/all/pdb1hnr.ent 7.142857
/tmp/1mhlA0 12.857143
/nfs/cathdata/dompdb/1gal02 14.285714
/nfs/cathdata/dompdb/1inp01 14.285714
/nfs/cathdata/dompdb/1rtc02 22.142857
/nfs/cathdata/dompdb/1apa02 23.571429
/nfs/cathdata/dompdb/1pafA2 23.571429
/nfs/cathdata/dompdb/1mrg02 24.285714
/nfs/cathdata/dompdb/1mrj02 25.714286
/nfs/cathdata/dompdb/1abrA2 25.000000
/tmp/1isuA0 7.142857
/data/pdb_release/all/pdb1hip.ent 15.000000
/tmp/2hipA0 14.285714
/data/pdb_release/all/pdb1hpi.ent 14.285714
/data/pdb_release/all/pdb1bbo.ent 12.857143
/nfs/cathdata/dompdb/1adt02 33.571429
/tmp/1abmA0 55.714286
/tmp/1idsA0 47.857143
/tmp/1isaA0 47.142857
/nfs/cathdata/dompdb/1vsgA1 28.571429
/tmp/1hmpA0 60.000000
/nfs/cathdata/dompdb/1adeA3 28.571429
/nfs/cathdata/dompdb/1qorA1 49.285714
/nfs/cathdata/dompdb/3btoA1 59.285714
/nfs/cathdata/dompdb/1dehA1 63.571429
/nfs/cathdata/dompdb/1cdoA1 60.714286
/nfs/cathdata/dompdb/1tehA1 56.428571
/nfs/cathdata/dompdb/1agnA1 57.857143
/tmp/1yptA0 51.428571
/data/pdb_release/all/pdb2hnp.ent 68.571429
/nfs/cathdata/dompdb/1yfoA1 57.142857
/tmp/1vhrA0 60.714286
/data/pdb_release/all/pdb1gpc.ent 52.142857
/nfs/cathdata/dompdb/1bgw05 52.857143
/nfs/cathdata/dompdb/1jetA1 50.714286
/nfs/cathdata/dompdb/1glaG1 59.285714
/nfs/cathdata/dompdb/1hgeA1 60.714286
/tmp/1ltsA0 50.000000
/tmp/1xtcA0 52.142857
/tmp/1tiiA0 48.571429
/tmp/1prtA0 53.571429
/nfs/cathdata/dompdb/1admA2 47.142857
/nfs/cathdata/dompdb/1chmA2 50.714286
/data/pdb_release/all/pdb1mat.ent 47.857143
/data/pdb_release/all/pdb1pbn.ent 69.285714
/data/pdb_release/all/pdb1ula.ent 65.714286
/tmp/1ecpA0 65.714286
/nfs/cathdata/dompdb/1dhx03 55.714286
/data/pdb_release/all/pdb2cyr.ent 30.000000
/data/pdb_release/all/pdb1wad.ent 15.000000
/data/pdb_release/all/pdb1czj.ent 33.571429
/tmp/1htmB0 16.428571
/nfs/cathdata/dompdb/1berA1 44.285714
/nfs/cathdata/dompdb/1dhx02 22.142857
/nfs/cathdata/dompdb/1gln02 37.857143
/nfs/cathdata/dompdb/1gtrA2 43.571429
/nfs/cathdata/dompdb/1prcH2 27.857143
/nfs/cathdata/dompdb/4rcrH2 21.428571
/nfs/cathdata/dompdb/1oxa01 26.428571
/nfs/cathdata/dompdb/1cpt01 30.000000
/nfs/cathdata/dompdb/1gcb02 35.714286
/data/pdb_release/all/pdb1mut.ent 27.142857
/data/pdb_release/all/pdb1pyp.ent 40.714286
/data/pdb_release/all/pdb2prd.ent 54.285714
/tmp/1eipA0 53.571429
/nfs/cathdata/dompdb/1ordA4 37.142857
/nfs/cathdata/dompdb/2cmd02 35.714286
/nfs/cathdata/dompdb/1mldA2 34.285714
/nfs/cathdata/dompdb/6ldh02 38.571429
/nfs/cathdata/dompdb/1llc02 33.571429
/nfs/cathdata/dompdb/1lldA2 28.571429
/nfs/cathdata/dompdb/2ldx02 35.000000
/nfs/cathdata/dompdb/3ldh02 35.000000
/nfs/cathdata/dompdb/5ldh02 27.142857
/nfs/cathdata/dompdb/9ldtA2 34.285714
/nfs/cathdata/dompdb/1ldb02 42.142857
/nfs/cathdata/dompdb/1hyhA2 34.285714
/nfs/cathdata/dompdb/4mdhA2 42.857143
/nfs/cathdata/dompdb/1bdmA2 40.714286
/nfs/cathdata/dompdb/1dctA2 25.714286
/tmp/1regX0 50.000000
/nfs/cathdata/dompdb/2bltA1 55.714286
/data/pdb_release/all/pdb1xaa.ent 70.000000
/data/pdb_release/all/pdb1xac.ent 72.857143
/tmp/1alkA0 70.714286
/data/pdb_release/all/pdb1lpp.ent 66.428571
/data/pdb_release/all/pdb1thg.ent 71.428571
/tmp/1cleA0 65.000000
/data/pdb_release/all/pdb1ace.ent 72.142857
/nfs/cathdata/dompdb/3ladA2 49.285714
/nfs/cathdata/dompdb/1lpfA2 42.857143
/nfs/cathdata/dompdb/1lvl02 40.000000
/nfs/cathdata/dompdb/1ebdA2 52.857143
/nfs/cathdata/dompdb/2tmdA3 52.857143
/nfs/cathdata/dompdb/1gerA2 48.571429
/nfs/cathdata/dompdb/1gesA2 48.571429
/nfs/cathdata/dompdb/3grs02 48.571429
/nfs/cathdata/dompdb/1tde02 48.571429
/nfs/cathdata/dompdb/1vdc02 51.428571
/nfs/cathdata/dompdb/1fecB2 48.571429
/nfs/cathdata/dompdb/1nhr02 47.142857
/nfs/cathdata/dompdb/1fcdA2 65.000000
/tmp/1pyaB0 57.142857
/nfs/cathdata/dompdb/1dik03 56.428571
/nfs/cathdata/dompdb/1aorA1 66.428571
/tmp/2dnjA0 76.428571
/tmp/1fjmA0 58.571429
/tmp/1tcoA0 57.857143
/nfs/cathdata/dompdb/1gph11 77.857143
/data/pdb_release/all/pdb1plq.ent 66.428571
/data/pdb_release/all/pdb1bnh.ent 51.428571
/data/pdb_release/all/pdb1cy3.ent 7.142857
/tmp/1cthA0 20.714286
/data/pdb_release/all/pdb2cdv.ent 20.714286
/nfs/cathdata/dompdb/1trkA1 79.285714
/tmp/1rvaA0 63.571429
/nfs/cathdata/dompdb/1atnA1 67.142857
/nfs/cathdata/dompdb/2btfA1 57.142857
/nfs/cathdata/dompdb/1olbA2 59.285714
/data/pdb_release/all/pdb2ctc.ent 61.428571
/data/pdb_release/all/pdb1amp.ent 64.285714
/nfs/cathdata/dompdb/1lam02 71.428571
/nfs/cathdata/dompdb/1tplA2 72.857143
/nfs/cathdata/dompdb/1dgd02 71.428571
/nfs/cathdata/dompdb/1aam02 46.428571
/nfs/cathdata/dompdb/1akaA2 68.571429
/nfs/cathdata/dompdb/2cstA2 67.142857
/nfs/cathdata/dompdb/1ordA2 71.428571
/data/pdb_release/all/pdb1rpa.ent 58.571429
/data/pdb_release/all/pdb1esc.ent 55.000000
/nfs/cathdata/dompdb/1gpb02 69.285714
/nfs/cathdata/dompdb/1ygpA2 72.142857
/tmp/1deaA0 72.142857
/tmp/1thtA0 77.857143
/tmp/1tahA0 69.285714
/tmp/1oilA0 70.714286
/nfs/cathdata/dompdb/1hplA1 70.000000
/nfs/cathdata/dompdb/1lpbB1 72.857143
/tmp/1ethA0 65.000000
/data/pdb_release/all/pdb1gpl.ent 72.857143
/data/pdb_release/all/pdb1tca.ent 65.000000
/data/pdb_release/all/pdb1ede.ent 65.714286
/data/pdb_release/all/pdb1ysc.ent 62.857143
/nfs/cathdata/dompdb/1asyA2 59.285714
/nfs/cathdata/dompdb/1lylA2 65.714286
/nfs/cathdata/dompdb/1serA2 65.000000
/data/pdb_release/all/pdb3pte.ent 57.142857
/nfs/cathdata/dompdb/1abrA1 65.000000
/nfs/cathdata/dompdb/1ahc01 74.285714
/nfs/cathdata/dompdb/1mrj01 68.571429
/nfs/cathdata/dompdb/1apa01 52.857143
/nfs/cathdata/dompdb/1pafA1 49.285714
/tmp/4dfrA0 57.142857
/data/pdb_release/all/pdb3dfr.ent 50.000000
/data/pdb_release/all/pdb8dfr.ent 57.142857
/data/pdb_release/all/pdb1drf.ent 55.714286
/data/pdb_release/all/pdb1dyr.ent 57.857143
/nfs/cathdata/dompdb/1adeA1 64.285714
/nfs/cathdata/dompdb/3pmgA1 64.285714
/data/pdb_release/all/pdb1udg.ent 65.714286
/nfs/cathdata/dompdb/3pgk02 52.142857
/nfs/cathdata/dompdb/1php02 82.142857
/nfs/cathdata/dompdb/1gpmA1 68.571429
/nfs/cathdata/dompdb/1powA3 55.000000
/nfs/cathdata/dompdb/1pvdA3 57.857143
/nfs/cathdata/dompdb/1pvdA1 62.857143
/nfs/cathdata/dompdb/1powA1 70.000000
/nfs/cathdata/dompdb/1trkA2 52.857143
/nfs/cathdata/dompdb/1tyaE1 59.285714
/nfs/cathdata/dompdb/2tysB2 69.285714
/nfs/cathdata/dompdb/1minA1 70.000000
/nfs/cathdata/dompdb/1mioA1 66.428571
/nfs/cathdata/dompdb/3ecaA1 57.142857
/nfs/cathdata/dompdb/1agx01 58.571429
/nfs/cathdata/dompdb/3pga11 54.285714
/tmp/1wsaA0 85.714286
/tmp/1nbaA0 67.857143
/nfs/cathdata/dompdb/2reb01 57.857143
/tmp/1smnA0 61.428571
/tmp/1eriA0 60.714286
/nfs/cathdata/dompdb/1lvl01 56.428571
/nfs/cathdata/dompdb/1ebdA1 52.857143
/nfs/cathdata/dompdb/1gal01 58.571429
/nfs/cathdata/dompdb/1fcdA1 62.857143
/nfs/cathdata/dompdb/1coy01 61.428571
/nfs/cathdata/dompdb/1pbe01 70.000000
/nfs/cathdata/dompdb/1aa8A1 60.714286
/nfs/cathdata/dompdb/1dob02 60.714286
/data/pdb_release/all/pdb1cge.ent 41.428571
/data/pdb_release/all/pdb1mnc.ent 41.428571
/data/pdb_release/all/pdb1srt.ent 42.857143
/nfs/cathdata/dompdb/1fbl01 41.428571
/data/pdb_release/all/pdb1mmq.ent 41.428571
/data/pdb_release/all/pdb1slm.ent 46.428571
/tmp/1atlA0 44.285714
/data/pdb_release/all/pdb1iag.ent 44.285714
/nfs/cathdata/dompdb/1kapP2 45.714286
/nfs/cathdata/dompdb/1sat02 47.142857
/data/pdb_release/all/pdb1iab.ent 40.000000
/nfs/cathdata/dompdb/1lcf01 57.142857
/nfs/cathdata/dompdb/1ovt01 56.428571
/nfs/cathdata/dompdb/1ovt03 58.571429
/nfs/cathdata/dompdb/1nnt01 26.428571
/nfs/cathdata/dompdb/1tfd01 30.000000
/nfs/cathdata/dompdb/1lcf03 60.000000
/nfs/cathdata/dompdb/1dot01 57.142857
/nfs/cathdata/dompdb/1dot03 60.000000
/nfs/cathdata/dompdb/1quk01 55.714286
/nfs/cathdata/dompdb/1sbp01 57.857143
/nfs/cathdata/dompdb/1dmb01 50.000000
/nfs/cathdata/dompdb/1pot01 47.857143
/nfs/cathdata/dompdb/3sc2A1 53.571429
/nfs/cathdata/dompdb/1rtc01 49.285714
/tmp/1pviA0 40.000000
/nfs/cathdata/dompdb/1bllE1 55.000000
/nfs/cathdata/dompdb/1scuB3 63.571429
/nfs/cathdata/dompdb/1ora01 45.714286
/nfs/cathdata/dompdb/1ora02 38.571429
/nfs/cathdata/dompdb/2glt01 50.000000
/nfs/cathdata/dompdb/1ttqB1 49.285714
/data/pdb_release/all/pdb3pgm.ent 37.142857
/nfs/cathdata/dompdb/1gtrA1 55.000000
/nfs/cathdata/dompdb/1gln01 61.428571
/tmp/1dsbA0 46.428571
/tmp/1gp1A0 40.714286
/nfs/cathdata/dompdb/1chmA1 67.857143
/nfs/cathdata/dompdb/1scuB1 45.000000
/nfs/cathdata/dompdb/1mla02 55.714286
/nfs/cathdata/dompdb/1glaG2 60.000000
/nfs/cathdata/dompdb/1ami01 55.714286
/data/pdb_release/all/pdb1ak2.ent 59.285714
/tmp/1ak3A0 60.714286
/tmp/1akeA0 62.142857
/data/pdb_release/all/pdb1aky.ent 63.571429
/data/pdb_release/all/pdb3adk.ent 63.571429
/data/pdb_release/all/pdb1ukz.ent 63.571429
/data/pdb_release/all/pdb1ukd.ent 65.000000
/nfs/cathdata/dompdb/2tmdA2 50.714286
/nfs/cathdata/dompdb/1nhp01 58.571429
/nfs/cathdata/dompdb/1trb01 37.857143
/nfs/cathdata/dompdb/1vdc01 30.714286
/nfs/cathdata/dompdb/1typA1 52.142857
/nfs/cathdata/dompdb/1gesA1 55.714286
/nfs/cathdata/dompdb/3grs01 45.714286
/nfs/cathdata/dompdb/3ladA1 52.142857
/nfs/cathdata/dompdb/1lpfA1 47.142857
/nfs/cathdata/dompdb/1pfkA2 48.571429
/nfs/cathdata/dompdb/3pfk02 48.571429
/nfs/cathdata/dompdb/3pgk01 35.714286
/nfs/cathdata/dompdb/1php01 42.142857
/nfs/cathdata/dompdb/3pmgA3 44.285714
/tmp/2rslA0 47.857143
/tmp/1gdtA0 57.142857
/nfs/cathdata/dompdb/1ctt02 45.000000
/nfs/cathdata/dompdb/1ctt01 42.142857
/tmp/1whtB0 51.428571
/nfs/cathdata/dompdb/1trkA3 45.714286
/nfs/cathdata/dompdb/1dmb02 33.571429
/nfs/cathdata/dompdb/1pda02 29.285714
/nfs/cathdata/dompdb/1hslA2 49.285714
/nfs/cathdata/dompdb/1lst02 47.857143
/nfs/cathdata/dompdb/1pbp02 50.714286
/nfs/cathdata/dompdb/1sbp02 47.142857
/data/pdb_release/all/pdb1ovb.ent 37.142857
/nfs/cathdata/dompdb/1lcf02 42.142857
/nfs/cathdata/dompdb/1lcf04 37.857143
/nfs/cathdata/dompdb/1ovt02 37.142857
/nfs/cathdata/dompdb/1ovt04 40.714286
/nfs/cathdata/dompdb/1tfd02 42.142857
/nfs/cathdata/dompdb/1dot04 16.428571
/nfs/cathdata/dompdb/1poy12 52.857143
/nfs/cathdata/dompdb/1inp03 50.714286
/nfs/cathdata/dompdb/1imbA2 32.142857
/nfs/cathdata/dompdb/1fbcA2 30.714286
/nfs/cathdata/dompdb/1ftaA2 32.142857
/nfs/cathdata/dompdb/1spiA2 35.000000
/nfs/cathdata/dompdb/1pda01 50.714286
/nfs/cathdata/dompdb/1hslA1 37.857143
/nfs/cathdata/dompdb/1lst01 37.857143
/nfs/cathdata/dompdb/2ldx01 60.000000
/nfs/cathdata/dompdb/3ldh01 58.571429
/nfs/cathdata/dompdb/5ldh01 39.285714
/nfs/cathdata/dompdb/9ldtA1 58.571429
/data/pdb_release/all/pdb5nll.ent 61.428571
/data/pdb_release/all/pdb2fx2.ent 55.000000
/data/pdb_release/all/pdb1ofv.ent 48.571429
/data/pdb_release/all/pdb2fcr.ent 47.142857
/data/pdb_release/all/pdb1rcf.ent 48.571429
/tmp/1lfaA0 54.285714
/data/pdb_release/all/pdb1ido.ent 68.571429
/nfs/cathdata/dompdb/1pfkA1 68.571429
/nfs/cathdata/dompdb/3pfk01 64.285714
/data/pdb_release/all/pdb1cus.ent 55.714286
/data/pdb_release/all/pdb1dad.ent 70.714286
/data/pdb_release/all/pdb1tib.ent 58.571429
/data/pdb_release/all/pdb3tgl.ent 59.285714
/tmp/1lgyA0 60.000000
/data/pdb_release/all/pdb1vid.ent 69.285714
/data/pdb_release/all/pdb1pdo.ent 52.142857
/nfs/cathdata/dompdb/1gpmA2 58.571429
/nfs/cathdata/dompdb/1dnpA1 57.142857
/nfs/cathdata/dompdb/1bgw02 47.142857
/nfs/cathdata/dompdb/1guhA1 42.857143
/nfs/cathdata/dompdb/1glqA1 48.571429
/nfs/cathdata/dompdb/2gsq01 41.428571
/nfs/cathdata/dompdb/2gsrA1 50.000000
/nfs/cathdata/dompdb/1gssA1 49.285714
/nfs/cathdata/dompdb/2gstA1 43.571429
/nfs/cathdata/dompdb/1gta01 32.857143
/nfs/cathdata/dompdb/1hna01 42.142857
/nfs/cathdata/dompdb/3pmgA2 32.857143
/data/pdb_release/all/pdb1lba.ent 40.000000
/tmp/1meeA0 72.857143
/nfs/cathdata/dompdb/1ordA1 47.857143
/data/pdb_release/all/pdb1ntr.ent 47.142857
/nfs/cathdata/dompdb/1gdhA2 62.142857
/nfs/cathdata/dompdb/2nacA2 63.571429
/nfs/cathdata/dompdb/2dldA2 68.571429
/nfs/cathdata/dompdb/2dldA1 32.857143
/nfs/cathdata/dompdb/1scuB2 40.714286
/nfs/cathdata/dompdb/1scuA1 53.571429
/nfs/cathdata/dompdb/1scuA2 62.857143
/data/pdb_release/all/pdb1phr.ent 52.857143
/nfs/cathdata/dompdb/1bmtA2 56.428571
/tmp/1iceA0 47.142857
/data/pdb_release/all/pdb1etu.ent 73.571429
/nfs/cathdata/dompdb/1eft01 58.571429
/data/pdb_release/all/pdb5p21.ent 59.285714
/tmp/1guaA0 62.142857
/tmp/1hurA0 70.000000
/tmp/1nipA0 77.142857
/nfs/cathdata/dompdb/1gky02 48.571429
/nfs/cathdata/dompdb/1dar01 73.571429
/nfs/cathdata/dompdb/1raaA1 52.857143
/nfs/cathdata/dompdb/1raaA2 48.571429
/nfs/cathdata/dompdb/2atcA2 19.285714
/nfs/cathdata/dompdb/4mdhA1 61.428571
/nfs/cathdata/dompdb/1bdmA1 61.428571
/nfs/cathdata/dompdb/2cmd01 60.000000
/nfs/cathdata/dompdb/1mldA1 61.428571
/nfs/cathdata/dompdb/1hyhA1 56.428571
/nfs/cathdata/dompdb/6ldh01 58.571429
/nfs/cathdata/dompdb/1ldb01 48.571429
/nfs/cathdata/dompdb/1llc01 22.142857
/nfs/cathdata/dompdb/1lldA1 54.285714
/nfs/cathdata/dompdb/1bdhA3 41.428571
/nfs/cathdata/dompdb/1tlfA2 45.714286
/nfs/cathdata/dompdb/1dbp01 47.142857
/data/pdb_release/all/pdb3chy.ent 58.571429
/nfs/cathdata/dompdb/1abe01 50.000000
/nfs/cathdata/dompdb/1gdhA1 52.857143
/nfs/cathdata/dompdb/1gca01 58.571429
/nfs/cathdata/dompdb/1gdd01 60.000000
/nfs/cathdata/dompdb/1tadA1 59.285714
/nfs/cathdata/dompdb/1gotA1 51.428571
/nfs/cathdata/dompdb/1gd1O1 67.142857
/nfs/cathdata/dompdb/4gpd11 50.000000
/nfs/cathdata/dompdb/1cerO1 65.714286
/nfs/cathdata/dompdb/1gadO1 68.571429
/nfs/cathdata/dompdb/1gypA1 71.428571
/nfs/cathdata/dompdb/1hdgO1 65.000000
/nfs/cathdata/dompdb/2lbp02 57.142857
/nfs/cathdata/dompdb/2liv02 57.142857
/nfs/cathdata/dompdb/2lbp01 57.142857
/nfs/cathdata/dompdb/2liv01 56.428571
/nfs/cathdata/dompdb/1pea02 50.000000
/nfs/cathdata/dompdb/1pea01 54.285714
/nfs/cathdata/dompdb/1ecl01 48.571429
/nfs/cathdata/dompdb/1admA1 65.714286
/nfs/cathdata/dompdb/1dctA1 67.857143
/nfs/cathdata/dompdb/1hmy01 62.142857
/tmp/1garA0 65.000000
/data/pdb_release/all/pdb1chd.ent 100.000000
/data/pdb_release/all/pdb1thm.ent 71.428571
/tmp/1cseE0 72.857143
/data/pdb_release/all/pdb1st3.ent 70.000000
/data/pdb_release/all/pdb2pkc.ent 65.000000
/data/pdb_release/all/pdb1s01.ent 73.571429
/nfs/cathdata/dompdb/1poxA2 48.571429
/nfs/cathdata/dompdb/1pvdA2 58.571429
/nfs/cathdata/dompdb/2pia02 52.857143
/nfs/cathdata/dompdb/1fnb02 55.714286
/nfs/cathdata/dompdb/1que02 52.857143
/nfs/cathdata/dompdb/1cnd02 55.714286
/nfs/cathdata/dompdb/1ndh02 57.142857
/nfs/cathdata/dompdb/1gph12 45.714286
/nfs/cathdata/dompdb/1ecgA2 51.428571
/data/pdb_release/all/pdb1sto.ent 67.857143
/nfs/cathdata/dompdb/2bgt02 52.857143
/nfs/cathdata/dompdb/2bgt01 53.571429
/nfs/cathdata/dompdb/2nacA1 63.571429
/data/pdb_release/all/pdb1dhr.ent 73.571429
/tmp/1hdcA0 74.285714
/data/pdb_release/all/pdb1eny.ent 70.714286
/nfs/cathdata/dompdb/1psdA1 39.285714
/nfs/cathdata/dompdb/1psdA2 55.714286
/nfs/cathdata/dompdb/1qorA2 59.285714
/nfs/cathdata/dompdb/3btoA2 58.571429
/nfs/cathdata/dompdb/1dehA2 60.000000
/nfs/cathdata/dompdb/1cdoA2 62.857143
/nfs/cathdata/dompdb/1tehA2 60.000000
/nfs/cathdata/dompdb/1agnA2 61.428571
/nfs/cathdata/dompdb/1dih01 47.142857
/nfs/cathdata/dompdb/2pgd01 71.428571
/nfs/cathdata/dompdb/1dpgA1 62.857143
/nfs/cathdata/dompdb/1dbqA1 57.142857
/nfs/cathdata/dompdb/1tlfA1 50.000000
/nfs/cathdata/dompdb/2dri02 56.428571
/nfs/cathdata/dompdb/1gca02 50.714286
/nfs/cathdata/dompdb/2gbp02 46.428571
/nfs/cathdata/dompdb/8abp02 61.428571
/data/pdb_release/all/pdb1ghu.ent 28.571429
/nfs/cathdata/dompdb/1ad5A2 27.857143
/tmp/1ayaA0 27.857143
/tmp/2pldA0 27.857143
/data/pdb_release/all/pdb1svq.ent 44.285714
/data/pdb_release/all/pdb1vil.ent 22.142857
/data/pdb_release/all/pdb1aba.ent 35.714286
/data/pdb_release/all/pdb1ego.ent 42.142857
/tmp/2trxA0 47.857143
/data/pdb_release/all/pdb1thx.ent 46.428571
/data/pdb_release/all/pdb3trx.ent 46.428571
/data/pdb_release/all/pdb1tof.ent 46.428571
/nfs/cathdata/dompdb/1pxtA1 46.428571
/nfs/cathdata/dompdb/1pxtA2 42.857143
/nfs/cathdata/dompdb/2yhx02 46.428571
/nfs/cathdata/dompdb/1dik01 37.142857
/nfs/cathdata/dompdb/2minA3 42.142857
/nfs/cathdata/dompdb/1mioA3 40.714286
/nfs/cathdata/dompdb/2minB2 27.142857
/nfs/cathdata/dompdb/2minB3 50.000000
/nfs/cathdata/dompdb/1mioB2 35.714286
/nfs/cathdata/dompdb/1mioB4 48.571429
/nfs/cathdata/dompdb/2minA2 42.142857
/nfs/cathdata/dompdb/1mioA2 50.000000
/nfs/cathdata/dompdb/2minB1 41.428571
/nfs/cathdata/dompdb/1mioB1 45.000000
/nfs/cathdata/dompdb/1iow01 29.285714
/nfs/cathdata/dompdb/1bncA1 38.571429
/nfs/cathdata/dompdb/3ecaA2 48.571429
/nfs/cathdata/dompdb/1agx02 47.142857
/nfs/cathdata/dompdb/3pga12 48.571429
/nfs/cathdata/dompdb/1pkyA1 47.857143
/nfs/cathdata/dompdb/1pkm01 57.142857
/nfs/cathdata/dompdb/1hsbA1 52.857143
/nfs/cathdata/dompdb/2clrA1 54.285714
/nfs/cathdata/dompdb/1mhcA1 59.285714
/tmp/1tmcA0 52.142857
/nfs/cathdata/dompdb/1fruA1 59.285714
/nfs/cathdata/dompdb/1tssA1 39.285714
/nfs/cathdata/dompdb/1se202 40.714286
/nfs/cathdata/dompdb/1sebD2 30.000000
/nfs/cathdata/dompdb/1esfA2 50.714286
/data/pdb_release/all/pdb1vhh.ent 35.000000
/nfs/cathdata/dompdb/3pmgA4 58.571429
/nfs/cathdata/dompdb/1imbA1 51.428571
/nfs/cathdata/dompdb/5fbpA1 49.285714
/nfs/cathdata/dompdb/1ftaA1 49.285714
/nfs/cathdata/dompdb/1spiA1 45.714286
/nfs/cathdata/dompdb/1inp02 39.285714
/nfs/cathdata/dompdb/1gd1O2 47.857143
/nfs/cathdata/dompdb/4gpd12 38.571429
/nfs/cathdata/dompdb/1cerO2 54.285714
/nfs/cathdata/dompdb/1gadO2 46.428571
/nfs/cathdata/dompdb/1gypA2 52.142857
/nfs/cathdata/dompdb/1hdgO2 45.000000
/data/pdb_release/all/pdb1cia.ent 60.714286
/nfs/cathdata/dompdb/1gal03 63.571429
/nfs/cathdata/dompdb/1dpgA2 70.714286
/data/pdb_release/all/pdb1dpb.ent 47.142857
/data/pdb_release/all/pdb1adn.ent 22.142857
/data/pdb_release/all/pdb2pna.ent 29.285714
/data/pdb_release/all/pdb1ab2.ent 22.142857
/tmp/1shaA0 28.571429
/tmp/1lcjA0 28.571429
/tmp/1csyA0 23.571429
/data/pdb_release/all/pdb1blj.ent 27.857143
/data/pdb_release/all/pdb1fim.ent 31.428571
/tmp/1mifA0 33.571429
/tmp/1kptA0 30.714286
/nfs/cathdata/dompdb/1dja01 41.428571
/nfs/cathdata/dompdb/1mblA1 38.571429
/nfs/cathdata/dompdb/1btl01 37.142857
/data/pdb_release/all/pdb2phy.ent 42.142857
/data/pdb_release/all/pdb1fil.ent 44.285714
/data/pdb_release/all/pdb1pne.ent 45.714286
/data/pdb_release/all/pdb1acf.ent 44.285714
/data/pdb_release/all/pdb2acg.ent 45.714286
/data/pdb_release/all/pdb1cqa.ent 45.714286
/nfs/cathdata/dompdb/1pnkB1 44.285714
/nfs/cathdata/dompdb/1oacA1 38.571429
/tmp/1otgA0 38.571429
/nfs/cathdata/dompdb/1ami02 35.714286
/nfs/cathdata/dompdb/1bpb02 41.428571
/nfs/cathdata/dompdb/9icwA3 42.857143
/nfs/cathdata/dompdb/1daaA1 37.857143
/nfs/cathdata/dompdb/1iov02 45.714286
/nfs/cathdata/dompdb/1glt02 42.857143
/tmp/1gtqA0 40.000000
/nfs/cathdata/dompdb/1bia02 46.428571
/nfs/cathdata/dompdb/1antI2 41.428571
/nfs/cathdata/dompdb/1hleA2 55.000000
/nfs/cathdata/dompdb/1ovaA2 50.714286
/nfs/cathdata/dompdb/2achA1 50.714286
/nfs/cathdata/dompdb/7apiA2 55.714286
/nfs/cathdata/dompdb/1pnkB2 37.142857
/nfs/cathdata/dompdb/1ami03 42.857143
/nfs/cathdata/dompdb/1hocA1 50.714286
/nfs/cathdata/dompdb/1hsaA1 52.142857
/nfs/cathdata/dompdb/1vaaA1 53.571429
/nfs/cathdata/dompdb/1dik06 35.714286
/nfs/cathdata/dompdb/1mdl01 35.714286
/nfs/cathdata/dompdb/4enl01 35.714286
/nfs/cathdata/dompdb/1pdz01 37.142857
/nfs/cathdata/dompdb/1nhp03 41.428571
/nfs/cathdata/dompdb/3ladA3 45.714286
/nfs/cathdata/dompdb/1lpfA3 48.571429
/nfs/cathdata/dompdb/1lvl03 47.142857
/nfs/cathdata/dompdb/1ebdA3 47.857143
/nfs/cathdata/dompdb/1tytA3 46.428571
/nfs/cathdata/dompdb/1gesA3 42.857143
/nfs/cathdata/dompdb/3grs03 40.714286
/nfs/cathdata/dompdb/1irk01 35.000000
/nfs/cathdata/dompdb/1apmE2 35.714286
/nfs/cathdata/dompdb/1ckiA1 44.285714
/nfs/cathdata/dompdb/1csn01 44.285714
/nfs/cathdata/dompdb/1coy02 43.571429
/nfs/cathdata/dompdb/1rthA4 38.571429
/tmp/1hrhA0 47.142857
/data/pdb_release/all/pdb2rn2.ent 47.142857
/data/pdb_release/all/pdb1ril.ent 54.285714
/tmp/1hjrA0 58.571429
/data/pdb_release/all/pdb1itg.ent 42.142857
/data/pdb_release/all/pdb1asu.ent 40.714286
/nfs/cathdata/dompdb/1bcmA1 40.000000
/nfs/cathdata/dompdb/1atr03 41.428571
/nfs/cathdata/dompdb/1atnA2 35.000000
/nfs/cathdata/dompdb/2btfA2 34.285714
/nfs/cathdata/dompdb/2yhx03 54.285714
/nfs/cathdata/dompdb/1atr01 55.714286
/nfs/cathdata/dompdb/1mngA2 37.857143
/nfs/cathdata/dompdb/3sdpA2 14.285714
/tmp/1kpaA0 45.000000
/nfs/cathdata/dompdb/1bpb03 15.000000
/nfs/cathdata/dompdb/1pkp02 31.428571
/nfs/cathdata/dompdb/1dar04 40.000000
/tmp/1copD0 32.142857
/data/pdb_release/all/pdb1orc.ent 30.714286
/nfs/cathdata/dompdb/2reb02 27.142857
/nfs/cathdata/dompdb/1derA2 33.571429
/tmp/1iceB0 14.285714
/tmp/2kauA0 30.000000
/nfs/cathdata/dompdb/1gpmA3 33.571429
/nfs/cathdata/dompdb/1mxa03 34.285714
/nfs/cathdata/dompdb/1mxa01 35.714286
/nfs/cathdata/dompdb/1mxa02 35.000000
/nfs/cathdata/dompdb/1xrb02 27.857143
/nfs/cathdata/dompdb/1ytbA2 33.571429
/nfs/cathdata/dompdb/1tghA2 36.428571
/nfs/cathdata/dompdb/1vokA2 35.000000
/nfs/cathdata/dompdb/1tbpA1 39.285714
/nfs/cathdata/dompdb/1tghA1 36.428571
/nfs/cathdata/dompdb/1vokA1 38.571429
/nfs/cathdata/dompdb/1pczA1 43.571429
/nfs/cathdata/dompdb/1pczA2 29.285714
/nfs/cathdata/dompdb/1bmc02 42.857143
/nfs/cathdata/dompdb/1sebA1 28.571429
/nfs/cathdata/dompdb/1sebB1 35.000000
/tmp/2sicI0 31.428571
/nfs/cathdata/dompdb/1dih02 35.714286
/tmp/1brsD0 34.285714
/data/pdb_release/all/pdb1msc.ent 42.857143
/tmp/1unaA0 45.714286
/nfs/cathdata/dompdb/1chkA2 20.714286
/nfs/cathdata/dompdb/1svb03 20.000000
/nfs/cathdata/dompdb/1oacA4 32.142857
/tmp/1latA0 14.285714
/tmp/2nllA0 14.285714
/tmp/2nllB0 20.714286
/data/pdb_release/all/pdb1tns.ent 15.000000
/data/pdb_release/all/pdb1ife.ent 12.857143
/data/pdb_release/all/pdb1tig.ent 37.142857
/nfs/cathdata/dompdb/1hpm04 24.285714
/nfs/cathdata/dompdb/1bncA2 14.285714
/nfs/cathdata/dompdb/1iow03 31.428571
/nfs/cathdata/dompdb/1glt03 30.000000
/tmp/1humA0 27.142857
/tmp/1hrjA0 12.857143
/tmp/1domA0 20.000000
/tmp/1plfA0 20.000000
/tmp/1mgsA0 25.714286
/data/pdb_release/all/pdb3il8.ent 25.714286
/tmp/1rhpA0 20.000000
/tmp/1napA0 25.714286
/tmp/1rodA0 14.285714
/data/pdb_release/all/pdb1stu.ent 29.285714
/nfs/cathdata/dompdb/1pkp01 27.142857
/nfs/cathdata/dompdb/1pda03 35.000000
/data/pdb_release/all/pdb1ncs.ent 7.142857
/tmp/1cksA0 14.285714
/tmp/1sceA0 14.285714
/tmp/1dktA0 25.714286
/tmp/1rblM0 30.000000
/tmp/3rubS0 30.000000
/tmp/8rubS0 30.000000
/tmp/8rucI0 30.000000
/tmp/1burS0 30.000000
/nfs/cathdata/dompdb/1amg02 25.714286
/nfs/cathdata/dompdb/1amy02 27.857143
/data/pdb_release/all/pdb1zer.ent 37.142857
/data/pdb_release/all/pdb1aps.ent 35.714286
/tmp/2bopA0 35.000000
/data/pdb_release/all/pdb2pii.ent 32.142857
/tmp/2chsA0 38.571429
/nfs/cathdata/dompdb/8atcB1 33.571429
/nfs/cathdata/dompdb/2atcB1 7.142857
/tmp/1nhkL0 41.428571
/data/pdb_release/all/pdb1ndk.ent 42.857143
/tmp/1nsqA0 42.857143
/tmp/1nskL0 46.428571
/nfs/cathdata/dompdb/1rbaA1 45.000000
/nfs/cathdata/dompdb/3rubL1 37.857143
/nfs/cathdata/dompdb/8rucA1 40.714286
/nfs/cathdata/dompdb/1rblA1 37.857143
/nfs/cathdata/dompdb/1ars01 23.571429
/nfs/cathdata/dompdb/7aatA1 22.857143
/nfs/cathdata/dompdb/2cstA1 22.857143
/nfs/cathdata/dompdb/1ordA3 42.857143
/nfs/cathdata/dompdb/2dkb01 39.285714
/nfs/cathdata/dompdb/1tplA1 32.142857
/tmp/1dcoA0 32.142857
/data/pdb_release/all/pdb1vig.ent 25.714286
/tmp/1xxaA0 31.428571
/nfs/cathdata/dompdb/1bgw04 51.428571
/nfs/cathdata/dompdb/1dar05 38.571429
/nfs/cathdata/dompdb/1mla01 33.571429
/nfs/cathdata/dompdb/1psdA3 33.571429
/nfs/cathdata/dompdb/1dloA2 27.857143
/nfs/cathdata/dompdb/1mml02 40.000000
/tmp/1gluA0 14.285714
/data/pdb_release/all/pdb1hra.ent 14.285714
/tmp/1hcqA0 14.285714
/nfs/cathdata/dompdb/1bgw01 28.571429
/data/pdb_release/all/pdb1nef.ent 23.571429
/tmp/1efnB0 23.571429
/nfs/cathdata/dompdb/1gky01 21.428571
/nfs/cathdata/dompdb/1yua01 25.714286
/data/pdb_release/all/pdb1vcc.ent 37.142857
/nfs/cathdata/dompdb/1svb02 35.000000
/nfs/cathdata/dompdb/1yua02 18.571429
/tmp/1otfA0 21.428571
/data/pdb_release/all/pdb1cbn.ent 12.857143
/data/pdb_release/all/pdb1bhp.ent 14.285714
/data/pdb_release/all/pdb2plh.ent 14.285714
/data/pdb_release/all/pdb1fdx.ent 7.142857
/data/pdb_release/all/pdb1clf.ent 0.000000
/data/pdb_release/all/pdb1fca.ent 7.142857
/data/pdb_release/all/pdb1fdn.ent 7.142857
/data/pdb_release/all/pdb1blu.ent 14.285714
/data/pdb_release/all/pdb1fxd.ent 12.857143
/data/pdb_release/all/pdb2fxb.ent 20.714286
/tmp/1fxrA0 33.571429
/data/pdb_release/all/pdb1rof.ent 7.142857
/data/pdb_release/all/pdb5fd1.ent 20.714286
/data/pdb_release/all/pdb1fwp.ent 32.857143
/data/pdb_release/all/pdb1sxl.ent 27.142857
/data/pdb_release/all/pdb1fht.ent 32.857143
/data/pdb_release/all/pdb1pba.ent 20.000000
/data/pdb_release/all/pdb1ris.ent 32.857143
/data/pdb_release/all/pdb1ctf.ent 35.000000
/tmp/1spbP0 32.857143
/data/pdb_release/all/pdb1ptf.ent 39.285714
/data/pdb_release/all/pdb1poh.ent 40.000000
/data/pdb_release/all/pdb2hpr.ent 39.285714
/data/pdb_release/all/pdb1pch.ent 39.285714
/data/pdb_release/all/pdb1sxm.ent 18.571429
/data/pdb_release/all/pdb2sn3.ent 18.571429
/data/pdb_release/all/pdb1vna.ent 17.142857
/data/pdb_release/all/pdb1nra.ent 17.142857
/data/pdb_release/all/pdb1ptx.ent 25.714286
/data/pdb_release/all/pdb1lqh.ent 24.285714
/data/pdb_release/all/pdb1snb.ent 25.714286
/data/pdb_release/all/pdb1gps.ent 25.714286
/data/pdb_release/all/pdb1gpt.ent 25.714286
/data/pdb_release/all/pdb1chc.ent 7.142857
/data/pdb_release/all/pdb1caa.ent 7.142857
/data/pdb_release/all/pdb1iro.ent 0.000000
/data/pdb_release/all/pdb1rdg.ent 0.000000
/data/pdb_release/all/pdb4rxn.ent 0.000000
/data/pdb_release/all/pdb6rxn.ent 0.000000
/tmp/8rxnA0 0.000000
/tmp/1gatA0 20.000000
/data/pdb_release/all/pdb1bus.ent 7.142857
/data/pdb_release/all/pdb2ovo.ent 14.285714
/data/pdb_release/all/pdb3ovo.ent 14.285714
/nfs/cathdata/dompdb/1tbrR1 14.285714
/nfs/cathdata/dompdb/1tbrR2 14.285714
/data/pdb_release/all/pdb1ptq.ent 20.000000
/nfs/cathdata/dompdb/9wgaA1 7.142857
/nfs/cathdata/dompdb/9wgaA2 7.142857
/nfs/cathdata/dompdb/9wgaA3 7.142857
/nfs/cathdata/dompdb/9wgaA4 7.142857
/nfs/cathdata/dompdb/2cwgA2 7.142857
/nfs/cathdata/dompdb/1wgtA3 7.142857
/tmp/1tgsI0 14.285714
/tmp/1cgiI0 14.285714
/data/pdb_release/all/pdb1pce.ent 14.285714
/data/pdb_release/all/pdb1hev.ent 7.142857
/data/pdb_release/all/pdb2alr.ent 71.428571
/data/pdb_release/all/pdb1frb.ent 71.428571
/nfs/cathdata/dompdb/1rlcL2 74.285714
/nfs/cathdata/dompdb/1rblA2 66.428571
/nfs/cathdata/dompdb/1rbaA2 72.142857
/nfs/cathdata/dompdb/1oneA2 72.857143
/nfs/cathdata/dompdb/1pdz02 68.571429
/tmp/1chrA0 80.000000
/tmp/1mucA0 64.285714
/data/pdb_release/all/pdb2mnr.ent 70.000000
/nfs/cathdata/dompdb/1mdr02 53.571429
/data/pdb_release/all/pdb1gox.ent 72.857143
/tmp/1fcbB0 79.285714
/nfs/cathdata/dompdb/2tmdA1 76.428571
/data/pdb_release/all/pdb1oya.ent 74.285714
/data/pdb_release/all/pdb1add.ent 75.000000
/data/pdb_release/all/pdb1pta.ent 79.285714
/data/pdb_release/all/pdb1xis.ent 60.714286
/tmp/1ximA0 58.571429
/tmp/1xlaA0 61.428571
/tmp/1dxiA0 56.428571
/data/pdb_release/all/pdb1dtp.ent 65.000000
/tmp/1dmaA0 62.142857
/nfs/cathdata/dompdb/1dik04 69.285714
/nfs/cathdata/dompdb/1kauC2 78.571429
/nfs/cathdata/dompdb/1aa8A2 52.142857
/tmp/1hymA0 7.142857
/tmp/1cseI0 21.428571
/tmp/1ypcI0 21.428571
/data/pdb_release/all/pdb1cis.ent 20.000000
/data/pdb_release/all/pdb1mit.ent 21.428571
/nfs/cathdata/dompdb/2baa02 7.142857
/data/pdb_release/all/pdb1ica.ent 7.142857
/data/pdb_release/all/pdb1cnv.ent 79.285714
/tmp/1xyzA0 74.285714
/data/pdb_release/all/pdb1exp.ent 73.571429
/tmp/1clxA0 75.000000
/data/pdb_release/all/pdb2ebn.ent 65.000000
/data/pdb_release/all/pdb1edt.ent 68.571429
/nfs/cathdata/dompdb/1ctn02 74.285714
/data/pdb_release/all/pdb1cec.ent 68.571429
/tmp/1ghsA0 75.714286
/data/pdb_release/all/pdb1ghr.ent 78.571429
/data/pdb_release/all/pdb1cbg.ent 77.142857
/nfs/cathdata/dompdb/1amg01 65.714286
/nfs/cathdata/dompdb/1amy01 67.857143
/nfs/cathdata/dompdb/2aaa01 67.857143
/nfs/cathdata/dompdb/2taaA1 61.428571
/nfs/cathdata/dompdb/1ppi01 72.142857
/data/pdb_release/all/pdb1hny.ent 70.714286
/nfs/cathdata/dompdb/1cgt01 72.142857
/nfs/cathdata/dompdb/1cdg01 72.857143
/nfs/cathdata/dompdb/1cyg01 76.428571
/nfs/cathdata/dompdb/1ciu01 75.000000
/nfs/cathdata/dompdb/1pamA1 75.000000
/data/pdb_release/all/pdb1btc.ent 77.857143
/nfs/cathdata/dompdb/1bglA3 60.000000
/tmp/1pbgA0 65.000000
/tmp/1tpfA0 70.000000
/tmp/1ypiA0 71.428571
/tmp/1timA0 72.857143
/tmp/1treA0 74.285714
/tmp/1htiA0 71.428571
/tmp/1btmA0 74.285714
/data/pdb_release/all/pdb1ads.ent 70.000000
/data/pdb_release/all/pdb1ral.ent 68.571429
/nfs/cathdata/dompdb/1csbB2 50.000000
/nfs/cathdata/dompdb/1bmc01 52.142857
/nfs/cathdata/dompdb/1ezm01 41.428571
/nfs/cathdata/dompdb/1esp01 40.000000
/nfs/cathdata/dompdb/2tmnE1 41.428571
/nfs/cathdata/dompdb/1dhy01 54.285714
/nfs/cathdata/dompdb/1han01 54.285714
/nfs/cathdata/dompdb/1dhy02 60.000000
/nfs/cathdata/dompdb/1han02 60.000000
/data/pdb_release/all/pdb1std.ent 59.285714
/data/pdb_release/all/pdb2cba.ent 65.000000
/data/pdb_release/all/pdb1crm.ent 70.000000
/tmp/1dmxA0 63.571429
/nfs/cathdata/dompdb/1bncA3 62.857143
/nfs/cathdata/dompdb/1daaA2 62.857143
/data/pdb_release/all/pdb1gym.ent 79.285714
/nfs/cathdata/dompdb/1ami04 59.285714
/tmp/1fvpA0 60.714286
/data/pdb_release/all/pdb1nfp.ent 61.428571
/tmp/1brlB0 72.142857
/tmp/1lucA0 70.000000
/data/pdb_release/all/pdb1tml.ent 61.428571
/nfs/cathdata/dompdb/1pii02 66.428571
/nfs/cathdata/dompdb/1pii01 79.285714
/data/pdb_release/all/pdb1igs.ent 80.714286
/tmp/1wsyA0 62.857143
/nfs/cathdata/dompdb/1pkm02 76.428571
/nfs/cathdata/dompdb/1pkyA2 77.857143
/tmp/1nal10 78.571429
/tmp/1fbaA0 71.428571
/data/pdb_release/all/pdb1ald.ent 77.142857
/data/pdb_release/all/pdb1nar.ent 69.285714
/data/pdb_release/all/pdb2hvm.ent 80.714286
/data/pdb_release/all/pdb1fkb.ent 39.285714
/data/pdb_release/all/pdb1yat.ent 39.285714
/data/pdb_release/all/pdb1pbk.ent 42.142857
/data/pdb_release/all/pdb1rot.ent 46.428571
/nfs/cathdata/dompdb/1hmy02 20.000000
/tmp/2msbA0 37.142857
/data/pdb_release/all/pdb1hup.ent 39.285714
/tmp/1rtm10 40.000000
/tmp/1rdl10 37.142857
/data/pdb_release/all/pdb1aak.ent 46.428571
/data/pdb_release/all/pdb2uce.ent 43.571429
/data/pdb_release/all/pdb1ucz.ent 34.285714
/tmp/1u9aA0 42.857143
/nfs/cathdata/dompdb/1fcbA1 30.714286
/data/pdb_release/all/pdb1b5m.ent 37.142857
/data/pdb_release/all/pdb1iet.ent 7.142857
/data/pdb_release/all/pdb1cyo.ent 35.714286
/tmp/1mkaA0 37.857143
/data/pdb_release/all/pdb1onc.ent 45.000000
/data/pdb_release/all/pdb7rsa.ent 46.428571
/tmp/1bsrA0 46.428571
/data/pdb_release/all/pdb1ang.ent 51.428571
/data/pdb_release/all/pdb1agi.ent 52.857143
/nfs/cathdata/dompdb/1hpm02 32.142857
/nfs/cathdata/dompdb/2polA3 59.285714
/nfs/cathdata/dompdb/2polA2 42.857143
/nfs/cathdata/dompdb/2polA1 59.285714
/nfs/cathdata/dompdb/9pap01 37.142857
/nfs/cathdata/dompdb/1aec01 38.571429
/nfs/cathdata/dompdb/1gecE1 35.714286
/nfs/cathdata/dompdb/1ppo01 37.142857
/nfs/cathdata/dompdb/1yal01 37.142857
/nfs/cathdata/dompdb/1theA1 35.000000
/data/pdb_release/all/pdb1pgb.ent 27.857143
/data/pdb_release/all/pdb2igg.ent 27.857143
/data/pdb_release/all/pdb3fxc.ent 20.000000
/tmp/1frrA0 38.571429
/tmp/1fxiA0 26.428571
/tmp/1fxaA0 38.571429
/data/pdb_release/all/pdb1frd.ent 37.142857
/data/pdb_release/all/pdb1dox.ent 7.142857
/data/pdb_release/all/pdb1cjn.ent 26.428571
/data/pdb_release/all/pdb1doi.ent 41.428571
/data/pdb_release/all/pdb1put.ent 14.285714
/nfs/cathdata/dompdb/2pia03 30.714286
/data/pdb_release/all/pdb1ubi.ent 27.857143
/nfs/cathdata/dompdb/1lgr02 29.285714
/data/pdb_release/all/pdb1tif.ent 32.142857
/data/pdb_release/all/pdb1rfa.ent 25.714286
/tmp/1molA0 37.142857
/tmp/1stfI0 32.142857
/data/pdb_release/all/pdb1cyu.ent 31.428571
/tmp/1cewI0 30.714286
/tmp/1udiI0 44.285714
/data/pdb_release/all/pdb1fus.ent 25.714286
/data/pdb_release/all/pdb9rnt.ent 24.285714
/data/pdb_release/all/pdb1rds.ent 24.285714
/tmp/1gmpA0 31.428571
/tmp/1brnL0 39.285714
/tmp/2rbiA0 40.714286
/nfs/cathdata/dompdb/1oacA2 37.142857
/nfs/cathdata/dompdb/1prtB1 22.142857
/nfs/cathdata/dompdb/1prtC1 14.285714
/nfs/cathdata/dompdb/1ctn03 30.714286
/nfs/cathdata/dompdb/1gtrA3 29.285714
/nfs/cathdata/dompdb/1grj02 27.142857
/data/pdb_release/all/pdb1tsp.ent 65.714286
/nfs/cathdata/dompdb/1dhx01 12.857143
/nfs/cathdata/dompdb/2psg01 47.857143
/nfs/cathdata/dompdb/1mpp01 48.571429
/nfs/cathdata/dompdb/1bbs01 60.000000
/nfs/cathdata/dompdb/4cms01 59.285714
/nfs/cathdata/dompdb/1smrA1 57.857143
/nfs/cathdata/dompdb/1epmE1 57.142857
/nfs/cathdata/dompdb/1pplE1 66.428571
/nfs/cathdata/dompdb/2apr01 62.857143
/nfs/cathdata/dompdb/1psoE1 60.000000
/nfs/cathdata/dompdb/1htrB1 55.714286
/nfs/cathdata/dompdb/1jxrA1 54.285714
/nfs/cathdata/dompdb/2asi01 49.285714
/nfs/cathdata/dompdb/1smeA1 52.142857
/nfs/cathdata/dompdb/1epmE2 38.571429
/nfs/cathdata/dompdb/1pplE2 58.571429
/nfs/cathdata/dompdb/1mpp02 65.000000
/nfs/cathdata/dompdb/2asi02 50.000000
/nfs/cathdata/dompdb/2apr02 58.571429
/nfs/cathdata/dompdb/1psaA2 52.142857
/nfs/cathdata/dompdb/1lyaB2 65.000000
/nfs/cathdata/dompdb/1rne02 47.142857
/nfs/cathdata/dompdb/1cms02 57.857143
/nfs/cathdata/dompdb/1smrA2 57.857143
/nfs/cathdata/dompdb/1psoE2 54.285714
/nfs/cathdata/dompdb/1htrB2 57.142857
/nfs/cathdata/dompdb/1jxrA2 57.857143
/data/pdb_release/all/pdb2cas.ent 67.857143
/nfs/cathdata/dompdb/1rthA1 27.142857
/data/pdb_release/all/pdb1har.ent 37.142857
/nfs/cathdata/dompdb/1mml01 35.000000
/data/pdb_release/all/pdb1pgx.ent 29.285714
/data/pdb_release/all/pdb4fgf.ent 47.857143
/tmp/1afgA0 47.857143
/data/pdb_release/all/pdb1i1b.ent 46.428571
/data/pdb_release/all/pdb8i1b.ent 47.857143
/tmp/1ilr10 50.000000
/data/pdb_release/all/pdb1hcd.ent 49.285714
/data/pdb_release/all/pdb1tie.ent 54.285714
/data/pdb_release/all/pdb1wbc.ent 52.857143
/nfs/cathdata/dompdb/2aaiB2 35.714286
/nfs/cathdata/dompdb/1abrB2 32.142857
/nfs/cathdata/dompdb/2aaiB1 37.142857
/nfs/cathdata/dompdb/1abrB1 27.857143
/tmp/1msaA0 41.428571
/nfs/cathdata/dompdb/1dlc03 52.857143
/tmp/1vmoA0 33.571429
/data/pdb_release/all/pdb1hxn.ent 60.000000
/nfs/cathdata/dompdb/1fbl02 62.142857
/data/pdb_release/all/pdb1rtg.ent 69.285714
/data/pdb_release/all/pdb1pex.ent 65.714286
/data/pdb_release/all/pdb2nn9.ent 62.857143
/data/pdb_release/all/pdb2bat.ent 61.428571
/tmp/1nscA0 61.428571
/data/pdb_release/all/pdb1inv.ent 60.714286
/data/pdb_release/all/pdb1sim.ent 65.714286
/tmp/2bbkH0 62.857143
/tmp/1mdaH0 64.285714
/tmp/2madH0 0.000000
/nfs/cathdata/dompdb/1gof02 62.142857
/tmp/3aahA0 66.428571
/nfs/cathdata/dompdb/1kapP1 29.285714
/nfs/cathdata/dompdb/1sat01 26.428571
/nfs/cathdata/dompdb/1lxa01 24.285714
/data/pdb_release/all/pdb2pec.ent 71.428571
/nfs/cathdata/dompdb/2taaA2 25.714286
/nfs/cathdata/dompdb/1ppi02 40.000000
/nfs/cathdata/dompdb/1bvp12 33.571429
/data/pdb_release/all/pdb1bcx.ent 58.571429
/tmp/1enxA0 59.285714
/data/pdb_release/all/pdb1xnd.ent 60.000000
/data/pdb_release/all/pdb1xyn.ent 60.000000
/data/pdb_release/all/pdb1yna.ent 60.000000
/tmp/2pcdA0 53.571429
/tmp/2pcdM0 50.000000
/nfs/cathdata/dompdb/1dlc02 43.571429
/nfs/cathdata/dompdb/1ciy03 45.000000
/nfs/cathdata/dompdb/1ddt03 42.142857
/tmp/1gff10 59.285714
/tmp/2bpa10 63.571429
/data/pdb_release/all/pdb1jbc.ent 54.285714
/data/pdb_release/all/pdb2cna.ent 55.714286
/nfs/cathdata/dompdb/1dhx04 39.285714
/tmp/4htcI0 14.285714
/data/pdb_release/all/pdb1hic.ent 12.857143
/nfs/cathdata/dompdb/1ecl03 40.714286
/data/pdb_release/all/pdb1htp.ent 55.000000
/tmp/1dupA0 39.285714
/nfs/cathdata/dompdb/1ggtA1 55.000000
/tmp/1tsrA0 58.571429
/data/pdb_release/all/pdb1gpr.ent 51.428571
/data/pdb_release/all/pdb1f3g.ent 55.000000
/nfs/cathdata/dompdb/1aozA3 68.571429
/nfs/cathdata/dompdb/1oacA3 67.142857
/nfs/cathdata/dompdb/1bglA5 60.714286
/nfs/cathdata/dompdb/1bglA1 51.428571
/tmp/1celA0 69.285714
/tmp/1afcA0 35.000000
/tmp/2plv20 55.000000
/tmp/1rhi20 52.142857
/data/pdb_release/all/pdb1pov.ent 71.428571
/tmp/1bmv10 50.000000
/tmp/4sbvA0 47.142857
/tmp/1smvA0 48.571429
/tmp/2tbvA0 55.000000
/tmp/2bbvA0 65.000000
/tmp/1bmv20 67.142857
/tmp/1tnfA0 37.142857
/tmp/1tnrA0 36.428571
/tmp/1hlcA0 42.857143
/tmp/1sltA0 43.571429
/tmp/2ltnA0 45.000000
/tmp/1lenA0 43.571429
/tmp/1lgcA0 40.000000
/data/pdb_release/all/pdb1lte.ent 59.285714
/data/pdb_release/all/pdb1sba.ent 52.142857
/data/pdb_release/all/pdb1gsl.ent 62.857143
/tmp/2pelA0 57.857143
/tmp/1fatA0 59.285714
/tmp/1ioaA0 57.142857
/tmp/1sacA0 61.428571
/tmp/1gnhA0 58.571429
/data/pdb_release/all/pdb2ayh.ent 57.857143
/data/pdb_release/all/pdb1cpm.ent 58.571429
/data/pdb_release/all/pdb1gbg.ent 58.571429
/nfs/cathdata/dompdb/1cgt02 33.571429
/nfs/cathdata/dompdb/1cdg02 31.428571
/nfs/cathdata/dompdb/1cyg02 31.428571
/nfs/cathdata/dompdb/1ciu02 32.857143
/nfs/cathdata/dompdb/1pamA2 31.428571
/nfs/cathdata/dompdb/2aaa02 48.571429
/nfs/cathdata/dompdb/1pnf02 45.714286
/data/pdb_release/all/pdb1knb.ent 42.857143
/tmp/1sluA0 38.571429
/nfs/cathdata/dompdb/1lla02 65.714286
/nfs/cathdata/dompdb/1svb01 42.142857
/data/pdb_release/all/pdb1cyw.ent 60.714286
/nfs/cathdata/dompdb/1hcz01 46.428571
/data/pdb_release/all/pdb1thw.ent 59.285714
/tmp/1cauB0 68.571429
/nfs/cathdata/dompdb/2phlA3 49.285714
/nfs/cathdata/dompdb/2phlA2 60.714286
/data/pdb_release/all/pdb2stv.ent 53.571429
/tmp/1bbt10 32.142857
/tmp/1pov10 47.142857
/tmp/1pvc10 47.142857
/tmp/1r0910 48.571429
/tmp/1rhi10 59.285714
/tmp/1tme10 49.285714
/tmp/2mev10 50.714286
/tmp/2bpa20 35.714286
/tmp/1gff20 42.857143
/tmp/1bbt30 55.000000
/tmp/1tme30 55.714286
/tmp/2mev30 48.571429
/tmp/1r0930 55.714286
/tmp/1pov30 55.714286
/tmp/1pvc30 55.714286
/tmp/1rhi30 49.285714
/tmp/1bbt20 48.571429
/tmp/1tme20 48.571429
/tmp/2mev20 50.000000
/tmp/1r0920 48.571429
/tmp/1pvc20 48.571429
/data/pdb_release/all/pdb1arn.ent 47.142857
/tmp/1aizA0 47.142857
/data/pdb_release/all/pdb1aaj.ent 35.000000
/nfs/cathdata/dompdb/1aozA1 42.857143
/nfs/cathdata/dompdb/1aozA2 58.571429
/nfs/cathdata/dompdb/1gof03 36.428571
/nfs/cathdata/dompdb/1nif01 45.000000
/nfs/cathdata/dompdb/1afnA1 42.142857
/nfs/cathdata/dompdb/1nif02 61.428571
/nfs/cathdata/dompdb/1ntd02 62.857143
/tmp/1eta10 46.428571
/tmp/1tfpA0 37.142857
/tmp/1sxaA0 45.714286
/tmp/1srdA0 36.428571
/data/pdb_release/all/pdb1jcv.ent 45.714286
/tmp/1sosA0 46.428571
/tmp/1xsoA0 46.428571
/data/pdb_release/all/pdb1akp.ent 33.571429
/data/pdb_release/all/pdb1acx.ent 35.714286
/data/pdb_release/all/pdb1noa.ent 45.000000
/data/pdb_release/all/pdb2mcm.ent 52.142857
/nfs/cathdata/dompdb/1clc01 33.571429
/nfs/cathdata/dompdb/1ctn01 39.285714
/data/pdb_release/all/pdb1exg.ent 40.000000
/nfs/cathdata/dompdb/1bglA4 35.000000
/nfs/cathdata/dompdb/1bglA2 35.714286
/nfs/cathdata/dompdb/1svcP3 42.142857
/nfs/cathdata/dompdb/1svb04 35.000000
/nfs/cathdata/dompdb/1gof01 33.571429
/nfs/cathdata/dompdb/2sblB1 29.285714
/nfs/cathdata/dompdb/1hplA2 41.428571
/nfs/cathdata/dompdb/1lpbB2 37.142857
/nfs/cathdata/dompdb/1pgs01 41.428571
/data/pdb_release/all/pdb1ten.ent 37.142857
/nfs/cathdata/dompdb/1fnf01 32.142857
/nfs/cathdata/dompdb/1fnf02 35.000000
/nfs/cathdata/dompdb/1fnf03 35.000000
/nfs/cathdata/dompdb/1cfb01 32.142857
/nfs/cathdata/dompdb/1cfb02 32.142857
/tmp/1wapA0 36.428571
/data/pdb_release/all/pdb1ncg.ent 28.571429
/data/pdb_release/all/pdb1suh.ent 35.000000
/nfs/cathdata/dompdb/1ggtA4 37.142857
/nfs/cathdata/dompdb/1cgt04 33.571429
/nfs/cathdata/dompdb/1cdg04 37.142857
/nfs/cathdata/dompdb/1cyg04 33.571429
/data/pdb_release/all/pdb1kul.ent 24.285714
/nfs/cathdata/dompdb/1ciu04 32.142857
/nfs/cathdata/dompdb/1pamA4 36.428571
/nfs/cathdata/dompdb/1cgt03 37.142857
/nfs/cathdata/dompdb/1cdg03 37.142857
/nfs/cathdata/dompdb/1cyg03 35.000000
/nfs/cathdata/dompdb/1ciu03 37.142857
/nfs/cathdata/dompdb/1pamA3 38.571429
/data/pdb_release/all/pdb1rsy.ent 49.285714
/data/pdb_release/all/pdb1plc.ent 40.714286
/data/pdb_release/all/pdb9pcy.ent 35.000000
/data/pdb_release/all/pdb2plt.ent 42.142857
/data/pdb_release/all/pdb7pcy.ent 45.000000
/data/pdb_release/all/pdb1pla.ent 40.000000
/data/pdb_release/all/pdb1nin.ent 20.000000
/data/pdb_release/all/pdb1paz.ent 48.571429
/data/pdb_release/all/pdb1pmy.ent 46.428571
/data/pdb_release/all/pdb1zia.ent 43.571429
/tmp/1adwA0 43.571429
/tmp/1vlxA0 45.000000
/nfs/cathdata/dompdb/1vgeH1 38.571429
/nfs/cathdata/dompdb/1yuhB1 42.857143
/nfs/cathdata/dompdb/1clyH1 43.571429
/nfs/cathdata/dompdb/1kelH1 41.428571
/nfs/cathdata/dompdb/1nldH1 40.714286
/nfs/cathdata/dompdb/1ghfH1 35.714286
/nfs/cathdata/dompdb/1ospH1 42.142857
/nfs/cathdata/dompdb/1mimH1 40.000000
/nfs/cathdata/dompdb/1cloH1 43.571429
/nfs/cathdata/dompdb/1plgL1 42.142857
/nfs/cathdata/dompdb/1ghfL1 42.857143
/nfs/cathdata/dompdb/1clzL1 44.285714
/nfs/cathdata/dompdb/1kelL1 42.857143
/nfs/cathdata/dompdb/1gafL1 43.571429
/nfs/cathdata/dompdb/1iaiL1 35.000000
/nfs/cathdata/dompdb/1aifA1 35.000000
/nfs/cathdata/dompdb/1vgeL1 43.571429
/nfs/cathdata/dompdb/1nldL1 42.857143
/nfs/cathdata/dompdb/1ospL1 41.428571
/nfs/cathdata/dompdb/1mimL1 41.428571
/nfs/cathdata/dompdb/1lilA1 42.857143
/nfs/cathdata/dompdb/1cloL1 46.428571
/nfs/cathdata/dompdb/1bec01 42.857143
/nfs/cathdata/dompdb/1tcrB1 41.428571
/data/pdb_release/all/pdb1tit.ent 24.285714
/data/pdb_release/all/pdb1cid.ent 65.714286
/data/pdb_release/all/pdb3cd4.ent 42.857143
/data/pdb_release/all/pdb1hoe.ent 29.285714
/nfs/cathdata/dompdb/3hhrB1 35.000000
/nfs/cathdata/dompdb/3hhrB2 35.000000
/nfs/cathdata/dompdb/1fieA3 41.428571
/nfs/cathdata/dompdb/1hft01 40.714286
/data/pdb_release/all/pdb1ttf.ent 37.142857
/nfs/cathdata/dompdb/1hilA1 42.857143
/nfs/cathdata/dompdb/1ggbL1 42.857143
/nfs/cathdata/dompdb/1gigL1 41.428571
/nfs/cathdata/dompdb/1mfeL1 42.142857
/nfs/cathdata/dompdb/1igfL1 42.857143
/nfs/cathdata/dompdb/1lmkA2 45.000000
/nfs/cathdata/dompdb/1mcbA1 32.142857
/nfs/cathdata/dompdb/1mlbA1 43.571429
/nfs/cathdata/dompdb/3hfmL1 42.857143
/nfs/cathdata/dompdb/1opgL1 36.428571
/nfs/cathdata/dompdb/1ncaL1 41.428571
/nfs/cathdata/dompdb/1tetL1 42.857143
/nfs/cathdata/dompdb/2fb4L1 42.857143
/nfs/cathdata/dompdb/2fbjL1 47.857143
/nfs/cathdata/dompdb/6fabL1 44.285714
/nfs/cathdata/dompdb/7fabL1 37.857143
/nfs/cathdata/dompdb/8fabA1 43.571429
/nfs/cathdata/dompdb/1eapA1 41.428571
/nfs/cathdata/dompdb/1figL1 35.000000
/nfs/cathdata/dompdb/1forL1 42.857143
/nfs/cathdata/dompdb/1ibgL1 45.000000
/nfs/cathdata/dompdb/1igcL1 33.571429
/nfs/cathdata/dompdb/1jelL1 41.428571
/nfs/cathdata/dompdb/1nsnL1 41.428571
/nfs/cathdata/dompdb/2gfbA1 42.857143
/tmp/1dvfC0 42.142857
/tmp/1dvfD0 42.857143
/data/pdb_release/all/pdb1vhp.ent 27.857143
/nfs/cathdata/dompdb/1gafH1 45.000000
/nfs/cathdata/dompdb/1iaiH1 42.142857
/nfs/cathdata/dompdb/1aifB1 35.000000
/nfs/cathdata/dompdb/1ngpH1 40.000000
/nfs/cathdata/dompdb/1plgH1 44.285714
/nfs/cathdata/dompdb/1mlbB1 41.428571
/nfs/cathdata/dompdb/2cgrH1 47.142857
/nfs/cathdata/dompdb/1eapB1 42.857143
/nfs/cathdata/dompdb/1faiH1 50.000000
/nfs/cathdata/dompdb/1fbiH1 42.142857
/nfs/cathdata/dompdb/1figH1 33.571429
/nfs/cathdata/dompdb/1forH1 41.428571
/nfs/cathdata/dompdb/1fptH1 44.285714
/nfs/cathdata/dompdb/1frgH1 42.857143
/nfs/cathdata/dompdb/1gigH1 42.857143
/nfs/cathdata/dompdb/1ibgH1 41.428571
/nfs/cathdata/dompdb/1igcH1 41.428571
/nfs/cathdata/dompdb/1igjB1 35.714286
/nfs/cathdata/dompdb/1ikfH1 43.571429
/nfs/cathdata/dompdb/1jelH1 40.000000
/nfs/cathdata/dompdb/1mrcH1 46.428571
/nfs/cathdata/dompdb/1nsnH1 37.142857
/nfs/cathdata/dompdb/1opgH1 40.000000
/nfs/cathdata/dompdb/1rmfH1 41.428571
/nfs/cathdata/dompdb/2fgwH1 44.285714
/nfs/cathdata/dompdb/2gfbB1 42.857143
/nfs/cathdata/dompdb/6fabH1 44.285714
/nfs/cathdata/dompdb/1acyL1 45.000000
/nfs/cathdata/dompdb/1bafL1 45.000000
/nfs/cathdata/dompdb/1bbdL1 41.428571
/nfs/cathdata/dompdb/1bqlL1 44.285714
/nfs/cathdata/dompdb/2cgrL1 43.571429
/nfs/cathdata/dompdb/1dbbL1 32.142857
/nfs/cathdata/dompdb/1dfbL1 44.285714
/nfs/cathdata/dompdb/1faiL1 40.000000
/nfs/cathdata/dompdb/1mamL1 40.000000
/nfs/cathdata/dompdb/1ikfL1 42.857143
/nfs/cathdata/dompdb/1frgL1 44.285714
/tmp/1wtlA0 44.285714
/tmp/1breA0 42.142857
/tmp/1fvcB0 43.571429
/tmp/1jhlH0 46.428571
/tmp/1vfaB0 45.000000
/tmp/1igmH0 37.142857
/tmp/1mfaL0 0.000000
/tmp/1fgvH0 43.571429
/tmp/1nmaH0 46.428571
/tmp/2bjl10 47.142857
/nfs/cathdata/dompdb/8fabB1 40.000000
/nfs/cathdata/dompdb/2fb4H1 42.857143
/nfs/cathdata/dompdb/1acyH1 33.571429
/nfs/cathdata/dompdb/1bbdH1 46.428571
/nfs/cathdata/dompdb/2hflH1 43.571429
/nfs/cathdata/dompdb/2fbjH1 42.857143
/nfs/cathdata/dompdb/1hilB1 40.000000
/nfs/cathdata/dompdb/1nbvH1 37.142857
/nfs/cathdata/dompdb/7fabH1 45.000000
/nfs/cathdata/dompdb/1indH1 41.428571
/nfs/cathdata/dompdb/1tetH1 42.857143
/nfs/cathdata/dompdb/1mamH1 41.428571
/nfs/cathdata/dompdb/1ncaH1 41.428571
/nfs/cathdata/dompdb/1dbbH1 35.000000
/nfs/cathdata/dompdb/1dfbH1 43.571429
/nfs/cathdata/dompdb/1flrH1 42.857143
/nfs/cathdata/dompdb/1ggbH1 33.571429
/nfs/cathdata/dompdb/1igfH1 37.142857
/nfs/cathdata/dompdb/1bafH1 38.571429
/nfs/cathdata/dompdb/3hfmH1 41.428571
/nfs/cathdata/dompdb/1mcpH1 45.000000
/nfs/cathdata/dompdb/1lmkA1 45.000000
/nfs/cathdata/dompdb/1mfbH1 45.714286
/nfs/cathdata/dompdb/1fc2D2 39.285714
/nfs/cathdata/dompdb/1gigL2 41.428571
/nfs/cathdata/dompdb/1kelL2 49.285714
/nfs/cathdata/dompdb/1gafL2 49.285714
/nfs/cathdata/dompdb/2fb4L2 37.857143
/nfs/cathdata/dompdb/1yuhB2 12.857143
/nfs/cathdata/dompdb/1clzH2 35.000000
/nfs/cathdata/dompdb/1fc2D1 47.857143
/nfs/cathdata/dompdb/1fruA2 36.428571
/tmp/1hsbB0 33.571429
/tmp/1mhcB0 35.000000
/tmp/1fruB0 35.000000
/data/pdb_release/all/pdb1bmg.ent 35.000000
/nfs/cathdata/dompdb/1dlhA2 35.000000
/nfs/cathdata/dompdb/1sebB2 33.571429
/nfs/cathdata/dompdb/1bec02 41.428571
/nfs/cathdata/dompdb/1vcaA2 37.142857
/data/pdb_release/all/pdb1tnm.ent 33.571429
/nfs/cathdata/dompdb/1vcaA1 42.857143
/data/pdb_release/all/pdb1tlk.ent 42.857143
/nfs/cathdata/dompdb/1hft02 47.142857
/data/pdb_release/all/pdb1cd8.ent 42.857143
/nfs/cathdata/dompdb/1igjA1 44.285714
/tmp/1nmbL0 42.857143
/data/pdb_release/all/pdb2rhe.ent 43.571429
/tmp/1fgvL0 42.857143
/data/pdb_release/all/pdb2imn.ent 43.571429
/tmp/1reiA0 42.142857
/tmp/1fvcA0 45.000000
/tmp/1igmL0 44.285714
/tmp/1jhlL0 42.857143
/tmp/1ivlA0 44.285714
/tmp/1vfaA0 44.285714
/data/pdb_release/all/pdb1pho.ent 63.571429
/data/pdb_release/all/pdb1omf.ent 63.571429
/data/pdb_release/all/pdb3bcl.ent 66.428571
/nfs/cathdata/dompdb/1amm01 32.142857
/nfs/cathdata/dompdb/1amm02 39.285714
/nfs/cathdata/dompdb/2bb202 32.857143
/nfs/cathdata/dompdb/2gcr01 33.571429
/nfs/cathdata/dompdb/2gcr02 32.857143
/nfs/cathdata/dompdb/1elpA1 33.571429
/nfs/cathdata/dompdb/1elpA2 37.857143
/nfs/cathdata/dompdb/2bb201 33.571429
/nfs/cathdata/dompdb/1prr01 32.142857
/nfs/cathdata/dompdb/1prr02 24.285714
/tmp/1mdaL0 20.000000
/tmp/2bbkL0 25.714286
/data/pdb_release/all/pdb1cdb.ent 27.142857
/nfs/cathdata/dompdb/1hngA1 29.285714
/tmp/1cdcA0 24.285714
/nfs/cathdata/dompdb/1hnf02 38.571429
/nfs/cathdata/dompdb/1hngA2 37.142857
/tmp/1mfaH0 0.000000
/nfs/cathdata/dompdb/2fbjH2 25.714286
/nfs/cathdata/dompdb/1mcpH2 38.571429
/nfs/cathdata/dompdb/1hocA2 24.285714
/nfs/cathdata/dompdb/1hsaA2 27.857143
/nfs/cathdata/dompdb/1vaaA2 27.857143
/nfs/cathdata/dompdb/1hsbA2 29.285714
/nfs/cathdata/dompdb/1mhcA2 29.285714
/nfs/cathdata/dompdb/8fabB2 39.285714
/nfs/cathdata/dompdb/1kelH2 35.000000
/nfs/cathdata/dompdb/1bbdH2 39.285714
/nfs/cathdata/dompdb/1ospH2 35.714286
/nfs/cathdata/dompdb/1eapB2 37.142857
/tmp/1lopA0 58.571429
/data/pdb_release/all/pdb2cpl.ent 53.571429
/tmp/1cynA0 52.142857
/tmp/2rmcA0 52.142857
/nfs/cathdata/dompdb/1bucA2 40.714286
/nfs/cathdata/dompdb/3mddA2 45.000000
/nfs/cathdata/dompdb/1kxf02 33.571429
/nfs/cathdata/dompdb/1vcpA2 35.000000
/tmp/1smpI0 44.285714
/nfs/cathdata/dompdb/1svcP1 37.142857
/tmp/1sriA0 45.714286
/tmp/1avdA0 40.000000
/data/pdb_release/all/pdb1hbq.ent 45.714286
/data/pdb_release/all/pdb1rbp.ent 45.714286
/tmp/1epaA0 54.285714
/tmp/1bbpA0 53.571429
/data/pdb_release/all/pdb1mup.ent 53.571429
/data/pdb_release/all/pdb1ifc.ent 57.857143
/data/pdb_release/all/pdb1hmr.ent 56.428571
/tmp/1opaA0 55.000000
/data/pdb_release/all/pdb1adl.ent 55.714286
/data/pdb_release/all/pdb1crb.ent 57.142857
/tmp/1cbiA0 53.571429
/tmp/1ftpA0 54.285714
/data/pdb_release/all/pdb1cbs.ent 55.000000
/tmp/1pmpA0 54.285714
/data/pdb_release/all/pdb1mdc.ent 52.142857
/nfs/cathdata/dompdb/7catA1 68.571429
/data/pdb_release/all/pdb1cae.ent 65.714286
/nfs/cathdata/dompdb/1dar02 40.714286
/nfs/cathdata/dompdb/1gtrA4 35.714286
/data/pdb_release/all/pdb1prn.ent 64.285714
/data/pdb_release/all/pdb2por.ent 65.714286
/nfs/cathdata/dompdb/1ppfE1 32.142857
/nfs/cathdata/dompdb/1svpA1 25.714286
/nfs/cathdata/dompdb/1vcpA1 27.142857
/nfs/cathdata/dompdb/1sgt02 36.428571
/nfs/cathdata/dompdb/1hylA1 41.428571
/nfs/cathdata/dompdb/1try02 33.571429
/nfs/cathdata/dompdb/1sgpE1 27.142857
/nfs/cathdata/dompdb/1hpgA1 35.000000
/nfs/cathdata/dompdb/2sga01 33.571429
/nfs/cathdata/dompdb/2alp01 37.857143
/nfs/cathdata/dompdb/1tal01 39.285714
/nfs/cathdata/dompdb/2sfa01 37.142857
/nfs/cathdata/dompdb/1arb02 45.000000
/nfs/cathdata/dompdb/1hylA2 39.285714
/nfs/cathdata/dompdb/1sgpE2 32.142857
/nfs/cathdata/dompdb/1gbaA2 27.857143
/nfs/cathdata/dompdb/1hpgA2 27.857143
/nfs/cathdata/dompdb/2sga02 33.571429
/nfs/cathdata/dompdb/1tal02 25.714286
/nfs/cathdata/dompdb/2sfa02 33.571429
/nfs/cathdata/dompdb/1arb01 27.857143
/nfs/cathdata/dompdb/1cnd01 39.285714
/nfs/cathdata/dompdb/1ndh01 40.714286
/nfs/cathdata/dompdb/2pia01 41.428571
/nfs/cathdata/dompdb/1fnb01 39.285714
/nfs/cathdata/dompdb/1que01 39.285714
/nfs/cathdata/dompdb/1pkm03 31.428571
/nfs/cathdata/dompdb/1pkn03 27.142857
/nfs/cathdata/dompdb/1pkyA3 32.857143
/nfs/cathdata/dompdb/1pkyC3 25.714286
/nfs/cathdata/dompdb/1eft02 27.857143
/nfs/cathdata/dompdb/1efuA2 25.714286
/data/pdb_release/all/pdb1clh.ent 27.142857
/tmp/1tcwA0 36.428571
/tmp/1cpiA0 36.428571
/tmp/2rspA0 32.857143
/nfs/cathdata/dompdb/1pnkB3 37.142857
/nfs/cathdata/dompdb/1eft03 32.142857
/nfs/cathdata/dompdb/1efuA3 33.571429
/tmp/1ucyE0 37.142857
/tmp/1aksB0 40.000000
/tmp/2pkaB0 46.428571
/nfs/cathdata/dompdb/1hcgA1 35.714286
/nfs/cathdata/dompdb/1thsH1 40.714286
/nfs/cathdata/dompdb/1brbE1 39.285714
/nfs/cathdata/dompdb/4ptp01 39.285714
/nfs/cathdata/dompdb/1mctA1 33.571429
/nfs/cathdata/dompdb/1etrH1 39.285714
/nfs/cathdata/dompdb/1bit01 39.285714
/nfs/cathdata/dompdb/1trnA1 35.000000
/nfs/cathdata/dompdb/1try01 33.571429
/nfs/cathdata/dompdb/5chaA1 42.142857
/nfs/cathdata/dompdb/1sgt01 39.285714
/nfs/cathdata/dompdb/1lmwB1 35.000000
/nfs/cathdata/dompdb/1elg01 42.142857
/nfs/cathdata/dompdb/1elt01 40.714286
/nfs/cathdata/dompdb/1ton01 33.571429
/tmp/1mtnC0 38.571429
/nfs/cathdata/dompdb/1tbs01 40.714286
/nfs/cathdata/dompdb/1pfxC1 42.142857
/nfs/cathdata/dompdb/1fonA1 39.285714
/nfs/cathdata/dompdb/1pytD1 37.142857
/nfs/cathdata/dompdb/1rtfB1 33.571429
/nfs/cathdata/dompdb/1fujA1 33.571429
/nfs/cathdata/dompdb/1dst01 39.285714
/nfs/cathdata/dompdb/3rp2A1 33.571429
/tmp/1ceaA0 0.000000
/tmp/1pmlA0 17.142857
/data/pdb_release/all/pdb1kdu.ent 18.571429
/data/pdb_release/all/pdb1krn.ent 0.000000
/data/pdb_release/all/pdb1bw3.ent 40.000000
/tmp/1ihvA0 27.857143
/nfs/cathdata/dompdb/1hcz02 20.000000
/data/pdb_release/all/pdb1lab.ent 20.000000
/data/pdb_release/all/pdb1bdo.ent 33.571429
/data/pdb_release/all/pdb1afp.ent 14.285714
/tmp/1bovA0 35.000000
/data/pdb_release/all/pdb1mjc.ent 27.857143
/data/pdb_release/all/pdb1csp.ent 29.285714
/data/pdb_release/all/pdb1krs.ent 33.571429
/nfs/cathdata/dompdb/1lylA1 44.285714
/nfs/cathdata/dompdb/1asyA1 35.000000
/data/pdb_release/all/pdb1bgh.ent 25.714286
/data/pdb_release/all/pdb1rip.ent 0.000000
/tmp/1prtD0 33.571429
/tmp/1prtF0 35.000000
/nfs/cathdata/dompdb/1tssA2 35.000000
/nfs/cathdata/dompdb/1prtB2 33.571429
/nfs/cathdata/dompdb/1prtC2 36.428571
/tmp/1ltsD0 46.428571
/tmp/1chbD0 45.000000
/data/pdb_release/all/pdb2sns.ent 46.428571
/nfs/cathdata/dompdb/1bco02 27.857143
/nfs/cathdata/dompdb/1esfA1 33.571429
/nfs/cathdata/dompdb/1sebD1 34.285714
/nfs/cathdata/dompdb/1se201 33.571429
/tmp/1fivA0 35.000000
/tmp/1idaA0 35.000000
/tmp/1hivA0 36.428571
/data/pdb_release/all/pdb1dro.ent 31.428571
/nfs/cathdata/dompdb/1hleA1 38.571429
/nfs/cathdata/dompdb/1ovaA1 52.142857
/nfs/cathdata/dompdb/1kauC1 47.142857
/nfs/cathdata/dompdb/2kauC1 30.000000
/tmp/1ucyH0 37.857143
/nfs/cathdata/dompdb/3rp2A2 40.714286
/nfs/cathdata/dompdb/1ihsH2 39.285714
/nfs/cathdata/dompdb/1gctA2 37.857143
/nfs/cathdata/dompdb/1elg02 37.857143
/nfs/cathdata/dompdb/1brbE2 39.285714
/nfs/cathdata/dompdb/4ptp02 32.142857
/nfs/cathdata/dompdb/1elt02 37.142857
/nfs/cathdata/dompdb/1hneE2 32.142857
/nfs/cathdata/dompdb/1mctA2 39.285714
/nfs/cathdata/dompdb/1etrH2 39.285714
/nfs/cathdata/dompdb/1bit02 36.428571
/nfs/cathdata/dompdb/1trnA2 39.285714
/nfs/cathdata/dompdb/1ton02 40.714286
/tmp/2pkaA0 24.285714
/tmp/1mtnB0 32.142857
/tmp/1aksA0 35.000000
/nfs/cathdata/dompdb/1tbs02 37.857143
/nfs/cathdata/dompdb/1pfxC2 40.714286
/nfs/cathdata/dompdb/1fonA2 42.857143
/nfs/cathdata/dompdb/1pytD2 39.285714
/nfs/cathdata/dompdb/1fujA2 36.428571
/nfs/cathdata/dompdb/1rtfB2 39.285714
/nfs/cathdata/dompdb/1dst02 43.571429
/nfs/cathdata/dompdb/1hcgA2 37.142857
/nfs/cathdata/dompdb/1lmwB2 33.571429
/data/pdb_release/all/pdb1pk4.ent 0.000000
/data/pdb_release/all/pdb2pf1.ent 14.285714
/data/pdb_release/all/pdb1ahl.ent 0.000000
/data/pdb_release/all/pdb1atx.ent 12.857143
/data/pdb_release/all/pdb1sh1.ent 20.000000
/data/pdb_release/all/pdb1apf.ent 0.000000
/nfs/cathdata/dompdb/1dar03 7.142857
/nfs/cathdata/dompdb/1elo03 7.142857
/data/pdb_release/all/pdb1tfi.ent 14.285714
/tmp/4sgbI0 7.142857
/data/pdb_release/all/pdb1tih.ent 14.285714
/nfs/cathdata/dompdb/1raaB2 18.571429
/nfs/cathdata/dompdb/2atcB2 0.000000
/nfs/cathdata/dompdb/1ytfD2 20.000000
/tmp/1ytfC0 20.000000
/data/pdb_release/all/pdb1sso.ent 27.142857
/data/pdb_release/all/pdb1sap.ent 33.571429
/data/pdb_release/all/pdb1hsp.ent 0.000000
/data/pdb_release/all/pdb1gfc.ent 12.857143
/tmp/1aboA0 25.714286
/tmp/1cskA0 27.142857
/tmp/1ckaA0 25.714286
/tmp/1gbrA0 20.000000
/data/pdb_release/all/pdb1shg.ent 29.285714
/tmp/1shfA0 27.142857
/tmp/1nloC0 20.000000
/data/pdb_release/all/pdb1pnj.ent 25.714286
/tmp/1semA0 25.714286
/nfs/cathdata/dompdb/1lckA1 25.714286
/data/pdb_release/all/pdb1tud.ent 25.714286
/data/pdb_release/all/pdb1tuc.ent 25.714286
/nfs/cathdata/dompdb/1ad5A1 25.714286
/data/pdb_release/all/pdb1pls.ent 39.285714
/tmp/1dynA0 41.428571
/data/pdb_release/all/pdb1btn.ent 46.428571
/tmp/1tgxA0 18.571429
/data/pdb_release/all/pdb1nea.ent 18.571429
/data/pdb_release/all/pdb1nor.ent 18.571429
/data/pdb_release/all/pdb1ntx.ent 18.571429
/data/pdb_release/all/pdb1fas.ent 20.000000
/tmp/1cdtA0 20.000000
/data/pdb_release/all/pdb2crs.ent 12.857143
/data/pdb_release/all/pdb1ntn.ent 32.142857
/data/pdb_release/all/pdb1tfs.ent 18.571429
/data/pdb_release/all/pdb1lsi.ent 20.000000
/nfs/cathdata/dompdb/1psi01 39.285714
/nfs/cathdata/dompdb/2achA2 38.571429
/tmp/1bi6H0 14.285714
/data/pdb_release/all/pdb1tpm.ent 20.000000
/nfs/cathdata/dompdb/1hfh01 12.857143
/data/pdb_release/all/pdb1hcc.ent 7.142857
/tmp/1lpbA0 21.428571
/nfs/cathdata/dompdb/1antI1 41.428571
/tmp/1hcnB0 25.714286
/tmp/1hcnA0 40.714286
/tmp/1pdgA0 33.571429
/data/pdb_release/all/pdb2tgi.ent 26.428571
/tmp/1klaA0 18.571429
/data/pdb_release/all/pdb1tgj.ent 26.428571
/data/pdb_release/all/pdb1bet.ent 37.142857
/tmp/1bndA0 35.714286
/tmp/1bndB0 27.857143
/data/pdb_release/all/pdb1fbr.ent 29.285714
/tmp/1umuA0 32.857143
/data/pdb_release/all/pdb1ctl.ent 31.428571
/data/pdb_release/all/pdb1iml.ent 32.857143
/nfs/cathdata/dompdb/1extB1 14.285714
/tmp/2kauB0 25.714286
/tmp/1rprA0 12.857143
/tmp/1fc2C0 14.285714
/tmp/1spzZ0 16.428571
/data/pdb_release/all/pdb1edi.ent 16.428571
/data/pdb_release/all/pdb2pdd.ent 12.857143
/data/pdb_release/all/pdb1bal.ent 14.285714
/tmp/1csbA0 12.857143
/tmp/1htrP0 14.285714
/nfs/cathdata/dompdb/1ilk02 16.428571
/data/pdb_release/all/pdb1bha.ent 16.428571
/nfs/cathdata/dompdb/1grj01 15.000000
/nfs/cathdata/dompdb/1sesA1 20.714286
/data/pdb_release/all/pdb1pdc.ent 0.000000
/tmp/2achB0 0.000000
/data/pdb_release/all/pdb1egf.ent 14.285714
/data/pdb_release/all/pdb1apo.ent 0.000000
/data/pdb_release/all/pdb1fsb.ent 0.000000
/data/pdb_release/all/pdb1hre.ent 0.000000
/data/pdb_release/all/pdb1yuf.ent 0.000000
/tmp/1hcgB0 14.285714
/data/pdb_release/all/pdb1ata.ent 12.857143
/nfs/cathdata/dompdb/1ncfA2 25.714286
/data/pdb_release/all/pdb1cdq.ent 20.000000
/tmp/1kbaA0 32.857143
/tmp/2abxA0 0.000000
/tmp/1abtA0 14.285714
/data/pdb_release/all/pdb3ebx.ent 20.000000
/data/pdb_release/all/pdb2ctx.ent 18.571429
/data/pdb_release/all/pdb2cdx.ent 20.000000
/tmp/1kxiA0 20.000000
/data/pdb_release/all/pdb1cre.ent 12.857143
/data/pdb_release/all/pdb1cod.ent 24.285714
/data/pdb_release/all/pdb1drs.ent 0.000000
/data/pdb_release/all/pdb1lki.ent 22.857143
/tmp/3inkC0 37.142857
/data/pdb_release/all/pdb1hgu.ent 27.142857
/data/pdb_release/all/pdb1huw.ent 27.857143
/tmp/3hhrA0 28.571429
/data/pdb_release/all/pdb1lpt.ent 30.000000
/data/pdb_release/all/pdb1lip.ent 22.142857
/data/pdb_release/all/pdb1mzm.ent 22.142857
/data/pdb_release/all/pdb1hyp.ent 15.000000
/nfs/cathdata/dompdb/1dlc01 37.857143
/nfs/cathdata/dompdb/1ciy01 40.714286
/tmp/1etrL0 7.142857
/tmp/1tbrJ0 14.285714
/tmp/3aahB0 7.142857
/tmp/4aahB0 7.142857
/tmp/1olgA0 7.142857
/tmp/2bbvD0 7.142857
/data/pdb_release/all/pdb2ifo.ent 7.142857
/tmp/1pfiA0 12.857143
/tmp/1junA0 7.142857
/data/pdb_release/all/pdb1tvs.ent 21.428571
/tmp/1ysaC0 7.142857
/data/pdb_release/all/pdb1aml.ent 14.285714
/data/pdb_release/all/pdb125d.ent 14.285714
/data/pdb_release/all/pdb1cld.ent 12.857143
/tmp/1d66A0 15.000000
/data/pdb_release/all/pdb1pyc.ent 12.857143
/nfs/cathdata/dompdb/1poxA4 12.857143
/tmp/1ltsC0 14.285714
/tmp/1xtcC0 14.285714
/tmp/1scmA0 14.285714
/tmp/1mdyB0 12.857143
/data/pdb_release/all/pdb1bct.ent 14.285714
/nfs/cathdata/dompdb/1pcrL2 19.285714
/nfs/cathdata/dompdb/1prcL2 23.571429
/nfs/cathdata/dompdb/1pcrM2 30.000000
/nfs/cathdata/dompdb/1prcM2 30.714286
/nfs/cathdata/dompdb/1dik05 20.714286
/tmp/1bcfA0 22.857143
/data/pdb_release/all/pdb1fha.ent 28.571429
/data/pdb_release/all/pdb1ier.ent 27.142857
/data/pdb_release/all/pdb1rcc.ent 27.857143
/tmp/2ccyA0 22.142857
/data/pdb_release/all/pdb1cpq.ent 22.142857
/tmp/1bbhA0 20.714286
/data/pdb_release/all/pdb1cgn.ent 27.142857
/data/pdb_release/all/pdb1lpe.ent 23.571429
/data/pdb_release/all/pdb2asr.ent 24.285714
/data/pdb_release/all/pdb1vls.ent 25.714286
/data/pdb_release/all/pdb1aep.ent 22.857143
/tmp/256bA0 24.285714
/tmp/2hmqA0 19.285714
/data/pdb_release/all/pdb2mhr.ent 19.285714
/tmp/2tmvP0 27.142857
/tmp/1rmvA0 19.285714
/nfs/cathdata/dompdb/2ilk01 27.142857
/nfs/cathdata/dompdb/1vlk01 23.571429
/nfs/cathdata/dompdb/1bucA3 25.714286
/nfs/cathdata/dompdb/3mddA3 25.714286
/nfs/cathdata/dompdb/1chkA1 31.428571
/data/pdb_release/all/pdb1lis.ent 22.857143
/data/pdb_release/all/pdb1rcb.ent 19.285714
/tmp/1gmfA0 32.142857
/tmp/1bgeA0 22.857143
/tmp/1rhgA0 21.428571
/data/pdb_release/all/pdb1bgc.ent 27.142857
/nfs/cathdata/dompdb/1whtA2 16.428571
/data/pdb_release/all/pdb2erl.ent 16.428571
/nfs/cathdata/dompdb/1ytfD1 12.857143
/nfs/cathdata/dompdb/1mtyG1 16.428571
/nfs/cathdata/dompdb/1mhyG1 16.428571
/tmp/1ecmA0 15.000000
/nfs/cathdata/dompdb/1lxa02 19.285714
/data/pdb_release/all/pdb1acp.ent 20.714286
/data/pdb_release/all/pdb1aca.ent 22.142857
/nfs/cathdata/dompdb/1pcrM1 23.571429
/nfs/cathdata/dompdb/1prcM1 15.714286
/nfs/cathdata/dompdb/1pcrL1 24.285714
/nfs/cathdata/dompdb/1prcL1 22.857143
/nfs/cathdata/dompdb/3sdpA1 15.000000
/nfs/cathdata/dompdb/1mngA1 22.142857
/nfs/cathdata/dompdb/1svcP2 15.000000
/nfs/cathdata/dompdb/1nfkA2 14.285714
/nfs/cathdata/dompdb/1mtyG2 22.142857
/nfs/cathdata/dompdb/1mhyG2 21.428571
/nfs/cathdata/dompdb/2minB4 15.000000
/nfs/cathdata/dompdb/1mioB3 19.285714
/data/pdb_release/all/pdb1poc.ent 26.428571
/data/pdb_release/all/pdb1ppa.ent 20.714286
/data/pdb_release/all/pdb1poa.ent 28.571429
/data/pdb_release/all/pdb4bp2.ent 28.571429
/data/pdb_release/all/pdb1pod.ent 28.571429
/tmp/3p2pA0 23.571429
/tmp/1pp2L0 28.571429
/tmp/1clpA0 28.571429
/tmp/1bunA0 31.428571
/data/pdb_release/all/pdb1psj.ent 32.142857
/data/pdb_release/all/pdb1ae7.ent 30.000000
/nfs/cathdata/dompdb/1bmtA1 23.571429
/data/pdb_release/all/pdb1lmq.ent 22.142857
/data/pdb_release/all/pdb1jug.ent 22.142857
/data/pdb_release/all/pdb119l.ent 54.285714
/nfs/cathdata/dompdb/1bucA1 30.000000
/nfs/cathdata/dompdb/3mddA1 25.714286
/nfs/cathdata/dompdb/1oxa02 38.571429
/nfs/cathdata/dompdb/1grl01 42.142857
/nfs/cathdata/dompdb/1aorA2 55.000000
/nfs/cathdata/dompdb/2pgd02 38.571429
/nfs/cathdata/dompdb/1dnpA3 34.285714
/nfs/cathdata/dompdb/1csc01 45.000000
/tmp/1csmA0 43.571429
/nfs/cathdata/dompdb/1aorA3 40.000000
/data/pdb_release/all/pdb1fps.ent 47.857143
/nfs/cathdata/dompdb/1clc02 59.285714
/tmp/1ribA0 53.571429
/tmp/1mmoB0 45.714286
/tmp/1mhyB0 47.142857
/nfs/cathdata/dompdb/1cpt02 45.000000
/data/pdb_release/all/pdb1phb.ent 47.142857
/tmp/2bmhA0 52.142857
/nfs/cathdata/dompdb/1lla01 47.142857
/tmp/1mhlC0 45.000000
/tmp/1mtyD0 50.714286
/tmp/1mhyD0 50.714286
/nfs/cathdata/dompdb/2sblB2 64.285714
/data/pdb_release/all/pdb1lnh.ent 70.714286
/data/pdb_release/all/pdb1ehs.ent 14.285714
/tmp/2spcA0 12.857143
/tmp/1ytfB0 14.285714
/nfs/cathdata/dompdb/1pnkA2 12.857143
/data/pdb_release/all/pdb1aty.ent 16.428571
/nfs/cathdata/dompdb/1dloA3 22.857143
/tmp/1ithA0 29.285714
/tmp/1cpcA0 33.571429
/tmp/1cpcB0 34.285714
/tmp/1allA0 35.000000
/tmp/1allB0 30.000000
/tmp/1colA0 35.714286
/nfs/cathdata/dompdb/1ddt02 41.428571
/nfs/cathdata/dompdb/3blm02 26.428571
/nfs/cathdata/dompdb/1mblA2 27.142857
/nfs/cathdata/dompdb/1btl02 27.142857
/nfs/cathdata/dompdb/1ckiA2 30.714286
/nfs/cathdata/dompdb/1csn02 28.571429
/nfs/cathdata/dompdb/1apmE1 34.285714
/nfs/cathdata/dompdb/1irk02 30.714286
/nfs/cathdata/dompdb/1ad5A4 30.000000
/nfs/cathdata/dompdb/1aru01 32.142857
/nfs/cathdata/dompdb/1llp01 30.000000
/nfs/cathdata/dompdb/1mnp01 22.857143
/nfs/cathdata/dompdb/1qpaA1 30.714286
/nfs/cathdata/dompdb/1cca01 29.285714
/nfs/cathdata/dompdb/1apxA1 28.571429
/nfs/cathdata/dompdb/1schA1 22.857143
/data/pdb_release/all/pdb153l.ent 31.428571
/data/pdb_release/all/pdb1baa.ent 37.857143
/nfs/cathdata/dompdb/1cnsA1 33.571429
/data/pdb_release/all/pdb135l.ent 20.714286
/data/pdb_release/all/pdb2ihl.ent 22.142857
/data/pdb_release/all/pdb1lz1.ent 29.285714
/data/pdb_release/all/pdb1hhl.ent 20.714286
/tmp/1ghlA0 20.714286
/data/pdb_release/all/pdb2eql.ent 22.857143
/data/pdb_release/all/pdb1alc.ent 20.714286
/data/pdb_release/all/pdb1hml.ent 20.714286
/tmp/1thbA0 29.285714
/tmp/1hdsA0 31.428571
/tmp/1hdsB0 29.285714
/tmp/2mhbA0 29.285714
/tmp/1fdhG0 28.571429
/tmp/1hbhA0 30.714286
/tmp/1hdaA0 29.285714
/tmp/1babB0 27.857143
/data/pdb_release/all/pdb2lhb.ent 30.000000
/tmp/1hbhB0 29.285714
/tmp/1hdaB0 30.000000
/tmp/1pghA0 28.571429
/tmp/1pghB0 31.428571
/tmp/1ibeB0 33.571429
/tmp/1outA0 28.571429
/tmp/1outB0 34.285714
/tmp/1spgA0 28.571429
/tmp/1spgB0 32.857143
/data/pdb_release/all/pdb1flp.ent 28.571429
/data/pdb_release/all/pdb1lhs.ent 30.714286
/data/pdb_release/all/pdb1bvd.ent 28.571429
/data/pdb_release/all/pdb1ymb.ent 31.428571
/data/pdb_release/all/pdb1mbs.ent 29.285714
/data/pdb_release/all/pdb2mm1.ent 32.142857
/data/pdb_release/all/pdb1emy.ent 28.571429
/tmp/1mygA0 30.000000
/data/pdb_release/all/pdb1myt.ent 30.714286
/data/pdb_release/all/pdb1eca.ent 32.142857
/tmp/1sctA0 31.428571
/tmp/1sctB0 37.857143
/tmp/3sdhA0 30.000000
/data/pdb_release/all/pdb1mba.ent 30.000000
/data/pdb_release/all/pdb1ash.ent 31.428571
/nfs/cathdata/dompdb/1fcdC2 24.285714
/tmp/2mtaC0 28.571429
/nfs/cathdata/dompdb/2abk02 22.142857
/nfs/cathdata/dompdb/1npc02 22.142857
/nfs/cathdata/dompdb/1ezm02 30.000000
/nfs/cathdata/dompdb/2tmnE2 28.571429
/nfs/cathdata/dompdb/1dnpA2 28.571429
/nfs/cathdata/dompdb/1gia02 29.285714
/nfs/cathdata/dompdb/1tadA2 30.000000
/nfs/cathdata/dompdb/7catA2 28.571429
/nfs/cathdata/dompdb/1cca02 37.142857
/nfs/cathdata/dompdb/1apxA2 27.142857
/nfs/cathdata/dompdb/1aru02 28.571429
/nfs/cathdata/dompdb/1llp02 28.571429
/nfs/cathdata/dompdb/1mnp02 28.571429
/nfs/cathdata/dompdb/1qpaA2 27.142857
/nfs/cathdata/dompdb/1schA2 30.714286
/tmp/1rfbA0 31.428571
/nfs/cathdata/dompdb/1pnkA1 40.000000
/data/pdb_release/all/pdb1end.ent 22.142857
/nfs/cathdata/dompdb/1gly01 45.000000
/nfs/cathdata/dompdb/1ecl02 42.142857
/data/pdb_release/all/pdb1sra.ent 28.571429
/nfs/cathdata/dompdb/1prcC2 28.571429
/nfs/cathdata/dompdb/1prcC1 27.142857
/nfs/cathdata/dompdb/1vsgA2 28.571429
/nfs/cathdata/dompdb/1gly02 38.571429
/nfs/cathdata/dompdb/1pnkB4 27.857143
/data/pdb_release/all/pdb1hlm.ent 30.000000
/data/pdb_release/all/pdb1hlb.ent 35.714286
/data/pdb_release/all/pdb1hbg.ent 30.000000
/data/pdb_release/all/pdb1gdj.ent 28.571429
/tmp/1binA0 29.285714
/nfs/cathdata/dompdb/1osa02 19.285714
/nfs/cathdata/dompdb/1wdcC2 19.285714
/nfs/cathdata/dompdb/1tnw02 20.714286
/tmp/1cnpA0 20.714286
/tmp/1symA0 20.714286
/tmp/1tcoB0 30.000000
/nfs/cathdata/dompdb/1scmC1 20.714286
/nfs/cathdata/dompdb/1wdcB1 20.714286
/nfs/cathdata/dompdb/1rec01 0.000000
/nfs/cathdata/dompdb/1rec02 28.571429
/data/pdb_release/all/pdb2sas.ent 30.000000
/tmp/2scpA0 32.142857
/data/pdb_release/all/pdb155c.ent 20.714286
/data/pdb_release/all/pdb1ycc.ent 23.571429
/data/pdb_release/all/pdb1ccr.ent 24.285714
/tmp/5cytR0 24.285714
/data/pdb_release/all/pdb1yeb.ent 24.285714
/data/pdb_release/all/pdb1hrc.ent 24.285714
/data/pdb_release/all/pdb1cry.ent 22.857143
/data/pdb_release/all/pdb1cot.ent 24.285714
/data/pdb_release/all/pdb3c2c.ent 25.714286
/tmp/1c2rA0 25.714286
/data/pdb_release/all/pdb1cxc.ent 24.285714
/data/pdb_release/all/pdb1yea.ent 28.571429
/tmp/1hroA0 24.285714
/data/pdb_release/all/pdb1dvh.ent 22.857143
/data/pdb_release/all/pdb351c.ent 20.714286
/data/pdb_release/all/pdb1cor.ent 21.428571
/data/pdb_release/all/pdb1cch.ent 22.142857
/nfs/cathdata/dompdb/1fcdC1 22.142857
/data/pdb_release/all/pdb1cc5.ent 23.571429
/data/pdb_release/all/pdb1cyi.ent 22.857143
/data/pdb_release/all/pdb1ctj.ent 22.142857
/nfs/cathdata/dompdb/6gsvA2 20.714286
/nfs/cathdata/dompdb/1gta02 22.142857
/nfs/cathdata/dompdb/1hna02 24.285714
/nfs/cathdata/dompdb/2gsq02 20.714286
/nfs/cathdata/dompdb/1gseA2 22.142857
/nfs/cathdata/dompdb/1bpb01 22.142857
/nfs/cathdata/dompdb/1taq02 14.285714
/nfs/cathdata/dompdb/9icwA2 20.714286
/nfs/cathdata/dompdb/1ecl04 20.714286
/nfs/cathdata/dompdb/1adeA2 20.714286
/nfs/cathdata/dompdb/1atnA3 33.571429
/nfs/cathdata/dompdb/1oxa03 23.571429
/data/pdb_release/all/pdb1hmx.ent 24.285714
/nfs/cathdata/dompdb/2abk01 30.000000
/nfs/cathdata/dompdb/1gln04 28.571429
/nfs/cathdata/dompdb/2tct02 26.428571
/tmp/1hulA0 22.857143
/data/pdb_release/all/pdb1coo.ent 22.142857
/nfs/cathdata/dompdb/1wdcB2 19.285714
/data/pdb_release/all/pdb1bod.ent 20.000000
/data/pdb_release/all/pdb1cb1.ent 19.285714
/data/pdb_release/all/pdb4icb.ent 22.857143
/data/pdb_release/all/pdb1cmf.ent 20.714286
/nfs/cathdata/dompdb/1ncx01 24.285714
/data/pdb_release/all/pdb1cfc.ent 30.714286
/data/pdb_release/all/pdb1tnx.ent 33.571429
/data/pdb_release/all/pdb1rro.ent 27.142857
/data/pdb_release/all/pdb4cpv.ent 28.571429
/data/pdb_release/all/pdb5pal.ent 30.714286
/data/pdb_release/all/pdb1pal.ent 28.571429
/tmp/1rtp10 31.428571
/tmp/1pvaA0 31.428571
/nfs/cathdata/dompdb/1osa01 20.714286
/nfs/cathdata/dompdb/1avhA1 23.571429
/nfs/cathdata/dompdb/2ran01 23.571429
/nfs/cathdata/dompdb/1ala02 23.571429
/nfs/cathdata/dompdb/1hvd02 23.571429
/nfs/cathdata/dompdb/1ala04 23.571429
/nfs/cathdata/dompdb/1ann04 24.285714
/nfs/cathdata/dompdb/1avhA4 23.571429
/nfs/cathdata/dompdb/1axn01 23.571429
/nfs/cathdata/dompdb/1axn03 23.571429
/nfs/cathdata/dompdb/1axn02 24.285714
/nfs/cathdata/dompdb/1ala03 19.285714
/nfs/cathdata/dompdb/1ann03 22.857143
/nfs/cathdata/dompdb/1hvd03 23.571429
/nfs/cathdata/dompdb/2ran03 23.571429
/nfs/cathdata/dompdb/1axn04 23.571429
/nfs/cathdata/dompdb/1csc02 22.142857
/nfs/cathdata/dompdb/1csh02 22.142857
/nfs/cathdata/dompdb/2cts02 22.142857
/nfs/cathdata/dompdb/1tyaE2 24.285714
/nfs/cathdata/dompdb/1bvp11 22.857143
/data/pdb_release/all/pdb1neq.ent 23.571429
/nfs/cathdata/dompdb/1octC1 22.142857
/data/pdb_release/all/pdb1r69.ent 21.428571
/data/pdb_release/all/pdb2cro.ent 23.571429
/data/pdb_release/all/pdb1adr.ent 23.571429
/tmp/1lmb30 22.857143
/nfs/cathdata/dompdb/2yhx01 23.571429
/nfs/cathdata/dompdb/2bpfA1 23.571429
/nfs/cathdata/dompdb/1bgw03 20.000000
/nfs/cathdata/dompdb/1adt01 24.285714
/nfs/cathdata/dompdb/1glqA2 20.714286
/nfs/cathdata/dompdb/2gsrA2 20.714286
/nfs/cathdata/dompdb/1gssA2 22.142857
/data/pdb_release/all/pdb1erd.ent 12.857143
/nfs/cathdata/dompdb/1dtr02 16.428571
/tmp/1lccA0 15.000000
/nfs/cathdata/dompdb/1pnrA1 20.714286
/data/pdb_release/all/pdb1uxd.ent 15.000000
/nfs/cathdata/dompdb/2phlA1 14.285714
/nfs/cathdata/dompdb/2phlA4 16.428571
/tmp/6insE0 15.000000
/data/pdb_release/all/pdb2gf1.ent 15.000000
/data/pdb_release/all/pdb1igl.ent 12.857143
/data/pdb_release/all/pdb1bip.ent 20.714286
/data/pdb_release/all/pdb1c5a.ent 22.142857
/data/pdb_release/all/pdb1kjs.ent 24.285714
/tmp/1cmbA0 15.000000
/nfs/cathdata/dompdb/1gln03 20.714286
/nfs/cathdata/dompdb/1serA1 20.714286
/nfs/cathdata/dompdb/1bvp13 20.714286
/nfs/cathdata/dompdb/1dmb03 30.000000
/nfs/cathdata/dompdb/1dik02 16.428571
/nfs/cathdata/dompdb/9pap02 15.714286
/nfs/cathdata/dompdb/1aec02 20.714286
/nfs/cathdata/dompdb/1gecE2 22.142857
/nfs/cathdata/dompdb/2act02 20.714286
/nfs/cathdata/dompdb/1ppo02 15.000000
/nfs/cathdata/dompdb/1yal02 16.428571
/nfs/cathdata/dompdb/1theA2 16.428571
/nfs/cathdata/dompdb/1csbB1 15.000000
/nfs/cathdata/dompdb/2bltA2 16.428571
/data/pdb_release/all/pdb1utg.ent 19.285714
/data/pdb_release/all/pdb1ccd.ent 19.285714
/nfs/cathdata/dompdb/1ala01 23.571429
/nfs/cathdata/dompdb/1ann01 23.571429
/nfs/cathdata/dompdb/1ann02 22.142857
/tmp/1fliA0 15.000000
/data/pdb_release/all/pdb1etc.ent 27.142857
/tmp/1sttA0 22.142857
/data/pdb_release/all/pdb2hts.ent 24.285714
/data/pdb_release/all/pdb1hks.ent 14.285714
/data/pdb_release/all/pdb1enh.ent 16.428571
/data/pdb_release/all/pdb1ftz.ent 15.000000
/data/pdb_release/all/pdb1ftt.ent 15.000000
/tmp/1ahdP0 16.428571
/tmp/1fjlA0 16.428571
/data/pdb_release/all/pdb1vnd.ent 16.428571
/data/pdb_release/all/pdb1hdp.ent 15.000000
/data/pdb_release/all/pdb1ocp.ent 16.428571
/data/pdb_release/all/pdb1pog.ent 15.000000
/tmp/1yrnA0 16.428571
/tmp/1hcrA0 15.000000
/data/pdb_release/all/pdb1res.ent 16.428571
/data/pdb_release/all/pdb1lfb.ent 16.428571
/data/pdb_release/all/pdb2lfb.ent 16.428571
/tmp/1yrnB0 22.142857
/tmp/1fiaA0 23.571429
/data/pdb_release/all/pdb1mbe.ent 15.000000
/data/pdb_release/all/pdb1mbg.ent 15.000000
/data/pdb_release/all/pdb1mbj.ent 15.000000
/tmp/2wrpR0 28.571429
/nfs/cathdata/dompdb/2tct01 20.714286
/tmp/1bfmA0 16.428571
/tmp/1hryA0 16.428571
/data/pdb_release/all/pdb1hsm.ent 16.428571
/data/pdb_release/all/pdb1hma.ent 16.428571
/data/pdb_release/all/pdb1hme.ent 15.000000
/data/pdb_release/all/pdb1aab.ent 15.000000
/tmp/1trlA0 15.000000
/tmp/1mylA0 14.285714
/tmp/1parA0 14.285714
/tmp/1mntA0 20.714286
/data/pdb_release/all/pdb1lea.ent 16.428571
/tmp/1hstA0 27.857143
/data/pdb_release/all/pdb1ghc.ent 15.000000
/nfs/cathdata/dompdb/1dprA1 20.714286
/nfs/cathdata/dompdb/1bia01 16.428571
/nfs/cathdata/dompdb/1berA2 27.142857
/nfs/cathdata/dompdb/1pdnC1 15.000000
/nfs/cathdata/dompdb/1pdnC2 15.000000
