/tmp/2ltnB0 14.285714
/tmp/1lenB0 14.285714
/tmp/1lgcB0 0.000000
/nfs/cathdata/dompdb/1lyaB1 14.285714
/tmp/1aayA0 20.000000
/tmp/1ubdC0 24.285714
/tmp/1meyC0 24.285714
/tmp/2drpA0 30.000000
/tmp/1pyaA0 15.714286
/tmp/1hueA0 20.000000
/tmp/1wtuA0 47.142857
/tmp/1ihfA0 70.000000
/tmp/1ihfB0 61.428571
/nfs/cathdata/dompdb/1prcH1 44.285714
/nfs/cathdata/dompdb/1pcrH1 41.428571
/data/pdb_release/all/pdb4mt2.ent 0.000000
/data/pdb_release/all/pdb1tiv.ent 0.000000
/data/pdb_release/all/pdb1zaq.ent 0.000000
/data/pdb_release/all/pdb1iva.ent 0.000000
/data/pdb_release/all/pdb1agg.ent 0.000000
/data/pdb_release/all/pdb1cfh.ent 0.000000
/data/pdb_release/all/pdb1cfi.ent 0.000000
/data/pdb_release/all/pdb1aaf.ent 0.000000
/data/pdb_release/all/pdb2ech.ent 0.000000
/data/pdb_release/all/pdb1fvl.ent 0.000000
/data/pdb_release/all/pdb1kst.ent 28.571429
/tmp/1r0940 14.285714
/tmp/2plv40 40.000000
/tmp/1pvc40 42.857143
/tmp/1bbt40 18.571429
/tmp/1tme40 14.285714
/tmp/2mev40 14.285714
/tmp/1tabI0 0.000000
/data/pdb_release/all/pdb1pi2.ent 14.285714
/data/pdb_release/all/pdb1bbi.ent 54.285714
/nfs/cathdata/dompdb/1pcp01 14.285714
/nfs/cathdata/dompdb/2pspA2 14.285714
/nfs/cathdata/dompdb/1gcb01 81.428571
/nfs/cathdata/dompdb/1fieA2 81.428571
/nfs/cathdata/dompdb/1lgr01 78.571429
/nfs/cathdata/dompdb/1abbA1 81.428571
/nfs/cathdata/dompdb/1ygpA1 80.000000
/nfs/cathdata/dompdb/1pgd03 14.285714
/data/pdb_release/all/pdb1ldl.ent 0.000000
/data/pdb_release/all/pdb1ldr.ent 0.000000
/data/pdb_release/all/pdb1tap.ent 40.000000
/data/pdb_release/all/pdb5pti.ent 40.000000
/tmp/1aapA0 42.857143
/data/pdb_release/all/pdb1dtx.ent 40.000000
/data/pdb_release/all/pdb1dtk.ent 40.000000
/data/pdb_release/all/pdb1shp.ent 40.000000
/tmp/1brbI0 40.000000
/data/pdb_release/all/pdb1knt.ent 42.857143
/data/pdb_release/all/pdb1dem.ent 40.000000
/tmp/1bunB0 40.000000
/data/pdb_release/all/pdb1hnr.ent 14.285714
/tmp/1mhlA0 15.714286
/nfs/cathdata/dompdb/1gal02 18.571429
/nfs/cathdata/dompdb/1inp01 18.571429
/nfs/cathdata/dompdb/1rtc02 34.285714
/nfs/cathdata/dompdb/1apa02 48.571429
/nfs/cathdata/dompdb/1pafA2 48.571429
/nfs/cathdata/dompdb/1mrg02 45.714286
/nfs/cathdata/dompdb/1mrj02 45.714286
/nfs/cathdata/dompdb/1abrA2 35.714286
/tmp/1isuA0 14.285714
/data/pdb_release/all/pdb1hip.ent 30.000000
/tmp/2hipA0 28.571429
/data/pdb_release/all/pdb1hpi.ent 28.571429
/data/pdb_release/all/pdb1bbo.ent 15.714286
/nfs/cathdata/dompdb/1adt02 70.000000
/tmp/1abmA0 61.428571
/tmp/1idsA0 60.000000
/tmp/1isaA0 60.000000
/nfs/cathdata/dompdb/1vsgA1 37.142857
/tmp/1hmpA0 70.000000
/nfs/cathdata/dompdb/1adeA3 57.142857
/nfs/cathdata/dompdb/1qorA1 72.857143
/nfs/cathdata/dompdb/3btoA1 78.571429
/nfs/cathdata/dompdb/1dehA1 78.571429
/nfs/cathdata/dompdb/1cdoA1 77.142857
/nfs/cathdata/dompdb/1tehA1 77.142857
/nfs/cathdata/dompdb/1agnA1 80.000000
/tmp/1yptA0 70.000000
/data/pdb_release/all/pdb2hnp.ent 81.428571
/nfs/cathdata/dompdb/1yfoA1 85.714286
/tmp/1vhrA0 71.428571
/data/pdb_release/all/pdb1gpc.ent 77.142857
/nfs/cathdata/dompdb/1bgw05 68.571429
/nfs/cathdata/dompdb/1jetA1 70.000000
/nfs/cathdata/dompdb/1glaG1 71.428571
/nfs/cathdata/dompdb/1hgeA1 85.714286
/tmp/1ltsA0 60.000000
/tmp/1xtcA0 67.142857
/tmp/1tiiA0 60.000000
/tmp/1prtA0 64.285714
/nfs/cathdata/dompdb/1admA2 64.285714
/nfs/cathdata/dompdb/1chmA2 74.285714
/data/pdb_release/all/pdb1mat.ent 71.428571
/data/pdb_release/all/pdb1pbn.ent 77.142857
/data/pdb_release/all/pdb1ula.ent 68.571429
/tmp/1ecpA0 78.571429
/nfs/cathdata/dompdb/1dhx03 70.000000
/data/pdb_release/all/pdb2cyr.ent 50.000000
/data/pdb_release/all/pdb1wad.ent 17.142857
/data/pdb_release/all/pdb1czj.ent 48.571429
/tmp/1htmB0 20.000000
/nfs/cathdata/dompdb/1berA1 77.142857
/nfs/cathdata/dompdb/1dhx02 31.428571
/nfs/cathdata/dompdb/1gln02 48.571429
/nfs/cathdata/dompdb/1gtrA2 58.571429
/nfs/cathdata/dompdb/1prcH2 54.285714
/nfs/cathdata/dompdb/4rcrH2 42.857143
/nfs/cathdata/dompdb/1oxa01 52.857143
/nfs/cathdata/dompdb/1cpt01 54.285714
/nfs/cathdata/dompdb/1gcb02 47.142857
/data/pdb_release/all/pdb1mut.ent 57.142857
/data/pdb_release/all/pdb1pyp.ent 67.142857
/data/pdb_release/all/pdb2prd.ent 88.571429
/tmp/1eipA0 88.571429
/nfs/cathdata/dompdb/1ordA4 57.142857
/nfs/cathdata/dompdb/2cmd02 57.142857
/nfs/cathdata/dompdb/1mldA2 54.285714
/nfs/cathdata/dompdb/6ldh02 54.285714
/nfs/cathdata/dompdb/1llc02 67.142857
/nfs/cathdata/dompdb/1lldA2 47.142857
/nfs/cathdata/dompdb/2ldx02 54.285714
/nfs/cathdata/dompdb/3ldh02 40.000000
/nfs/cathdata/dompdb/5ldh02 50.000000
/nfs/cathdata/dompdb/9ldtA2 57.142857
/nfs/cathdata/dompdb/1ldb02 58.571429
/nfs/cathdata/dompdb/1hyhA2 57.142857
/nfs/cathdata/dompdb/4mdhA2 54.285714
/nfs/cathdata/dompdb/1bdmA2 57.142857
/nfs/cathdata/dompdb/1dctA2 34.285714
/tmp/1regX0 75.714286
/nfs/cathdata/dompdb/2bltA1 68.571429
/data/pdb_release/all/pdb1xaa.ent 71.428571
/data/pdb_release/all/pdb1xac.ent 68.571429
/tmp/1alkA0 77.142857
/data/pdb_release/all/pdb1lpp.ent 67.142857
/data/pdb_release/all/pdb1thg.ent 80.000000
/tmp/1cleA0 68.571429
/data/pdb_release/all/pdb1ace.ent 81.428571
/nfs/cathdata/dompdb/3ladA2 68.571429
/nfs/cathdata/dompdb/1lpfA2 58.571429
/nfs/cathdata/dompdb/1lvl02 57.142857
/nfs/cathdata/dompdb/1ebdA2 68.571429
/nfs/cathdata/dompdb/2tmdA3 65.714286
/nfs/cathdata/dompdb/1gerA2 60.000000
/nfs/cathdata/dompdb/1gesA2 60.000000
/nfs/cathdata/dompdb/3grs02 60.000000
/nfs/cathdata/dompdb/1tde02 61.428571
/nfs/cathdata/dompdb/1vdc02 68.571429
/nfs/cathdata/dompdb/1fecB2 60.000000
/nfs/cathdata/dompdb/1nhr02 58.571429
/nfs/cathdata/dompdb/1fcdA2 74.285714
/tmp/1pyaB0 81.428571
/nfs/cathdata/dompdb/1dik03 71.428571
/nfs/cathdata/dompdb/1aorA1 78.571429
/tmp/2dnjA0 88.571429
/tmp/1fjmA0 67.142857
/tmp/1tcoA0 61.428571
/nfs/cathdata/dompdb/1gph11 81.428571
/data/pdb_release/all/pdb1plq.ent 85.714286
/data/pdb_release/all/pdb1bnh.ent 40.000000
/data/pdb_release/all/pdb1cy3.ent 14.285714
/tmp/1cthA0 21.428571
/data/pdb_release/all/pdb2cdv.ent 21.428571
/nfs/cathdata/dompdb/1trkA1 61.428571
/tmp/1rvaA0 94.285714
/nfs/cathdata/dompdb/1atnA1 80.000000
/nfs/cathdata/dompdb/2btfA1 78.571429
/nfs/cathdata/dompdb/1olbA2 61.428571
/data/pdb_release/all/pdb2ctc.ent 72.857143
/data/pdb_release/all/pdb1amp.ent 78.571429
/nfs/cathdata/dompdb/1lam02 81.428571
/nfs/cathdata/dompdb/1tplA2 68.571429
/nfs/cathdata/dompdb/1dgd02 74.285714
/nfs/cathdata/dompdb/1aam02 48.571429
/nfs/cathdata/dompdb/1akaA2 71.428571
/nfs/cathdata/dompdb/2cstA2 74.285714
/nfs/cathdata/dompdb/1ordA2 70.000000
/data/pdb_release/all/pdb1rpa.ent 60.000000
/data/pdb_release/all/pdb1esc.ent 61.428571
/nfs/cathdata/dompdb/1gpb02 71.428571
/nfs/cathdata/dompdb/1ygpA2 71.428571
/tmp/1deaA0 71.428571
/tmp/1thtA0 84.285714
/tmp/1tahA0 68.571429
/tmp/1oilA0 72.857143
/nfs/cathdata/dompdb/1hplA1 78.571429
/nfs/cathdata/dompdb/1lpbB1 75.714286
/tmp/1ethA0 78.571429
/data/pdb_release/all/pdb1gpl.ent 81.428571
/data/pdb_release/all/pdb1tca.ent 58.571429
/data/pdb_release/all/pdb1ede.ent 72.857143
/data/pdb_release/all/pdb1ysc.ent 70.000000
/nfs/cathdata/dompdb/1asyA2 71.428571
/nfs/cathdata/dompdb/1lylA2 72.857143
/nfs/cathdata/dompdb/1serA2 78.571429
/data/pdb_release/all/pdb3pte.ent 81.428571
/nfs/cathdata/dompdb/1abrA1 81.428571
/nfs/cathdata/dompdb/1ahc01 91.428571
/nfs/cathdata/dompdb/1mrj01 78.571429
/nfs/cathdata/dompdb/1apa01 71.428571
/nfs/cathdata/dompdb/1pafA1 68.571429
/tmp/4dfrA0 71.428571
/data/pdb_release/all/pdb3dfr.ent 61.428571
/data/pdb_release/all/pdb8dfr.ent 60.000000
/data/pdb_release/all/pdb1drf.ent 60.000000
/data/pdb_release/all/pdb1dyr.ent 68.571429
/nfs/cathdata/dompdb/1adeA1 77.142857
/nfs/cathdata/dompdb/3pmgA1 72.857143
/data/pdb_release/all/pdb1udg.ent 61.428571
/nfs/cathdata/dompdb/3pgk02 58.571429
/nfs/cathdata/dompdb/1php02 75.714286
/nfs/cathdata/dompdb/1gpmA1 77.142857
/nfs/cathdata/dompdb/1powA3 58.571429
/nfs/cathdata/dompdb/1pvdA3 58.571429
/nfs/cathdata/dompdb/1pvdA1 68.571429
/nfs/cathdata/dompdb/1powA1 60.000000
/nfs/cathdata/dompdb/1trkA2 52.857143
/nfs/cathdata/dompdb/1tyaE1 60.000000
/nfs/cathdata/dompdb/2tysB2 65.714286
/nfs/cathdata/dompdb/1minA1 60.000000
/nfs/cathdata/dompdb/1mioA1 60.000000
/nfs/cathdata/dompdb/3ecaA1 71.428571
/nfs/cathdata/dompdb/1agx01 71.428571
/nfs/cathdata/dompdb/3pga11 68.571429
/tmp/1wsaA0 91.428571
/tmp/1nbaA0 68.571429
/nfs/cathdata/dompdb/2reb01 58.571429
/tmp/1smnA0 67.142857
/tmp/1eriA0 72.857143
/nfs/cathdata/dompdb/1lvl01 67.142857
/nfs/cathdata/dompdb/1ebdA1 77.142857
/nfs/cathdata/dompdb/1gal01 78.571429
/nfs/cathdata/dompdb/1fcdA1 68.571429
/nfs/cathdata/dompdb/1coy01 75.714286
/nfs/cathdata/dompdb/1pbe01 84.285714
/nfs/cathdata/dompdb/1aa8A1 67.142857
/nfs/cathdata/dompdb/1dob02 68.571429
/data/pdb_release/all/pdb1cge.ent 65.714286
/data/pdb_release/all/pdb1mnc.ent 68.571429
/data/pdb_release/all/pdb1srt.ent 68.571429
/nfs/cathdata/dompdb/1fbl01 68.571429
/data/pdb_release/all/pdb1mmq.ent 68.571429
/data/pdb_release/all/pdb1slm.ent 68.571429
/tmp/1atlA0 61.428571
/data/pdb_release/all/pdb1iag.ent 57.142857
/nfs/cathdata/dompdb/1kapP2 61.428571
/nfs/cathdata/dompdb/1sat02 65.714286
/data/pdb_release/all/pdb1iab.ent 68.571429
/nfs/cathdata/dompdb/1lcf01 70.000000
/nfs/cathdata/dompdb/1ovt01 71.428571
/nfs/cathdata/dompdb/1ovt03 71.428571
/nfs/cathdata/dompdb/1nnt01 34.285714
/nfs/cathdata/dompdb/1tfd01 47.142857
/nfs/cathdata/dompdb/1lcf03 72.857143
/nfs/cathdata/dompdb/1dot01 61.428571
/nfs/cathdata/dompdb/1dot03 71.428571
/nfs/cathdata/dompdb/1quk01 68.571429
/nfs/cathdata/dompdb/1sbp01 60.000000
/nfs/cathdata/dompdb/1dmb01 58.571429
/nfs/cathdata/dompdb/1pot01 57.142857
/nfs/cathdata/dompdb/3sc2A1 78.571429
/nfs/cathdata/dompdb/1rtc01 71.428571
/tmp/1pviA0 62.857143
/nfs/cathdata/dompdb/1bllE1 70.000000
/nfs/cathdata/dompdb/1scuB3 71.428571
/nfs/cathdata/dompdb/1ora01 54.285714
/nfs/cathdata/dompdb/1ora02 48.571429
/nfs/cathdata/dompdb/2glt01 81.428571
/nfs/cathdata/dompdb/1ttqB1 55.714286
/data/pdb_release/all/pdb3pgm.ent 41.428571
/nfs/cathdata/dompdb/1gtrA1 60.000000
/nfs/cathdata/dompdb/1gln01 57.142857
/tmp/1dsbA0 50.000000
/tmp/1gp1A0 57.142857
/nfs/cathdata/dompdb/1chmA1 74.285714
/nfs/cathdata/dompdb/1scuB1 71.428571
/nfs/cathdata/dompdb/1mla02 51.428571
/nfs/cathdata/dompdb/1glaG2 80.000000
/nfs/cathdata/dompdb/1ami01 70.000000
/data/pdb_release/all/pdb1ak2.ent 61.428571
/tmp/1ak3A0 68.571429
/tmp/1akeA0 68.571429
/data/pdb_release/all/pdb1aky.ent 58.571429
/data/pdb_release/all/pdb3adk.ent 58.571429
/data/pdb_release/all/pdb1ukz.ent 58.571429
/data/pdb_release/all/pdb1ukd.ent 57.142857
/nfs/cathdata/dompdb/2tmdA2 57.142857
/nfs/cathdata/dompdb/1nhp01 80.000000
/nfs/cathdata/dompdb/1trb01 51.428571
/nfs/cathdata/dompdb/1vdc01 54.285714
/nfs/cathdata/dompdb/1typA1 67.142857
/nfs/cathdata/dompdb/1gesA1 67.142857
/nfs/cathdata/dompdb/3grs01 57.142857
/nfs/cathdata/dompdb/3ladA1 67.142857
/nfs/cathdata/dompdb/1lpfA1 58.571429
/nfs/cathdata/dompdb/1pfkA2 58.571429
/nfs/cathdata/dompdb/3pfk02 58.571429
/nfs/cathdata/dompdb/3pgk01 57.142857
/nfs/cathdata/dompdb/1php01 51.428571
/nfs/cathdata/dompdb/3pmgA3 61.428571
/tmp/2rslA0 68.571429
/tmp/1gdtA0 71.428571
/nfs/cathdata/dompdb/1ctt02 68.571429
/nfs/cathdata/dompdb/1ctt01 57.142857
/tmp/1whtB0 65.714286
/nfs/cathdata/dompdb/1trkA3 68.571429
/nfs/cathdata/dompdb/1dmb02 54.285714
/nfs/cathdata/dompdb/1pda02 45.714286
/nfs/cathdata/dompdb/1hslA2 68.571429
/nfs/cathdata/dompdb/1lst02 71.428571
/nfs/cathdata/dompdb/1pbp02 54.285714
/nfs/cathdata/dompdb/1sbp02 61.428571
/data/pdb_release/all/pdb1ovb.ent 61.428571
/nfs/cathdata/dompdb/1lcf02 48.571429
/nfs/cathdata/dompdb/1lcf04 65.714286
/nfs/cathdata/dompdb/1ovt02 61.428571
/nfs/cathdata/dompdb/1ovt04 68.571429
/nfs/cathdata/dompdb/1tfd02 50.000000
/nfs/cathdata/dompdb/1dot04 20.000000
/nfs/cathdata/dompdb/1poy12 58.571429
/nfs/cathdata/dompdb/1inp03 70.000000
/nfs/cathdata/dompdb/1imbA2 44.285714
/nfs/cathdata/dompdb/1fbcA2 41.428571
/nfs/cathdata/dompdb/1ftaA2 47.142857
/nfs/cathdata/dompdb/1spiA2 47.142857
/nfs/cathdata/dompdb/1pda01 57.142857
/nfs/cathdata/dompdb/1hslA1 44.285714
/nfs/cathdata/dompdb/1lst01 48.571429
/nfs/cathdata/dompdb/2ldx01 65.714286
/nfs/cathdata/dompdb/3ldh01 65.714286
/nfs/cathdata/dompdb/5ldh01 47.142857
/nfs/cathdata/dompdb/9ldtA1 68.571429
/data/pdb_release/all/pdb5nll.ent 71.428571
/data/pdb_release/all/pdb2fx2.ent 71.428571
/data/pdb_release/all/pdb1ofv.ent 64.285714
/data/pdb_release/all/pdb2fcr.ent 65.714286
/data/pdb_release/all/pdb1rcf.ent 61.428571
/tmp/1lfaA0 64.285714
/data/pdb_release/all/pdb1ido.ent 67.142857
/nfs/cathdata/dompdb/1pfkA1 71.428571
/nfs/cathdata/dompdb/3pfk01 71.428571
/data/pdb_release/all/pdb1cus.ent 61.428571
/data/pdb_release/all/pdb1dad.ent 71.428571
/data/pdb_release/all/pdb1tib.ent 70.000000
/data/pdb_release/all/pdb3tgl.ent 68.571429
/tmp/1lgyA0 70.000000
/data/pdb_release/all/pdb1vid.ent 62.857143
/data/pdb_release/all/pdb1pdo.ent 68.571429
/nfs/cathdata/dompdb/1gpmA2 62.857143
/nfs/cathdata/dompdb/1dnpA1 64.285714
/nfs/cathdata/dompdb/1bgw02 58.571429
/nfs/cathdata/dompdb/1guhA1 55.714286
/nfs/cathdata/dompdb/1glqA1 61.428571
/nfs/cathdata/dompdb/2gsq01 61.428571
/nfs/cathdata/dompdb/2gsrA1 61.428571
/nfs/cathdata/dompdb/1gssA1 64.285714
/nfs/cathdata/dompdb/2gstA1 60.000000
/nfs/cathdata/dompdb/1gta01 47.142857
/nfs/cathdata/dompdb/1hna01 57.142857
/nfs/cathdata/dompdb/3pmgA2 45.714286
/data/pdb_release/all/pdb1lba.ent 57.142857
/tmp/1meeA0 78.571429
/nfs/cathdata/dompdb/1ordA1 68.571429
/data/pdb_release/all/pdb1ntr.ent 52.857143
/nfs/cathdata/dompdb/1gdhA2 61.428571
/nfs/cathdata/dompdb/2nacA2 61.428571
/nfs/cathdata/dompdb/2dldA2 68.571429
/nfs/cathdata/dompdb/2dldA1 47.142857
/nfs/cathdata/dompdb/1scuB2 64.285714
/nfs/cathdata/dompdb/1scuA1 68.571429
/nfs/cathdata/dompdb/1scuA2 78.571429
/data/pdb_release/all/pdb1phr.ent 57.142857
/nfs/cathdata/dompdb/1bmtA2 68.571429
/tmp/1iceA0 71.428571
/data/pdb_release/all/pdb1etu.ent 74.285714
/nfs/cathdata/dompdb/1eft01 74.285714
/data/pdb_release/all/pdb5p21.ent 67.142857
/tmp/1guaA0 67.142857
/tmp/1hurA0 71.428571
/tmp/1nipA0 74.285714
/nfs/cathdata/dompdb/1gky02 58.571429
/nfs/cathdata/dompdb/1dar01 71.428571
/nfs/cathdata/dompdb/1raaA1 68.571429
/nfs/cathdata/dompdb/1raaA2 60.000000
/nfs/cathdata/dompdb/2atcA2 24.285714
/nfs/cathdata/dompdb/4mdhA1 68.571429
/nfs/cathdata/dompdb/1bdmA1 68.571429
/nfs/cathdata/dompdb/2cmd01 68.571429
/nfs/cathdata/dompdb/1mldA1 68.571429
/nfs/cathdata/dompdb/1hyhA1 68.571429
/nfs/cathdata/dompdb/6ldh01 68.571429
/nfs/cathdata/dompdb/1ldb01 68.571429
/nfs/cathdata/dompdb/1llc01 27.142857
/nfs/cathdata/dompdb/1lldA1 67.142857
/nfs/cathdata/dompdb/1bdhA3 55.714286
/nfs/cathdata/dompdb/1tlfA2 68.571429
/nfs/cathdata/dompdb/1dbp01 58.571429
/data/pdb_release/all/pdb3chy.ent 71.428571
/nfs/cathdata/dompdb/1abe01 68.571429
/nfs/cathdata/dompdb/1gdhA1 68.571429
/nfs/cathdata/dompdb/1gca01 71.428571
/nfs/cathdata/dompdb/1gdd01 77.142857
/nfs/cathdata/dompdb/1tadA1 68.571429
/nfs/cathdata/dompdb/1gotA1 65.714286
/nfs/cathdata/dompdb/1gd1O1 75.714286
/nfs/cathdata/dompdb/4gpd11 71.428571
/nfs/cathdata/dompdb/1cerO1 68.571429
/nfs/cathdata/dompdb/1gadO1 78.571429
/nfs/cathdata/dompdb/1gypA1 78.571429
/nfs/cathdata/dompdb/1hdgO1 68.571429
/nfs/cathdata/dompdb/2lbp02 71.428571
/nfs/cathdata/dompdb/2liv02 71.428571
/nfs/cathdata/dompdb/2lbp01 68.571429
/nfs/cathdata/dompdb/2liv01 68.571429
/nfs/cathdata/dompdb/1pea02 61.428571
/nfs/cathdata/dompdb/1pea01 68.571429
/nfs/cathdata/dompdb/1ecl01 54.285714
/nfs/cathdata/dompdb/1admA1 70.000000
/nfs/cathdata/dompdb/1dctA1 71.428571
/nfs/cathdata/dompdb/1hmy01 68.571429
/tmp/1garA0 78.571429
/data/pdb_release/all/pdb1chd.ent 78.571429
/data/pdb_release/all/pdb1thm.ent 81.428571
/tmp/1cseE0 78.571429
/data/pdb_release/all/pdb1st3.ent 78.571429
/data/pdb_release/all/pdb2pkc.ent 81.428571
/data/pdb_release/all/pdb1s01.ent 75.714286
/nfs/cathdata/dompdb/1poxA2 57.142857
/nfs/cathdata/dompdb/1pvdA2 72.857143
/nfs/cathdata/dompdb/2pia02 71.428571
/nfs/cathdata/dompdb/1fnb02 60.000000
/nfs/cathdata/dompdb/1que02 61.428571
/nfs/cathdata/dompdb/1cnd02 68.571429
/nfs/cathdata/dompdb/1ndh02 81.428571
/nfs/cathdata/dompdb/1gph12 54.285714
/nfs/cathdata/dompdb/1ecgA2 71.428571
/data/pdb_release/all/pdb1sto.ent 71.428571
/nfs/cathdata/dompdb/2bgt02 71.428571
/nfs/cathdata/dompdb/2bgt01 78.571429
/nfs/cathdata/dompdb/2nacA1 70.000000
/data/pdb_release/all/pdb1dhr.ent 71.428571
/tmp/1hdcA0 68.571429
/data/pdb_release/all/pdb1eny.ent 61.428571
/nfs/cathdata/dompdb/1psdA1 48.571429
/nfs/cathdata/dompdb/1psdA2 71.428571
/nfs/cathdata/dompdb/1qorA2 71.428571
/nfs/cathdata/dompdb/3btoA2 61.428571
/nfs/cathdata/dompdb/1dehA2 61.428571
/nfs/cathdata/dompdb/1cdoA2 61.428571
/nfs/cathdata/dompdb/1tehA2 62.857143
/nfs/cathdata/dompdb/1agnA2 60.000000
/nfs/cathdata/dompdb/1dih01 58.571429
/nfs/cathdata/dompdb/2pgd01 68.571429
/nfs/cathdata/dompdb/1dpgA1 61.428571
/nfs/cathdata/dompdb/1dbqA1 68.571429
/nfs/cathdata/dompdb/1tlfA1 68.571429
/nfs/cathdata/dompdb/2dri02 71.428571
/nfs/cathdata/dompdb/1gca02 58.571429
/nfs/cathdata/dompdb/2gbp02 58.571429
/nfs/cathdata/dompdb/8abp02 68.571429
/data/pdb_release/all/pdb1ghu.ent 58.571429
/nfs/cathdata/dompdb/1ad5A2 55.714286
/tmp/1ayaA0 55.714286
/tmp/2pldA0 55.714286
/data/pdb_release/all/pdb1svq.ent 77.142857
/data/pdb_release/all/pdb1vil.ent 44.285714
/data/pdb_release/all/pdb1aba.ent 42.857143
/data/pdb_release/all/pdb1ego.ent 60.000000
/tmp/2trxA0 60.000000
/data/pdb_release/all/pdb1thx.ent 60.000000
/data/pdb_release/all/pdb3trx.ent 57.142857
/data/pdb_release/all/pdb1tof.ent 57.142857
/nfs/cathdata/dompdb/1pxtA1 58.571429
/nfs/cathdata/dompdb/1pxtA2 64.285714
/nfs/cathdata/dompdb/2yhx02 57.142857
/nfs/cathdata/dompdb/1dik01 61.428571
/nfs/cathdata/dompdb/2minA3 57.142857
/nfs/cathdata/dompdb/1mioA3 57.142857
/nfs/cathdata/dompdb/2minB2 41.428571
/nfs/cathdata/dompdb/2minB3 68.571429
/nfs/cathdata/dompdb/1mioB2 54.285714
/nfs/cathdata/dompdb/1mioB4 68.571429
/nfs/cathdata/dompdb/2minA2 47.142857
/nfs/cathdata/dompdb/1mioA2 57.142857
/nfs/cathdata/dompdb/2minB1 52.857143
/nfs/cathdata/dompdb/1mioB1 51.428571
/nfs/cathdata/dompdb/1iow01 55.714286
/nfs/cathdata/dompdb/1bncA1 57.142857
/nfs/cathdata/dompdb/3ecaA2 58.571429
/nfs/cathdata/dompdb/1agx02 58.571429
/nfs/cathdata/dompdb/3pga12 58.571429
/nfs/cathdata/dompdb/1pkyA1 68.571429
/nfs/cathdata/dompdb/1pkm01 68.571429
/nfs/cathdata/dompdb/1hsbA1 68.571429
/nfs/cathdata/dompdb/2clrA1 67.142857
/nfs/cathdata/dompdb/1mhcA1 77.142857
/tmp/1tmcA0 68.571429
/nfs/cathdata/dompdb/1fruA1 74.285714
/nfs/cathdata/dompdb/1tssA1 71.428571
/nfs/cathdata/dompdb/1se202 78.571429
/nfs/cathdata/dompdb/1sebD2 57.142857
/nfs/cathdata/dompdb/1esfA2 78.571429
/data/pdb_release/all/pdb1vhh.ent 67.142857
/nfs/cathdata/dompdb/3pmgA4 78.571429
/nfs/cathdata/dompdb/1imbA1 61.428571
/nfs/cathdata/dompdb/5fbpA1 84.285714
/nfs/cathdata/dompdb/1ftaA1 81.428571
/nfs/cathdata/dompdb/1spiA1 71.428571
/nfs/cathdata/dompdb/1inp02 52.857143
/nfs/cathdata/dompdb/1gd1O2 81.428571
/nfs/cathdata/dompdb/4gpd12 68.571429
/nfs/cathdata/dompdb/1cerO2 68.571429
/nfs/cathdata/dompdb/1gadO2 75.714286
/nfs/cathdata/dompdb/1gypA2 78.571429
/nfs/cathdata/dompdb/1hdgO2 68.571429
/data/pdb_release/all/pdb1cia.ent 78.571429
/nfs/cathdata/dompdb/1gal03 70.000000
/nfs/cathdata/dompdb/1dpgA2 81.428571
/data/pdb_release/all/pdb1dpb.ent 68.571429
/data/pdb_release/all/pdb1adn.ent 41.428571
/data/pdb_release/all/pdb2pna.ent 55.714286
/data/pdb_release/all/pdb1ab2.ent 38.571429
/tmp/1shaA0 58.571429
/tmp/1lcjA0 58.571429
/tmp/1csyA0 38.571429
/data/pdb_release/all/pdb1blj.ent 55.714286
/data/pdb_release/all/pdb1fim.ent 70.000000
/tmp/1mifA0 67.142857
/tmp/1kptA0 57.142857
/nfs/cathdata/dompdb/1dja01 70.000000
/nfs/cathdata/dompdb/1mblA1 80.000000
/nfs/cathdata/dompdb/1btl01 74.285714
/data/pdb_release/all/pdb2phy.ent 58.571429
/data/pdb_release/all/pdb1fil.ent 68.571429
/data/pdb_release/all/pdb1pne.ent 67.142857
/data/pdb_release/all/pdb1acf.ent 67.142857
/data/pdb_release/all/pdb2acg.ent 70.000000
/data/pdb_release/all/pdb1cqa.ent 67.142857
/nfs/cathdata/dompdb/1pnkB1 67.142857
/nfs/cathdata/dompdb/1oacA1 77.142857
/tmp/1otgA0 60.000000
/nfs/cathdata/dompdb/1ami02 55.714286
/nfs/cathdata/dompdb/1bpb02 61.428571
/nfs/cathdata/dompdb/9icwA3 67.142857
/nfs/cathdata/dompdb/1daaA1 68.571429
/nfs/cathdata/dompdb/1iov02 61.428571
/nfs/cathdata/dompdb/1glt02 70.000000
/tmp/1gtqA0 50.000000
/nfs/cathdata/dompdb/1bia02 68.571429
/nfs/cathdata/dompdb/1antI2 71.428571
/nfs/cathdata/dompdb/1hleA2 67.142857
/nfs/cathdata/dompdb/1ovaA2 67.142857
/nfs/cathdata/dompdb/2achA1 70.000000
/nfs/cathdata/dompdb/7apiA2 70.000000
/nfs/cathdata/dompdb/1pnkB2 67.142857
/nfs/cathdata/dompdb/1ami03 58.571429
/nfs/cathdata/dompdb/1hocA1 71.428571
/nfs/cathdata/dompdb/1hsaA1 68.571429
/nfs/cathdata/dompdb/1vaaA1 68.571429
/nfs/cathdata/dompdb/1dik06 57.142857
/nfs/cathdata/dompdb/1mdl01 60.000000
/nfs/cathdata/dompdb/4enl01 58.571429
/nfs/cathdata/dompdb/1pdz01 58.571429
/nfs/cathdata/dompdb/1nhp03 71.428571
/nfs/cathdata/dompdb/3ladA3 61.428571
/nfs/cathdata/dompdb/1lpfA3 64.285714
/nfs/cathdata/dompdb/1lvl03 64.285714
/nfs/cathdata/dompdb/1ebdA3 60.000000
/nfs/cathdata/dompdb/1tytA3 71.428571
/nfs/cathdata/dompdb/1gesA3 61.428571
/nfs/cathdata/dompdb/3grs03 71.428571
/nfs/cathdata/dompdb/1irk01 68.571429
/nfs/cathdata/dompdb/1apmE2 62.857143
/nfs/cathdata/dompdb/1ckiA1 68.571429
/nfs/cathdata/dompdb/1csn01 68.571429
/nfs/cathdata/dompdb/1coy02 67.142857
/nfs/cathdata/dompdb/1rthA4 67.142857
/tmp/1hrhA0 70.000000
/data/pdb_release/all/pdb2rn2.ent 68.571429
/data/pdb_release/all/pdb1ril.ent 68.571429
/tmp/1hjrA0 81.428571
/data/pdb_release/all/pdb1itg.ent 61.428571
/data/pdb_release/all/pdb1asu.ent 58.571429
/nfs/cathdata/dompdb/1bcmA1 61.428571
/nfs/cathdata/dompdb/1atr03 67.142857
/nfs/cathdata/dompdb/1atnA2 57.142857
/nfs/cathdata/dompdb/2btfA2 55.714286
/nfs/cathdata/dompdb/2yhx03 78.571429
/nfs/cathdata/dompdb/1atr01 78.571429
/nfs/cathdata/dompdb/1mngA2 58.571429
/nfs/cathdata/dompdb/3sdpA2 18.571429
/tmp/1kpaA0 78.571429
/nfs/cathdata/dompdb/1bpb03 17.142857
/nfs/cathdata/dompdb/1pkp02 51.428571
/nfs/cathdata/dompdb/1dar04 68.571429
/tmp/1copD0 42.857143
/data/pdb_release/all/pdb1orc.ent 45.714286
/nfs/cathdata/dompdb/2reb02 51.428571
/nfs/cathdata/dompdb/1derA2 60.000000
/tmp/1iceB0 18.571429
/tmp/2kauA0 35.714286
/nfs/cathdata/dompdb/1gpmA3 67.142857
/nfs/cathdata/dompdb/1mxa03 67.142857
/nfs/cathdata/dompdb/1mxa01 60.000000
/nfs/cathdata/dompdb/1mxa02 57.142857
/nfs/cathdata/dompdb/1xrb02 55.714286
/nfs/cathdata/dompdb/1ytbA2 67.142857
/nfs/cathdata/dompdb/1tghA2 67.142857
/nfs/cathdata/dompdb/1vokA2 67.142857
/nfs/cathdata/dompdb/1tbpA1 70.000000
/nfs/cathdata/dompdb/1tghA1 68.571429
/nfs/cathdata/dompdb/1vokA1 65.714286
/nfs/cathdata/dompdb/1pczA1 71.428571
/nfs/cathdata/dompdb/1pczA2 52.857143
/nfs/cathdata/dompdb/1bmc02 77.142857
/nfs/cathdata/dompdb/1sebA1 62.857143
/nfs/cathdata/dompdb/1sebB1 64.285714
/tmp/2sicI0 67.142857
/nfs/cathdata/dompdb/1dih02 55.714286
/tmp/1brsD0 58.571429
/data/pdb_release/all/pdb1msc.ent 78.571429
/tmp/1unaA0 81.428571
/nfs/cathdata/dompdb/1chkA2 24.285714
/nfs/cathdata/dompdb/1svb03 42.857143
/nfs/cathdata/dompdb/1oacA4 55.714286
/tmp/1latA0 18.571429
/tmp/2nllA0 18.571429
/tmp/2nllB0 22.857143
/data/pdb_release/all/pdb1tns.ent 20.000000
/data/pdb_release/all/pdb1ife.ent 15.714286
/data/pdb_release/all/pdb1tig.ent 55.714286
/nfs/cathdata/dompdb/1hpm04 45.714286
/nfs/cathdata/dompdb/1bncA2 18.571429
/nfs/cathdata/dompdb/1iow03 57.142857
/nfs/cathdata/dompdb/1glt03 52.857143
/tmp/1humA0 51.428571
/tmp/1hrjA0 25.714286
/tmp/1domA0 40.000000
/tmp/1plfA0 40.000000
/tmp/1mgsA0 54.285714
/data/pdb_release/all/pdb3il8.ent 54.285714
/tmp/1rhpA0 40.000000
/tmp/1napA0 54.285714
/tmp/1rodA0 25.714286
/data/pdb_release/all/pdb1stu.ent 55.714286
/nfs/cathdata/dompdb/1pkp01 51.428571
/nfs/cathdata/dompdb/1pda03 60.000000
/data/pdb_release/all/pdb1ncs.ent 14.285714
/tmp/1cksA0 18.571429
/tmp/1sceA0 18.571429
/tmp/1dktA0 44.285714
/tmp/1rblM0 44.285714
/tmp/3rubS0 44.285714
/tmp/8rubS0 44.285714
/tmp/8rucI0 44.285714
/tmp/1burS0 44.285714
/nfs/cathdata/dompdb/1amg02 54.285714
/nfs/cathdata/dompdb/1amy02 62.857143
/data/pdb_release/all/pdb1zer.ent 54.285714
/data/pdb_release/all/pdb1aps.ent 67.142857
/tmp/2bopA0 67.142857
/data/pdb_release/all/pdb2pii.ent 67.142857
/tmp/2chsA0 52.857143
/nfs/cathdata/dompdb/8atcB1 70.000000
/nfs/cathdata/dompdb/2atcB1 14.285714
/tmp/1nhkL0 58.571429
/data/pdb_release/all/pdb1ndk.ent 61.428571
/tmp/1nsqA0 58.571429
/tmp/1nskL0 58.571429
/nfs/cathdata/dompdb/1rbaA1 71.428571
/nfs/cathdata/dompdb/3rubL1 71.428571
/nfs/cathdata/dompdb/8rucA1 68.571429
/nfs/cathdata/dompdb/1rblA1 71.428571
/nfs/cathdata/dompdb/1ars01 25.714286
/nfs/cathdata/dompdb/7aatA1 25.714286
/nfs/cathdata/dompdb/2cstA1 24.285714
/nfs/cathdata/dompdb/1ordA3 48.571429
/nfs/cathdata/dompdb/2dkb01 71.428571
/nfs/cathdata/dompdb/1tplA1 44.285714
/tmp/1dcoA0 57.142857
/data/pdb_release/all/pdb1vig.ent 45.714286
/tmp/1xxaA0 67.142857
/nfs/cathdata/dompdb/1bgw04 71.428571
/nfs/cathdata/dompdb/1dar05 67.142857
/nfs/cathdata/dompdb/1mla01 70.000000
/nfs/cathdata/dompdb/1psdA3 70.000000
/nfs/cathdata/dompdb/1dloA2 55.714286
/nfs/cathdata/dompdb/1mml02 71.428571
/tmp/1gluA0 18.571429
/data/pdb_release/all/pdb1hra.ent 18.571429
/tmp/1hcqA0 18.571429
/nfs/cathdata/dompdb/1bgw01 54.285714
/data/pdb_release/all/pdb1nef.ent 45.714286
/tmp/1efnB0 48.571429
/nfs/cathdata/dompdb/1gky01 41.428571
/nfs/cathdata/dompdb/1yua01 54.285714
/data/pdb_release/all/pdb1vcc.ent 52.857143
/nfs/cathdata/dompdb/1svb02 70.000000
/nfs/cathdata/dompdb/1yua02 32.857143
/tmp/1otfA0 40.000000
/data/pdb_release/all/pdb1cbn.ent 15.714286
/data/pdb_release/all/pdb1bhp.ent 18.571429
/data/pdb_release/all/pdb2plh.ent 18.571429
/data/pdb_release/all/pdb1fdx.ent 14.285714
/data/pdb_release/all/pdb1clf.ent 0.000000
/data/pdb_release/all/pdb1fca.ent 14.285714
/data/pdb_release/all/pdb1fdn.ent 14.285714
/data/pdb_release/all/pdb1blu.ent 18.571429
/data/pdb_release/all/pdb1fxd.ent 15.714286
/data/pdb_release/all/pdb2fxb.ent 44.285714
/tmp/1fxrA0 67.142857
/data/pdb_release/all/pdb1rof.ent 14.285714
/data/pdb_release/all/pdb5fd1.ent 21.428571
/data/pdb_release/all/pdb1fwp.ent 55.714286
/data/pdb_release/all/pdb1sxl.ent 44.285714
/data/pdb_release/all/pdb1fht.ent 57.142857
/data/pdb_release/all/pdb1pba.ent 30.000000
/data/pdb_release/all/pdb1ris.ent 70.000000
/data/pdb_release/all/pdb1ctf.ent 57.142857
/tmp/1spbP0 70.000000
/data/pdb_release/all/pdb1ptf.ent 67.142857
/data/pdb_release/all/pdb1poh.ent 67.142857
/data/pdb_release/all/pdb2hpr.ent 67.142857
/data/pdb_release/all/pdb1pch.ent 67.142857
/data/pdb_release/all/pdb1sxm.ent 32.857143
/data/pdb_release/all/pdb2sn3.ent 32.857143
/data/pdb_release/all/pdb1vna.ent 30.000000
/data/pdb_release/all/pdb1nra.ent 30.000000
/data/pdb_release/all/pdb1ptx.ent 47.142857
/data/pdb_release/all/pdb1lqh.ent 41.428571
/data/pdb_release/all/pdb1snb.ent 44.285714
/data/pdb_release/all/pdb1gps.ent 44.285714
/data/pdb_release/all/pdb1gpt.ent 44.285714
/data/pdb_release/all/pdb1chc.ent 14.285714
/data/pdb_release/all/pdb1caa.ent 14.285714
/data/pdb_release/all/pdb1iro.ent 0.000000
/data/pdb_release/all/pdb1rdg.ent 0.000000
/data/pdb_release/all/pdb4rxn.ent 0.000000
/data/pdb_release/all/pdb6rxn.ent 0.000000
/tmp/8rxnA0 0.000000
/tmp/1gatA0 40.000000
/data/pdb_release/all/pdb1bus.ent 14.285714
/data/pdb_release/all/pdb2ovo.ent 28.571429
/data/pdb_release/all/pdb3ovo.ent 25.714286
/nfs/cathdata/dompdb/1tbrR1 28.571429
/nfs/cathdata/dompdb/1tbrR2 28.571429
/data/pdb_release/all/pdb1ptq.ent 40.000000
/nfs/cathdata/dompdb/9wgaA1 14.285714
/nfs/cathdata/dompdb/9wgaA2 14.285714
/nfs/cathdata/dompdb/9wgaA3 14.285714
/nfs/cathdata/dompdb/9wgaA4 14.285714
/nfs/cathdata/dompdb/2cwgA2 14.285714
/nfs/cathdata/dompdb/1wgtA3 14.285714
/tmp/1tgsI0 25.714286
/tmp/1cgiI0 25.714286
/data/pdb_release/all/pdb1pce.ent 28.571429
/data/pdb_release/all/pdb1hev.ent 14.285714
/data/pdb_release/all/pdb2alr.ent 71.428571
/data/pdb_release/all/pdb1frb.ent 71.428571
/nfs/cathdata/dompdb/1rlcL2 61.428571
/nfs/cathdata/dompdb/1rblA2 55.714286
/nfs/cathdata/dompdb/1rbaA2 68.571429
/nfs/cathdata/dompdb/1oneA2 70.000000
/nfs/cathdata/dompdb/1pdz02 70.000000
/tmp/1chrA0 68.571429
/tmp/1mucA0 72.857143
/data/pdb_release/all/pdb2mnr.ent 70.000000
/nfs/cathdata/dompdb/1mdr02 61.428571
/data/pdb_release/all/pdb1gox.ent 68.571429
/tmp/1fcbB0 68.571429
/nfs/cathdata/dompdb/2tmdA1 60.000000
/data/pdb_release/all/pdb1oya.ent 68.571429
/data/pdb_release/all/pdb1add.ent 71.428571
/data/pdb_release/all/pdb1pta.ent 68.571429
/data/pdb_release/all/pdb1xis.ent 58.571429
/tmp/1ximA0 57.142857
/tmp/1xlaA0 58.571429
/tmp/1dxiA0 48.571429
/data/pdb_release/all/pdb1dtp.ent 64.285714
/tmp/1dmaA0 70.000000
/nfs/cathdata/dompdb/1dik04 61.428571
/nfs/cathdata/dompdb/1kauC2 71.428571
/nfs/cathdata/dompdb/1aa8A2 91.428571
/tmp/1hymA0 14.285714
/tmp/1cseI0 30.000000
/tmp/1ypcI0 30.000000
/data/pdb_release/all/pdb1cis.ent 30.000000
/data/pdb_release/all/pdb1mit.ent 30.000000
/nfs/cathdata/dompdb/2baa02 14.285714
/data/pdb_release/all/pdb1ica.ent 14.285714
/data/pdb_release/all/pdb1cnv.ent 71.428571
/tmp/1xyzA0 71.428571
/data/pdb_release/all/pdb1exp.ent 71.428571
/tmp/1clxA0 71.428571
/data/pdb_release/all/pdb2ebn.ent 77.142857
/data/pdb_release/all/pdb1edt.ent 72.857143
/nfs/cathdata/dompdb/1ctn02 70.000000
/data/pdb_release/all/pdb1cec.ent 68.571429
/tmp/1ghsA0 64.285714
/data/pdb_release/all/pdb1ghr.ent 60.000000
/data/pdb_release/all/pdb1cbg.ent 71.428571
/nfs/cathdata/dompdb/1amg01 61.428571
/nfs/cathdata/dompdb/1amy01 64.285714
/nfs/cathdata/dompdb/2aaa01 67.142857
/nfs/cathdata/dompdb/2taaA1 74.285714
/nfs/cathdata/dompdb/1ppi01 68.571429
/data/pdb_release/all/pdb1hny.ent 78.571429
/nfs/cathdata/dompdb/1cgt01 70.000000
/nfs/cathdata/dompdb/1cdg01 68.571429
/nfs/cathdata/dompdb/1cyg01 72.857143
/nfs/cathdata/dompdb/1ciu01 70.000000
/nfs/cathdata/dompdb/1pamA1 67.142857
/data/pdb_release/all/pdb1btc.ent 60.000000
/nfs/cathdata/dompdb/1bglA3 71.428571
/tmp/1pbgA0 71.428571
/tmp/1tpfA0 68.571429
/tmp/1ypiA0 71.428571
/tmp/1timA0 68.571429
/tmp/1treA0 71.428571
/tmp/1htiA0 68.571429
/tmp/1btmA0 68.571429
/data/pdb_release/all/pdb1ads.ent 71.428571
/data/pdb_release/all/pdb1ral.ent 70.000000
/nfs/cathdata/dompdb/1csbB2 61.428571
/nfs/cathdata/dompdb/1bmc01 80.000000
/nfs/cathdata/dompdb/1ezm01 65.714286
/nfs/cathdata/dompdb/1esp01 67.142857
/nfs/cathdata/dompdb/2tmnE1 67.142857
/nfs/cathdata/dompdb/1dhy01 81.428571
/nfs/cathdata/dompdb/1han01 81.428571
/nfs/cathdata/dompdb/1dhy02 81.428571
/nfs/cathdata/dompdb/1han02 81.428571
/data/pdb_release/all/pdb1std.ent 68.571429
/data/pdb_release/all/pdb2cba.ent 85.714286
/data/pdb_release/all/pdb1crm.ent 85.714286
/tmp/1dmxA0 85.714286
/nfs/cathdata/dompdb/1bncA3 74.285714
/nfs/cathdata/dompdb/1daaA2 78.571429
/data/pdb_release/all/pdb1gym.ent 78.571429
/nfs/cathdata/dompdb/1ami04 70.000000
/tmp/1fvpA0 71.428571
/data/pdb_release/all/pdb1nfp.ent 68.571429
/tmp/1brlB0 71.428571
/tmp/1lucA0 71.428571
/data/pdb_release/all/pdb1tml.ent 60.000000
/nfs/cathdata/dompdb/1pii02 75.714286
/nfs/cathdata/dompdb/1pii01 71.428571
/data/pdb_release/all/pdb1igs.ent 71.428571
/tmp/1wsyA0 57.142857
/nfs/cathdata/dompdb/1pkm02 71.428571
/nfs/cathdata/dompdb/1pkyA2 74.285714
/tmp/1nal10 71.428571
/tmp/1fbaA0 61.428571
/data/pdb_release/all/pdb1ald.ent 67.142857
/data/pdb_release/all/pdb1nar.ent 71.428571
/data/pdb_release/all/pdb2hvm.ent 71.428571
/data/pdb_release/all/pdb1fkb.ent 77.142857
/data/pdb_release/all/pdb1yat.ent 80.000000
/data/pdb_release/all/pdb1pbk.ent 77.142857
/data/pdb_release/all/pdb1rot.ent 84.285714
/nfs/cathdata/dompdb/1hmy02 30.000000
/tmp/2msbA0 61.428571
/data/pdb_release/all/pdb1hup.ent 61.428571
/tmp/1rtm10 64.285714
/tmp/1rdl10 61.428571
/data/pdb_release/all/pdb1aak.ent 68.571429
/data/pdb_release/all/pdb2uce.ent 70.000000
/data/pdb_release/all/pdb1ucz.ent 61.428571
/tmp/1u9aA0 71.428571
/nfs/cathdata/dompdb/1fcbA1 54.285714
/data/pdb_release/all/pdb1b5m.ent 58.571429
/data/pdb_release/all/pdb1iet.ent 14.285714
/data/pdb_release/all/pdb1cyo.ent 61.428571
/tmp/1mkaA0 74.285714
/data/pdb_release/all/pdb1onc.ent 68.571429
/data/pdb_release/all/pdb7rsa.ent 58.571429
/tmp/1bsrA0 58.571429
/data/pdb_release/all/pdb1ang.ent 74.285714
/data/pdb_release/all/pdb1agi.ent 74.285714
/nfs/cathdata/dompdb/1hpm02 55.714286
/nfs/cathdata/dompdb/2polA3 84.285714
/nfs/cathdata/dompdb/2polA2 64.285714
/nfs/cathdata/dompdb/2polA1 84.285714
/nfs/cathdata/dompdb/9pap01 55.714286
/nfs/cathdata/dompdb/1aec01 55.714286
/nfs/cathdata/dompdb/1gecE1 55.714286
/nfs/cathdata/dompdb/1ppo01 58.571429
/nfs/cathdata/dompdb/1yal01 55.714286
/nfs/cathdata/dompdb/1theA1 55.714286
/data/pdb_release/all/pdb1pgb.ent 58.571429
/data/pdb_release/all/pdb2igg.ent 54.285714
/data/pdb_release/all/pdb3fxc.ent 40.000000
/tmp/1frrA0 67.142857
/tmp/1fxiA0 55.714286
/tmp/1fxaA0 70.000000
/data/pdb_release/all/pdb1frd.ent 67.142857
/data/pdb_release/all/pdb1dox.ent 14.285714
/data/pdb_release/all/pdb1cjn.ent 50.000000
/data/pdb_release/all/pdb1doi.ent 57.142857
/data/pdb_release/all/pdb1put.ent 18.571429
/nfs/cathdata/dompdb/2pia03 55.714286
/data/pdb_release/all/pdb1ubi.ent 54.285714
/nfs/cathdata/dompdb/1lgr02 58.571429
/data/pdb_release/all/pdb1tif.ent 67.142857
/data/pdb_release/all/pdb1rfa.ent 42.857143
/tmp/1molA0 60.000000
/tmp/1stfI0 55.714286
/data/pdb_release/all/pdb1cyu.ent 55.714286
/tmp/1cewI0 57.142857
/tmp/1udiI0 62.857143
/data/pdb_release/all/pdb1fus.ent 44.285714
/data/pdb_release/all/pdb9rnt.ent 44.285714
/data/pdb_release/all/pdb1rds.ent 44.285714
/tmp/1gmpA0 55.714286
/tmp/1brnL0 54.285714
/tmp/2rbiA0 58.571429
/nfs/cathdata/dompdb/1oacA2 55.714286
/nfs/cathdata/dompdb/1prtB1 34.285714
/nfs/cathdata/dompdb/1prtC1 18.571429
/nfs/cathdata/dompdb/1ctn03 55.714286
/nfs/cathdata/dompdb/1gtrA3 62.857143
/nfs/cathdata/dompdb/1grj02 54.285714
/data/pdb_release/all/pdb1tsp.ent 81.428571
/nfs/cathdata/dompdb/1dhx01 28.571429
/nfs/cathdata/dompdb/2psg01 85.714286
/nfs/cathdata/dompdb/1mpp01 85.714286
/nfs/cathdata/dompdb/1bbs01 81.428571
/nfs/cathdata/dompdb/4cms01 84.285714
/nfs/cathdata/dompdb/1smrA1 88.571429
/nfs/cathdata/dompdb/1epmE1 91.428571
/nfs/cathdata/dompdb/1pplE1 80.000000
/nfs/cathdata/dompdb/2apr01 88.571429
/nfs/cathdata/dompdb/1psoE1 84.285714
/nfs/cathdata/dompdb/1htrB1 78.571429
/nfs/cathdata/dompdb/1jxrA1 78.571429
/nfs/cathdata/dompdb/2asi01 81.428571
/nfs/cathdata/dompdb/1smeA1 88.571429
/nfs/cathdata/dompdb/1epmE2 71.428571
/nfs/cathdata/dompdb/1pplE2 78.571429
/nfs/cathdata/dompdb/1mpp02 82.857143
/nfs/cathdata/dompdb/2asi02 80.000000
/nfs/cathdata/dompdb/2apr02 91.428571
/nfs/cathdata/dompdb/1psaA2 81.428571
/nfs/cathdata/dompdb/1lyaB2 91.428571
/nfs/cathdata/dompdb/1rne02 74.285714
/nfs/cathdata/dompdb/1cms02 81.428571
/nfs/cathdata/dompdb/1smrA2 78.571429
/nfs/cathdata/dompdb/1psoE2 82.857143
/nfs/cathdata/dompdb/1htrB2 88.571429
/nfs/cathdata/dompdb/1jxrA2 88.571429
/data/pdb_release/all/pdb2cas.ent 88.571429
/nfs/cathdata/dompdb/1rthA1 51.428571
/data/pdb_release/all/pdb1har.ent 67.142857
/nfs/cathdata/dompdb/1mml01 70.000000
/data/pdb_release/all/pdb1pgx.ent 55.714286
/data/pdb_release/all/pdb4fgf.ent 84.285714
/tmp/1afgA0 81.428571
/data/pdb_release/all/pdb1i1b.ent 81.428571
/data/pdb_release/all/pdb8i1b.ent 81.428571
/tmp/1ilr10 78.571429
/data/pdb_release/all/pdb1hcd.ent 78.571429
/data/pdb_release/all/pdb1tie.ent 84.285714
/data/pdb_release/all/pdb1wbc.ent 85.714286
/nfs/cathdata/dompdb/2aaiB2 77.142857
/nfs/cathdata/dompdb/1abrB2 65.714286
/nfs/cathdata/dompdb/2aaiB1 78.571429
/nfs/cathdata/dompdb/1abrB1 68.571429
/tmp/1msaA0 78.571429
/nfs/cathdata/dompdb/1dlc03 88.571429
/tmp/1vmoA0 68.571429
/data/pdb_release/all/pdb1hxn.ent 82.857143
/nfs/cathdata/dompdb/1fbl02 77.142857
/data/pdb_release/all/pdb1rtg.ent 88.571429
/data/pdb_release/all/pdb1pex.ent 88.571429
/data/pdb_release/all/pdb2nn9.ent 81.428571
/data/pdb_release/all/pdb2bat.ent 81.428571
/tmp/1nscA0 84.285714
/data/pdb_release/all/pdb1inv.ent 81.428571
/data/pdb_release/all/pdb1sim.ent 88.571429
/tmp/2bbkH0 88.571429
/tmp/1mdaH0 91.428571
/tmp/2madH0 0.000000
/nfs/cathdata/dompdb/1gof02 88.571429
/tmp/3aahA0 85.714286
/nfs/cathdata/dompdb/1kapP1 44.285714
/nfs/cathdata/dompdb/1sat01 45.714286
/nfs/cathdata/dompdb/1lxa01 51.428571
/data/pdb_release/all/pdb2pec.ent 81.428571
/nfs/cathdata/dompdb/2taaA2 54.285714
/nfs/cathdata/dompdb/1ppi02 78.571429
/nfs/cathdata/dompdb/1bvp12 67.142857
/data/pdb_release/all/pdb1bcx.ent 91.428571
/tmp/1enxA0 88.571429
/data/pdb_release/all/pdb1xnd.ent 91.428571
/data/pdb_release/all/pdb1xyn.ent 91.428571
/data/pdb_release/all/pdb1yna.ent 85.714286
/tmp/2pcdA0 82.857143
/tmp/2pcdM0 88.571429
/nfs/cathdata/dompdb/1dlc02 84.285714
/nfs/cathdata/dompdb/1ciy03 84.285714
/nfs/cathdata/dompdb/1ddt03 81.428571
/tmp/1gff10 74.285714
/tmp/2bpa10 80.000000
/data/pdb_release/all/pdb1jbc.ent 81.428571
/data/pdb_release/all/pdb2cna.ent 88.571429
/nfs/cathdata/dompdb/1dhx04 54.285714
/tmp/4htcI0 28.571429
/data/pdb_release/all/pdb1hic.ent 28.571429
/nfs/cathdata/dompdb/1ecl03 74.285714
/data/pdb_release/all/pdb1htp.ent 78.571429
/tmp/1dupA0 71.428571
/nfs/cathdata/dompdb/1ggtA1 77.142857
/tmp/1tsrA0 80.000000
/data/pdb_release/all/pdb1gpr.ent 88.571429
/data/pdb_release/all/pdb1f3g.ent 88.571429
/nfs/cathdata/dompdb/1aozA3 85.714286
/nfs/cathdata/dompdb/1oacA3 88.571429
/nfs/cathdata/dompdb/1bglA5 85.714286
/nfs/cathdata/dompdb/1bglA1 71.428571
/tmp/1celA0 84.285714
/tmp/1afcA0 67.142857
/tmp/2plv20 88.571429
/tmp/1rhi20 77.142857
/data/pdb_release/all/pdb1pov.ent 88.571429
/tmp/1bmv10 72.857143
/tmp/4sbvA0 75.714286
/tmp/1smvA0 68.571429
/tmp/2tbvA0 81.428571
/tmp/2bbvA0 88.571429
/tmp/1bmv20 81.428571
/tmp/1tnfA0 84.285714
/tmp/1tnrA0 84.285714
/tmp/1hlcA0 78.571429
/tmp/1sltA0 78.571429
/tmp/2ltnA0 81.428571
/tmp/1lenA0 81.428571
/tmp/1lgcA0 81.428571
/data/pdb_release/all/pdb1lte.ent 88.571429
/data/pdb_release/all/pdb1sba.ent 81.428571
/data/pdb_release/all/pdb1gsl.ent 88.571429
/tmp/2pelA0 88.571429
/tmp/1fatA0 88.571429
/tmp/1ioaA0 88.571429
/tmp/1sacA0 85.714286
/tmp/1gnhA0 85.714286
/data/pdb_release/all/pdb2ayh.ent 85.714286
/data/pdb_release/all/pdb1cpm.ent 85.714286
/data/pdb_release/all/pdb1gbg.ent 85.714286
/nfs/cathdata/dompdb/1cgt02 62.857143
/nfs/cathdata/dompdb/1cdg02 55.714286
/nfs/cathdata/dompdb/1cyg02 55.714286
/nfs/cathdata/dompdb/1ciu02 55.714286
/nfs/cathdata/dompdb/1pamA2 58.571429
/nfs/cathdata/dompdb/2aaa02 81.428571
/nfs/cathdata/dompdb/1pnf02 81.428571
/data/pdb_release/all/pdb1knb.ent 78.571429
/tmp/1sluA0 81.428571
/nfs/cathdata/dompdb/1lla02 85.714286
/nfs/cathdata/dompdb/1svb01 81.428571
/data/pdb_release/all/pdb1cyw.ent 81.428571
/nfs/cathdata/dompdb/1hcz01 75.714286
/data/pdb_release/all/pdb1thw.ent 81.428571
/tmp/1cauB0 81.428571
/nfs/cathdata/dompdb/2phlA3 81.428571
/nfs/cathdata/dompdb/2phlA2 81.428571
/data/pdb_release/all/pdb2stv.ent 81.428571
/tmp/1bbt10 52.857143
/tmp/1pov10 72.857143
/tmp/1pvc10 72.857143
/tmp/1r0910 71.428571
/tmp/1rhi10 71.428571
/tmp/1tme10 70.000000
/tmp/2mev10 71.428571
/tmp/2bpa20 80.000000
/tmp/1gff20 78.571429
/tmp/1bbt30 75.714286
/tmp/1tme30 78.571429
/tmp/2mev30 78.571429
/tmp/1r0930 78.571429
/tmp/1pov30 78.571429
/tmp/1pvc30 78.571429
/tmp/1rhi30 78.571429
/tmp/1bbt20 71.428571
/tmp/1tme20 77.142857
/tmp/2mev20 74.285714
/tmp/1r0920 71.428571
/tmp/1pvc20 81.428571
/data/pdb_release/all/pdb1arn.ent 75.714286
/tmp/1aizA0 75.714286
/data/pdb_release/all/pdb1aaj.ent 70.000000
/nfs/cathdata/dompdb/1aozA1 77.142857
/nfs/cathdata/dompdb/1aozA2 81.428571
/nfs/cathdata/dompdb/1gof03 78.571429
/nfs/cathdata/dompdb/1nif01 88.571429
/nfs/cathdata/dompdb/1afnA1 88.571429
/nfs/cathdata/dompdb/1nif02 85.714286
/nfs/cathdata/dompdb/1ntd02 78.571429
/tmp/1eta10 77.142857
/tmp/1tfpA0 72.857143
/tmp/1sxaA0 91.428571
/tmp/1srdA0 78.571429
/data/pdb_release/all/pdb1jcv.ent 88.571429
/tmp/1sosA0 88.571429
/tmp/1xsoA0 91.428571
/data/pdb_release/all/pdb1akp.ent 64.285714
/data/pdb_release/all/pdb1acx.ent 78.571429
/data/pdb_release/all/pdb1noa.ent 81.428571
/data/pdb_release/all/pdb2mcm.ent 81.428571
/nfs/cathdata/dompdb/1clc01 68.571429
/nfs/cathdata/dompdb/1ctn01 78.571429
/data/pdb_release/all/pdb1exg.ent 78.571429
/nfs/cathdata/dompdb/1bglA4 78.571429
/nfs/cathdata/dompdb/1bglA2 81.428571
/nfs/cathdata/dompdb/1svcP3 81.428571
/nfs/cathdata/dompdb/1svb04 62.857143
/nfs/cathdata/dompdb/1gof01 70.000000
/nfs/cathdata/dompdb/2sblB1 65.714286
/nfs/cathdata/dompdb/1hplA2 78.571429
/nfs/cathdata/dompdb/1lpbB2 81.428571
/nfs/cathdata/dompdb/1pgs01 81.428571
/data/pdb_release/all/pdb1ten.ent 78.571429
/nfs/cathdata/dompdb/1fnf01 64.285714
/nfs/cathdata/dompdb/1fnf02 78.571429
/nfs/cathdata/dompdb/1fnf03 78.571429
/nfs/cathdata/dompdb/1cfb01 72.857143
/nfs/cathdata/dompdb/1cfb02 70.000000
/tmp/1wapA0 78.571429
/data/pdb_release/all/pdb1ncg.ent 65.714286
/data/pdb_release/all/pdb1suh.ent 67.142857
/nfs/cathdata/dompdb/1ggtA4 78.571429
/nfs/cathdata/dompdb/1cgt04 65.714286
/nfs/cathdata/dompdb/1cdg04 78.571429
/nfs/cathdata/dompdb/1cyg04 67.142857
/data/pdb_release/all/pdb1kul.ent 51.428571
/nfs/cathdata/dompdb/1ciu04 67.142857
/nfs/cathdata/dompdb/1pamA4 75.714286
/nfs/cathdata/dompdb/1cgt03 78.571429
/nfs/cathdata/dompdb/1cdg03 78.571429
/nfs/cathdata/dompdb/1cyg03 62.857143
/nfs/cathdata/dompdb/1ciu03 81.428571
/nfs/cathdata/dompdb/1pamA3 78.571429
/data/pdb_release/all/pdb1rsy.ent 75.714286
/data/pdb_release/all/pdb1plc.ent 68.571429
/data/pdb_release/all/pdb9pcy.ent 67.142857
/data/pdb_release/all/pdb2plt.ent 77.142857
/data/pdb_release/all/pdb7pcy.ent 77.142857
/data/pdb_release/all/pdb1pla.ent 81.428571
/data/pdb_release/all/pdb1nin.ent 40.000000
/data/pdb_release/all/pdb1paz.ent 78.571429
/data/pdb_release/all/pdb1pmy.ent 78.571429
/data/pdb_release/all/pdb1zia.ent 78.571429
/tmp/1adwA0 78.571429
/tmp/1vlxA0 78.571429
/nfs/cathdata/dompdb/1vgeH1 78.571429
/nfs/cathdata/dompdb/1yuhB1 77.142857
/nfs/cathdata/dompdb/1clyH1 78.571429
/nfs/cathdata/dompdb/1kelH1 81.428571
/nfs/cathdata/dompdb/1nldH1 67.142857
/nfs/cathdata/dompdb/1ghfH1 78.571429
/nfs/cathdata/dompdb/1ospH1 78.571429
/nfs/cathdata/dompdb/1mimH1 78.571429
/nfs/cathdata/dompdb/1cloH1 81.428571
/nfs/cathdata/dompdb/1plgL1 80.000000
/nfs/cathdata/dompdb/1ghfL1 81.428571
/nfs/cathdata/dompdb/1clzL1 78.571429
/nfs/cathdata/dompdb/1kelL1 81.428571
/nfs/cathdata/dompdb/1gafL1 78.571429
/nfs/cathdata/dompdb/1iaiL1 67.142857
/nfs/cathdata/dompdb/1aifA1 62.857143
/nfs/cathdata/dompdb/1vgeL1 81.428571
/nfs/cathdata/dompdb/1nldL1 78.571429
/nfs/cathdata/dompdb/1ospL1 81.428571
/nfs/cathdata/dompdb/1mimL1 78.571429
/nfs/cathdata/dompdb/1lilA1 81.428571
/nfs/cathdata/dompdb/1cloL1 78.571429
/nfs/cathdata/dompdb/1bec01 84.285714
/nfs/cathdata/dompdb/1tcrB1 81.428571
/data/pdb_release/all/pdb1tit.ent 51.428571
/data/pdb_release/all/pdb1cid.ent 81.428571
/data/pdb_release/all/pdb3cd4.ent 78.571429
/data/pdb_release/all/pdb1hoe.ent 60.000000
/nfs/cathdata/dompdb/3hhrB1 62.857143
/nfs/cathdata/dompdb/3hhrB2 62.857143
/nfs/cathdata/dompdb/1fieA3 88.571429
/nfs/cathdata/dompdb/1hft01 77.142857
/data/pdb_release/all/pdb1ttf.ent 78.571429
/nfs/cathdata/dompdb/1hilA1 78.571429
/nfs/cathdata/dompdb/1ggbL1 81.428571
/nfs/cathdata/dompdb/1gigL1 78.571429
/nfs/cathdata/dompdb/1mfeL1 78.571429
/nfs/cathdata/dompdb/1igfL1 78.571429
/nfs/cathdata/dompdb/1lmkA2 78.571429
/nfs/cathdata/dompdb/1mcbA1 70.000000
/nfs/cathdata/dompdb/1mlbA1 81.428571
/nfs/cathdata/dompdb/3hfmL1 81.428571
/nfs/cathdata/dompdb/1opgL1 78.571429
/nfs/cathdata/dompdb/1ncaL1 81.428571
/nfs/cathdata/dompdb/1tetL1 77.142857
/nfs/cathdata/dompdb/2fb4L1 78.571429
/nfs/cathdata/dompdb/2fbjL1 78.571429
/nfs/cathdata/dompdb/6fabL1 78.571429
/nfs/cathdata/dompdb/7fabL1 78.571429
/nfs/cathdata/dompdb/8fabA1 77.142857
/nfs/cathdata/dompdb/1eapA1 77.142857
/nfs/cathdata/dompdb/1figL1 75.714286
/nfs/cathdata/dompdb/1forL1 81.428571
/nfs/cathdata/dompdb/1ibgL1 78.571429
/nfs/cathdata/dompdb/1igcL1 68.571429
/nfs/cathdata/dompdb/1jelL1 77.142857
/nfs/cathdata/dompdb/1nsnL1 81.428571
/nfs/cathdata/dompdb/2gfbA1 77.142857
/tmp/1dvfC0 80.000000
/tmp/1dvfD0 78.571429
/data/pdb_release/all/pdb1vhp.ent 65.714286
/nfs/cathdata/dompdb/1gafH1 81.428571
/nfs/cathdata/dompdb/1iaiH1 80.000000
/nfs/cathdata/dompdb/1aifB1 67.142857
/nfs/cathdata/dompdb/1ngpH1 80.000000
/nfs/cathdata/dompdb/1plgH1 78.571429
/nfs/cathdata/dompdb/1mlbB1 80.000000
/nfs/cathdata/dompdb/2cgrH1 81.428571
/nfs/cathdata/dompdb/1eapB1 81.428571
/nfs/cathdata/dompdb/1faiH1 88.571429
/nfs/cathdata/dompdb/1fbiH1 81.428571
/nfs/cathdata/dompdb/1figH1 70.000000
/nfs/cathdata/dompdb/1forH1 78.571429
/nfs/cathdata/dompdb/1fptH1 78.571429
/nfs/cathdata/dompdb/1frgH1 78.571429
/nfs/cathdata/dompdb/1gigH1 78.571429
/nfs/cathdata/dompdb/1ibgH1 78.571429
/nfs/cathdata/dompdb/1igcH1 81.428571
/nfs/cathdata/dompdb/1igjB1 80.000000
/nfs/cathdata/dompdb/1ikfH1 81.428571
/nfs/cathdata/dompdb/1jelH1 77.142857
/nfs/cathdata/dompdb/1mrcH1 81.428571
/nfs/cathdata/dompdb/1nsnH1 78.571429
/nfs/cathdata/dompdb/1opgH1 77.142857
/nfs/cathdata/dompdb/1rmfH1 78.571429
/nfs/cathdata/dompdb/2fgwH1 81.428571
/nfs/cathdata/dompdb/2gfbB1 78.571429
/nfs/cathdata/dompdb/6fabH1 75.714286
/nfs/cathdata/dompdb/1acyL1 78.571429
/nfs/cathdata/dompdb/1bafL1 78.571429
/nfs/cathdata/dompdb/1bbdL1 77.142857
/nfs/cathdata/dompdb/1bqlL1 81.428571
/nfs/cathdata/dompdb/2cgrL1 78.571429
/nfs/cathdata/dompdb/1dbbL1 72.857143
/nfs/cathdata/dompdb/1dfbL1 77.142857
/nfs/cathdata/dompdb/1faiL1 77.142857
/nfs/cathdata/dompdb/1mamL1 77.142857
/nfs/cathdata/dompdb/1ikfL1 78.571429
/nfs/cathdata/dompdb/1frgL1 81.428571
/tmp/1wtlA0 78.571429
/tmp/1breA0 80.000000
/tmp/1fvcB0 81.428571
/tmp/1jhlH0 81.428571
/tmp/1vfaB0 75.714286
/tmp/1igmH0 72.857143
/tmp/1mfaL0 0.000000
/tmp/1fgvH0 81.428571
/tmp/1nmaH0 81.428571
/tmp/2bjl10 84.285714
/nfs/cathdata/dompdb/8fabB1 77.142857
/nfs/cathdata/dompdb/2fb4H1 78.571429
/nfs/cathdata/dompdb/1acyH1 70.000000
/nfs/cathdata/dompdb/1bbdH1 81.428571
/nfs/cathdata/dompdb/2hflH1 81.428571
/nfs/cathdata/dompdb/2fbjH1 81.428571
/nfs/cathdata/dompdb/1hilB1 80.000000
/nfs/cathdata/dompdb/1nbvH1 72.857143
/nfs/cathdata/dompdb/7fabH1 75.714286
/nfs/cathdata/dompdb/1indH1 75.714286
/nfs/cathdata/dompdb/1tetH1 78.571429
/nfs/cathdata/dompdb/1mamH1 78.571429
/nfs/cathdata/dompdb/1ncaH1 78.571429
/nfs/cathdata/dompdb/1dbbH1 67.142857
/nfs/cathdata/dompdb/1dfbH1 77.142857
/nfs/cathdata/dompdb/1flrH1 81.428571
/nfs/cathdata/dompdb/1ggbH1 65.714286
/nfs/cathdata/dompdb/1igfH1 81.428571
/nfs/cathdata/dompdb/1bafH1 78.571429
/nfs/cathdata/dompdb/3hfmH1 78.571429
/nfs/cathdata/dompdb/1mcpH1 75.714286
/nfs/cathdata/dompdb/1lmkA1 81.428571
/nfs/cathdata/dompdb/1mfbH1 81.428571
/nfs/cathdata/dompdb/1fc2D2 74.285714
/nfs/cathdata/dompdb/1gigL2 78.571429
/nfs/cathdata/dompdb/1kelL2 78.571429
/nfs/cathdata/dompdb/1gafL2 80.000000
/nfs/cathdata/dompdb/2fb4L2 78.571429
/nfs/cathdata/dompdb/1yuhB2 28.571429
/nfs/cathdata/dompdb/1clzH2 62.857143
/nfs/cathdata/dompdb/1fc2D1 78.571429
/nfs/cathdata/dompdb/1fruA2 75.714286
/tmp/1hsbB0 64.285714
/tmp/1mhcB0 62.857143
/tmp/1fruB0 62.857143
/data/pdb_release/all/pdb1bmg.ent 67.142857
/nfs/cathdata/dompdb/1dlhA2 62.857143
/nfs/cathdata/dompdb/1sebB2 65.714286
/nfs/cathdata/dompdb/1bec02 91.428571
/nfs/cathdata/dompdb/1vcaA2 78.571429
/data/pdb_release/all/pdb1tnm.ent 67.142857
/nfs/cathdata/dompdb/1vcaA1 81.428571
/data/pdb_release/all/pdb1tlk.ent 78.571429
/nfs/cathdata/dompdb/1hft02 74.285714
/data/pdb_release/all/pdb1cd8.ent 78.571429
/nfs/cathdata/dompdb/1igjA1 81.428571
/tmp/1nmbL0 78.571429
/data/pdb_release/all/pdb2rhe.ent 77.142857
/tmp/1fgvL0 78.571429
/data/pdb_release/all/pdb2imn.ent 81.428571
/tmp/1reiA0 80.000000
/tmp/1fvcA0 78.571429
/tmp/1igmL0 81.428571
/tmp/1jhlL0 78.571429
/tmp/1ivlA0 77.142857
/tmp/1vfaA0 81.428571
/data/pdb_release/all/pdb1pho.ent 88.571429
/data/pdb_release/all/pdb1omf.ent 85.714286
/data/pdb_release/all/pdb3bcl.ent 88.571429
/nfs/cathdata/dompdb/1amm01 67.142857
/nfs/cathdata/dompdb/1amm02 68.571429
/nfs/cathdata/dompdb/2bb202 65.714286
/nfs/cathdata/dompdb/2gcr01 65.714286
/nfs/cathdata/dompdb/2gcr02 65.714286
/nfs/cathdata/dompdb/1elpA1 65.714286
/nfs/cathdata/dompdb/1elpA2 68.571429
/nfs/cathdata/dompdb/2bb201 68.571429
/nfs/cathdata/dompdb/1prr01 54.285714
/nfs/cathdata/dompdb/1prr02 41.428571
/tmp/1mdaL0 40.000000
/tmp/2bbkL0 51.428571
/data/pdb_release/all/pdb1cdb.ent 51.428571
/nfs/cathdata/dompdb/1hngA1 57.142857
/tmp/1cdcA0 54.285714
/nfs/cathdata/dompdb/1hnf02 81.428571
/nfs/cathdata/dompdb/1hngA2 81.428571
/tmp/1mfaH0 0.000000
/nfs/cathdata/dompdb/2fbjH2 57.142857
/nfs/cathdata/dompdb/1mcpH2 81.428571
/nfs/cathdata/dompdb/1hocA2 51.428571
/nfs/cathdata/dompdb/1hsaA2 62.857143
/nfs/cathdata/dompdb/1vaaA2 60.000000
/nfs/cathdata/dompdb/1hsbA2 60.000000
/nfs/cathdata/dompdb/1mhcA2 57.142857
/nfs/cathdata/dompdb/8fabB2 74.285714
/nfs/cathdata/dompdb/1kelH2 62.857143
/nfs/cathdata/dompdb/1bbdH2 77.142857
/nfs/cathdata/dompdb/1ospH2 78.571429
/nfs/cathdata/dompdb/1eapB2 78.571429
/tmp/1lopA0 80.000000
/data/pdb_release/all/pdb2cpl.ent 82.857143
/tmp/1cynA0 88.571429
/tmp/2rmcA0 85.714286
/nfs/cathdata/dompdb/1bucA2 74.285714
/nfs/cathdata/dompdb/3mddA2 68.571429
/nfs/cathdata/dompdb/1kxf02 67.142857
/nfs/cathdata/dompdb/1vcpA2 67.142857
/tmp/1smpI0 74.285714
/nfs/cathdata/dompdb/1svcP1 81.428571
/tmp/1sriA0 81.428571
/tmp/1avdA0 84.285714
/data/pdb_release/all/pdb1hbq.ent 78.571429
/data/pdb_release/all/pdb1rbp.ent 78.571429
/tmp/1epaA0 81.428571
/tmp/1bbpA0 81.428571
/data/pdb_release/all/pdb1mup.ent 78.571429
/data/pdb_release/all/pdb1ifc.ent 81.428571
/data/pdb_release/all/pdb1hmr.ent 81.428571
/tmp/1opaA0 81.428571
/data/pdb_release/all/pdb1adl.ent 78.571429
/data/pdb_release/all/pdb1crb.ent 81.428571
/tmp/1cbiA0 78.571429
/tmp/1ftpA0 81.428571
/data/pdb_release/all/pdb1cbs.ent 78.571429
/tmp/1pmpA0 81.428571
/data/pdb_release/all/pdb1mdc.ent 81.428571
/nfs/cathdata/dompdb/7catA1 80.000000
/data/pdb_release/all/pdb1cae.ent 77.142857
/nfs/cathdata/dompdb/1dar02 75.714286
/nfs/cathdata/dompdb/1gtrA4 75.714286
/data/pdb_release/all/pdb1prn.ent 85.714286
/data/pdb_release/all/pdb2por.ent 88.571429
/nfs/cathdata/dompdb/1ppfE1 70.000000
/nfs/cathdata/dompdb/1svpA1 54.285714
/nfs/cathdata/dompdb/1vcpA1 51.428571
/nfs/cathdata/dompdb/1sgt02 77.142857
/nfs/cathdata/dompdb/1hylA1 78.571429
/nfs/cathdata/dompdb/1try02 77.142857
/nfs/cathdata/dompdb/1sgpE1 44.285714
/nfs/cathdata/dompdb/1hpgA1 62.857143
/nfs/cathdata/dompdb/2sga01 62.857143
/nfs/cathdata/dompdb/2alp01 82.857143
/nfs/cathdata/dompdb/1tal01 74.285714
/nfs/cathdata/dompdb/2sfa01 65.714286
/nfs/cathdata/dompdb/1arb02 68.571429
/nfs/cathdata/dompdb/1hylA2 65.714286
/nfs/cathdata/dompdb/1sgpE2 68.571429
/nfs/cathdata/dompdb/1gbaA2 65.714286
/nfs/cathdata/dompdb/1hpgA2 65.714286
/nfs/cathdata/dompdb/2sga02 67.142857
/nfs/cathdata/dompdb/1tal02 54.285714
/nfs/cathdata/dompdb/2sfa02 67.142857
/nfs/cathdata/dompdb/1arb01 62.857143
/nfs/cathdata/dompdb/1cnd01 94.285714
/nfs/cathdata/dompdb/1ndh01 91.428571
/nfs/cathdata/dompdb/2pia01 91.428571
/nfs/cathdata/dompdb/1fnb01 100.000000
/nfs/cathdata/dompdb/1que01 94.285714
/nfs/cathdata/dompdb/1pkm03 55.714286
/nfs/cathdata/dompdb/1pkn03 54.285714
/nfs/cathdata/dompdb/1pkyA3 58.571429
/nfs/cathdata/dompdb/1pkyC3 47.142857
/nfs/cathdata/dompdb/1eft02 65.714286
/nfs/cathdata/dompdb/1efuA2 54.285714
/data/pdb_release/all/pdb1clh.ent 52.857143
/tmp/1tcwA0 77.142857
/tmp/1cpiA0 77.142857
/tmp/2rspA0 65.714286
/nfs/cathdata/dompdb/1pnkB3 72.857143
/nfs/cathdata/dompdb/1eft03 68.571429
/nfs/cathdata/dompdb/1efuA3 68.571429
/tmp/1ucyE0 67.142857
/tmp/1aksB0 67.142857
/tmp/2pkaB0 70.000000
/nfs/cathdata/dompdb/1hcgA1 61.428571
/nfs/cathdata/dompdb/1thsH1 68.571429
/nfs/cathdata/dompdb/1brbE1 65.714286
/nfs/cathdata/dompdb/4ptp01 68.571429
/nfs/cathdata/dompdb/1mctA1 60.000000
/nfs/cathdata/dompdb/1etrH1 65.714286
/nfs/cathdata/dompdb/1bit01 68.571429
/nfs/cathdata/dompdb/1trnA1 60.000000
/nfs/cathdata/dompdb/1try01 60.000000
/nfs/cathdata/dompdb/5chaA1 71.428571
/nfs/cathdata/dompdb/1sgt01 68.571429
/nfs/cathdata/dompdb/1lmwB1 54.285714
/nfs/cathdata/dompdb/1elg01 67.142857
/nfs/cathdata/dompdb/1elt01 65.714286
/nfs/cathdata/dompdb/1ton01 67.142857
/tmp/1mtnC0 70.000000
/nfs/cathdata/dompdb/1tbs01 68.571429
/nfs/cathdata/dompdb/1pfxC1 67.142857
/nfs/cathdata/dompdb/1fonA1 65.714286
/nfs/cathdata/dompdb/1pytD1 60.000000
/nfs/cathdata/dompdb/1rtfB1 68.571429
/nfs/cathdata/dompdb/1fujA1 71.428571
/nfs/cathdata/dompdb/1dst01 68.571429
/nfs/cathdata/dompdb/3rp2A1 68.571429
/tmp/1ceaA0 0.000000
/tmp/1pmlA0 30.000000
/data/pdb_release/all/pdb1kdu.ent 30.000000
/data/pdb_release/all/pdb1krn.ent 0.000000
/data/pdb_release/all/pdb1bw3.ent 62.857143
/tmp/1ihvA0 65.714286
/nfs/cathdata/dompdb/1hcz02 42.857143
/data/pdb_release/all/pdb1lab.ent 42.857143
/data/pdb_release/all/pdb1bdo.ent 67.142857
/data/pdb_release/all/pdb1afp.ent 28.571429
/tmp/1bovA0 62.857143
/data/pdb_release/all/pdb1mjc.ent 65.714286
/data/pdb_release/all/pdb1csp.ent 62.857143
/data/pdb_release/all/pdb1krs.ent 55.714286
/nfs/cathdata/dompdb/1lylA1 65.714286
/nfs/cathdata/dompdb/1asyA1 65.714286
/data/pdb_release/all/pdb1bgh.ent 54.285714
/data/pdb_release/all/pdb1rip.ent 0.000000
/tmp/1prtD0 65.714286
/tmp/1prtF0 65.714286
/nfs/cathdata/dompdb/1tssA2 68.571429
/nfs/cathdata/dompdb/1prtB2 65.714286
/nfs/cathdata/dompdb/1prtC2 65.714286
/tmp/1ltsD0 81.428571
/tmp/1chbD0 84.285714
/data/pdb_release/all/pdb2sns.ent 74.285714
/nfs/cathdata/dompdb/1bco02 65.714286
/nfs/cathdata/dompdb/1esfA1 62.857143
/nfs/cathdata/dompdb/1sebD1 62.857143
/nfs/cathdata/dompdb/1se201 60.000000
/tmp/1fivA0 77.142857
/tmp/1idaA0 74.285714
/tmp/1hivA0 77.142857
/data/pdb_release/all/pdb1dro.ent 64.285714
/nfs/cathdata/dompdb/1hleA1 75.714286
/nfs/cathdata/dompdb/1ovaA1 81.428571
/nfs/cathdata/dompdb/1kauC1 78.571429
/nfs/cathdata/dompdb/2kauC1 52.857143
/tmp/1ucyH0 77.142857
/nfs/cathdata/dompdb/3rp2A2 82.857143
/nfs/cathdata/dompdb/1ihsH2 80.000000
/nfs/cathdata/dompdb/1gctA2 82.857143
/nfs/cathdata/dompdb/1elg02 82.857143
/nfs/cathdata/dompdb/1brbE2 80.000000
/nfs/cathdata/dompdb/4ptp02 74.285714
/nfs/cathdata/dompdb/1elt02 67.142857
/nfs/cathdata/dompdb/1hneE2 74.285714
/nfs/cathdata/dompdb/1mctA2 77.142857
/nfs/cathdata/dompdb/1etrH2 77.142857
/nfs/cathdata/dompdb/1bit02 77.142857
/nfs/cathdata/dompdb/1trnA2 80.000000
/nfs/cathdata/dompdb/1ton02 82.857143
/tmp/2pkaA0 54.285714
/tmp/1mtnB0 67.142857
/tmp/1aksA0 68.571429
/nfs/cathdata/dompdb/1tbs02 77.142857
/nfs/cathdata/dompdb/1pfxC2 82.857143
/nfs/cathdata/dompdb/1fonA2 80.000000
/nfs/cathdata/dompdb/1pytD2 80.000000
/nfs/cathdata/dompdb/1fujA2 77.142857
/nfs/cathdata/dompdb/1rtfB2 77.142857
/nfs/cathdata/dompdb/1dst02 65.714286
/nfs/cathdata/dompdb/1hcgA2 80.000000
/nfs/cathdata/dompdb/1lmwB2 77.142857
/data/pdb_release/all/pdb1pk4.ent 0.000000
/data/pdb_release/all/pdb2pf1.ent 18.571429
/data/pdb_release/all/pdb1ahl.ent 0.000000
/data/pdb_release/all/pdb1atx.ent 28.571429
/data/pdb_release/all/pdb1sh1.ent 40.000000
/data/pdb_release/all/pdb1apf.ent 0.000000
/nfs/cathdata/dompdb/1dar03 14.285714
/nfs/cathdata/dompdb/1elo03 14.285714
/data/pdb_release/all/pdb1tfi.ent 28.571429
/tmp/4sgbI0 14.285714
/data/pdb_release/all/pdb1tih.ent 28.571429
/nfs/cathdata/dompdb/1raaB2 37.142857
/nfs/cathdata/dompdb/2atcB2 0.000000
/nfs/cathdata/dompdb/1ytfD2 42.857143
/tmp/1ytfC0 40.000000
/data/pdb_release/all/pdb1sso.ent 51.428571
/data/pdb_release/all/pdb1sap.ent 80.000000
/data/pdb_release/all/pdb1hsp.ent 0.000000
/data/pdb_release/all/pdb1gfc.ent 28.571429
/tmp/1aboA0 54.285714
/tmp/1cskA0 51.428571
/tmp/1ckaA0 54.285714
/tmp/1gbrA0 42.857143
/data/pdb_release/all/pdb1shg.ent 62.857143
/tmp/1shfA0 51.428571
/tmp/1nloC0 40.000000
/data/pdb_release/all/pdb1pnj.ent 54.285714
/tmp/1semA0 51.428571
/nfs/cathdata/dompdb/1lckA1 54.285714
/data/pdb_release/all/pdb1tud.ent 57.142857
/data/pdb_release/all/pdb1tuc.ent 51.428571
/nfs/cathdata/dompdb/1ad5A1 54.285714
/data/pdb_release/all/pdb1pls.ent 74.285714
/tmp/1dynA0 78.571429
/data/pdb_release/all/pdb1btn.ent 70.000000
/tmp/1tgxA0 40.000000
/data/pdb_release/all/pdb1nea.ent 40.000000
/data/pdb_release/all/pdb1nor.ent 40.000000
/data/pdb_release/all/pdb1ntx.ent 40.000000
/data/pdb_release/all/pdb1fas.ent 42.857143
/tmp/1cdtA0 42.857143
/data/pdb_release/all/pdb2crs.ent 28.571429
/data/pdb_release/all/pdb1ntn.ent 62.857143
/data/pdb_release/all/pdb1tfs.ent 40.000000
/data/pdb_release/all/pdb1lsi.ent 40.000000
/nfs/cathdata/dompdb/1psi01 81.428571
/nfs/cathdata/dompdb/2achA2 81.428571
/tmp/1bi6H0 28.571429
/data/pdb_release/all/pdb1tpm.ent 42.857143
/nfs/cathdata/dompdb/1hfh01 28.571429
/data/pdb_release/all/pdb1hcc.ent 14.285714
/tmp/1lpbA0 40.000000
/nfs/cathdata/dompdb/1antI1 67.142857
/tmp/1hcnB0 54.285714
/tmp/1hcnA0 68.571429
/tmp/1pdgA0 65.714286
/data/pdb_release/all/pdb2tgi.ent 34.285714
/tmp/1klaA0 32.857143
/data/pdb_release/all/pdb1tgj.ent 37.142857
/data/pdb_release/all/pdb1bet.ent 81.428571
/tmp/1bndA0 62.857143
/tmp/1bndB0 65.714286
/data/pdb_release/all/pdb1fbr.ent 62.857143
/tmp/1umuA0 65.714286
/data/pdb_release/all/pdb1ctl.ent 65.714286
/data/pdb_release/all/pdb1iml.ent 65.714286
/nfs/cathdata/dompdb/1extB1 28.571429
/tmp/2kauB0 54.285714
/tmp/1rprA0 15.714286
/tmp/1fc2C0 18.571429
/tmp/1spzZ0 20.000000
/data/pdb_release/all/pdb1edi.ent 20.000000
/data/pdb_release/all/pdb2pdd.ent 15.714286
/data/pdb_release/all/pdb1bal.ent 18.571429
/tmp/1csbA0 15.714286
/tmp/1htrP0 18.571429
/nfs/cathdata/dompdb/1ilk02 20.000000
/data/pdb_release/all/pdb1bha.ent 20.000000
/nfs/cathdata/dompdb/1grj01 20.000000
/nfs/cathdata/dompdb/1sesA1 24.285714
/data/pdb_release/all/pdb1pdc.ent 0.000000
/tmp/2achB0 0.000000
/data/pdb_release/all/pdb1egf.ent 28.571429
/data/pdb_release/all/pdb1apo.ent 0.000000
/data/pdb_release/all/pdb1fsb.ent 0.000000
/data/pdb_release/all/pdb1hre.ent 0.000000
/data/pdb_release/all/pdb1yuf.ent 0.000000
/tmp/1hcgB0 28.571429
/data/pdb_release/all/pdb1ata.ent 28.571429
/nfs/cathdata/dompdb/1ncfA2 54.285714
/data/pdb_release/all/pdb1cdq.ent 40.000000
/tmp/1kbaA0 60.000000
/tmp/2abxA0 0.000000
/tmp/1abtA0 28.571429
/data/pdb_release/all/pdb3ebx.ent 40.000000
/data/pdb_release/all/pdb2ctx.ent 40.000000
/data/pdb_release/all/pdb2cdx.ent 40.000000
/tmp/1kxiA0 42.857143
/data/pdb_release/all/pdb1cre.ent 28.571429
/data/pdb_release/all/pdb1cod.ent 54.285714
/data/pdb_release/all/pdb1drs.ent 0.000000
/data/pdb_release/all/pdb1lki.ent 25.714286
/tmp/3inkC0 48.571429
/data/pdb_release/all/pdb1hgu.ent 27.142857
/data/pdb_release/all/pdb1huw.ent 27.142857
/tmp/3hhrA0 31.428571
/data/pdb_release/all/pdb1lpt.ent 24.285714
/data/pdb_release/all/pdb1lip.ent 25.714286
/data/pdb_release/all/pdb1mzm.ent 25.714286
/data/pdb_release/all/pdb1hyp.ent 20.000000
/nfs/cathdata/dompdb/1dlc01 31.428571
/nfs/cathdata/dompdb/1ciy01 34.285714
/tmp/1etrL0 14.285714
/tmp/1tbrJ0 18.571429
/tmp/3aahB0 14.285714
/tmp/4aahB0 14.285714
/tmp/1olgA0 14.285714
/tmp/2bbvD0 14.285714
/data/pdb_release/all/pdb2ifo.ent 14.285714
/tmp/1pfiA0 15.714286
/tmp/1junA0 14.285714
/data/pdb_release/all/pdb1tvs.ent 22.857143
/tmp/1ysaC0 14.285714
/data/pdb_release/all/pdb1aml.ent 18.571429
/data/pdb_release/all/pdb125d.ent 18.571429
/data/pdb_release/all/pdb1cld.ent 15.714286
/tmp/1d66A0 20.000000
/data/pdb_release/all/pdb1pyc.ent 15.714286
/nfs/cathdata/dompdb/1poxA4 15.714286
/tmp/1ltsC0 18.571429
/tmp/1xtcC0 18.571429
/tmp/1scmA0 18.571429
/tmp/1mdyB0 15.714286
/data/pdb_release/all/pdb1bct.ent 18.571429
/nfs/cathdata/dompdb/1pcrL2 27.142857
/nfs/cathdata/dompdb/1prcL2 22.857143
/nfs/cathdata/dompdb/1pcrM2 28.571429
/nfs/cathdata/dompdb/1prcM2 27.142857
/nfs/cathdata/dompdb/1dik05 24.285714
/tmp/1bcfA0 28.571429
/data/pdb_release/all/pdb1fha.ent 30.000000
/data/pdb_release/all/pdb1ier.ent 27.142857
/data/pdb_release/all/pdb1rcc.ent 27.142857
/tmp/2ccyA0 22.857143
/data/pdb_release/all/pdb1cpq.ent 25.714286
/tmp/1bbhA0 21.428571
/data/pdb_release/all/pdb1cgn.ent 28.571429
/data/pdb_release/all/pdb1lpe.ent 22.857143
/data/pdb_release/all/pdb2asr.ent 25.714286
/data/pdb_release/all/pdb1vls.ent 24.285714
/data/pdb_release/all/pdb1aep.ent 28.571429
/tmp/256bA0 25.714286
/tmp/2hmqA0 24.285714
/data/pdb_release/all/pdb2mhr.ent 24.285714
/tmp/2tmvP0 32.857143
/tmp/1rmvA0 24.285714
/nfs/cathdata/dompdb/2ilk01 24.285714
/nfs/cathdata/dompdb/1vlk01 22.857143
/nfs/cathdata/dompdb/1bucA3 28.571429
/nfs/cathdata/dompdb/3mddA3 28.571429
/nfs/cathdata/dompdb/1chkA1 35.714286
/data/pdb_release/all/pdb1lis.ent 24.285714
/data/pdb_release/all/pdb1rcb.ent 20.000000
/tmp/1gmfA0 47.142857
/tmp/1bgeA0 25.714286
/tmp/1rhgA0 25.714286
/data/pdb_release/all/pdb1bgc.ent 25.714286
/nfs/cathdata/dompdb/1whtA2 20.000000
/data/pdb_release/all/pdb2erl.ent 20.000000
/nfs/cathdata/dompdb/1ytfD1 15.714286
/nfs/cathdata/dompdb/1mtyG1 20.000000
/nfs/cathdata/dompdb/1mhyG1 20.000000
/tmp/1ecmA0 20.000000
/nfs/cathdata/dompdb/1lxa02 24.285714
/data/pdb_release/all/pdb1acp.ent 21.428571
/data/pdb_release/all/pdb1aca.ent 18.571429
/nfs/cathdata/dompdb/1pcrM1 21.428571
/nfs/cathdata/dompdb/1prcM1 22.857143
/nfs/cathdata/dompdb/1pcrL1 25.714286
/nfs/cathdata/dompdb/1prcL1 24.285714
/nfs/cathdata/dompdb/3sdpA1 17.142857
/nfs/cathdata/dompdb/1mngA1 22.857143
/nfs/cathdata/dompdb/1svcP2 20.000000
/nfs/cathdata/dompdb/1nfkA2 18.571429
/nfs/cathdata/dompdb/1mtyG2 21.428571
/nfs/cathdata/dompdb/1mhyG2 22.857143
/nfs/cathdata/dompdb/2minB4 17.142857
/nfs/cathdata/dompdb/1mioB3 27.142857
/data/pdb_release/all/pdb1poc.ent 34.285714
/data/pdb_release/all/pdb1ppa.ent 21.428571
/data/pdb_release/all/pdb1poa.ent 50.000000
/data/pdb_release/all/pdb4bp2.ent 50.000000
/data/pdb_release/all/pdb1pod.ent 50.000000
/tmp/3p2pA0 48.571429
/tmp/1pp2L0 47.142857
/tmp/1clpA0 50.000000
/tmp/1bunA0 51.428571
/data/pdb_release/all/pdb1psj.ent 51.428571
/data/pdb_release/all/pdb1ae7.ent 50.000000
/nfs/cathdata/dompdb/1bmtA1 22.857143
/data/pdb_release/all/pdb1lmq.ent 24.285714
/data/pdb_release/all/pdb1jug.ent 24.285714
/data/pdb_release/all/pdb119l.ent 61.428571
/nfs/cathdata/dompdb/1bucA1 28.571429
/nfs/cathdata/dompdb/3mddA1 30.000000
/nfs/cathdata/dompdb/1oxa02 28.571429
/nfs/cathdata/dompdb/1grl01 50.000000
/nfs/cathdata/dompdb/1aorA2 62.857143
/nfs/cathdata/dompdb/2pgd02 32.857143
/nfs/cathdata/dompdb/1dnpA3 31.428571
/nfs/cathdata/dompdb/1csc01 34.285714
/tmp/1csmA0 31.428571
/nfs/cathdata/dompdb/1aorA3 28.571429
/data/pdb_release/all/pdb1fps.ent 31.428571
/nfs/cathdata/dompdb/1clc02 58.571429
/tmp/1ribA0 48.571429
/tmp/1mmoB0 32.857143
/tmp/1mhyB0 31.428571
/nfs/cathdata/dompdb/1cpt02 41.428571
/data/pdb_release/all/pdb1phb.ent 51.428571
/tmp/2bmhA0 60.000000
/nfs/cathdata/dompdb/1lla01 31.428571
/tmp/1mhlC0 31.428571
/tmp/1mtyD0 51.428571
/tmp/1mhyD0 51.428571
/nfs/cathdata/dompdb/2sblB2 71.428571
/data/pdb_release/all/pdb1lnh.ent 82.857143
/data/pdb_release/all/pdb1ehs.ent 18.571429
/tmp/2spcA0 15.714286
/tmp/1ytfB0 18.571429
/nfs/cathdata/dompdb/1pnkA2 15.714286
/data/pdb_release/all/pdb1aty.ent 20.000000
/nfs/cathdata/dompdb/1dloA3 37.142857
/tmp/1ithA0 28.571429
/tmp/1cpcA0 28.571429
/tmp/1cpcB0 28.571429
/tmp/1allA0 31.428571
/tmp/1allB0 24.285714
/tmp/1colA0 31.428571
/nfs/cathdata/dompdb/1ddt02 31.428571
/nfs/cathdata/dompdb/3blm02 28.571429
/nfs/cathdata/dompdb/1mblA2 30.000000
/nfs/cathdata/dompdb/1btl02 25.714286
/nfs/cathdata/dompdb/1ckiA2 28.571429
/nfs/cathdata/dompdb/1csn02 30.000000
/nfs/cathdata/dompdb/1apmE1 25.714286
/nfs/cathdata/dompdb/1irk02 28.571429
/nfs/cathdata/dompdb/1ad5A4 28.571429
/nfs/cathdata/dompdb/1aru01 31.428571
/nfs/cathdata/dompdb/1llp01 28.571429
/nfs/cathdata/dompdb/1mnp01 28.571429
/nfs/cathdata/dompdb/1qpaA1 30.000000
/nfs/cathdata/dompdb/1cca01 31.428571
/nfs/cathdata/dompdb/1apxA1 28.571429
/nfs/cathdata/dompdb/1schA1 24.285714
/data/pdb_release/all/pdb153l.ent 28.571429
/data/pdb_release/all/pdb1baa.ent 34.285714
/nfs/cathdata/dompdb/1cnsA1 31.428571
/data/pdb_release/all/pdb135l.ent 24.285714
/data/pdb_release/all/pdb2ihl.ent 22.857143
/data/pdb_release/all/pdb1lz1.ent 50.000000
/data/pdb_release/all/pdb1hhl.ent 24.285714
/tmp/1ghlA0 24.285714
/data/pdb_release/all/pdb2eql.ent 25.714286
/data/pdb_release/all/pdb1alc.ent 24.285714
/data/pdb_release/all/pdb1hml.ent 24.285714
/tmp/1thbA0 31.428571
/tmp/1hdsA0 27.142857
/tmp/1hdsB0 27.142857
/tmp/2mhbA0 30.000000
/tmp/1fdhG0 27.142857
/tmp/1hbhA0 27.142857
/tmp/1hdaA0 31.428571
/tmp/1babB0 30.000000
/data/pdb_release/all/pdb2lhb.ent 30.000000
/tmp/1hbhB0 30.000000
/tmp/1hdaB0 32.857143
/tmp/1pghA0 27.142857
/tmp/1pghB0 25.714286
/tmp/1ibeB0 30.000000
/tmp/1outA0 30.000000
/tmp/1outB0 32.857143
/tmp/1spgA0 30.000000
/tmp/1spgB0 28.571429
/data/pdb_release/all/pdb1flp.ent 30.000000
/data/pdb_release/all/pdb1lhs.ent 28.571429
/data/pdb_release/all/pdb1bvd.ent 27.142857
/data/pdb_release/all/pdb1ymb.ent 27.142857
/data/pdb_release/all/pdb1mbs.ent 30.000000
/data/pdb_release/all/pdb2mm1.ent 31.428571
/data/pdb_release/all/pdb1emy.ent 27.142857
/tmp/1mygA0 30.000000
/data/pdb_release/all/pdb1myt.ent 27.142857
/data/pdb_release/all/pdb1eca.ent 28.571429
/tmp/1sctA0 28.571429
/tmp/1sctB0 34.285714
/tmp/3sdhA0 31.428571
/data/pdb_release/all/pdb1mba.ent 27.142857
/data/pdb_release/all/pdb1ash.ent 30.000000
/nfs/cathdata/dompdb/1fcdC2 25.714286
/tmp/2mtaC0 27.142857
/nfs/cathdata/dompdb/2abk02 21.428571
/nfs/cathdata/dompdb/1npc02 24.285714
/nfs/cathdata/dompdb/1ezm02 27.142857
/nfs/cathdata/dompdb/2tmnE2 28.571429
/nfs/cathdata/dompdb/1dnpA2 27.142857
/nfs/cathdata/dompdb/1gia02 31.428571
/nfs/cathdata/dompdb/1tadA2 32.857143
/nfs/cathdata/dompdb/7catA2 28.571429
/nfs/cathdata/dompdb/1cca02 48.571429
/nfs/cathdata/dompdb/1apxA2 27.142857
/nfs/cathdata/dompdb/1aru02 27.142857
/nfs/cathdata/dompdb/1llp02 27.142857
/nfs/cathdata/dompdb/1mnp02 27.142857
/nfs/cathdata/dompdb/1qpaA2 30.000000
/nfs/cathdata/dompdb/1schA2 31.428571
/tmp/1rfbA0 27.142857
/nfs/cathdata/dompdb/1pnkA1 47.142857
/data/pdb_release/all/pdb1end.ent 22.857143
/nfs/cathdata/dompdb/1gly01 51.428571
/nfs/cathdata/dompdb/1ecl02 48.571429
/data/pdb_release/all/pdb1sra.ent 32.857143
/nfs/cathdata/dompdb/1prcC2 24.285714
/nfs/cathdata/dompdb/1prcC1 27.142857
/nfs/cathdata/dompdb/1vsgA2 30.000000
/nfs/cathdata/dompdb/1gly02 41.428571
/nfs/cathdata/dompdb/1pnkB4 25.714286
/data/pdb_release/all/pdb1hlm.ent 30.000000
/data/pdb_release/all/pdb1hlb.ent 28.571429
/data/pdb_release/all/pdb1hbg.ent 30.000000
/data/pdb_release/all/pdb1gdj.ent 28.571429
/tmp/1binA0 30.000000
/nfs/cathdata/dompdb/1osa02 27.142857
/nfs/cathdata/dompdb/1wdcC2 24.285714
/nfs/cathdata/dompdb/1tnw02 24.285714
/tmp/1cnpA0 24.285714
/tmp/1symA0 21.428571
/tmp/1tcoB0 31.428571
/nfs/cathdata/dompdb/1scmC1 24.285714
/nfs/cathdata/dompdb/1wdcB1 22.857143
/nfs/cathdata/dompdb/1rec01 0.000000
/nfs/cathdata/dompdb/1rec02 28.571429
/data/pdb_release/all/pdb2sas.ent 32.857143
/tmp/2scpA0 31.428571
/data/pdb_release/all/pdb155c.ent 21.428571
/data/pdb_release/all/pdb1ycc.ent 25.714286
/data/pdb_release/all/pdb1ccr.ent 25.714286
/tmp/5cytR0 28.571429
/data/pdb_release/all/pdb1yeb.ent 25.714286
/data/pdb_release/all/pdb1hrc.ent 31.428571
/data/pdb_release/all/pdb1cry.ent 24.285714
/data/pdb_release/all/pdb1cot.ent 22.857143
/data/pdb_release/all/pdb3c2c.ent 24.285714
/tmp/1c2rA0 24.285714
/data/pdb_release/all/pdb1cxc.ent 25.714286
/data/pdb_release/all/pdb1yea.ent 27.142857
/tmp/1hroA0 25.714286
/data/pdb_release/all/pdb1dvh.ent 24.285714
/data/pdb_release/all/pdb351c.ent 22.857143
/data/pdb_release/all/pdb1cor.ent 24.285714
/data/pdb_release/all/pdb1cch.ent 21.428571
/nfs/cathdata/dompdb/1fcdC1 21.428571
/data/pdb_release/all/pdb1cc5.ent 25.714286
/data/pdb_release/all/pdb1cyi.ent 24.285714
/data/pdb_release/all/pdb1ctj.ent 25.714286
/nfs/cathdata/dompdb/6gsvA2 24.285714
/nfs/cathdata/dompdb/1gta02 24.285714
/nfs/cathdata/dompdb/1hna02 25.714286
/nfs/cathdata/dompdb/2gsq02 22.857143
/nfs/cathdata/dompdb/1gseA2 24.285714
/nfs/cathdata/dompdb/1bpb01 24.285714
/nfs/cathdata/dompdb/1taq02 18.571429
/nfs/cathdata/dompdb/9icwA2 24.285714
/nfs/cathdata/dompdb/1ecl04 24.285714
/nfs/cathdata/dompdb/1adeA2 24.285714
/nfs/cathdata/dompdb/1atnA3 48.571429
/nfs/cathdata/dompdb/1oxa03 25.714286
/data/pdb_release/all/pdb1hmx.ent 25.714286
/nfs/cathdata/dompdb/2abk01 30.000000
/nfs/cathdata/dompdb/1gln04 27.142857
/nfs/cathdata/dompdb/2tct02 27.142857
/tmp/1hulA0 25.714286
/data/pdb_release/all/pdb1coo.ent 21.428571
/nfs/cathdata/dompdb/1wdcB2 27.142857
/data/pdb_release/all/pdb1bod.ent 24.285714
/data/pdb_release/all/pdb1cb1.ent 27.142857
/data/pdb_release/all/pdb4icb.ent 25.714286
/data/pdb_release/all/pdb1cmf.ent 22.857143
/nfs/cathdata/dompdb/1ncx01 25.714286
/data/pdb_release/all/pdb1cfc.ent 30.000000
/data/pdb_release/all/pdb1tnx.ent 30.000000
/data/pdb_release/all/pdb1rro.ent 32.857143
/data/pdb_release/all/pdb4cpv.ent 27.142857
/data/pdb_release/all/pdb5pal.ent 30.000000
/data/pdb_release/all/pdb1pal.ent 27.142857
/tmp/1rtp10 30.000000
/tmp/1pvaA0 30.000000
/nfs/cathdata/dompdb/1osa01 21.428571
/nfs/cathdata/dompdb/1avhA1 22.857143
/nfs/cathdata/dompdb/2ran01 22.857143
/nfs/cathdata/dompdb/1ala02 22.857143
/nfs/cathdata/dompdb/1hvd02 22.857143
/nfs/cathdata/dompdb/1ala04 22.857143
/nfs/cathdata/dompdb/1ann04 25.714286
/nfs/cathdata/dompdb/1avhA4 22.857143
/nfs/cathdata/dompdb/1axn01 22.857143
/nfs/cathdata/dompdb/1axn03 22.857143
/nfs/cathdata/dompdb/1axn02 25.714286
/nfs/cathdata/dompdb/1ala03 27.142857
/nfs/cathdata/dompdb/1ann03 24.285714
/nfs/cathdata/dompdb/1hvd03 22.857143
/nfs/cathdata/dompdb/2ran03 22.857143
/nfs/cathdata/dompdb/1axn04 22.857143
/nfs/cathdata/dompdb/1csc02 25.714286
/nfs/cathdata/dompdb/1csh02 25.714286
/nfs/cathdata/dompdb/2cts02 25.714286
/nfs/cathdata/dompdb/1tyaE2 28.571429
/nfs/cathdata/dompdb/1bvp11 24.285714
/data/pdb_release/all/pdb1neq.ent 24.285714
/nfs/cathdata/dompdb/1octC1 24.285714
/data/pdb_release/all/pdb1r69.ent 22.857143
/data/pdb_release/all/pdb2cro.ent 27.142857
/data/pdb_release/all/pdb1adr.ent 24.285714
/tmp/1lmb30 22.857143
/nfs/cathdata/dompdb/2yhx01 25.714286
/nfs/cathdata/dompdb/2bpfA1 25.714286
/nfs/cathdata/dompdb/1bgw03 24.285714
/nfs/cathdata/dompdb/1adt01 25.714286
/nfs/cathdata/dompdb/1glqA2 22.857143
/nfs/cathdata/dompdb/2gsrA2 22.857143
/nfs/cathdata/dompdb/1gssA2 24.285714
/data/pdb_release/all/pdb1erd.ent 15.714286
/nfs/cathdata/dompdb/1dtr02 20.000000
/tmp/1lccA0 20.000000
/nfs/cathdata/dompdb/1pnrA1 21.428571
/data/pdb_release/all/pdb1uxd.ent 20.000000
/nfs/cathdata/dompdb/2phlA1 18.571429
/nfs/cathdata/dompdb/2phlA4 20.000000
/tmp/6insE0 20.000000
/data/pdb_release/all/pdb2gf1.ent 20.000000
/data/pdb_release/all/pdb1igl.ent 15.714286
/data/pdb_release/all/pdb1bip.ent 24.285714
/data/pdb_release/all/pdb1c5a.ent 24.285714
/data/pdb_release/all/pdb1kjs.ent 27.142857
/tmp/1cmbA0 20.000000
/nfs/cathdata/dompdb/1gln03 24.285714
/nfs/cathdata/dompdb/1serA1 21.428571
/nfs/cathdata/dompdb/1bvp13 24.285714
/nfs/cathdata/dompdb/1dmb03 50.000000
/nfs/cathdata/dompdb/1dik02 22.857143
/nfs/cathdata/dompdb/9pap02 22.857143
/nfs/cathdata/dompdb/1aec02 24.285714
/nfs/cathdata/dompdb/1gecE2 22.857143
/nfs/cathdata/dompdb/2act02 24.285714
/nfs/cathdata/dompdb/1ppo02 20.000000
/nfs/cathdata/dompdb/1yal02 22.857143
/nfs/cathdata/dompdb/1theA2 22.857143
/nfs/cathdata/dompdb/1csbB1 20.000000
/nfs/cathdata/dompdb/2bltA2 20.000000
/data/pdb_release/all/pdb1utg.ent 27.142857
/data/pdb_release/all/pdb1ccd.ent 27.142857
/nfs/cathdata/dompdb/1ala01 22.857143
/nfs/cathdata/dompdb/1ann01 22.857143
/nfs/cathdata/dompdb/1ann02 22.857143
/tmp/1fliA0 20.000000
/data/pdb_release/all/pdb1etc.ent 35.714286
/tmp/1sttA0 31.428571
/data/pdb_release/all/pdb2hts.ent 35.714286
/data/pdb_release/all/pdb1hks.ent 18.571429
/data/pdb_release/all/pdb1enh.ent 20.000000
/data/pdb_release/all/pdb1ftz.ent 20.000000
/data/pdb_release/all/pdb1ftt.ent 20.000000
/tmp/1ahdP0 22.857143
/tmp/1fjlA0 20.000000
/data/pdb_release/all/pdb1vnd.ent 22.857143
/data/pdb_release/all/pdb1hdp.ent 20.000000
/data/pdb_release/all/pdb1ocp.ent 20.000000
/data/pdb_release/all/pdb1pog.ent 20.000000
/tmp/1yrnA0 20.000000
/tmp/1hcrA0 20.000000
/data/pdb_release/all/pdb1res.ent 20.000000
/data/pdb_release/all/pdb1lfb.ent 20.000000
/data/pdb_release/all/pdb2lfb.ent 20.000000
/tmp/1yrnB0 24.285714
/tmp/1fiaA0 21.428571
/data/pdb_release/all/pdb1mbe.ent 20.000000
/data/pdb_release/all/pdb1mbg.ent 20.000000
/data/pdb_release/all/pdb1mbj.ent 20.000000
/tmp/2wrpR0 28.571429
/nfs/cathdata/dompdb/2tct01 24.285714
/tmp/1bfmA0 22.857143
/tmp/1hryA0 20.000000
/data/pdb_release/all/pdb1hsm.ent 20.000000
/data/pdb_release/all/pdb1hma.ent 20.000000
/data/pdb_release/all/pdb1hme.ent 20.000000
/data/pdb_release/all/pdb1aab.ent 20.000000
/tmp/1trlA0 20.000000
/tmp/1mylA0 18.571429
/tmp/1parA0 18.571429
/tmp/1mntA0 21.428571
/data/pdb_release/all/pdb1lea.ent 20.000000
/tmp/1hstA0 37.142857
/data/pdb_release/all/pdb1ghc.ent 20.000000
/nfs/cathdata/dompdb/1dprA1 21.428571
/nfs/cathdata/dompdb/1bia01 20.000000
/nfs/cathdata/dompdb/1berA2 41.428571
/nfs/cathdata/dompdb/1pdnC1 20.000000
/nfs/cathdata/dompdb/1pdnC2 20.000000
