/tmp/2ltnB0 14.285714
/tmp/1lenB0 14.285714
/tmp/1lgcB0 0.000000
/nfs/cathdata/dompdb/1lyaB1 14.285714
/tmp/1aayA0 20.000000
/tmp/1ubdC0 24.285714
/tmp/1meyC0 21.428571
/tmp/2drpA0 41.428571
/tmp/1pyaA0 15.714286
/tmp/1hueA0 45.714286
/tmp/1wtuA0 48.571429
/tmp/1ihfA0 65.714286
/tmp/1ihfB0 70.000000
/nfs/cathdata/dompdb/1prcH1 68.571429
/nfs/cathdata/dompdb/1pcrH1 62.857143
/data/pdb_release/all/pdb4mt2.ent 0.000000
/data/pdb_release/all/pdb1tiv.ent 0.000000
/data/pdb_release/all/pdb1zaq.ent 0.000000
/data/pdb_release/all/pdb1iva.ent 0.000000
/data/pdb_release/all/pdb1agg.ent 28.571429
/data/pdb_release/all/pdb1cfh.ent 0.000000
/data/pdb_release/all/pdb1cfi.ent 0.000000
/data/pdb_release/all/pdb1aaf.ent 0.000000
/data/pdb_release/all/pdb2ech.ent 0.000000
/data/pdb_release/all/pdb1fvl.ent 14.285714
/data/pdb_release/all/pdb1kst.ent 28.571429
/tmp/1r0940 14.285714
/tmp/2plv40 40.000000
/tmp/1pvc40 42.857143
/tmp/1bbt40 18.571429
/tmp/1tme40 14.285714
/tmp/2mev40 14.285714
/tmp/1tabI0 28.571429
/data/pdb_release/all/pdb1pi2.ent 40.000000
/data/pdb_release/all/pdb1bbi.ent 54.285714
/nfs/cathdata/dompdb/1pcp01 14.285714
/nfs/cathdata/dompdb/2pspA2 14.285714
/nfs/cathdata/dompdb/1gcb01 78.571429
/nfs/cathdata/dompdb/1fieA2 80.000000
/nfs/cathdata/dompdb/1lgr01 80.000000
/nfs/cathdata/dompdb/1abbA1 78.571429
/nfs/cathdata/dompdb/1ygpA1 81.428571
/nfs/cathdata/dompdb/1pgd03 14.285714
/data/pdb_release/all/pdb1ldl.ent 28.571429
/data/pdb_release/all/pdb1ldr.ent 0.000000
/data/pdb_release/all/pdb1tap.ent 40.000000
/data/pdb_release/all/pdb5pti.ent 40.000000
/tmp/1aapA0 42.857143
/data/pdb_release/all/pdb1dtx.ent 40.000000
/data/pdb_release/all/pdb1dtk.ent 40.000000
/data/pdb_release/all/pdb1shp.ent 40.000000
/tmp/1brbI0 40.000000
/data/pdb_release/all/pdb1knt.ent 42.857143
/data/pdb_release/all/pdb1dem.ent 40.000000
/tmp/1bunB0 40.000000
/data/pdb_release/all/pdb1hnr.ent 14.285714
/tmp/1mhlA0 15.714286
/nfs/cathdata/dompdb/1gal02 18.571429
/nfs/cathdata/dompdb/1inp01 40.000000
/nfs/cathdata/dompdb/1rtc02 44.285714
/nfs/cathdata/dompdb/1apa02 42.857143
/nfs/cathdata/dompdb/1pafA2 48.571429
/nfs/cathdata/dompdb/1mrg02 42.857143
/nfs/cathdata/dompdb/1mrj02 42.857143
/nfs/cathdata/dompdb/1abrA2 48.571429
/tmp/1isuA0 14.285714
/data/pdb_release/all/pdb1hip.ent 41.428571
/tmp/2hipA0 28.571429
/data/pdb_release/all/pdb1hpi.ent 40.000000
/data/pdb_release/all/pdb1bbo.ent 15.714286
/nfs/cathdata/dompdb/1adt02 75.714286
/tmp/1abmA0 61.428571
/tmp/1idsA0 61.428571
/tmp/1isaA0 61.428571
/nfs/cathdata/dompdb/1vsgA1 71.428571
/tmp/1hmpA0 75.714286
/nfs/cathdata/dompdb/1adeA3 74.285714
/nfs/cathdata/dompdb/1qorA1 88.571429
/nfs/cathdata/dompdb/3btoA1 85.714286
/nfs/cathdata/dompdb/1dehA1 85.714286
/nfs/cathdata/dompdb/1cdoA1 91.428571
/nfs/cathdata/dompdb/1tehA1 85.714286
/nfs/cathdata/dompdb/1agnA1 88.571429
/tmp/1yptA0 85.714286
/data/pdb_release/all/pdb2hnp.ent 88.571429
/nfs/cathdata/dompdb/1yfoA1 88.571429
/tmp/1vhrA0 68.571429
/data/pdb_release/all/pdb1gpc.ent 70.000000
/nfs/cathdata/dompdb/1bgw05 71.428571
/nfs/cathdata/dompdb/1jetA1 81.428571
/nfs/cathdata/dompdb/1glaG1 80.000000
/nfs/cathdata/dompdb/1hgeA1 88.571429
/tmp/1ltsA0 74.285714
/tmp/1xtcA0 78.571429
/tmp/1tiiA0 71.428571
/tmp/1prtA0 81.428571
/nfs/cathdata/dompdb/1admA2 81.428571
/nfs/cathdata/dompdb/1chmA2 77.142857
/data/pdb_release/all/pdb1mat.ent 84.285714
/data/pdb_release/all/pdb1pbn.ent 72.857143
/data/pdb_release/all/pdb1ula.ent 78.571429
/tmp/1ecpA0 71.428571
/nfs/cathdata/dompdb/1dhx03 75.714286
/data/pdb_release/all/pdb2cyr.ent 47.142857
/data/pdb_release/all/pdb1wad.ent 42.857143
/data/pdb_release/all/pdb1czj.ent 48.571429
/tmp/1htmB0 22.857143
/nfs/cathdata/dompdb/1berA1 68.571429
/nfs/cathdata/dompdb/1dhx02 41.428571
/nfs/cathdata/dompdb/1gln02 78.571429
/nfs/cathdata/dompdb/1gtrA2 74.285714
/nfs/cathdata/dompdb/1prcH2 61.428571
/nfs/cathdata/dompdb/4rcrH2 60.000000
/nfs/cathdata/dompdb/1oxa01 91.428571
/nfs/cathdata/dompdb/1cpt01 88.571429
/nfs/cathdata/dompdb/1gcb02 48.571429
/data/pdb_release/all/pdb1mut.ent 78.571429
/data/pdb_release/all/pdb1pyp.ent 60.000000
/data/pdb_release/all/pdb2prd.ent 78.571429
/tmp/1eipA0 81.428571
/nfs/cathdata/dompdb/1ordA4 57.142857
/nfs/cathdata/dompdb/2cmd02 78.571429
/nfs/cathdata/dompdb/1mldA2 78.571429
/nfs/cathdata/dompdb/6ldh02 58.571429
/nfs/cathdata/dompdb/1llc02 64.285714
/nfs/cathdata/dompdb/1lldA2 57.142857
/nfs/cathdata/dompdb/2ldx02 78.571429
/nfs/cathdata/dompdb/3ldh02 60.000000
/nfs/cathdata/dompdb/5ldh02 47.142857
/nfs/cathdata/dompdb/9ldtA2 57.142857
/nfs/cathdata/dompdb/1ldb02 61.428571
/nfs/cathdata/dompdb/1hyhA2 57.142857
/nfs/cathdata/dompdb/4mdhA2 70.000000
/nfs/cathdata/dompdb/1bdmA2 70.000000
/nfs/cathdata/dompdb/1dctA2 42.857143
/tmp/1regX0 77.142857
/nfs/cathdata/dompdb/2bltA1 82.857143
/data/pdb_release/all/pdb1xaa.ent 71.428571
/data/pdb_release/all/pdb1xac.ent 75.714286
/tmp/1alkA0 72.857143
/data/pdb_release/all/pdb1lpp.ent 71.428571
/data/pdb_release/all/pdb1thg.ent 72.857143
/tmp/1cleA0 71.428571
/data/pdb_release/all/pdb1ace.ent 81.428571
/nfs/cathdata/dompdb/3ladA2 81.428571
/nfs/cathdata/dompdb/1lpfA2 78.571429
/nfs/cathdata/dompdb/1lvl02 78.571429
/nfs/cathdata/dompdb/1ebdA2 84.285714
/nfs/cathdata/dompdb/2tmdA3 78.571429
/nfs/cathdata/dompdb/1gerA2 78.571429
/nfs/cathdata/dompdb/1gesA2 78.571429
/nfs/cathdata/dompdb/3grs02 78.571429
/nfs/cathdata/dompdb/1tde02 77.142857
/nfs/cathdata/dompdb/1vdc02 84.285714
/nfs/cathdata/dompdb/1fecB2 78.571429
/nfs/cathdata/dompdb/1nhr02 78.571429
/nfs/cathdata/dompdb/1fcdA2 84.285714
/tmp/1pyaB0 81.428571
/nfs/cathdata/dompdb/1dik03 84.285714
/nfs/cathdata/dompdb/1aorA1 81.428571
/tmp/2dnjA0 78.571429
/tmp/1fjmA0 88.571429
/tmp/1tcoA0 91.428571
/nfs/cathdata/dompdb/1gph11 80.000000
/data/pdb_release/all/pdb1plq.ent 91.428571
/data/pdb_release/all/pdb1bnh.ent 64.285714
/data/pdb_release/all/pdb1cy3.ent 14.285714
/tmp/1cthA0 50.000000
/data/pdb_release/all/pdb2cdv.ent 50.000000
/nfs/cathdata/dompdb/1trkA1 61.428571
/tmp/1rvaA0 91.428571
/nfs/cathdata/dompdb/1atnA1 74.285714
/nfs/cathdata/dompdb/2btfA1 71.428571
/nfs/cathdata/dompdb/1olbA2 61.428571
/data/pdb_release/all/pdb2ctc.ent 70.000000
/data/pdb_release/all/pdb1amp.ent 81.428571
/nfs/cathdata/dompdb/1lam02 78.571429
/nfs/cathdata/dompdb/1tplA2 70.000000
/nfs/cathdata/dompdb/1dgd02 61.428571
/nfs/cathdata/dompdb/1aam02 61.428571
/nfs/cathdata/dompdb/1akaA2 65.714286
/nfs/cathdata/dompdb/2cstA2 67.142857
/nfs/cathdata/dompdb/1ordA2 65.714286
/data/pdb_release/all/pdb1rpa.ent 61.428571
/data/pdb_release/all/pdb1esc.ent 70.000000
/nfs/cathdata/dompdb/1gpb02 61.428571
/nfs/cathdata/dompdb/1ygpA2 65.714286
/tmp/1deaA0 70.000000
/tmp/1thtA0 71.428571
/tmp/1tahA0 74.285714
/tmp/1oilA0 67.142857
/nfs/cathdata/dompdb/1hplA1 81.428571
/nfs/cathdata/dompdb/1lpbB1 77.142857
/tmp/1ethA0 85.714286
/data/pdb_release/all/pdb1gpl.ent 82.857143
/data/pdb_release/all/pdb1tca.ent 68.571429
/data/pdb_release/all/pdb1ede.ent 71.428571
/data/pdb_release/all/pdb1ysc.ent 80.000000
/nfs/cathdata/dompdb/1asyA2 74.285714
/nfs/cathdata/dompdb/1lylA2 82.857143
/nfs/cathdata/dompdb/1serA2 82.857143
/data/pdb_release/all/pdb3pte.ent 80.000000
/nfs/cathdata/dompdb/1abrA1 80.000000
/nfs/cathdata/dompdb/1ahc01 77.142857
/nfs/cathdata/dompdb/1mrj01 91.428571
/nfs/cathdata/dompdb/1apa01 74.285714
/nfs/cathdata/dompdb/1pafA1 74.285714
/tmp/4dfrA0 72.857143
/data/pdb_release/all/pdb3dfr.ent 80.000000
/data/pdb_release/all/pdb8dfr.ent 78.571429
/data/pdb_release/all/pdb1drf.ent 78.571429
/data/pdb_release/all/pdb1dyr.ent 78.571429
/nfs/cathdata/dompdb/1adeA1 77.142857
/nfs/cathdata/dompdb/3pmgA1 84.285714
/data/pdb_release/all/pdb1udg.ent 64.285714
/nfs/cathdata/dompdb/3pgk02 68.571429
/nfs/cathdata/dompdb/1php02 72.857143
/nfs/cathdata/dompdb/1gpmA1 88.571429
/nfs/cathdata/dompdb/1powA3 61.428571
/nfs/cathdata/dompdb/1pvdA3 61.428571
/nfs/cathdata/dompdb/1pvdA1 70.000000
/nfs/cathdata/dompdb/1powA1 68.571429
/nfs/cathdata/dompdb/1trkA2 61.428571
/nfs/cathdata/dompdb/1tyaE1 60.000000
/nfs/cathdata/dompdb/2tysB2 72.857143
/nfs/cathdata/dompdb/1minA1 64.285714
/nfs/cathdata/dompdb/1mioA1 64.285714
/nfs/cathdata/dompdb/3ecaA1 81.428571
/nfs/cathdata/dompdb/1agx01 81.428571
/nfs/cathdata/dompdb/3pga11 78.571429
/tmp/1wsaA0 78.571429
/tmp/1nbaA0 71.428571
/nfs/cathdata/dompdb/2reb01 70.000000
/tmp/1smnA0 80.000000
/tmp/1eriA0 75.714286
/nfs/cathdata/dompdb/1lvl01 71.428571
/nfs/cathdata/dompdb/1ebdA1 71.428571
/nfs/cathdata/dompdb/1gal01 84.285714
/nfs/cathdata/dompdb/1fcdA1 81.428571
/nfs/cathdata/dompdb/1coy01 81.428571
/nfs/cathdata/dompdb/1pbe01 84.285714
/nfs/cathdata/dompdb/1aa8A1 68.571429
/nfs/cathdata/dompdb/1dob02 88.571429
/data/pdb_release/all/pdb1cge.ent 80.000000
/data/pdb_release/all/pdb1mnc.ent 77.142857
/data/pdb_release/all/pdb1srt.ent 77.142857
/nfs/cathdata/dompdb/1fbl01 80.000000
/data/pdb_release/all/pdb1mmq.ent 74.285714
/data/pdb_release/all/pdb1slm.ent 81.428571
/tmp/1atlA0 62.857143
/data/pdb_release/all/pdb1iag.ent 71.428571
/nfs/cathdata/dompdb/1kapP2 81.428571
/nfs/cathdata/dompdb/1sat02 75.714286
/data/pdb_release/all/pdb1iab.ent 77.142857
/nfs/cathdata/dompdb/1lcf01 68.571429
/nfs/cathdata/dompdb/1ovt01 68.571429
/nfs/cathdata/dompdb/1ovt03 71.428571
/nfs/cathdata/dompdb/1nnt01 68.571429
/nfs/cathdata/dompdb/1tfd01 47.142857
/nfs/cathdata/dompdb/1lcf03 71.428571
/nfs/cathdata/dompdb/1dot01 71.428571
/nfs/cathdata/dompdb/1dot03 71.428571
/nfs/cathdata/dompdb/1quk01 71.428571
/nfs/cathdata/dompdb/1sbp01 55.714286
/nfs/cathdata/dompdb/1dmb01 64.285714
/nfs/cathdata/dompdb/1pot01 58.571429
/nfs/cathdata/dompdb/3sc2A1 68.571429
/nfs/cathdata/dompdb/1rtc01 77.142857
/tmp/1pviA0 71.428571
/nfs/cathdata/dompdb/1bllE1 71.428571
/nfs/cathdata/dompdb/1scuB3 71.428571
/nfs/cathdata/dompdb/1ora01 61.428571
/nfs/cathdata/dompdb/1ora02 64.285714
/nfs/cathdata/dompdb/2glt01 77.142857
/nfs/cathdata/dompdb/1ttqB1 58.571429
/data/pdb_release/all/pdb3pgm.ent 54.285714
/nfs/cathdata/dompdb/1gtrA1 65.714286
/nfs/cathdata/dompdb/1gln01 61.428571
/tmp/1dsbA0 67.142857
/tmp/1gp1A0 58.571429
/nfs/cathdata/dompdb/1chmA1 74.285714
/nfs/cathdata/dompdb/1scuB1 77.142857
/nfs/cathdata/dompdb/1mla02 57.142857
/nfs/cathdata/dompdb/1glaG2 72.857143
/nfs/cathdata/dompdb/1ami01 70.000000
/data/pdb_release/all/pdb1ak2.ent 58.571429
/tmp/1ak3A0 70.000000
/tmp/1akeA0 65.714286
/data/pdb_release/all/pdb1aky.ent 65.714286
/data/pdb_release/all/pdb3adk.ent 61.428571
/data/pdb_release/all/pdb1ukz.ent 64.285714
/data/pdb_release/all/pdb1ukd.ent 61.428571
/nfs/cathdata/dompdb/2tmdA2 61.428571
/nfs/cathdata/dompdb/1nhp01 84.285714
/nfs/cathdata/dompdb/1trb01 81.428571
/nfs/cathdata/dompdb/1vdc01 75.714286
/nfs/cathdata/dompdb/1typA1 71.428571
/nfs/cathdata/dompdb/1gesA1 71.428571
/nfs/cathdata/dompdb/3grs01 72.857143
/nfs/cathdata/dompdb/3ladA1 72.857143
/nfs/cathdata/dompdb/1lpfA1 72.857143
/nfs/cathdata/dompdb/1pfkA2 61.428571
/nfs/cathdata/dompdb/3pfk02 61.428571
/nfs/cathdata/dompdb/3pgk01 68.571429
/nfs/cathdata/dompdb/1php01 60.000000
/nfs/cathdata/dompdb/3pmgA3 71.428571
/tmp/2rslA0 61.428571
/tmp/1gdtA0 58.571429
/nfs/cathdata/dompdb/1ctt02 67.142857
/nfs/cathdata/dompdb/1ctt01 70.000000
/tmp/1whtB0 67.142857
/nfs/cathdata/dompdb/1trkA3 68.571429
/nfs/cathdata/dompdb/1dmb02 57.142857
/nfs/cathdata/dompdb/1pda02 68.571429
/nfs/cathdata/dompdb/1hslA2 68.571429
/nfs/cathdata/dompdb/1lst02 60.000000
/nfs/cathdata/dompdb/1pbp02 61.428571
/nfs/cathdata/dompdb/1sbp02 68.571429
/data/pdb_release/all/pdb1ovb.ent 67.142857
/nfs/cathdata/dompdb/1lcf02 61.428571
/nfs/cathdata/dompdb/1lcf04 68.571429
/nfs/cathdata/dompdb/1ovt02 68.571429
/nfs/cathdata/dompdb/1ovt04 68.571429
/nfs/cathdata/dompdb/1tfd02 71.428571
/nfs/cathdata/dompdb/1dot04 60.000000
/nfs/cathdata/dompdb/1poy12 71.428571
/nfs/cathdata/dompdb/1inp03 64.285714
/nfs/cathdata/dompdb/1imbA2 68.571429
/nfs/cathdata/dompdb/1fbcA2 71.428571
/nfs/cathdata/dompdb/1ftaA2 65.714286
/nfs/cathdata/dompdb/1spiA2 58.571429
/nfs/cathdata/dompdb/1pda01 71.428571
/nfs/cathdata/dompdb/1hslA1 42.857143
/nfs/cathdata/dompdb/1lst01 47.142857
/nfs/cathdata/dompdb/2ldx01 71.428571
/nfs/cathdata/dompdb/3ldh01 68.571429
/nfs/cathdata/dompdb/5ldh01 58.571429
/nfs/cathdata/dompdb/9ldtA1 68.571429
/data/pdb_release/all/pdb5nll.ent 64.285714
/data/pdb_release/all/pdb2fx2.ent 68.571429
/data/pdb_release/all/pdb1ofv.ent 68.571429
/data/pdb_release/all/pdb2fcr.ent 71.428571
/data/pdb_release/all/pdb1rcf.ent 68.571429
/tmp/1lfaA0 65.714286
/data/pdb_release/all/pdb1ido.ent 64.285714
/nfs/cathdata/dompdb/1pfkA1 68.571429
/nfs/cathdata/dompdb/3pfk01 68.571429
/data/pdb_release/all/pdb1cus.ent 61.428571
/data/pdb_release/all/pdb1dad.ent 71.428571
/data/pdb_release/all/pdb1tib.ent 82.857143
/data/pdb_release/all/pdb3tgl.ent 78.571429
/tmp/1lgyA0 78.571429
/data/pdb_release/all/pdb1vid.ent 71.428571
/data/pdb_release/all/pdb1pdo.ent 61.428571
/nfs/cathdata/dompdb/1gpmA2 58.571429
/nfs/cathdata/dompdb/1dnpA1 60.000000
/nfs/cathdata/dompdb/1bgw02 55.714286
/nfs/cathdata/dompdb/1guhA1 64.285714
/nfs/cathdata/dompdb/1glqA1 67.142857
/nfs/cathdata/dompdb/2gsq01 65.714286
/nfs/cathdata/dompdb/2gsrA1 62.857143
/nfs/cathdata/dompdb/1gssA1 64.285714
/nfs/cathdata/dompdb/2gstA1 64.285714
/nfs/cathdata/dompdb/1gta01 57.142857
/nfs/cathdata/dompdb/1hna01 62.857143
/nfs/cathdata/dompdb/3pmgA2 57.142857
/data/pdb_release/all/pdb1lba.ent 65.714286
/tmp/1meeA0 81.428571
/nfs/cathdata/dompdb/1ordA1 61.428571
/data/pdb_release/all/pdb1ntr.ent 58.571429
/nfs/cathdata/dompdb/1gdhA2 68.571429
/nfs/cathdata/dompdb/2nacA2 61.428571
/nfs/cathdata/dompdb/2dldA2 62.857143
/nfs/cathdata/dompdb/2dldA1 70.000000
/nfs/cathdata/dompdb/1scuB2 58.571429
/nfs/cathdata/dompdb/1scuA1 68.571429
/nfs/cathdata/dompdb/1scuA2 65.714286
/data/pdb_release/all/pdb1phr.ent 64.285714
/nfs/cathdata/dompdb/1bmtA2 60.000000
/tmp/1iceA0 68.571429
/data/pdb_release/all/pdb1etu.ent 72.857143
/nfs/cathdata/dompdb/1eft01 74.285714
/data/pdb_release/all/pdb5p21.ent 70.000000
/tmp/1guaA0 70.000000
/tmp/1hurA0 67.142857
/tmp/1nipA0 71.428571
/nfs/cathdata/dompdb/1gky02 70.000000
/nfs/cathdata/dompdb/1dar01 82.857143
/nfs/cathdata/dompdb/1raaA1 61.428571
/nfs/cathdata/dompdb/1raaA2 71.428571
/nfs/cathdata/dompdb/2atcA2 68.571429
/nfs/cathdata/dompdb/4mdhA1 58.571429
/nfs/cathdata/dompdb/1bdmA1 58.571429
/nfs/cathdata/dompdb/2cmd01 60.000000
/nfs/cathdata/dompdb/1mldA1 58.571429
/nfs/cathdata/dompdb/1hyhA1 68.571429
/nfs/cathdata/dompdb/6ldh01 68.571429
/nfs/cathdata/dompdb/1ldb01 68.571429
/nfs/cathdata/dompdb/1llc01 58.571429
/nfs/cathdata/dompdb/1lldA1 68.571429
/nfs/cathdata/dompdb/1bdhA3 58.571429
/nfs/cathdata/dompdb/1tlfA2 65.714286
/nfs/cathdata/dompdb/1dbp01 58.571429
/data/pdb_release/all/pdb3chy.ent 60.000000
/nfs/cathdata/dompdb/1abe01 71.428571
/nfs/cathdata/dompdb/1gdhA1 62.857143
/nfs/cathdata/dompdb/1gca01 62.857143
/nfs/cathdata/dompdb/1gdd01 68.571429
/nfs/cathdata/dompdb/1tadA1 68.571429
/nfs/cathdata/dompdb/1gotA1 77.142857
/nfs/cathdata/dompdb/1gd1O1 75.714286
/nfs/cathdata/dompdb/4gpd11 58.571429
/nfs/cathdata/dompdb/1cerO1 75.714286
/nfs/cathdata/dompdb/1gadO1 70.000000
/nfs/cathdata/dompdb/1gypA1 75.714286
/nfs/cathdata/dompdb/1hdgO1 70.000000
/nfs/cathdata/dompdb/2lbp02 70.000000
/nfs/cathdata/dompdb/2liv02 71.428571
/nfs/cathdata/dompdb/2lbp01 68.571429
/nfs/cathdata/dompdb/2liv01 71.428571
/nfs/cathdata/dompdb/1pea02 71.428571
/nfs/cathdata/dompdb/1pea01 68.571429
/nfs/cathdata/dompdb/1ecl01 64.285714
/nfs/cathdata/dompdb/1admA1 84.285714
/nfs/cathdata/dompdb/1dctA1 78.571429
/nfs/cathdata/dompdb/1hmy01 68.571429
/tmp/1garA0 72.857143
/data/pdb_release/all/pdb1chd.ent 78.571429
/data/pdb_release/all/pdb1thm.ent 78.571429
/tmp/1cseE0 81.428571
/data/pdb_release/all/pdb1st3.ent 78.571429
/data/pdb_release/all/pdb2pkc.ent 78.571429
/data/pdb_release/all/pdb1s01.ent 75.714286
/nfs/cathdata/dompdb/1poxA2 68.571429
/nfs/cathdata/dompdb/1pvdA2 88.571429
/nfs/cathdata/dompdb/2pia02 60.000000
/nfs/cathdata/dompdb/1fnb02 61.428571
/nfs/cathdata/dompdb/1que02 58.571429
/nfs/cathdata/dompdb/1cnd02 68.571429
/nfs/cathdata/dompdb/1ndh02 68.571429
/nfs/cathdata/dompdb/1gph12 62.857143
/nfs/cathdata/dompdb/1ecgA2 64.285714
/data/pdb_release/all/pdb1sto.ent 81.428571
/nfs/cathdata/dompdb/2bgt02 74.285714
/nfs/cathdata/dompdb/2bgt01 78.571429
/nfs/cathdata/dompdb/2nacA1 64.285714
/data/pdb_release/all/pdb1dhr.ent 71.428571
/tmp/1hdcA0 64.285714
/data/pdb_release/all/pdb1eny.ent 62.857143
/nfs/cathdata/dompdb/1psdA1 58.571429
/nfs/cathdata/dompdb/1psdA2 68.571429
/nfs/cathdata/dompdb/1qorA2 62.857143
/nfs/cathdata/dompdb/3btoA2 61.428571
/nfs/cathdata/dompdb/1dehA2 61.428571
/nfs/cathdata/dompdb/1cdoA2 61.428571
/nfs/cathdata/dompdb/1tehA2 61.428571
/nfs/cathdata/dompdb/1agnA2 60.000000
/nfs/cathdata/dompdb/1dih01 58.571429
/nfs/cathdata/dompdb/2pgd01 62.857143
/nfs/cathdata/dompdb/1dpgA1 65.714286
/nfs/cathdata/dompdb/1dbqA1 68.571429
/nfs/cathdata/dompdb/1tlfA1 74.285714
/nfs/cathdata/dompdb/2dri02 68.571429
/nfs/cathdata/dompdb/1gca02 60.000000
/nfs/cathdata/dompdb/2gbp02 60.000000
/nfs/cathdata/dompdb/8abp02 68.571429
/data/pdb_release/all/pdb1ghu.ent 52.857143
/nfs/cathdata/dompdb/1ad5A2 58.571429
/tmp/1ayaA0 58.571429
/tmp/2pldA0 60.000000
/data/pdb_release/all/pdb1svq.ent 60.000000
/data/pdb_release/all/pdb1vil.ent 71.428571
/data/pdb_release/all/pdb1aba.ent 64.285714
/data/pdb_release/all/pdb1ego.ent 58.571429
/tmp/2trxA0 68.571429
/data/pdb_release/all/pdb1thx.ent 67.142857
/data/pdb_release/all/pdb3trx.ent 71.428571
/data/pdb_release/all/pdb1tof.ent 68.571429
/nfs/cathdata/dompdb/1pxtA1 61.428571
/nfs/cathdata/dompdb/1pxtA2 60.000000
/nfs/cathdata/dompdb/2yhx02 62.857143
/nfs/cathdata/dompdb/1dik01 57.142857
/nfs/cathdata/dompdb/2minA3 58.571429
/nfs/cathdata/dompdb/1mioA3 58.571429
/nfs/cathdata/dompdb/2minB2 54.285714
/nfs/cathdata/dompdb/2minB3 60.000000
/nfs/cathdata/dompdb/1mioB2 60.000000
/nfs/cathdata/dompdb/1mioB4 64.285714
/nfs/cathdata/dompdb/2minA2 52.857143
/nfs/cathdata/dompdb/1mioA2 58.571429
/nfs/cathdata/dompdb/2minB1 47.142857
/nfs/cathdata/dompdb/1mioB1 52.857143
/nfs/cathdata/dompdb/1iow01 55.714286
/nfs/cathdata/dompdb/1bncA1 60.000000
/nfs/cathdata/dompdb/3ecaA2 54.285714
/nfs/cathdata/dompdb/1agx02 57.142857
/nfs/cathdata/dompdb/3pga12 54.285714
/nfs/cathdata/dompdb/1pkyA1 68.571429
/nfs/cathdata/dompdb/1pkm01 74.285714
/nfs/cathdata/dompdb/1hsbA1 88.571429
/nfs/cathdata/dompdb/2clrA1 84.285714
/nfs/cathdata/dompdb/1mhcA1 94.285714
/tmp/1tmcA0 88.571429
/nfs/cathdata/dompdb/1fruA1 85.714286
/nfs/cathdata/dompdb/1tssA1 74.285714
/nfs/cathdata/dompdb/1se202 81.428571
/nfs/cathdata/dompdb/1sebD2 60.000000
/nfs/cathdata/dompdb/1esfA2 77.142857
/data/pdb_release/all/pdb1vhh.ent 67.142857
/nfs/cathdata/dompdb/3pmgA4 78.571429
/nfs/cathdata/dompdb/1imbA1 81.428571
/nfs/cathdata/dompdb/5fbpA1 78.571429
/nfs/cathdata/dompdb/1ftaA1 75.714286
/nfs/cathdata/dompdb/1spiA1 81.428571
/nfs/cathdata/dompdb/1inp02 88.571429
/nfs/cathdata/dompdb/1gd1O2 91.428571
/nfs/cathdata/dompdb/4gpd12 71.428571
/nfs/cathdata/dompdb/1cerO2 78.571429
/nfs/cathdata/dompdb/1gadO2 91.428571
/nfs/cathdata/dompdb/1gypA2 78.571429
/nfs/cathdata/dompdb/1hdgO2 88.571429
/data/pdb_release/all/pdb1cia.ent 88.571429
/nfs/cathdata/dompdb/1gal03 74.285714
/nfs/cathdata/dompdb/1dpgA2 81.428571
/data/pdb_release/all/pdb1dpb.ent 85.714286
/data/pdb_release/all/pdb1adn.ent 52.857143
/data/pdb_release/all/pdb2pna.ent 55.714286
/data/pdb_release/all/pdb1ab2.ent 55.714286
/tmp/1shaA0 70.000000
/tmp/1lcjA0 65.714286
/tmp/1csyA0 55.714286
/data/pdb_release/all/pdb1blj.ent 62.857143
/data/pdb_release/all/pdb1fim.ent 67.142857
/tmp/1mifA0 67.142857
/tmp/1kptA0 62.857143
/nfs/cathdata/dompdb/1dja01 81.428571
/nfs/cathdata/dompdb/1mblA1 65.714286
/nfs/cathdata/dompdb/1btl01 60.000000
/data/pdb_release/all/pdb2phy.ent 71.428571
/data/pdb_release/all/pdb1fil.ent 82.857143
/data/pdb_release/all/pdb1pne.ent 84.285714
/data/pdb_release/all/pdb1acf.ent 81.428571
/data/pdb_release/all/pdb2acg.ent 81.428571
/data/pdb_release/all/pdb1cqa.ent 91.428571
/nfs/cathdata/dompdb/1pnkB1 68.571429
/nfs/cathdata/dompdb/1oacA1 68.571429
/tmp/1otgA0 60.000000
/nfs/cathdata/dompdb/1ami02 61.428571
/nfs/cathdata/dompdb/1bpb02 72.857143
/nfs/cathdata/dompdb/9icwA3 81.428571
/nfs/cathdata/dompdb/1daaA1 74.285714
/nfs/cathdata/dompdb/1iov02 78.571429
/nfs/cathdata/dompdb/1glt02 67.142857
/tmp/1gtqA0 58.571429
/nfs/cathdata/dompdb/1bia02 91.428571
/nfs/cathdata/dompdb/1antI2 62.857143
/nfs/cathdata/dompdb/1hleA2 70.000000
/nfs/cathdata/dompdb/1ovaA2 67.142857
/nfs/cathdata/dompdb/2achA1 70.000000
/nfs/cathdata/dompdb/7apiA2 70.000000
/nfs/cathdata/dompdb/1pnkB2 78.571429
/nfs/cathdata/dompdb/1ami03 77.142857
/nfs/cathdata/dompdb/1hocA1 88.571429
/nfs/cathdata/dompdb/1hsaA1 91.428571
/nfs/cathdata/dompdb/1vaaA1 88.571429
/nfs/cathdata/dompdb/1dik06 68.571429
/nfs/cathdata/dompdb/1mdl01 50.000000
/nfs/cathdata/dompdb/4enl01 47.142857
/nfs/cathdata/dompdb/1pdz01 50.000000
/nfs/cathdata/dompdb/1nhp03 67.142857
/nfs/cathdata/dompdb/3ladA3 78.571429
/nfs/cathdata/dompdb/1lpfA3 84.285714
/nfs/cathdata/dompdb/1lvl03 81.428571
/nfs/cathdata/dompdb/1ebdA3 78.571429
/nfs/cathdata/dompdb/1tytA3 78.571429
/nfs/cathdata/dompdb/1gesA3 78.571429
/nfs/cathdata/dompdb/3grs03 78.571429
/nfs/cathdata/dompdb/1irk01 65.714286
/nfs/cathdata/dompdb/1apmE2 67.142857
/nfs/cathdata/dompdb/1ckiA1 68.571429
/nfs/cathdata/dompdb/1csn01 71.428571
/nfs/cathdata/dompdb/1coy02 80.000000
/nfs/cathdata/dompdb/1rthA4 67.142857
/tmp/1hrhA0 68.571429
/data/pdb_release/all/pdb2rn2.ent 60.000000
/data/pdb_release/all/pdb1ril.ent 60.000000
/tmp/1hjrA0 68.571429
/data/pdb_release/all/pdb1itg.ent 57.142857
/data/pdb_release/all/pdb1asu.ent 68.571429
/nfs/cathdata/dompdb/1bcmA1 68.571429
/nfs/cathdata/dompdb/1atr03 58.571429
/nfs/cathdata/dompdb/1atnA2 54.285714
/nfs/cathdata/dompdb/2btfA2 57.142857
/nfs/cathdata/dompdb/2yhx03 71.428571
/nfs/cathdata/dompdb/1atr01 68.571429
/nfs/cathdata/dompdb/1mngA2 54.285714
/nfs/cathdata/dompdb/3sdpA2 18.571429
/tmp/1kpaA0 62.857143
/nfs/cathdata/dompdb/1bpb03 42.857143
/nfs/cathdata/dompdb/1pkp02 54.285714
/nfs/cathdata/dompdb/1dar04 52.857143
/tmp/1copD0 60.000000
/data/pdb_release/all/pdb1orc.ent 60.000000
/nfs/cathdata/dompdb/2reb02 55.714286
/nfs/cathdata/dompdb/1derA2 60.000000
/tmp/1iceB0 44.285714
/tmp/2kauA0 47.142857
/nfs/cathdata/dompdb/1gpmA3 57.142857
/nfs/cathdata/dompdb/1mxa03 64.285714
/nfs/cathdata/dompdb/1mxa01 57.142857
/nfs/cathdata/dompdb/1mxa02 67.142857
/nfs/cathdata/dompdb/1xrb02 52.857143
/nfs/cathdata/dompdb/1ytbA2 67.142857
/nfs/cathdata/dompdb/1tghA2 77.142857
/nfs/cathdata/dompdb/1vokA2 67.142857
/nfs/cathdata/dompdb/1tbpA1 81.428571
/nfs/cathdata/dompdb/1tghA1 78.571429
/nfs/cathdata/dompdb/1vokA1 88.571429
/nfs/cathdata/dompdb/1pczA1 91.428571
/nfs/cathdata/dompdb/1pczA2 67.142857
/nfs/cathdata/dompdb/1bmc02 61.428571
/nfs/cathdata/dompdb/1sebA1 51.428571
/nfs/cathdata/dompdb/1sebB1 54.285714
/tmp/2sicI0 67.142857
/nfs/cathdata/dompdb/1dih02 67.142857
/tmp/1brsD0 61.428571
/data/pdb_release/all/pdb1msc.ent 70.000000
/tmp/1unaA0 72.857143
/nfs/cathdata/dompdb/1chkA2 47.142857
/nfs/cathdata/dompdb/1svb03 42.857143
/nfs/cathdata/dompdb/1oacA4 67.142857
/tmp/1latA0 47.142857
/tmp/2nllA0 18.571429
/tmp/2nllB0 22.857143
/data/pdb_release/all/pdb1tns.ent 20.000000
/data/pdb_release/all/pdb1ife.ent 30.000000
/data/pdb_release/all/pdb1tig.ent 70.000000
/nfs/cathdata/dompdb/1hpm04 45.714286
/nfs/cathdata/dompdb/1bncA2 44.285714
/nfs/cathdata/dompdb/1iow03 71.428571
/nfs/cathdata/dompdb/1glt03 70.000000
/tmp/1humA0 47.142857
/tmp/1hrjA0 40.000000
/tmp/1domA0 40.000000
/tmp/1plfA0 44.285714
/tmp/1mgsA0 41.428571
/data/pdb_release/all/pdb3il8.ent 41.428571
/tmp/1rhpA0 42.857143
/tmp/1napA0 44.285714
/tmp/1rodA0 42.857143
/data/pdb_release/all/pdb1stu.ent 55.714286
/nfs/cathdata/dompdb/1pkp01 42.857143
/nfs/cathdata/dompdb/1pda03 55.714286
/data/pdb_release/all/pdb1ncs.ent 40.000000
/tmp/1cksA0 18.571429
/tmp/1sceA0 18.571429
/tmp/1dktA0 51.428571
/tmp/1rblM0 55.714286
/tmp/3rubS0 65.714286
/tmp/8rubS0 65.714286
/tmp/8rucI0 65.714286
/tmp/1burS0 65.714286
/nfs/cathdata/dompdb/1amg02 55.714286
/nfs/cathdata/dompdb/1amy02 55.714286
/data/pdb_release/all/pdb1zer.ent 64.285714
/data/pdb_release/all/pdb1aps.ent 67.142857
/tmp/2bopA0 67.142857
/data/pdb_release/all/pdb2pii.ent 67.142857
/tmp/2chsA0 67.142857
/nfs/cathdata/dompdb/8atcB1 70.000000
/nfs/cathdata/dompdb/2atcB1 14.285714
/tmp/1nhkL0 58.571429
/data/pdb_release/all/pdb1ndk.ent 57.142857
/tmp/1nsqA0 58.571429
/tmp/1nskL0 58.571429
/nfs/cathdata/dompdb/1rbaA1 68.571429
/nfs/cathdata/dompdb/3rubL1 70.000000
/nfs/cathdata/dompdb/8rucA1 68.571429
/nfs/cathdata/dompdb/1rblA1 70.000000
/nfs/cathdata/dompdb/1ars01 47.142857
/nfs/cathdata/dompdb/7aatA1 47.142857
/nfs/cathdata/dompdb/2cstA1 47.142857
/nfs/cathdata/dompdb/1ordA3 47.142857
/nfs/cathdata/dompdb/2dkb01 68.571429
/nfs/cathdata/dompdb/1tplA1 47.142857
/tmp/1dcoA0 55.714286
/data/pdb_release/all/pdb1vig.ent 60.000000
/tmp/1xxaA0 64.285714
/nfs/cathdata/dompdb/1bgw04 71.428571
/nfs/cathdata/dompdb/1dar05 64.285714
/nfs/cathdata/dompdb/1mla01 70.000000
/nfs/cathdata/dompdb/1psdA3 70.000000
/nfs/cathdata/dompdb/1dloA2 52.857143
/nfs/cathdata/dompdb/1mml02 71.428571
/tmp/1gluA0 18.571429
/data/pdb_release/all/pdb1hra.ent 18.571429
/tmp/1hcqA0 44.285714
/nfs/cathdata/dompdb/1bgw01 54.285714
/data/pdb_release/all/pdb1nef.ent 48.571429
/tmp/1efnB0 48.571429
/nfs/cathdata/dompdb/1gky01 67.142857
/nfs/cathdata/dompdb/1yua01 41.428571
/data/pdb_release/all/pdb1vcc.ent 77.142857
/nfs/cathdata/dompdb/1svb02 51.428571
/nfs/cathdata/dompdb/1yua02 40.000000
/tmp/1otfA0 37.142857
/data/pdb_release/all/pdb1cbn.ent 15.714286
/data/pdb_release/all/pdb1bhp.ent 44.285714
/data/pdb_release/all/pdb2plh.ent 44.285714
/data/pdb_release/all/pdb1fdx.ent 14.285714
/data/pdb_release/all/pdb1clf.ent 28.571429
/data/pdb_release/all/pdb1fca.ent 40.000000
/data/pdb_release/all/pdb1fdn.ent 51.428571
/data/pdb_release/all/pdb1blu.ent 52.857143
/data/pdb_release/all/pdb1fxd.ent 67.142857
/data/pdb_release/all/pdb2fxb.ent 70.000000
/tmp/1fxrA0 67.142857
/data/pdb_release/all/pdb1rof.ent 14.285714
/data/pdb_release/all/pdb5fd1.ent 70.000000
/data/pdb_release/all/pdb1fwp.ent 58.571429
/data/pdb_release/all/pdb1sxl.ent 52.857143
/data/pdb_release/all/pdb1fht.ent 67.142857
/data/pdb_release/all/pdb1pba.ent 41.428571
/data/pdb_release/all/pdb1ris.ent 64.285714
/data/pdb_release/all/pdb1ctf.ent 60.000000
/tmp/1spbP0 64.285714
/data/pdb_release/all/pdb1ptf.ent 67.142857
/data/pdb_release/all/pdb1poh.ent 70.000000
/data/pdb_release/all/pdb2hpr.ent 67.142857
/data/pdb_release/all/pdb1pch.ent 67.142857
/data/pdb_release/all/pdb1sxm.ent 40.000000
/data/pdb_release/all/pdb2sn3.ent 40.000000
/data/pdb_release/all/pdb1vna.ent 48.571429
/data/pdb_release/all/pdb1nra.ent 48.571429
/data/pdb_release/all/pdb1ptx.ent 51.428571
/data/pdb_release/all/pdb1lqh.ent 48.571429
/data/pdb_release/all/pdb1snb.ent 51.428571
/data/pdb_release/all/pdb1gps.ent 51.428571
/data/pdb_release/all/pdb1gpt.ent 51.428571
/data/pdb_release/all/pdb1chc.ent 40.000000
/data/pdb_release/all/pdb1caa.ent 40.000000
/data/pdb_release/all/pdb1iro.ent 28.571429
/data/pdb_release/all/pdb1rdg.ent 28.571429
/data/pdb_release/all/pdb4rxn.ent 28.571429
/data/pdb_release/all/pdb6rxn.ent 28.571429
/tmp/8rxnA0 28.571429
/tmp/1gatA0 40.000000
/data/pdb_release/all/pdb1bus.ent 14.285714
/data/pdb_release/all/pdb2ovo.ent 40.000000
/data/pdb_release/all/pdb3ovo.ent 40.000000
/nfs/cathdata/dompdb/1tbrR1 40.000000
/nfs/cathdata/dompdb/1tbrR2 51.428571
/data/pdb_release/all/pdb1ptq.ent 40.000000
/nfs/cathdata/dompdb/9wgaA1 14.285714
/nfs/cathdata/dompdb/9wgaA2 14.285714
/nfs/cathdata/dompdb/9wgaA3 14.285714
/nfs/cathdata/dompdb/9wgaA4 14.285714
/nfs/cathdata/dompdb/2cwgA2 14.285714
/nfs/cathdata/dompdb/1wgtA3 14.285714
/tmp/1tgsI0 40.000000
/tmp/1cgiI0 40.000000
/data/pdb_release/all/pdb1pce.ent 42.857143
/data/pdb_release/all/pdb1hev.ent 14.285714
/data/pdb_release/all/pdb2alr.ent 72.857143
/data/pdb_release/all/pdb1frb.ent 72.857143
/nfs/cathdata/dompdb/1rlcL2 62.857143
/nfs/cathdata/dompdb/1rblA2 64.285714
/nfs/cathdata/dompdb/1rbaA2 71.428571
/nfs/cathdata/dompdb/1oneA2 74.285714
/nfs/cathdata/dompdb/1pdz02 74.285714
/tmp/1chrA0 65.714286
/tmp/1mucA0 72.857143
/data/pdb_release/all/pdb2mnr.ent 72.857143
/nfs/cathdata/dompdb/1mdr02 70.000000
/data/pdb_release/all/pdb1gox.ent 74.285714
/tmp/1fcbB0 72.857143
/nfs/cathdata/dompdb/2tmdA1 72.857143
/data/pdb_release/all/pdb1oya.ent 70.000000
/data/pdb_release/all/pdb1add.ent 62.857143
/data/pdb_release/all/pdb1pta.ent 72.857143
/data/pdb_release/all/pdb1xis.ent 64.285714
/tmp/1ximA0 62.857143
/tmp/1xlaA0 62.857143
/tmp/1dxiA0 64.285714
/data/pdb_release/all/pdb1dtp.ent 78.571429
/tmp/1dmaA0 75.714286
/nfs/cathdata/dompdb/1dik04 60.000000
/nfs/cathdata/dompdb/1kauC2 70.000000
/nfs/cathdata/dompdb/1aa8A2 94.285714
/tmp/1hymA0 14.285714
/tmp/1cseI0 37.142857
/tmp/1ypcI0 37.142857
/data/pdb_release/all/pdb1cis.ent 40.000000
/data/pdb_release/all/pdb1mit.ent 51.428571
/nfs/cathdata/dompdb/2baa02 14.285714
/data/pdb_release/all/pdb1ica.ent 14.285714
/data/pdb_release/all/pdb1cnv.ent 61.428571
/tmp/1xyzA0 71.428571
/data/pdb_release/all/pdb1exp.ent 70.000000
/tmp/1clxA0 71.428571
/data/pdb_release/all/pdb2ebn.ent 67.142857
/data/pdb_release/all/pdb1edt.ent 70.000000
/nfs/cathdata/dompdb/1ctn02 68.571429
/data/pdb_release/all/pdb1cec.ent 62.857143
/tmp/1ghsA0 65.714286
/data/pdb_release/all/pdb1ghr.ent 70.000000
/data/pdb_release/all/pdb1cbg.ent 74.285714
/nfs/cathdata/dompdb/1amg01 65.714286
/nfs/cathdata/dompdb/1amy01 71.428571
/nfs/cathdata/dompdb/2aaa01 70.000000
/nfs/cathdata/dompdb/2taaA1 72.857143
/nfs/cathdata/dompdb/1ppi01 74.285714
/data/pdb_release/all/pdb1hny.ent 82.857143
/nfs/cathdata/dompdb/1cgt01 88.571429
/nfs/cathdata/dompdb/1cdg01 91.428571
/nfs/cathdata/dompdb/1cyg01 88.571429
/nfs/cathdata/dompdb/1ciu01 88.571429
/nfs/cathdata/dompdb/1pamA1 91.428571
/data/pdb_release/all/pdb1btc.ent 65.714286
/nfs/cathdata/dompdb/1bglA3 74.285714
/tmp/1pbgA0 75.714286
/tmp/1tpfA0 67.142857
/tmp/1ypiA0 64.285714
/tmp/1timA0 61.428571
/tmp/1treA0 65.714286
/tmp/1htiA0 61.428571
/tmp/1btmA0 61.428571
/data/pdb_release/all/pdb1ads.ent 71.428571
/data/pdb_release/all/pdb1ral.ent 70.000000
/nfs/cathdata/dompdb/1csbB2 81.428571
/nfs/cathdata/dompdb/1bmc01 71.428571
/nfs/cathdata/dompdb/1ezm01 78.571429
/nfs/cathdata/dompdb/1esp01 87.142857
/nfs/cathdata/dompdb/2tmnE1 78.571429
/nfs/cathdata/dompdb/1dhy01 80.000000
/nfs/cathdata/dompdb/1han01 80.000000
/nfs/cathdata/dompdb/1dhy02 91.428571
/nfs/cathdata/dompdb/1han02 91.428571
/data/pdb_release/all/pdb1std.ent 81.428571
/data/pdb_release/all/pdb2cba.ent 82.857143
/data/pdb_release/all/pdb1crm.ent 82.857143
/tmp/1dmxA0 81.428571
/nfs/cathdata/dompdb/1bncA3 82.857143
/nfs/cathdata/dompdb/1daaA2 78.571429
/data/pdb_release/all/pdb1gym.ent 82.857143
/nfs/cathdata/dompdb/1ami04 77.142857
/tmp/1fvpA0 71.428571
/data/pdb_release/all/pdb1nfp.ent 68.571429
/tmp/1brlB0 64.285714
/tmp/1lucA0 72.857143
/data/pdb_release/all/pdb1tml.ent 68.571429
/nfs/cathdata/dompdb/1pii02 70.000000
/nfs/cathdata/dompdb/1pii01 65.714286
/data/pdb_release/all/pdb1igs.ent 65.714286
/tmp/1wsyA0 64.285714
/nfs/cathdata/dompdb/1pkm02 64.285714
/nfs/cathdata/dompdb/1pkyA2 65.714286
/tmp/1nal10 65.714286
/tmp/1fbaA0 74.285714
/data/pdb_release/all/pdb1ald.ent 72.857143
/data/pdb_release/all/pdb1nar.ent 65.714286
/data/pdb_release/all/pdb2hvm.ent 61.428571
/data/pdb_release/all/pdb1fkb.ent 71.428571
/data/pdb_release/all/pdb1yat.ent 68.571429
/data/pdb_release/all/pdb1pbk.ent 71.428571
/data/pdb_release/all/pdb1rot.ent 81.428571
/nfs/cathdata/dompdb/1hmy02 55.714286
/tmp/2msbA0 78.571429
/data/pdb_release/all/pdb1hup.ent 81.428571
/tmp/1rtm10 77.142857
/tmp/1rdl10 81.428571
/data/pdb_release/all/pdb1aak.ent 65.714286
/data/pdb_release/all/pdb2uce.ent 65.714286
/data/pdb_release/all/pdb1ucz.ent 68.571429
/tmp/1u9aA0 68.571429
/nfs/cathdata/dompdb/1fcbA1 54.285714
/data/pdb_release/all/pdb1b5m.ent 54.285714
/data/pdb_release/all/pdb1iet.ent 37.142857
/data/pdb_release/all/pdb1cyo.ent 57.142857
/tmp/1mkaA0 88.571429
/data/pdb_release/all/pdb1onc.ent 81.428571
/data/pdb_release/all/pdb7rsa.ent 78.571429
/tmp/1bsrA0 81.428571
/data/pdb_release/all/pdb1ang.ent 81.428571
/data/pdb_release/all/pdb1agi.ent 81.428571
/nfs/cathdata/dompdb/1hpm02 78.571429
/nfs/cathdata/dompdb/2polA3 80.000000
/nfs/cathdata/dompdb/2polA2 77.142857
/nfs/cathdata/dompdb/2polA1 80.000000
/nfs/cathdata/dompdb/9pap01 70.000000
/nfs/cathdata/dompdb/1aec01 70.000000
/nfs/cathdata/dompdb/1gecE1 67.142857
/nfs/cathdata/dompdb/1ppo01 70.000000
/nfs/cathdata/dompdb/1yal01 67.142857
/nfs/cathdata/dompdb/1theA1 64.285714
/data/pdb_release/all/pdb1pgb.ent 62.857143
/data/pdb_release/all/pdb2igg.ent 65.714286
/data/pdb_release/all/pdb3fxc.ent 54.285714
/tmp/1frrA0 78.571429
/tmp/1fxiA0 77.142857
/tmp/1fxaA0 78.571429
/data/pdb_release/all/pdb1frd.ent 78.571429
/data/pdb_release/all/pdb1dox.ent 40.000000
/data/pdb_release/all/pdb1cjn.ent 67.142857
/data/pdb_release/all/pdb1doi.ent 74.285714
/data/pdb_release/all/pdb1put.ent 64.285714
/nfs/cathdata/dompdb/2pia03 80.000000
/data/pdb_release/all/pdb1ubi.ent 62.857143
/nfs/cathdata/dompdb/1lgr02 77.142857
/data/pdb_release/all/pdb1tif.ent 70.000000
/data/pdb_release/all/pdb1rfa.ent 62.857143
/tmp/1molA0 80.000000
/tmp/1stfI0 68.571429
/data/pdb_release/all/pdb1cyu.ent 80.000000
/tmp/1cewI0 65.714286
/tmp/1udiI0 78.571429
/data/pdb_release/all/pdb1fus.ent 100.000000
/data/pdb_release/all/pdb9rnt.ent 91.428571
/data/pdb_release/all/pdb1rds.ent 91.428571
/tmp/1gmpA0 77.142857
/tmp/1brnL0 71.428571
/tmp/2rbiA0 74.285714
/nfs/cathdata/dompdb/1oacA2 65.714286
/nfs/cathdata/dompdb/1prtB1 58.571429
/nfs/cathdata/dompdb/1prtC1 58.571429
/nfs/cathdata/dompdb/1ctn03 77.142857
/nfs/cathdata/dompdb/1gtrA3 58.571429
/nfs/cathdata/dompdb/1grj02 51.428571
/data/pdb_release/all/pdb1tsp.ent 85.714286
/nfs/cathdata/dompdb/1dhx01 51.428571
/nfs/cathdata/dompdb/2psg01 78.571429
/nfs/cathdata/dompdb/1mpp01 81.428571
/nfs/cathdata/dompdb/1bbs01 81.428571
/nfs/cathdata/dompdb/4cms01 84.285714
/nfs/cathdata/dompdb/1smrA1 84.285714
/nfs/cathdata/dompdb/1epmE1 81.428571
/nfs/cathdata/dompdb/1pplE1 78.571429
/nfs/cathdata/dompdb/2apr01 78.571429
/nfs/cathdata/dompdb/1psoE1 78.571429
/nfs/cathdata/dompdb/1htrB1 88.571429
/nfs/cathdata/dompdb/1jxrA1 85.714286
/nfs/cathdata/dompdb/2asi01 81.428571
/nfs/cathdata/dompdb/1smeA1 78.571429
/nfs/cathdata/dompdb/1epmE2 80.000000
/nfs/cathdata/dompdb/1pplE2 88.571429
/nfs/cathdata/dompdb/1mpp02 88.571429
/nfs/cathdata/dompdb/2asi02 85.714286
/nfs/cathdata/dompdb/2apr02 85.714286
/nfs/cathdata/dompdb/1psaA2 82.857143
/nfs/cathdata/dompdb/1lyaB2 91.428571
/nfs/cathdata/dompdb/1rne02 80.000000
/nfs/cathdata/dompdb/1cms02 82.857143
/nfs/cathdata/dompdb/1smrA2 88.571429
/nfs/cathdata/dompdb/1psoE2 85.714286
/nfs/cathdata/dompdb/1htrB2 91.428571
/nfs/cathdata/dompdb/1jxrA2 85.714286
/data/pdb_release/all/pdb2cas.ent 88.571429
/nfs/cathdata/dompdb/1rthA1 62.857143
/data/pdb_release/all/pdb1har.ent 71.428571
/nfs/cathdata/dompdb/1mml01 65.714286
/data/pdb_release/all/pdb1pgx.ent 62.857143
/data/pdb_release/all/pdb4fgf.ent 81.428571
/tmp/1afgA0 81.428571
/data/pdb_release/all/pdb1i1b.ent 81.428571
/data/pdb_release/all/pdb8i1b.ent 84.285714
/tmp/1ilr10 84.285714
/data/pdb_release/all/pdb1hcd.ent 84.285714
/data/pdb_release/all/pdb1tie.ent 84.285714
/data/pdb_release/all/pdb1wbc.ent 88.571429
/nfs/cathdata/dompdb/2aaiB2 81.428571
/nfs/cathdata/dompdb/1abrB2 90.000000
/nfs/cathdata/dompdb/2aaiB1 81.428571
/nfs/cathdata/dompdb/1abrB1 78.571429
/tmp/1msaA0 81.428571
/nfs/cathdata/dompdb/1dlc03 80.000000
/tmp/1vmoA0 78.571429
/data/pdb_release/all/pdb1hxn.ent 88.571429
/nfs/cathdata/dompdb/1fbl02 85.714286
/data/pdb_release/all/pdb1rtg.ent 88.571429
/data/pdb_release/all/pdb1pex.ent 88.571429
/data/pdb_release/all/pdb2nn9.ent 84.285714
/data/pdb_release/all/pdb2bat.ent 81.428571
/tmp/1nscA0 81.428571
/data/pdb_release/all/pdb1inv.ent 81.428571
/data/pdb_release/all/pdb1sim.ent 82.857143
/tmp/2bbkH0 88.571429
/tmp/1mdaH0 91.428571
/tmp/2madH0 0.000000
/nfs/cathdata/dompdb/1gof02 91.428571
/tmp/3aahA0 94.285714
/nfs/cathdata/dompdb/1kapP1 81.428571
/nfs/cathdata/dompdb/1sat01 78.571429
/nfs/cathdata/dompdb/1lxa01 67.142857
/data/pdb_release/all/pdb2pec.ent 84.285714
/nfs/cathdata/dompdb/2taaA2 70.000000
/nfs/cathdata/dompdb/1ppi02 81.428571
/nfs/cathdata/dompdb/1bvp12 81.428571
/data/pdb_release/all/pdb1bcx.ent 81.428571
/tmp/1enxA0 84.285714
/data/pdb_release/all/pdb1xnd.ent 84.285714
/data/pdb_release/all/pdb1xyn.ent 84.285714
/data/pdb_release/all/pdb1yna.ent 84.285714
/tmp/2pcdA0 71.428571
/tmp/2pcdM0 85.714286
/nfs/cathdata/dompdb/1dlc02 81.428571
/nfs/cathdata/dompdb/1ciy03 81.428571
/nfs/cathdata/dompdb/1ddt03 84.285714
/tmp/1gff10 77.142857
/tmp/2bpa10 77.142857
/data/pdb_release/all/pdb1jbc.ent 81.428571
/data/pdb_release/all/pdb2cna.ent 88.571429
/nfs/cathdata/dompdb/1dhx04 72.857143
/tmp/4htcI0 28.571429
/data/pdb_release/all/pdb1hic.ent 42.857143
/nfs/cathdata/dompdb/1ecl03 88.571429
/data/pdb_release/all/pdb1htp.ent 88.571429
/tmp/1dupA0 91.428571
/nfs/cathdata/dompdb/1ggtA1 81.428571
/tmp/1tsrA0 88.571429
/data/pdb_release/all/pdb1gpr.ent 82.857143
/data/pdb_release/all/pdb1f3g.ent 94.285714
/nfs/cathdata/dompdb/1aozA3 85.714286
/nfs/cathdata/dompdb/1oacA3 85.714286
/nfs/cathdata/dompdb/1bglA5 82.857143
/nfs/cathdata/dompdb/1bglA1 94.285714
/tmp/1celA0 84.285714
/tmp/1afcA0 81.428571
/tmp/2plv20 88.571429
/tmp/1rhi20 88.571429
/data/pdb_release/all/pdb1pov.ent 91.428571
/tmp/1bmv10 91.428571
/tmp/4sbvA0 80.000000
/tmp/1smvA0 71.428571
/tmp/2tbvA0 91.428571
/tmp/2bbvA0 91.428571
/tmp/1bmv20 91.428571
/tmp/1tnfA0 78.571429
/tmp/1tnrA0 84.285714
/tmp/1hlcA0 81.428571
/tmp/1sltA0 81.428571
/tmp/2ltnA0 81.428571
/tmp/1lenA0 84.285714
/tmp/1lgcA0 84.285714
/data/pdb_release/all/pdb1lte.ent 84.285714
/data/pdb_release/all/pdb1sba.ent 84.285714
/data/pdb_release/all/pdb1gsl.ent 84.285714
/tmp/2pelA0 81.428571
/tmp/1fatA0 81.428571
/tmp/1ioaA0 88.571429
/tmp/1sacA0 81.428571
/tmp/1gnhA0 84.285714
/data/pdb_release/all/pdb2ayh.ent 84.285714
/data/pdb_release/all/pdb1cpm.ent 85.714286
/data/pdb_release/all/pdb1gbg.ent 84.285714
/nfs/cathdata/dompdb/1cgt02 81.428571
/nfs/cathdata/dompdb/1cdg02 81.428571
/nfs/cathdata/dompdb/1cyg02 78.571429
/nfs/cathdata/dompdb/1ciu02 78.571429
/nfs/cathdata/dompdb/1pamA2 81.428571
/nfs/cathdata/dompdb/2aaa02 78.571429
/nfs/cathdata/dompdb/1pnf02 81.428571
/data/pdb_release/all/pdb1knb.ent 81.428571
/tmp/1sluA0 78.571429
/nfs/cathdata/dompdb/1lla02 78.571429
/nfs/cathdata/dompdb/1svb01 84.285714
/data/pdb_release/all/pdb1cyw.ent 84.285714
/nfs/cathdata/dompdb/1hcz01 80.000000
/data/pdb_release/all/pdb1thw.ent 87.142857
/tmp/1cauB0 91.428571
/nfs/cathdata/dompdb/2phlA3 81.428571
/nfs/cathdata/dompdb/2phlA2 88.571429
/data/pdb_release/all/pdb2stv.ent 78.571429
/tmp/1bbt10 88.571429
/tmp/1pov10 91.428571
/tmp/1pvc10 91.428571
/tmp/1r0910 91.428571
/tmp/1rhi10 81.428571
/tmp/1tme10 94.285714
/tmp/2mev10 91.428571
/tmp/2bpa20 78.571429
/tmp/1gff20 84.285714
/tmp/1bbt30 88.571429
/tmp/1tme30 88.571429
/tmp/2mev30 88.571429
/tmp/1r0930 88.571429
/tmp/1pov30 88.571429
/tmp/1pvc30 88.571429
/tmp/1rhi30 88.571429
/tmp/1bbt20 88.571429
/tmp/1tme20 91.428571
/tmp/2mev20 91.428571
/tmp/1r0920 88.571429
/tmp/1pvc20 88.571429
/data/pdb_release/all/pdb1arn.ent 78.571429
/tmp/1aizA0 80.000000
/data/pdb_release/all/pdb1aaj.ent 70.000000
/nfs/cathdata/dompdb/1aozA1 81.428571
/nfs/cathdata/dompdb/1aozA2 80.000000
/nfs/cathdata/dompdb/1gof03 81.428571
/nfs/cathdata/dompdb/1nif01 84.285714
/nfs/cathdata/dompdb/1afnA1 78.571429
/nfs/cathdata/dompdb/1nif02 80.000000
/nfs/cathdata/dompdb/1ntd02 80.000000
/tmp/1eta10 77.142857
/tmp/1tfpA0 78.571429
/tmp/1sxaA0 81.428571
/tmp/1srdA0 81.428571
/data/pdb_release/all/pdb1jcv.ent 81.428571
/tmp/1sosA0 78.571429
/tmp/1xsoA0 78.571429
/data/pdb_release/all/pdb1akp.ent 77.142857
/data/pdb_release/all/pdb1acx.ent 81.428571
/data/pdb_release/all/pdb1noa.ent 81.428571
/data/pdb_release/all/pdb2mcm.ent 84.285714
/nfs/cathdata/dompdb/1clc01 81.428571
/nfs/cathdata/dompdb/1ctn01 84.285714
/data/pdb_release/all/pdb1exg.ent 81.428571
/nfs/cathdata/dompdb/1bglA4 78.571429
/nfs/cathdata/dompdb/1bglA2 78.571429
/nfs/cathdata/dompdb/1svcP3 78.571429
/nfs/cathdata/dompdb/1svb04 78.571429
/nfs/cathdata/dompdb/1gof01 70.000000
/nfs/cathdata/dompdb/2sblB1 70.000000
/nfs/cathdata/dompdb/1hplA2 84.285714
/nfs/cathdata/dompdb/1lpbB2 81.428571
/nfs/cathdata/dompdb/1pgs01 81.428571
/data/pdb_release/all/pdb1ten.ent 81.428571
/nfs/cathdata/dompdb/1fnf01 78.571429
/nfs/cathdata/dompdb/1fnf02 78.571429
/nfs/cathdata/dompdb/1fnf03 81.428571
/nfs/cathdata/dompdb/1cfb01 67.142857
/nfs/cathdata/dompdb/1cfb02 78.571429
/tmp/1wapA0 78.571429
/data/pdb_release/all/pdb1ncg.ent 81.428571
/data/pdb_release/all/pdb1suh.ent 78.571429
/nfs/cathdata/dompdb/1ggtA4 78.571429
/nfs/cathdata/dompdb/1cgt04 78.571429
/nfs/cathdata/dompdb/1cdg04 84.285714
/nfs/cathdata/dompdb/1cyg04 78.571429
/data/pdb_release/all/pdb1kul.ent 55.714286
/nfs/cathdata/dompdb/1ciu04 81.428571
/nfs/cathdata/dompdb/1pamA4 78.571429
/nfs/cathdata/dompdb/1cgt03 81.428571
/nfs/cathdata/dompdb/1cdg03 81.428571
/nfs/cathdata/dompdb/1cyg03 81.428571
/nfs/cathdata/dompdb/1ciu03 78.571429
/nfs/cathdata/dompdb/1pamA3 84.285714
/data/pdb_release/all/pdb1rsy.ent 77.142857
/data/pdb_release/all/pdb1plc.ent 77.142857
/data/pdb_release/all/pdb9pcy.ent 72.857143
/data/pdb_release/all/pdb2plt.ent 77.142857
/data/pdb_release/all/pdb7pcy.ent 91.428571
/data/pdb_release/all/pdb1pla.ent 78.571429
/data/pdb_release/all/pdb1nin.ent 67.142857
/data/pdb_release/all/pdb1paz.ent 81.428571
/data/pdb_release/all/pdb1pmy.ent 81.428571
/data/pdb_release/all/pdb1zia.ent 78.571429
/tmp/1adwA0 78.571429
/tmp/1vlxA0 78.571429
/nfs/cathdata/dompdb/1vgeH1 81.428571
/nfs/cathdata/dompdb/1yuhB1 81.428571
/nfs/cathdata/dompdb/1clyH1 81.428571
/nfs/cathdata/dompdb/1kelH1 81.428571
/nfs/cathdata/dompdb/1nldH1 88.571429
/nfs/cathdata/dompdb/1ghfH1 78.571429
/nfs/cathdata/dompdb/1ospH1 78.571429
/nfs/cathdata/dompdb/1mimH1 84.285714
/nfs/cathdata/dompdb/1cloH1 81.428571
/nfs/cathdata/dompdb/1plgL1 81.428571
/nfs/cathdata/dompdb/1ghfL1 81.428571
/nfs/cathdata/dompdb/1clzL1 81.428571
/nfs/cathdata/dompdb/1kelL1 84.285714
/nfs/cathdata/dompdb/1gafL1 78.571429
/nfs/cathdata/dompdb/1iaiL1 67.142857
/nfs/cathdata/dompdb/1aifA1 67.142857
/nfs/cathdata/dompdb/1vgeL1 81.428571
/nfs/cathdata/dompdb/1nldL1 78.571429
/nfs/cathdata/dompdb/1ospL1 78.571429
/nfs/cathdata/dompdb/1mimL1 81.428571
/nfs/cathdata/dompdb/1lilA1 81.428571
/nfs/cathdata/dompdb/1cloL1 81.428571
/nfs/cathdata/dompdb/1bec01 81.428571
/nfs/cathdata/dompdb/1tcrB1 81.428571
/data/pdb_release/all/pdb1tit.ent 70.000000
/data/pdb_release/all/pdb1cid.ent 84.285714
/data/pdb_release/all/pdb3cd4.ent 84.285714
/data/pdb_release/all/pdb1hoe.ent 67.142857
/nfs/cathdata/dompdb/3hhrB1 67.142857
/nfs/cathdata/dompdb/3hhrB2 67.142857
/nfs/cathdata/dompdb/1fieA3 68.571429
/nfs/cathdata/dompdb/1hft01 70.000000
/data/pdb_release/all/pdb1ttf.ent 78.571429
/nfs/cathdata/dompdb/1hilA1 78.571429
/nfs/cathdata/dompdb/1ggbL1 81.428571
/nfs/cathdata/dompdb/1gigL1 81.428571
/nfs/cathdata/dompdb/1mfeL1 84.285714
/nfs/cathdata/dompdb/1igfL1 81.428571
/nfs/cathdata/dompdb/1lmkA2 78.571429
/nfs/cathdata/dompdb/1mcbA1 81.428571
/nfs/cathdata/dompdb/1mlbA1 80.000000
/nfs/cathdata/dompdb/3hfmL1 84.285714
/nfs/cathdata/dompdb/1opgL1 81.428571
/nfs/cathdata/dompdb/1ncaL1 84.285714
/nfs/cathdata/dompdb/1tetL1 81.428571
/nfs/cathdata/dompdb/2fb4L1 78.571429
/nfs/cathdata/dompdb/2fbjL1 81.428571
/nfs/cathdata/dompdb/6fabL1 81.428571
/nfs/cathdata/dompdb/7fabL1 78.571429
/nfs/cathdata/dompdb/8fabA1 81.428571
/nfs/cathdata/dompdb/1eapA1 78.571429
/nfs/cathdata/dompdb/1figL1 81.428571
/nfs/cathdata/dompdb/1forL1 81.428571
/nfs/cathdata/dompdb/1ibgL1 81.428571
/nfs/cathdata/dompdb/1igcL1 81.428571
/nfs/cathdata/dompdb/1jelL1 81.428571
/nfs/cathdata/dompdb/1nsnL1 78.571429
/nfs/cathdata/dompdb/2gfbA1 81.428571
/tmp/1dvfC0 81.428571
/tmp/1dvfD0 78.571429
/data/pdb_release/all/pdb1vhp.ent 70.000000
/nfs/cathdata/dompdb/1gafH1 81.428571
/nfs/cathdata/dompdb/1iaiH1 78.571429
/nfs/cathdata/dompdb/1aifB1 81.428571
/nfs/cathdata/dompdb/1ngpH1 81.428571
/nfs/cathdata/dompdb/1plgH1 78.571429
/nfs/cathdata/dompdb/1mlbB1 78.571429
/nfs/cathdata/dompdb/2cgrH1 81.428571
/nfs/cathdata/dompdb/1eapB1 84.285714
/nfs/cathdata/dompdb/1faiH1 91.428571
/nfs/cathdata/dompdb/1fbiH1 81.428571
/nfs/cathdata/dompdb/1figH1 78.571429
/nfs/cathdata/dompdb/1forH1 78.571429
/nfs/cathdata/dompdb/1fptH1 81.428571
/nfs/cathdata/dompdb/1frgH1 81.428571
/nfs/cathdata/dompdb/1gigH1 81.428571
/nfs/cathdata/dompdb/1ibgH1 81.428571
/nfs/cathdata/dompdb/1igcH1 81.428571
/nfs/cathdata/dompdb/1igjB1 81.428571
/nfs/cathdata/dompdb/1ikfH1 84.285714
/nfs/cathdata/dompdb/1jelH1 81.428571
/nfs/cathdata/dompdb/1mrcH1 84.285714
/nfs/cathdata/dompdb/1nsnH1 84.285714
/nfs/cathdata/dompdb/1opgH1 81.428571
/nfs/cathdata/dompdb/1rmfH1 78.571429
/nfs/cathdata/dompdb/2fgwH1 81.428571
/nfs/cathdata/dompdb/2gfbB1 81.428571
/nfs/cathdata/dompdb/6fabH1 81.428571
/nfs/cathdata/dompdb/1acyL1 81.428571
/nfs/cathdata/dompdb/1bafL1 81.428571
/nfs/cathdata/dompdb/1bbdL1 81.428571
/nfs/cathdata/dompdb/1bqlL1 81.428571
/nfs/cathdata/dompdb/2cgrL1 84.285714
/nfs/cathdata/dompdb/1dbbL1 78.571429
/nfs/cathdata/dompdb/1dfbL1 81.428571
/nfs/cathdata/dompdb/1faiL1 81.428571
/nfs/cathdata/dompdb/1mamL1 81.428571
/nfs/cathdata/dompdb/1ikfL1 81.428571
/nfs/cathdata/dompdb/1frgL1 81.428571
/tmp/1wtlA0 81.428571
/tmp/1breA0 81.428571
/tmp/1fvcB0 81.428571
/tmp/1jhlH0 81.428571
/tmp/1vfaB0 78.571429
/tmp/1igmH0 78.571429
/tmp/1mfaL0 0.000000
/tmp/1fgvH0 81.428571
/tmp/1nmaH0 84.285714
/tmp/2bjl10 81.428571
/nfs/cathdata/dompdb/8fabB1 81.428571
/nfs/cathdata/dompdb/2fb4H1 78.571429
/nfs/cathdata/dompdb/1acyH1 81.428571
/nfs/cathdata/dompdb/1bbdH1 78.571429
/nfs/cathdata/dompdb/2hflH1 81.428571
/nfs/cathdata/dompdb/2fbjH1 84.285714
/nfs/cathdata/dompdb/1hilB1 78.571429
/nfs/cathdata/dompdb/1nbvH1 81.428571
/nfs/cathdata/dompdb/7fabH1 78.571429
/nfs/cathdata/dompdb/1indH1 78.571429
/nfs/cathdata/dompdb/1tetH1 81.428571
/nfs/cathdata/dompdb/1mamH1 81.428571
/nfs/cathdata/dompdb/1ncaH1 81.428571
/nfs/cathdata/dompdb/1dbbH1 84.285714
/nfs/cathdata/dompdb/1dfbH1 81.428571
/nfs/cathdata/dompdb/1flrH1 81.428571
/nfs/cathdata/dompdb/1ggbH1 84.285714
/nfs/cathdata/dompdb/1igfH1 81.428571
/nfs/cathdata/dompdb/1bafH1 81.428571
/nfs/cathdata/dompdb/3hfmH1 81.428571
/nfs/cathdata/dompdb/1mcpH1 78.571429
/nfs/cathdata/dompdb/1lmkA1 81.428571
/nfs/cathdata/dompdb/1mfbH1 81.428571
/nfs/cathdata/dompdb/1fc2D2 68.571429
/nfs/cathdata/dompdb/1gigL2 77.142857
/nfs/cathdata/dompdb/1kelL2 74.285714
/nfs/cathdata/dompdb/1gafL2 80.000000
/nfs/cathdata/dompdb/2fb4L2 77.142857
/nfs/cathdata/dompdb/1yuhB2 40.000000
/nfs/cathdata/dompdb/1clzH2 81.428571
/nfs/cathdata/dompdb/1fc2D1 77.142857
/nfs/cathdata/dompdb/1fruA2 84.285714
/tmp/1hsbB0 70.000000
/tmp/1mhcB0 67.142857
/tmp/1fruB0 67.142857
/data/pdb_release/all/pdb1bmg.ent 81.428571
/nfs/cathdata/dompdb/1dlhA2 67.142857
/nfs/cathdata/dompdb/1sebB2 67.142857
/nfs/cathdata/dompdb/1bec02 78.571429
/nfs/cathdata/dompdb/1vcaA2 81.428571
/data/pdb_release/all/pdb1tnm.ent 78.571429
/nfs/cathdata/dompdb/1vcaA1 84.285714
/data/pdb_release/all/pdb1tlk.ent 78.571429
/nfs/cathdata/dompdb/1hft02 91.428571
/data/pdb_release/all/pdb1cd8.ent 81.428571
/nfs/cathdata/dompdb/1igjA1 81.428571
/tmp/1nmbL0 81.428571
/data/pdb_release/all/pdb2rhe.ent 81.428571
/tmp/1fgvL0 78.571429
/data/pdb_release/all/pdb2imn.ent 80.000000
/tmp/1reiA0 81.428571
/tmp/1fvcA0 81.428571
/tmp/1igmL0 81.428571
/tmp/1jhlL0 84.285714
/tmp/1ivlA0 81.428571
/tmp/1vfaA0 81.428571
/data/pdb_release/all/pdb1pho.ent 88.571429
/data/pdb_release/all/pdb1omf.ent 88.571429
/data/pdb_release/all/pdb3bcl.ent 91.428571
/nfs/cathdata/dompdb/1amm01 81.428571
/nfs/cathdata/dompdb/1amm02 88.571429
/nfs/cathdata/dompdb/2bb202 75.714286
/nfs/cathdata/dompdb/2gcr01 81.428571
/nfs/cathdata/dompdb/2gcr02 78.571429
/nfs/cathdata/dompdb/1elpA1 81.428571
/nfs/cathdata/dompdb/1elpA2 82.857143
/nfs/cathdata/dompdb/2bb201 78.571429
/nfs/cathdata/dompdb/1prr01 85.714286
/nfs/cathdata/dompdb/1prr02 71.428571
/tmp/1mdaL0 78.571429
/tmp/2bbkL0 68.571429
/data/pdb_release/all/pdb1cdb.ent 52.857143
/nfs/cathdata/dompdb/1hngA1 81.428571
/tmp/1cdcA0 70.000000
/nfs/cathdata/dompdb/1hnf02 81.428571
/nfs/cathdata/dompdb/1hngA2 81.428571
/tmp/1mfaH0 0.000000
/nfs/cathdata/dompdb/2fbjH2 54.285714
/nfs/cathdata/dompdb/1mcpH2 81.428571
/nfs/cathdata/dompdb/1hocA2 48.571429
/nfs/cathdata/dompdb/1hsaA2 70.000000
/nfs/cathdata/dompdb/1vaaA2 67.142857
/nfs/cathdata/dompdb/1hsbA2 81.428571
/nfs/cathdata/dompdb/1mhcA2 67.142857
/nfs/cathdata/dompdb/8fabB2 70.000000
/nfs/cathdata/dompdb/1kelH2 78.571429
/nfs/cathdata/dompdb/1bbdH2 68.571429
/nfs/cathdata/dompdb/1ospH2 78.571429
/nfs/cathdata/dompdb/1eapB2 81.428571
/tmp/1lopA0 88.571429
/data/pdb_release/all/pdb2cpl.ent 85.714286
/tmp/1cynA0 85.714286
/tmp/2rmcA0 85.714286
/nfs/cathdata/dompdb/1bucA2 78.571429
/nfs/cathdata/dompdb/3mddA2 84.285714
/nfs/cathdata/dompdb/1kxf02 84.285714
/nfs/cathdata/dompdb/1vcpA2 84.285714
/tmp/1smpI0 88.571429
/nfs/cathdata/dompdb/1svcP1 84.285714
/tmp/1sriA0 81.428571
/tmp/1avdA0 78.571429
/data/pdb_release/all/pdb1hbq.ent 78.571429
/data/pdb_release/all/pdb1rbp.ent 78.571429
/tmp/1epaA0 84.285714
/tmp/1bbpA0 84.285714
/data/pdb_release/all/pdb1mup.ent 80.000000
/data/pdb_release/all/pdb1ifc.ent 84.285714
/data/pdb_release/all/pdb1hmr.ent 84.285714
/tmp/1opaA0 84.285714
/data/pdb_release/all/pdb1adl.ent 84.285714
/data/pdb_release/all/pdb1crb.ent 84.285714
/tmp/1cbiA0 84.285714
/tmp/1ftpA0 81.428571
/data/pdb_release/all/pdb1cbs.ent 81.428571
/tmp/1pmpA0 84.285714
/data/pdb_release/all/pdb1mdc.ent 84.285714
/nfs/cathdata/dompdb/7catA1 71.428571
/data/pdb_release/all/pdb1cae.ent 68.571429
/nfs/cathdata/dompdb/1dar02 81.428571
/nfs/cathdata/dompdb/1gtrA4 81.428571
/data/pdb_release/all/pdb1prn.ent 91.428571
/data/pdb_release/all/pdb2por.ent 91.428571
/nfs/cathdata/dompdb/1ppfE1 67.142857
/nfs/cathdata/dompdb/1svpA1 57.142857
/nfs/cathdata/dompdb/1vcpA1 62.857143
/nfs/cathdata/dompdb/1sgt02 67.142857
/nfs/cathdata/dompdb/1hylA1 78.571429
/nfs/cathdata/dompdb/1try02 61.428571
/nfs/cathdata/dompdb/1sgpE1 74.285714
/nfs/cathdata/dompdb/1hpgA1 62.857143
/nfs/cathdata/dompdb/2sga01 60.000000
/nfs/cathdata/dompdb/2alp01 70.000000
/nfs/cathdata/dompdb/1tal01 68.571429
/nfs/cathdata/dompdb/2sfa01 78.571429
/nfs/cathdata/dompdb/1arb02 85.714286
/nfs/cathdata/dompdb/1hylA2 88.571429
/nfs/cathdata/dompdb/1sgpE2 68.571429
/nfs/cathdata/dompdb/1gbaA2 70.000000
/nfs/cathdata/dompdb/1hpgA2 70.000000
/nfs/cathdata/dompdb/2sga02 70.000000
/nfs/cathdata/dompdb/1tal02 78.571429
/nfs/cathdata/dompdb/2sfa02 87.142857
/nfs/cathdata/dompdb/1arb01 75.714286
/nfs/cathdata/dompdb/1cnd01 67.142857
/nfs/cathdata/dompdb/1ndh01 68.571429
/nfs/cathdata/dompdb/2pia01 71.428571
/nfs/cathdata/dompdb/1fnb01 78.571429
/nfs/cathdata/dompdb/1que01 65.714286
/nfs/cathdata/dompdb/1pkm03 88.571429
/nfs/cathdata/dompdb/1pkn03 55.714286
/nfs/cathdata/dompdb/1pkyA3 91.428571
/nfs/cathdata/dompdb/1pkyC3 57.142857
/nfs/cathdata/dompdb/1eft02 78.571429
/nfs/cathdata/dompdb/1efuA2 81.428571
/data/pdb_release/all/pdb1clh.ent 72.857143
/tmp/1tcwA0 62.857143
/tmp/1cpiA0 62.857143
/tmp/2rspA0 81.428571
/nfs/cathdata/dompdb/1pnkB3 81.428571
/nfs/cathdata/dompdb/1eft03 67.142857
/nfs/cathdata/dompdb/1efuA3 67.142857
/tmp/1ucyE0 65.714286
/tmp/1aksB0 68.571429
/tmp/2pkaB0 88.571429
/nfs/cathdata/dompdb/1hcgA1 77.142857
/nfs/cathdata/dompdb/1thsH1 91.428571
/nfs/cathdata/dompdb/1brbE1 88.571429
/nfs/cathdata/dompdb/4ptp01 88.571429
/nfs/cathdata/dompdb/1mctA1 88.571429
/nfs/cathdata/dompdb/1etrH1 88.571429
/nfs/cathdata/dompdb/1bit01 88.571429
/nfs/cathdata/dompdb/1trnA1 88.571429
/nfs/cathdata/dompdb/1try01 88.571429
/nfs/cathdata/dompdb/5chaA1 91.428571
/nfs/cathdata/dompdb/1sgt01 85.714286
/nfs/cathdata/dompdb/1lmwB1 91.428571
/nfs/cathdata/dompdb/1elg01 88.571429
/nfs/cathdata/dompdb/1elt01 88.571429
/nfs/cathdata/dompdb/1ton01 72.857143
/tmp/1mtnC0 65.714286
/nfs/cathdata/dompdb/1tbs01 91.428571
/nfs/cathdata/dompdb/1pfxC1 91.428571
/nfs/cathdata/dompdb/1fonA1 88.571429
/nfs/cathdata/dompdb/1pytD1 88.571429
/nfs/cathdata/dompdb/1rtfB1 72.857143
/nfs/cathdata/dompdb/1fujA1 70.000000
/nfs/cathdata/dompdb/1dst01 88.571429
/nfs/cathdata/dompdb/3rp2A1 81.428571
/tmp/1ceaA0 28.571429
/tmp/1pmlA0 37.142857
/data/pdb_release/all/pdb1kdu.ent 40.000000
/data/pdb_release/all/pdb1krn.ent 28.571429
/data/pdb_release/all/pdb1bw3.ent 58.571429
/tmp/1ihvA0 57.142857
/nfs/cathdata/dompdb/1hcz02 42.857143
/data/pdb_release/all/pdb1lab.ent 40.000000
/data/pdb_release/all/pdb1bdo.ent 67.142857
/data/pdb_release/all/pdb1afp.ent 40.000000
/tmp/1bovA0 62.857143
/data/pdb_release/all/pdb1mjc.ent 60.000000
/data/pdb_release/all/pdb1csp.ent 57.142857
/data/pdb_release/all/pdb1krs.ent 65.714286
/nfs/cathdata/dompdb/1lylA1 62.857143
/nfs/cathdata/dompdb/1asyA1 68.571429
/data/pdb_release/all/pdb1bgh.ent 81.428571
/data/pdb_release/all/pdb1rip.ent 0.000000
/tmp/1prtD0 65.714286
/tmp/1prtF0 65.714286
/nfs/cathdata/dompdb/1tssA2 67.142857
/nfs/cathdata/dompdb/1prtB2 65.714286
/nfs/cathdata/dompdb/1prtC2 74.285714
/tmp/1ltsD0 68.571429
/tmp/1chbD0 68.571429
/data/pdb_release/all/pdb2sns.ent 71.428571
/nfs/cathdata/dompdb/1bco02 60.000000
/nfs/cathdata/dompdb/1esfA1 77.142857
/nfs/cathdata/dompdb/1sebD1 77.142857
/nfs/cathdata/dompdb/1se201 77.142857
/tmp/1fivA0 68.571429
/tmp/1idaA0 65.714286
/tmp/1hivA0 71.428571
/data/pdb_release/all/pdb1dro.ent 58.571429
/nfs/cathdata/dompdb/1hleA1 58.571429
/nfs/cathdata/dompdb/1ovaA1 72.857143
/nfs/cathdata/dompdb/1kauC1 84.285714
/nfs/cathdata/dompdb/2kauC1 67.142857
/tmp/1ucyH0 67.142857
/nfs/cathdata/dompdb/3rp2A2 71.428571
/nfs/cathdata/dompdb/1ihsH2 70.000000
/nfs/cathdata/dompdb/1gctA2 70.000000
/nfs/cathdata/dompdb/1elg02 70.000000
/nfs/cathdata/dompdb/1brbE2 71.428571
/nfs/cathdata/dompdb/4ptp02 55.714286
/nfs/cathdata/dompdb/1elt02 67.142857
/nfs/cathdata/dompdb/1hneE2 57.142857
/nfs/cathdata/dompdb/1mctA2 72.857143
/nfs/cathdata/dompdb/1etrH2 72.857143
/nfs/cathdata/dompdb/1bit02 67.142857
/nfs/cathdata/dompdb/1trnA2 71.428571
/nfs/cathdata/dompdb/1ton02 75.714286
/tmp/2pkaA0 58.571429
/tmp/1mtnB0 70.000000
/tmp/1aksA0 70.000000
/nfs/cathdata/dompdb/1tbs02 72.857143
/nfs/cathdata/dompdb/1pfxC2 71.428571
/nfs/cathdata/dompdb/1fonA2 78.571429
/nfs/cathdata/dompdb/1pytD2 68.571429
/nfs/cathdata/dompdb/1fujA2 67.142857
/nfs/cathdata/dompdb/1rtfB2 70.000000
/nfs/cathdata/dompdb/1dst02 80.000000
/nfs/cathdata/dompdb/1hcgA2 67.142857
/nfs/cathdata/dompdb/1lmwB2 60.000000
/data/pdb_release/all/pdb1pk4.ent 28.571429
/data/pdb_release/all/pdb2pf1.ent 44.285714
/data/pdb_release/all/pdb1ahl.ent 28.571429
/data/pdb_release/all/pdb1atx.ent 48.571429
/data/pdb_release/all/pdb1sh1.ent 51.428571
/data/pdb_release/all/pdb1apf.ent 28.571429
/nfs/cathdata/dompdb/1dar03 40.000000
/nfs/cathdata/dompdb/1elo03 14.285714
/data/pdb_release/all/pdb1tfi.ent 42.857143
/tmp/4sgbI0 40.000000
/data/pdb_release/all/pdb1tih.ent 40.000000
/nfs/cathdata/dompdb/1raaB2 51.428571
/nfs/cathdata/dompdb/2atcB2 0.000000
/nfs/cathdata/dompdb/1ytfD2 40.000000
/tmp/1ytfC0 42.857143
/data/pdb_release/all/pdb1sso.ent 47.142857
/data/pdb_release/all/pdb1sap.ent 60.000000
/data/pdb_release/all/pdb1hsp.ent 0.000000
/data/pdb_release/all/pdb1gfc.ent 28.571429
/tmp/1aboA0 55.714286
/tmp/1cskA0 54.285714
/tmp/1ckaA0 51.428571
/tmp/1gbrA0 54.285714
/data/pdb_release/all/pdb1shg.ent 55.714286
/tmp/1shfA0 57.142857
/tmp/1nloC0 40.000000
/data/pdb_release/all/pdb1pnj.ent 60.000000
/tmp/1semA0 55.714286
/nfs/cathdata/dompdb/1lckA1 55.714286
/data/pdb_release/all/pdb1tud.ent 60.000000
/data/pdb_release/all/pdb1tuc.ent 58.571429
/nfs/cathdata/dompdb/1ad5A1 58.571429
/data/pdb_release/all/pdb1pls.ent 71.428571
/tmp/1dynA0 75.714286
/data/pdb_release/all/pdb1btn.ent 81.428571
/tmp/1tgxA0 54.285714
/data/pdb_release/all/pdb1nea.ent 55.714286
/data/pdb_release/all/pdb1nor.ent 55.714286
/data/pdb_release/all/pdb1ntx.ent 54.285714
/data/pdb_release/all/pdb1fas.ent 55.714286
/tmp/1cdtA0 55.714286
/data/pdb_release/all/pdb2crs.ent 52.857143
/data/pdb_release/all/pdb1ntn.ent 62.857143
/data/pdb_release/all/pdb1tfs.ent 55.714286
/data/pdb_release/all/pdb1lsi.ent 40.000000
/nfs/cathdata/dompdb/1psi01 61.428571
/nfs/cathdata/dompdb/2achA2 71.428571
/tmp/1bi6H0 28.571429
/data/pdb_release/all/pdb1tpm.ent 55.714286
/nfs/cathdata/dompdb/1hfh01 42.857143
/data/pdb_release/all/pdb1hcc.ent 57.142857
/tmp/1lpbA0 51.428571
/nfs/cathdata/dompdb/1antI1 84.285714
/tmp/1hcnB0 57.142857
/tmp/1hcnA0 77.142857
/tmp/1pdgA0 67.142857
/data/pdb_release/all/pdb2tgi.ent 88.571429
/tmp/1klaA0 62.857143
/data/pdb_release/all/pdb1tgj.ent 85.714286
/data/pdb_release/all/pdb1bet.ent 78.571429
/tmp/1bndA0 78.571429
/tmp/1bndB0 70.000000
/data/pdb_release/all/pdb1fbr.ent 57.142857
/tmp/1umuA0 68.571429
/data/pdb_release/all/pdb1ctl.ent 51.428571
/data/pdb_release/all/pdb1iml.ent 54.285714
/nfs/cathdata/dompdb/1extB1 54.285714
/tmp/2kauB0 58.571429
/tmp/1rprA0 15.714286
/tmp/1fc2C0 18.571429
/tmp/1spzZ0 20.000000
/data/pdb_release/all/pdb1edi.ent 20.000000
/data/pdb_release/all/pdb2pdd.ent 15.714286
/data/pdb_release/all/pdb1bal.ent 18.571429
/tmp/1csbA0 15.714286
/tmp/1htrP0 18.571429
/nfs/cathdata/dompdb/1ilk02 22.857143
/data/pdb_release/all/pdb1bha.ent 22.857143
/nfs/cathdata/dompdb/1grj01 45.714286
/nfs/cathdata/dompdb/1sesA1 24.285714
/data/pdb_release/all/pdb1pdc.ent 28.571429
/tmp/2achB0 28.571429
/data/pdb_release/all/pdb1egf.ent 28.571429
/data/pdb_release/all/pdb1apo.ent 0.000000
/data/pdb_release/all/pdb1fsb.ent 28.571429
/data/pdb_release/all/pdb1hre.ent 0.000000
/data/pdb_release/all/pdb1yuf.ent 28.571429
/tmp/1hcgB0 54.285714
/data/pdb_release/all/pdb1ata.ent 54.285714
/nfs/cathdata/dompdb/1ncfA2 57.142857
/data/pdb_release/all/pdb1cdq.ent 48.571429
/tmp/1kbaA0 62.857143
/tmp/2abxA0 0.000000
/tmp/1abtA0 28.571429
/data/pdb_release/all/pdb3ebx.ent 52.857143
/data/pdb_release/all/pdb2ctx.ent 54.285714
/data/pdb_release/all/pdb2cdx.ent 40.000000
/tmp/1kxiA0 57.142857
/data/pdb_release/all/pdb1cre.ent 28.571429
/data/pdb_release/all/pdb1cod.ent 54.285714
/data/pdb_release/all/pdb1drs.ent 54.285714
/data/pdb_release/all/pdb1lki.ent 25.714286
/tmp/3inkC0 48.571429
/data/pdb_release/all/pdb1hgu.ent 27.142857
/data/pdb_release/all/pdb1huw.ent 30.000000
/tmp/3hhrA0 27.142857
/data/pdb_release/all/pdb1lpt.ent 27.142857
/data/pdb_release/all/pdb1lip.ent 28.571429
/data/pdb_release/all/pdb1mzm.ent 28.571429
/data/pdb_release/all/pdb1hyp.ent 22.857143
/nfs/cathdata/dompdb/1dlc01 28.571429
/nfs/cathdata/dompdb/1ciy01 37.142857
/tmp/1etrL0 14.285714
/tmp/1tbrJ0 18.571429
/tmp/3aahB0 14.285714
/tmp/4aahB0 14.285714
/tmp/1olgA0 14.285714
/tmp/2bbvD0 14.285714
/data/pdb_release/all/pdb2ifo.ent 14.285714
/tmp/1pfiA0 15.714286
/tmp/1junA0 14.285714
/data/pdb_release/all/pdb1tvs.ent 22.857143
/tmp/1ysaC0 14.285714
/data/pdb_release/all/pdb1aml.ent 18.571429
/data/pdb_release/all/pdb125d.ent 18.571429
/data/pdb_release/all/pdb1cld.ent 15.714286
/tmp/1d66A0 20.000000
/data/pdb_release/all/pdb1pyc.ent 15.714286
/nfs/cathdata/dompdb/1poxA4 15.714286
/tmp/1ltsC0 18.571429
/tmp/1xtcC0 18.571429
/tmp/1scmA0 18.571429
/tmp/1mdyB0 15.714286
/data/pdb_release/all/pdb1bct.ent 18.571429
/nfs/cathdata/dompdb/1pcrL2 22.857143
/nfs/cathdata/dompdb/1prcL2 25.714286
/nfs/cathdata/dompdb/1pcrM2 28.571429
/nfs/cathdata/dompdb/1prcM2 28.571429
/nfs/cathdata/dompdb/1dik05 24.285714
/tmp/1bcfA0 25.714286
/data/pdb_release/all/pdb1fha.ent 27.142857
/data/pdb_release/all/pdb1ier.ent 32.857143
/data/pdb_release/all/pdb1rcc.ent 30.000000
/tmp/2ccyA0 25.714286
/data/pdb_release/all/pdb1cpq.ent 25.714286
/tmp/1bbhA0 24.285714
/data/pdb_release/all/pdb1cgn.ent 28.571429
/data/pdb_release/all/pdb1lpe.ent 25.714286
/data/pdb_release/all/pdb2asr.ent 22.857143
/data/pdb_release/all/pdb1vls.ent 25.714286
/data/pdb_release/all/pdb1aep.ent 28.571429
/tmp/256bA0 22.857143
/tmp/2hmqA0 21.428571
/data/pdb_release/all/pdb2mhr.ent 21.428571
/tmp/2tmvP0 37.142857
/tmp/1rmvA0 21.428571
/nfs/cathdata/dompdb/2ilk01 27.142857
/nfs/cathdata/dompdb/1vlk01 25.714286
/nfs/cathdata/dompdb/1bucA3 25.714286
/nfs/cathdata/dompdb/3mddA3 25.714286
/nfs/cathdata/dompdb/1chkA1 50.000000
/data/pdb_release/all/pdb1lis.ent 25.714286
/data/pdb_release/all/pdb1rcb.ent 47.142857
/tmp/1gmfA0 50.000000
/tmp/1bgeA0 25.714286
/tmp/1rhgA0 25.714286
/data/pdb_release/all/pdb1bgc.ent 27.142857
/nfs/cathdata/dompdb/1whtA2 20.000000
/data/pdb_release/all/pdb2erl.ent 20.000000
/nfs/cathdata/dompdb/1ytfD1 15.714286
/nfs/cathdata/dompdb/1mtyG1 20.000000
/nfs/cathdata/dompdb/1mhyG1 20.000000
/tmp/1ecmA0 20.000000
/nfs/cathdata/dompdb/1lxa02 21.428571
/data/pdb_release/all/pdb1acp.ent 27.142857
/data/pdb_release/all/pdb1aca.ent 21.428571
/nfs/cathdata/dompdb/1pcrM1 24.285714
/nfs/cathdata/dompdb/1prcM1 20.000000
/nfs/cathdata/dompdb/1pcrL1 50.000000
/nfs/cathdata/dompdb/1prcL1 22.857143
/nfs/cathdata/dompdb/3sdpA1 20.000000
/nfs/cathdata/dompdb/1mngA1 27.142857
/nfs/cathdata/dompdb/1svcP2 20.000000
/nfs/cathdata/dompdb/1nfkA2 18.571429
/nfs/cathdata/dompdb/1mtyG2 21.428571
/nfs/cathdata/dompdb/1mhyG2 22.857143
/nfs/cathdata/dompdb/2minB4 20.000000
/nfs/cathdata/dompdb/1mioB3 22.857143
/data/pdb_release/all/pdb1poc.ent 57.142857
/data/pdb_release/all/pdb1ppa.ent 27.142857
/data/pdb_release/all/pdb1poa.ent 48.571429
/data/pdb_release/all/pdb4bp2.ent 50.000000
/data/pdb_release/all/pdb1pod.ent 50.000000
/tmp/3p2pA0 48.571429
/tmp/1pp2L0 47.142857
/tmp/1clpA0 50.000000
/tmp/1bunA0 50.000000
/data/pdb_release/all/pdb1psj.ent 47.142857
/data/pdb_release/all/pdb1ae7.ent 45.714286
/nfs/cathdata/dompdb/1bmtA1 25.714286
/data/pdb_release/all/pdb1lmq.ent 44.285714
/data/pdb_release/all/pdb1jug.ent 48.571429
/data/pdb_release/all/pdb119l.ent 55.714286
/nfs/cathdata/dompdb/1bucA1 28.571429
/nfs/cathdata/dompdb/3mddA1 27.142857
/nfs/cathdata/dompdb/1oxa02 31.428571
/nfs/cathdata/dompdb/1grl01 60.000000
/nfs/cathdata/dompdb/1aorA2 62.857143
/nfs/cathdata/dompdb/2pgd02 31.428571
/nfs/cathdata/dompdb/1dnpA3 30.000000
/nfs/cathdata/dompdb/1csc01 48.571429
/tmp/1csmA0 28.571429
/nfs/cathdata/dompdb/1aorA3 31.428571
/data/pdb_release/all/pdb1fps.ent 32.857143
/nfs/cathdata/dompdb/1clc02 71.428571
/tmp/1ribA0 51.428571
/tmp/1mmoB0 34.285714
/tmp/1mhyB0 32.857143
/nfs/cathdata/dompdb/1cpt02 57.142857
/data/pdb_release/all/pdb1phb.ent 80.000000
/tmp/2bmhA0 82.857143
/nfs/cathdata/dompdb/1lla01 51.428571
/tmp/1mhlC0 62.857143
/tmp/1mtyD0 55.714286
/tmp/1mhyD0 50.000000
/nfs/cathdata/dompdb/2sblB2 70.000000
/data/pdb_release/all/pdb1lnh.ent 81.428571
/data/pdb_release/all/pdb1ehs.ent 18.571429
/tmp/2spcA0 15.714286
/tmp/1ytfB0 18.571429
/nfs/cathdata/dompdb/1pnkA2 15.714286
/data/pdb_release/all/pdb1aty.ent 22.857143
/nfs/cathdata/dompdb/1dloA3 57.142857
/tmp/1ithA0 28.571429
/tmp/1cpcA0 32.857143
/tmp/1cpcB0 34.285714
/tmp/1allA0 31.428571
/tmp/1allB0 27.142857
/tmp/1colA0 32.857143
/nfs/cathdata/dompdb/1ddt02 31.428571
/nfs/cathdata/dompdb/3blm02 48.571429
/nfs/cathdata/dompdb/1mblA2 45.714286
/nfs/cathdata/dompdb/1btl02 27.142857
/nfs/cathdata/dompdb/1ckiA2 32.857143
/nfs/cathdata/dompdb/1csn02 27.142857
/nfs/cathdata/dompdb/1apmE1 51.428571
/nfs/cathdata/dompdb/1irk02 51.428571
/nfs/cathdata/dompdb/1ad5A4 48.571429
/nfs/cathdata/dompdb/1aru01 31.428571
/nfs/cathdata/dompdb/1llp01 30.000000
/nfs/cathdata/dompdb/1mnp01 25.714286
/nfs/cathdata/dompdb/1qpaA1 31.428571
/nfs/cathdata/dompdb/1cca01 31.428571
/nfs/cathdata/dompdb/1apxA1 30.000000
/nfs/cathdata/dompdb/1schA1 24.285714
/data/pdb_release/all/pdb153l.ent 31.428571
/data/pdb_release/all/pdb1baa.ent 41.428571
/nfs/cathdata/dompdb/1cnsA1 30.000000
/data/pdb_release/all/pdb135l.ent 50.000000
/data/pdb_release/all/pdb2ihl.ent 50.000000
/data/pdb_release/all/pdb1lz1.ent 47.142857
/data/pdb_release/all/pdb1hhl.ent 47.142857
/tmp/1ghlA0 47.142857
/data/pdb_release/all/pdb2eql.ent 45.714286
/data/pdb_release/all/pdb1alc.ent 50.000000
/data/pdb_release/all/pdb1hml.ent 50.000000
/tmp/1thbA0 32.857143
/tmp/1hdsA0 31.428571
/tmp/1hdsB0 28.571429
/tmp/2mhbA0 30.000000
/tmp/1fdhG0 31.428571
/tmp/1hbhA0 30.000000
/tmp/1hdaA0 32.857143
/tmp/1babB0 31.428571
/data/pdb_release/all/pdb2lhb.ent 31.428571
/tmp/1hbhB0 31.428571
/tmp/1hdaB0 28.571429
/tmp/1pghA0 30.000000
/tmp/1pghB0 34.285714
/tmp/1ibeB0 30.000000
/tmp/1outA0 32.857143
/tmp/1outB0 28.571429
/tmp/1spgA0 30.000000
/tmp/1spgB0 31.428571
/data/pdb_release/all/pdb1flp.ent 31.428571
/data/pdb_release/all/pdb1lhs.ent 34.285714
/data/pdb_release/all/pdb1bvd.ent 37.142857
/data/pdb_release/all/pdb1ymb.ent 30.000000
/data/pdb_release/all/pdb1mbs.ent 34.285714
/data/pdb_release/all/pdb2mm1.ent 28.571429
/data/pdb_release/all/pdb1emy.ent 31.428571
/tmp/1mygA0 31.428571
/data/pdb_release/all/pdb1myt.ent 31.428571
/data/pdb_release/all/pdb1eca.ent 31.428571
/tmp/1sctA0 30.000000
/tmp/1sctB0 31.428571
/tmp/3sdhA0 28.571429
/data/pdb_release/all/pdb1mba.ent 28.571429
/data/pdb_release/all/pdb1ash.ent 30.000000
/nfs/cathdata/dompdb/1fcdC2 25.714286
/tmp/2mtaC0 28.571429
/nfs/cathdata/dompdb/2abk02 24.285714
/nfs/cathdata/dompdb/1npc02 47.142857
/nfs/cathdata/dompdb/1ezm02 32.857143
/nfs/cathdata/dompdb/2tmnE2 51.428571
/nfs/cathdata/dompdb/1dnpA2 28.571429
/nfs/cathdata/dompdb/1gia02 27.142857
/nfs/cathdata/dompdb/1tadA2 28.571429
/nfs/cathdata/dompdb/7catA2 31.428571
/nfs/cathdata/dompdb/1cca02 48.571429
/nfs/cathdata/dompdb/1apxA2 30.000000
/nfs/cathdata/dompdb/1aru02 30.000000
/nfs/cathdata/dompdb/1llp02 30.000000
/nfs/cathdata/dompdb/1mnp02 30.000000
/nfs/cathdata/dompdb/1qpaA2 30.000000
/nfs/cathdata/dompdb/1schA2 51.428571
/tmp/1rfbA0 30.000000
/nfs/cathdata/dompdb/1pnkA1 48.571429
/data/pdb_release/all/pdb1end.ent 22.857143
/nfs/cathdata/dompdb/1gly01 52.857143
/nfs/cathdata/dompdb/1ecl02 50.000000
/data/pdb_release/all/pdb1sra.ent 28.571429
/nfs/cathdata/dompdb/1prcC2 28.571429
/nfs/cathdata/dompdb/1prcC1 25.714286
/nfs/cathdata/dompdb/1vsgA2 28.571429
/nfs/cathdata/dompdb/1gly02 38.571429
/nfs/cathdata/dompdb/1pnkB4 50.000000
/data/pdb_release/all/pdb1hlm.ent 28.571429
/data/pdb_release/all/pdb1hlb.ent 32.857143
/data/pdb_release/all/pdb1hbg.ent 31.428571
/data/pdb_release/all/pdb1gdj.ent 28.571429
/tmp/1binA0 30.000000
/nfs/cathdata/dompdb/1osa02 22.857143
/nfs/cathdata/dompdb/1wdcC2 48.571429
/nfs/cathdata/dompdb/1tnw02 22.857143
/tmp/1cnpA0 22.857143
/tmp/1symA0 27.142857
/tmp/1tcoB0 28.571429
/nfs/cathdata/dompdb/1scmC1 24.285714
/nfs/cathdata/dompdb/1wdcB1 24.285714
/nfs/cathdata/dompdb/1rec01 0.000000
/nfs/cathdata/dompdb/1rec02 31.428571
/data/pdb_release/all/pdb2sas.ent 30.000000
/tmp/2scpA0 28.571429
/data/pdb_release/all/pdb155c.ent 35.714286
/data/pdb_release/all/pdb1ycc.ent 25.714286
/data/pdb_release/all/pdb1ccr.ent 25.714286
/tmp/5cytR0 27.142857
/data/pdb_release/all/pdb1yeb.ent 24.285714
/data/pdb_release/all/pdb1hrc.ent 24.285714
/data/pdb_release/all/pdb1cry.ent 25.714286
/data/pdb_release/all/pdb1cot.ent 35.714286
/data/pdb_release/all/pdb3c2c.ent 25.714286
/tmp/1c2rA0 35.714286
/data/pdb_release/all/pdb1cxc.ent 37.142857
/data/pdb_release/all/pdb1yea.ent 27.142857
/tmp/1hroA0 24.285714
/data/pdb_release/all/pdb1dvh.ent 25.714286
/data/pdb_release/all/pdb351c.ent 24.285714
/data/pdb_release/all/pdb1cor.ent 28.571429
/data/pdb_release/all/pdb1cch.ent 28.571429
/nfs/cathdata/dompdb/1fcdC1 24.285714
/data/pdb_release/all/pdb1cc5.ent 25.714286
/data/pdb_release/all/pdb1cyi.ent 25.714286
/data/pdb_release/all/pdb1ctj.ent 28.571429
/nfs/cathdata/dompdb/6gsvA2 24.285714
/nfs/cathdata/dompdb/1gta02 25.714286
/nfs/cathdata/dompdb/1hna02 25.714286
/nfs/cathdata/dompdb/2gsq02 24.285714
/nfs/cathdata/dompdb/1gseA2 25.714286
/nfs/cathdata/dompdb/1bpb01 21.428571
/nfs/cathdata/dompdb/1taq02 18.571429
/nfs/cathdata/dompdb/9icwA2 22.857143
/nfs/cathdata/dompdb/1ecl04 24.285714
/nfs/cathdata/dompdb/1adeA2 24.285714
/nfs/cathdata/dompdb/1atnA3 48.571429
/nfs/cathdata/dompdb/1oxa03 25.714286
/data/pdb_release/all/pdb1hmx.ent 47.142857
/nfs/cathdata/dompdb/2abk01 28.571429
/nfs/cathdata/dompdb/1gln04 30.000000
/nfs/cathdata/dompdb/2tct02 27.142857
/tmp/1hulA0 28.571429
/data/pdb_release/all/pdb1coo.ent 28.571429
/nfs/cathdata/dompdb/1wdcB2 22.857143
/data/pdb_release/all/pdb1bod.ent 24.285714
/data/pdb_release/all/pdb1cb1.ent 22.857143
/data/pdb_release/all/pdb4icb.ent 28.571429
/data/pdb_release/all/pdb1cmf.ent 24.285714
/nfs/cathdata/dompdb/1ncx01 47.142857
/data/pdb_release/all/pdb1cfc.ent 50.000000
/data/pdb_release/all/pdb1tnx.ent 31.428571
/data/pdb_release/all/pdb1rro.ent 27.142857
/data/pdb_release/all/pdb4cpv.ent 27.142857
/data/pdb_release/all/pdb5pal.ent 32.857143
/data/pdb_release/all/pdb1pal.ent 32.857143
/tmp/1rtp10 31.428571
/tmp/1pvaA0 28.571429
/nfs/cathdata/dompdb/1osa01 24.285714
/nfs/cathdata/dompdb/1avhA1 25.714286
/nfs/cathdata/dompdb/2ran01 25.714286
/nfs/cathdata/dompdb/1ala02 25.714286
/nfs/cathdata/dompdb/1hvd02 25.714286
/nfs/cathdata/dompdb/1ala04 25.714286
/nfs/cathdata/dompdb/1ann04 25.714286
/nfs/cathdata/dompdb/1avhA4 25.714286
/nfs/cathdata/dompdb/1axn01 25.714286
/nfs/cathdata/dompdb/1axn03 25.714286
/nfs/cathdata/dompdb/1axn02 25.714286
/nfs/cathdata/dompdb/1ala03 22.857143
/nfs/cathdata/dompdb/1ann03 28.571429
/nfs/cathdata/dompdb/1hvd03 25.714286
/nfs/cathdata/dompdb/2ran03 25.714286
/nfs/cathdata/dompdb/1axn04 25.714286
/nfs/cathdata/dompdb/1csc02 31.428571
/nfs/cathdata/dompdb/1csh02 31.428571
/nfs/cathdata/dompdb/2cts02 31.428571
/nfs/cathdata/dompdb/1tyaE2 25.714286
/nfs/cathdata/dompdb/1bvp11 28.571429
/data/pdb_release/all/pdb1neq.ent 25.714286
/nfs/cathdata/dompdb/1octC1 24.285714
/data/pdb_release/all/pdb1r69.ent 28.571429
/data/pdb_release/all/pdb2cro.ent 25.714286
/data/pdb_release/all/pdb1adr.ent 25.714286
/tmp/1lmb30 25.714286
/nfs/cathdata/dompdb/2yhx01 25.714286
/nfs/cathdata/dompdb/2bpfA1 25.714286
/nfs/cathdata/dompdb/1bgw03 22.857143
/nfs/cathdata/dompdb/1adt01 25.714286
/nfs/cathdata/dompdb/1glqA2 24.285714
/nfs/cathdata/dompdb/2gsrA2 24.285714
/nfs/cathdata/dompdb/1gssA2 24.285714
/data/pdb_release/all/pdb1erd.ent 15.714286
/nfs/cathdata/dompdb/1dtr02 20.000000
/tmp/1lccA0 22.857143
/nfs/cathdata/dompdb/1pnrA1 27.142857
/data/pdb_release/all/pdb1uxd.ent 22.857143
/nfs/cathdata/dompdb/2phlA1 18.571429
/nfs/cathdata/dompdb/2phlA4 20.000000
/tmp/6insE0 20.000000
/data/pdb_release/all/pdb2gf1.ent 20.000000
/data/pdb_release/all/pdb1igl.ent 15.714286
/data/pdb_release/all/pdb1bip.ent 24.285714
/data/pdb_release/all/pdb1c5a.ent 24.285714
/data/pdb_release/all/pdb1kjs.ent 25.714286
/tmp/1cmbA0 20.000000
/nfs/cathdata/dompdb/1gln03 21.428571
/nfs/cathdata/dompdb/1serA1 24.285714
/nfs/cathdata/dompdb/1bvp13 24.285714
/nfs/cathdata/dompdb/1dmb03 45.714286
/nfs/cathdata/dompdb/1dik02 22.857143
/nfs/cathdata/dompdb/9pap02 20.000000
/nfs/cathdata/dompdb/1aec02 24.285714
/nfs/cathdata/dompdb/1gecE2 24.285714
/nfs/cathdata/dompdb/2act02 24.285714
/nfs/cathdata/dompdb/1ppo02 20.000000
/nfs/cathdata/dompdb/1yal02 22.857143
/nfs/cathdata/dompdb/1theA2 22.857143
/nfs/cathdata/dompdb/1csbB1 20.000000
/nfs/cathdata/dompdb/2bltA2 22.857143
/data/pdb_release/all/pdb1utg.ent 22.857143
/data/pdb_release/all/pdb1ccd.ent 22.857143
/nfs/cathdata/dompdb/1ala01 25.714286
/nfs/cathdata/dompdb/1ann01 25.714286
/nfs/cathdata/dompdb/1ann02 25.714286
/tmp/1fliA0 22.857143
/data/pdb_release/all/pdb1etc.ent 35.714286
/tmp/1sttA0 67.142857
/data/pdb_release/all/pdb2hts.ent 45.714286
/data/pdb_release/all/pdb1hks.ent 18.571429
/data/pdb_release/all/pdb1enh.ent 20.000000
/data/pdb_release/all/pdb1ftz.ent 20.000000
/data/pdb_release/all/pdb1ftt.ent 22.857143
/tmp/1ahdP0 22.857143
/tmp/1fjlA0 20.000000
/data/pdb_release/all/pdb1vnd.ent 22.857143
/data/pdb_release/all/pdb1hdp.ent 20.000000
/data/pdb_release/all/pdb1ocp.ent 20.000000
/data/pdb_release/all/pdb1pog.ent 22.857143
/tmp/1yrnA0 20.000000
/tmp/1hcrA0 20.000000
/data/pdb_release/all/pdb1res.ent 20.000000
/data/pdb_release/all/pdb1lfb.ent 20.000000
/data/pdb_release/all/pdb2lfb.ent 20.000000
/tmp/1yrnB0 24.285714
/tmp/1fiaA0 24.285714
/data/pdb_release/all/pdb1mbe.ent 22.857143
/data/pdb_release/all/pdb1mbg.ent 22.857143
/data/pdb_release/all/pdb1mbj.ent 20.000000
/tmp/2wrpR0 27.142857
/nfs/cathdata/dompdb/2tct01 24.285714
/tmp/1bfmA0 22.857143
/tmp/1hryA0 20.000000
/data/pdb_release/all/pdb1hsm.ent 20.000000
/data/pdb_release/all/pdb1hma.ent 22.857143
/data/pdb_release/all/pdb1hme.ent 20.000000
/data/pdb_release/all/pdb1aab.ent 20.000000
/tmp/1trlA0 20.000000
/tmp/1mylA0 18.571429
/tmp/1parA0 18.571429
/tmp/1mntA0 24.285714
/data/pdb_release/all/pdb1lea.ent 48.571429
/tmp/1hstA0 48.571429
/data/pdb_release/all/pdb1ghc.ent 20.000000
/nfs/cathdata/dompdb/1dprA1 24.285714
/nfs/cathdata/dompdb/1bia01 45.714286
/nfs/cathdata/dompdb/1berA2 57.142857
/nfs/cathdata/dompdb/1pdnC1 45.714286
/nfs/cathdata/dompdb/1pdnC2 22.857143
