/tmp/2ltnB0 20.000000
/tmp/1lenB0 20.000000
/tmp/1lgcB0 0.000000
/nfs/cathdata/dompdb/1lyaB1 20.000000
/tmp/1aayA0 24.000000
/tmp/1ubdC0 30.000000
/tmp/1meyC0 26.000000
/tmp/2drpA0 58.000000
/tmp/1pyaA0 26.000000
/tmp/1hueA0 58.000000
/tmp/1wtuA0 58.000000
/tmp/1ihfA0 78.000000
/tmp/1ihfB0 74.000000
/nfs/cathdata/dompdb/1prcH1 64.000000
/nfs/cathdata/dompdb/1pcrH1 60.000000
/data/pdb_release/all/pdb4mt2.ent 0.000000
/data/pdb_release/all/pdb1tiv.ent 0.000000
/data/pdb_release/all/pdb1zaq.ent 0.000000
/data/pdb_release/all/pdb1iva.ent 0.000000
/data/pdb_release/all/pdb1agg.ent 36.000000
/data/pdb_release/all/pdb1cfh.ent 0.000000
/data/pdb_release/all/pdb1cfi.ent 0.000000
/data/pdb_release/all/pdb1aaf.ent 0.000000
/data/pdb_release/all/pdb2ech.ent 0.000000
/data/pdb_release/all/pdb1fvl.ent 20.000000
/data/pdb_release/all/pdb1kst.ent 40.000000
/tmp/1r0940 20.000000
/tmp/2plv40 56.000000
/tmp/1pvc40 56.000000
/tmp/1bbt40 22.000000
/tmp/1tme40 20.000000
/tmp/2mev40 20.000000
/tmp/1tabI0 40.000000
/data/pdb_release/all/pdb1pi2.ent 44.000000
/data/pdb_release/all/pdb1bbi.ent 58.000000
/nfs/cathdata/dompdb/1pcp01 20.000000
/nfs/cathdata/dompdb/2pspA2 20.000000
/nfs/cathdata/dompdb/1gcb01 76.000000
/nfs/cathdata/dompdb/1fieA2 80.000000
/nfs/cathdata/dompdb/1lgr01 88.000000
/nfs/cathdata/dompdb/1abbA1 78.000000
/nfs/cathdata/dompdb/1ygpA1 78.000000
/nfs/cathdata/dompdb/1pgd03 20.000000
/data/pdb_release/all/pdb1ldl.ent 36.000000
/data/pdb_release/all/pdb1ldr.ent 0.000000
/data/pdb_release/all/pdb1tap.ent 60.000000
/data/pdb_release/all/pdb5pti.ent 60.000000
/tmp/1aapA0 56.000000
/data/pdb_release/all/pdb1dtx.ent 56.000000
/data/pdb_release/all/pdb1dtk.ent 60.000000
/data/pdb_release/all/pdb1shp.ent 60.000000
/tmp/1brbI0 52.000000
/data/pdb_release/all/pdb1knt.ent 56.000000
/data/pdb_release/all/pdb1dem.ent 56.000000
/tmp/1bunB0 52.000000
/data/pdb_release/all/pdb1hnr.ent 20.000000
/tmp/1mhlA0 26.000000
/nfs/cathdata/dompdb/1gal02 22.000000
/nfs/cathdata/dompdb/1inp01 62.000000
/nfs/cathdata/dompdb/1rtc02 58.000000
/nfs/cathdata/dompdb/1apa02 62.000000
/nfs/cathdata/dompdb/1pafA2 62.000000
/nfs/cathdata/dompdb/1mrg02 62.000000
/nfs/cathdata/dompdb/1mrj02 66.000000
/nfs/cathdata/dompdb/1abrA2 62.000000
/tmp/1isuA0 20.000000
/data/pdb_release/all/pdb1hip.ent 52.000000
/tmp/2hipA0 36.000000
/data/pdb_release/all/pdb1hpi.ent 56.000000
/data/pdb_release/all/pdb1bbo.ent 20.000000
/nfs/cathdata/dompdb/1adt02 88.000000
/tmp/1abmA0 82.000000
/tmp/1idsA0 64.000000
/tmp/1isaA0 62.000000
/nfs/cathdata/dompdb/1vsgA1 76.000000
/tmp/1hmpA0 84.000000
/nfs/cathdata/dompdb/1adeA3 92.000000
/nfs/cathdata/dompdb/1qorA1 88.000000
/nfs/cathdata/dompdb/3btoA1 88.000000
/nfs/cathdata/dompdb/1dehA1 88.000000
/nfs/cathdata/dompdb/1cdoA1 88.000000
/nfs/cathdata/dompdb/1tehA1 80.000000
/nfs/cathdata/dompdb/1agnA1 92.000000
/tmp/1yptA0 82.000000
/data/pdb_release/all/pdb2hnp.ent 92.000000
/nfs/cathdata/dompdb/1yfoA1 92.000000
/tmp/1vhrA0 74.000000
/data/pdb_release/all/pdb1gpc.ent 92.000000
/nfs/cathdata/dompdb/1bgw05 88.000000
/nfs/cathdata/dompdb/1jetA1 84.000000
/nfs/cathdata/dompdb/1glaG1 92.000000
/nfs/cathdata/dompdb/1hgeA1 84.000000
/tmp/1ltsA0 84.000000
/tmp/1xtcA0 80.000000
/tmp/1tiiA0 84.000000
/tmp/1prtA0 76.000000
/nfs/cathdata/dompdb/1admA2 82.000000
/nfs/cathdata/dompdb/1chmA2 84.000000
/data/pdb_release/all/pdb1mat.ent 82.000000
/data/pdb_release/all/pdb1pbn.ent 78.000000
/data/pdb_release/all/pdb1ula.ent 80.000000
/tmp/1ecpA0 88.000000
/nfs/cathdata/dompdb/1dhx03 76.000000
/data/pdb_release/all/pdb2cyr.ent 64.000000
/data/pdb_release/all/pdb1wad.ent 56.000000
/data/pdb_release/all/pdb1czj.ent 64.000000
/tmp/1htmB0 24.000000
/nfs/cathdata/dompdb/1berA1 74.000000
/nfs/cathdata/dompdb/1dhx02 50.000000
/nfs/cathdata/dompdb/1gln02 78.000000
/nfs/cathdata/dompdb/1gtrA2 78.000000
/nfs/cathdata/dompdb/1prcH2 74.000000
/nfs/cathdata/dompdb/4rcrH2 74.000000
/nfs/cathdata/dompdb/1oxa01 84.000000
/nfs/cathdata/dompdb/1cpt01 88.000000
/nfs/cathdata/dompdb/1gcb02 60.000000
/data/pdb_release/all/pdb1mut.ent 84.000000
/data/pdb_release/all/pdb1pyp.ent 78.000000
/data/pdb_release/all/pdb2prd.ent 82.000000
/tmp/1eipA0 78.000000
/nfs/cathdata/dompdb/1ordA4 70.000000
/nfs/cathdata/dompdb/2cmd02 78.000000
/nfs/cathdata/dompdb/1mldA2 74.000000
/nfs/cathdata/dompdb/6ldh02 64.000000
/nfs/cathdata/dompdb/1llc02 88.000000
/nfs/cathdata/dompdb/1lldA2 60.000000
/nfs/cathdata/dompdb/2ldx02 82.000000
/nfs/cathdata/dompdb/3ldh02 68.000000
/nfs/cathdata/dompdb/5ldh02 64.000000
/nfs/cathdata/dompdb/9ldtA2 60.000000
/nfs/cathdata/dompdb/1ldb02 64.000000
/nfs/cathdata/dompdb/1hyhA2 60.000000
/nfs/cathdata/dompdb/4mdhA2 76.000000
/nfs/cathdata/dompdb/1bdmA2 76.000000
/nfs/cathdata/dompdb/1dctA2 58.000000
/tmp/1regX0 74.000000
/nfs/cathdata/dompdb/2bltA1 80.000000
/data/pdb_release/all/pdb1xaa.ent 82.000000
/data/pdb_release/all/pdb1xac.ent 78.000000
/tmp/1alkA0 70.000000
/data/pdb_release/all/pdb1lpp.ent 82.000000
/data/pdb_release/all/pdb1thg.ent 82.000000
/tmp/1cleA0 80.000000
/data/pdb_release/all/pdb1ace.ent 92.000000
/nfs/cathdata/dompdb/3ladA2 78.000000
/nfs/cathdata/dompdb/1lpfA2 78.000000
/nfs/cathdata/dompdb/1lvl02 82.000000
/nfs/cathdata/dompdb/1ebdA2 82.000000
/nfs/cathdata/dompdb/2tmdA3 74.000000
/nfs/cathdata/dompdb/1gerA2 82.000000
/nfs/cathdata/dompdb/1gesA2 82.000000
/nfs/cathdata/dompdb/3grs02 82.000000
/nfs/cathdata/dompdb/1tde02 78.000000
/nfs/cathdata/dompdb/1vdc02 78.000000
/nfs/cathdata/dompdb/1fecB2 86.000000
/nfs/cathdata/dompdb/1nhr02 86.000000
/nfs/cathdata/dompdb/1fcdA2 82.000000
/tmp/1pyaB0 100.000000
/nfs/cathdata/dompdb/1dik03 82.000000
/nfs/cathdata/dompdb/1aorA1 92.000000
/tmp/2dnjA0 84.000000
/tmp/1fjmA0 86.000000
/tmp/1tcoA0 86.000000
/nfs/cathdata/dompdb/1gph11 96.000000
/data/pdb_release/all/pdb1plq.ent 92.000000
/data/pdb_release/all/pdb1bnh.ent 72.000000
/data/pdb_release/all/pdb1cy3.ent 20.000000
/tmp/1cthA0 64.000000
/data/pdb_release/all/pdb2cdv.ent 60.000000
/nfs/cathdata/dompdb/1trkA1 72.000000
/tmp/1rvaA0 92.000000
/nfs/cathdata/dompdb/1atnA1 74.000000
/nfs/cathdata/dompdb/2btfA1 74.000000
/nfs/cathdata/dompdb/1olbA2 68.000000
/data/pdb_release/all/pdb2ctc.ent 80.000000
/data/pdb_release/all/pdb1amp.ent 78.000000
/nfs/cathdata/dompdb/1lam02 86.000000
/nfs/cathdata/dompdb/1tplA2 74.000000
/nfs/cathdata/dompdb/1dgd02 68.000000
/nfs/cathdata/dompdb/1aam02 82.000000
/nfs/cathdata/dompdb/1akaA2 78.000000
/nfs/cathdata/dompdb/2cstA2 70.000000
/nfs/cathdata/dompdb/1ordA2 70.000000
/data/pdb_release/all/pdb1rpa.ent 70.000000
/data/pdb_release/all/pdb1esc.ent 78.000000
/nfs/cathdata/dompdb/1gpb02 68.000000
/nfs/cathdata/dompdb/1ygpA2 68.000000
/tmp/1deaA0 78.000000
/tmp/1thtA0 78.000000
/tmp/1tahA0 68.000000
/tmp/1oilA0 66.000000
/nfs/cathdata/dompdb/1hplA1 80.000000
/nfs/cathdata/dompdb/1lpbB1 80.000000
/tmp/1ethA0 82.000000
/data/pdb_release/all/pdb1gpl.ent 88.000000
/data/pdb_release/all/pdb1tca.ent 76.000000
/data/pdb_release/all/pdb1ede.ent 78.000000
/data/pdb_release/all/pdb1ysc.ent 86.000000
/nfs/cathdata/dompdb/1asyA2 84.000000
/nfs/cathdata/dompdb/1lylA2 88.000000
/nfs/cathdata/dompdb/1serA2 96.000000
/data/pdb_release/all/pdb3pte.ent 82.000000
/nfs/cathdata/dompdb/1abrA1 78.000000
/nfs/cathdata/dompdb/1ahc01 78.000000
/nfs/cathdata/dompdb/1mrj01 88.000000
/nfs/cathdata/dompdb/1apa01 80.000000
/nfs/cathdata/dompdb/1pafA1 80.000000
/tmp/4dfrA0 74.000000
/data/pdb_release/all/pdb3dfr.ent 82.000000
/data/pdb_release/all/pdb8dfr.ent 78.000000
/data/pdb_release/all/pdb1drf.ent 72.000000
/data/pdb_release/all/pdb1dyr.ent 82.000000
/nfs/cathdata/dompdb/1adeA1 72.000000
/nfs/cathdata/dompdb/3pmgA1 92.000000
/data/pdb_release/all/pdb1udg.ent 72.000000
/nfs/cathdata/dompdb/3pgk02 74.000000
/nfs/cathdata/dompdb/1php02 70.000000
/nfs/cathdata/dompdb/1gpmA1 92.000000
/nfs/cathdata/dompdb/1powA3 72.000000
/nfs/cathdata/dompdb/1pvdA3 64.000000
/nfs/cathdata/dompdb/1pvdA1 86.000000
/nfs/cathdata/dompdb/1powA1 82.000000
/nfs/cathdata/dompdb/1trkA2 72.000000
/nfs/cathdata/dompdb/1tyaE1 64.000000
/nfs/cathdata/dompdb/2tysB2 76.000000
/nfs/cathdata/dompdb/1minA1 72.000000
/nfs/cathdata/dompdb/1mioA1 70.000000
/nfs/cathdata/dompdb/3ecaA1 82.000000
/nfs/cathdata/dompdb/1agx01 82.000000
/nfs/cathdata/dompdb/3pga11 78.000000
/tmp/1wsaA0 82.000000
/tmp/1nbaA0 72.000000
/nfs/cathdata/dompdb/2reb01 74.000000
/tmp/1smnA0 76.000000
/tmp/1eriA0 74.000000
/nfs/cathdata/dompdb/1lvl01 82.000000
/nfs/cathdata/dompdb/1ebdA1 78.000000
/nfs/cathdata/dompdb/1gal01 78.000000
/nfs/cathdata/dompdb/1fcdA1 86.000000
/nfs/cathdata/dompdb/1coy01 80.000000
/nfs/cathdata/dompdb/1pbe01 92.000000
/nfs/cathdata/dompdb/1aa8A1 86.000000
/nfs/cathdata/dompdb/1dob02 88.000000
/data/pdb_release/all/pdb1cge.ent 72.000000
/data/pdb_release/all/pdb1mnc.ent 76.000000
/data/pdb_release/all/pdb1srt.ent 64.000000
/nfs/cathdata/dompdb/1fbl01 76.000000
/data/pdb_release/all/pdb1mmq.ent 64.000000
/data/pdb_release/all/pdb1slm.ent 70.000000
/tmp/1atlA0 70.000000
/data/pdb_release/all/pdb1iag.ent 82.000000
/nfs/cathdata/dompdb/1kapP2 70.000000
/nfs/cathdata/dompdb/1sat02 78.000000
/data/pdb_release/all/pdb1iab.ent 92.000000
/nfs/cathdata/dompdb/1lcf01 82.000000
/nfs/cathdata/dompdb/1ovt01 78.000000
/nfs/cathdata/dompdb/1ovt03 82.000000
/nfs/cathdata/dompdb/1nnt01 74.000000
/nfs/cathdata/dompdb/1tfd01 58.000000
/nfs/cathdata/dompdb/1lcf03 78.000000
/nfs/cathdata/dompdb/1dot01 78.000000
/nfs/cathdata/dompdb/1dot03 86.000000
/nfs/cathdata/dompdb/1quk01 86.000000
/nfs/cathdata/dompdb/1sbp01 62.000000
/nfs/cathdata/dompdb/1dmb01 70.000000
/nfs/cathdata/dompdb/1pot01 70.000000
/nfs/cathdata/dompdb/3sc2A1 82.000000
/nfs/cathdata/dompdb/1rtc01 80.000000
/tmp/1pviA0 92.000000
/nfs/cathdata/dompdb/1bllE1 78.000000
/nfs/cathdata/dompdb/1scuB3 82.000000
/nfs/cathdata/dompdb/1ora01 56.000000
/nfs/cathdata/dompdb/1ora02 64.000000
/nfs/cathdata/dompdb/2glt01 76.000000
/nfs/cathdata/dompdb/1ttqB1 64.000000
/data/pdb_release/all/pdb3pgm.ent 64.000000
/nfs/cathdata/dompdb/1gtrA1 78.000000
/nfs/cathdata/dompdb/1gln01 64.000000
/tmp/1dsbA0 72.000000
/tmp/1gp1A0 70.000000
/nfs/cathdata/dompdb/1chmA1 86.000000
/nfs/cathdata/dompdb/1scuB1 80.000000
/nfs/cathdata/dompdb/1mla02 64.000000
/nfs/cathdata/dompdb/1glaG2 78.000000
/nfs/cathdata/dompdb/1ami01 82.000000
/data/pdb_release/all/pdb1ak2.ent 60.000000
/tmp/1ak3A0 78.000000
/tmp/1akeA0 72.000000
/data/pdb_release/all/pdb1aky.ent 70.000000
/data/pdb_release/all/pdb3adk.ent 64.000000
/data/pdb_release/all/pdb1ukz.ent 68.000000
/data/pdb_release/all/pdb1ukd.ent 64.000000
/nfs/cathdata/dompdb/2tmdA2 64.000000
/nfs/cathdata/dompdb/1nhp01 82.000000
/nfs/cathdata/dompdb/1trb01 82.000000
/nfs/cathdata/dompdb/1vdc01 78.000000
/nfs/cathdata/dompdb/1typA1 78.000000
/nfs/cathdata/dompdb/1gesA1 74.000000
/nfs/cathdata/dompdb/3grs01 78.000000
/nfs/cathdata/dompdb/3ladA1 74.000000
/nfs/cathdata/dompdb/1lpfA1 64.000000
/nfs/cathdata/dompdb/1pfkA2 72.000000
/nfs/cathdata/dompdb/3pfk02 72.000000
/nfs/cathdata/dompdb/3pgk01 82.000000
/nfs/cathdata/dompdb/1php01 70.000000
/nfs/cathdata/dompdb/3pmgA3 78.000000
/tmp/2rslA0 66.000000
/tmp/1gdtA0 72.000000
/nfs/cathdata/dompdb/1ctt02 82.000000
/nfs/cathdata/dompdb/1ctt01 78.000000
/tmp/1whtB0 82.000000
/nfs/cathdata/dompdb/1trkA3 78.000000
/nfs/cathdata/dompdb/1dmb02 60.000000
/nfs/cathdata/dompdb/1pda02 78.000000
/nfs/cathdata/dompdb/1hslA2 86.000000
/nfs/cathdata/dompdb/1lst02 70.000000
/nfs/cathdata/dompdb/1pbp02 64.000000
/nfs/cathdata/dompdb/1sbp02 72.000000
/data/pdb_release/all/pdb1ovb.ent 78.000000
/nfs/cathdata/dompdb/1lcf02 62.000000
/nfs/cathdata/dompdb/1lcf04 76.000000
/nfs/cathdata/dompdb/1ovt02 78.000000
/nfs/cathdata/dompdb/1ovt04 78.000000
/nfs/cathdata/dompdb/1tfd02 72.000000
/nfs/cathdata/dompdb/1dot04 62.000000
/nfs/cathdata/dompdb/1poy12 70.000000
/nfs/cathdata/dompdb/1inp03 70.000000
/nfs/cathdata/dompdb/1imbA2 82.000000
/nfs/cathdata/dompdb/1fbcA2 86.000000
/nfs/cathdata/dompdb/1ftaA2 78.000000
/nfs/cathdata/dompdb/1spiA2 64.000000
/nfs/cathdata/dompdb/1pda01 70.000000
/nfs/cathdata/dompdb/1hslA1 62.000000
/nfs/cathdata/dompdb/1lst01 66.000000
/nfs/cathdata/dompdb/2ldx01 72.000000
/nfs/cathdata/dompdb/3ldh01 72.000000
/nfs/cathdata/dompdb/5ldh01 68.000000
/nfs/cathdata/dompdb/9ldtA1 72.000000
/data/pdb_release/all/pdb5nll.ent 72.000000
/data/pdb_release/all/pdb2fx2.ent 74.000000
/data/pdb_release/all/pdb1ofv.ent 74.000000
/data/pdb_release/all/pdb2fcr.ent 78.000000
/data/pdb_release/all/pdb1rcf.ent 72.000000
/tmp/1lfaA0 76.000000
/data/pdb_release/all/pdb1ido.ent 72.000000
/nfs/cathdata/dompdb/1pfkA1 82.000000
/nfs/cathdata/dompdb/3pfk01 82.000000
/data/pdb_release/all/pdb1cus.ent 72.000000
/data/pdb_release/all/pdb1dad.ent 78.000000
/data/pdb_release/all/pdb1tib.ent 84.000000
/data/pdb_release/all/pdb3tgl.ent 84.000000
/tmp/1lgyA0 88.000000
/data/pdb_release/all/pdb1vid.ent 86.000000
/data/pdb_release/all/pdb1pdo.ent 64.000000
/nfs/cathdata/dompdb/1gpmA2 66.000000
/nfs/cathdata/dompdb/1dnpA1 64.000000
/nfs/cathdata/dompdb/1bgw02 68.000000
/nfs/cathdata/dompdb/1guhA1 70.000000
/nfs/cathdata/dompdb/1glqA1 72.000000
/nfs/cathdata/dompdb/2gsq01 70.000000
/nfs/cathdata/dompdb/2gsrA1 66.000000
/nfs/cathdata/dompdb/1gssA1 70.000000
/nfs/cathdata/dompdb/2gstA1 70.000000
/nfs/cathdata/dompdb/1gta01 64.000000
/nfs/cathdata/dompdb/1hna01 66.000000
/nfs/cathdata/dompdb/3pmgA2 78.000000
/data/pdb_release/all/pdb1lba.ent 74.000000
/tmp/1meeA0 78.000000
/nfs/cathdata/dompdb/1ordA1 68.000000
/data/pdb_release/all/pdb1ntr.ent 72.000000
/nfs/cathdata/dompdb/1gdhA2 70.000000
/nfs/cathdata/dompdb/2nacA2 72.000000
/nfs/cathdata/dompdb/2dldA2 72.000000
/nfs/cathdata/dompdb/2dldA1 70.000000
/nfs/cathdata/dompdb/1scuB2 64.000000
/nfs/cathdata/dompdb/1scuA1 70.000000
/nfs/cathdata/dompdb/1scuA2 70.000000
/data/pdb_release/all/pdb1phr.ent 68.000000
/nfs/cathdata/dompdb/1bmtA2 68.000000
/tmp/1iceA0 72.000000
/data/pdb_release/all/pdb1etu.ent 82.000000
/nfs/cathdata/dompdb/1eft01 82.000000
/data/pdb_release/all/pdb5p21.ent 78.000000
/tmp/1guaA0 78.000000
/tmp/1hurA0 78.000000
/tmp/1nipA0 76.000000
/nfs/cathdata/dompdb/1gky02 78.000000
/nfs/cathdata/dompdb/1dar01 78.000000
/nfs/cathdata/dompdb/1raaA1 72.000000
/nfs/cathdata/dompdb/1raaA2 74.000000
/nfs/cathdata/dompdb/2atcA2 70.000000
/nfs/cathdata/dompdb/4mdhA1 72.000000
/nfs/cathdata/dompdb/1bdmA1 72.000000
/nfs/cathdata/dompdb/2cmd01 72.000000
/nfs/cathdata/dompdb/1mldA1 72.000000
/nfs/cathdata/dompdb/1hyhA1 74.000000
/nfs/cathdata/dompdb/6ldh01 72.000000
/nfs/cathdata/dompdb/1ldb01 70.000000
/nfs/cathdata/dompdb/1llc01 68.000000
/nfs/cathdata/dompdb/1lldA1 74.000000
/nfs/cathdata/dompdb/1bdhA3 66.000000
/nfs/cathdata/dompdb/1tlfA2 74.000000
/nfs/cathdata/dompdb/1dbp01 72.000000
/data/pdb_release/all/pdb3chy.ent 68.000000
/nfs/cathdata/dompdb/1abe01 82.000000
/nfs/cathdata/dompdb/1gdhA1 68.000000
/nfs/cathdata/dompdb/1gca01 72.000000
/nfs/cathdata/dompdb/1gdd01 78.000000
/nfs/cathdata/dompdb/1tadA1 82.000000
/nfs/cathdata/dompdb/1gotA1 74.000000
/nfs/cathdata/dompdb/1gd1O1 78.000000
/nfs/cathdata/dompdb/4gpd11 78.000000
/nfs/cathdata/dompdb/1cerO1 78.000000
/nfs/cathdata/dompdb/1gadO1 78.000000
/nfs/cathdata/dompdb/1gypA1 78.000000
/nfs/cathdata/dompdb/1hdgO1 78.000000
/nfs/cathdata/dompdb/2lbp02 82.000000
/nfs/cathdata/dompdb/2liv02 82.000000
/nfs/cathdata/dompdb/2lbp01 82.000000
/nfs/cathdata/dompdb/2liv01 82.000000
/nfs/cathdata/dompdb/1pea02 70.000000
/nfs/cathdata/dompdb/1pea01 70.000000
/nfs/cathdata/dompdb/1ecl01 64.000000
/nfs/cathdata/dompdb/1admA1 82.000000
/nfs/cathdata/dompdb/1dctA1 86.000000
/nfs/cathdata/dompdb/1hmy01 86.000000
/tmp/1garA0 88.000000
/data/pdb_release/all/pdb1chd.ent 82.000000
/data/pdb_release/all/pdb1thm.ent 82.000000
/tmp/1cseE0 78.000000
/data/pdb_release/all/pdb1st3.ent 82.000000
/data/pdb_release/all/pdb2pkc.ent 82.000000
/data/pdb_release/all/pdb1s01.ent 74.000000
/nfs/cathdata/dompdb/1poxA2 70.000000
/nfs/cathdata/dompdb/1pvdA2 84.000000
/nfs/cathdata/dompdb/2pia02 68.000000
/nfs/cathdata/dompdb/1fnb02 68.000000
/nfs/cathdata/dompdb/1que02 60.000000
/nfs/cathdata/dompdb/1cnd02 74.000000
/nfs/cathdata/dompdb/1ndh02 82.000000
/nfs/cathdata/dompdb/1gph12 62.000000
/nfs/cathdata/dompdb/1ecgA2 68.000000
/data/pdb_release/all/pdb1sto.ent 82.000000
/nfs/cathdata/dompdb/2bgt02 74.000000
/nfs/cathdata/dompdb/2bgt01 84.000000
/nfs/cathdata/dompdb/2nacA1 70.000000
/data/pdb_release/all/pdb1dhr.ent 76.000000
/tmp/1hdcA0 72.000000
/data/pdb_release/all/pdb1eny.ent 72.000000
/nfs/cathdata/dompdb/1psdA1 68.000000
/nfs/cathdata/dompdb/1psdA2 72.000000
/nfs/cathdata/dompdb/1qorA2 72.000000
/nfs/cathdata/dompdb/3btoA2 64.000000
/nfs/cathdata/dompdb/1dehA2 64.000000
/nfs/cathdata/dompdb/1cdoA2 72.000000
/nfs/cathdata/dompdb/1tehA2 72.000000
/nfs/cathdata/dompdb/1agnA2 68.000000
/nfs/cathdata/dompdb/1dih01 68.000000
/nfs/cathdata/dompdb/2pgd01 68.000000
/nfs/cathdata/dompdb/1dpgA1 64.000000
/nfs/cathdata/dompdb/1dbqA1 72.000000
/nfs/cathdata/dompdb/1tlfA1 82.000000
/nfs/cathdata/dompdb/2dri02 82.000000
/nfs/cathdata/dompdb/1gca02 72.000000
/nfs/cathdata/dompdb/2gbp02 66.000000
/nfs/cathdata/dompdb/8abp02 78.000000
/data/pdb_release/all/pdb1ghu.ent 60.000000
/nfs/cathdata/dompdb/1ad5A2 56.000000
/tmp/1ayaA0 56.000000
/tmp/2pldA0 60.000000
/data/pdb_release/all/pdb1svq.ent 82.000000
/data/pdb_release/all/pdb1vil.ent 82.000000
/data/pdb_release/all/pdb1aba.ent 70.000000
/data/pdb_release/all/pdb1ego.ent 74.000000
/tmp/2trxA0 76.000000
/data/pdb_release/all/pdb1thx.ent 68.000000
/data/pdb_release/all/pdb3trx.ent 74.000000
/data/pdb_release/all/pdb1tof.ent 70.000000
/nfs/cathdata/dompdb/1pxtA1 70.000000
/nfs/cathdata/dompdb/1pxtA2 68.000000
/nfs/cathdata/dompdb/2yhx02 64.000000
/nfs/cathdata/dompdb/1dik01 60.000000
/nfs/cathdata/dompdb/2minA3 72.000000
/nfs/cathdata/dompdb/1mioA3 68.000000
/nfs/cathdata/dompdb/2minB2 68.000000
/nfs/cathdata/dompdb/2minB3 72.000000
/nfs/cathdata/dompdb/1mioB2 62.000000
/nfs/cathdata/dompdb/1mioB4 68.000000
/nfs/cathdata/dompdb/2minA2 60.000000
/nfs/cathdata/dompdb/1mioA2 64.000000
/nfs/cathdata/dompdb/2minB1 60.000000
/nfs/cathdata/dompdb/1mioB1 60.000000
/nfs/cathdata/dompdb/1iow01 76.000000
/nfs/cathdata/dompdb/1bncA1 66.000000
/nfs/cathdata/dompdb/3ecaA2 68.000000
/nfs/cathdata/dompdb/1agx02 66.000000
/nfs/cathdata/dompdb/3pga12 68.000000
/nfs/cathdata/dompdb/1pkyA1 78.000000
/nfs/cathdata/dompdb/1pkm01 78.000000
/nfs/cathdata/dompdb/1hsbA1 84.000000
/nfs/cathdata/dompdb/2clrA1 78.000000
/nfs/cathdata/dompdb/1mhcA1 88.000000
/tmp/1tmcA0 92.000000
/nfs/cathdata/dompdb/1fruA1 84.000000
/nfs/cathdata/dompdb/1tssA1 88.000000
/nfs/cathdata/dompdb/1se202 88.000000
/nfs/cathdata/dompdb/1sebD2 80.000000
/nfs/cathdata/dompdb/1esfA2 84.000000
/data/pdb_release/all/pdb1vhh.ent 92.000000
/nfs/cathdata/dompdb/3pmgA4 82.000000
/nfs/cathdata/dompdb/1imbA1 76.000000
/nfs/cathdata/dompdb/5fbpA1 82.000000
/nfs/cathdata/dompdb/1ftaA1 86.000000
/nfs/cathdata/dompdb/1spiA1 82.000000
/nfs/cathdata/dompdb/1inp02 84.000000
/nfs/cathdata/dompdb/1gd1O2 88.000000
/nfs/cathdata/dompdb/4gpd12 100.000000
/nfs/cathdata/dompdb/1cerO2 84.000000
/nfs/cathdata/dompdb/1gadO2 88.000000
/nfs/cathdata/dompdb/1gypA2 88.000000
/nfs/cathdata/dompdb/1hdgO2 92.000000
/data/pdb_release/all/pdb1cia.ent 84.000000
/nfs/cathdata/dompdb/1gal03 78.000000
/nfs/cathdata/dompdb/1dpgA2 86.000000
/data/pdb_release/all/pdb1dpb.ent 88.000000
/data/pdb_release/all/pdb1adn.ent 56.000000
/data/pdb_release/all/pdb2pna.ent 60.000000
/data/pdb_release/all/pdb1ab2.ent 56.000000
/tmp/1shaA0 72.000000
/tmp/1lcjA0 64.000000
/tmp/1csyA0 56.000000
/data/pdb_release/all/pdb1blj.ent 60.000000
/data/pdb_release/all/pdb1fim.ent 76.000000
/tmp/1mifA0 80.000000
/tmp/1kptA0 96.000000
/nfs/cathdata/dompdb/1dja01 96.000000
/nfs/cathdata/dompdb/1mblA1 78.000000
/nfs/cathdata/dompdb/1btl01 66.000000
/data/pdb_release/all/pdb2phy.ent 76.000000
/data/pdb_release/all/pdb1fil.ent 82.000000
/data/pdb_release/all/pdb1pne.ent 82.000000
/data/pdb_release/all/pdb1acf.ent 74.000000
/data/pdb_release/all/pdb2acg.ent 78.000000
/data/pdb_release/all/pdb1cqa.ent 88.000000
/nfs/cathdata/dompdb/1pnkB1 78.000000
/nfs/cathdata/dompdb/1oacA1 82.000000
/tmp/1otgA0 70.000000
/nfs/cathdata/dompdb/1ami02 68.000000
/nfs/cathdata/dompdb/1bpb02 78.000000
/nfs/cathdata/dompdb/9icwA3 96.000000
/nfs/cathdata/dompdb/1daaA1 78.000000
/nfs/cathdata/dompdb/1iov02 80.000000
/nfs/cathdata/dompdb/1glt02 92.000000
/tmp/1gtqA0 60.000000
/nfs/cathdata/dompdb/1bia02 92.000000
/nfs/cathdata/dompdb/1antI2 78.000000
/nfs/cathdata/dompdb/1hleA2 78.000000
/nfs/cathdata/dompdb/1ovaA2 70.000000
/nfs/cathdata/dompdb/2achA1 84.000000
/nfs/cathdata/dompdb/7apiA2 80.000000
/nfs/cathdata/dompdb/1pnkB2 86.000000
/nfs/cathdata/dompdb/1ami03 78.000000
/nfs/cathdata/dompdb/1hocA1 84.000000
/nfs/cathdata/dompdb/1hsaA1 92.000000
/nfs/cathdata/dompdb/1vaaA1 84.000000
/nfs/cathdata/dompdb/1dik06 76.000000
/nfs/cathdata/dompdb/1mdl01 64.000000
/nfs/cathdata/dompdb/4enl01 58.000000
/nfs/cathdata/dompdb/1pdz01 64.000000
/nfs/cathdata/dompdb/1nhp03 64.000000
/nfs/cathdata/dompdb/3ladA3 72.000000
/nfs/cathdata/dompdb/1lpfA3 80.000000
/nfs/cathdata/dompdb/1lvl03 84.000000
/nfs/cathdata/dompdb/1ebdA3 80.000000
/nfs/cathdata/dompdb/1tytA3 80.000000
/nfs/cathdata/dompdb/1gesA3 84.000000
/nfs/cathdata/dompdb/3grs03 80.000000
/nfs/cathdata/dompdb/1irk01 92.000000
/nfs/cathdata/dompdb/1apmE2 80.000000
/nfs/cathdata/dompdb/1ckiA1 96.000000
/nfs/cathdata/dompdb/1csn01 100.000000
/nfs/cathdata/dompdb/1coy02 72.000000
/nfs/cathdata/dompdb/1rthA4 82.000000
/tmp/1hrhA0 82.000000
/data/pdb_release/all/pdb2rn2.ent 78.000000
/data/pdb_release/all/pdb1ril.ent 82.000000
/tmp/1hjrA0 86.000000
/data/pdb_release/all/pdb1itg.ent 74.000000
/data/pdb_release/all/pdb1asu.ent 82.000000
/nfs/cathdata/dompdb/1bcmA1 86.000000
/nfs/cathdata/dompdb/1atr03 78.000000
/nfs/cathdata/dompdb/1atnA2 70.000000
/nfs/cathdata/dompdb/2btfA2 74.000000
/nfs/cathdata/dompdb/2yhx03 78.000000
/nfs/cathdata/dompdb/1atr01 82.000000
/nfs/cathdata/dompdb/1mngA2 60.000000
/nfs/cathdata/dompdb/3sdpA2 22.000000
/tmp/1kpaA0 78.000000
/nfs/cathdata/dompdb/1bpb03 62.000000
/nfs/cathdata/dompdb/1pkp02 70.000000
/nfs/cathdata/dompdb/1dar04 78.000000
/tmp/1copD0 62.000000
/data/pdb_release/all/pdb1orc.ent 62.000000
/nfs/cathdata/dompdb/2reb02 58.000000
/nfs/cathdata/dompdb/1derA2 62.000000
/tmp/1iceB0 62.000000
/tmp/2kauA0 54.000000
/nfs/cathdata/dompdb/1gpmA3 68.000000
/nfs/cathdata/dompdb/1mxa03 76.000000
/nfs/cathdata/dompdb/1mxa01 64.000000
/nfs/cathdata/dompdb/1mxa02 84.000000
/nfs/cathdata/dompdb/1xrb02 72.000000
/nfs/cathdata/dompdb/1ytbA2 72.000000
/nfs/cathdata/dompdb/1tghA2 80.000000
/nfs/cathdata/dompdb/1vokA2 76.000000
/nfs/cathdata/dompdb/1tbpA1 88.000000
/nfs/cathdata/dompdb/1tghA1 88.000000
/nfs/cathdata/dompdb/1vokA1 92.000000
/nfs/cathdata/dompdb/1pczA1 92.000000
/nfs/cathdata/dompdb/1pczA2 72.000000
/nfs/cathdata/dompdb/1bmc02 78.000000
/nfs/cathdata/dompdb/1sebA1 64.000000
/nfs/cathdata/dompdb/1sebB1 60.000000
/tmp/2sicI0 96.000000
/nfs/cathdata/dompdb/1dih02 82.000000
/tmp/1brsD0 62.000000
/data/pdb_release/all/pdb1msc.ent 74.000000
/tmp/1unaA0 82.000000
/nfs/cathdata/dompdb/1chkA2 52.000000
/nfs/cathdata/dompdb/1svb03 42.000000
/nfs/cathdata/dompdb/1oacA4 64.000000
/tmp/1latA0 58.000000
/tmp/2nllA0 22.000000
/tmp/2nllB0 26.000000
/data/pdb_release/all/pdb1tns.ent 28.000000
/data/pdb_release/all/pdb1ife.ent 46.000000
/data/pdb_release/all/pdb1tig.ent 82.000000
/nfs/cathdata/dompdb/1hpm04 62.000000
/nfs/cathdata/dompdb/1bncA2 54.000000
/nfs/cathdata/dompdb/1iow03 80.000000
/nfs/cathdata/dompdb/1glt03 80.000000
/tmp/1humA0 60.000000
/tmp/1hrjA0 60.000000
/tmp/1domA0 52.000000
/tmp/1plfA0 56.000000
/tmp/1mgsA0 52.000000
/data/pdb_release/all/pdb3il8.ent 52.000000
/tmp/1rhpA0 56.000000
/tmp/1napA0 56.000000
/tmp/1rodA0 48.000000
/data/pdb_release/all/pdb1stu.ent 60.000000
/nfs/cathdata/dompdb/1pkp01 56.000000
/nfs/cathdata/dompdb/1pda03 62.000000
/data/pdb_release/all/pdb1ncs.ent 52.000000
/tmp/1cksA0 22.000000
/tmp/1sceA0 22.000000
/tmp/1dktA0 68.000000
/tmp/1rblM0 72.000000
/tmp/3rubS0 92.000000
/tmp/8rubS0 88.000000
/tmp/8rucI0 88.000000
/tmp/1burS0 88.000000
/nfs/cathdata/dompdb/1amg02 74.000000
/nfs/cathdata/dompdb/1amy02 74.000000
/data/pdb_release/all/pdb1zer.ent 82.000000
/data/pdb_release/all/pdb1aps.ent 100.000000
/tmp/2bopA0 76.000000
/data/pdb_release/all/pdb2pii.ent 76.000000
/tmp/2chsA0 78.000000
/nfs/cathdata/dompdb/8atcB1 96.000000
/nfs/cathdata/dompdb/2atcB1 20.000000
/tmp/1nhkL0 64.000000
/data/pdb_release/all/pdb1ndk.ent 68.000000
/tmp/1nsqA0 68.000000
/tmp/1nskL0 68.000000
/nfs/cathdata/dompdb/1rbaA1 82.000000
/nfs/cathdata/dompdb/3rubL1 82.000000
/nfs/cathdata/dompdb/8rucA1 78.000000
/nfs/cathdata/dompdb/1rblA1 82.000000
/nfs/cathdata/dompdb/1ars01 56.000000
/nfs/cathdata/dompdb/7aatA1 56.000000
/nfs/cathdata/dompdb/2cstA1 56.000000
/nfs/cathdata/dompdb/1ordA3 54.000000
/nfs/cathdata/dompdb/2dkb01 80.000000
/nfs/cathdata/dompdb/1tplA1 60.000000
/tmp/1dcoA0 80.000000
/data/pdb_release/all/pdb1vig.ent 70.000000
/tmp/1xxaA0 92.000000
/nfs/cathdata/dompdb/1bgw04 92.000000
/nfs/cathdata/dompdb/1dar05 80.000000
/nfs/cathdata/dompdb/1mla01 76.000000
/nfs/cathdata/dompdb/1psdA3 76.000000
/nfs/cathdata/dompdb/1dloA2 80.000000
/nfs/cathdata/dompdb/1mml02 76.000000
/tmp/1gluA0 22.000000
/data/pdb_release/all/pdb1hra.ent 22.000000
/tmp/1hcqA0 62.000000
/nfs/cathdata/dompdb/1bgw01 76.000000
/data/pdb_release/all/pdb1nef.ent 58.000000
/tmp/1efnB0 62.000000
/nfs/cathdata/dompdb/1gky01 84.000000
/nfs/cathdata/dompdb/1yua01 52.000000
/data/pdb_release/all/pdb1vcc.ent 74.000000
/nfs/cathdata/dompdb/1svb02 68.000000
/nfs/cathdata/dompdb/1yua02 56.000000
/tmp/1otfA0 56.000000
/data/pdb_release/all/pdb1cbn.ent 26.000000
/data/pdb_release/all/pdb1bhp.ent 62.000000
/data/pdb_release/all/pdb2plh.ent 62.000000
/data/pdb_release/all/pdb1fdx.ent 20.000000
/data/pdb_release/all/pdb1clf.ent 36.000000
/data/pdb_release/all/pdb1fca.ent 52.000000
/data/pdb_release/all/pdb1fdn.ent 72.000000
/data/pdb_release/all/pdb1blu.ent 78.000000
/data/pdb_release/all/pdb1fxd.ent 76.000000
/data/pdb_release/all/pdb2fxb.ent 72.000000
/tmp/1fxrA0 76.000000
/data/pdb_release/all/pdb1rof.ent 20.000000
/data/pdb_release/all/pdb5fd1.ent 78.000000
/data/pdb_release/all/pdb1fwp.ent 58.000000
/data/pdb_release/all/pdb1sxl.ent 72.000000
/data/pdb_release/all/pdb1fht.ent 88.000000
/data/pdb_release/all/pdb1pba.ent 54.000000
/data/pdb_release/all/pdb1ris.ent 80.000000
/data/pdb_release/all/pdb1ctf.ent 68.000000
/tmp/1spbP0 80.000000
/data/pdb_release/all/pdb1ptf.ent 78.000000
/data/pdb_release/all/pdb1poh.ent 82.000000
/data/pdb_release/all/pdb2hpr.ent 82.000000
/data/pdb_release/all/pdb1pch.ent 78.000000
/data/pdb_release/all/pdb1sxm.ent 56.000000
/data/pdb_release/all/pdb2sn3.ent 56.000000
/data/pdb_release/all/pdb1vna.ent 80.000000
/data/pdb_release/all/pdb1nra.ent 80.000000
/data/pdb_release/all/pdb1ptx.ent 72.000000
/data/pdb_release/all/pdb1lqh.ent 80.000000
/data/pdb_release/all/pdb1snb.ent 72.000000
/data/pdb_release/all/pdb1gps.ent 76.000000
/data/pdb_release/all/pdb1gpt.ent 72.000000
/data/pdb_release/all/pdb1chc.ent 60.000000
/data/pdb_release/all/pdb1caa.ent 40.000000
/data/pdb_release/all/pdb1iro.ent 40.000000
/data/pdb_release/all/pdb1rdg.ent 36.000000
/data/pdb_release/all/pdb4rxn.ent 40.000000
/data/pdb_release/all/pdb6rxn.ent 36.000000
/tmp/8rxnA0 36.000000
/tmp/1gatA0 56.000000
/data/pdb_release/all/pdb1bus.ent 20.000000
/data/pdb_release/all/pdb2ovo.ent 52.000000
/data/pdb_release/all/pdb3ovo.ent 56.000000
/nfs/cathdata/dompdb/1tbrR1 52.000000
/nfs/cathdata/dompdb/1tbrR2 72.000000
/data/pdb_release/all/pdb1ptq.ent 52.000000
/nfs/cathdata/dompdb/9wgaA1 20.000000
/nfs/cathdata/dompdb/9wgaA2 20.000000
/nfs/cathdata/dompdb/9wgaA3 20.000000
/nfs/cathdata/dompdb/9wgaA4 20.000000
/nfs/cathdata/dompdb/2cwgA2 20.000000
/nfs/cathdata/dompdb/1wgtA3 20.000000
/tmp/1tgsI0 48.000000
/tmp/1cgiI0 48.000000
/data/pdb_release/all/pdb1pce.ent 52.000000
/data/pdb_release/all/pdb1hev.ent 20.000000
/data/pdb_release/all/pdb2alr.ent 74.000000
/data/pdb_release/all/pdb1frb.ent 74.000000
/nfs/cathdata/dompdb/1rlcL2 72.000000
/nfs/cathdata/dompdb/1rblA2 72.000000
/nfs/cathdata/dompdb/1rbaA2 82.000000
/nfs/cathdata/dompdb/1oneA2 82.000000
/nfs/cathdata/dompdb/1pdz02 78.000000
/tmp/1chrA0 72.000000
/tmp/1mucA0 78.000000
/data/pdb_release/all/pdb2mnr.ent 80.000000
/nfs/cathdata/dompdb/1mdr02 70.000000
/data/pdb_release/all/pdb1gox.ent 82.000000
/tmp/1fcbB0 74.000000
/nfs/cathdata/dompdb/2tmdA1 78.000000
/data/pdb_release/all/pdb1oya.ent 72.000000
/data/pdb_release/all/pdb1add.ent 68.000000
/data/pdb_release/all/pdb1pta.ent 74.000000
/data/pdb_release/all/pdb1xis.ent 68.000000
/tmp/1ximA0 68.000000
/tmp/1xlaA0 72.000000
/tmp/1dxiA0 68.000000
/data/pdb_release/all/pdb1dtp.ent 76.000000
/tmp/1dmaA0 96.000000
/nfs/cathdata/dompdb/1dik04 64.000000
/nfs/cathdata/dompdb/1kauC2 78.000000
/nfs/cathdata/dompdb/1aa8A2 84.000000
/tmp/1hymA0 20.000000
/tmp/1cseI0 48.000000
/tmp/1ypcI0 48.000000
/data/pdb_release/all/pdb1cis.ent 52.000000
/data/pdb_release/all/pdb1mit.ent 48.000000
/nfs/cathdata/dompdb/2baa02 20.000000
/data/pdb_release/all/pdb1ica.ent 20.000000
/data/pdb_release/all/pdb1cnv.ent 68.000000
/tmp/1xyzA0 70.000000
/data/pdb_release/all/pdb1exp.ent 74.000000
/tmp/1clxA0 74.000000
/data/pdb_release/all/pdb2ebn.ent 78.000000
/data/pdb_release/all/pdb1edt.ent 82.000000
/nfs/cathdata/dompdb/1ctn02 72.000000
/data/pdb_release/all/pdb1cec.ent 68.000000
/tmp/1ghsA0 68.000000
/data/pdb_release/all/pdb1ghr.ent 86.000000
/data/pdb_release/all/pdb1cbg.ent 72.000000
/nfs/cathdata/dompdb/1amg01 72.000000
/nfs/cathdata/dompdb/1amy01 78.000000
/nfs/cathdata/dompdb/2aaa01 74.000000
/nfs/cathdata/dompdb/2taaA1 78.000000
/nfs/cathdata/dompdb/1ppi01 82.000000
/data/pdb_release/all/pdb1hny.ent 82.000000
/nfs/cathdata/dompdb/1cgt01 88.000000
/nfs/cathdata/dompdb/1cdg01 88.000000
/nfs/cathdata/dompdb/1cyg01 88.000000
/nfs/cathdata/dompdb/1ciu01 84.000000
/nfs/cathdata/dompdb/1pamA1 88.000000
/data/pdb_release/all/pdb1btc.ent 78.000000
/nfs/cathdata/dompdb/1bglA3 74.000000
/tmp/1pbgA0 74.000000
/tmp/1tpfA0 68.000000
/tmp/1ypiA0 70.000000
/tmp/1timA0 68.000000
/tmp/1treA0 72.000000
/tmp/1htiA0 68.000000
/tmp/1btmA0 68.000000
/data/pdb_release/all/pdb1ads.ent 72.000000
/data/pdb_release/all/pdb1ral.ent 78.000000
/nfs/cathdata/dompdb/1csbB2 74.000000
/nfs/cathdata/dompdb/1bmc01 82.000000
/nfs/cathdata/dompdb/1ezm01 100.000000
/nfs/cathdata/dompdb/1esp01 88.000000
/nfs/cathdata/dompdb/2tmnE1 92.000000
/nfs/cathdata/dompdb/1dhy01 78.000000
/nfs/cathdata/dompdb/1han01 78.000000
/nfs/cathdata/dompdb/1dhy02 92.000000
/nfs/cathdata/dompdb/1han02 92.000000
/data/pdb_release/all/pdb1std.ent 82.000000
/data/pdb_release/all/pdb2cba.ent 80.000000
/data/pdb_release/all/pdb1crm.ent 76.000000
/tmp/1dmxA0 76.000000
/nfs/cathdata/dompdb/1bncA3 84.000000
/nfs/cathdata/dompdb/1daaA2 80.000000
/data/pdb_release/all/pdb1gym.ent 82.000000
/nfs/cathdata/dompdb/1ami04 78.000000
/tmp/1fvpA0 78.000000
/data/pdb_release/all/pdb1nfp.ent 80.000000
/tmp/1brlB0 72.000000
/tmp/1lucA0 70.000000
/data/pdb_release/all/pdb1tml.ent 74.000000
/nfs/cathdata/dompdb/1pii02 82.000000
/nfs/cathdata/dompdb/1pii01 72.000000
/data/pdb_release/all/pdb1igs.ent 68.000000
/tmp/1wsyA0 72.000000
/nfs/cathdata/dompdb/1pkm02 68.000000
/nfs/cathdata/dompdb/1pkyA2 68.000000
/tmp/1nal10 72.000000
/tmp/1fbaA0 74.000000
/data/pdb_release/all/pdb1ald.ent 78.000000
/data/pdb_release/all/pdb1nar.ent 70.000000
/data/pdb_release/all/pdb2hvm.ent 68.000000
/data/pdb_release/all/pdb1fkb.ent 88.000000
/data/pdb_release/all/pdb1yat.ent 92.000000
/data/pdb_release/all/pdb1pbk.ent 96.000000
/data/pdb_release/all/pdb1rot.ent 80.000000
/nfs/cathdata/dompdb/1hmy02 56.000000
/tmp/2msbA0 70.000000
/data/pdb_release/all/pdb1hup.ent 78.000000
/tmp/1rtm10 74.000000
/tmp/1rdl10 74.000000
/data/pdb_release/all/pdb1aak.ent 72.000000
/data/pdb_release/all/pdb2uce.ent 64.000000
/data/pdb_release/all/pdb1ucz.ent 60.000000
/tmp/1u9aA0 68.000000
/nfs/cathdata/dompdb/1fcbA1 62.000000
/data/pdb_release/all/pdb1b5m.ent 64.000000
/data/pdb_release/all/pdb1iet.ent 60.000000
/data/pdb_release/all/pdb1cyo.ent 64.000000
/tmp/1mkaA0 88.000000
/data/pdb_release/all/pdb1onc.ent 78.000000
/data/pdb_release/all/pdb7rsa.ent 78.000000
/tmp/1bsrA0 74.000000
/data/pdb_release/all/pdb1ang.ent 78.000000
/data/pdb_release/all/pdb1agi.ent 82.000000
/nfs/cathdata/dompdb/1hpm02 78.000000
/nfs/cathdata/dompdb/2polA3 96.000000
/nfs/cathdata/dompdb/2polA2 92.000000
/nfs/cathdata/dompdb/2polA1 96.000000
/nfs/cathdata/dompdb/9pap01 78.000000
/nfs/cathdata/dompdb/1aec01 78.000000
/nfs/cathdata/dompdb/1gecE1 82.000000
/nfs/cathdata/dompdb/1ppo01 74.000000
/nfs/cathdata/dompdb/1yal01 78.000000
/nfs/cathdata/dompdb/1theA1 60.000000
/data/pdb_release/all/pdb1pgb.ent 92.000000
/data/pdb_release/all/pdb2igg.ent 92.000000
/data/pdb_release/all/pdb3fxc.ent 68.000000
/tmp/1frrA0 76.000000
/tmp/1fxiA0 88.000000
/tmp/1fxaA0 76.000000
/data/pdb_release/all/pdb1frd.ent 76.000000
/data/pdb_release/all/pdb1dox.ent 56.000000
/data/pdb_release/all/pdb1cjn.ent 78.000000
/data/pdb_release/all/pdb1doi.ent 92.000000
/data/pdb_release/all/pdb1put.ent 72.000000
/nfs/cathdata/dompdb/2pia03 92.000000
/data/pdb_release/all/pdb1ubi.ent 88.000000
/nfs/cathdata/dompdb/1lgr02 84.000000
/data/pdb_release/all/pdb1tif.ent 96.000000
/data/pdb_release/all/pdb1rfa.ent 92.000000
/tmp/1molA0 72.000000
/tmp/1stfI0 68.000000
/data/pdb_release/all/pdb1cyu.ent 70.000000
/tmp/1cewI0 88.000000
/tmp/1udiI0 74.000000
/data/pdb_release/all/pdb1fus.ent 88.000000
/data/pdb_release/all/pdb9rnt.ent 88.000000
/data/pdb_release/all/pdb1rds.ent 88.000000
/tmp/1gmpA0 72.000000
/tmp/1brnL0 64.000000
/tmp/2rbiA0 78.000000
/nfs/cathdata/dompdb/1oacA2 68.000000
/nfs/cathdata/dompdb/1prtB1 58.000000
/nfs/cathdata/dompdb/1prtC1 62.000000
/nfs/cathdata/dompdb/1ctn03 92.000000
/nfs/cathdata/dompdb/1gtrA3 74.000000
/nfs/cathdata/dompdb/1grj02 68.000000
/data/pdb_release/all/pdb1tsp.ent 86.000000
/nfs/cathdata/dompdb/1dhx01 62.000000
/nfs/cathdata/dompdb/2psg01 80.000000
/nfs/cathdata/dompdb/1mpp01 84.000000
/nfs/cathdata/dompdb/1bbs01 88.000000
/nfs/cathdata/dompdb/4cms01 88.000000
/nfs/cathdata/dompdb/1smrA1 80.000000
/nfs/cathdata/dompdb/1epmE1 78.000000
/nfs/cathdata/dompdb/1pplE1 80.000000
/nfs/cathdata/dompdb/2apr01 84.000000
/nfs/cathdata/dompdb/1psoE1 84.000000
/nfs/cathdata/dompdb/1htrB1 92.000000
/nfs/cathdata/dompdb/1jxrA1 88.000000
/nfs/cathdata/dompdb/2asi01 82.000000
/nfs/cathdata/dompdb/1smeA1 82.000000
/nfs/cathdata/dompdb/1epmE2 92.000000
/nfs/cathdata/dompdb/1pplE2 96.000000
/nfs/cathdata/dompdb/1mpp02 96.000000
/nfs/cathdata/dompdb/2asi02 88.000000
/nfs/cathdata/dompdb/2apr02 84.000000
/nfs/cathdata/dompdb/1psaA2 92.000000
/nfs/cathdata/dompdb/1lyaB2 92.000000
/nfs/cathdata/dompdb/1rne02 88.000000
/nfs/cathdata/dompdb/1cms02 96.000000
/nfs/cathdata/dompdb/1smrA2 88.000000
/nfs/cathdata/dompdb/1psoE2 96.000000
/nfs/cathdata/dompdb/1htrB2 92.000000
/nfs/cathdata/dompdb/1jxrA2 88.000000
/data/pdb_release/all/pdb2cas.ent 84.000000
/nfs/cathdata/dompdb/1rthA1 88.000000
/data/pdb_release/all/pdb1har.ent 84.000000
/nfs/cathdata/dompdb/1mml01 84.000000
/data/pdb_release/all/pdb1pgx.ent 92.000000
/data/pdb_release/all/pdb4fgf.ent 78.000000
/tmp/1afgA0 78.000000
/data/pdb_release/all/pdb1i1b.ent 74.000000
/data/pdb_release/all/pdb8i1b.ent 78.000000
/tmp/1ilr10 78.000000
/data/pdb_release/all/pdb1hcd.ent 82.000000
/data/pdb_release/all/pdb1tie.ent 78.000000
/data/pdb_release/all/pdb1wbc.ent 88.000000
/nfs/cathdata/dompdb/2aaiB2 78.000000
/nfs/cathdata/dompdb/1abrB2 78.000000
/nfs/cathdata/dompdb/2aaiB1 82.000000
/nfs/cathdata/dompdb/1abrB1 74.000000
/tmp/1msaA0 78.000000
/nfs/cathdata/dompdb/1dlc03 82.000000
/tmp/1vmoA0 78.000000
/data/pdb_release/all/pdb1hxn.ent 96.000000
/nfs/cathdata/dompdb/1fbl02 84.000000
/data/pdb_release/all/pdb1rtg.ent 84.000000
/data/pdb_release/all/pdb1pex.ent 84.000000
/data/pdb_release/all/pdb2nn9.ent 82.000000
/data/pdb_release/all/pdb2bat.ent 86.000000
/tmp/1nscA0 86.000000
/data/pdb_release/all/pdb1inv.ent 86.000000
/data/pdb_release/all/pdb1sim.ent 92.000000
/tmp/2bbkH0 86.000000
/tmp/1mdaH0 86.000000
/tmp/2madH0 0.000000
/nfs/cathdata/dompdb/1gof02 86.000000
/tmp/3aahA0 88.000000
/nfs/cathdata/dompdb/1kapP1 88.000000
/nfs/cathdata/dompdb/1sat01 92.000000
/nfs/cathdata/dompdb/1lxa01 86.000000
/data/pdb_release/all/pdb2pec.ent 86.000000
/nfs/cathdata/dompdb/2taaA2 86.000000
/nfs/cathdata/dompdb/1ppi02 82.000000
/nfs/cathdata/dompdb/1bvp12 78.000000
/data/pdb_release/all/pdb1bcx.ent 88.000000
/tmp/1enxA0 86.000000
/data/pdb_release/all/pdb1xnd.ent 84.000000
/data/pdb_release/all/pdb1xyn.ent 88.000000
/data/pdb_release/all/pdb1yna.ent 88.000000
/tmp/2pcdA0 82.000000
/tmp/2pcdM0 92.000000
/nfs/cathdata/dompdb/1dlc02 78.000000
/nfs/cathdata/dompdb/1ciy03 86.000000
/nfs/cathdata/dompdb/1ddt03 74.000000
/tmp/1gff10 80.000000
/tmp/2bpa10 84.000000
/data/pdb_release/all/pdb1jbc.ent 86.000000
/data/pdb_release/all/pdb2cna.ent 86.000000
/nfs/cathdata/dompdb/1dhx04 74.000000
/tmp/4htcI0 36.000000
/data/pdb_release/all/pdb1hic.ent 42.000000
/nfs/cathdata/dompdb/1ecl03 88.000000
/data/pdb_release/all/pdb1htp.ent 84.000000
/tmp/1dupA0 84.000000
/nfs/cathdata/dompdb/1ggtA1 70.000000
/tmp/1tsrA0 88.000000
/data/pdb_release/all/pdb1gpr.ent 86.000000
/data/pdb_release/all/pdb1f3g.ent 86.000000
/nfs/cathdata/dompdb/1aozA3 88.000000
/nfs/cathdata/dompdb/1oacA3 92.000000
/nfs/cathdata/dompdb/1bglA5 92.000000
/nfs/cathdata/dompdb/1bglA1 82.000000
/tmp/1celA0 82.000000
/tmp/1afcA0 74.000000
/tmp/2plv20 92.000000
/tmp/1rhi20 84.000000
/data/pdb_release/all/pdb1pov.ent 92.000000
/tmp/1bmv10 92.000000
/tmp/4sbvA0 84.000000
/tmp/1smvA0 86.000000
/tmp/2tbvA0 86.000000
/tmp/2bbvA0 84.000000
/tmp/1bmv20 92.000000
/tmp/1tnfA0 82.000000
/tmp/1tnrA0 82.000000
/tmp/1hlcA0 82.000000
/tmp/1sltA0 78.000000
/tmp/2ltnA0 86.000000
/tmp/1lenA0 78.000000
/tmp/1lgcA0 86.000000
/data/pdb_release/all/pdb1lte.ent 86.000000
/data/pdb_release/all/pdb1sba.ent 86.000000
/data/pdb_release/all/pdb1gsl.ent 86.000000
/tmp/2pelA0 84.000000
/tmp/1fatA0 86.000000
/tmp/1ioaA0 88.000000
/tmp/1sacA0 86.000000
/tmp/1gnhA0 88.000000
/data/pdb_release/all/pdb2ayh.ent 86.000000
/data/pdb_release/all/pdb1cpm.ent 88.000000
/data/pdb_release/all/pdb1gbg.ent 86.000000
/nfs/cathdata/dompdb/1cgt02 78.000000
/nfs/cathdata/dompdb/1cdg02 82.000000
/nfs/cathdata/dompdb/1cyg02 86.000000
/nfs/cathdata/dompdb/1ciu02 82.000000
/nfs/cathdata/dompdb/1pamA2 86.000000
/nfs/cathdata/dompdb/2aaa02 86.000000
/nfs/cathdata/dompdb/1pnf02 78.000000
/data/pdb_release/all/pdb1knb.ent 82.000000
/tmp/1sluA0 82.000000
/nfs/cathdata/dompdb/1lla02 80.000000
/nfs/cathdata/dompdb/1svb01 82.000000
/data/pdb_release/all/pdb1cyw.ent 86.000000
/nfs/cathdata/dompdb/1hcz01 92.000000
/data/pdb_release/all/pdb1thw.ent 82.000000
/tmp/1cauB0 84.000000
/nfs/cathdata/dompdb/2phlA3 86.000000
/nfs/cathdata/dompdb/2phlA2 84.000000
/data/pdb_release/all/pdb2stv.ent 84.000000
/tmp/1bbt10 84.000000
/tmp/1pov10 84.000000
/tmp/1pvc10 84.000000
/tmp/1r0910 86.000000
/tmp/1rhi10 86.000000
/tmp/1tme10 84.000000
/tmp/2mev10 86.000000
/tmp/2bpa20 78.000000
/tmp/1gff20 82.000000
/tmp/1bbt30 82.000000
/tmp/1tme30 80.000000
/tmp/2mev30 82.000000
/tmp/1r0930 84.000000
/tmp/1pov30 80.000000
/tmp/1pvc30 80.000000
/tmp/1rhi30 84.000000
/tmp/1bbt20 86.000000
/tmp/1tme20 92.000000
/tmp/2mev20 86.000000
/tmp/1r0920 86.000000
/tmp/1pvc20 92.000000
/data/pdb_release/all/pdb1arn.ent 84.000000
/tmp/1aizA0 76.000000
/data/pdb_release/all/pdb1aaj.ent 82.000000
/nfs/cathdata/dompdb/1aozA1 78.000000
/nfs/cathdata/dompdb/1aozA2 78.000000
/nfs/cathdata/dompdb/1gof03 78.000000
/nfs/cathdata/dompdb/1nif01 78.000000
/nfs/cathdata/dompdb/1afnA1 70.000000
/nfs/cathdata/dompdb/1nif02 78.000000
/nfs/cathdata/dompdb/1ntd02 78.000000
/tmp/1eta10 84.000000
/tmp/1tfpA0 70.000000
/tmp/1sxaA0 78.000000
/tmp/1srdA0 78.000000
/data/pdb_release/all/pdb1jcv.ent 86.000000
/tmp/1sosA0 86.000000
/tmp/1xsoA0 82.000000
/data/pdb_release/all/pdb1akp.ent 74.000000
/data/pdb_release/all/pdb1acx.ent 86.000000
/data/pdb_release/all/pdb1noa.ent 78.000000
/data/pdb_release/all/pdb2mcm.ent 82.000000
/nfs/cathdata/dompdb/1clc01 74.000000
/nfs/cathdata/dompdb/1ctn01 82.000000
/data/pdb_release/all/pdb1exg.ent 78.000000
/nfs/cathdata/dompdb/1bglA4 78.000000
/nfs/cathdata/dompdb/1bglA2 82.000000
/nfs/cathdata/dompdb/1svcP3 76.000000
/nfs/cathdata/dompdb/1svb04 86.000000
/nfs/cathdata/dompdb/1gof01 74.000000
/nfs/cathdata/dompdb/2sblB1 82.000000
/nfs/cathdata/dompdb/1hplA2 78.000000
/nfs/cathdata/dompdb/1lpbB2 78.000000
/nfs/cathdata/dompdb/1pgs01 82.000000
/data/pdb_release/all/pdb1ten.ent 82.000000
/nfs/cathdata/dompdb/1fnf01 86.000000
/nfs/cathdata/dompdb/1fnf02 74.000000
/nfs/cathdata/dompdb/1fnf03 74.000000
/nfs/cathdata/dompdb/1cfb01 78.000000
/nfs/cathdata/dompdb/1cfb02 86.000000
/tmp/1wapA0 78.000000
/data/pdb_release/all/pdb1ncg.ent 86.000000
/data/pdb_release/all/pdb1suh.ent 78.000000
/nfs/cathdata/dompdb/1ggtA4 86.000000
/nfs/cathdata/dompdb/1cgt04 70.000000
/nfs/cathdata/dompdb/1cdg04 78.000000
/nfs/cathdata/dompdb/1cyg04 70.000000
/data/pdb_release/all/pdb1kul.ent 86.000000
/nfs/cathdata/dompdb/1ciu04 74.000000
/nfs/cathdata/dompdb/1pamA4 74.000000
/nfs/cathdata/dompdb/1cgt03 82.000000
/nfs/cathdata/dompdb/1cdg03 82.000000
/nfs/cathdata/dompdb/1cyg03 82.000000
/nfs/cathdata/dompdb/1ciu03 82.000000
/nfs/cathdata/dompdb/1pamA3 82.000000
/data/pdb_release/all/pdb1rsy.ent 88.000000
/data/pdb_release/all/pdb1plc.ent 84.000000
/data/pdb_release/all/pdb9pcy.ent 82.000000
/data/pdb_release/all/pdb2plt.ent 84.000000
/data/pdb_release/all/pdb7pcy.ent 84.000000
/data/pdb_release/all/pdb1pla.ent 82.000000
/data/pdb_release/all/pdb1nin.ent 86.000000
/data/pdb_release/all/pdb1paz.ent 82.000000
/data/pdb_release/all/pdb1pmy.ent 82.000000
/data/pdb_release/all/pdb1zia.ent 86.000000
/tmp/1adwA0 86.000000
/tmp/1vlxA0 80.000000
/nfs/cathdata/dompdb/1vgeH1 78.000000
/nfs/cathdata/dompdb/1yuhB1 74.000000
/nfs/cathdata/dompdb/1clyH1 78.000000
/nfs/cathdata/dompdb/1kelH1 82.000000
/nfs/cathdata/dompdb/1nldH1 88.000000
/nfs/cathdata/dompdb/1ghfH1 82.000000
/nfs/cathdata/dompdb/1ospH1 78.000000
/nfs/cathdata/dompdb/1mimH1 78.000000
/nfs/cathdata/dompdb/1cloH1 74.000000
/nfs/cathdata/dompdb/1plgL1 74.000000
/nfs/cathdata/dompdb/1ghfL1 82.000000
/nfs/cathdata/dompdb/1clzL1 82.000000
/nfs/cathdata/dompdb/1kelL1 78.000000
/nfs/cathdata/dompdb/1gafL1 74.000000
/nfs/cathdata/dompdb/1iaiL1 70.000000
/nfs/cathdata/dompdb/1aifA1 70.000000
/nfs/cathdata/dompdb/1vgeL1 78.000000
/nfs/cathdata/dompdb/1nldL1 74.000000
/nfs/cathdata/dompdb/1ospL1 74.000000
/nfs/cathdata/dompdb/1mimL1 74.000000
/nfs/cathdata/dompdb/1lilA1 82.000000
/nfs/cathdata/dompdb/1cloL1 74.000000
/nfs/cathdata/dompdb/1bec01 86.000000
/nfs/cathdata/dompdb/1tcrB1 78.000000
/data/pdb_release/all/pdb1tit.ent 70.000000
/data/pdb_release/all/pdb1cid.ent 86.000000
/data/pdb_release/all/pdb3cd4.ent 78.000000
/data/pdb_release/all/pdb1hoe.ent 74.000000
/nfs/cathdata/dompdb/3hhrB1 70.000000
/nfs/cathdata/dompdb/3hhrB2 70.000000
/nfs/cathdata/dompdb/1fieA3 86.000000
/nfs/cathdata/dompdb/1hft01 82.000000
/data/pdb_release/all/pdb1ttf.ent 86.000000
/nfs/cathdata/dompdb/1hilA1 78.000000
/nfs/cathdata/dompdb/1ggbL1 74.000000
/nfs/cathdata/dompdb/1gigL1 74.000000
/nfs/cathdata/dompdb/1mfeL1 78.000000
/nfs/cathdata/dompdb/1igfL1 82.000000
/nfs/cathdata/dompdb/1lmkA2 82.000000
/nfs/cathdata/dompdb/1mcbA1 78.000000
/nfs/cathdata/dompdb/1mlbA1 78.000000
/nfs/cathdata/dompdb/3hfmL1 78.000000
/nfs/cathdata/dompdb/1opgL1 70.000000
/nfs/cathdata/dompdb/1ncaL1 78.000000
/nfs/cathdata/dompdb/1tetL1 74.000000
/nfs/cathdata/dompdb/2fb4L1 74.000000
/nfs/cathdata/dompdb/2fbjL1 70.000000
/nfs/cathdata/dompdb/6fabL1 82.000000
/nfs/cathdata/dompdb/7fabL1 86.000000
/nfs/cathdata/dompdb/8fabA1 70.000000
/nfs/cathdata/dompdb/1eapA1 74.000000
/nfs/cathdata/dompdb/1figL1 74.000000
/nfs/cathdata/dompdb/1forL1 82.000000
/nfs/cathdata/dompdb/1ibgL1 78.000000
/nfs/cathdata/dompdb/1igcL1 74.000000
/nfs/cathdata/dompdb/1jelL1 74.000000
/nfs/cathdata/dompdb/1nsnL1 78.000000
/nfs/cathdata/dompdb/2gfbA1 74.000000
/tmp/1dvfC0 74.000000
/tmp/1dvfD0 82.000000
/data/pdb_release/all/pdb1vhp.ent 82.000000
/nfs/cathdata/dompdb/1gafH1 86.000000
/nfs/cathdata/dompdb/1iaiH1 78.000000
/nfs/cathdata/dompdb/1aifB1 74.000000
/nfs/cathdata/dompdb/1ngpH1 86.000000
/nfs/cathdata/dompdb/1plgH1 86.000000
/nfs/cathdata/dompdb/1mlbB1 78.000000
/nfs/cathdata/dompdb/2cgrH1 86.000000
/nfs/cathdata/dompdb/1eapB1 82.000000
/nfs/cathdata/dompdb/1faiH1 84.000000
/nfs/cathdata/dompdb/1fbiH1 74.000000
/nfs/cathdata/dompdb/1figH1 74.000000
/nfs/cathdata/dompdb/1forH1 78.000000
/nfs/cathdata/dompdb/1fptH1 78.000000
/nfs/cathdata/dompdb/1frgH1 86.000000
/nfs/cathdata/dompdb/1gigH1 78.000000
/nfs/cathdata/dompdb/1ibgH1 78.000000
/nfs/cathdata/dompdb/1igcH1 78.000000
/nfs/cathdata/dompdb/1igjB1 86.000000
/nfs/cathdata/dompdb/1ikfH1 82.000000
/nfs/cathdata/dompdb/1jelH1 86.000000
/nfs/cathdata/dompdb/1mrcH1 78.000000
/nfs/cathdata/dompdb/1nsnH1 78.000000
/nfs/cathdata/dompdb/1opgH1 70.000000
/nfs/cathdata/dompdb/1rmfH1 74.000000
/nfs/cathdata/dompdb/2fgwH1 86.000000
/nfs/cathdata/dompdb/2gfbB1 86.000000
/nfs/cathdata/dompdb/6fabH1 78.000000
/nfs/cathdata/dompdb/1acyL1 78.000000
/nfs/cathdata/dompdb/1bafL1 78.000000
/nfs/cathdata/dompdb/1bbdL1 74.000000
/nfs/cathdata/dompdb/1bqlL1 86.000000
/nfs/cathdata/dompdb/2cgrL1 82.000000
/nfs/cathdata/dompdb/1dbbL1 78.000000
/nfs/cathdata/dompdb/1dfbL1 74.000000
/nfs/cathdata/dompdb/1faiL1 70.000000
/nfs/cathdata/dompdb/1mamL1 70.000000
/nfs/cathdata/dompdb/1ikfL1 82.000000
/nfs/cathdata/dompdb/1frgL1 82.000000
/tmp/1wtlA0 82.000000
/tmp/1breA0 74.000000
/tmp/1fvcB0 74.000000
/tmp/1jhlH0 82.000000
/tmp/1vfaB0 86.000000
/tmp/1igmH0 86.000000
/tmp/1mfaL0 0.000000
/tmp/1fgvH0 78.000000
/tmp/1nmaH0 82.000000
/tmp/2bjl10 74.000000
/nfs/cathdata/dompdb/8fabB1 86.000000
/nfs/cathdata/dompdb/2fb4H1 78.000000
/nfs/cathdata/dompdb/1acyH1 78.000000
/nfs/cathdata/dompdb/1bbdH1 78.000000
/nfs/cathdata/dompdb/2hflH1 86.000000
/nfs/cathdata/dompdb/2fbjH1 78.000000
/nfs/cathdata/dompdb/1hilB1 74.000000
/nfs/cathdata/dompdb/1nbvH1 86.000000
/nfs/cathdata/dompdb/7fabH1 86.000000
/nfs/cathdata/dompdb/1indH1 86.000000
/nfs/cathdata/dompdb/1tetH1 86.000000
/nfs/cathdata/dompdb/1mamH1 78.000000
/nfs/cathdata/dompdb/1ncaH1 82.000000
/nfs/cathdata/dompdb/1dbbH1 78.000000
/nfs/cathdata/dompdb/1dfbH1 86.000000
/nfs/cathdata/dompdb/1flrH1 86.000000
/nfs/cathdata/dompdb/1ggbH1 82.000000
/nfs/cathdata/dompdb/1igfH1 82.000000
/nfs/cathdata/dompdb/1bafH1 78.000000
/nfs/cathdata/dompdb/3hfmH1 82.000000
/nfs/cathdata/dompdb/1mcpH1 70.000000
/nfs/cathdata/dompdb/1lmkA1 86.000000
/nfs/cathdata/dompdb/1mfbH1 78.000000
/nfs/cathdata/dompdb/1fc2D2 86.000000
/nfs/cathdata/dompdb/1gigL2 80.000000
/nfs/cathdata/dompdb/1kelL2 84.000000
/nfs/cathdata/dompdb/1gafL2 88.000000
/nfs/cathdata/dompdb/2fb4L2 84.000000
/nfs/cathdata/dompdb/1yuhB2 44.000000
/nfs/cathdata/dompdb/1clzH2 82.000000
/nfs/cathdata/dompdb/1fc2D1 84.000000
/nfs/cathdata/dompdb/1fruA2 78.000000
/tmp/1hsbB0 70.000000
/tmp/1mhcB0 70.000000
/tmp/1fruB0 70.000000
/data/pdb_release/all/pdb1bmg.ent 86.000000
/nfs/cathdata/dompdb/1dlhA2 70.000000
/nfs/cathdata/dompdb/1sebB2 70.000000
/nfs/cathdata/dompdb/1bec02 88.000000
/nfs/cathdata/dompdb/1vcaA2 82.000000
/data/pdb_release/all/pdb1tnm.ent 82.000000
/nfs/cathdata/dompdb/1vcaA1 82.000000
/data/pdb_release/all/pdb1tlk.ent 86.000000
/nfs/cathdata/dompdb/1hft02 96.000000
/data/pdb_release/all/pdb1cd8.ent 74.000000
/nfs/cathdata/dompdb/1igjA1 82.000000
/tmp/1nmbL0 74.000000
/data/pdb_release/all/pdb2rhe.ent 70.000000
/tmp/1fgvL0 78.000000
/data/pdb_release/all/pdb2imn.ent 78.000000
/tmp/1reiA0 74.000000
/tmp/1fvcA0 78.000000
/tmp/1igmL0 82.000000
/tmp/1jhlL0 78.000000
/tmp/1ivlA0 74.000000
/tmp/1vfaA0 82.000000
/data/pdb_release/all/pdb1pho.ent 86.000000
/data/pdb_release/all/pdb1omf.ent 86.000000
/data/pdb_release/all/pdb3bcl.ent 88.000000
/nfs/cathdata/dompdb/1amm01 86.000000
/nfs/cathdata/dompdb/1amm02 92.000000
/nfs/cathdata/dompdb/2bb202 74.000000
/nfs/cathdata/dompdb/2gcr01 86.000000
/nfs/cathdata/dompdb/2gcr02 78.000000
/nfs/cathdata/dompdb/1elpA1 86.000000
/nfs/cathdata/dompdb/1elpA2 84.000000
/nfs/cathdata/dompdb/2bb201 82.000000
/nfs/cathdata/dompdb/1prr01 84.000000
/nfs/cathdata/dompdb/1prr02 96.000000
/tmp/1mdaL0 76.000000
/tmp/2bbkL0 74.000000
/data/pdb_release/all/pdb1cdb.ent 66.000000
/nfs/cathdata/dompdb/1hngA1 74.000000
/tmp/1cdcA0 82.000000
/nfs/cathdata/dompdb/1hnf02 86.000000
/nfs/cathdata/dompdb/1hngA2 86.000000
/tmp/1mfaH0 0.000000
/nfs/cathdata/dompdb/2fbjH2 58.000000
/nfs/cathdata/dompdb/1mcpH2 86.000000
/nfs/cathdata/dompdb/1hocA2 64.000000
/nfs/cathdata/dompdb/1hsaA2 74.000000
/nfs/cathdata/dompdb/1vaaA2 70.000000
/nfs/cathdata/dompdb/1hsbA2 74.000000
/nfs/cathdata/dompdb/1mhcA2 70.000000
/nfs/cathdata/dompdb/8fabB2 88.000000
/nfs/cathdata/dompdb/1kelH2 70.000000
/nfs/cathdata/dompdb/1bbdH2 84.000000
/nfs/cathdata/dompdb/1ospH2 82.000000
/nfs/cathdata/dompdb/1eapB2 82.000000
/tmp/1lopA0 92.000000
/data/pdb_release/all/pdb2cpl.ent 88.000000
/tmp/1cynA0 92.000000
/tmp/2rmcA0 88.000000
/nfs/cathdata/dompdb/1bucA2 70.000000
/nfs/cathdata/dompdb/3mddA2 88.000000
/nfs/cathdata/dompdb/1kxf02 82.000000
/nfs/cathdata/dompdb/1vcpA2 82.000000
/tmp/1smpI0 88.000000
/nfs/cathdata/dompdb/1svcP1 86.000000
/tmp/1sriA0 86.000000
/tmp/1avdA0 82.000000
/data/pdb_release/all/pdb1hbq.ent 78.000000
/data/pdb_release/all/pdb1rbp.ent 78.000000
/tmp/1epaA0 82.000000
/tmp/1bbpA0 78.000000
/data/pdb_release/all/pdb1mup.ent 80.000000
/data/pdb_release/all/pdb1ifc.ent 86.000000
/data/pdb_release/all/pdb1hmr.ent 86.000000
/tmp/1opaA0 82.000000
/data/pdb_release/all/pdb1adl.ent 86.000000
/data/pdb_release/all/pdb1crb.ent 82.000000
/tmp/1cbiA0 86.000000
/tmp/1ftpA0 78.000000
/data/pdb_release/all/pdb1cbs.ent 82.000000
/tmp/1pmpA0 82.000000
/data/pdb_release/all/pdb1mdc.ent 86.000000
/nfs/cathdata/dompdb/7catA1 82.000000
/data/pdb_release/all/pdb1cae.ent 76.000000
/nfs/cathdata/dompdb/1dar02 78.000000
/nfs/cathdata/dompdb/1gtrA4 82.000000
/data/pdb_release/all/pdb1prn.ent 86.000000
/data/pdb_release/all/pdb2por.ent 92.000000
/nfs/cathdata/dompdb/1ppfE1 78.000000
/nfs/cathdata/dompdb/1svpA1 78.000000
/nfs/cathdata/dompdb/1vcpA1 88.000000
/nfs/cathdata/dompdb/1sgt02 82.000000
/nfs/cathdata/dompdb/1hylA1 78.000000
/nfs/cathdata/dompdb/1try02 74.000000
/nfs/cathdata/dompdb/1sgpE1 84.000000
/nfs/cathdata/dompdb/1hpgA1 92.000000
/nfs/cathdata/dompdb/2sga01 88.000000
/nfs/cathdata/dompdb/2alp01 78.000000
/nfs/cathdata/dompdb/1tal01 70.000000
/nfs/cathdata/dompdb/2sfa01 88.000000
/nfs/cathdata/dompdb/1arb02 88.000000
/nfs/cathdata/dompdb/1hylA2 84.000000
/nfs/cathdata/dompdb/1sgpE2 78.000000
/nfs/cathdata/dompdb/1gbaA2 76.000000
/nfs/cathdata/dompdb/1hpgA2 74.000000
/nfs/cathdata/dompdb/2sga02 74.000000
/nfs/cathdata/dompdb/1tal02 74.000000
/nfs/cathdata/dompdb/2sfa02 74.000000
/nfs/cathdata/dompdb/1arb01 78.000000
/nfs/cathdata/dompdb/1cnd01 78.000000
/nfs/cathdata/dompdb/1ndh01 74.000000
/nfs/cathdata/dompdb/2pia01 74.000000
/nfs/cathdata/dompdb/1fnb01 74.000000
/nfs/cathdata/dompdb/1que01 78.000000
/nfs/cathdata/dompdb/1pkm03 84.000000
/nfs/cathdata/dompdb/1pkn03 74.000000
/nfs/cathdata/dompdb/1pkyA3 88.000000
/nfs/cathdata/dompdb/1pkyC3 52.000000
/nfs/cathdata/dompdb/1eft02 74.000000
/nfs/cathdata/dompdb/1efuA2 78.000000
/data/pdb_release/all/pdb1clh.ent 92.000000
/tmp/1tcwA0 74.000000
/tmp/1cpiA0 74.000000
/tmp/2rspA0 78.000000
/nfs/cathdata/dompdb/1pnkB3 74.000000
/nfs/cathdata/dompdb/1eft03 82.000000
/nfs/cathdata/dompdb/1efuA3 74.000000
/tmp/1ucyE0 58.000000
/tmp/1aksB0 64.000000
/tmp/2pkaB0 84.000000
/nfs/cathdata/dompdb/1hcgA1 92.000000
/nfs/cathdata/dompdb/1thsH1 88.000000
/nfs/cathdata/dompdb/1brbE1 84.000000
/nfs/cathdata/dompdb/4ptp01 88.000000
/nfs/cathdata/dompdb/1mctA1 80.000000
/nfs/cathdata/dompdb/1etrH1 80.000000
/nfs/cathdata/dompdb/1bit01 88.000000
/nfs/cathdata/dompdb/1trnA1 84.000000
/nfs/cathdata/dompdb/1try01 88.000000
/nfs/cathdata/dompdb/5chaA1 84.000000
/nfs/cathdata/dompdb/1sgt01 84.000000
/nfs/cathdata/dompdb/1lmwB1 80.000000
/nfs/cathdata/dompdb/1elg01 84.000000
/nfs/cathdata/dompdb/1elt01 84.000000
/nfs/cathdata/dompdb/1ton01 74.000000
/tmp/1mtnC0 60.000000
/nfs/cathdata/dompdb/1tbs01 88.000000
/nfs/cathdata/dompdb/1pfxC1 84.000000
/nfs/cathdata/dompdb/1fonA1 80.000000
/nfs/cathdata/dompdb/1pytD1 84.000000
/nfs/cathdata/dompdb/1rtfB1 78.000000
/nfs/cathdata/dompdb/1fujA1 74.000000
/nfs/cathdata/dompdb/1dst01 88.000000
/nfs/cathdata/dompdb/3rp2A1 74.000000
/tmp/1ceaA0 40.000000
/tmp/1pmlA0 60.000000
/data/pdb_release/all/pdb1kdu.ent 56.000000
/data/pdb_release/all/pdb1krn.ent 40.000000
/data/pdb_release/all/pdb1bw3.ent 74.000000
/tmp/1ihvA0 74.000000
/nfs/cathdata/dompdb/1hcz02 42.000000
/data/pdb_release/all/pdb1lab.ent 42.000000
/data/pdb_release/all/pdb1bdo.ent 82.000000
/data/pdb_release/all/pdb1afp.ent 40.000000
/tmp/1bovA0 92.000000
/data/pdb_release/all/pdb1mjc.ent 74.000000
/data/pdb_release/all/pdb1csp.ent 78.000000
/data/pdb_release/all/pdb1krs.ent 92.000000
/nfs/cathdata/dompdb/1lylA1 88.000000
/nfs/cathdata/dompdb/1asyA1 88.000000
/data/pdb_release/all/pdb1bgh.ent 74.000000
/data/pdb_release/all/pdb1rip.ent 0.000000
/tmp/1prtD0 96.000000
/tmp/1prtF0 88.000000
/nfs/cathdata/dompdb/1tssA2 74.000000
/nfs/cathdata/dompdb/1prtB2 92.000000
/nfs/cathdata/dompdb/1prtC2 96.000000
/tmp/1ltsD0 96.000000
/tmp/1chbD0 92.000000
/data/pdb_release/all/pdb2sns.ent 88.000000
/nfs/cathdata/dompdb/1bco02 78.000000
/nfs/cathdata/dompdb/1esfA1 84.000000
/nfs/cathdata/dompdb/1sebD1 92.000000
/nfs/cathdata/dompdb/1se201 96.000000
/tmp/1fivA0 78.000000
/tmp/1idaA0 74.000000
/tmp/1hivA0 78.000000
/data/pdb_release/all/pdb1dro.ent 84.000000
/nfs/cathdata/dompdb/1hleA1 70.000000
/nfs/cathdata/dompdb/1ovaA1 78.000000
/nfs/cathdata/dompdb/1kauC1 82.000000
/nfs/cathdata/dompdb/2kauC1 74.000000
/tmp/1ucyH0 78.000000
/nfs/cathdata/dompdb/3rp2A2 78.000000
/nfs/cathdata/dompdb/1ihsH2 74.000000
/nfs/cathdata/dompdb/1gctA2 74.000000
/nfs/cathdata/dompdb/1elg02 74.000000
/nfs/cathdata/dompdb/1brbE2 74.000000
/nfs/cathdata/dompdb/4ptp02 74.000000
/nfs/cathdata/dompdb/1elt02 92.000000
/nfs/cathdata/dompdb/1hneE2 78.000000
/nfs/cathdata/dompdb/1mctA2 78.000000
/nfs/cathdata/dompdb/1etrH2 74.000000
/nfs/cathdata/dompdb/1bit02 78.000000
/nfs/cathdata/dompdb/1trnA2 74.000000
/nfs/cathdata/dompdb/1ton02 74.000000
/tmp/2pkaA0 74.000000
/tmp/1mtnB0 78.000000
/tmp/1aksA0 78.000000
/nfs/cathdata/dompdb/1tbs02 78.000000
/nfs/cathdata/dompdb/1pfxC2 78.000000
/nfs/cathdata/dompdb/1fonA2 74.000000
/nfs/cathdata/dompdb/1pytD2 78.000000
/nfs/cathdata/dompdb/1fujA2 78.000000
/nfs/cathdata/dompdb/1rtfB2 74.000000
/nfs/cathdata/dompdb/1dst02 84.000000
/nfs/cathdata/dompdb/1hcgA2 78.000000
/nfs/cathdata/dompdb/1lmwB2 74.000000
/data/pdb_release/all/pdb1pk4.ent 40.000000
/data/pdb_release/all/pdb2pf1.ent 54.000000
/data/pdb_release/all/pdb1ahl.ent 36.000000
/data/pdb_release/all/pdb1atx.ent 58.000000
/data/pdb_release/all/pdb1sh1.ent 58.000000
/data/pdb_release/all/pdb1apf.ent 36.000000
/nfs/cathdata/dompdb/1dar03 38.000000
/nfs/cathdata/dompdb/1elo03 20.000000
/data/pdb_release/all/pdb1tfi.ent 42.000000
/tmp/4sgbI0 42.000000
/data/pdb_release/all/pdb1tih.ent 40.000000
/nfs/cathdata/dompdb/1raaB2 68.000000
/nfs/cathdata/dompdb/2atcB2 0.000000
/nfs/cathdata/dompdb/1ytfD2 42.000000
/tmp/1ytfC0 46.000000
/data/pdb_release/all/pdb1sso.ent 60.000000
/data/pdb_release/all/pdb1sap.ent 74.000000
/data/pdb_release/all/pdb1hsp.ent 0.000000
/data/pdb_release/all/pdb1gfc.ent 40.000000
/tmp/1aboA0 70.000000
/tmp/1cskA0 58.000000
/tmp/1ckaA0 60.000000
/tmp/1gbrA0 58.000000
/data/pdb_release/all/pdb1shg.ent 74.000000
/tmp/1shfA0 74.000000
/tmp/1nloC0 40.000000
/data/pdb_release/all/pdb1pnj.ent 78.000000
/tmp/1semA0 70.000000
/nfs/cathdata/dompdb/1lckA1 70.000000
/data/pdb_release/all/pdb1tud.ent 74.000000
/data/pdb_release/all/pdb1tuc.ent 74.000000
/nfs/cathdata/dompdb/1ad5A1 70.000000
/data/pdb_release/all/pdb1pls.ent 82.000000
/tmp/1dynA0 82.000000
/data/pdb_release/all/pdb1btn.ent 92.000000
/tmp/1tgxA0 70.000000
/data/pdb_release/all/pdb1nea.ent 70.000000
/data/pdb_release/all/pdb1nor.ent 70.000000
/data/pdb_release/all/pdb1ntx.ent 70.000000
/data/pdb_release/all/pdb1fas.ent 82.000000
/tmp/1cdtA0 82.000000
/data/pdb_release/all/pdb2crs.ent 78.000000
/data/pdb_release/all/pdb1ntn.ent 84.000000
/data/pdb_release/all/pdb1tfs.ent 70.000000
/data/pdb_release/all/pdb1lsi.ent 40.000000
/nfs/cathdata/dompdb/1psi01 78.000000
/nfs/cathdata/dompdb/2achA2 74.000000
/tmp/1bi6H0 36.000000
/data/pdb_release/all/pdb1tpm.ent 82.000000
/nfs/cathdata/dompdb/1hfh01 42.000000
/data/pdb_release/all/pdb1hcc.ent 62.000000
/tmp/1lpbA0 72.000000
/nfs/cathdata/dompdb/1antI1 74.000000
/tmp/1hcnB0 62.000000
/tmp/1hcnA0 84.000000
/tmp/1pdgA0 70.000000
/data/pdb_release/all/pdb2tgi.ent 84.000000
/tmp/1klaA0 88.000000
/data/pdb_release/all/pdb1tgj.ent 88.000000
/data/pdb_release/all/pdb1bet.ent 74.000000
/tmp/1bndA0 78.000000
/tmp/1bndB0 74.000000
/data/pdb_release/all/pdb1fbr.ent 74.000000
/tmp/1umuA0 74.000000
/data/pdb_release/all/pdb1ctl.ent 64.000000
/data/pdb_release/all/pdb1iml.ent 64.000000
/nfs/cathdata/dompdb/1extB1 74.000000
/tmp/2kauB0 74.000000
/tmp/1rprA0 26.000000
/tmp/1fc2C0 22.000000
/tmp/1spzZ0 32.000000
/data/pdb_release/all/pdb1edi.ent 28.000000
/data/pdb_release/all/pdb2pdd.ent 20.000000
/data/pdb_release/all/pdb1bal.ent 22.000000
/tmp/1csbA0 20.000000
/tmp/1htrP0 22.000000
/nfs/cathdata/dompdb/1ilk02 24.000000
/data/pdb_release/all/pdb1bha.ent 24.000000
/nfs/cathdata/dompdb/1grj01 56.000000
/nfs/cathdata/dompdb/1sesA1 30.000000
/data/pdb_release/all/pdb1pdc.ent 40.000000
/tmp/2achB0 40.000000
/data/pdb_release/all/pdb1egf.ent 36.000000
/data/pdb_release/all/pdb1apo.ent 0.000000
/data/pdb_release/all/pdb1fsb.ent 40.000000
/data/pdb_release/all/pdb1hre.ent 0.000000
/data/pdb_release/all/pdb1yuf.ent 40.000000
/tmp/1hcgB0 58.000000
/data/pdb_release/all/pdb1ata.ent 58.000000
/nfs/cathdata/dompdb/1ncfA2 62.000000
/data/pdb_release/all/pdb1cdq.ent 76.000000
/tmp/1kbaA0 80.000000
/tmp/2abxA0 0.000000
/tmp/1abtA0 36.000000
/data/pdb_release/all/pdb3ebx.ent 78.000000
/data/pdb_release/all/pdb2ctx.ent 70.000000
/data/pdb_release/all/pdb2cdx.ent 40.000000
/tmp/1kxiA0 78.000000
/data/pdb_release/all/pdb1cre.ent 40.000000
/data/pdb_release/all/pdb1cod.ent 74.000000
/data/pdb_release/all/pdb1drs.ent 58.000000
/data/pdb_release/all/pdb1lki.ent 34.000000
/tmp/3inkC0 60.000000
/data/pdb_release/all/pdb1hgu.ent 28.000000
/data/pdb_release/all/pdb1huw.ent 34.000000
/tmp/3hhrA0 30.000000
/data/pdb_release/all/pdb1lpt.ent 34.000000
/data/pdb_release/all/pdb1lip.ent 32.000000
/data/pdb_release/all/pdb1mzm.ent 32.000000
/data/pdb_release/all/pdb1hyp.ent 24.000000
/nfs/cathdata/dompdb/1dlc01 44.000000
/nfs/cathdata/dompdb/1ciy01 40.000000
/tmp/1etrL0 20.000000
/tmp/1tbrJ0 22.000000
/tmp/3aahB0 20.000000
/tmp/4aahB0 20.000000
/tmp/1olgA0 20.000000
/tmp/2bbvD0 20.000000
/data/pdb_release/all/pdb2ifo.ent 20.000000
/tmp/1pfiA0 20.000000
/tmp/1junA0 20.000000
/data/pdb_release/all/pdb1tvs.ent 28.000000
/tmp/1ysaC0 20.000000
/data/pdb_release/all/pdb1aml.ent 22.000000
/data/pdb_release/all/pdb125d.ent 22.000000
/data/pdb_release/all/pdb1cld.ent 20.000000
/tmp/1d66A0 24.000000
/data/pdb_release/all/pdb1pyc.ent 20.000000
/nfs/cathdata/dompdb/1poxA4 26.000000
/tmp/1ltsC0 22.000000
/tmp/1xtcC0 22.000000
/tmp/1scmA0 22.000000
/tmp/1mdyB0 20.000000
/data/pdb_release/all/pdb1bct.ent 22.000000
/nfs/cathdata/dompdb/1pcrL2 34.000000
/nfs/cathdata/dompdb/1prcL2 28.000000
/nfs/cathdata/dompdb/1pcrM2 34.000000
/nfs/cathdata/dompdb/1prcM2 30.000000
/nfs/cathdata/dompdb/1dik05 34.000000
/tmp/1bcfA0 32.000000
/data/pdb_release/all/pdb1fha.ent 36.000000
/data/pdb_release/all/pdb1ier.ent 32.000000
/data/pdb_release/all/pdb1rcc.ent 32.000000
/tmp/2ccyA0 30.000000
/data/pdb_release/all/pdb1cpq.ent 30.000000
/tmp/1bbhA0 30.000000
/data/pdb_release/all/pdb1cgn.ent 34.000000
/data/pdb_release/all/pdb1lpe.ent 28.000000
/data/pdb_release/all/pdb2asr.ent 38.000000
/data/pdb_release/all/pdb1vls.ent 34.000000
/data/pdb_release/all/pdb1aep.ent 40.000000
/tmp/256bA0 38.000000
/tmp/2hmqA0 38.000000
/data/pdb_release/all/pdb2mhr.ent 38.000000
/tmp/2tmvP0 50.000000
/tmp/1rmvA0 38.000000
/nfs/cathdata/dompdb/2ilk01 28.000000
/nfs/cathdata/dompdb/1vlk01 28.000000
/nfs/cathdata/dompdb/1bucA3 40.000000
/nfs/cathdata/dompdb/3mddA3 40.000000
/nfs/cathdata/dompdb/1chkA1 56.000000
/data/pdb_release/all/pdb1lis.ent 28.000000
/data/pdb_release/all/pdb1rcb.ent 68.000000
/tmp/1gmfA0 68.000000
/tmp/1bgeA0 34.000000
/tmp/1rhgA0 30.000000
/data/pdb_release/all/pdb1bgc.ent 28.000000
/nfs/cathdata/dompdb/1whtA2 32.000000
/data/pdb_release/all/pdb2erl.ent 32.000000
/nfs/cathdata/dompdb/1ytfD1 26.000000
/nfs/cathdata/dompdb/1mtyG1 32.000000
/nfs/cathdata/dompdb/1mhyG1 32.000000
/tmp/1ecmA0 28.000000
/nfs/cathdata/dompdb/1lxa02 38.000000
/data/pdb_release/all/pdb1acp.ent 30.000000
/data/pdb_release/all/pdb1aca.ent 26.000000
/nfs/cathdata/dompdb/1pcrM1 28.000000
/nfs/cathdata/dompdb/1prcM1 24.000000
/nfs/cathdata/dompdb/1pcrL1 68.000000
/nfs/cathdata/dompdb/1prcL1 32.000000
/nfs/cathdata/dompdb/3sdpA1 26.000000
/nfs/cathdata/dompdb/1mngA1 30.000000
/nfs/cathdata/dompdb/1svcP2 24.000000
/nfs/cathdata/dompdb/1nfkA2 22.000000
/nfs/cathdata/dompdb/1mtyG2 30.000000
/nfs/cathdata/dompdb/1mhyG2 28.000000
/nfs/cathdata/dompdb/2minB4 26.000000
/nfs/cathdata/dompdb/1mioB3 34.000000
/data/pdb_release/all/pdb1poc.ent 64.000000
/data/pdb_release/all/pdb1ppa.ent 30.000000
/data/pdb_release/all/pdb1poa.ent 62.000000
/data/pdb_release/all/pdb4bp2.ent 60.000000
/data/pdb_release/all/pdb1pod.ent 62.000000
/tmp/3p2pA0 62.000000
/tmp/1pp2L0 60.000000
/tmp/1clpA0 62.000000
/tmp/1bunA0 62.000000
/data/pdb_release/all/pdb1psj.ent 66.000000
/data/pdb_release/all/pdb1ae7.ent 66.000000
/nfs/cathdata/dompdb/1bmtA1 28.000000
/data/pdb_release/all/pdb1lmq.ent 58.000000
/data/pdb_release/all/pdb1jug.ent 62.000000
/data/pdb_release/all/pdb119l.ent 68.000000
/nfs/cathdata/dompdb/1bucA1 32.000000
/nfs/cathdata/dompdb/3mddA1 40.000000
/nfs/cathdata/dompdb/1oxa02 30.000000
/nfs/cathdata/dompdb/1grl01 76.000000
/nfs/cathdata/dompdb/1aorA2 68.000000
/nfs/cathdata/dompdb/2pgd02 40.000000
/nfs/cathdata/dompdb/1dnpA3 40.000000
/nfs/cathdata/dompdb/1csc01 60.000000
/tmp/1csmA0 34.000000
/nfs/cathdata/dompdb/1aorA3 40.000000
/data/pdb_release/all/pdb1fps.ent 40.000000
/nfs/cathdata/dompdb/1clc02 76.000000
/tmp/1ribA0 54.000000
/tmp/1mmoB0 36.000000
/tmp/1mhyB0 36.000000
/nfs/cathdata/dompdb/1cpt02 64.000000
/data/pdb_release/all/pdb1phb.ent 72.000000
/tmp/2bmhA0 76.000000
/nfs/cathdata/dompdb/1lla01 60.000000
/tmp/1mhlC0 72.000000
/tmp/1mtyD0 64.000000
/tmp/1mhyD0 64.000000
/nfs/cathdata/dompdb/2sblB2 72.000000
/data/pdb_release/all/pdb1lnh.ent 84.000000
/data/pdb_release/all/pdb1ehs.ent 22.000000
/tmp/2spcA0 26.000000
/tmp/1ytfB0 22.000000
/nfs/cathdata/dompdb/1pnkA2 26.000000
/data/pdb_release/all/pdb1aty.ent 24.000000
/nfs/cathdata/dompdb/1dloA3 68.000000
/tmp/1ithA0 30.000000
/tmp/1cpcA0 34.000000
/tmp/1cpcB0 32.000000
/tmp/1allA0 34.000000
/tmp/1allB0 34.000000
/tmp/1colA0 40.000000
/nfs/cathdata/dompdb/1ddt02 36.000000
/nfs/cathdata/dompdb/3blm02 60.000000
/nfs/cathdata/dompdb/1mblA2 50.000000
/nfs/cathdata/dompdb/1btl02 32.000000
/nfs/cathdata/dompdb/1ckiA2 40.000000
/nfs/cathdata/dompdb/1csn02 36.000000
/nfs/cathdata/dompdb/1apmE1 64.000000
/nfs/cathdata/dompdb/1irk02 58.000000
/nfs/cathdata/dompdb/1ad5A4 62.000000
/nfs/cathdata/dompdb/1aru01 32.000000
/nfs/cathdata/dompdb/1llp01 36.000000
/nfs/cathdata/dompdb/1mnp01 36.000000
/nfs/cathdata/dompdb/1qpaA1 32.000000
/nfs/cathdata/dompdb/1cca01 40.000000
/nfs/cathdata/dompdb/1apxA1 32.000000
/nfs/cathdata/dompdb/1schA1 32.000000
/data/pdb_release/all/pdb153l.ent 36.000000
/data/pdb_release/all/pdb1baa.ent 46.000000
/nfs/cathdata/dompdb/1cnsA1 32.000000
/data/pdb_release/all/pdb135l.ent 62.000000
/data/pdb_release/all/pdb2ihl.ent 62.000000
/data/pdb_release/all/pdb1lz1.ent 58.000000
/data/pdb_release/all/pdb1hhl.ent 58.000000
/tmp/1ghlA0 58.000000
/data/pdb_release/all/pdb2eql.ent 58.000000
/data/pdb_release/all/pdb1alc.ent 62.000000
/data/pdb_release/all/pdb1hml.ent 62.000000
/tmp/1thbA0 36.000000
/tmp/1hdsA0 32.000000
/tmp/1hdsB0 32.000000
/tmp/2mhbA0 32.000000
/tmp/1fdhG0 32.000000
/tmp/1hbhA0 32.000000
/tmp/1hdaA0 36.000000
/tmp/1babB0 32.000000
/data/pdb_release/all/pdb2lhb.ent 36.000000
/tmp/1hbhB0 32.000000
/tmp/1hdaB0 36.000000
/tmp/1pghA0 32.000000
/tmp/1pghB0 32.000000
/tmp/1ibeB0 36.000000
/tmp/1outA0 32.000000
/tmp/1outB0 32.000000
/tmp/1spgA0 36.000000
/tmp/1spgB0 32.000000
/data/pdb_release/all/pdb1flp.ent 36.000000
/data/pdb_release/all/pdb1lhs.ent 32.000000
/data/pdb_release/all/pdb1bvd.ent 32.000000
/data/pdb_release/all/pdb1ymb.ent 28.000000
/data/pdb_release/all/pdb1mbs.ent 36.000000
/data/pdb_release/all/pdb2mm1.ent 32.000000
/data/pdb_release/all/pdb1emy.ent 32.000000
/tmp/1mygA0 36.000000
/data/pdb_release/all/pdb1myt.ent 30.000000
/data/pdb_release/all/pdb1eca.ent 32.000000
/tmp/1sctA0 32.000000
/tmp/1sctB0 36.000000
/tmp/3sdhA0 32.000000
/data/pdb_release/all/pdb1mba.ent 32.000000
/data/pdb_release/all/pdb1ash.ent 36.000000
/nfs/cathdata/dompdb/1fcdC2 36.000000
/tmp/2mtaC0 32.000000
/nfs/cathdata/dompdb/2abk02 26.000000
/nfs/cathdata/dompdb/1npc02 68.000000
/nfs/cathdata/dompdb/1ezm02 36.000000
/nfs/cathdata/dompdb/2tmnE2 68.000000
/nfs/cathdata/dompdb/1dnpA2 36.000000
/nfs/cathdata/dompdb/1gia02 36.000000
/nfs/cathdata/dompdb/1tadA2 36.000000
/nfs/cathdata/dompdb/7catA2 36.000000
/nfs/cathdata/dompdb/1cca02 60.000000
/nfs/cathdata/dompdb/1apxA2 30.000000
/nfs/cathdata/dompdb/1aru02 28.000000
/nfs/cathdata/dompdb/1llp02 28.000000
/nfs/cathdata/dompdb/1mnp02 28.000000
/nfs/cathdata/dompdb/1qpaA2 32.000000
/nfs/cathdata/dompdb/1schA2 64.000000
/tmp/1rfbA0 34.000000
/nfs/cathdata/dompdb/1pnkA1 56.000000
/data/pdb_release/all/pdb1end.ent 32.000000
/nfs/cathdata/dompdb/1gly01 56.000000
/nfs/cathdata/dompdb/1ecl02 60.000000
/data/pdb_release/all/pdb1sra.ent 32.000000
/nfs/cathdata/dompdb/1prcC2 32.000000
/nfs/cathdata/dompdb/1prcC1 32.000000
/nfs/cathdata/dompdb/1vsgA2 32.000000
/nfs/cathdata/dompdb/1gly02 42.000000
/nfs/cathdata/dompdb/1pnkB4 58.000000
/data/pdb_release/all/pdb1hlm.ent 36.000000
/data/pdb_release/all/pdb1hlb.ent 32.000000
/data/pdb_release/all/pdb1hbg.ent 36.000000
/data/pdb_release/all/pdb1gdj.ent 32.000000
/tmp/1binA0 36.000000
/nfs/cathdata/dompdb/1osa02 34.000000
/nfs/cathdata/dompdb/1wdcC2 60.000000
/nfs/cathdata/dompdb/1tnw02 30.000000
/tmp/1cnpA0 30.000000
/tmp/1symA0 30.000000
/tmp/1tcoB0 32.000000
/nfs/cathdata/dompdb/1scmC1 30.000000
/nfs/cathdata/dompdb/1wdcB1 26.000000
/nfs/cathdata/dompdb/1rec01 0.000000
/nfs/cathdata/dompdb/1rec02 32.000000
/data/pdb_release/all/pdb2sas.ent 36.000000
/tmp/2scpA0 34.000000
/data/pdb_release/all/pdb155c.ent 42.000000
/data/pdb_release/all/pdb1ycc.ent 32.000000
/data/pdb_release/all/pdb1ccr.ent 36.000000
/tmp/5cytR0 36.000000
/data/pdb_release/all/pdb1yeb.ent 36.000000
/data/pdb_release/all/pdb1hrc.ent 36.000000
/data/pdb_release/all/pdb1cry.ent 32.000000
/data/pdb_release/all/pdb1cot.ent 44.000000
/data/pdb_release/all/pdb3c2c.ent 34.000000
/tmp/1c2rA0 48.000000
/data/pdb_release/all/pdb1cxc.ent 46.000000
/data/pdb_release/all/pdb1yea.ent 32.000000
/tmp/1hroA0 36.000000
/data/pdb_release/all/pdb1dvh.ent 30.000000
/data/pdb_release/all/pdb351c.ent 30.000000
/data/pdb_release/all/pdb1cor.ent 34.000000
/data/pdb_release/all/pdb1cch.ent 30.000000
/nfs/cathdata/dompdb/1fcdC1 26.000000
/data/pdb_release/all/pdb1cc5.ent 32.000000
/data/pdb_release/all/pdb1cyi.ent 28.000000
/data/pdb_release/all/pdb1ctj.ent 30.000000
/nfs/cathdata/dompdb/6gsvA2 34.000000
/nfs/cathdata/dompdb/1gta02 32.000000
/nfs/cathdata/dompdb/1hna02 36.000000
/nfs/cathdata/dompdb/2gsq02 30.000000
/nfs/cathdata/dompdb/1gseA2 32.000000
/nfs/cathdata/dompdb/1bpb01 30.000000
/nfs/cathdata/dompdb/1taq02 22.000000
/nfs/cathdata/dompdb/9icwA2 30.000000
/nfs/cathdata/dompdb/1ecl04 34.000000
/nfs/cathdata/dompdb/1adeA2 34.000000
/nfs/cathdata/dompdb/1atnA3 56.000000
/nfs/cathdata/dompdb/1oxa03 32.000000
/data/pdb_release/all/pdb1hmx.ent 56.000000
/nfs/cathdata/dompdb/2abk01 36.000000
/nfs/cathdata/dompdb/1gln04 30.000000
/nfs/cathdata/dompdb/2tct02 32.000000
/tmp/1hulA0 32.000000
/data/pdb_release/all/pdb1coo.ent 30.000000
/nfs/cathdata/dompdb/1wdcB2 34.000000
/data/pdb_release/all/pdb1bod.ent 30.000000
/data/pdb_release/all/pdb1cb1.ent 34.000000
/data/pdb_release/all/pdb4icb.ent 32.000000
/data/pdb_release/all/pdb1cmf.ent 26.000000
/nfs/cathdata/dompdb/1ncx01 60.000000
/data/pdb_release/all/pdb1cfc.ent 60.000000
/data/pdb_release/all/pdb1tnx.ent 32.000000
/data/pdb_release/all/pdb1rro.ent 34.000000
/data/pdb_release/all/pdb4cpv.ent 32.000000
/data/pdb_release/all/pdb5pal.ent 32.000000
/data/pdb_release/all/pdb1pal.ent 36.000000
/tmp/1rtp10 36.000000
/tmp/1pvaA0 36.000000
/nfs/cathdata/dompdb/1osa01 28.000000
/nfs/cathdata/dompdb/1avhA1 28.000000
/nfs/cathdata/dompdb/2ran01 28.000000
/nfs/cathdata/dompdb/1ala02 28.000000
/nfs/cathdata/dompdb/1hvd02 28.000000
/nfs/cathdata/dompdb/1ala04 28.000000
/nfs/cathdata/dompdb/1ann04 36.000000
/nfs/cathdata/dompdb/1avhA4 28.000000
/nfs/cathdata/dompdb/1axn01 28.000000
/nfs/cathdata/dompdb/1axn03 28.000000
/nfs/cathdata/dompdb/1axn02 30.000000
/nfs/cathdata/dompdb/1ala03 34.000000
/nfs/cathdata/dompdb/1ann03 32.000000
/nfs/cathdata/dompdb/1hvd03 28.000000
/nfs/cathdata/dompdb/2ran03 28.000000
/nfs/cathdata/dompdb/1axn04 28.000000
/nfs/cathdata/dompdb/1csc02 36.000000
/nfs/cathdata/dompdb/1csh02 36.000000
/nfs/cathdata/dompdb/2cts02 36.000000
/nfs/cathdata/dompdb/1tyaE2 36.000000
/nfs/cathdata/dompdb/1bvp11 32.000000
/data/pdb_release/all/pdb1neq.ent 32.000000
/nfs/cathdata/dompdb/1octC1 30.000000
/data/pdb_release/all/pdb1r69.ent 34.000000
/data/pdb_release/all/pdb2cro.ent 36.000000
/data/pdb_release/all/pdb1adr.ent 32.000000
/tmp/1lmb30 28.000000
/nfs/cathdata/dompdb/2yhx01 36.000000
/nfs/cathdata/dompdb/2bpfA1 36.000000
/nfs/cathdata/dompdb/1bgw03 30.000000
/nfs/cathdata/dompdb/1adt01 36.000000
/nfs/cathdata/dompdb/1glqA2 30.000000
/nfs/cathdata/dompdb/2gsrA2 30.000000
/nfs/cathdata/dompdb/1gssA2 30.000000
/data/pdb_release/all/pdb1erd.ent 20.000000
/nfs/cathdata/dompdb/1dtr02 32.000000
/tmp/1lccA0 24.000000
/nfs/cathdata/dompdb/1pnrA1 30.000000
/data/pdb_release/all/pdb1uxd.ent 24.000000
/nfs/cathdata/dompdb/2phlA1 22.000000
/nfs/cathdata/dompdb/2phlA4 28.000000
/tmp/6insE0 28.000000
/data/pdb_release/all/pdb2gf1.ent 28.000000
/data/pdb_release/all/pdb1igl.ent 26.000000
/data/pdb_release/all/pdb1bip.ent 34.000000
/data/pdb_release/all/pdb1c5a.ent 30.000000
/data/pdb_release/all/pdb1kjs.ent 36.000000
/tmp/1cmbA0 24.000000
/nfs/cathdata/dompdb/1gln03 26.000000
/nfs/cathdata/dompdb/1serA1 34.000000
/nfs/cathdata/dompdb/1bvp13 30.000000
/nfs/cathdata/dompdb/1dmb03 68.000000
/nfs/cathdata/dompdb/1dik02 28.000000
/nfs/cathdata/dompdb/9pap02 24.000000
/nfs/cathdata/dompdb/1aec02 26.000000
/nfs/cathdata/dompdb/1gecE2 26.000000
/nfs/cathdata/dompdb/2act02 26.000000
/nfs/cathdata/dompdb/1ppo02 24.000000
/nfs/cathdata/dompdb/1yal02 28.000000
/nfs/cathdata/dompdb/1theA2 28.000000
/nfs/cathdata/dompdb/1csbB1 24.000000
/nfs/cathdata/dompdb/2bltA2 24.000000
/data/pdb_release/all/pdb1utg.ent 34.000000
/data/pdb_release/all/pdb1ccd.ent 34.000000
/nfs/cathdata/dompdb/1ala01 28.000000
/nfs/cathdata/dompdb/1ann01 28.000000
/nfs/cathdata/dompdb/1ann02 30.000000
/tmp/1fliA0 24.000000
/data/pdb_release/all/pdb1etc.ent 44.000000
/tmp/1sttA0 76.000000
/data/pdb_release/all/pdb2hts.ent 56.000000
/data/pdb_release/all/pdb1hks.ent 22.000000
/data/pdb_release/all/pdb1enh.ent 28.000000
/data/pdb_release/all/pdb1ftz.ent 28.000000
/data/pdb_release/all/pdb1ftt.ent 24.000000
/tmp/1ahdP0 28.000000
/tmp/1fjlA0 28.000000
/data/pdb_release/all/pdb1vnd.ent 28.000000
/data/pdb_release/all/pdb1hdp.ent 28.000000
/data/pdb_release/all/pdb1ocp.ent 32.000000
/data/pdb_release/all/pdb1pog.ent 24.000000
/tmp/1yrnA0 28.000000
/tmp/1hcrA0 28.000000
/data/pdb_release/all/pdb1res.ent 28.000000
/data/pdb_release/all/pdb1lfb.ent 32.000000
/data/pdb_release/all/pdb2lfb.ent 28.000000
/tmp/1yrnB0 30.000000
/tmp/1fiaA0 28.000000
/data/pdb_release/all/pdb1mbe.ent 24.000000
/data/pdb_release/all/pdb1mbg.ent 24.000000
/data/pdb_release/all/pdb1mbj.ent 28.000000
/tmp/2wrpR0 32.000000
/nfs/cathdata/dompdb/2tct01 26.000000
/tmp/1bfmA0 28.000000
/tmp/1hryA0 28.000000
/data/pdb_release/all/pdb1hsm.ent 28.000000
/data/pdb_release/all/pdb1hma.ent 24.000000
/data/pdb_release/all/pdb1hme.ent 28.000000
/data/pdb_release/all/pdb1aab.ent 28.000000
/tmp/1trlA0 28.000000
/tmp/1mylA0 22.000000
/tmp/1parA0 22.000000
/tmp/1mntA0 34.000000
/data/pdb_release/all/pdb1lea.ent 64.000000
/tmp/1hstA0 60.000000
/data/pdb_release/all/pdb1ghc.ent 24.000000
/nfs/cathdata/dompdb/1dprA1 34.000000
/nfs/cathdata/dompdb/1bia01 60.000000
/nfs/cathdata/dompdb/1berA2 70.000000
/nfs/cathdata/dompdb/1pdnC1 64.000000
/nfs/cathdata/dompdb/1pdnC2 24.000000
