/tmp/2ltnB0 7.142857
/tmp/1lenB0 7.142857
/tmp/1lgcB0 0.000000
/nfs/cathdata/dompdb/1lyaB1 7.142857
/tmp/1aayA0 11.428571
/tmp/1ubdC0 10.714286
/tmp/1meyC0 10.714286
/tmp/2drpA0 23.571429
/tmp/1pyaA0 7.857143
/tmp/1hueA0 22.857143
/tmp/1wtuA0 27.857143
/tmp/1ihfA0 39.285714
/tmp/1ihfB0 42.857143
/nfs/cathdata/dompdb/1prcH1 40.714286
/nfs/cathdata/dompdb/1pcrH1 33.571429
/data/pdb_release/all/pdb4mt2.ent 0.000000
/data/pdb_release/all/pdb1tiv.ent 0.000000
/data/pdb_release/all/pdb1zaq.ent 0.000000
/data/pdb_release/all/pdb1iva.ent 0.000000
/data/pdb_release/all/pdb1agg.ent 14.285714
/data/pdb_release/all/pdb1cfh.ent 0.000000
/data/pdb_release/all/pdb1cfi.ent 0.000000
/data/pdb_release/all/pdb1aaf.ent 0.000000
/data/pdb_release/all/pdb2ech.ent 0.000000
/data/pdb_release/all/pdb1fvl.ent 7.142857
/data/pdb_release/all/pdb1kst.ent 14.285714
/tmp/1r0940 7.142857
/tmp/2plv40 20.000000
/tmp/1pvc40 20.000000
/tmp/1bbt40 9.285714
/tmp/1tme40 7.142857
/tmp/2mev40 7.142857
/tmp/1tabI0 14.285714
/data/pdb_release/all/pdb1pi2.ent 20.000000
/data/pdb_release/all/pdb1bbi.ent 28.571429
/nfs/cathdata/dompdb/1pcp01 7.142857
/nfs/cathdata/dompdb/2pspA2 7.142857
/nfs/cathdata/dompdb/1gcb01 65.000000
/nfs/cathdata/dompdb/1fieA2 70.714286
/nfs/cathdata/dompdb/1lgr01 70.000000
/nfs/cathdata/dompdb/1abbA1 73.571429
/nfs/cathdata/dompdb/1ygpA1 72.857143
/nfs/cathdata/dompdb/1pgd03 7.142857
/data/pdb_release/all/pdb1ldl.ent 14.285714
/data/pdb_release/all/pdb1ldr.ent 0.000000
/data/pdb_release/all/pdb1tap.ent 18.571429
/data/pdb_release/all/pdb5pti.ent 18.571429
/tmp/1aapA0 20.000000
/data/pdb_release/all/pdb1dtx.ent 18.571429
/data/pdb_release/all/pdb1dtk.ent 18.571429
/data/pdb_release/all/pdb1shp.ent 18.571429
/tmp/1brbI0 20.000000
/data/pdb_release/all/pdb1knt.ent 20.000000
/data/pdb_release/all/pdb1dem.ent 20.000000
/tmp/1bunB0 20.000000
/data/pdb_release/all/pdb1hnr.ent 7.142857
/tmp/1mhlA0 7.857143
/nfs/cathdata/dompdb/1gal02 9.285714
/nfs/cathdata/dompdb/1inp01 22.142857
/nfs/cathdata/dompdb/1rtc02 21.428571
/nfs/cathdata/dompdb/1apa02 22.857143
/nfs/cathdata/dompdb/1pafA2 22.857143
/nfs/cathdata/dompdb/1mrg02 22.857143
/nfs/cathdata/dompdb/1mrj02 22.857143
/nfs/cathdata/dompdb/1abrA2 22.857143
/tmp/1isuA0 7.142857
/data/pdb_release/all/pdb1hip.ent 20.714286
/tmp/2hipA0 14.285714
/data/pdb_release/all/pdb1hpi.ent 21.428571
/data/pdb_release/all/pdb1bbo.ent 9.285714
/nfs/cathdata/dompdb/1adt02 53.571429
/tmp/1abmA0 33.571429
/tmp/1idsA0 35.000000
/tmp/1isaA0 35.000000
/nfs/cathdata/dompdb/1vsgA1 42.857143
/tmp/1hmpA0 50.714286
/nfs/cathdata/dompdb/1adeA3 50.000000
/nfs/cathdata/dompdb/1qorA1 63.571429
/nfs/cathdata/dompdb/3btoA1 70.000000
/nfs/cathdata/dompdb/1dehA1 70.714286
/nfs/cathdata/dompdb/1cdoA1 67.857143
/nfs/cathdata/dompdb/1tehA1 67.142857
/nfs/cathdata/dompdb/1agnA1 70.714286
/tmp/1yptA0 62.142857
/data/pdb_release/all/pdb2hnp.ent 65.000000
/nfs/cathdata/dompdb/1yfoA1 58.571429
/tmp/1vhrA0 45.000000
/data/pdb_release/all/pdb1gpc.ent 55.000000
/nfs/cathdata/dompdb/1bgw05 40.714286
/nfs/cathdata/dompdb/1jetA1 65.714286
/nfs/cathdata/dompdb/1glaG1 60.000000
/nfs/cathdata/dompdb/1hgeA1 81.428571
/tmp/1ltsA0 50.714286
/tmp/1xtcA0 52.857143
/tmp/1tiiA0 44.285714
/tmp/1prtA0 60.714286
/nfs/cathdata/dompdb/1admA2 62.142857
/nfs/cathdata/dompdb/1chmA2 65.000000
/data/pdb_release/all/pdb1mat.ent 73.571429
/data/pdb_release/all/pdb1pbn.ent 59.285714
/data/pdb_release/all/pdb1ula.ent 63.571429
/tmp/1ecpA0 65.000000
/nfs/cathdata/dompdb/1dhx03 62.857143
/data/pdb_release/all/pdb2cyr.ent 26.428571
/data/pdb_release/all/pdb1wad.ent 22.857143
/data/pdb_release/all/pdb1czj.ent 24.285714
/tmp/1htmB0 10.000000
/nfs/cathdata/dompdb/1berA1 47.142857
/nfs/cathdata/dompdb/1dhx02 20.714286
/nfs/cathdata/dompdb/1gln02 40.714286
/nfs/cathdata/dompdb/1gtrA2 37.142857
/nfs/cathdata/dompdb/1prcH2 39.285714
/nfs/cathdata/dompdb/4rcrH2 37.142857
/nfs/cathdata/dompdb/1oxa01 42.857143
/nfs/cathdata/dompdb/1cpt01 46.428571
/nfs/cathdata/dompdb/1gcb02 25.714286
/data/pdb_release/all/pdb1mut.ent 37.857143
/data/pdb_release/all/pdb1pyp.ent 43.571429
/data/pdb_release/all/pdb2prd.ent 57.857143
/tmp/1eipA0 59.285714
/nfs/cathdata/dompdb/1ordA4 30.714286
/nfs/cathdata/dompdb/2cmd02 40.000000
/nfs/cathdata/dompdb/1mldA2 40.714286
/nfs/cathdata/dompdb/6ldh02 31.428571
/nfs/cathdata/dompdb/1llc02 36.428571
/nfs/cathdata/dompdb/1lldA2 27.857143
/nfs/cathdata/dompdb/2ldx02 42.142857
/nfs/cathdata/dompdb/3ldh02 37.142857
/nfs/cathdata/dompdb/5ldh02 22.142857
/nfs/cathdata/dompdb/9ldtA2 27.857143
/nfs/cathdata/dompdb/1ldb02 32.142857
/nfs/cathdata/dompdb/1hyhA2 27.857143
/nfs/cathdata/dompdb/4mdhA2 53.571429
/nfs/cathdata/dompdb/1bdmA2 42.857143
/nfs/cathdata/dompdb/1dctA2 24.285714
/tmp/1regX0 45.714286
/nfs/cathdata/dompdb/2bltA1 58.571429
/data/pdb_release/all/pdb1xaa.ent 57.142857
/data/pdb_release/all/pdb1xac.ent 65.714286
/tmp/1alkA0 61.428571
/data/pdb_release/all/pdb1lpp.ent 56.428571
/data/pdb_release/all/pdb1thg.ent 60.000000
/tmp/1cleA0 57.857143
/data/pdb_release/all/pdb1ace.ent 67.142857
/nfs/cathdata/dompdb/3ladA2 53.571429
/nfs/cathdata/dompdb/1lpfA2 50.000000
/nfs/cathdata/dompdb/1lvl02 46.428571
/nfs/cathdata/dompdb/1ebdA2 51.428571
/nfs/cathdata/dompdb/2tmdA3 51.428571
/nfs/cathdata/dompdb/1gerA2 49.285714
/nfs/cathdata/dompdb/1gesA2 50.714286
/nfs/cathdata/dompdb/3grs02 50.714286
/nfs/cathdata/dompdb/1tde02 50.000000
/nfs/cathdata/dompdb/1vdc02 50.000000
/nfs/cathdata/dompdb/1fecB2 52.142857
/nfs/cathdata/dompdb/1nhr02 57.857143
/nfs/cathdata/dompdb/1fcdA2 68.571429
/tmp/1pyaB0 54.285714
/nfs/cathdata/dompdb/1dik03 63.571429
/nfs/cathdata/dompdb/1aorA1 72.857143
/tmp/2dnjA0 68.571429
/tmp/1fjmA0 65.000000
/tmp/1tcoA0 62.142857
/nfs/cathdata/dompdb/1gph11 72.857143
/data/pdb_release/all/pdb1plq.ent 81.428571
/data/pdb_release/all/pdb1bnh.ent 62.857143
/data/pdb_release/all/pdb1cy3.ent 7.142857
/tmp/1cthA0 25.000000
/data/pdb_release/all/pdb2cdv.ent 23.571429
/nfs/cathdata/dompdb/1trkA1 47.142857
/tmp/1rvaA0 70.000000
/nfs/cathdata/dompdb/1atnA1 54.285714
/nfs/cathdata/dompdb/2btfA1 56.428571
/nfs/cathdata/dompdb/1olbA2 42.857143
/data/pdb_release/all/pdb2ctc.ent 56.428571
/data/pdb_release/all/pdb1amp.ent 57.857143
/nfs/cathdata/dompdb/1lam02 63.571429
/nfs/cathdata/dompdb/1tplA2 56.428571
/nfs/cathdata/dompdb/1dgd02 58.571429
/nfs/cathdata/dompdb/1aam02 43.571429
/nfs/cathdata/dompdb/1akaA2 56.428571
/nfs/cathdata/dompdb/2cstA2 57.142857
/nfs/cathdata/dompdb/1ordA2 55.000000
/data/pdb_release/all/pdb1rpa.ent 46.428571
/data/pdb_release/all/pdb1esc.ent 50.714286
/nfs/cathdata/dompdb/1gpb02 49.285714
/nfs/cathdata/dompdb/1ygpA2 50.000000
/tmp/1deaA0 60.714286
/tmp/1thtA0 63.571429
/tmp/1tahA0 57.857143
/tmp/1oilA0 57.857143
/nfs/cathdata/dompdb/1hplA1 62.142857
/nfs/cathdata/dompdb/1lpbB1 70.000000
/tmp/1ethA0 69.285714
/data/pdb_release/all/pdb1gpl.ent 72.142857
/data/pdb_release/all/pdb1tca.ent 54.285714
/data/pdb_release/all/pdb1ede.ent 56.428571
/data/pdb_release/all/pdb1ysc.ent 60.714286
/nfs/cathdata/dompdb/1asyA2 60.000000
/nfs/cathdata/dompdb/1lylA2 68.571429
/nfs/cathdata/dompdb/1serA2 70.714286
/data/pdb_release/all/pdb3pte.ent 57.857143
/nfs/cathdata/dompdb/1abrA1 48.571429
/nfs/cathdata/dompdb/1ahc01 61.428571
/nfs/cathdata/dompdb/1mrj01 60.000000
/nfs/cathdata/dompdb/1apa01 51.428571
/nfs/cathdata/dompdb/1pafA1 52.857143
/tmp/4dfrA0 53.571429
/data/pdb_release/all/pdb3dfr.ent 59.285714
/data/pdb_release/all/pdb8dfr.ent 56.428571
/data/pdb_release/all/pdb1drf.ent 58.571429
/data/pdb_release/all/pdb1dyr.ent 65.714286
/nfs/cathdata/dompdb/1adeA1 61.428571
/nfs/cathdata/dompdb/3pmgA1 58.571429
/data/pdb_release/all/pdb1udg.ent 40.000000
/nfs/cathdata/dompdb/3pgk02 55.000000
/nfs/cathdata/dompdb/1php02 61.428571
/nfs/cathdata/dompdb/1gpmA1 68.571429
/nfs/cathdata/dompdb/1powA3 50.714286
/nfs/cathdata/dompdb/1pvdA3 50.000000
/nfs/cathdata/dompdb/1pvdA1 52.142857
/nfs/cathdata/dompdb/1powA1 60.714286
/nfs/cathdata/dompdb/1trkA2 50.714286
/nfs/cathdata/dompdb/1tyaE1 47.857143
/nfs/cathdata/dompdb/2tysB2 62.142857
/nfs/cathdata/dompdb/1minA1 50.714286
/nfs/cathdata/dompdb/1mioA1 53.571429
/nfs/cathdata/dompdb/3ecaA1 63.571429
/nfs/cathdata/dompdb/1agx01 50.000000
/nfs/cathdata/dompdb/3pga11 62.857143
/tmp/1wsaA0 70.000000
/tmp/1nbaA0 47.857143
/nfs/cathdata/dompdb/2reb01 55.714286
/tmp/1smnA0 57.857143
/tmp/1eriA0 58.571429
/nfs/cathdata/dompdb/1lvl01 55.000000
/nfs/cathdata/dompdb/1ebdA1 53.571429
/nfs/cathdata/dompdb/1gal01 62.142857
/nfs/cathdata/dompdb/1fcdA1 72.142857
/nfs/cathdata/dompdb/1coy01 66.428571
/nfs/cathdata/dompdb/1pbe01 68.571429
/nfs/cathdata/dompdb/1aa8A1 49.285714
/nfs/cathdata/dompdb/1dob02 55.714286
/data/pdb_release/all/pdb1cge.ent 42.857143
/data/pdb_release/all/pdb1mnc.ent 41.428571
/data/pdb_release/all/pdb1srt.ent 41.428571
/nfs/cathdata/dompdb/1fbl01 41.428571
/data/pdb_release/all/pdb1mmq.ent 41.428571
/data/pdb_release/all/pdb1slm.ent 45.714286
/tmp/1atlA0 43.571429
/data/pdb_release/all/pdb1iag.ent 47.142857
/nfs/cathdata/dompdb/1kapP2 45.714286
/nfs/cathdata/dompdb/1sat02 51.428571
/data/pdb_release/all/pdb1iab.ent 50.714286
/nfs/cathdata/dompdb/1lcf01 56.428571
/nfs/cathdata/dompdb/1ovt01 50.714286
/nfs/cathdata/dompdb/1ovt03 47.857143
/nfs/cathdata/dompdb/1nnt01 40.714286
/nfs/cathdata/dompdb/1tfd01 23.571429
/nfs/cathdata/dompdb/1lcf03 50.000000
/nfs/cathdata/dompdb/1dot01 46.428571
/nfs/cathdata/dompdb/1dot03 51.428571
/nfs/cathdata/dompdb/1quk01 43.571429
/nfs/cathdata/dompdb/1sbp01 42.142857
/nfs/cathdata/dompdb/1dmb01 34.285714
/nfs/cathdata/dompdb/1pot01 39.285714
/nfs/cathdata/dompdb/3sc2A1 45.000000
/nfs/cathdata/dompdb/1rtc01 52.142857
/tmp/1pviA0 37.142857
/nfs/cathdata/dompdb/1bllE1 41.428571
/nfs/cathdata/dompdb/1scuB3 51.428571
/nfs/cathdata/dompdb/1ora01 32.857143
/nfs/cathdata/dompdb/1ora02 30.714286
/nfs/cathdata/dompdb/2glt01 54.285714
/nfs/cathdata/dompdb/1ttqB1 40.714286
/data/pdb_release/all/pdb3pgm.ent 34.285714
/nfs/cathdata/dompdb/1gtrA1 40.000000
/nfs/cathdata/dompdb/1gln01 41.428571
/tmp/1dsbA0 45.714286
/tmp/1gp1A0 34.285714
/nfs/cathdata/dompdb/1chmA1 52.142857
/nfs/cathdata/dompdb/1scuB1 48.571429
/nfs/cathdata/dompdb/1mla02 37.857143
/nfs/cathdata/dompdb/1glaG2 62.857143
/nfs/cathdata/dompdb/1ami01 52.142857
/data/pdb_release/all/pdb1ak2.ent 43.571429
/tmp/1ak3A0 52.857143
/tmp/1akeA0 55.000000
/data/pdb_release/all/pdb1aky.ent 55.000000
/data/pdb_release/all/pdb3adk.ent 49.285714
/data/pdb_release/all/pdb1ukz.ent 48.571429
/data/pdb_release/all/pdb1ukd.ent 44.285714
/nfs/cathdata/dompdb/2tmdA2 44.285714
/nfs/cathdata/dompdb/1nhp01 68.571429
/nfs/cathdata/dompdb/1trb01 51.428571
/nfs/cathdata/dompdb/1vdc01 51.428571
/nfs/cathdata/dompdb/1typA1 55.000000
/nfs/cathdata/dompdb/1gesA1 55.000000
/nfs/cathdata/dompdb/3grs01 55.714286
/nfs/cathdata/dompdb/3ladA1 55.000000
/nfs/cathdata/dompdb/1lpfA1 48.571429
/nfs/cathdata/dompdb/1pfkA2 35.714286
/nfs/cathdata/dompdb/3pfk02 37.142857
/nfs/cathdata/dompdb/3pgk01 40.714286
/nfs/cathdata/dompdb/1php01 45.714286
/nfs/cathdata/dompdb/3pmgA3 36.428571
/tmp/2rslA0 36.428571
/tmp/1gdtA0 40.714286
/nfs/cathdata/dompdb/1ctt02 33.571429
/nfs/cathdata/dompdb/1ctt01 35.714286
/tmp/1whtB0 37.142857
/nfs/cathdata/dompdb/1trkA3 44.285714
/nfs/cathdata/dompdb/1dmb02 28.571429
/nfs/cathdata/dompdb/1pda02 35.714286
/nfs/cathdata/dompdb/1hslA2 39.285714
/nfs/cathdata/dompdb/1lst02 39.285714
/nfs/cathdata/dompdb/1pbp02 45.000000
/nfs/cathdata/dompdb/1sbp02 52.142857
/data/pdb_release/all/pdb1ovb.ent 42.142857
/nfs/cathdata/dompdb/1lcf02 37.857143
/nfs/cathdata/dompdb/1lcf04 46.428571
/nfs/cathdata/dompdb/1ovt02 47.857143
/nfs/cathdata/dompdb/1ovt04 38.571429
/nfs/cathdata/dompdb/1tfd02 39.285714
/nfs/cathdata/dompdb/1dot04 27.142857
/nfs/cathdata/dompdb/1poy12 43.571429
/nfs/cathdata/dompdb/1inp03 40.714286
/nfs/cathdata/dompdb/1imbA2 42.142857
/nfs/cathdata/dompdb/1fbcA2 40.714286
/nfs/cathdata/dompdb/1ftaA2 35.714286
/nfs/cathdata/dompdb/1spiA2 29.285714
/nfs/cathdata/dompdb/1pda01 40.000000
/nfs/cathdata/dompdb/1hslA1 25.714286
/nfs/cathdata/dompdb/1lst01 25.000000
/nfs/cathdata/dompdb/2ldx01 47.857143
/nfs/cathdata/dompdb/3ldh01 44.285714
/nfs/cathdata/dompdb/5ldh01 39.285714
/nfs/cathdata/dompdb/9ldtA1 51.428571
/data/pdb_release/all/pdb5nll.ent 44.285714
/data/pdb_release/all/pdb2fx2.ent 42.142857
/data/pdb_release/all/pdb1ofv.ent 42.142857
/data/pdb_release/all/pdb2fcr.ent 42.142857
/data/pdb_release/all/pdb1rcf.ent 42.142857
/tmp/1lfaA0 50.714286
/data/pdb_release/all/pdb1ido.ent 50.714286
/nfs/cathdata/dompdb/1pfkA1 53.571429
/nfs/cathdata/dompdb/3pfk01 52.857143
/data/pdb_release/all/pdb1cus.ent 45.000000
/data/pdb_release/all/pdb1dad.ent 55.714286
/data/pdb_release/all/pdb1tib.ent 62.857143
/data/pdb_release/all/pdb3tgl.ent 66.428571
/tmp/1lgyA0 65.000000
/data/pdb_release/all/pdb1vid.ent 58.571429
/data/pdb_release/all/pdb1pdo.ent 37.857143
/nfs/cathdata/dompdb/1gpmA2 45.714286
/nfs/cathdata/dompdb/1dnpA1 41.428571
/nfs/cathdata/dompdb/1bgw02 38.571429
/nfs/cathdata/dompdb/1guhA1 37.857143
/nfs/cathdata/dompdb/1glqA1 37.142857
/nfs/cathdata/dompdb/2gsq01 36.428571
/nfs/cathdata/dompdb/2gsrA1 38.571429
/nfs/cathdata/dompdb/1gssA1 38.571429
/nfs/cathdata/dompdb/2gstA1 37.857143
/nfs/cathdata/dompdb/1gta01 29.285714
/nfs/cathdata/dompdb/1hna01 36.428571
/nfs/cathdata/dompdb/3pmgA2 28.571429
/data/pdb_release/all/pdb1lba.ent 39.285714
/tmp/1meeA0 63.571429
/nfs/cathdata/dompdb/1ordA1 35.000000
/data/pdb_release/all/pdb1ntr.ent 32.857143
/nfs/cathdata/dompdb/1gdhA2 47.142857
/nfs/cathdata/dompdb/2nacA2 46.428571
/nfs/cathdata/dompdb/2dldA2 55.714286
/nfs/cathdata/dompdb/2dldA1 36.428571
/nfs/cathdata/dompdb/1scuB2 32.857143
/nfs/cathdata/dompdb/1scuA1 45.000000
/nfs/cathdata/dompdb/1scuA2 48.571429
/data/pdb_release/all/pdb1phr.ent 37.857143
/nfs/cathdata/dompdb/1bmtA2 44.285714
/tmp/1iceA0 46.428571
/data/pdb_release/all/pdb1etu.ent 47.857143
/nfs/cathdata/dompdb/1eft01 55.714286
/data/pdb_release/all/pdb5p21.ent 50.714286
/tmp/1guaA0 50.714286
/tmp/1hurA0 54.285714
/tmp/1nipA0 58.571429
/nfs/cathdata/dompdb/1gky02 43.571429
/nfs/cathdata/dompdb/1dar01 65.714286
/nfs/cathdata/dompdb/1raaA1 35.714286
/nfs/cathdata/dompdb/1raaA2 42.857143
/nfs/cathdata/dompdb/2atcA2 37.857143
/nfs/cathdata/dompdb/4mdhA1 44.285714
/nfs/cathdata/dompdb/1bdmA1 44.285714
/nfs/cathdata/dompdb/2cmd01 49.285714
/nfs/cathdata/dompdb/1mldA1 51.428571
/nfs/cathdata/dompdb/1hyhA1 47.857143
/nfs/cathdata/dompdb/6ldh01 51.428571
/nfs/cathdata/dompdb/1ldb01 49.285714
/nfs/cathdata/dompdb/1llc01 35.714286
/nfs/cathdata/dompdb/1lldA1 49.285714
/nfs/cathdata/dompdb/1bdhA3 27.142857
/nfs/cathdata/dompdb/1tlfA2 41.428571
/nfs/cathdata/dompdb/1dbp01 35.000000
/data/pdb_release/all/pdb3chy.ent 42.857143
/nfs/cathdata/dompdb/1abe01 47.857143
/nfs/cathdata/dompdb/1gdhA1 44.285714
/nfs/cathdata/dompdb/1gca01 45.714286
/nfs/cathdata/dompdb/1gdd01 52.142857
/nfs/cathdata/dompdb/1tadA1 49.285714
/nfs/cathdata/dompdb/1gotA1 53.571429
/nfs/cathdata/dompdb/1gd1O1 63.571429
/nfs/cathdata/dompdb/4gpd11 37.857143
/nfs/cathdata/dompdb/1cerO1 62.142857
/nfs/cathdata/dompdb/1gadO1 60.000000
/nfs/cathdata/dompdb/1gypA1 62.142857
/nfs/cathdata/dompdb/1hdgO1 60.000000
/nfs/cathdata/dompdb/2lbp02 48.571429
/nfs/cathdata/dompdb/2liv02 52.142857
/nfs/cathdata/dompdb/2lbp01 56.428571
/nfs/cathdata/dompdb/2liv01 57.857143
/nfs/cathdata/dompdb/1pea02 50.714286
/nfs/cathdata/dompdb/1pea01 56.428571
/nfs/cathdata/dompdb/1ecl01 37.857143
/nfs/cathdata/dompdb/1admA1 57.142857
/nfs/cathdata/dompdb/1dctA1 54.285714
/nfs/cathdata/dompdb/1hmy01 52.142857
/tmp/1garA0 72.857143
/data/pdb_release/all/pdb1chd.ent 62.857143
/data/pdb_release/all/pdb1thm.ent 62.142857
/tmp/1cseE0 63.571429
/data/pdb_release/all/pdb1st3.ent 63.571429
/data/pdb_release/all/pdb2pkc.ent 62.857143
/data/pdb_release/all/pdb1s01.ent 63.571429
/nfs/cathdata/dompdb/1poxA2 44.285714
/nfs/cathdata/dompdb/1pvdA2 53.571429
/nfs/cathdata/dompdb/2pia02 40.000000
/nfs/cathdata/dompdb/1fnb02 43.571429
/nfs/cathdata/dompdb/1que02 44.285714
/nfs/cathdata/dompdb/1cnd02 45.000000
/nfs/cathdata/dompdb/1ndh02 53.571429
/nfs/cathdata/dompdb/1gph12 43.571429
/nfs/cathdata/dompdb/1ecgA2 35.714286
/data/pdb_release/all/pdb1sto.ent 60.714286
/nfs/cathdata/dompdb/2bgt02 43.571429
/nfs/cathdata/dompdb/2bgt01 50.714286
/nfs/cathdata/dompdb/2nacA1 48.571429
/data/pdb_release/all/pdb1dhr.ent 60.000000
/tmp/1hdcA0 54.285714
/data/pdb_release/all/pdb1eny.ent 52.142857
/nfs/cathdata/dompdb/1psdA1 37.857143
/nfs/cathdata/dompdb/1psdA2 47.142857
/nfs/cathdata/dompdb/1qorA2 53.571429
/nfs/cathdata/dompdb/3btoA2 49.285714
/nfs/cathdata/dompdb/1dehA2 50.714286
/nfs/cathdata/dompdb/1cdoA2 52.142857
/nfs/cathdata/dompdb/1tehA2 50.714286
/nfs/cathdata/dompdb/1agnA2 52.142857
/nfs/cathdata/dompdb/1dih01 36.428571
/nfs/cathdata/dompdb/2pgd01 50.714286
/nfs/cathdata/dompdb/1dpgA1 44.285714
/nfs/cathdata/dompdb/1dbqA1 45.000000
/nfs/cathdata/dompdb/1tlfA1 47.142857
/nfs/cathdata/dompdb/2dri02 50.000000
/nfs/cathdata/dompdb/1gca02 41.428571
/nfs/cathdata/dompdb/2gbp02 42.857143
/nfs/cathdata/dompdb/8abp02 53.571429
/data/pdb_release/all/pdb1ghu.ent 27.857143
/nfs/cathdata/dompdb/1ad5A2 25.714286
/tmp/1ayaA0 25.714286
/tmp/2pldA0 33.571429
/data/pdb_release/all/pdb1svq.ent 39.285714
/data/pdb_release/all/pdb1vil.ent 53.571429
/data/pdb_release/all/pdb1aba.ent 34.285714
/data/pdb_release/all/pdb1ego.ent 36.428571
/tmp/2trxA0 45.000000
/data/pdb_release/all/pdb1thx.ent 41.428571
/data/pdb_release/all/pdb3trx.ent 35.000000
/data/pdb_release/all/pdb1tof.ent 35.000000
/nfs/cathdata/dompdb/1pxtA1 42.142857
/nfs/cathdata/dompdb/1pxtA2 37.142857
/nfs/cathdata/dompdb/2yhx02 42.142857
/nfs/cathdata/dompdb/1dik01 37.857143
/nfs/cathdata/dompdb/2minA3 34.285714
/nfs/cathdata/dompdb/1mioA3 34.285714
/nfs/cathdata/dompdb/2minB2 28.571429
/nfs/cathdata/dompdb/2minB3 41.428571
/nfs/cathdata/dompdb/1mioB2 32.857143
/nfs/cathdata/dompdb/1mioB4 42.142857
/nfs/cathdata/dompdb/2minA2 32.142857
/nfs/cathdata/dompdb/1mioA2 40.714286
/nfs/cathdata/dompdb/2minB1 27.142857
/nfs/cathdata/dompdb/1mioB1 33.571429
/nfs/cathdata/dompdb/1iow01 26.428571
/nfs/cathdata/dompdb/1bncA1 32.857143
/nfs/cathdata/dompdb/3ecaA2 31.428571
/nfs/cathdata/dompdb/1agx02 31.428571
/nfs/cathdata/dompdb/3pga12 30.000000
/nfs/cathdata/dompdb/1pkyA1 40.000000
/nfs/cathdata/dompdb/1pkm01 47.142857
/nfs/cathdata/dompdb/1hsbA1 55.714286
/nfs/cathdata/dompdb/2clrA1 56.428571
/nfs/cathdata/dompdb/1mhcA1 61.428571
/tmp/1tmcA0 53.571429
/nfs/cathdata/dompdb/1fruA1 55.714286
/nfs/cathdata/dompdb/1tssA1 40.000000
/nfs/cathdata/dompdb/1se202 40.000000
/nfs/cathdata/dompdb/1sebD2 28.571429
/nfs/cathdata/dompdb/1esfA2 65.000000
/data/pdb_release/all/pdb1vhh.ent 40.714286
/nfs/cathdata/dompdb/3pmgA4 50.714286
/nfs/cathdata/dompdb/1imbA1 54.285714
/nfs/cathdata/dompdb/5fbpA1 45.714286
/nfs/cathdata/dompdb/1ftaA1 45.714286
/nfs/cathdata/dompdb/1spiA1 42.142857
/nfs/cathdata/dompdb/1inp02 42.142857
/nfs/cathdata/dompdb/1gd1O2 55.714286
/nfs/cathdata/dompdb/4gpd12 40.000000
/nfs/cathdata/dompdb/1cerO2 52.142857
/nfs/cathdata/dompdb/1gadO2 52.142857
/nfs/cathdata/dompdb/1gypA2 50.714286
/nfs/cathdata/dompdb/1hdgO2 52.142857
/data/pdb_release/all/pdb1cia.ent 63.571429
/nfs/cathdata/dompdb/1gal03 56.428571
/nfs/cathdata/dompdb/1dpgA2 62.857143
/data/pdb_release/all/pdb1dpb.ent 65.714286
/data/pdb_release/all/pdb1adn.ent 27.857143
/data/pdb_release/all/pdb2pna.ent 26.428571
/data/pdb_release/all/pdb1ab2.ent 26.428571
/tmp/1shaA0 33.571429
/tmp/1lcjA0 32.142857
/tmp/1csyA0 26.428571
/data/pdb_release/all/pdb1blj.ent 32.142857
/data/pdb_release/all/pdb1fim.ent 32.142857
/tmp/1mifA0 32.142857
/tmp/1kptA0 35.000000
/nfs/cathdata/dompdb/1dja01 37.857143
/nfs/cathdata/dompdb/1mblA1 40.714286
/nfs/cathdata/dompdb/1btl01 42.142857
/data/pdb_release/all/pdb2phy.ent 37.857143
/data/pdb_release/all/pdb1fil.ent 53.571429
/data/pdb_release/all/pdb1pne.ent 53.571429
/data/pdb_release/all/pdb1acf.ent 53.571429
/data/pdb_release/all/pdb2acg.ent 52.142857
/data/pdb_release/all/pdb1cqa.ent 51.428571
/nfs/cathdata/dompdb/1pnkB1 42.142857
/nfs/cathdata/dompdb/1oacA1 45.000000
/tmp/1otgA0 36.428571
/nfs/cathdata/dompdb/1ami02 36.428571
/nfs/cathdata/dompdb/1bpb02 35.714286
/nfs/cathdata/dompdb/9icwA3 40.000000
/nfs/cathdata/dompdb/1daaA1 40.000000
/nfs/cathdata/dompdb/1iov02 43.571429
/nfs/cathdata/dompdb/1glt02 41.428571
/tmp/1gtqA0 37.142857
/nfs/cathdata/dompdb/1bia02 57.142857
/nfs/cathdata/dompdb/1antI2 40.714286
/nfs/cathdata/dompdb/1hleA2 49.285714
/nfs/cathdata/dompdb/1ovaA2 48.571429
/nfs/cathdata/dompdb/2achA1 50.714286
/nfs/cathdata/dompdb/7apiA2 50.714286
/nfs/cathdata/dompdb/1pnkB2 47.142857
/nfs/cathdata/dompdb/1ami03 55.714286
/nfs/cathdata/dompdb/1hocA1 55.000000
/nfs/cathdata/dompdb/1hsaA1 57.857143
/nfs/cathdata/dompdb/1vaaA1 54.285714
/nfs/cathdata/dompdb/1dik06 33.571429
/nfs/cathdata/dompdb/1mdl01 30.000000
/nfs/cathdata/dompdb/4enl01 29.285714
/nfs/cathdata/dompdb/1pdz01 29.285714
/nfs/cathdata/dompdb/1nhp03 37.142857
/nfs/cathdata/dompdb/3ladA3 44.285714
/nfs/cathdata/dompdb/1lpfA3 44.285714
/nfs/cathdata/dompdb/1lvl03 44.285714
/nfs/cathdata/dompdb/1ebdA3 47.142857
/nfs/cathdata/dompdb/1tytA3 53.571429
/nfs/cathdata/dompdb/1gesA3 43.571429
/nfs/cathdata/dompdb/3grs03 42.857143
/nfs/cathdata/dompdb/1irk01 41.428571
/nfs/cathdata/dompdb/1apmE2 39.285714
/nfs/cathdata/dompdb/1ckiA1 41.428571
/nfs/cathdata/dompdb/1csn01 39.285714
/nfs/cathdata/dompdb/1coy02 42.142857
/nfs/cathdata/dompdb/1rthA4 39.285714
/tmp/1hrhA0 42.142857
/data/pdb_release/all/pdb2rn2.ent 44.285714
/data/pdb_release/all/pdb1ril.ent 42.857143
/tmp/1hjrA0 44.285714
/data/pdb_release/all/pdb1itg.ent 38.571429
/data/pdb_release/all/pdb1asu.ent 45.714286
/nfs/cathdata/dompdb/1bcmA1 44.285714
/nfs/cathdata/dompdb/1atr03 34.285714
/nfs/cathdata/dompdb/1atnA2 30.714286
/nfs/cathdata/dompdb/2btfA2 30.000000
/nfs/cathdata/dompdb/2yhx03 40.000000
/nfs/cathdata/dompdb/1atr01 40.000000
/nfs/cathdata/dompdb/1mngA2 31.428571
/nfs/cathdata/dompdb/3sdpA2 9.285714
/tmp/1kpaA0 38.571429
/nfs/cathdata/dompdb/1bpb03 22.857143
/nfs/cathdata/dompdb/1pkp02 26.428571
/nfs/cathdata/dompdb/1dar04 33.571429
/tmp/1copD0 28.571429
/data/pdb_release/all/pdb1orc.ent 24.285714
/nfs/cathdata/dompdb/2reb02 28.571429
/nfs/cathdata/dompdb/1derA2 27.857143
/tmp/1iceB0 22.142857
/tmp/2kauA0 22.142857
/nfs/cathdata/dompdb/1gpmA3 35.000000
/nfs/cathdata/dompdb/1mxa03 32.142857
/nfs/cathdata/dompdb/1mxa01 30.000000
/nfs/cathdata/dompdb/1mxa02 34.285714
/nfs/cathdata/dompdb/1xrb02 26.428571
/nfs/cathdata/dompdb/1ytbA2 39.285714
/nfs/cathdata/dompdb/1tghA2 42.857143
/nfs/cathdata/dompdb/1vokA2 39.285714
/nfs/cathdata/dompdb/1tbpA1 39.285714
/nfs/cathdata/dompdb/1tghA1 39.285714
/nfs/cathdata/dompdb/1vokA1 43.571429
/nfs/cathdata/dompdb/1pczA1 44.285714
/nfs/cathdata/dompdb/1pczA2 39.285714
/nfs/cathdata/dompdb/1bmc02 39.285714
/nfs/cathdata/dompdb/1sebA1 31.428571
/nfs/cathdata/dompdb/1sebB1 37.857143
/tmp/2sicI0 32.857143
/nfs/cathdata/dompdb/1dih02 31.428571
/tmp/1brsD0 29.285714
/data/pdb_release/all/pdb1msc.ent 46.428571
/tmp/1unaA0 45.000000
/nfs/cathdata/dompdb/1chkA2 25.000000
/nfs/cathdata/dompdb/1svb03 21.428571
/nfs/cathdata/dompdb/1oacA4 30.000000
/tmp/1latA0 20.714286
/tmp/2nllA0 9.285714
/tmp/2nllB0 12.142857
/data/pdb_release/all/pdb1tns.ent 11.428571
/data/pdb_release/all/pdb1ife.ent 15.000000
/data/pdb_release/all/pdb1tig.ent 35.000000
/nfs/cathdata/dompdb/1hpm04 22.857143
/nfs/cathdata/dompdb/1bncA2 22.142857
/nfs/cathdata/dompdb/1iow03 34.285714
/nfs/cathdata/dompdb/1glt03 33.571429
/tmp/1humA0 24.285714
/tmp/1hrjA0 18.571429
/tmp/1domA0 20.000000
/tmp/1plfA0 25.714286
/tmp/1mgsA0 27.142857
/data/pdb_release/all/pdb3il8.ent 27.142857
/tmp/1rhpA0 27.142857
/tmp/1napA0 25.714286
/tmp/1rodA0 27.142857
/data/pdb_release/all/pdb1stu.ent 26.428571
/nfs/cathdata/dompdb/1pkp01 27.142857
/nfs/cathdata/dompdb/1pda03 28.571429
/data/pdb_release/all/pdb1ncs.ent 21.428571
/tmp/1cksA0 9.285714
/tmp/1sceA0 9.285714
/tmp/1dktA0 27.142857
/tmp/1rblM0 29.285714
/tmp/3rubS0 33.571429
/tmp/8rubS0 33.571429
/tmp/8rucI0 33.571429
/tmp/1burS0 33.571429
/nfs/cathdata/dompdb/1amg02 34.285714
/nfs/cathdata/dompdb/1amy02 34.285714
/data/pdb_release/all/pdb1zer.ent 35.714286
/data/pdb_release/all/pdb1aps.ent 39.285714
/tmp/2bopA0 35.000000
/data/pdb_release/all/pdb2pii.ent 32.142857
/tmp/2chsA0 32.857143
/nfs/cathdata/dompdb/8atcB1 42.142857
/nfs/cathdata/dompdb/2atcB1 7.142857
/tmp/1nhkL0 37.857143
/data/pdb_release/all/pdb1ndk.ent 39.285714
/tmp/1nsqA0 39.285714
/tmp/1nskL0 38.571429
/nfs/cathdata/dompdb/1rbaA1 36.428571
/nfs/cathdata/dompdb/3rubL1 36.428571
/nfs/cathdata/dompdb/8rucA1 36.428571
/nfs/cathdata/dompdb/1rblA1 36.428571
/nfs/cathdata/dompdb/1ars01 25.714286
/nfs/cathdata/dompdb/7aatA1 25.714286
/nfs/cathdata/dompdb/2cstA1 25.000000
/nfs/cathdata/dompdb/1ordA3 28.571429
/nfs/cathdata/dompdb/2dkb01 49.285714
/nfs/cathdata/dompdb/1tplA1 24.285714
/tmp/1dcoA0 28.571429
/data/pdb_release/all/pdb1vig.ent 30.000000
/tmp/1xxaA0 35.000000
/nfs/cathdata/dompdb/1bgw04 50.000000
/nfs/cathdata/dompdb/1dar05 34.285714
/nfs/cathdata/dompdb/1mla01 35.000000
/nfs/cathdata/dompdb/1psdA3 35.000000
/nfs/cathdata/dompdb/1dloA2 27.857143
/nfs/cathdata/dompdb/1mml02 35.714286
/tmp/1gluA0 9.285714
/data/pdb_release/all/pdb1hra.ent 9.285714
/tmp/1hcqA0 22.142857
/nfs/cathdata/dompdb/1bgw01 25.714286
/data/pdb_release/all/pdb1nef.ent 21.428571
/tmp/1efnB0 22.857143
/nfs/cathdata/dompdb/1gky01 33.571429
/nfs/cathdata/dompdb/1yua01 27.142857
/data/pdb_release/all/pdb1vcc.ent 39.285714
/nfs/cathdata/dompdb/1svb02 33.571429
/nfs/cathdata/dompdb/1yua02 21.428571
/tmp/1otfA0 20.000000
/data/pdb_release/all/pdb1cbn.ent 7.857143
/data/pdb_release/all/pdb1bhp.ent 22.142857
/data/pdb_release/all/pdb2plh.ent 22.142857
/data/pdb_release/all/pdb1fdx.ent 7.142857
/data/pdb_release/all/pdb1clf.ent 14.285714
/data/pdb_release/all/pdb1fca.ent 21.428571
/data/pdb_release/all/pdb1fdn.ent 31.428571
/data/pdb_release/all/pdb1blu.ent 35.000000
/data/pdb_release/all/pdb1fxd.ent 32.142857
/data/pdb_release/all/pdb2fxb.ent 35.000000
/tmp/1fxrA0 35.000000
/data/pdb_release/all/pdb1rof.ent 7.142857
/data/pdb_release/all/pdb5fd1.ent 35.714286
/data/pdb_release/all/pdb1fwp.ent 27.857143
/data/pdb_release/all/pdb1sxl.ent 27.857143
/data/pdb_release/all/pdb1fht.ent 40.000000
/data/pdb_release/all/pdb1pba.ent 22.142857
/data/pdb_release/all/pdb1ris.ent 33.571429
/data/pdb_release/all/pdb1ctf.ent 28.571429
/tmp/1spbP0 35.000000
/data/pdb_release/all/pdb1ptf.ent 35.714286
/data/pdb_release/all/pdb1poh.ent 34.285714
/data/pdb_release/all/pdb2hpr.ent 34.285714
/data/pdb_release/all/pdb1pch.ent 35.714286
/data/pdb_release/all/pdb1sxm.ent 21.428571
/data/pdb_release/all/pdb2sn3.ent 21.428571
/data/pdb_release/all/pdb1vna.ent 25.714286
/data/pdb_release/all/pdb1nra.ent 25.714286
/data/pdb_release/all/pdb1ptx.ent 27.142857
/data/pdb_release/all/pdb1lqh.ent 25.714286
/data/pdb_release/all/pdb1snb.ent 25.714286
/data/pdb_release/all/pdb1gps.ent 27.142857
/data/pdb_release/all/pdb1gpt.ent 25.714286
/data/pdb_release/all/pdb1chc.ent 18.571429
/data/pdb_release/all/pdb1caa.ent 21.428571
/data/pdb_release/all/pdb1iro.ent 14.285714
/data/pdb_release/all/pdb1rdg.ent 14.285714
/data/pdb_release/all/pdb4rxn.ent 14.285714
/data/pdb_release/all/pdb6rxn.ent 14.285714
/tmp/8rxnA0 14.285714
/tmp/1gatA0 20.000000
/data/pdb_release/all/pdb1bus.ent 7.142857
/data/pdb_release/all/pdb2ovo.ent 21.428571
/data/pdb_release/all/pdb3ovo.ent 20.000000
/nfs/cathdata/dompdb/1tbrR1 21.428571
/nfs/cathdata/dompdb/1tbrR2 24.285714
/data/pdb_release/all/pdb1ptq.ent 21.428571
/nfs/cathdata/dompdb/9wgaA1 7.142857
/nfs/cathdata/dompdb/9wgaA2 7.142857
/nfs/cathdata/dompdb/9wgaA3 7.142857
/nfs/cathdata/dompdb/9wgaA4 7.142857
/nfs/cathdata/dompdb/2cwgA2 7.142857
/nfs/cathdata/dompdb/1wgtA3 7.142857
/tmp/1tgsI0 20.000000
/tmp/1cgiI0 20.000000
/data/pdb_release/all/pdb1pce.ent 20.000000
/data/pdb_release/all/pdb1hev.ent 7.142857
/data/pdb_release/all/pdb2alr.ent 58.571429
/data/pdb_release/all/pdb1frb.ent 58.571429
/nfs/cathdata/dompdb/1rlcL2 57.142857
/nfs/cathdata/dompdb/1rblA2 55.714286
/nfs/cathdata/dompdb/1rbaA2 60.714286
/nfs/cathdata/dompdb/1oneA2 60.714286
/nfs/cathdata/dompdb/1pdz02 55.714286
/tmp/1chrA0 59.285714
/tmp/1mucA0 61.428571
/data/pdb_release/all/pdb2mnr.ent 62.142857
/nfs/cathdata/dompdb/1mdr02 61.428571
/data/pdb_release/all/pdb1gox.ent 67.142857
/tmp/1fcbB0 59.285714
/nfs/cathdata/dompdb/2tmdA1 59.285714
/data/pdb_release/all/pdb1oya.ent 56.428571
/data/pdb_release/all/pdb1add.ent 57.142857
/data/pdb_release/all/pdb1pta.ent 58.571429
/data/pdb_release/all/pdb1xis.ent 50.714286
/tmp/1ximA0 53.571429
/tmp/1xlaA0 52.142857
/tmp/1dxiA0 51.428571
/data/pdb_release/all/pdb1dtp.ent 53.571429
/tmp/1dmaA0 63.571429
/nfs/cathdata/dompdb/1dik04 54.285714
/nfs/cathdata/dompdb/1kauC2 59.285714
/nfs/cathdata/dompdb/1aa8A2 56.428571
/tmp/1hymA0 7.142857
/tmp/1cseI0 18.571429
/tmp/1ypcI0 18.571429
/data/pdb_release/all/pdb1cis.ent 20.000000
/data/pdb_release/all/pdb1mit.ent 22.142857
/nfs/cathdata/dompdb/2baa02 7.142857
/data/pdb_release/all/pdb1ica.ent 7.142857
/data/pdb_release/all/pdb1cnv.ent 58.571429
/tmp/1xyzA0 53.571429
/data/pdb_release/all/pdb1exp.ent 55.714286
/tmp/1clxA0 57.857143
/data/pdb_release/all/pdb2ebn.ent 66.428571
/data/pdb_release/all/pdb1edt.ent 63.571429
/nfs/cathdata/dompdb/1ctn02 52.857143
/data/pdb_release/all/pdb1cec.ent 55.000000
/tmp/1ghsA0 52.857143
/data/pdb_release/all/pdb1ghr.ent 62.142857
/data/pdb_release/all/pdb1cbg.ent 57.142857
/nfs/cathdata/dompdb/1amg01 53.571429
/nfs/cathdata/dompdb/1amy01 57.857143
/nfs/cathdata/dompdb/2aaa01 55.714286
/nfs/cathdata/dompdb/2taaA1 59.285714
/nfs/cathdata/dompdb/1ppi01 62.142857
/data/pdb_release/all/pdb1hny.ent 69.285714
/nfs/cathdata/dompdb/1cgt01 70.714286
/nfs/cathdata/dompdb/1cdg01 72.857143
/nfs/cathdata/dompdb/1cyg01 68.571429
/nfs/cathdata/dompdb/1ciu01 65.714286
/nfs/cathdata/dompdb/1pamA1 72.142857
/data/pdb_release/all/pdb1btc.ent 57.142857
/nfs/cathdata/dompdb/1bglA3 60.000000
/tmp/1pbgA0 61.428571
/tmp/1tpfA0 56.428571
/tmp/1ypiA0 55.000000
/tmp/1timA0 52.857143
/tmp/1treA0 55.714286
/tmp/1htiA0 54.285714
/tmp/1btmA0 56.428571
/data/pdb_release/all/pdb1ads.ent 60.000000
/data/pdb_release/all/pdb1ral.ent 62.857143
/nfs/cathdata/dompdb/1csbB2 42.857143
/nfs/cathdata/dompdb/1bmc01 56.428571
/nfs/cathdata/dompdb/1ezm01 45.000000
/nfs/cathdata/dompdb/1esp01 57.857143
/nfs/cathdata/dompdb/2tmnE1 42.857143
/nfs/cathdata/dompdb/1dhy01 52.857143
/nfs/cathdata/dompdb/1han01 52.857143
/nfs/cathdata/dompdb/1dhy02 61.428571
/nfs/cathdata/dompdb/1han02 63.571429
/data/pdb_release/all/pdb1std.ent 56.428571
/data/pdb_release/all/pdb2cba.ent 68.571429
/data/pdb_release/all/pdb1crm.ent 67.857143
/tmp/1dmxA0 73.571429
/nfs/cathdata/dompdb/1bncA3 65.000000
/nfs/cathdata/dompdb/1daaA2 57.142857
/data/pdb_release/all/pdb1gym.ent 61.428571
/nfs/cathdata/dompdb/1ami04 53.571429
/tmp/1fvpA0 60.000000
/data/pdb_release/all/pdb1nfp.ent 60.714286
/tmp/1brlB0 55.714286
/tmp/1lucA0 57.142857
/data/pdb_release/all/pdb1tml.ent 61.428571
/nfs/cathdata/dompdb/1pii02 58.571429
/nfs/cathdata/dompdb/1pii01 58.571429
/data/pdb_release/all/pdb1igs.ent 58.571429
/tmp/1wsyA0 52.857143
/nfs/cathdata/dompdb/1pkm02 55.000000
/nfs/cathdata/dompdb/1pkyA2 57.857143
/tmp/1nal10 56.428571
/tmp/1fbaA0 57.142857
/data/pdb_release/all/pdb1ald.ent 59.285714
/data/pdb_release/all/pdb1nar.ent 57.857143
/data/pdb_release/all/pdb2hvm.ent 61.428571
/data/pdb_release/all/pdb1fkb.ent 45.714286
/data/pdb_release/all/pdb1yat.ent 45.714286
/data/pdb_release/all/pdb1pbk.ent 47.142857
/data/pdb_release/all/pdb1rot.ent 46.428571
/nfs/cathdata/dompdb/1hmy02 26.428571
/tmp/2msbA0 34.285714
/data/pdb_release/all/pdb1hup.ent 43.571429
/tmp/1rtm10 36.428571
/tmp/1rdl10 35.714286
/data/pdb_release/all/pdb1aak.ent 37.142857
/data/pdb_release/all/pdb2uce.ent 36.428571
/data/pdb_release/all/pdb1ucz.ent 37.857143
/tmp/1u9aA0 35.000000
/nfs/cathdata/dompdb/1fcbA1 28.571429
/data/pdb_release/all/pdb1b5m.ent 30.000000
/data/pdb_release/all/pdb1iet.ent 20.000000
/data/pdb_release/all/pdb1cyo.ent 30.714286
/tmp/1mkaA0 47.142857
/data/pdb_release/all/pdb1onc.ent 46.428571
/data/pdb_release/all/pdb7rsa.ent 47.857143
/tmp/1bsrA0 47.857143
/data/pdb_release/all/pdb1ang.ent 47.857143
/data/pdb_release/all/pdb1agi.ent 47.857143
/nfs/cathdata/dompdb/1hpm02 40.000000
/nfs/cathdata/dompdb/2polA3 54.285714
/nfs/cathdata/dompdb/2polA2 41.428571
/nfs/cathdata/dompdb/2polA1 54.285714
/nfs/cathdata/dompdb/9pap01 30.000000
/nfs/cathdata/dompdb/1aec01 31.428571
/nfs/cathdata/dompdb/1gecE1 31.428571
/nfs/cathdata/dompdb/1ppo01 28.571429
/nfs/cathdata/dompdb/1yal01 30.000000
/nfs/cathdata/dompdb/1theA1 31.428571
/data/pdb_release/all/pdb1pgb.ent 31.428571
/data/pdb_release/all/pdb2igg.ent 32.857143
/data/pdb_release/all/pdb3fxc.ent 25.714286
/tmp/1frrA0 40.714286
/tmp/1fxiA0 33.571429
/tmp/1fxaA0 40.714286
/data/pdb_release/all/pdb1frd.ent 42.142857
/data/pdb_release/all/pdb1dox.ent 20.000000
/data/pdb_release/all/pdb1cjn.ent 33.571429
/data/pdb_release/all/pdb1doi.ent 46.428571
/data/pdb_release/all/pdb1put.ent 35.000000
/nfs/cathdata/dompdb/2pia03 35.000000
/data/pdb_release/all/pdb1ubi.ent 30.000000
/nfs/cathdata/dompdb/1lgr02 35.714286
/data/pdb_release/all/pdb1tif.ent 32.857143
/data/pdb_release/all/pdb1rfa.ent 31.428571
/tmp/1molA0 35.000000
/tmp/1stfI0 29.285714
/data/pdb_release/all/pdb1cyu.ent 33.571429
/tmp/1cewI0 37.142857
/tmp/1udiI0 35.714286
/data/pdb_release/all/pdb1fus.ent 40.714286
/data/pdb_release/all/pdb9rnt.ent 42.142857
/data/pdb_release/all/pdb1rds.ent 43.571429
/tmp/1gmpA0 35.000000
/tmp/1brnL0 31.428571
/tmp/2rbiA0 36.428571
/nfs/cathdata/dompdb/1oacA2 30.000000
/nfs/cathdata/dompdb/1prtB1 24.285714
/nfs/cathdata/dompdb/1prtC1 24.285714
/nfs/cathdata/dompdb/1ctn03 35.000000
/nfs/cathdata/dompdb/1gtrA3 32.857143
/nfs/cathdata/dompdb/1grj02 31.428571
/data/pdb_release/all/pdb1tsp.ent 85.714286
/nfs/cathdata/dompdb/1dhx01 28.571429
/nfs/cathdata/dompdb/2psg01 65.714286
/nfs/cathdata/dompdb/1mpp01 70.000000
/nfs/cathdata/dompdb/1bbs01 70.000000
/nfs/cathdata/dompdb/4cms01 77.857143
/nfs/cathdata/dompdb/1smrA1 72.142857
/nfs/cathdata/dompdb/1epmE1 70.714286
/nfs/cathdata/dompdb/1pplE1 65.000000
/nfs/cathdata/dompdb/2apr01 72.142857
/nfs/cathdata/dompdb/1psoE1 78.571429
/nfs/cathdata/dompdb/1htrB1 60.714286
/nfs/cathdata/dompdb/1jxrA1 81.428571
/nfs/cathdata/dompdb/2asi01 73.571429
/nfs/cathdata/dompdb/1smeA1 66.428571
/nfs/cathdata/dompdb/1epmE2 75.714286
/nfs/cathdata/dompdb/1pplE2 80.000000
/nfs/cathdata/dompdb/1mpp02 81.428571
/nfs/cathdata/dompdb/2asi02 75.000000
/nfs/cathdata/dompdb/2apr02 84.285714
/nfs/cathdata/dompdb/1psaA2 77.857143
/nfs/cathdata/dompdb/1lyaB2 80.000000
/nfs/cathdata/dompdb/1rne02 76.428571
/nfs/cathdata/dompdb/1cms02 78.571429
/nfs/cathdata/dompdb/1smrA2 82.142857
/nfs/cathdata/dompdb/1psoE2 77.857143
/nfs/cathdata/dompdb/1htrB2 79.285714
/nfs/cathdata/dompdb/1jxrA2 82.857143
/data/pdb_release/all/pdb2cas.ent 77.857143
/nfs/cathdata/dompdb/1rthA1 40.714286
/data/pdb_release/all/pdb1har.ent 61.428571
/nfs/cathdata/dompdb/1mml01 40.714286
/data/pdb_release/all/pdb1pgx.ent 32.857143
/data/pdb_release/all/pdb4fgf.ent 65.714286
/tmp/1afgA0 65.714286
/data/pdb_release/all/pdb1i1b.ent 68.571429
/data/pdb_release/all/pdb8i1b.ent 68.571429
/tmp/1ilr10 70.714286
/data/pdb_release/all/pdb1hcd.ent 70.000000
/data/pdb_release/all/pdb1tie.ent 70.714286
/data/pdb_release/all/pdb1wbc.ent 71.428571
/nfs/cathdata/dompdb/2aaiB2 61.428571
/nfs/cathdata/dompdb/1abrB2 62.857143
/nfs/cathdata/dompdb/2aaiB1 57.142857
/nfs/cathdata/dompdb/1abrB1 58.571429
/tmp/1msaA0 64.285714
/nfs/cathdata/dompdb/1dlc03 70.714286
/tmp/1vmoA0 50.000000
/data/pdb_release/all/pdb1hxn.ent 73.571429
/nfs/cathdata/dompdb/1fbl02 78.571429
/data/pdb_release/all/pdb1rtg.ent 85.000000
/data/pdb_release/all/pdb1pex.ent 82.142857
/data/pdb_release/all/pdb2nn9.ent 85.000000
/data/pdb_release/all/pdb2bat.ent 86.428571
/tmp/1nscA0 86.428571
/data/pdb_release/all/pdb1inv.ent 85.000000
/data/pdb_release/all/pdb1sim.ent 81.428571
/tmp/2bbkH0 87.857143
/tmp/1mdaH0 90.000000
/tmp/2madH0 0.000000
/nfs/cathdata/dompdb/1gof02 85.714286
/tmp/3aahA0 85.000000
/nfs/cathdata/dompdb/1kapP1 82.857143
/nfs/cathdata/dompdb/1sat01 84.285714
/nfs/cathdata/dompdb/1lxa01 42.857143
/data/pdb_release/all/pdb2pec.ent 82.142857
/nfs/cathdata/dompdb/2taaA2 40.000000
/nfs/cathdata/dompdb/1ppi02 54.285714
/nfs/cathdata/dompdb/1bvp12 68.571429
/data/pdb_release/all/pdb1bcx.ent 100.000000
/tmp/1enxA0 91.428571
/data/pdb_release/all/pdb1xnd.ent 94.285714
/data/pdb_release/all/pdb1xyn.ent 95.714286
/data/pdb_release/all/pdb1yna.ent 92.857143
/tmp/2pcdA0 57.857143
/tmp/2pcdM0 73.571429
/nfs/cathdata/dompdb/1dlc02 62.857143
/nfs/cathdata/dompdb/1ciy03 61.428571
/nfs/cathdata/dompdb/1ddt03 79.285714
/tmp/1gff10 74.285714
/tmp/2bpa10 72.857143
/data/pdb_release/all/pdb1jbc.ent 83.571429
/data/pdb_release/all/pdb2cna.ent 77.142857
/nfs/cathdata/dompdb/1dhx04 45.714286
/tmp/4htcI0 14.285714
/data/pdb_release/all/pdb1hic.ent 21.428571
/nfs/cathdata/dompdb/1ecl03 40.714286
/data/pdb_release/all/pdb1htp.ent 52.142857
/tmp/1dupA0 63.571429
/nfs/cathdata/dompdb/1ggtA1 62.142857
/tmp/1tsrA0 70.000000
/data/pdb_release/all/pdb1gpr.ent 67.857143
/data/pdb_release/all/pdb1f3g.ent 73.571429
/nfs/cathdata/dompdb/1aozA3 77.142857
/nfs/cathdata/dompdb/1oacA3 82.142857
/nfs/cathdata/dompdb/1bglA5 84.285714
/nfs/cathdata/dompdb/1bglA1 69.285714
/tmp/1celA0 82.857143
/tmp/1afcA0 51.428571
/tmp/2plv20 67.142857
/tmp/1rhi20 60.714286
/data/pdb_release/all/pdb1pov.ent 82.857143
/tmp/1bmv10 62.142857
/tmp/4sbvA0 60.714286
/tmp/1smvA0 61.428571
/tmp/2tbvA0 78.571429
/tmp/2bbvA0 79.285714
/tmp/1bmv20 80.000000
/tmp/1tnfA0 45.714286
/tmp/1tnrA0 64.285714
/tmp/1hlcA0 65.714286
/tmp/1sltA0 62.857143
/tmp/2ltnA0 58.571429
/tmp/1lenA0 70.000000
/tmp/1lgcA0 68.571429
/data/pdb_release/all/pdb1lte.ent 84.285714
/data/pdb_release/all/pdb1sba.ent 75.000000
/data/pdb_release/all/pdb1gsl.ent 84.285714
/tmp/2pelA0 85.714286
/tmp/1fatA0 82.857143
/tmp/1ioaA0 75.714286
/tmp/1sacA0 88.571429
/tmp/1gnhA0 90.000000
/data/pdb_release/all/pdb2ayh.ent 80.714286
/data/pdb_release/all/pdb1cpm.ent 81.428571
/data/pdb_release/all/pdb1gbg.ent 78.571429
/nfs/cathdata/dompdb/1cgt02 53.571429
/nfs/cathdata/dompdb/1cdg02 54.285714
/nfs/cathdata/dompdb/1cyg02 55.714286
/nfs/cathdata/dompdb/1ciu02 54.285714
/nfs/cathdata/dompdb/1pamA2 52.857143
/nfs/cathdata/dompdb/2aaa02 57.142857
/nfs/cathdata/dompdb/1pnf02 65.714286
/data/pdb_release/all/pdb1knb.ent 57.142857
/tmp/1sluA0 52.857143
/nfs/cathdata/dompdb/1lla02 65.000000
/nfs/cathdata/dompdb/1svb01 70.000000
/data/pdb_release/all/pdb1cyw.ent 74.285714
/nfs/cathdata/dompdb/1hcz01 57.857143
/data/pdb_release/all/pdb1thw.ent 76.428571
/tmp/1cauB0 75.000000
/nfs/cathdata/dompdb/2phlA3 70.000000
/nfs/cathdata/dompdb/2phlA2 74.285714
/data/pdb_release/all/pdb2stv.ent 61.428571
/tmp/1bbt10 48.571429
/tmp/1pov10 50.714286
/tmp/1pvc10 50.714286
/tmp/1r0910 55.714286
/tmp/1rhi10 54.285714
/tmp/1tme10 51.428571
/tmp/2mev10 50.000000
/tmp/2bpa20 58.571429
/tmp/1gff20 76.428571
/tmp/1bbt30 62.142857
/tmp/1tme30 60.714286
/tmp/2mev30 60.714286
/tmp/1r0930 61.428571
/tmp/1pov30 60.714286
/tmp/1pvc30 61.428571
/tmp/1rhi30 60.714286
/tmp/1bbt20 60.000000
/tmp/1tme20 64.285714
/tmp/2mev20 65.000000
/tmp/1r0920 60.000000
/tmp/1pvc20 62.857143
/data/pdb_release/all/pdb1arn.ent 46.428571
/tmp/1aizA0 56.428571
/data/pdb_release/all/pdb1aaj.ent 40.000000
/nfs/cathdata/dompdb/1aozA1 54.285714
/nfs/cathdata/dompdb/1aozA2 67.857143
/nfs/cathdata/dompdb/1gof03 50.000000
/nfs/cathdata/dompdb/1nif01 58.571429
/nfs/cathdata/dompdb/1afnA1 58.571429
/nfs/cathdata/dompdb/1nif02 70.714286
/nfs/cathdata/dompdb/1ntd02 69.285714
/tmp/1eta10 47.857143
/tmp/1tfpA0 47.142857
/tmp/1sxaA0 52.857143
/tmp/1srdA0 51.428571
/data/pdb_release/all/pdb1jcv.ent 61.428571
/tmp/1sosA0 56.428571
/tmp/1xsoA0 55.000000
/data/pdb_release/all/pdb1akp.ent 44.285714
/data/pdb_release/all/pdb1acx.ent 57.142857
/data/pdb_release/all/pdb1noa.ent 57.142857
/data/pdb_release/all/pdb2mcm.ent 62.857143
/nfs/cathdata/dompdb/1clc01 45.714286
/nfs/cathdata/dompdb/1ctn01 59.285714
/data/pdb_release/all/pdb1exg.ent 61.428571
/nfs/cathdata/dompdb/1bglA4 44.285714
/nfs/cathdata/dompdb/1bglA2 47.142857
/nfs/cathdata/dompdb/1svcP3 64.285714
/nfs/cathdata/dompdb/1svb04 47.142857
/nfs/cathdata/dompdb/1gof01 40.000000
/nfs/cathdata/dompdb/2sblB1 40.000000
/nfs/cathdata/dompdb/1hplA2 52.857143
/nfs/cathdata/dompdb/1lpbB2 51.428571
/nfs/cathdata/dompdb/1pgs01 57.142857
/data/pdb_release/all/pdb1ten.ent 47.142857
/nfs/cathdata/dompdb/1fnf01 47.142857
/nfs/cathdata/dompdb/1fnf02 45.714286
/nfs/cathdata/dompdb/1fnf03 45.714286
/nfs/cathdata/dompdb/1cfb01 40.000000
/nfs/cathdata/dompdb/1cfb02 48.571429
/tmp/1wapA0 45.714286
/data/pdb_release/all/pdb1ncg.ent 45.714286
/data/pdb_release/all/pdb1suh.ent 47.142857
/nfs/cathdata/dompdb/1ggtA4 47.142857
/nfs/cathdata/dompdb/1cgt04 45.714286
/nfs/cathdata/dompdb/1cdg04 44.285714
/nfs/cathdata/dompdb/1cyg04 47.142857
/data/pdb_release/all/pdb1kul.ent 35.714286
/nfs/cathdata/dompdb/1ciu04 45.714286
/nfs/cathdata/dompdb/1pamA4 45.714286
/nfs/cathdata/dompdb/1cgt03 50.000000
/nfs/cathdata/dompdb/1cdg03 50.000000
/nfs/cathdata/dompdb/1cyg03 47.142857
/nfs/cathdata/dompdb/1ciu03 47.142857
/nfs/cathdata/dompdb/1pamA3 50.000000
/data/pdb_release/all/pdb1rsy.ent 50.000000
/data/pdb_release/all/pdb1plc.ent 42.142857
/data/pdb_release/all/pdb9pcy.ent 38.571429
/data/pdb_release/all/pdb2plt.ent 49.285714
/data/pdb_release/all/pdb7pcy.ent 55.000000
/data/pdb_release/all/pdb1pla.ent 52.857143
/data/pdb_release/all/pdb1nin.ent 41.428571
/data/pdb_release/all/pdb1paz.ent 50.714286
/data/pdb_release/all/pdb1pmy.ent 50.714286
/data/pdb_release/all/pdb1zia.ent 47.142857
/tmp/1adwA0 47.142857
/tmp/1vlxA0 47.857143
/nfs/cathdata/dompdb/1vgeH1 60.000000
/nfs/cathdata/dompdb/1yuhB1 58.571429
/nfs/cathdata/dompdb/1clyH1 57.142857
/nfs/cathdata/dompdb/1kelH1 62.857143
/nfs/cathdata/dompdb/1nldH1 57.857143
/nfs/cathdata/dompdb/1ghfH1 57.142857
/nfs/cathdata/dompdb/1ospH1 65.714286
/nfs/cathdata/dompdb/1mimH1 70.000000
/nfs/cathdata/dompdb/1cloH1 68.571429
/nfs/cathdata/dompdb/1plgL1 58.571429
/nfs/cathdata/dompdb/1ghfL1 51.428571
/nfs/cathdata/dompdb/1clzL1 55.714286
/nfs/cathdata/dompdb/1kelL1 55.714286
/nfs/cathdata/dompdb/1gafL1 57.142857
/nfs/cathdata/dompdb/1iaiL1 38.571429
/nfs/cathdata/dompdb/1aifA1 40.000000
/nfs/cathdata/dompdb/1vgeL1 54.285714
/nfs/cathdata/dompdb/1nldL1 58.571429
/nfs/cathdata/dompdb/1ospL1 50.000000
/nfs/cathdata/dompdb/1mimL1 55.714286
/nfs/cathdata/dompdb/1lilA1 55.714286
/nfs/cathdata/dompdb/1cloL1 58.571429
/nfs/cathdata/dompdb/1bec01 62.857143
/nfs/cathdata/dompdb/1tcrB1 62.857143
/data/pdb_release/all/pdb1tit.ent 38.571429
/data/pdb_release/all/pdb1cid.ent 81.428571
/data/pdb_release/all/pdb3cd4.ent 77.857143
/data/pdb_release/all/pdb1hoe.ent 40.000000
/nfs/cathdata/dompdb/3hhrB1 40.000000
/nfs/cathdata/dompdb/3hhrB2 40.000000
/nfs/cathdata/dompdb/1fieA3 49.285714
/nfs/cathdata/dompdb/1hft01 48.571429
/data/pdb_release/all/pdb1ttf.ent 47.142857
/nfs/cathdata/dompdb/1hilA1 57.142857
/nfs/cathdata/dompdb/1ggbL1 57.142857
/nfs/cathdata/dompdb/1gigL1 62.857143
/nfs/cathdata/dompdb/1mfeL1 58.571429
/nfs/cathdata/dompdb/1igfL1 57.142857
/nfs/cathdata/dompdb/1lmkA2 58.571429
/nfs/cathdata/dompdb/1mcbA1 55.714286
/nfs/cathdata/dompdb/1mlbA1 57.142857
/nfs/cathdata/dompdb/3hfmL1 55.714286
/nfs/cathdata/dompdb/1opgL1 47.142857
/nfs/cathdata/dompdb/1ncaL1 57.142857
/nfs/cathdata/dompdb/1tetL1 58.571429
/nfs/cathdata/dompdb/2fb4L1 57.142857
/nfs/cathdata/dompdb/2fbjL1 60.000000
/nfs/cathdata/dompdb/6fabL1 55.714286
/nfs/cathdata/dompdb/7fabL1 52.857143
/nfs/cathdata/dompdb/8fabA1 57.142857
/nfs/cathdata/dompdb/1eapA1 55.714286
/nfs/cathdata/dompdb/1figL1 45.714286
/nfs/cathdata/dompdb/1forL1 51.428571
/nfs/cathdata/dompdb/1ibgL1 55.714286
/nfs/cathdata/dompdb/1igcL1 57.142857
/nfs/cathdata/dompdb/1jelL1 58.571429
/nfs/cathdata/dompdb/1nsnL1 50.000000
/nfs/cathdata/dompdb/2gfbA1 58.571429
/tmp/1dvfC0 58.571429
/tmp/1dvfD0 57.142857
/data/pdb_release/all/pdb1vhp.ent 42.857143
/nfs/cathdata/dompdb/1gafH1 62.857143
/nfs/cathdata/dompdb/1iaiH1 65.714286
/nfs/cathdata/dompdb/1aifB1 57.142857
/nfs/cathdata/dompdb/1ngpH1 64.285714
/nfs/cathdata/dompdb/1plgH1 68.571429
/nfs/cathdata/dompdb/1mlbB1 61.428571
/nfs/cathdata/dompdb/2cgrH1 65.714286
/nfs/cathdata/dompdb/1eapB1 61.428571
/nfs/cathdata/dompdb/1faiH1 72.857143
/nfs/cathdata/dompdb/1fbiH1 64.285714
/nfs/cathdata/dompdb/1figH1 55.714286
/nfs/cathdata/dompdb/1forH1 61.428571
/nfs/cathdata/dompdb/1fptH1 65.714286
/nfs/cathdata/dompdb/1frgH1 58.571429
/nfs/cathdata/dompdb/1gigH1 65.714286
/nfs/cathdata/dompdb/1ibgH1 61.428571
/nfs/cathdata/dompdb/1igcH1 61.428571
/nfs/cathdata/dompdb/1igjB1 52.857143
/nfs/cathdata/dompdb/1ikfH1 67.142857
/nfs/cathdata/dompdb/1jelH1 62.857143
/nfs/cathdata/dompdb/1mrcH1 61.428571
/nfs/cathdata/dompdb/1nsnH1 61.428571
/nfs/cathdata/dompdb/1opgH1 52.857143
/nfs/cathdata/dompdb/1rmfH1 60.000000
/nfs/cathdata/dompdb/2fgwH1 57.142857
/nfs/cathdata/dompdb/2gfbB1 58.571429
/nfs/cathdata/dompdb/6fabH1 65.714286
/nfs/cathdata/dompdb/1acyL1 55.714286
/nfs/cathdata/dompdb/1bafL1 55.714286
/nfs/cathdata/dompdb/1bbdL1 54.285714
/nfs/cathdata/dompdb/1bqlL1 50.000000
/nfs/cathdata/dompdb/2cgrL1 55.714286
/nfs/cathdata/dompdb/1dbbL1 45.714286
/nfs/cathdata/dompdb/1dfbL1 57.142857
/nfs/cathdata/dompdb/1faiL1 52.857143
/nfs/cathdata/dompdb/1mamL1 52.857143
/nfs/cathdata/dompdb/1ikfL1 55.714286
/nfs/cathdata/dompdb/1frgL1 55.714286
/tmp/1wtlA0 55.714286
/tmp/1breA0 58.571429
/tmp/1fvcB0 65.714286
/tmp/1jhlH0 64.285714
/tmp/1vfaB0 67.142857
/tmp/1igmH0 67.142857
/tmp/1mfaL0 0.000000
/tmp/1fgvH0 68.571429
/tmp/1nmaH0 70.000000
/tmp/2bjl10 80.714286
/nfs/cathdata/dompdb/8fabB1 64.285714
/nfs/cathdata/dompdb/2fb4H1 58.571429
/nfs/cathdata/dompdb/1acyH1 61.428571
/nfs/cathdata/dompdb/1bbdH1 68.571429
/nfs/cathdata/dompdb/2hflH1 62.857143
/nfs/cathdata/dompdb/2fbjH1 68.571429
/nfs/cathdata/dompdb/1hilB1 52.857143
/nfs/cathdata/dompdb/1nbvH1 52.857143
/nfs/cathdata/dompdb/7fabH1 67.142857
/nfs/cathdata/dompdb/1indH1 60.000000
/nfs/cathdata/dompdb/1tetH1 60.000000
/nfs/cathdata/dompdb/1mamH1 62.857143
/nfs/cathdata/dompdb/1ncaH1 60.000000
/nfs/cathdata/dompdb/1dbbH1 67.142857
/nfs/cathdata/dompdb/1dfbH1 70.000000
/nfs/cathdata/dompdb/1flrH1 60.000000
/nfs/cathdata/dompdb/1ggbH1 58.571429
/nfs/cathdata/dompdb/1igfH1 51.428571
/nfs/cathdata/dompdb/1bafH1 57.142857
/nfs/cathdata/dompdb/3hfmH1 60.000000
/nfs/cathdata/dompdb/1mcpH1 57.142857
/nfs/cathdata/dompdb/1lmkA1 60.000000
/nfs/cathdata/dompdb/1mfbH1 67.142857
/nfs/cathdata/dompdb/1fc2D2 50.000000
/nfs/cathdata/dompdb/1gigL2 50.714286
/nfs/cathdata/dompdb/1kelL2 55.000000
/nfs/cathdata/dompdb/1gafL2 49.285714
/nfs/cathdata/dompdb/2fb4L2 51.428571
/nfs/cathdata/dompdb/1yuhB2 20.000000
/nfs/cathdata/dompdb/1clzH2 47.142857
/nfs/cathdata/dompdb/1fc2D1 51.428571
/nfs/cathdata/dompdb/1fruA2 51.428571
/tmp/1hsbB0 40.000000
/tmp/1mhcB0 40.000000
/tmp/1fruB0 40.000000
/data/pdb_release/all/pdb1bmg.ent 50.000000
/nfs/cathdata/dompdb/1dlhA2 40.000000
/nfs/cathdata/dompdb/1sebB2 41.428571
/nfs/cathdata/dompdb/1bec02 62.857143
/nfs/cathdata/dompdb/1vcaA2 47.142857
/data/pdb_release/all/pdb1tnm.ent 51.428571
/nfs/cathdata/dompdb/1vcaA1 50.000000
/data/pdb_release/all/pdb1tlk.ent 48.571429
/nfs/cathdata/dompdb/1hft02 52.142857
/data/pdb_release/all/pdb1cd8.ent 58.571429
/nfs/cathdata/dompdb/1igjA1 55.714286
/tmp/1nmbL0 52.857143
/data/pdb_release/all/pdb2rhe.ent 57.142857
/tmp/1fgvL0 57.142857
/data/pdb_release/all/pdb2imn.ent 57.142857
/tmp/1reiA0 58.571429
/tmp/1fvcA0 55.714286
/tmp/1igmL0 55.714286
/tmp/1jhlL0 57.142857
/tmp/1ivlA0 57.142857
/tmp/1vfaA0 55.714286
/data/pdb_release/all/pdb1pho.ent 77.857143
/data/pdb_release/all/pdb1omf.ent 80.714286
/data/pdb_release/all/pdb3bcl.ent 88.571429
/nfs/cathdata/dompdb/1amm01 45.714286
/nfs/cathdata/dompdb/1amm02 46.428571
/nfs/cathdata/dompdb/2bb202 44.285714
/nfs/cathdata/dompdb/2gcr01 44.285714
/nfs/cathdata/dompdb/2gcr02 45.714286
/nfs/cathdata/dompdb/1elpA1 44.285714
/nfs/cathdata/dompdb/1elpA2 48.571429
/nfs/cathdata/dompdb/2bb201 45.714286
/nfs/cathdata/dompdb/1prr01 46.428571
/nfs/cathdata/dompdb/1prr02 40.714286
/tmp/1mdaL0 45.714286
/tmp/2bbkL0 40.000000
/data/pdb_release/all/pdb1cdb.ent 32.857143
/nfs/cathdata/dompdb/1hngA1 54.285714
/tmp/1cdcA0 42.857143
/nfs/cathdata/dompdb/1hnf02 45.714286
/nfs/cathdata/dompdb/1hngA2 45.714286
/tmp/1mfaH0 0.000000
/nfs/cathdata/dompdb/2fbjH2 27.142857
/nfs/cathdata/dompdb/1mcpH2 45.714286
/nfs/cathdata/dompdb/1hocA2 27.142857
/nfs/cathdata/dompdb/1hsaA2 40.000000
/nfs/cathdata/dompdb/1vaaA2 40.000000
/nfs/cathdata/dompdb/1hsbA2 45.714286
/nfs/cathdata/dompdb/1mhcA2 40.000000
/nfs/cathdata/dompdb/8fabB2 51.428571
/nfs/cathdata/dompdb/1kelH2 51.428571
/nfs/cathdata/dompdb/1bbdH2 50.000000
/nfs/cathdata/dompdb/1ospH2 48.571429
/nfs/cathdata/dompdb/1eapB2 47.142857
/tmp/1lopA0 63.571429
/data/pdb_release/all/pdb2cpl.ent 62.142857
/tmp/1cynA0 60.714286
/tmp/2rmcA0 59.285714
/nfs/cathdata/dompdb/1bucA2 48.571429
/nfs/cathdata/dompdb/3mddA2 50.714286
/nfs/cathdata/dompdb/1kxf02 48.571429
/nfs/cathdata/dompdb/1vcpA2 48.571429
/tmp/1smpI0 51.428571
/nfs/cathdata/dompdb/1svcP1 50.000000
/tmp/1sriA0 54.285714
/tmp/1avdA0 51.428571
/data/pdb_release/all/pdb1hbq.ent 57.142857
/data/pdb_release/all/pdb1rbp.ent 57.142857
/tmp/1epaA0 65.000000
/tmp/1bbpA0 65.000000
/data/pdb_release/all/pdb1mup.ent 62.142857
/data/pdb_release/all/pdb1ifc.ent 60.714286
/data/pdb_release/all/pdb1hmr.ent 60.000000
/tmp/1opaA0 60.714286
/data/pdb_release/all/pdb1adl.ent 62.142857
/data/pdb_release/all/pdb1crb.ent 61.428571
/tmp/1cbiA0 60.714286
/tmp/1ftpA0 60.714286
/data/pdb_release/all/pdb1cbs.ent 60.714286
/tmp/1pmpA0 61.428571
/data/pdb_release/all/pdb1mdc.ent 61.428571
/nfs/cathdata/dompdb/7catA1 65.000000
/data/pdb_release/all/pdb1cae.ent 58.571429
/nfs/cathdata/dompdb/1dar02 62.857143
/nfs/cathdata/dompdb/1gtrA4 48.571429
/data/pdb_release/all/pdb1prn.ent 79.285714
/data/pdb_release/all/pdb2por.ent 76.428571
/nfs/cathdata/dompdb/1ppfE1 40.000000
/nfs/cathdata/dompdb/1svpA1 35.714286
/nfs/cathdata/dompdb/1vcpA1 32.857143
/nfs/cathdata/dompdb/1sgt02 42.857143
/nfs/cathdata/dompdb/1hylA1 48.571429
/nfs/cathdata/dompdb/1try02 38.571429
/nfs/cathdata/dompdb/1sgpE1 39.285714
/nfs/cathdata/dompdb/1hpgA1 38.571429
/nfs/cathdata/dompdb/2sga01 38.571429
/nfs/cathdata/dompdb/2alp01 44.285714
/nfs/cathdata/dompdb/1tal01 44.285714
/nfs/cathdata/dompdb/2sfa01 60.714286
/nfs/cathdata/dompdb/1arb02 52.142857
/nfs/cathdata/dompdb/1hylA2 39.285714
/nfs/cathdata/dompdb/1sgpE2 40.000000
/nfs/cathdata/dompdb/1gbaA2 38.571429
/nfs/cathdata/dompdb/1hpgA2 40.000000
/nfs/cathdata/dompdb/2sga02 40.000000
/nfs/cathdata/dompdb/1tal02 47.142857
/nfs/cathdata/dompdb/2sfa02 51.428571
/nfs/cathdata/dompdb/1arb01 45.714286
/nfs/cathdata/dompdb/1cnd01 45.714286
/nfs/cathdata/dompdb/1ndh01 44.285714
/nfs/cathdata/dompdb/2pia01 45.714286
/nfs/cathdata/dompdb/1fnb01 54.285714
/nfs/cathdata/dompdb/1que01 44.285714
/nfs/cathdata/dompdb/1pkm03 39.285714
/nfs/cathdata/dompdb/1pkn03 32.857143
/nfs/cathdata/dompdb/1pkyA3 45.000000
/nfs/cathdata/dompdb/1pkyC3 22.142857
/nfs/cathdata/dompdb/1eft02 57.142857
/nfs/cathdata/dompdb/1efuA2 62.857143
/data/pdb_release/all/pdb1clh.ent 43.571429
/tmp/1tcwA0 37.142857
/tmp/1cpiA0 37.142857
/tmp/2rspA0 61.428571
/nfs/cathdata/dompdb/1pnkB3 45.714286
/nfs/cathdata/dompdb/1eft03 41.428571
/nfs/cathdata/dompdb/1efuA3 40.000000
/tmp/1ucyE0 33.571429
/tmp/1aksB0 35.000000
/tmp/2pkaB0 45.000000
/nfs/cathdata/dompdb/1hcgA1 35.000000
/nfs/cathdata/dompdb/1thsH1 42.142857
/nfs/cathdata/dompdb/1brbE1 39.285714
/nfs/cathdata/dompdb/4ptp01 42.142857
/nfs/cathdata/dompdb/1mctA1 39.285714
/nfs/cathdata/dompdb/1etrH1 39.285714
/nfs/cathdata/dompdb/1bit01 42.142857
/nfs/cathdata/dompdb/1trnA1 40.714286
/nfs/cathdata/dompdb/1try01 42.142857
/nfs/cathdata/dompdb/5chaA1 40.714286
/nfs/cathdata/dompdb/1sgt01 39.285714
/nfs/cathdata/dompdb/1lmwB1 39.285714
/nfs/cathdata/dompdb/1elg01 40.714286
/nfs/cathdata/dompdb/1elt01 40.714286
/nfs/cathdata/dompdb/1ton01 40.000000
/tmp/1mtnC0 36.428571
/nfs/cathdata/dompdb/1tbs01 42.142857
/nfs/cathdata/dompdb/1pfxC1 46.428571
/nfs/cathdata/dompdb/1fonA1 39.285714
/nfs/cathdata/dompdb/1pytD1 39.285714
/nfs/cathdata/dompdb/1rtfB1 40.000000
/nfs/cathdata/dompdb/1fujA1 40.000000
/nfs/cathdata/dompdb/1dst01 42.142857
/nfs/cathdata/dompdb/3rp2A1 52.857143
/tmp/1ceaA0 14.285714
/tmp/1pmlA0 20.000000
/data/pdb_release/all/pdb1kdu.ent 20.000000
/data/pdb_release/all/pdb1krn.ent 14.285714
/data/pdb_release/all/pdb1bw3.ent 36.428571
/tmp/1ihvA0 34.285714
/nfs/cathdata/dompdb/1hcz02 21.428571
/data/pdb_release/all/pdb1lab.ent 21.428571
/data/pdb_release/all/pdb1bdo.ent 41.428571
/data/pdb_release/all/pdb1afp.ent 21.428571
/tmp/1bovA0 38.571429
/data/pdb_release/all/pdb1mjc.ent 34.285714
/data/pdb_release/all/pdb1csp.ent 35.714286
/data/pdb_release/all/pdb1krs.ent 33.571429
/nfs/cathdata/dompdb/1lylA1 41.428571
/nfs/cathdata/dompdb/1asyA1 45.714286
/data/pdb_release/all/pdb1bgh.ent 51.428571
/data/pdb_release/all/pdb1rip.ent 0.000000
/tmp/1prtD0 38.571429
/tmp/1prtF0 41.428571
/nfs/cathdata/dompdb/1tssA2 42.857143
/nfs/cathdata/dompdb/1prtB2 38.571429
/nfs/cathdata/dompdb/1prtC2 44.285714
/tmp/1ltsD0 45.000000
/tmp/1chbD0 46.428571
/data/pdb_release/all/pdb2sns.ent 48.571429
/nfs/cathdata/dompdb/1bco02 34.285714
/nfs/cathdata/dompdb/1esfA1 40.714286
/nfs/cathdata/dompdb/1sebD1 47.857143
/nfs/cathdata/dompdb/1se201 40.714286
/tmp/1fivA0 44.285714
/tmp/1idaA0 37.142857
/tmp/1hivA0 42.857143
/data/pdb_release/all/pdb1dro.ent 32.857143
/nfs/cathdata/dompdb/1hleA1 40.714286
/nfs/cathdata/dompdb/1ovaA1 60.000000
/nfs/cathdata/dompdb/1kauC1 66.428571
/nfs/cathdata/dompdb/2kauC1 42.142857
/tmp/1ucyH0 42.857143
/nfs/cathdata/dompdb/3rp2A2 42.857143
/nfs/cathdata/dompdb/1ihsH2 44.285714
/nfs/cathdata/dompdb/1gctA2 45.714286
/nfs/cathdata/dompdb/1elg02 45.714286
/nfs/cathdata/dompdb/1brbE2 42.857143
/nfs/cathdata/dompdb/4ptp02 38.571429
/nfs/cathdata/dompdb/1elt02 39.285714
/nfs/cathdata/dompdb/1hneE2 38.571429
/nfs/cathdata/dompdb/1mctA2 44.285714
/nfs/cathdata/dompdb/1etrH2 48.571429
/nfs/cathdata/dompdb/1bit02 42.857143
/nfs/cathdata/dompdb/1trnA2 42.857143
/nfs/cathdata/dompdb/1ton02 48.571429
/tmp/2pkaA0 34.285714
/tmp/1mtnB0 41.428571
/tmp/1aksA0 40.000000
/nfs/cathdata/dompdb/1tbs02 45.714286
/nfs/cathdata/dompdb/1pfxC2 42.857143
/nfs/cathdata/dompdb/1fonA2 57.142857
/nfs/cathdata/dompdb/1pytD2 43.571429
/nfs/cathdata/dompdb/1fujA2 42.857143
/nfs/cathdata/dompdb/1rtfB2 44.285714
/nfs/cathdata/dompdb/1dst02 46.428571
/nfs/cathdata/dompdb/1hcgA2 44.285714
/nfs/cathdata/dompdb/1lmwB2 40.000000
/data/pdb_release/all/pdb1pk4.ent 14.285714
/data/pdb_release/all/pdb2pf1.ent 22.142857
/data/pdb_release/all/pdb1ahl.ent 14.285714
/data/pdb_release/all/pdb1atx.ent 27.142857
/data/pdb_release/all/pdb1sh1.ent 27.142857
/data/pdb_release/all/pdb1apf.ent 14.285714
/nfs/cathdata/dompdb/1dar03 20.000000
/nfs/cathdata/dompdb/1elo03 7.142857
/data/pdb_release/all/pdb1tfi.ent 21.428571
/tmp/4sgbI0 21.428571
/data/pdb_release/all/pdb1tih.ent 21.428571
/nfs/cathdata/dompdb/1raaB2 32.857143
/nfs/cathdata/dompdb/2atcB2 0.000000
/nfs/cathdata/dompdb/1ytfD2 21.428571
/tmp/1ytfC0 21.428571
/data/pdb_release/all/pdb1sso.ent 24.285714
/data/pdb_release/all/pdb1sap.ent 37.142857
/data/pdb_release/all/pdb1hsp.ent 0.000000
/data/pdb_release/all/pdb1gfc.ent 14.285714
/tmp/1aboA0 35.714286
/tmp/1cskA0 27.142857
/tmp/1ckaA0 28.571429
/tmp/1gbrA0 28.571429
/data/pdb_release/all/pdb1shg.ent 32.857143
/tmp/1shfA0 34.285714
/tmp/1nloC0 21.428571
/data/pdb_release/all/pdb1pnj.ent 34.285714
/tmp/1semA0 34.285714
/nfs/cathdata/dompdb/1lckA1 35.714286
/data/pdb_release/all/pdb1tud.ent 34.285714
/data/pdb_release/all/pdb1tuc.ent 34.285714
/nfs/cathdata/dompdb/1ad5A1 34.285714
/data/pdb_release/all/pdb1pls.ent 42.857143
/tmp/1dynA0 50.000000
/data/pdb_release/all/pdb1btn.ent 42.142857
/tmp/1tgxA0 34.285714
/data/pdb_release/all/pdb1nea.ent 32.857143
/data/pdb_release/all/pdb1nor.ent 32.857143
/data/pdb_release/all/pdb1ntx.ent 34.285714
/data/pdb_release/all/pdb1fas.ent 35.714286
/tmp/1cdtA0 35.714286
/data/pdb_release/all/pdb2crs.ent 34.285714
/data/pdb_release/all/pdb1ntn.ent 37.142857
/data/pdb_release/all/pdb1tfs.ent 32.857143
/data/pdb_release/all/pdb1lsi.ent 21.428571
/nfs/cathdata/dompdb/1psi01 43.571429
/nfs/cathdata/dompdb/2achA2 51.428571
/tmp/1bi6H0 14.285714
/data/pdb_release/all/pdb1tpm.ent 35.714286
/nfs/cathdata/dompdb/1hfh01 21.428571
/data/pdb_release/all/pdb1hcc.ent 27.142857
/tmp/1lpbA0 27.142857
/nfs/cathdata/dompdb/1antI1 50.000000
/tmp/1hcnB0 27.142857
/tmp/1hcnA0 39.285714
/tmp/1pdgA0 41.428571
/data/pdb_release/all/pdb2tgi.ent 57.142857
/tmp/1klaA0 32.857143
/data/pdb_release/all/pdb1tgj.ent 55.714286
/data/pdb_release/all/pdb1bet.ent 51.428571
/tmp/1bndA0 53.571429
/tmp/1bndB0 40.000000
/data/pdb_release/all/pdb1fbr.ent 34.285714
/tmp/1umuA0 39.285714
/data/pdb_release/all/pdb1ctl.ent 32.857143
/data/pdb_release/all/pdb1iml.ent 31.428571
/nfs/cathdata/dompdb/1extB1 32.857143
/tmp/2kauB0 34.285714
/tmp/1rprA0 7.857143
/tmp/1fc2C0 9.285714
/tmp/1spzZ0 10.000000
/data/pdb_release/all/pdb1edi.ent 10.000000
/data/pdb_release/all/pdb2pdd.ent 9.285714
/data/pdb_release/all/pdb1bal.ent 9.285714
/tmp/1csbA0 9.285714
/tmp/1htrP0 9.285714
/nfs/cathdata/dompdb/1ilk02 10.000000
/data/pdb_release/all/pdb1bha.ent 10.000000
/nfs/cathdata/dompdb/1grj01 22.857143
/nfs/cathdata/dompdb/1sesA1 12.142857
/data/pdb_release/all/pdb1pdc.ent 14.285714
/tmp/2achB0 14.285714
/data/pdb_release/all/pdb1egf.ent 14.285714
/data/pdb_release/all/pdb1apo.ent 0.000000
/data/pdb_release/all/pdb1fsb.ent 14.285714
/data/pdb_release/all/pdb1hre.ent 0.000000
/data/pdb_release/all/pdb1yuf.ent 14.285714
/tmp/1hcgB0 25.714286
/data/pdb_release/all/pdb1ata.ent 27.142857
/nfs/cathdata/dompdb/1ncfA2 27.142857
/data/pdb_release/all/pdb1cdq.ent 25.714286
/tmp/1kbaA0 37.142857
/tmp/2abxA0 0.000000
/tmp/1abtA0 14.285714
/data/pdb_release/all/pdb3ebx.ent 34.285714
/data/pdb_release/all/pdb2ctx.ent 34.285714
/data/pdb_release/all/pdb2cdx.ent 21.428571
/tmp/1kxiA0 34.285714
/data/pdb_release/all/pdb1cre.ent 14.285714
/data/pdb_release/all/pdb1cod.ent 34.285714
/data/pdb_release/all/pdb1drs.ent 28.571429
/data/pdb_release/all/pdb1lki.ent 12.857143
/tmp/3inkC0 27.857143
/data/pdb_release/all/pdb1hgu.ent 13.571429
/data/pdb_release/all/pdb1huw.ent 14.285714
/tmp/3hhrA0 15.714286
/data/pdb_release/all/pdb1lpt.ent 13.571429
/data/pdb_release/all/pdb1lip.ent 12.857143
/data/pdb_release/all/pdb1mzm.ent 12.857143
/data/pdb_release/all/pdb1hyp.ent 10.000000
/nfs/cathdata/dompdb/1dlc01 18.571429
/nfs/cathdata/dompdb/1ciy01 17.142857
/tmp/1etrL0 7.142857
/tmp/1tbrJ0 9.285714
/tmp/3aahB0 7.142857
/tmp/4aahB0 7.142857
/tmp/1olgA0 7.142857
/tmp/2bbvD0 7.142857
/data/pdb_release/all/pdb2ifo.ent 7.142857
/tmp/1pfiA0 9.285714
/tmp/1junA0 7.142857
/data/pdb_release/all/pdb1tvs.ent 12.142857
/tmp/1ysaC0 7.142857
/data/pdb_release/all/pdb1aml.ent 9.285714
/data/pdb_release/all/pdb125d.ent 9.285714
/data/pdb_release/all/pdb1cld.ent 9.285714
/tmp/1d66A0 11.428571
/data/pdb_release/all/pdb1pyc.ent 9.285714
/nfs/cathdata/dompdb/1poxA4 7.857143
/tmp/1ltsC0 9.285714
/tmp/1xtcC0 9.285714
/tmp/1scmA0 9.285714
/tmp/1mdyB0 9.285714
/data/pdb_release/all/pdb1bct.ent 9.285714
/nfs/cathdata/dompdb/1pcrL2 12.142857
/nfs/cathdata/dompdb/1prcL2 11.428571
/nfs/cathdata/dompdb/1pcrM2 17.857143
/nfs/cathdata/dompdb/1prcM2 16.428571
/nfs/cathdata/dompdb/1dik05 12.142857
/tmp/1bcfA0 12.857143
/data/pdb_release/all/pdb1fha.ent 15.000000
/data/pdb_release/all/pdb1ier.ent 15.714286
/data/pdb_release/all/pdb1rcc.ent 14.285714
/tmp/2ccyA0 14.285714
/data/pdb_release/all/pdb1cpq.ent 14.285714
/tmp/1bbhA0 11.428571
/data/pdb_release/all/pdb1cgn.ent 13.571429
/data/pdb_release/all/pdb1lpe.ent 12.857143
/data/pdb_release/all/pdb2asr.ent 11.428571
/data/pdb_release/all/pdb1vls.ent 12.857143
/data/pdb_release/all/pdb1aep.ent 12.857143
/tmp/256bA0 11.428571
/tmp/2hmqA0 10.714286
/data/pdb_release/all/pdb2mhr.ent 10.714286
/tmp/2tmvP0 20.000000
/tmp/1rmvA0 10.714286
/nfs/cathdata/dompdb/2ilk01 15.000000
/nfs/cathdata/dompdb/1vlk01 12.857143
/nfs/cathdata/dompdb/1bucA3 12.857143
/nfs/cathdata/dompdb/3mddA3 12.857143
/nfs/cathdata/dompdb/1chkA1 26.428571
/data/pdb_release/all/pdb1lis.ent 12.857143
/data/pdb_release/all/pdb1rcb.ent 23.571429
/tmp/1gmfA0 25.714286
/tmp/1bgeA0 12.857143
/tmp/1rhgA0 12.857143
/data/pdb_release/all/pdb1bgc.ent 13.571429
/nfs/cathdata/dompdb/1whtA2 10.000000
/data/pdb_release/all/pdb2erl.ent 10.000000
/nfs/cathdata/dompdb/1ytfD1 7.857143
/nfs/cathdata/dompdb/1mtyG1 10.000000
/nfs/cathdata/dompdb/1mhyG1 10.000000
/tmp/1ecmA0 11.428571
/nfs/cathdata/dompdb/1lxa02 10.714286
/data/pdb_release/all/pdb1acp.ent 12.142857
/data/pdb_release/all/pdb1aca.ent 10.714286
/nfs/cathdata/dompdb/1pcrM1 12.142857
/nfs/cathdata/dompdb/1prcM1 10.000000
/nfs/cathdata/dompdb/1pcrL1 25.714286
/nfs/cathdata/dompdb/1prcL1 14.285714
/nfs/cathdata/dompdb/3sdpA1 10.000000
/nfs/cathdata/dompdb/1mngA1 12.142857
/nfs/cathdata/dompdb/1svcP2 11.428571
/nfs/cathdata/dompdb/1nfkA2 9.285714
/nfs/cathdata/dompdb/1mtyG2 11.428571
/nfs/cathdata/dompdb/1mhyG2 12.142857
/nfs/cathdata/dompdb/2minB4 10.000000
/nfs/cathdata/dompdb/1mioB3 12.142857
/data/pdb_release/all/pdb1poc.ent 25.000000
/data/pdb_release/all/pdb1ppa.ent 12.142857
/data/pdb_release/all/pdb1poa.ent 23.571429
/data/pdb_release/all/pdb4bp2.ent 23.571429
/data/pdb_release/all/pdb1pod.ent 25.000000
/tmp/3p2pA0 22.857143
/tmp/1pp2L0 23.571429
/tmp/1clpA0 25.000000
/tmp/1bunA0 25.714286
/data/pdb_release/all/pdb1psj.ent 25.714286
/data/pdb_release/all/pdb1ae7.ent 23.571429
/nfs/cathdata/dompdb/1bmtA1 12.857143
/data/pdb_release/all/pdb1lmq.ent 23.571429
/data/pdb_release/all/pdb1jug.ent 25.000000
/data/pdb_release/all/pdb119l.ent 36.428571
/nfs/cathdata/dompdb/1bucA1 16.428571
/nfs/cathdata/dompdb/3mddA1 15.000000
/nfs/cathdata/dompdb/1oxa02 18.571429
/nfs/cathdata/dompdb/1grl01 42.857143
/nfs/cathdata/dompdb/1aorA2 35.714286
/nfs/cathdata/dompdb/2pgd02 19.285714
/nfs/cathdata/dompdb/1dnpA3 16.428571
/nfs/cathdata/dompdb/1csc01 31.428571
/tmp/1csmA0 21.428571
/nfs/cathdata/dompdb/1aorA3 22.142857
/data/pdb_release/all/pdb1fps.ent 22.857143
/nfs/cathdata/dompdb/1clc02 42.142857
/tmp/1ribA0 32.857143
/tmp/1mmoB0 23.571429
/tmp/1mhyB0 24.285714
/nfs/cathdata/dompdb/1cpt02 36.428571
/data/pdb_release/all/pdb1phb.ent 55.714286
/tmp/2bmhA0 60.714286
/nfs/cathdata/dompdb/1lla01 35.714286
/tmp/1mhlC0 39.285714
/tmp/1mtyD0 31.428571
/tmp/1mhyD0 32.142857
/nfs/cathdata/dompdb/2sblB2 54.285714
/data/pdb_release/all/pdb1lnh.ent 76.428571
/data/pdb_release/all/pdb1ehs.ent 9.285714
/tmp/2spcA0 7.857143
/tmp/1ytfB0 9.285714
/nfs/cathdata/dompdb/1pnkA2 7.857143
/data/pdb_release/all/pdb1aty.ent 10.000000
/nfs/cathdata/dompdb/1dloA3 28.571429
/tmp/1ithA0 15.714286
/tmp/1cpcA0 17.857143
/tmp/1cpcB0 17.142857
/tmp/1allA0 18.571429
/tmp/1allB0 13.571429
/tmp/1colA0 17.857143
/nfs/cathdata/dompdb/1ddt02 20.000000
/nfs/cathdata/dompdb/3blm02 27.857143
/nfs/cathdata/dompdb/1mblA2 25.714286
/nfs/cathdata/dompdb/1btl02 13.571429
/nfs/cathdata/dompdb/1ckiA2 15.000000
/nfs/cathdata/dompdb/1csn02 13.571429
/nfs/cathdata/dompdb/1apmE1 28.571429
/nfs/cathdata/dompdb/1irk02 30.714286
/nfs/cathdata/dompdb/1ad5A4 29.285714
/nfs/cathdata/dompdb/1aru01 18.571429
/nfs/cathdata/dompdb/1llp01 16.428571
/nfs/cathdata/dompdb/1mnp01 12.857143
/nfs/cathdata/dompdb/1qpaA1 17.142857
/nfs/cathdata/dompdb/1cca01 17.142857
/nfs/cathdata/dompdb/1apxA1 13.571429
/nfs/cathdata/dompdb/1schA1 12.857143
/data/pdb_release/all/pdb153l.ent 16.428571
/data/pdb_release/all/pdb1baa.ent 24.285714
/nfs/cathdata/dompdb/1cnsA1 18.571429
/data/pdb_release/all/pdb135l.ent 25.000000
/data/pdb_release/all/pdb2ihl.ent 23.571429
/data/pdb_release/all/pdb1lz1.ent 25.000000
/data/pdb_release/all/pdb1hhl.ent 24.285714
/tmp/1ghlA0 24.285714
/data/pdb_release/all/pdb2eql.ent 24.285714
/data/pdb_release/all/pdb1alc.ent 25.000000
/data/pdb_release/all/pdb1hml.ent 25.000000
/tmp/1thbA0 16.428571
/tmp/1hdsA0 17.142857
/tmp/1hdsB0 15.000000
/tmp/2mhbA0 17.142857
/tmp/1fdhG0 17.142857
/tmp/1hbhA0 15.000000
/tmp/1hdaA0 16.428571
/tmp/1babB0 15.714286
/data/pdb_release/all/pdb2lhb.ent 16.428571
/tmp/1hbhB0 16.428571
/tmp/1hdaB0 15.714286
/tmp/1pghA0 15.714286
/tmp/1pghB0 17.142857
/tmp/1ibeB0 15.714286
/tmp/1outA0 16.428571
/tmp/1outB0 18.571429
/tmp/1spgA0 15.000000
/tmp/1spgB0 16.428571
/data/pdb_release/all/pdb1flp.ent 14.285714
/data/pdb_release/all/pdb1lhs.ent 16.428571
/data/pdb_release/all/pdb1bvd.ent 16.428571
/data/pdb_release/all/pdb1ymb.ent 15.714286
/data/pdb_release/all/pdb1mbs.ent 17.857143
/data/pdb_release/all/pdb2mm1.ent 17.857143
/data/pdb_release/all/pdb1emy.ent 14.285714
/tmp/1mygA0 16.428571
/data/pdb_release/all/pdb1myt.ent 17.142857
/data/pdb_release/all/pdb1eca.ent 16.428571
/tmp/1sctA0 19.285714
/tmp/1sctB0 18.571429
/tmp/3sdhA0 16.428571
/data/pdb_release/all/pdb1mba.ent 14.285714
/data/pdb_release/all/pdb1ash.ent 14.285714
/nfs/cathdata/dompdb/1fcdC2 12.857143
/tmp/2mtaC0 14.285714
/nfs/cathdata/dompdb/2abk02 10.714286
/nfs/cathdata/dompdb/1npc02 25.714286
/nfs/cathdata/dompdb/1ezm02 13.571429
/nfs/cathdata/dompdb/2tmnE2 26.428571
/nfs/cathdata/dompdb/1dnpA2 15.000000
/nfs/cathdata/dompdb/1gia02 15.714286
/nfs/cathdata/dompdb/1tadA2 16.428571
/nfs/cathdata/dompdb/7catA2 15.714286
/nfs/cathdata/dompdb/1cca02 30.000000
/nfs/cathdata/dompdb/1apxA2 13.571429
/nfs/cathdata/dompdb/1aru02 13.571429
/nfs/cathdata/dompdb/1llp02 13.571429
/nfs/cathdata/dompdb/1mnp02 13.571429
/nfs/cathdata/dompdb/1qpaA2 15.000000
/nfs/cathdata/dompdb/1schA2 27.857143
/tmp/1rfbA0 17.857143
/nfs/cathdata/dompdb/1pnkA1 30.714286
/data/pdb_release/all/pdb1end.ent 11.428571
/nfs/cathdata/dompdb/1gly01 27.142857
/nfs/cathdata/dompdb/1ecl02 29.285714
/data/pdb_release/all/pdb1sra.ent 13.571429
/nfs/cathdata/dompdb/1prcC2 13.571429
/nfs/cathdata/dompdb/1prcC1 15.000000
/nfs/cathdata/dompdb/1vsgA2 16.428571
/nfs/cathdata/dompdb/1gly02 22.142857
/nfs/cathdata/dompdb/1pnkB4 25.714286
/data/pdb_release/all/pdb1hlm.ent 15.000000
/data/pdb_release/all/pdb1hlb.ent 17.142857
/data/pdb_release/all/pdb1hbg.ent 16.428571
/data/pdb_release/all/pdb1gdj.ent 15.000000
/tmp/1binA0 13.571429
/nfs/cathdata/dompdb/1osa02 12.142857
/nfs/cathdata/dompdb/1wdcC2 22.142857
/nfs/cathdata/dompdb/1tnw02 12.142857
/tmp/1cnpA0 12.142857
/tmp/1symA0 12.142857
/tmp/1tcoB0 16.428571
/nfs/cathdata/dompdb/1scmC1 10.714286
/nfs/cathdata/dompdb/1wdcB1 10.714286
/nfs/cathdata/dompdb/1rec01 0.000000
/nfs/cathdata/dompdb/1rec02 15.000000
/data/pdb_release/all/pdb2sas.ent 19.285714
/tmp/2scpA0 17.857143
/data/pdb_release/all/pdb155c.ent 19.285714
/data/pdb_release/all/pdb1ycc.ent 14.285714
/data/pdb_release/all/pdb1ccr.ent 12.142857
/tmp/5cytR0 12.857143
/data/pdb_release/all/pdb1yeb.ent 14.285714
/data/pdb_release/all/pdb1hrc.ent 14.285714
/data/pdb_release/all/pdb1cry.ent 12.857143
/data/pdb_release/all/pdb1cot.ent 20.000000
/data/pdb_release/all/pdb3c2c.ent 12.857143
/tmp/1c2rA0 20.000000
/data/pdb_release/all/pdb1cxc.ent 18.571429
/data/pdb_release/all/pdb1yea.ent 16.428571
/tmp/1hroA0 14.285714
/data/pdb_release/all/pdb1dvh.ent 12.142857
/data/pdb_release/all/pdb351c.ent 10.714286
/data/pdb_release/all/pdb1cor.ent 12.857143
/data/pdb_release/all/pdb1cch.ent 12.857143
/nfs/cathdata/dompdb/1fcdC1 12.142857
/data/pdb_release/all/pdb1cc5.ent 14.285714
/data/pdb_release/all/pdb1cyi.ent 12.857143
/data/pdb_release/all/pdb1ctj.ent 14.285714
/nfs/cathdata/dompdb/6gsvA2 12.142857
/nfs/cathdata/dompdb/1gta02 12.142857
/nfs/cathdata/dompdb/1hna02 12.857143
/nfs/cathdata/dompdb/2gsq02 10.714286
/nfs/cathdata/dompdb/1gseA2 12.857143
/nfs/cathdata/dompdb/1bpb01 12.142857
/nfs/cathdata/dompdb/1taq02 9.285714
/nfs/cathdata/dompdb/9icwA2 12.142857
/nfs/cathdata/dompdb/1ecl04 12.142857
/nfs/cathdata/dompdb/1adeA2 12.142857
/nfs/cathdata/dompdb/1atnA3 25.714286
/nfs/cathdata/dompdb/1oxa03 14.285714
/data/pdb_release/all/pdb1hmx.ent 24.285714
/nfs/cathdata/dompdb/2abk01 14.285714
/nfs/cathdata/dompdb/1gln04 13.571429
/nfs/cathdata/dompdb/2tct02 16.428571
/tmp/1hulA0 12.142857
/data/pdb_release/all/pdb1coo.ent 12.857143
/nfs/cathdata/dompdb/1wdcB2 12.142857
/data/pdb_release/all/pdb1bod.ent 10.714286
/data/pdb_release/all/pdb1cb1.ent 12.142857
/data/pdb_release/all/pdb4icb.ent 12.857143
/data/pdb_release/all/pdb1cmf.ent 10.714286
/nfs/cathdata/dompdb/1ncx01 25.714286
/data/pdb_release/all/pdb1cfc.ent 27.142857
/data/pdb_release/all/pdb1tnx.ent 17.857143
/data/pdb_release/all/pdb1rro.ent 13.571429
/data/pdb_release/all/pdb4cpv.ent 13.571429
/data/pdb_release/all/pdb5pal.ent 15.714286
/data/pdb_release/all/pdb1pal.ent 14.285714
/tmp/1rtp10 16.428571
/tmp/1pvaA0 14.285714
/nfs/cathdata/dompdb/1osa01 12.142857
/nfs/cathdata/dompdb/1avhA1 12.857143
/nfs/cathdata/dompdb/2ran01 12.857143
/nfs/cathdata/dompdb/1ala02 12.857143
/nfs/cathdata/dompdb/1hvd02 12.857143
/nfs/cathdata/dompdb/1ala04 12.857143
/nfs/cathdata/dompdb/1ann04 12.857143
/nfs/cathdata/dompdb/1avhA4 12.857143
/nfs/cathdata/dompdb/1axn01 12.857143
/nfs/cathdata/dompdb/1axn03 12.857143
/nfs/cathdata/dompdb/1axn02 12.857143
/nfs/cathdata/dompdb/1ala03 12.142857
/nfs/cathdata/dompdb/1ann03 12.857143
/nfs/cathdata/dompdb/1hvd03 12.857143
/nfs/cathdata/dompdb/2ran03 12.857143
/nfs/cathdata/dompdb/1axn04 12.857143
/nfs/cathdata/dompdb/1csc02 12.142857
/nfs/cathdata/dompdb/1csh02 12.142857
/nfs/cathdata/dompdb/2cts02 12.142857
/nfs/cathdata/dompdb/1tyaE2 12.857143
/nfs/cathdata/dompdb/1bvp11 12.857143
/data/pdb_release/all/pdb1neq.ent 11.428571
/nfs/cathdata/dompdb/1octC1 12.142857
/data/pdb_release/all/pdb1r69.ent 12.857143
/data/pdb_release/all/pdb2cro.ent 12.857143
/data/pdb_release/all/pdb1adr.ent 12.857143
/tmp/1lmb30 12.857143
/nfs/cathdata/dompdb/2yhx01 12.142857
/nfs/cathdata/dompdb/2bpfA1 12.142857
/nfs/cathdata/dompdb/1bgw03 10.714286
/nfs/cathdata/dompdb/1adt01 14.285714
/nfs/cathdata/dompdb/1glqA2 10.714286
/nfs/cathdata/dompdb/2gsrA2 10.714286
/nfs/cathdata/dompdb/1gssA2 12.142857
/data/pdb_release/all/pdb1erd.ent 9.285714
/nfs/cathdata/dompdb/1dtr02 10.000000
/tmp/1lccA0 10.000000
/nfs/cathdata/dompdb/1pnrA1 12.142857
/data/pdb_release/all/pdb1uxd.ent 10.000000
/nfs/cathdata/dompdb/2phlA1 9.285714
/nfs/cathdata/dompdb/2phlA4 10.000000
/tmp/6insE0 11.428571
/data/pdb_release/all/pdb2gf1.ent 11.428571
/data/pdb_release/all/pdb1igl.ent 7.857143
/data/pdb_release/all/pdb1bip.ent 12.142857
/data/pdb_release/all/pdb1c5a.ent 12.142857
/data/pdb_release/all/pdb1kjs.ent 12.142857
/tmp/1cmbA0 11.428571
/nfs/cathdata/dompdb/1gln03 12.142857
/nfs/cathdata/dompdb/1serA1 12.142857
/nfs/cathdata/dompdb/1bvp13 10.714286
/nfs/cathdata/dompdb/1dmb03 25.000000
/nfs/cathdata/dompdb/1dik02 10.000000
/nfs/cathdata/dompdb/9pap02 10.000000
/nfs/cathdata/dompdb/1aec02 13.571429
/nfs/cathdata/dompdb/1gecE2 10.714286
/nfs/cathdata/dompdb/2act02 13.571429
/nfs/cathdata/dompdb/1ppo02 11.428571
/nfs/cathdata/dompdb/1yal02 10.000000
/nfs/cathdata/dompdb/1theA2 10.000000
/nfs/cathdata/dompdb/1csbB1 11.428571
/nfs/cathdata/dompdb/2bltA2 10.000000
/data/pdb_release/all/pdb1utg.ent 12.142857
/data/pdb_release/all/pdb1ccd.ent 12.142857
/nfs/cathdata/dompdb/1ala01 12.857143
/nfs/cathdata/dompdb/1ann01 12.857143
/nfs/cathdata/dompdb/1ann02 12.142857
/tmp/1fliA0 10.000000
/data/pdb_release/all/pdb1etc.ent 16.428571
/tmp/1sttA0 33.571429
/data/pdb_release/all/pdb2hts.ent 22.857143
/data/pdb_release/all/pdb1hks.ent 9.285714
/data/pdb_release/all/pdb1enh.ent 10.000000
/data/pdb_release/all/pdb1ftz.ent 11.428571
/data/pdb_release/all/pdb1ftt.ent 10.000000
/tmp/1ahdP0 10.000000
/tmp/1fjlA0 10.000000
/data/pdb_release/all/pdb1vnd.ent 10.000000
/data/pdb_release/all/pdb1hdp.ent 11.428571
/data/pdb_release/all/pdb1ocp.ent 10.000000
/data/pdb_release/all/pdb1pog.ent 10.000000
/tmp/1yrnA0 10.000000
/tmp/1hcrA0 11.428571
/data/pdb_release/all/pdb1res.ent 10.000000
/data/pdb_release/all/pdb1lfb.ent 10.000000
/data/pdb_release/all/pdb2lfb.ent 10.000000
/tmp/1yrnB0 11.428571
/tmp/1fiaA0 12.142857
/data/pdb_release/all/pdb1mbe.ent 10.000000
/data/pdb_release/all/pdb1mbg.ent 10.000000
/data/pdb_release/all/pdb1mbj.ent 11.428571
/tmp/2wrpR0 13.571429
/nfs/cathdata/dompdb/2tct01 12.142857
/tmp/1bfmA0 10.000000
/tmp/1hryA0 10.000000
/data/pdb_release/all/pdb1hsm.ent 10.000000
/data/pdb_release/all/pdb1hma.ent 10.000000
/data/pdb_release/all/pdb1hme.ent 11.428571
/data/pdb_release/all/pdb1aab.ent 11.428571
/tmp/1trlA0 11.428571
/tmp/1mylA0 9.285714
/tmp/1parA0 9.285714
/tmp/1mntA0 12.142857
/data/pdb_release/all/pdb1lea.ent 22.857143
/tmp/1hstA0 22.857143
/data/pdb_release/all/pdb1ghc.ent 11.428571
/nfs/cathdata/dompdb/1dprA1 12.142857
/nfs/cathdata/dompdb/1bia01 22.857143
/nfs/cathdata/dompdb/1berA2 30.000000
/nfs/cathdata/dompdb/1pdnC1 22.857143
/nfs/cathdata/dompdb/1pdnC2 10.000000
