/tmp/2ltnB0 12.500000
/tmp/1lenB0 12.500000
/tmp/1lgcB0 0.000000
/nfs/cathdata/dompdb/1lyaB1 12.500000
/tmp/1aayA0 26.250000
/tmp/1ubdC0 37.500000
/tmp/1meyC0 36.250000
/tmp/2drpA0 35.000000
/tmp/1pyaA0 22.500000
/tmp/1hueA0 26.250000
/tmp/1wtuA0 41.250000
/tmp/1ihfA0 57.500000
/tmp/1ihfB0 57.500000
/nfs/cathdata/dompdb/1prcH1 41.250000
/nfs/cathdata/dompdb/1pcrH1 38.750000
/data/pdb_release/all/pdb4mt2.ent 0.000000
/data/pdb_release/all/pdb1tiv.ent 0.000000
/data/pdb_release/all/pdb1zaq.ent 0.000000
/data/pdb_release/all/pdb1iva.ent 0.000000
/data/pdb_release/all/pdb1agg.ent 0.000000
/data/pdb_release/all/pdb1cfh.ent 0.000000
/data/pdb_release/all/pdb1cfi.ent 0.000000
/data/pdb_release/all/pdb1aaf.ent 0.000000
/data/pdb_release/all/pdb2ech.ent 0.000000
/data/pdb_release/all/pdb1fvl.ent 0.000000
/data/pdb_release/all/pdb1kst.ent 25.000000
/tmp/1r0940 12.500000
/tmp/2plv40 35.000000
/tmp/1pvc40 35.000000
/tmp/1bbt40 25.000000
/tmp/1tme40 12.500000
/tmp/2mev40 12.500000
/tmp/1tabI0 0.000000
/data/pdb_release/all/pdb1pi2.ent 12.500000
/data/pdb_release/all/pdb1bbi.ent 45.000000
/nfs/cathdata/dompdb/1pcp01 12.500000
/nfs/cathdata/dompdb/2pspA2 12.500000
/nfs/cathdata/dompdb/1gcb01 70.000000
/nfs/cathdata/dompdb/1fieA2 71.250000
/nfs/cathdata/dompdb/1lgr01 77.500000
/nfs/cathdata/dompdb/1abbA1 82.500000
/nfs/cathdata/dompdb/1ygpA1 83.750000
/nfs/cathdata/dompdb/1pgd03 12.500000
/data/pdb_release/all/pdb1ldl.ent 0.000000
/data/pdb_release/all/pdb1ldr.ent 0.000000
/data/pdb_release/all/pdb1tap.ent 35.000000
/data/pdb_release/all/pdb5pti.ent 35.000000
/tmp/1aapA0 35.000000
/data/pdb_release/all/pdb1dtx.ent 37.500000
/data/pdb_release/all/pdb1dtk.ent 35.000000
/data/pdb_release/all/pdb1shp.ent 35.000000
/tmp/1brbI0 35.000000
/data/pdb_release/all/pdb1knt.ent 35.000000
/data/pdb_release/all/pdb1dem.ent 35.000000
/tmp/1bunB0 35.000000
/data/pdb_release/all/pdb1hnr.ent 12.500000
/tmp/1mhlA0 22.500000
/nfs/cathdata/dompdb/1gal02 25.000000
/nfs/cathdata/dompdb/1inp01 25.000000
/nfs/cathdata/dompdb/1rtc02 30.000000
/nfs/cathdata/dompdb/1apa02 40.000000
/nfs/cathdata/dompdb/1pafA2 40.000000
/nfs/cathdata/dompdb/1mrg02 40.000000
/nfs/cathdata/dompdb/1mrj02 40.000000
/nfs/cathdata/dompdb/1abrA2 30.000000
/tmp/1isuA0 12.500000
/data/pdb_release/all/pdb1hip.ent 26.250000
/tmp/2hipA0 25.000000
/data/pdb_release/all/pdb1hpi.ent 25.000000
/data/pdb_release/all/pdb1bbo.ent 22.500000
/nfs/cathdata/dompdb/1adt02 56.250000
/tmp/1abmA0 70.000000
/tmp/1idsA0 58.750000
/tmp/1isaA0 58.750000
/nfs/cathdata/dompdb/1vsgA1 40.000000
/tmp/1hmpA0 62.500000
/nfs/cathdata/dompdb/1adeA3 52.500000
/nfs/cathdata/dompdb/1qorA1 72.500000
/nfs/cathdata/dompdb/3btoA1 82.500000
/nfs/cathdata/dompdb/1dehA1 72.500000
/nfs/cathdata/dompdb/1cdoA1 76.250000
/nfs/cathdata/dompdb/1tehA1 80.000000
/nfs/cathdata/dompdb/1agnA1 80.000000
/tmp/1yptA0 70.000000
/data/pdb_release/all/pdb2hnp.ent 85.000000
/nfs/cathdata/dompdb/1yfoA1 67.500000
/tmp/1vhrA0 71.250000
/data/pdb_release/all/pdb1gpc.ent 80.000000
/nfs/cathdata/dompdb/1bgw05 62.500000
/nfs/cathdata/dompdb/1jetA1 71.250000
/nfs/cathdata/dompdb/1glaG1 71.250000
/nfs/cathdata/dompdb/1hgeA1 72.500000
/tmp/1ltsA0 68.750000
/tmp/1xtcA0 63.750000
/tmp/1tiiA0 57.500000
/tmp/1prtA0 75.000000
/nfs/cathdata/dompdb/1admA2 68.750000
/nfs/cathdata/dompdb/1chmA2 62.500000
/data/pdb_release/all/pdb1mat.ent 62.500000
/data/pdb_release/all/pdb1pbn.ent 71.250000
/data/pdb_release/all/pdb1ula.ent 81.250000
/tmp/1ecpA0 75.000000
/nfs/cathdata/dompdb/1dhx03 73.750000
/data/pdb_release/all/pdb2cyr.ent 58.750000
/data/pdb_release/all/pdb1wad.ent 26.250000
/data/pdb_release/all/pdb1czj.ent 62.500000
/tmp/1htmB0 28.750000
/nfs/cathdata/dompdb/1berA1 72.500000
/nfs/cathdata/dompdb/1dhx02 30.000000
/nfs/cathdata/dompdb/1gln02 42.500000
/nfs/cathdata/dompdb/1gtrA2 53.750000
/nfs/cathdata/dompdb/1prcH2 48.750000
/nfs/cathdata/dompdb/4rcrH2 35.000000
/nfs/cathdata/dompdb/1oxa01 46.250000
/nfs/cathdata/dompdb/1cpt01 51.250000
/nfs/cathdata/dompdb/1gcb02 43.750000
/data/pdb_release/all/pdb1mut.ent 47.500000
/data/pdb_release/all/pdb1pyp.ent 76.250000
/data/pdb_release/all/pdb2prd.ent 77.500000
/tmp/1eipA0 77.500000
/nfs/cathdata/dompdb/1ordA4 52.500000
/nfs/cathdata/dompdb/2cmd02 51.250000
/nfs/cathdata/dompdb/1mldA2 48.750000
/nfs/cathdata/dompdb/6ldh02 48.750000
/nfs/cathdata/dompdb/1llc02 60.000000
/nfs/cathdata/dompdb/1lldA2 41.250000
/nfs/cathdata/dompdb/2ldx02 48.750000
/nfs/cathdata/dompdb/3ldh02 50.000000
/nfs/cathdata/dompdb/5ldh02 40.000000
/nfs/cathdata/dompdb/9ldtA2 51.250000
/nfs/cathdata/dompdb/1ldb02 52.500000
/nfs/cathdata/dompdb/1hyhA2 51.250000
/nfs/cathdata/dompdb/4mdhA2 48.750000
/nfs/cathdata/dompdb/1bdmA2 51.250000
/nfs/cathdata/dompdb/1dctA2 42.500000
/tmp/1regX0 70.000000
/nfs/cathdata/dompdb/2bltA1 62.500000
/data/pdb_release/all/pdb1xaa.ent 71.250000
/data/pdb_release/all/pdb1xac.ent 65.000000
/tmp/1alkA0 70.000000
/data/pdb_release/all/pdb1lpp.ent 71.250000
/data/pdb_release/all/pdb1thg.ent 77.500000
/tmp/1cleA0 71.250000
/data/pdb_release/all/pdb1ace.ent 82.500000
/nfs/cathdata/dompdb/3ladA2 52.500000
/nfs/cathdata/dompdb/1lpfA2 53.750000
/nfs/cathdata/dompdb/1lvl02 53.750000
/nfs/cathdata/dompdb/1ebdA2 55.000000
/nfs/cathdata/dompdb/2tmdA3 58.750000
/nfs/cathdata/dompdb/1gerA2 55.000000
/nfs/cathdata/dompdb/1gesA2 57.500000
/nfs/cathdata/dompdb/3grs02 57.500000
/nfs/cathdata/dompdb/1tde02 53.750000
/nfs/cathdata/dompdb/1vdc02 53.750000
/nfs/cathdata/dompdb/1fecB2 57.500000
/nfs/cathdata/dompdb/1nhr02 51.250000
/nfs/cathdata/dompdb/1fcdA2 68.750000
/tmp/1pyaB0 72.500000
/nfs/cathdata/dompdb/1dik03 70.000000
/nfs/cathdata/dompdb/1aorA1 82.500000
/tmp/2dnjA0 82.500000
/tmp/1fjmA0 62.500000
/tmp/1tcoA0 61.250000
/nfs/cathdata/dompdb/1gph11 80.000000
/data/pdb_release/all/pdb1plq.ent 73.750000
/data/pdb_release/all/pdb1bnh.ent 52.500000
/data/pdb_release/all/pdb1cy3.ent 12.500000
/tmp/1cthA0 38.750000
/data/pdb_release/all/pdb2cdv.ent 38.750000
/nfs/cathdata/dompdb/1trkA1 70.000000
/tmp/1rvaA0 83.750000
/nfs/cathdata/dompdb/1atnA1 82.500000
/nfs/cathdata/dompdb/2btfA1 76.250000
/nfs/cathdata/dompdb/1olbA2 67.500000
/data/pdb_release/all/pdb2ctc.ent 83.750000
/data/pdb_release/all/pdb1amp.ent 83.750000
/nfs/cathdata/dompdb/1lam02 81.250000
/nfs/cathdata/dompdb/1tplA2 78.750000
/nfs/cathdata/dompdb/1dgd02 71.250000
/nfs/cathdata/dompdb/1aam02 66.250000
/nfs/cathdata/dompdb/1akaA2 72.500000
/nfs/cathdata/dompdb/2cstA2 70.000000
/nfs/cathdata/dompdb/1ordA2 78.750000
/data/pdb_release/all/pdb1rpa.ent 62.500000
/data/pdb_release/all/pdb1esc.ent 58.750000
/nfs/cathdata/dompdb/1gpb02 70.000000
/nfs/cathdata/dompdb/1ygpA2 70.000000
/tmp/1deaA0 71.250000
/tmp/1thtA0 75.000000
/tmp/1tahA0 76.250000
/tmp/1oilA0 70.000000
/nfs/cathdata/dompdb/1hplA1 86.250000
/nfs/cathdata/dompdb/1lpbB1 80.000000
/tmp/1ethA0 75.000000
/data/pdb_release/all/pdb1gpl.ent 81.250000
/data/pdb_release/all/pdb1tca.ent 72.500000
/data/pdb_release/all/pdb1ede.ent 73.750000
/data/pdb_release/all/pdb1ysc.ent 82.500000
/nfs/cathdata/dompdb/1asyA2 75.000000
/nfs/cathdata/dompdb/1lylA2 71.250000
/nfs/cathdata/dompdb/1serA2 80.000000
/data/pdb_release/all/pdb3pte.ent 70.000000
/nfs/cathdata/dompdb/1abrA1 82.500000
/nfs/cathdata/dompdb/1ahc01 85.000000
/nfs/cathdata/dompdb/1mrj01 85.000000
/nfs/cathdata/dompdb/1apa01 78.750000
/nfs/cathdata/dompdb/1pafA1 83.750000
/tmp/4dfrA0 62.500000
/data/pdb_release/all/pdb3dfr.ent 68.750000
/data/pdb_release/all/pdb8dfr.ent 71.250000
/data/pdb_release/all/pdb1drf.ent 68.750000
/data/pdb_release/all/pdb1dyr.ent 62.500000
/nfs/cathdata/dompdb/1adeA1 72.500000
/nfs/cathdata/dompdb/3pmgA1 63.750000
/data/pdb_release/all/pdb1udg.ent 60.000000
/nfs/cathdata/dompdb/3pgk02 63.750000
/nfs/cathdata/dompdb/1php02 81.250000
/nfs/cathdata/dompdb/1gpmA1 68.750000
/nfs/cathdata/dompdb/1powA3 61.250000
/nfs/cathdata/dompdb/1pvdA3 61.250000
/nfs/cathdata/dompdb/1pvdA1 60.000000
/nfs/cathdata/dompdb/1powA1 70.000000
/nfs/cathdata/dompdb/1trkA2 63.750000
/nfs/cathdata/dompdb/1tyaE1 72.500000
/nfs/cathdata/dompdb/2tysB2 81.250000
/nfs/cathdata/dompdb/1minA1 72.500000
/nfs/cathdata/dompdb/1mioA1 67.500000
/nfs/cathdata/dompdb/3ecaA1 61.250000
/nfs/cathdata/dompdb/1agx01 62.500000
/nfs/cathdata/dompdb/3pga11 63.750000
/tmp/1wsaA0 82.500000
/tmp/1nbaA0 76.250000
/nfs/cathdata/dompdb/2reb01 70.000000
/tmp/1smnA0 78.750000
/tmp/1eriA0 66.250000
/nfs/cathdata/dompdb/1lvl01 57.500000
/nfs/cathdata/dompdb/1ebdA1 60.000000
/nfs/cathdata/dompdb/1gal01 70.000000
/nfs/cathdata/dompdb/1fcdA1 66.250000
/nfs/cathdata/dompdb/1coy01 83.750000
/nfs/cathdata/dompdb/1pbe01 81.250000
/nfs/cathdata/dompdb/1aa8A1 57.500000
/nfs/cathdata/dompdb/1dob02 81.250000
/data/pdb_release/all/pdb1cge.ent 61.250000
/data/pdb_release/all/pdb1mnc.ent 63.750000
/data/pdb_release/all/pdb1srt.ent 63.750000
/nfs/cathdata/dompdb/1fbl01 63.750000
/data/pdb_release/all/pdb1mmq.ent 61.250000
/data/pdb_release/all/pdb1slm.ent 60.000000
/tmp/1atlA0 57.500000
/data/pdb_release/all/pdb1iag.ent 61.250000
/nfs/cathdata/dompdb/1kapP2 63.750000
/nfs/cathdata/dompdb/1sat02 66.250000
/data/pdb_release/all/pdb1iab.ent 62.500000
/nfs/cathdata/dompdb/1lcf01 68.750000
/nfs/cathdata/dompdb/1ovt01 68.750000
/nfs/cathdata/dompdb/1ovt03 73.750000
/nfs/cathdata/dompdb/1nnt01 37.500000
/nfs/cathdata/dompdb/1tfd01 38.750000
/nfs/cathdata/dompdb/1lcf03 75.000000
/nfs/cathdata/dompdb/1dot01 71.250000
/nfs/cathdata/dompdb/1dot03 70.000000
/nfs/cathdata/dompdb/1quk01 65.000000
/nfs/cathdata/dompdb/1sbp01 70.000000
/nfs/cathdata/dompdb/1dmb01 62.500000
/nfs/cathdata/dompdb/1pot01 72.500000
/nfs/cathdata/dompdb/3sc2A1 71.250000
/nfs/cathdata/dompdb/1rtc01 83.750000
/tmp/1pviA0 52.500000
/nfs/cathdata/dompdb/1bllE1 66.250000
/nfs/cathdata/dompdb/1scuB3 70.000000
/nfs/cathdata/dompdb/1ora01 57.500000
/nfs/cathdata/dompdb/1ora02 60.000000
/nfs/cathdata/dompdb/2glt01 72.500000
/nfs/cathdata/dompdb/1ttqB1 67.500000
/data/pdb_release/all/pdb3pgm.ent 55.000000
/nfs/cathdata/dompdb/1gtrA1 72.500000
/nfs/cathdata/dompdb/1gln01 68.750000
/tmp/1dsbA0 60.000000
/tmp/1gp1A0 61.250000
/nfs/cathdata/dompdb/1chmA1 72.500000
/nfs/cathdata/dompdb/1scuB1 68.750000
/nfs/cathdata/dompdb/1mla02 53.750000
/nfs/cathdata/dompdb/1glaG2 72.500000
/nfs/cathdata/dompdb/1ami01 68.750000
/data/pdb_release/all/pdb1ak2.ent 66.250000
/tmp/1ak3A0 66.250000
/tmp/1akeA0 61.250000
/data/pdb_release/all/pdb1aky.ent 68.750000
/data/pdb_release/all/pdb3adk.ent 68.750000
/data/pdb_release/all/pdb1ukz.ent 68.750000
/data/pdb_release/all/pdb1ukd.ent 68.750000
/nfs/cathdata/dompdb/2tmdA2 61.250000
/nfs/cathdata/dompdb/1nhp01 63.750000
/nfs/cathdata/dompdb/1trb01 55.000000
/nfs/cathdata/dompdb/1vdc01 50.000000
/nfs/cathdata/dompdb/1typA1 57.500000
/nfs/cathdata/dompdb/1gesA1 65.000000
/nfs/cathdata/dompdb/3grs01 57.500000
/nfs/cathdata/dompdb/3ladA1 57.500000
/nfs/cathdata/dompdb/1lpfA1 57.500000
/nfs/cathdata/dompdb/1pfkA2 57.500000
/nfs/cathdata/dompdb/3pfk02 57.500000
/nfs/cathdata/dompdb/3pgk01 51.250000
/nfs/cathdata/dompdb/1php01 60.000000
/nfs/cathdata/dompdb/3pmgA3 61.250000
/tmp/2rslA0 62.500000
/tmp/1gdtA0 75.000000
/nfs/cathdata/dompdb/1ctt02 61.250000
/nfs/cathdata/dompdb/1ctt01 70.000000
/tmp/1whtB0 61.250000
/nfs/cathdata/dompdb/1trkA3 73.750000
/nfs/cathdata/dompdb/1dmb02 50.000000
/nfs/cathdata/dompdb/1pda02 46.250000
/nfs/cathdata/dompdb/1hslA2 72.500000
/nfs/cathdata/dompdb/1lst02 61.250000
/nfs/cathdata/dompdb/1pbp02 65.000000
/nfs/cathdata/dompdb/1sbp02 60.000000
/data/pdb_release/all/pdb1ovb.ent 48.750000
/nfs/cathdata/dompdb/1lcf02 63.750000
/nfs/cathdata/dompdb/1lcf04 62.500000
/nfs/cathdata/dompdb/1ovt02 48.750000
/nfs/cathdata/dompdb/1ovt04 57.500000
/nfs/cathdata/dompdb/1tfd02 60.000000
/nfs/cathdata/dompdb/1dot04 28.750000
/nfs/cathdata/dompdb/1poy12 75.000000
/nfs/cathdata/dompdb/1inp03 71.250000
/nfs/cathdata/dompdb/1imbA2 47.500000
/nfs/cathdata/dompdb/1fbcA2 50.000000
/nfs/cathdata/dompdb/1ftaA2 50.000000
/nfs/cathdata/dompdb/1spiA2 50.000000
/nfs/cathdata/dompdb/1pda01 57.500000
/nfs/cathdata/dompdb/1hslA1 62.500000
/nfs/cathdata/dompdb/1lst01 60.000000
/nfs/cathdata/dompdb/2ldx01 66.250000
/nfs/cathdata/dompdb/3ldh01 68.750000
/nfs/cathdata/dompdb/5ldh01 63.750000
/nfs/cathdata/dompdb/9ldtA1 68.750000
/data/pdb_release/all/pdb5nll.ent 62.500000
/data/pdb_release/all/pdb2fx2.ent 67.500000
/data/pdb_release/all/pdb1ofv.ent 76.250000
/data/pdb_release/all/pdb2fcr.ent 63.750000
/data/pdb_release/all/pdb1rcf.ent 76.250000
/tmp/1lfaA0 73.750000
/data/pdb_release/all/pdb1ido.ent 71.250000
/nfs/cathdata/dompdb/1pfkA1 63.750000
/nfs/cathdata/dompdb/3pfk01 63.750000
/data/pdb_release/all/pdb1cus.ent 72.500000
/data/pdb_release/all/pdb1dad.ent 61.250000
/data/pdb_release/all/pdb1tib.ent 71.250000
/data/pdb_release/all/pdb3tgl.ent 71.250000
/tmp/1lgyA0 71.250000
/data/pdb_release/all/pdb1vid.ent 72.500000
/data/pdb_release/all/pdb1pdo.ent 65.000000
/nfs/cathdata/dompdb/1gpmA2 72.500000
/nfs/cathdata/dompdb/1dnpA1 61.250000
/nfs/cathdata/dompdb/1bgw02 68.750000
/nfs/cathdata/dompdb/1guhA1 68.750000
/nfs/cathdata/dompdb/1glqA1 61.250000
/nfs/cathdata/dompdb/2gsq01 66.250000
/nfs/cathdata/dompdb/2gsrA1 62.500000
/nfs/cathdata/dompdb/1gssA1 61.250000
/nfs/cathdata/dompdb/2gstA1 61.250000
/nfs/cathdata/dompdb/1gta01 57.500000
/nfs/cathdata/dompdb/1hna01 60.000000
/nfs/cathdata/dompdb/3pmgA2 45.000000
/data/pdb_release/all/pdb1lba.ent 58.750000
/tmp/1meeA0 81.250000
/nfs/cathdata/dompdb/1ordA1 60.000000
/data/pdb_release/all/pdb1ntr.ent 66.250000
/nfs/cathdata/dompdb/1gdhA2 62.500000
/nfs/cathdata/dompdb/2nacA2 66.250000
/nfs/cathdata/dompdb/2dldA2 72.500000
/nfs/cathdata/dompdb/2dldA1 57.500000
/nfs/cathdata/dompdb/1scuB2 62.500000
/nfs/cathdata/dompdb/1scuA1 68.750000
/nfs/cathdata/dompdb/1scuA2 80.000000
/data/pdb_release/all/pdb1phr.ent 62.500000
/nfs/cathdata/dompdb/1bmtA2 72.500000
/tmp/1iceA0 60.000000
/data/pdb_release/all/pdb1etu.ent 71.250000
/nfs/cathdata/dompdb/1eft01 73.750000
/data/pdb_release/all/pdb5p21.ent 78.750000
/tmp/1guaA0 76.250000
/tmp/1hurA0 71.250000
/tmp/1nipA0 71.250000
/nfs/cathdata/dompdb/1gky02 68.750000
/nfs/cathdata/dompdb/1dar01 75.000000
/nfs/cathdata/dompdb/1raaA1 61.250000
/nfs/cathdata/dompdb/1raaA2 63.750000
/nfs/cathdata/dompdb/2atcA2 36.250000
/nfs/cathdata/dompdb/4mdhA1 60.000000
/nfs/cathdata/dompdb/1bdmA1 60.000000
/nfs/cathdata/dompdb/2cmd01 62.500000
/nfs/cathdata/dompdb/1mldA1 60.000000
/nfs/cathdata/dompdb/1hyhA1 66.250000
/nfs/cathdata/dompdb/6ldh01 68.750000
/nfs/cathdata/dompdb/1ldb01 61.250000
/nfs/cathdata/dompdb/1llc01 35.000000
/nfs/cathdata/dompdb/1lldA1 68.750000
/nfs/cathdata/dompdb/1bdhA3 48.750000
/nfs/cathdata/dompdb/1tlfA2 61.250000
/nfs/cathdata/dompdb/1dbp01 66.250000
/data/pdb_release/all/pdb3chy.ent 62.500000
/nfs/cathdata/dompdb/1abe01 60.000000
/nfs/cathdata/dompdb/1gdhA1 73.750000
/nfs/cathdata/dompdb/1gca01 61.250000
/nfs/cathdata/dompdb/1gdd01 86.250000
/nfs/cathdata/dompdb/1tadA1 83.750000
/nfs/cathdata/dompdb/1gotA1 78.750000
/nfs/cathdata/dompdb/1gd1O1 72.500000
/nfs/cathdata/dompdb/4gpd11 78.750000
/nfs/cathdata/dompdb/1cerO1 68.750000
/nfs/cathdata/dompdb/1gadO1 83.750000
/nfs/cathdata/dompdb/1gypA1 71.250000
/nfs/cathdata/dompdb/1hdgO1 76.250000
/nfs/cathdata/dompdb/2lbp02 65.000000
/nfs/cathdata/dompdb/2liv02 62.500000
/nfs/cathdata/dompdb/2lbp01 72.500000
/nfs/cathdata/dompdb/2liv01 72.500000
/nfs/cathdata/dompdb/1pea02 70.000000
/nfs/cathdata/dompdb/1pea01 72.500000
/nfs/cathdata/dompdb/1ecl01 70.000000
/nfs/cathdata/dompdb/1admA1 65.000000
/nfs/cathdata/dompdb/1dctA1 70.000000
/nfs/cathdata/dompdb/1hmy01 63.750000
/tmp/1garA0 61.250000
/data/pdb_release/all/pdb1chd.ent 81.250000
/data/pdb_release/all/pdb1thm.ent 68.750000
/tmp/1cseE0 81.250000
/data/pdb_release/all/pdb1st3.ent 78.750000
/data/pdb_release/all/pdb2pkc.ent 71.250000
/data/pdb_release/all/pdb1s01.ent 76.250000
/nfs/cathdata/dompdb/1poxA2 58.750000
/nfs/cathdata/dompdb/1pvdA2 57.500000
/nfs/cathdata/dompdb/2pia02 65.000000
/nfs/cathdata/dompdb/1fnb02 72.500000
/nfs/cathdata/dompdb/1que02 72.500000
/nfs/cathdata/dompdb/1cnd02 75.000000
/nfs/cathdata/dompdb/1ndh02 81.250000
/nfs/cathdata/dompdb/1gph12 62.500000
/nfs/cathdata/dompdb/1ecgA2 60.000000
/data/pdb_release/all/pdb1sto.ent 78.750000
/nfs/cathdata/dompdb/2bgt02 67.500000
/nfs/cathdata/dompdb/2bgt01 75.000000
/nfs/cathdata/dompdb/2nacA1 65.000000
/data/pdb_release/all/pdb1dhr.ent 73.750000
/tmp/1hdcA0 68.750000
/data/pdb_release/all/pdb1eny.ent 71.250000
/nfs/cathdata/dompdb/1psdA1 61.250000
/nfs/cathdata/dompdb/1psdA2 61.250000
/nfs/cathdata/dompdb/1qorA2 62.500000
/nfs/cathdata/dompdb/3btoA2 60.000000
/nfs/cathdata/dompdb/1dehA2 61.250000
/nfs/cathdata/dompdb/1cdoA2 61.250000
/nfs/cathdata/dompdb/1tehA2 61.250000
/nfs/cathdata/dompdb/1agnA2 61.250000
/nfs/cathdata/dompdb/1dih01 68.750000
/nfs/cathdata/dompdb/2pgd01 63.750000
/nfs/cathdata/dompdb/1dpgA1 62.500000
/nfs/cathdata/dompdb/1dbqA1 63.750000
/nfs/cathdata/dompdb/1tlfA1 60.000000
/nfs/cathdata/dompdb/2dri02 61.250000
/nfs/cathdata/dompdb/1gca02 70.000000
/nfs/cathdata/dompdb/2gbp02 70.000000
/nfs/cathdata/dompdb/8abp02 63.750000
/data/pdb_release/all/pdb1ghu.ent 48.750000
/nfs/cathdata/dompdb/1ad5A2 46.250000
/tmp/1ayaA0 46.250000
/tmp/2pldA0 48.750000
/data/pdb_release/all/pdb1svq.ent 77.500000
/data/pdb_release/all/pdb1vil.ent 38.750000
/data/pdb_release/all/pdb1aba.ent 57.500000
/data/pdb_release/all/pdb1ego.ent 62.500000
/tmp/2trxA0 63.750000
/data/pdb_release/all/pdb1thx.ent 61.250000
/data/pdb_release/all/pdb3trx.ent 57.500000
/data/pdb_release/all/pdb1tof.ent 61.250000
/nfs/cathdata/dompdb/1pxtA1 58.750000
/nfs/cathdata/dompdb/1pxtA2 60.000000
/nfs/cathdata/dompdb/2yhx02 60.000000
/nfs/cathdata/dompdb/1dik01 60.000000
/nfs/cathdata/dompdb/2minA3 57.500000
/nfs/cathdata/dompdb/1mioA3 60.000000
/nfs/cathdata/dompdb/2minB2 46.250000
/nfs/cathdata/dompdb/2minB3 60.000000
/nfs/cathdata/dompdb/1mioB2 47.500000
/nfs/cathdata/dompdb/1mioB4 61.250000
/nfs/cathdata/dompdb/2minA2 65.000000
/nfs/cathdata/dompdb/1mioA2 72.500000
/nfs/cathdata/dompdb/2minB1 61.250000
/nfs/cathdata/dompdb/1mioB1 61.250000
/nfs/cathdata/dompdb/1iow01 51.250000
/nfs/cathdata/dompdb/1bncA1 56.250000
/nfs/cathdata/dompdb/3ecaA2 68.750000
/nfs/cathdata/dompdb/1agx02 68.750000
/nfs/cathdata/dompdb/3pga12 68.750000
/nfs/cathdata/dompdb/1pkyA1 61.250000
/nfs/cathdata/dompdb/1pkm01 61.250000
/nfs/cathdata/dompdb/1hsbA1 71.250000
/nfs/cathdata/dompdb/2clrA1 73.750000
/nfs/cathdata/dompdb/1mhcA1 82.500000
/tmp/1tmcA0 76.250000
/nfs/cathdata/dompdb/1fruA1 80.000000
/nfs/cathdata/dompdb/1tssA1 63.750000
/nfs/cathdata/dompdb/1se202 60.000000
/nfs/cathdata/dompdb/1sebD2 52.500000
/nfs/cathdata/dompdb/1esfA2 68.750000
/data/pdb_release/all/pdb1vhh.ent 60.000000
/nfs/cathdata/dompdb/3pmgA4 72.500000
/nfs/cathdata/dompdb/1imbA1 51.250000
/nfs/cathdata/dompdb/5fbpA1 60.000000
/nfs/cathdata/dompdb/1ftaA1 61.250000
/nfs/cathdata/dompdb/1spiA1 52.500000
/nfs/cathdata/dompdb/1inp02 41.250000
/nfs/cathdata/dompdb/1gd1O2 72.500000
/nfs/cathdata/dompdb/4gpd12 58.750000
/nfs/cathdata/dompdb/1cerO2 72.500000
/nfs/cathdata/dompdb/1gadO2 62.500000
/nfs/cathdata/dompdb/1gypA2 72.500000
/nfs/cathdata/dompdb/1hdgO2 66.250000
/data/pdb_release/all/pdb1cia.ent 71.250000
/nfs/cathdata/dompdb/1gal03 85.000000
/nfs/cathdata/dompdb/1dpgA2 81.250000
/data/pdb_release/all/pdb1dpb.ent 57.500000
/data/pdb_release/all/pdb1adn.ent 38.750000
/data/pdb_release/all/pdb2pna.ent 48.750000
/data/pdb_release/all/pdb1ab2.ent 37.500000
/tmp/1shaA0 48.750000
/tmp/1lcjA0 48.750000
/tmp/1csyA0 38.750000
/data/pdb_release/all/pdb1blj.ent 51.250000
/data/pdb_release/all/pdb1fim.ent 58.750000
/tmp/1mifA0 58.750000
/tmp/1kptA0 50.000000
/nfs/cathdata/dompdb/1dja01 57.500000
/nfs/cathdata/dompdb/1mblA1 60.000000
/nfs/cathdata/dompdb/1btl01 60.000000
/data/pdb_release/all/pdb2phy.ent 52.500000
/data/pdb_release/all/pdb1fil.ent 57.500000
/data/pdb_release/all/pdb1pne.ent 57.500000
/data/pdb_release/all/pdb1acf.ent 58.750000
/data/pdb_release/all/pdb2acg.ent 57.500000
/data/pdb_release/all/pdb1cqa.ent 61.250000
/nfs/cathdata/dompdb/1pnkB1 72.500000
/nfs/cathdata/dompdb/1oacA1 62.500000
/tmp/1otgA0 51.250000
/nfs/cathdata/dompdb/1ami02 55.000000
/nfs/cathdata/dompdb/1bpb02 51.250000
/nfs/cathdata/dompdb/9icwA3 60.000000
/nfs/cathdata/dompdb/1daaA1 67.500000
/nfs/cathdata/dompdb/1iov02 62.500000
/nfs/cathdata/dompdb/1glt02 67.500000
/tmp/1gtqA0 62.500000
/nfs/cathdata/dompdb/1bia02 67.500000
/nfs/cathdata/dompdb/1antI2 53.750000
/nfs/cathdata/dompdb/1hleA2 63.750000
/nfs/cathdata/dompdb/1ovaA2 61.250000
/nfs/cathdata/dompdb/2achA1 63.750000
/nfs/cathdata/dompdb/7apiA2 63.750000
/nfs/cathdata/dompdb/1pnkB2 58.750000
/nfs/cathdata/dompdb/1ami03 58.750000
/nfs/cathdata/dompdb/1hocA1 71.250000
/nfs/cathdata/dompdb/1hsaA1 73.750000
/nfs/cathdata/dompdb/1vaaA1 75.000000
/nfs/cathdata/dompdb/1dik06 51.250000
/nfs/cathdata/dompdb/1mdl01 67.500000
/nfs/cathdata/dompdb/4enl01 68.750000
/nfs/cathdata/dompdb/1pdz01 71.250000
/nfs/cathdata/dompdb/1nhp03 63.750000
/nfs/cathdata/dompdb/3ladA3 63.750000
/nfs/cathdata/dompdb/1lpfA3 61.250000
/nfs/cathdata/dompdb/1lvl03 60.000000
/nfs/cathdata/dompdb/1ebdA3 63.750000
/nfs/cathdata/dompdb/1tytA3 61.250000
/nfs/cathdata/dompdb/1gesA3 61.250000
/nfs/cathdata/dompdb/3grs03 58.750000
/nfs/cathdata/dompdb/1irk01 57.500000
/nfs/cathdata/dompdb/1apmE2 60.000000
/nfs/cathdata/dompdb/1ckiA1 72.500000
/nfs/cathdata/dompdb/1csn01 72.500000
/nfs/cathdata/dompdb/1coy02 57.500000
/nfs/cathdata/dompdb/1rthA4 67.500000
/tmp/1hrhA0 77.500000
/data/pdb_release/all/pdb2rn2.ent 80.000000
/data/pdb_release/all/pdb1ril.ent 77.500000
/tmp/1hjrA0 78.750000
/data/pdb_release/all/pdb1itg.ent 71.250000
/data/pdb_release/all/pdb1asu.ent 67.500000
/nfs/cathdata/dompdb/1bcmA1 70.000000
/nfs/cathdata/dompdb/1atr03 71.250000
/nfs/cathdata/dompdb/1atnA2 65.000000
/nfs/cathdata/dompdb/2btfA2 65.000000
/nfs/cathdata/dompdb/2yhx03 70.000000
/nfs/cathdata/dompdb/1atr01 71.250000
/nfs/cathdata/dompdb/1mngA2 61.250000
/nfs/cathdata/dompdb/3sdpA2 25.000000
/tmp/1kpaA0 70.000000
/nfs/cathdata/dompdb/1bpb03 26.250000
/nfs/cathdata/dompdb/1pkp02 55.000000
/nfs/cathdata/dompdb/1dar04 67.500000
/tmp/1copD0 40.000000
/data/pdb_release/all/pdb1orc.ent 36.250000
/nfs/cathdata/dompdb/2reb02 41.250000
/nfs/cathdata/dompdb/1derA2 48.750000
/tmp/1iceB0 25.000000
/tmp/2kauA0 35.000000
/nfs/cathdata/dompdb/1gpmA3 58.750000
/nfs/cathdata/dompdb/1mxa03 58.750000
/nfs/cathdata/dompdb/1mxa01 60.000000
/nfs/cathdata/dompdb/1mxa02 56.250000
/nfs/cathdata/dompdb/1xrb02 46.250000
/nfs/cathdata/dompdb/1ytbA2 61.250000
/nfs/cathdata/dompdb/1tghA2 58.750000
/nfs/cathdata/dompdb/1vokA2 61.250000
/nfs/cathdata/dompdb/1tbpA1 62.500000
/nfs/cathdata/dompdb/1tghA1 60.000000
/nfs/cathdata/dompdb/1vokA1 58.750000
/nfs/cathdata/dompdb/1pczA1 60.000000
/nfs/cathdata/dompdb/1pczA2 48.750000
/nfs/cathdata/dompdb/1bmc02 80.000000
/nfs/cathdata/dompdb/1sebA1 57.500000
/nfs/cathdata/dompdb/1sebB1 68.750000
/tmp/2sicI0 56.250000
/nfs/cathdata/dompdb/1dih02 42.500000
/tmp/1brsD0 56.250000
/data/pdb_release/all/pdb1msc.ent 76.250000
/tmp/1unaA0 78.750000
/nfs/cathdata/dompdb/1chkA2 33.750000
/nfs/cathdata/dompdb/1svb03 37.500000
/nfs/cathdata/dompdb/1oacA4 47.500000
/tmp/1latA0 25.000000
/tmp/2nllA0 25.000000
/tmp/2nllB0 36.250000
/data/pdb_release/all/pdb1tns.ent 26.250000
/data/pdb_release/all/pdb1ife.ent 22.500000
/data/pdb_release/all/pdb1tig.ent 51.250000
/nfs/cathdata/dompdb/1hpm04 38.750000
/nfs/cathdata/dompdb/1bncA2 25.000000
/nfs/cathdata/dompdb/1iow03 52.500000
/nfs/cathdata/dompdb/1glt03 48.750000
/tmp/1humA0 47.500000
/tmp/1hrjA0 22.500000
/tmp/1domA0 35.000000
/tmp/1plfA0 35.000000
/tmp/1mgsA0 47.500000
/data/pdb_release/all/pdb3il8.ent 47.500000
/tmp/1rhpA0 35.000000
/tmp/1napA0 50.000000
/tmp/1rodA0 25.000000
/data/pdb_release/all/pdb1stu.ent 48.750000
/nfs/cathdata/dompdb/1pkp01 47.500000
/nfs/cathdata/dompdb/1pda03 52.500000
/data/pdb_release/all/pdb1ncs.ent 12.500000
/tmp/1cksA0 25.000000
/tmp/1sceA0 25.000000
/tmp/1dktA0 38.750000
/tmp/1rblM0 36.250000
/tmp/3rubS0 36.250000
/tmp/8rubS0 36.250000
/tmp/8rucI0 36.250000
/tmp/1burS0 36.250000
/nfs/cathdata/dompdb/1amg02 42.500000
/nfs/cathdata/dompdb/1amy02 48.750000
/data/pdb_release/all/pdb1zer.ent 58.750000
/data/pdb_release/all/pdb1aps.ent 58.750000
/tmp/2bopA0 61.250000
/data/pdb_release/all/pdb2pii.ent 61.250000
/tmp/2chsA0 47.500000
/nfs/cathdata/dompdb/8atcB1 63.750000
/nfs/cathdata/dompdb/2atcB1 12.500000
/tmp/1nhkL0 63.750000
/data/pdb_release/all/pdb1ndk.ent 62.500000
/tmp/1nsqA0 62.500000
/tmp/1nskL0 63.750000
/nfs/cathdata/dompdb/1rbaA1 68.750000
/nfs/cathdata/dompdb/3rubL1 61.250000
/nfs/cathdata/dompdb/8rucA1 63.750000
/nfs/cathdata/dompdb/1rblA1 61.250000
/nfs/cathdata/dompdb/1ars01 38.750000
/nfs/cathdata/dompdb/7aatA1 37.500000
/nfs/cathdata/dompdb/2cstA1 40.000000
/nfs/cathdata/dompdb/1ordA3 61.250000
/nfs/cathdata/dompdb/2dkb01 60.000000
/nfs/cathdata/dompdb/1tplA1 50.000000
/tmp/1dcoA0 48.750000
/data/pdb_release/all/pdb1vig.ent 46.250000
/tmp/1xxaA0 57.500000
/nfs/cathdata/dompdb/1bgw04 76.250000
/nfs/cathdata/dompdb/1dar05 68.750000
/nfs/cathdata/dompdb/1mla01 63.750000
/nfs/cathdata/dompdb/1psdA3 63.750000
/nfs/cathdata/dompdb/1dloA2 48.750000
/nfs/cathdata/dompdb/1mml02 52.500000
/tmp/1gluA0 25.000000
/data/pdb_release/all/pdb1hra.ent 25.000000
/tmp/1hcqA0 25.000000
/nfs/cathdata/dompdb/1bgw01 45.000000
/data/pdb_release/all/pdb1nef.ent 42.500000
/tmp/1efnB0 40.000000
/nfs/cathdata/dompdb/1gky01 36.250000
/nfs/cathdata/dompdb/1yua01 47.500000
/data/pdb_release/all/pdb1vcc.ent 52.500000
/nfs/cathdata/dompdb/1svb02 58.750000
/nfs/cathdata/dompdb/1yua02 28.750000
/tmp/1otfA0 35.000000
/data/pdb_release/all/pdb1cbn.ent 22.500000
/data/pdb_release/all/pdb1bhp.ent 25.000000
/data/pdb_release/all/pdb2plh.ent 25.000000
/data/pdb_release/all/pdb1fdx.ent 12.500000
/data/pdb_release/all/pdb1clf.ent 0.000000
/data/pdb_release/all/pdb1fca.ent 12.500000
/data/pdb_release/all/pdb1fdn.ent 12.500000
/data/pdb_release/all/pdb1blu.ent 25.000000
/data/pdb_release/all/pdb1fxd.ent 22.500000
/data/pdb_release/all/pdb2fxb.ent 36.250000
/tmp/1fxrA0 58.750000
/data/pdb_release/all/pdb1rof.ent 12.500000
/data/pdb_release/all/pdb5fd1.ent 36.250000
/data/pdb_release/all/pdb1fwp.ent 46.250000
/data/pdb_release/all/pdb1sxl.ent 47.500000
/data/pdb_release/all/pdb1fht.ent 52.500000
/data/pdb_release/all/pdb1pba.ent 35.000000
/data/pdb_release/all/pdb1ris.ent 61.250000
/data/pdb_release/all/pdb1ctf.ent 52.500000
/tmp/1spbP0 61.250000
/data/pdb_release/all/pdb1ptf.ent 68.750000
/data/pdb_release/all/pdb1poh.ent 68.750000
/data/pdb_release/all/pdb2hpr.ent 68.750000
/data/pdb_release/all/pdb1pch.ent 68.750000
/data/pdb_release/all/pdb1sxm.ent 28.750000
/data/pdb_release/all/pdb2sn3.ent 28.750000
/data/pdb_release/all/pdb1vna.ent 26.250000
/data/pdb_release/all/pdb1nra.ent 26.250000
/data/pdb_release/all/pdb1ptx.ent 36.250000
/data/pdb_release/all/pdb1lqh.ent 36.250000
/data/pdb_release/all/pdb1snb.ent 38.750000
/data/pdb_release/all/pdb1gps.ent 38.750000
/data/pdb_release/all/pdb1gpt.ent 36.250000
/data/pdb_release/all/pdb1chc.ent 12.500000
/data/pdb_release/all/pdb1caa.ent 12.500000
/data/pdb_release/all/pdb1iro.ent 0.000000
/data/pdb_release/all/pdb1rdg.ent 0.000000
/data/pdb_release/all/pdb4rxn.ent 0.000000
/data/pdb_release/all/pdb6rxn.ent 0.000000
/tmp/8rxnA0 0.000000
/tmp/1gatA0 35.000000
/data/pdb_release/all/pdb1bus.ent 12.500000
/data/pdb_release/all/pdb2ovo.ent 25.000000
/data/pdb_release/all/pdb3ovo.ent 22.500000
/nfs/cathdata/dompdb/1tbrR1 25.000000
/nfs/cathdata/dompdb/1tbrR2 25.000000
/data/pdb_release/all/pdb1ptq.ent 32.500000
/nfs/cathdata/dompdb/9wgaA1 12.500000
/nfs/cathdata/dompdb/9wgaA2 12.500000
/nfs/cathdata/dompdb/9wgaA3 12.500000
/nfs/cathdata/dompdb/9wgaA4 12.500000
/nfs/cathdata/dompdb/2cwgA2 12.500000
/nfs/cathdata/dompdb/1wgtA3 12.500000
/tmp/1tgsI0 22.500000
/tmp/1cgiI0 22.500000
/data/pdb_release/all/pdb1pce.ent 25.000000
/data/pdb_release/all/pdb1hev.ent 12.500000
/data/pdb_release/all/pdb2alr.ent 73.750000
/data/pdb_release/all/pdb1frb.ent 73.750000
/nfs/cathdata/dompdb/1rlcL2 73.750000
/nfs/cathdata/dompdb/1rblA2 73.750000
/nfs/cathdata/dompdb/1rbaA2 68.750000
/nfs/cathdata/dompdb/1oneA2 73.750000
/nfs/cathdata/dompdb/1pdz02 73.750000
/tmp/1chrA0 72.500000
/tmp/1mucA0 80.000000
/data/pdb_release/all/pdb2mnr.ent 80.000000
/nfs/cathdata/dompdb/1mdr02 75.000000
/data/pdb_release/all/pdb1gox.ent 63.750000
/tmp/1fcbB0 80.000000
/nfs/cathdata/dompdb/2tmdA1 70.000000
/data/pdb_release/all/pdb1oya.ent 76.250000
/data/pdb_release/all/pdb1add.ent 75.000000
/data/pdb_release/all/pdb1pta.ent 71.250000
/data/pdb_release/all/pdb1xis.ent 66.250000
/tmp/1ximA0 62.500000
/tmp/1xlaA0 63.750000
/tmp/1dxiA0 62.500000
/data/pdb_release/all/pdb1dtp.ent 72.500000
/tmp/1dmaA0 71.250000
/nfs/cathdata/dompdb/1dik04 73.750000
/nfs/cathdata/dompdb/1kauC2 76.250000
/nfs/cathdata/dompdb/1aa8A2 67.500000
/tmp/1hymA0 12.500000
/tmp/1cseI0 26.250000
/tmp/1ypcI0 26.250000
/data/pdb_release/all/pdb1cis.ent 28.750000
/data/pdb_release/all/pdb1mit.ent 26.250000
/nfs/cathdata/dompdb/2baa02 12.500000
/data/pdb_release/all/pdb1ica.ent 12.500000
/data/pdb_release/all/pdb1cnv.ent 75.000000
/tmp/1xyzA0 72.500000
/data/pdb_release/all/pdb1exp.ent 75.000000
/tmp/1clxA0 71.250000
/data/pdb_release/all/pdb2ebn.ent 70.000000
/data/pdb_release/all/pdb1edt.ent 70.000000
/nfs/cathdata/dompdb/1ctn02 70.000000
/data/pdb_release/all/pdb1cec.ent 68.750000
/tmp/1ghsA0 71.250000
/data/pdb_release/all/pdb1ghr.ent 73.750000
/data/pdb_release/all/pdb1cbg.ent 78.750000
/nfs/cathdata/dompdb/1amg01 75.000000
/nfs/cathdata/dompdb/1amy01 75.000000
/nfs/cathdata/dompdb/2aaa01 73.750000
/nfs/cathdata/dompdb/2taaA1 72.500000
/nfs/cathdata/dompdb/1ppi01 71.250000
/data/pdb_release/all/pdb1hny.ent 73.750000
/nfs/cathdata/dompdb/1cgt01 77.500000
/nfs/cathdata/dompdb/1cdg01 72.500000
/nfs/cathdata/dompdb/1cyg01 77.500000
/nfs/cathdata/dompdb/1ciu01 75.000000
/nfs/cathdata/dompdb/1pamA1 77.500000
/data/pdb_release/all/pdb1btc.ent 71.250000
/nfs/cathdata/dompdb/1bglA3 75.000000
/tmp/1pbgA0 68.750000
/tmp/1tpfA0 72.500000
/tmp/1ypiA0 72.500000
/tmp/1timA0 73.750000
/tmp/1treA0 71.250000
/tmp/1htiA0 70.000000
/tmp/1btmA0 73.750000
/data/pdb_release/all/pdb1ads.ent 73.750000
/data/pdb_release/all/pdb1ral.ent 71.250000
/nfs/cathdata/dompdb/1csbB2 53.750000
/nfs/cathdata/dompdb/1bmc01 90.000000
/nfs/cathdata/dompdb/1ezm01 71.250000
/nfs/cathdata/dompdb/1esp01 67.500000
/nfs/cathdata/dompdb/2tmnE1 65.000000
/nfs/cathdata/dompdb/1dhy01 75.000000
/nfs/cathdata/dompdb/1han01 75.000000
/nfs/cathdata/dompdb/1dhy02 68.750000
/nfs/cathdata/dompdb/1han02 68.750000
/data/pdb_release/all/pdb1std.ent 70.000000
/data/pdb_release/all/pdb2cba.ent 80.000000
/data/pdb_release/all/pdb1crm.ent 76.250000
/tmp/1dmxA0 83.750000
/nfs/cathdata/dompdb/1bncA3 72.500000
/nfs/cathdata/dompdb/1daaA2 70.000000
/data/pdb_release/all/pdb1gym.ent 76.250000
/nfs/cathdata/dompdb/1ami04 72.500000
/tmp/1fvpA0 81.250000
/data/pdb_release/all/pdb1nfp.ent 78.750000
/tmp/1brlB0 72.500000
/tmp/1lucA0 72.500000
/data/pdb_release/all/pdb1tml.ent 72.500000
/nfs/cathdata/dompdb/1pii02 68.750000
/nfs/cathdata/dompdb/1pii01 73.750000
/data/pdb_release/all/pdb1igs.ent 72.500000
/tmp/1wsyA0 75.000000
/nfs/cathdata/dompdb/1pkm02 73.750000
/nfs/cathdata/dompdb/1pkyA2 73.750000
/tmp/1nal10 72.500000
/tmp/1fbaA0 73.750000
/data/pdb_release/all/pdb1ald.ent 75.000000
/data/pdb_release/all/pdb1nar.ent 80.000000
/data/pdb_release/all/pdb2hvm.ent 72.500000
/data/pdb_release/all/pdb1fkb.ent 66.250000
/data/pdb_release/all/pdb1yat.ent 71.250000
/data/pdb_release/all/pdb1pbk.ent 67.500000
/data/pdb_release/all/pdb1rot.ent 68.750000
/nfs/cathdata/dompdb/1hmy02 35.000000
/tmp/2msbA0 47.500000
/data/pdb_release/all/pdb1hup.ent 47.500000
/tmp/1rtm10 47.500000
/tmp/1rdl10 45.000000
/data/pdb_release/all/pdb1aak.ent 83.750000
/data/pdb_release/all/pdb2uce.ent 68.750000
/data/pdb_release/all/pdb1ucz.ent 60.000000
/tmp/1u9aA0 68.750000
/nfs/cathdata/dompdb/1fcbA1 52.500000
/data/pdb_release/all/pdb1b5m.ent 51.250000
/data/pdb_release/all/pdb1iet.ent 12.500000
/data/pdb_release/all/pdb1cyo.ent 51.250000
/tmp/1mkaA0 52.500000
/data/pdb_release/all/pdb1onc.ent 56.250000
/data/pdb_release/all/pdb7rsa.ent 47.500000
/tmp/1bsrA0 47.500000
/data/pdb_release/all/pdb1ang.ent 58.750000
/data/pdb_release/all/pdb1agi.ent 58.750000
/nfs/cathdata/dompdb/1hpm02 48.750000
/nfs/cathdata/dompdb/2polA3 72.500000
/nfs/cathdata/dompdb/2polA2 60.000000
/nfs/cathdata/dompdb/2polA1 72.500000
/nfs/cathdata/dompdb/9pap01 41.250000
/nfs/cathdata/dompdb/1aec01 43.750000
/nfs/cathdata/dompdb/1gecE1 42.500000
/nfs/cathdata/dompdb/1ppo01 43.750000
/nfs/cathdata/dompdb/1yal01 46.250000
/nfs/cathdata/dompdb/1theA1 47.500000
/data/pdb_release/all/pdb1pgb.ent 46.250000
/data/pdb_release/all/pdb2igg.ent 48.750000
/data/pdb_release/all/pdb3fxc.ent 35.000000
/tmp/1frrA0 58.750000
/tmp/1fxiA0 45.000000
/tmp/1fxaA0 58.750000
/data/pdb_release/all/pdb1frd.ent 56.250000
/data/pdb_release/all/pdb1dox.ent 12.500000
/data/pdb_release/all/pdb1cjn.ent 51.250000
/data/pdb_release/all/pdb1doi.ent 63.750000
/data/pdb_release/all/pdb1put.ent 25.000000
/nfs/cathdata/dompdb/2pia03 46.250000
/data/pdb_release/all/pdb1ubi.ent 46.250000
/nfs/cathdata/dompdb/1lgr02 50.000000
/data/pdb_release/all/pdb1tif.ent 58.750000
/data/pdb_release/all/pdb1rfa.ent 38.750000
/tmp/1molA0 50.000000
/tmp/1stfI0 45.000000
/data/pdb_release/all/pdb1cyu.ent 45.000000
/tmp/1cewI0 51.250000
/tmp/1udiI0 50.000000
/data/pdb_release/all/pdb1fus.ent 38.750000
/data/pdb_release/all/pdb9rnt.ent 38.750000
/data/pdb_release/all/pdb1rds.ent 38.750000
/tmp/1gmpA0 47.500000
/tmp/1brnL0 45.000000
/tmp/2rbiA0 47.500000
/nfs/cathdata/dompdb/1oacA2 41.250000
/nfs/cathdata/dompdb/1prtB1 30.000000
/nfs/cathdata/dompdb/1prtC1 25.000000
/nfs/cathdata/dompdb/1ctn03 40.000000
/nfs/cathdata/dompdb/1gtrA3 48.750000
/nfs/cathdata/dompdb/1grj02 45.000000
/data/pdb_release/all/pdb1tsp.ent 70.000000
/nfs/cathdata/dompdb/1dhx01 25.000000
/nfs/cathdata/dompdb/2psg01 72.500000
/nfs/cathdata/dompdb/1mpp01 72.500000
/nfs/cathdata/dompdb/1bbs01 68.750000
/nfs/cathdata/dompdb/4cms01 76.250000
/nfs/cathdata/dompdb/1smrA1 78.750000
/nfs/cathdata/dompdb/1epmE1 76.250000
/nfs/cathdata/dompdb/1pplE1 71.250000
/nfs/cathdata/dompdb/2apr01 76.250000
/nfs/cathdata/dompdb/1psoE1 73.750000
/nfs/cathdata/dompdb/1htrB1 68.750000
/nfs/cathdata/dompdb/1jxrA1 70.000000
/nfs/cathdata/dompdb/2asi01 76.250000
/nfs/cathdata/dompdb/1smeA1 75.000000
/nfs/cathdata/dompdb/1epmE2 61.250000
/nfs/cathdata/dompdb/1pplE2 71.250000
/nfs/cathdata/dompdb/1mpp02 76.250000
/nfs/cathdata/dompdb/2asi02 62.500000
/nfs/cathdata/dompdb/2apr02 73.750000
/nfs/cathdata/dompdb/1psaA2 81.250000
/nfs/cathdata/dompdb/1lyaB2 71.250000
/nfs/cathdata/dompdb/1rne02 83.750000
/nfs/cathdata/dompdb/1cms02 76.250000
/nfs/cathdata/dompdb/1smrA2 70.000000
/nfs/cathdata/dompdb/1psoE2 81.250000
/nfs/cathdata/dompdb/1htrB2 76.250000
/nfs/cathdata/dompdb/1jxrA2 75.000000
/data/pdb_release/all/pdb2cas.ent 77.500000
/nfs/cathdata/dompdb/1rthA1 46.250000
/data/pdb_release/all/pdb1har.ent 60.000000
/nfs/cathdata/dompdb/1mml01 62.500000
/data/pdb_release/all/pdb1pgx.ent 46.250000
/data/pdb_release/all/pdb4fgf.ent 63.750000
/tmp/1afgA0 63.750000
/data/pdb_release/all/pdb1i1b.ent 62.500000
/data/pdb_release/all/pdb8i1b.ent 63.750000
/tmp/1ilr10 63.750000
/data/pdb_release/all/pdb1hcd.ent 62.500000
/data/pdb_release/all/pdb1tie.ent 66.250000
/data/pdb_release/all/pdb1wbc.ent 71.250000
/nfs/cathdata/dompdb/2aaiB2 62.500000
/nfs/cathdata/dompdb/1abrB2 56.250000
/nfs/cathdata/dompdb/2aaiB1 60.000000
/nfs/cathdata/dompdb/1abrB1 53.750000
/tmp/1msaA0 61.250000
/nfs/cathdata/dompdb/1dlc03 70.000000
/tmp/1vmoA0 61.250000
/data/pdb_release/all/pdb1hxn.ent 75.000000
/nfs/cathdata/dompdb/1fbl02 72.500000
/data/pdb_release/all/pdb1rtg.ent 72.500000
/data/pdb_release/all/pdb1pex.ent 72.500000
/data/pdb_release/all/pdb2nn9.ent 68.750000
/data/pdb_release/all/pdb2bat.ent 68.750000
/tmp/1nscA0 65.000000
/data/pdb_release/all/pdb1inv.ent 68.750000
/data/pdb_release/all/pdb1sim.ent 73.750000
/tmp/2bbkH0 72.500000
/tmp/1mdaH0 72.500000
/tmp/2madH0 0.000000
/nfs/cathdata/dompdb/1gof02 72.500000
/tmp/3aahA0 78.750000
/nfs/cathdata/dompdb/1kapP1 37.500000
/nfs/cathdata/dompdb/1sat01 36.250000
/nfs/cathdata/dompdb/1lxa01 45.000000
/data/pdb_release/all/pdb2pec.ent 73.750000
/nfs/cathdata/dompdb/2taaA2 47.500000
/nfs/cathdata/dompdb/1ppi02 62.500000
/nfs/cathdata/dompdb/1bvp12 56.250000
/data/pdb_release/all/pdb1bcx.ent 75.000000
/tmp/1enxA0 72.500000
/data/pdb_release/all/pdb1xnd.ent 72.500000
/data/pdb_release/all/pdb1xyn.ent 70.000000
/data/pdb_release/all/pdb1yna.ent 75.000000
/tmp/2pcdA0 78.750000
/tmp/2pcdM0 72.500000
/nfs/cathdata/dompdb/1dlc02 62.500000
/nfs/cathdata/dompdb/1ciy03 61.250000
/nfs/cathdata/dompdb/1ddt03 65.000000
/tmp/1gff10 77.500000
/tmp/2bpa10 78.750000
/data/pdb_release/all/pdb1jbc.ent 62.500000
/data/pdb_release/all/pdb2cna.ent 70.000000
/nfs/cathdata/dompdb/1dhx04 56.250000
/tmp/4htcI0 25.000000
/data/pdb_release/all/pdb1hic.ent 25.000000
/nfs/cathdata/dompdb/1ecl03 51.250000
/data/pdb_release/all/pdb1htp.ent 71.250000
/tmp/1dupA0 66.250000
/nfs/cathdata/dompdb/1ggtA1 61.250000
/tmp/1tsrA0 71.250000
/data/pdb_release/all/pdb1gpr.ent 67.500000
/data/pdb_release/all/pdb1f3g.ent 70.000000
/nfs/cathdata/dompdb/1aozA3 85.000000
/nfs/cathdata/dompdb/1oacA3 76.250000
/nfs/cathdata/dompdb/1bglA5 72.500000
/nfs/cathdata/dompdb/1bglA1 61.250000
/tmp/1celA0 82.500000
/tmp/1afcA0 58.750000
/tmp/2plv20 76.250000
/tmp/1rhi20 68.750000
/data/pdb_release/all/pdb1pov.ent 78.750000
/tmp/1bmv10 61.250000
/tmp/4sbvA0 78.750000
/tmp/1smvA0 80.000000
/tmp/2tbvA0 62.500000
/tmp/2bbvA0 70.000000
/tmp/1bmv20 71.250000
/tmp/1tnfA0 60.000000
/tmp/1tnrA0 61.250000
/tmp/1hlcA0 61.250000
/tmp/1sltA0 63.750000
/tmp/2ltnA0 61.250000
/tmp/1lenA0 61.250000
/tmp/1lgcA0 63.750000
/data/pdb_release/all/pdb1lte.ent 70.000000
/data/pdb_release/all/pdb1sba.ent 62.500000
/data/pdb_release/all/pdb1gsl.ent 71.250000
/tmp/2pelA0 73.750000
/tmp/1fatA0 71.250000
/tmp/1ioaA0 72.500000
/tmp/1sacA0 72.500000
/tmp/1gnhA0 75.000000
/data/pdb_release/all/pdb2ayh.ent 77.500000
/data/pdb_release/all/pdb1cpm.ent 75.000000
/data/pdb_release/all/pdb1gbg.ent 73.750000
/nfs/cathdata/dompdb/1cgt02 50.000000
/nfs/cathdata/dompdb/1cdg02 45.000000
/nfs/cathdata/dompdb/1cyg02 45.000000
/nfs/cathdata/dompdb/1ciu02 47.500000
/nfs/cathdata/dompdb/1pamA2 47.500000
/nfs/cathdata/dompdb/2aaa02 70.000000
/nfs/cathdata/dompdb/1pnf02 62.500000
/data/pdb_release/all/pdb1knb.ent 61.250000
/tmp/1sluA0 60.000000
/nfs/cathdata/dompdb/1lla02 82.500000
/nfs/cathdata/dompdb/1svb01 65.000000
/data/pdb_release/all/pdb1cyw.ent 81.250000
/nfs/cathdata/dompdb/1hcz01 62.500000
/data/pdb_release/all/pdb1thw.ent 78.750000
/tmp/1cauB0 81.250000
/nfs/cathdata/dompdb/2phlA3 62.500000
/nfs/cathdata/dompdb/2phlA2 73.750000
/data/pdb_release/all/pdb2stv.ent 61.250000
/tmp/1bbt10 45.000000
/tmp/1pov10 58.750000
/tmp/1pvc10 58.750000
/tmp/1r0910 58.750000
/tmp/1rhi10 58.750000
/tmp/1tme10 61.250000
/tmp/2mev10 58.750000
/tmp/2bpa20 60.000000
/tmp/1gff20 63.750000
/tmp/1bbt30 57.500000
/tmp/1tme30 60.000000
/tmp/2mev30 60.000000
/tmp/1r0930 61.250000
/tmp/1pov30 60.000000
/tmp/1pvc30 60.000000
/tmp/1rhi30 61.250000
/tmp/1bbt20 63.750000
/tmp/1tme20 68.750000
/tmp/2mev20 66.250000
/tmp/1r0920 63.750000
/tmp/1pvc20 77.500000
/data/pdb_release/all/pdb1arn.ent 71.250000
/tmp/1aizA0 71.250000
/data/pdb_release/all/pdb1aaj.ent 61.250000
/nfs/cathdata/dompdb/1aozA1 63.750000
/nfs/cathdata/dompdb/1aozA2 71.250000
/nfs/cathdata/dompdb/1gof03 61.250000
/nfs/cathdata/dompdb/1nif01 70.000000
/nfs/cathdata/dompdb/1afnA1 70.000000
/nfs/cathdata/dompdb/1nif02 75.000000
/nfs/cathdata/dompdb/1ntd02 75.000000
/tmp/1eta10 70.000000
/tmp/1tfpA0 60.000000
/tmp/1sxaA0 72.500000
/tmp/1srdA0 60.000000
/data/pdb_release/all/pdb1jcv.ent 71.250000
/tmp/1sosA0 75.000000
/tmp/1xsoA0 72.500000
/data/pdb_release/all/pdb1akp.ent 58.750000
/data/pdb_release/all/pdb1acx.ent 60.000000
/data/pdb_release/all/pdb1noa.ent 61.250000
/data/pdb_release/all/pdb2mcm.ent 61.250000
/nfs/cathdata/dompdb/1clc01 61.250000
/nfs/cathdata/dompdb/1ctn01 65.000000
/data/pdb_release/all/pdb1exg.ent 66.250000
/nfs/cathdata/dompdb/1bglA4 63.750000
/nfs/cathdata/dompdb/1bglA2 60.000000
/nfs/cathdata/dompdb/1svcP3 63.750000
/nfs/cathdata/dompdb/1svb04 56.250000
/nfs/cathdata/dompdb/1gof01 58.750000
/nfs/cathdata/dompdb/2sblB1 48.750000
/nfs/cathdata/dompdb/1hplA2 65.000000
/nfs/cathdata/dompdb/1lpbB2 63.750000
/nfs/cathdata/dompdb/1pgs01 61.250000
/data/pdb_release/all/pdb1ten.ent 61.250000
/nfs/cathdata/dompdb/1fnf01 56.250000
/nfs/cathdata/dompdb/1fnf02 62.500000
/nfs/cathdata/dompdb/1fnf03 63.750000
/nfs/cathdata/dompdb/1cfb01 58.750000
/nfs/cathdata/dompdb/1cfb02 61.250000
/tmp/1wapA0 62.500000
/data/pdb_release/all/pdb1ncg.ent 48.750000
/data/pdb_release/all/pdb1suh.ent 58.750000
/nfs/cathdata/dompdb/1ggtA4 58.750000
/nfs/cathdata/dompdb/1cgt04 51.250000
/nfs/cathdata/dompdb/1cdg04 60.000000
/nfs/cathdata/dompdb/1cyg04 53.750000
/data/pdb_release/all/pdb1kul.ent 45.000000
/nfs/cathdata/dompdb/1ciu04 53.750000
/nfs/cathdata/dompdb/1pamA4 58.750000
/nfs/cathdata/dompdb/1cgt03 58.750000
/nfs/cathdata/dompdb/1cdg03 58.750000
/nfs/cathdata/dompdb/1cyg03 56.250000
/nfs/cathdata/dompdb/1ciu03 61.250000
/nfs/cathdata/dompdb/1pamA3 61.250000
/data/pdb_release/all/pdb1rsy.ent 67.500000
/data/pdb_release/all/pdb1plc.ent 60.000000
/data/pdb_release/all/pdb9pcy.ent 58.750000
/data/pdb_release/all/pdb2plt.ent 70.000000
/data/pdb_release/all/pdb7pcy.ent 75.000000
/data/pdb_release/all/pdb1pla.ent 61.250000
/data/pdb_release/all/pdb1nin.ent 35.000000
/data/pdb_release/all/pdb1paz.ent 78.750000
/data/pdb_release/all/pdb1pmy.ent 78.750000
/data/pdb_release/all/pdb1zia.ent 76.250000
/tmp/1adwA0 76.250000
/tmp/1vlxA0 71.250000
/nfs/cathdata/dompdb/1vgeH1 57.500000
/nfs/cathdata/dompdb/1yuhB1 66.250000
/nfs/cathdata/dompdb/1clyH1 63.750000
/nfs/cathdata/dompdb/1kelH1 61.250000
/nfs/cathdata/dompdb/1nldH1 60.000000
/nfs/cathdata/dompdb/1ghfH1 65.000000
/nfs/cathdata/dompdb/1ospH1 66.250000
/nfs/cathdata/dompdb/1mimH1 65.000000
/nfs/cathdata/dompdb/1cloH1 61.250000
/nfs/cathdata/dompdb/1plgL1 63.750000
/nfs/cathdata/dompdb/1ghfL1 60.000000
/nfs/cathdata/dompdb/1clzL1 61.250000
/nfs/cathdata/dompdb/1kelL1 63.750000
/nfs/cathdata/dompdb/1gafL1 60.000000
/nfs/cathdata/dompdb/1iaiL1 56.250000
/nfs/cathdata/dompdb/1aifA1 56.250000
/nfs/cathdata/dompdb/1vgeL1 62.500000
/nfs/cathdata/dompdb/1nldL1 60.000000
/nfs/cathdata/dompdb/1ospL1 60.000000
/nfs/cathdata/dompdb/1mimL1 63.750000
/nfs/cathdata/dompdb/1lilA1 61.250000
/nfs/cathdata/dompdb/1cloL1 63.750000
/nfs/cathdata/dompdb/1bec01 63.750000
/nfs/cathdata/dompdb/1tcrB1 62.500000
/data/pdb_release/all/pdb1tit.ent 45.000000
/data/pdb_release/all/pdb1cid.ent 63.750000
/data/pdb_release/all/pdb3cd4.ent 66.250000
/data/pdb_release/all/pdb1hoe.ent 47.500000
/nfs/cathdata/dompdb/3hhrB1 56.250000
/nfs/cathdata/dompdb/3hhrB2 56.250000
/nfs/cathdata/dompdb/1fieA3 68.750000
/nfs/cathdata/dompdb/1hft01 71.250000
/data/pdb_release/all/pdb1ttf.ent 58.750000
/nfs/cathdata/dompdb/1hilA1 63.750000
/nfs/cathdata/dompdb/1ggbL1 65.000000
/nfs/cathdata/dompdb/1gigL1 61.250000
/nfs/cathdata/dompdb/1mfeL1 66.250000
/nfs/cathdata/dompdb/1igfL1 61.250000
/nfs/cathdata/dompdb/1lmkA2 61.250000
/nfs/cathdata/dompdb/1mcbA1 61.250000
/nfs/cathdata/dompdb/1mlbA1 62.500000
/nfs/cathdata/dompdb/3hfmL1 63.750000
/nfs/cathdata/dompdb/1opgL1 60.000000
/nfs/cathdata/dompdb/1ncaL1 62.500000
/nfs/cathdata/dompdb/1tetL1 66.250000
/nfs/cathdata/dompdb/2fb4L1 61.250000
/nfs/cathdata/dompdb/2fbjL1 61.250000
/nfs/cathdata/dompdb/6fabL1 61.250000
/nfs/cathdata/dompdb/7fabL1 62.500000
/nfs/cathdata/dompdb/8fabA1 61.250000
/nfs/cathdata/dompdb/1eapA1 62.500000
/nfs/cathdata/dompdb/1figL1 65.000000
/nfs/cathdata/dompdb/1forL1 62.500000
/nfs/cathdata/dompdb/1ibgL1 63.750000
/nfs/cathdata/dompdb/1igcL1 63.750000
/nfs/cathdata/dompdb/1jelL1 62.500000
/nfs/cathdata/dompdb/1nsnL1 63.750000
/nfs/cathdata/dompdb/2gfbA1 66.250000
/tmp/1dvfC0 63.750000
/tmp/1dvfD0 63.750000
/data/pdb_release/all/pdb1vhp.ent 48.750000
/nfs/cathdata/dompdb/1gafH1 61.250000
/nfs/cathdata/dompdb/1iaiH1 63.750000
/nfs/cathdata/dompdb/1aifB1 55.000000
/nfs/cathdata/dompdb/1ngpH1 62.500000
/nfs/cathdata/dompdb/1plgH1 63.750000
/nfs/cathdata/dompdb/1mlbB1 63.750000
/nfs/cathdata/dompdb/2cgrH1 65.000000
/nfs/cathdata/dompdb/1eapB1 60.000000
/nfs/cathdata/dompdb/1faiH1 70.000000
/nfs/cathdata/dompdb/1fbiH1 65.000000
/nfs/cathdata/dompdb/1figH1 58.750000
/nfs/cathdata/dompdb/1forH1 62.500000
/nfs/cathdata/dompdb/1fptH1 61.250000
/nfs/cathdata/dompdb/1frgH1 61.250000
/nfs/cathdata/dompdb/1gigH1 61.250000
/nfs/cathdata/dompdb/1ibgH1 63.750000
/nfs/cathdata/dompdb/1igcH1 58.750000
/nfs/cathdata/dompdb/1igjB1 60.000000
/nfs/cathdata/dompdb/1ikfH1 63.750000
/nfs/cathdata/dompdb/1jelH1 61.250000
/nfs/cathdata/dompdb/1mrcH1 63.750000
/nfs/cathdata/dompdb/1nsnH1 60.000000
/nfs/cathdata/dompdb/1opgH1 61.250000
/nfs/cathdata/dompdb/1rmfH1 62.500000
/nfs/cathdata/dompdb/2fgwH1 65.000000
/nfs/cathdata/dompdb/2gfbB1 61.250000
/nfs/cathdata/dompdb/6fabH1 63.750000
/nfs/cathdata/dompdb/1acyL1 63.750000
/nfs/cathdata/dompdb/1bafL1 63.750000
/nfs/cathdata/dompdb/1bbdL1 63.750000
/nfs/cathdata/dompdb/1bqlL1 62.500000
/nfs/cathdata/dompdb/2cgrL1 63.750000
/nfs/cathdata/dompdb/1dbbL1 58.750000
/nfs/cathdata/dompdb/1dfbL1 66.250000
/nfs/cathdata/dompdb/1faiL1 61.250000
/nfs/cathdata/dompdb/1mamL1 61.250000
/nfs/cathdata/dompdb/1ikfL1 61.250000
/nfs/cathdata/dompdb/1frgL1 63.750000
/tmp/1wtlA0 62.500000
/tmp/1breA0 63.750000
/tmp/1fvcB0 61.250000
/tmp/1jhlH0 62.500000
/tmp/1vfaB0 62.500000
/tmp/1igmH0 60.000000
/tmp/1mfaL0 0.000000
/tmp/1fgvH0 62.500000
/tmp/1nmaH0 65.000000
/tmp/2bjl10 68.750000
/nfs/cathdata/dompdb/8fabB1 61.250000
/nfs/cathdata/dompdb/2fb4H1 61.250000
/nfs/cathdata/dompdb/1acyH1 55.000000
/nfs/cathdata/dompdb/1bbdH1 63.750000
/nfs/cathdata/dompdb/2hflH1 62.500000
/nfs/cathdata/dompdb/2fbjH1 63.750000
/nfs/cathdata/dompdb/1hilB1 61.250000
/nfs/cathdata/dompdb/1nbvH1 60.000000
/nfs/cathdata/dompdb/7fabH1 62.500000
/nfs/cathdata/dompdb/1indH1 60.000000
/nfs/cathdata/dompdb/1tetH1 61.250000
/nfs/cathdata/dompdb/1mamH1 62.500000
/nfs/cathdata/dompdb/1ncaH1 61.250000
/nfs/cathdata/dompdb/1dbbH1 56.250000
/nfs/cathdata/dompdb/1dfbH1 61.250000
/nfs/cathdata/dompdb/1flrH1 66.250000
/nfs/cathdata/dompdb/1ggbH1 56.250000
/nfs/cathdata/dompdb/1igfH1 63.750000
/nfs/cathdata/dompdb/1bafH1 57.500000
/nfs/cathdata/dompdb/3hfmH1 61.250000
/nfs/cathdata/dompdb/1mcpH1 62.500000
/nfs/cathdata/dompdb/1lmkA1 62.500000
/nfs/cathdata/dompdb/1mfbH1 65.000000
/nfs/cathdata/dompdb/1fc2D2 68.750000
/nfs/cathdata/dompdb/1gigL2 60.000000
/nfs/cathdata/dompdb/1kelL2 71.250000
/nfs/cathdata/dompdb/1gafL2 71.250000
/nfs/cathdata/dompdb/2fb4L2 60.000000
/nfs/cathdata/dompdb/1yuhB2 25.000000
/nfs/cathdata/dompdb/1clzH2 56.250000
/nfs/cathdata/dompdb/1fc2D1 68.750000
/nfs/cathdata/dompdb/1fruA2 60.000000
/tmp/1hsbB0 58.750000
/tmp/1mhcB0 56.250000
/tmp/1fruB0 56.250000
/data/pdb_release/all/pdb1bmg.ent 58.750000
/nfs/cathdata/dompdb/1dlhA2 56.250000
/nfs/cathdata/dompdb/1sebB2 58.750000
/nfs/cathdata/dompdb/1bec02 68.750000
/nfs/cathdata/dompdb/1vcaA2 61.250000
/data/pdb_release/all/pdb1tnm.ent 61.250000
/nfs/cathdata/dompdb/1vcaA1 61.250000
/data/pdb_release/all/pdb1tlk.ent 58.750000
/nfs/cathdata/dompdb/1hft02 67.500000
/data/pdb_release/all/pdb1cd8.ent 61.250000
/nfs/cathdata/dompdb/1igjA1 63.750000
/tmp/1nmbL0 61.250000
/data/pdb_release/all/pdb2rhe.ent 61.250000
/tmp/1fgvL0 63.750000
/data/pdb_release/all/pdb2imn.ent 62.500000
/tmp/1reiA0 63.750000
/tmp/1fvcA0 63.750000
/tmp/1igmL0 63.750000
/tmp/1jhlL0 62.500000
/tmp/1ivlA0 66.250000
/tmp/1vfaA0 63.750000
/data/pdb_release/all/pdb1pho.ent 72.500000
/data/pdb_release/all/pdb1omf.ent 78.750000
/data/pdb_release/all/pdb3bcl.ent 92.500000
/nfs/cathdata/dompdb/1amm01 58.750000
/nfs/cathdata/dompdb/1amm02 53.750000
/nfs/cathdata/dompdb/2bb202 58.750000
/nfs/cathdata/dompdb/2gcr01 56.250000
/nfs/cathdata/dompdb/2gcr02 58.750000
/nfs/cathdata/dompdb/1elpA1 56.250000
/nfs/cathdata/dompdb/1elpA2 51.250000
/nfs/cathdata/dompdb/2bb201 56.250000
/nfs/cathdata/dompdb/1prr01 52.500000
/nfs/cathdata/dompdb/1prr02 36.250000
/tmp/1mdaL0 35.000000
/tmp/2bbkL0 45.000000
/data/pdb_release/all/pdb1cdb.ent 45.000000
/nfs/cathdata/dompdb/1hngA1 48.750000
/tmp/1cdcA0 45.000000
/nfs/cathdata/dompdb/1hnf02 60.000000
/nfs/cathdata/dompdb/1hngA2 58.750000
/tmp/1mfaH0 0.000000
/nfs/cathdata/dompdb/2fbjH2 45.000000
/nfs/cathdata/dompdb/1mcpH2 60.000000
/nfs/cathdata/dompdb/1hocA2 40.000000
/nfs/cathdata/dompdb/1hsaA2 48.750000
/nfs/cathdata/dompdb/1vaaA2 46.250000
/nfs/cathdata/dompdb/1hsbA2 47.500000
/nfs/cathdata/dompdb/1mhcA2 48.750000
/nfs/cathdata/dompdb/8fabB2 68.750000
/nfs/cathdata/dompdb/1kelH2 56.250000
/nfs/cathdata/dompdb/1bbdH2 66.250000
/nfs/cathdata/dompdb/1ospH2 61.250000
/nfs/cathdata/dompdb/1eapB2 61.250000
/tmp/1lopA0 75.000000
/data/pdb_release/all/pdb2cpl.ent 67.500000
/tmp/1cynA0 70.000000
/tmp/2rmcA0 67.500000
/nfs/cathdata/dompdb/1bucA2 68.750000
/nfs/cathdata/dompdb/3mddA2 60.000000
/nfs/cathdata/dompdb/1kxf02 61.250000
/nfs/cathdata/dompdb/1vcpA2 56.250000
/tmp/1smpI0 63.750000
/nfs/cathdata/dompdb/1svcP1 58.750000
/tmp/1sriA0 63.750000
/tmp/1avdA0 63.750000
/data/pdb_release/all/pdb1hbq.ent 71.250000
/data/pdb_release/all/pdb1rbp.ent 71.250000
/tmp/1epaA0 81.250000
/tmp/1bbpA0 81.250000
/data/pdb_release/all/pdb1mup.ent 70.000000
/data/pdb_release/all/pdb1ifc.ent 62.500000
/data/pdb_release/all/pdb1hmr.ent 63.750000
/tmp/1opaA0 65.000000
/data/pdb_release/all/pdb1adl.ent 62.500000
/data/pdb_release/all/pdb1crb.ent 65.000000
/tmp/1cbiA0 62.500000
/tmp/1ftpA0 66.250000
/data/pdb_release/all/pdb1cbs.ent 61.250000
/tmp/1pmpA0 66.250000
/data/pdb_release/all/pdb1mdc.ent 58.750000
/nfs/cathdata/dompdb/7catA1 81.250000
/data/pdb_release/all/pdb1cae.ent 80.000000
/nfs/cathdata/dompdb/1dar02 63.750000
/nfs/cathdata/dompdb/1gtrA4 61.250000
/data/pdb_release/all/pdb1prn.ent 70.000000
/data/pdb_release/all/pdb2por.ent 70.000000
/nfs/cathdata/dompdb/1ppfE1 58.750000
/nfs/cathdata/dompdb/1svpA1 47.500000
/nfs/cathdata/dompdb/1vcpA1 45.000000
/nfs/cathdata/dompdb/1sgt02 71.250000
/nfs/cathdata/dompdb/1hylA1 68.750000
/nfs/cathdata/dompdb/1try02 60.000000
/nfs/cathdata/dompdb/1sgpE1 38.750000
/nfs/cathdata/dompdb/1hpgA1 58.750000
/nfs/cathdata/dompdb/2sga01 58.750000
/nfs/cathdata/dompdb/2alp01 73.750000
/nfs/cathdata/dompdb/1tal01 65.000000
/nfs/cathdata/dompdb/2sfa01 68.750000
/nfs/cathdata/dompdb/1arb02 61.250000
/nfs/cathdata/dompdb/1hylA2 51.250000
/nfs/cathdata/dompdb/1sgpE2 66.250000
/nfs/cathdata/dompdb/1gbaA2 47.500000
/nfs/cathdata/dompdb/1hpgA2 51.250000
/nfs/cathdata/dompdb/2sga02 63.750000
/nfs/cathdata/dompdb/1tal02 45.000000
/nfs/cathdata/dompdb/2sfa02 61.250000
/nfs/cathdata/dompdb/1arb01 48.750000
/nfs/cathdata/dompdb/1cnd01 67.500000
/nfs/cathdata/dompdb/1ndh01 70.000000
/nfs/cathdata/dompdb/2pia01 67.500000
/nfs/cathdata/dompdb/1fnb01 65.000000
/nfs/cathdata/dompdb/1que01 67.500000
/nfs/cathdata/dompdb/1pkm03 40.000000
/nfs/cathdata/dompdb/1pkn03 45.000000
/nfs/cathdata/dompdb/1pkyA3 42.500000
/nfs/cathdata/dompdb/1pkyC3 37.500000
/nfs/cathdata/dompdb/1eft02 48.750000
/nfs/cathdata/dompdb/1efuA2 47.500000
/data/pdb_release/all/pdb1clh.ent 45.000000
/tmp/1tcwA0 58.750000
/tmp/1cpiA0 58.750000
/tmp/2rspA0 55.000000
/nfs/cathdata/dompdb/1pnkB3 62.500000
/nfs/cathdata/dompdb/1eft03 58.750000
/nfs/cathdata/dompdb/1efuA3 61.250000
/tmp/1ucyE0 55.000000
/tmp/1aksB0 55.000000
/tmp/2pkaB0 58.750000
/nfs/cathdata/dompdb/1hcgA1 55.000000
/nfs/cathdata/dompdb/1thsH1 50.000000
/nfs/cathdata/dompdb/1brbE1 51.250000
/nfs/cathdata/dompdb/4ptp01 51.250000
/nfs/cathdata/dompdb/1mctA1 50.000000
/nfs/cathdata/dompdb/1etrH1 50.000000
/nfs/cathdata/dompdb/1bit01 51.250000
/nfs/cathdata/dompdb/1trnA1 52.500000
/nfs/cathdata/dompdb/1try01 50.000000
/nfs/cathdata/dompdb/5chaA1 51.250000
/nfs/cathdata/dompdb/1sgt01 51.250000
/nfs/cathdata/dompdb/1lmwB1 50.000000
/nfs/cathdata/dompdb/1elg01 55.000000
/nfs/cathdata/dompdb/1elt01 50.000000
/nfs/cathdata/dompdb/1ton01 61.250000
/tmp/1mtnC0 55.000000
/nfs/cathdata/dompdb/1tbs01 50.000000
/nfs/cathdata/dompdb/1pfxC1 52.500000
/nfs/cathdata/dompdb/1fonA1 50.000000
/nfs/cathdata/dompdb/1pytD1 50.000000
/nfs/cathdata/dompdb/1rtfB1 58.750000
/nfs/cathdata/dompdb/1fujA1 61.250000
/nfs/cathdata/dompdb/1dst01 51.250000
/nfs/cathdata/dompdb/3rp2A1 61.250000
/tmp/1ceaA0 0.000000
/tmp/1pmlA0 26.250000
/data/pdb_release/all/pdb1kdu.ent 26.250000
/data/pdb_release/all/pdb1krn.ent 0.000000
/data/pdb_release/all/pdb1bw3.ent 51.250000
/tmp/1ihvA0 48.750000
/nfs/cathdata/dompdb/1hcz02 37.500000
/data/pdb_release/all/pdb1lab.ent 37.500000
/data/pdb_release/all/pdb1bdo.ent 61.250000
/data/pdb_release/all/pdb1afp.ent 25.000000
/tmp/1bovA0 58.750000
/data/pdb_release/all/pdb1mjc.ent 51.250000
/data/pdb_release/all/pdb1csp.ent 51.250000
/data/pdb_release/all/pdb1krs.ent 50.000000
/nfs/cathdata/dompdb/1lylA1 57.500000
/nfs/cathdata/dompdb/1asyA1 61.250000
/data/pdb_release/all/pdb1bgh.ent 47.500000
/data/pdb_release/all/pdb1rip.ent 0.000000
/tmp/1prtD0 58.750000
/tmp/1prtF0 61.250000
/nfs/cathdata/dompdb/1tssA2 61.250000
/nfs/cathdata/dompdb/1prtB2 61.250000
/nfs/cathdata/dompdb/1prtC2 58.750000
/tmp/1ltsD0 68.750000
/tmp/1chbD0 73.750000
/data/pdb_release/all/pdb2sns.ent 100.000000
/nfs/cathdata/dompdb/1bco02 51.250000
/nfs/cathdata/dompdb/1esfA1 58.750000
/nfs/cathdata/dompdb/1sebD1 55.000000
/nfs/cathdata/dompdb/1se201 56.250000
/tmp/1fivA0 58.750000
/tmp/1idaA0 58.750000
/tmp/1hivA0 58.750000
/data/pdb_release/all/pdb1dro.ent 56.250000
/nfs/cathdata/dompdb/1hleA1 61.250000
/nfs/cathdata/dompdb/1ovaA1 73.750000
/nfs/cathdata/dompdb/1kauC1 61.250000
/nfs/cathdata/dompdb/2kauC1 42.500000
/tmp/1ucyH0 71.250000
/nfs/cathdata/dompdb/3rp2A2 66.250000
/nfs/cathdata/dompdb/1ihsH2 73.750000
/nfs/cathdata/dompdb/1gctA2 71.250000
/nfs/cathdata/dompdb/1elg02 71.250000
/nfs/cathdata/dompdb/1brbE2 68.750000
/nfs/cathdata/dompdb/4ptp02 58.750000
/nfs/cathdata/dompdb/1elt02 68.750000
/nfs/cathdata/dompdb/1hneE2 61.250000
/nfs/cathdata/dompdb/1mctA2 71.250000
/nfs/cathdata/dompdb/1etrH2 73.750000
/nfs/cathdata/dompdb/1bit02 68.750000
/nfs/cathdata/dompdb/1trnA2 68.750000
/nfs/cathdata/dompdb/1ton02 66.250000
/tmp/2pkaA0 45.000000
/tmp/1mtnB0 61.250000
/tmp/1aksA0 58.750000
/nfs/cathdata/dompdb/1tbs02 71.250000
/nfs/cathdata/dompdb/1pfxC2 66.250000
/nfs/cathdata/dompdb/1fonA2 68.750000
/nfs/cathdata/dompdb/1pytD2 66.250000
/nfs/cathdata/dompdb/1fujA2 68.750000
/nfs/cathdata/dompdb/1rtfB2 73.750000
/nfs/cathdata/dompdb/1dst02 63.750000
/nfs/cathdata/dompdb/1hcgA2 68.750000
/nfs/cathdata/dompdb/1lmwB2 57.500000
/data/pdb_release/all/pdb1pk4.ent 0.000000
/data/pdb_release/all/pdb2pf1.ent 25.000000
/data/pdb_release/all/pdb1ahl.ent 0.000000
/data/pdb_release/all/pdb1atx.ent 25.000000
/data/pdb_release/all/pdb1sh1.ent 35.000000
/data/pdb_release/all/pdb1apf.ent 0.000000
/nfs/cathdata/dompdb/1dar03 12.500000
/nfs/cathdata/dompdb/1elo03 12.500000
/data/pdb_release/all/pdb1tfi.ent 25.000000
/tmp/4sgbI0 12.500000
/data/pdb_release/all/pdb1tih.ent 25.000000
/nfs/cathdata/dompdb/1raaB2 32.500000
/nfs/cathdata/dompdb/2atcB2 0.000000
/nfs/cathdata/dompdb/1ytfD2 37.500000
/tmp/1ytfC0 35.000000
/data/pdb_release/all/pdb1sso.ent 47.500000
/data/pdb_release/all/pdb1sap.ent 63.750000
/data/pdb_release/all/pdb1hsp.ent 0.000000
/data/pdb_release/all/pdb1gfc.ent 25.000000
/tmp/1aboA0 42.500000
/tmp/1cskA0 45.000000
/tmp/1ckaA0 42.500000
/tmp/1gbrA0 37.500000
/data/pdb_release/all/pdb1shg.ent 48.750000
/tmp/1shfA0 45.000000
/tmp/1nloC0 35.000000
/data/pdb_release/all/pdb1pnj.ent 47.500000
/tmp/1semA0 45.000000
/nfs/cathdata/dompdb/1lckA1 42.500000
/data/pdb_release/all/pdb1tud.ent 45.000000
/data/pdb_release/all/pdb1tuc.ent 45.000000
/nfs/cathdata/dompdb/1ad5A1 42.500000
/data/pdb_release/all/pdb1pls.ent 71.250000
/tmp/1dynA0 72.500000
/data/pdb_release/all/pdb1btn.ent 63.750000
/tmp/1tgxA0 35.000000
/data/pdb_release/all/pdb1nea.ent 35.000000
/data/pdb_release/all/pdb1nor.ent 35.000000
/data/pdb_release/all/pdb1ntx.ent 35.000000
/data/pdb_release/all/pdb1fas.ent 37.500000
/tmp/1cdtA0 37.500000
/data/pdb_release/all/pdb2crs.ent 25.000000
/data/pdb_release/all/pdb1ntn.ent 56.250000
/data/pdb_release/all/pdb1tfs.ent 35.000000
/data/pdb_release/all/pdb1lsi.ent 35.000000
/nfs/cathdata/dompdb/1psi01 68.750000
/nfs/cathdata/dompdb/2achA2 71.250000
/tmp/1bi6H0 25.000000
/data/pdb_release/all/pdb1tpm.ent 37.500000
/nfs/cathdata/dompdb/1hfh01 25.000000
/data/pdb_release/all/pdb1hcc.ent 12.500000
/tmp/1lpbA0 35.000000
/nfs/cathdata/dompdb/1antI1 61.250000
/tmp/1hcnB0 47.500000
/tmp/1hcnA0 60.000000
/tmp/1pdgA0 56.250000
/data/pdb_release/all/pdb2tgi.ent 28.750000
/tmp/1klaA0 28.750000
/data/pdb_release/all/pdb1tgj.ent 28.750000
/data/pdb_release/all/pdb1bet.ent 61.250000
/tmp/1bndA0 50.000000
/tmp/1bndB0 51.250000
/data/pdb_release/all/pdb1fbr.ent 47.500000
/tmp/1umuA0 52.500000
/data/pdb_release/all/pdb1ctl.ent 57.500000
/data/pdb_release/all/pdb1iml.ent 57.500000
/nfs/cathdata/dompdb/1extB1 25.000000
/tmp/2kauB0 47.500000
/tmp/1rprA0 22.500000
/tmp/1fc2C0 25.000000
/tmp/1spzZ0 25.000000
/data/pdb_release/all/pdb1edi.ent 27.500000
/data/pdb_release/all/pdb2pdd.ent 22.500000
/data/pdb_release/all/pdb1bal.ent 25.000000
/tmp/1csbA0 22.500000
/tmp/1htrP0 25.000000
/nfs/cathdata/dompdb/1ilk02 28.750000
/data/pdb_release/all/pdb1bha.ent 28.750000
/nfs/cathdata/dompdb/1grj01 26.250000
/nfs/cathdata/dompdb/1sesA1 36.250000
/data/pdb_release/all/pdb1pdc.ent 0.000000
/tmp/2achB0 0.000000
/data/pdb_release/all/pdb1egf.ent 25.000000
/data/pdb_release/all/pdb1apo.ent 0.000000
/data/pdb_release/all/pdb1fsb.ent 0.000000
/data/pdb_release/all/pdb1hre.ent 0.000000
/data/pdb_release/all/pdb1yuf.ent 0.000000
/tmp/1hcgB0 25.000000
/data/pdb_release/all/pdb1ata.ent 25.000000
/nfs/cathdata/dompdb/1ncfA2 47.500000
/data/pdb_release/all/pdb1cdq.ent 35.000000
/tmp/1kbaA0 56.250000
/tmp/2abxA0 0.000000
/tmp/1abtA0 25.000000
/data/pdb_release/all/pdb3ebx.ent 35.000000
/data/pdb_release/all/pdb2ctx.ent 35.000000
/data/pdb_release/all/pdb2cdx.ent 35.000000
/tmp/1kxiA0 37.500000
/data/pdb_release/all/pdb1cre.ent 25.000000
/data/pdb_release/all/pdb1cod.ent 45.000000
/data/pdb_release/all/pdb1drs.ent 0.000000
/data/pdb_release/all/pdb1lki.ent 40.000000
/tmp/3inkC0 53.750000
/data/pdb_release/all/pdb1hgu.ent 38.750000
/data/pdb_release/all/pdb1huw.ent 45.000000
/tmp/3hhrA0 45.000000
/data/pdb_release/all/pdb1lpt.ent 43.750000
/data/pdb_release/all/pdb1lip.ent 38.750000
/data/pdb_release/all/pdb1mzm.ent 38.750000
/data/pdb_release/all/pdb1hyp.ent 26.250000
/nfs/cathdata/dompdb/1dlc01 43.750000
/nfs/cathdata/dompdb/1ciy01 43.750000
/tmp/1etrL0 12.500000
/tmp/1tbrJ0 25.000000
/tmp/3aahB0 12.500000
/tmp/4aahB0 12.500000
/tmp/1olgA0 12.500000
/tmp/2bbvD0 12.500000
/data/pdb_release/all/pdb2ifo.ent 12.500000
/tmp/1pfiA0 22.500000
/tmp/1junA0 12.500000
/data/pdb_release/all/pdb1tvs.ent 35.000000
/tmp/1ysaC0 12.500000
/data/pdb_release/all/pdb1aml.ent 25.000000
/data/pdb_release/all/pdb125d.ent 25.000000
/data/pdb_release/all/pdb1cld.ent 22.500000
/tmp/1d66A0 26.250000
/data/pdb_release/all/pdb1pyc.ent 22.500000
/nfs/cathdata/dompdb/1poxA4 22.500000
/tmp/1ltsC0 25.000000
/tmp/1xtcC0 25.000000
/tmp/1scmA0 25.000000
/tmp/1mdyB0 22.500000
/data/pdb_release/all/pdb1bct.ent 25.000000
/nfs/cathdata/dompdb/1pcrL2 35.000000
/nfs/cathdata/dompdb/1prcL2 40.000000
/nfs/cathdata/dompdb/1pcrM2 45.000000
/nfs/cathdata/dompdb/1prcM2 47.500000
/nfs/cathdata/dompdb/1dik05 33.750000
/tmp/1bcfA0 40.000000
/data/pdb_release/all/pdb1fha.ent 41.250000
/data/pdb_release/all/pdb1ier.ent 41.250000
/data/pdb_release/all/pdb1rcc.ent 42.500000
/tmp/2ccyA0 40.000000
/data/pdb_release/all/pdb1cpq.ent 40.000000
/tmp/1bbhA0 36.250000
/data/pdb_release/all/pdb1cgn.ent 41.250000
/data/pdb_release/all/pdb1lpe.ent 42.500000
/data/pdb_release/all/pdb2asr.ent 37.500000
/data/pdb_release/all/pdb1vls.ent 40.000000
/data/pdb_release/all/pdb1aep.ent 36.250000
/tmp/256bA0 37.500000
/tmp/2hmqA0 32.500000
/data/pdb_release/all/pdb2mhr.ent 32.500000
/tmp/2tmvP0 36.250000
/tmp/1rmvA0 32.500000
/nfs/cathdata/dompdb/2ilk01 41.250000
/nfs/cathdata/dompdb/1vlk01 42.500000
/nfs/cathdata/dompdb/1bucA3 35.000000
/nfs/cathdata/dompdb/3mddA3 35.000000
/nfs/cathdata/dompdb/1chkA1 40.000000
/data/pdb_release/all/pdb1lis.ent 40.000000
/data/pdb_release/all/pdb1rcb.ent 36.250000
/tmp/1gmfA0 51.250000
/tmp/1bgeA0 40.000000
/tmp/1rhgA0 37.500000
/data/pdb_release/all/pdb1bgc.ent 41.250000
/nfs/cathdata/dompdb/1whtA2 25.000000
/data/pdb_release/all/pdb2erl.ent 25.000000
/nfs/cathdata/dompdb/1ytfD1 22.500000
/nfs/cathdata/dompdb/1mtyG1 25.000000
/nfs/cathdata/dompdb/1mhyG1 25.000000
/tmp/1ecmA0 26.250000
/nfs/cathdata/dompdb/1lxa02 32.500000
/data/pdb_release/all/pdb1acp.ent 36.250000
/data/pdb_release/all/pdb1aca.ent 36.250000
/nfs/cathdata/dompdb/1pcrM1 38.750000
/nfs/cathdata/dompdb/1prcM1 26.250000
/nfs/cathdata/dompdb/1pcrL1 40.000000
/nfs/cathdata/dompdb/1prcL1 40.000000
/nfs/cathdata/dompdb/3sdpA1 26.250000
/nfs/cathdata/dompdb/1mngA1 40.000000
/nfs/cathdata/dompdb/1svcP2 26.250000
/nfs/cathdata/dompdb/1nfkA2 25.000000
/nfs/cathdata/dompdb/1mtyG2 36.250000
/nfs/cathdata/dompdb/1mhyG2 35.000000
/nfs/cathdata/dompdb/2minB4 26.250000
/nfs/cathdata/dompdb/1mioB3 35.000000
/data/pdb_release/all/pdb1poc.ent 31.250000
/data/pdb_release/all/pdb1ppa.ent 36.250000
/data/pdb_release/all/pdb1poa.ent 41.250000
/data/pdb_release/all/pdb4bp2.ent 40.000000
/data/pdb_release/all/pdb1pod.ent 40.000000
/tmp/3p2pA0 40.000000
/tmp/1pp2L0 41.250000
/tmp/1clpA0 40.000000
/tmp/1bunA0 41.250000
/data/pdb_release/all/pdb1psj.ent 43.750000
/data/pdb_release/all/pdb1ae7.ent 43.750000
/nfs/cathdata/dompdb/1bmtA1 42.500000
/data/pdb_release/all/pdb1lmq.ent 36.250000
/data/pdb_release/all/pdb1jug.ent 36.250000
/data/pdb_release/all/pdb119l.ent 70.000000
/nfs/cathdata/dompdb/1bucA1 46.250000
/nfs/cathdata/dompdb/3mddA1 38.750000
/nfs/cathdata/dompdb/1oxa02 46.250000
/nfs/cathdata/dompdb/1grl01 46.250000
/nfs/cathdata/dompdb/1aorA2 70.000000
/nfs/cathdata/dompdb/2pgd02 48.750000
/nfs/cathdata/dompdb/1dnpA3 46.250000
/nfs/cathdata/dompdb/1csc01 48.750000
/tmp/1csmA0 48.750000
/nfs/cathdata/dompdb/1aorA3 51.250000
/data/pdb_release/all/pdb1fps.ent 48.750000
/nfs/cathdata/dompdb/1clc02 71.250000
/tmp/1ribA0 58.750000
/tmp/1mmoB0 46.250000
/tmp/1mhyB0 48.750000
/nfs/cathdata/dompdb/1cpt02 46.250000
/data/pdb_release/all/pdb1phb.ent 62.500000
/tmp/2bmhA0 62.500000
/nfs/cathdata/dompdb/1lla01 48.750000
/tmp/1mhlC0 48.750000
/tmp/1mtyD0 63.750000
/tmp/1mhyD0 61.250000
/nfs/cathdata/dompdb/2sblB2 72.500000
/data/pdb_release/all/pdb1lnh.ent 82.500000
/data/pdb_release/all/pdb1ehs.ent 25.000000
/tmp/2spcA0 22.500000
/tmp/1ytfB0 25.000000
/nfs/cathdata/dompdb/1pnkA2 22.500000
/data/pdb_release/all/pdb1aty.ent 28.750000
/nfs/cathdata/dompdb/1dloA3 35.000000
/tmp/1ithA0 43.750000
/tmp/1cpcA0 48.750000
/tmp/1cpcB0 47.500000
/tmp/1allA0 45.000000
/tmp/1allB0 43.750000
/tmp/1colA0 46.250000
/nfs/cathdata/dompdb/1ddt02 46.250000
/nfs/cathdata/dompdb/3blm02 40.000000
/nfs/cathdata/dompdb/1mblA2 38.750000
/nfs/cathdata/dompdb/1btl02 43.750000
/nfs/cathdata/dompdb/1ckiA2 42.500000
/nfs/cathdata/dompdb/1csn02 40.000000
/nfs/cathdata/dompdb/1apmE1 46.250000
/nfs/cathdata/dompdb/1irk02 47.500000
/nfs/cathdata/dompdb/1ad5A4 48.750000
/nfs/cathdata/dompdb/1aru01 46.250000
/nfs/cathdata/dompdb/1llp01 45.000000
/nfs/cathdata/dompdb/1mnp01 37.500000
/nfs/cathdata/dompdb/1qpaA1 42.500000
/nfs/cathdata/dompdb/1cca01 42.500000
/nfs/cathdata/dompdb/1apxA1 41.250000
/nfs/cathdata/dompdb/1schA1 40.000000
/data/pdb_release/all/pdb153l.ent 43.750000
/data/pdb_release/all/pdb1baa.ent 47.500000
/nfs/cathdata/dompdb/1cnsA1 45.000000
/data/pdb_release/all/pdb135l.ent 36.250000
/data/pdb_release/all/pdb2ihl.ent 38.750000
/data/pdb_release/all/pdb1lz1.ent 42.500000
/data/pdb_release/all/pdb1hhl.ent 36.250000
/tmp/1ghlA0 36.250000
/data/pdb_release/all/pdb2eql.ent 37.500000
/data/pdb_release/all/pdb1alc.ent 36.250000
/data/pdb_release/all/pdb1hml.ent 36.250000
/tmp/1thbA0 41.250000
/tmp/1hdsA0 42.500000
/tmp/1hdsB0 43.750000
/tmp/2mhbA0 43.750000
/tmp/1fdhG0 41.250000
/tmp/1hbhA0 43.750000
/tmp/1hdaA0 41.250000
/tmp/1babB0 43.750000
/data/pdb_release/all/pdb2lhb.ent 43.750000
/tmp/1hbhB0 43.750000
/tmp/1hdaB0 43.750000
/tmp/1pghA0 43.750000
/tmp/1pghB0 45.000000
/tmp/1ibeB0 48.750000
/tmp/1outA0 46.250000
/tmp/1outB0 43.750000
/tmp/1spgA0 38.750000
/tmp/1spgB0 46.250000
/data/pdb_release/all/pdb1flp.ent 43.750000
/data/pdb_release/all/pdb1lhs.ent 46.250000
/data/pdb_release/all/pdb1bvd.ent 43.750000
/data/pdb_release/all/pdb1ymb.ent 45.000000
/data/pdb_release/all/pdb1mbs.ent 42.500000
/data/pdb_release/all/pdb2mm1.ent 45.000000
/data/pdb_release/all/pdb1emy.ent 42.500000
/tmp/1mygA0 43.750000
/data/pdb_release/all/pdb1myt.ent 45.000000
/data/pdb_release/all/pdb1eca.ent 46.250000
/tmp/1sctA0 42.500000
/tmp/1sctB0 51.250000
/tmp/3sdhA0 45.000000
/data/pdb_release/all/pdb1mba.ent 46.250000
/data/pdb_release/all/pdb1ash.ent 45.000000
/nfs/cathdata/dompdb/1fcdC2 40.000000
/tmp/2mtaC0 41.250000
/nfs/cathdata/dompdb/2abk02 36.250000
/nfs/cathdata/dompdb/1npc02 35.000000
/nfs/cathdata/dompdb/1ezm02 41.250000
/nfs/cathdata/dompdb/2tmnE2 38.750000
/nfs/cathdata/dompdb/1dnpA2 38.750000
/nfs/cathdata/dompdb/1gia02 43.750000
/nfs/cathdata/dompdb/1tadA2 42.500000
/nfs/cathdata/dompdb/7catA2 41.250000
/nfs/cathdata/dompdb/1cca02 50.000000
/nfs/cathdata/dompdb/1apxA2 43.750000
/nfs/cathdata/dompdb/1aru02 43.750000
/nfs/cathdata/dompdb/1llp02 43.750000
/nfs/cathdata/dompdb/1mnp02 43.750000
/nfs/cathdata/dompdb/1qpaA2 41.250000
/nfs/cathdata/dompdb/1schA2 42.500000
/tmp/1rfbA0 46.250000
/nfs/cathdata/dompdb/1pnkA1 63.750000
/data/pdb_release/all/pdb1end.ent 37.500000
/nfs/cathdata/dompdb/1gly01 61.250000
/nfs/cathdata/dompdb/1ecl02 61.250000
/data/pdb_release/all/pdb1sra.ent 38.750000
/nfs/cathdata/dompdb/1prcC2 41.250000
/nfs/cathdata/dompdb/1prcC1 41.250000
/nfs/cathdata/dompdb/1vsgA2 41.250000
/nfs/cathdata/dompdb/1gly02 52.500000
/nfs/cathdata/dompdb/1pnkB4 43.750000
/data/pdb_release/all/pdb1hlm.ent 41.250000
/data/pdb_release/all/pdb1hlb.ent 47.500000
/data/pdb_release/all/pdb1hbg.ent 43.750000
/data/pdb_release/all/pdb1gdj.ent 41.250000
/tmp/1binA0 42.500000
/nfs/cathdata/dompdb/1osa02 35.000000
/nfs/cathdata/dompdb/1wdcC2 36.250000
/nfs/cathdata/dompdb/1tnw02 35.000000
/tmp/1cnpA0 35.000000
/tmp/1symA0 36.250000
/tmp/1tcoB0 46.250000
/nfs/cathdata/dompdb/1scmC1 36.250000
/nfs/cathdata/dompdb/1wdcB1 38.750000
/nfs/cathdata/dompdb/1rec01 0.000000
/nfs/cathdata/dompdb/1rec02 42.500000
/data/pdb_release/all/pdb2sas.ent 43.750000
/tmp/2scpA0 45.000000
/data/pdb_release/all/pdb155c.ent 36.250000
/data/pdb_release/all/pdb1ycc.ent 42.500000
/data/pdb_release/all/pdb1ccr.ent 37.500000
/tmp/5cytR0 37.500000
/data/pdb_release/all/pdb1yeb.ent 40.000000
/data/pdb_release/all/pdb1hrc.ent 35.000000
/data/pdb_release/all/pdb1cry.ent 40.000000
/data/pdb_release/all/pdb1cot.ent 40.000000
/data/pdb_release/all/pdb3c2c.ent 40.000000
/tmp/1c2rA0 40.000000
/data/pdb_release/all/pdb1cxc.ent 37.500000
/data/pdb_release/all/pdb1yea.ent 43.750000
/tmp/1hroA0 40.000000
/data/pdb_release/all/pdb1dvh.ent 41.250000
/data/pdb_release/all/pdb351c.ent 33.750000
/data/pdb_release/all/pdb1cor.ent 38.750000
/data/pdb_release/all/pdb1cch.ent 40.000000
/nfs/cathdata/dompdb/1fcdC1 38.750000
/data/pdb_release/all/pdb1cc5.ent 42.500000
/data/pdb_release/all/pdb1cyi.ent 40.000000
/data/pdb_release/all/pdb1ctj.ent 40.000000
/nfs/cathdata/dompdb/6gsvA2 33.750000
/nfs/cathdata/dompdb/1gta02 40.000000
/nfs/cathdata/dompdb/1hna02 40.000000
/nfs/cathdata/dompdb/2gsq02 33.750000
/nfs/cathdata/dompdb/1gseA2 40.000000
/nfs/cathdata/dompdb/1bpb01 36.250000
/nfs/cathdata/dompdb/1taq02 25.000000
/nfs/cathdata/dompdb/9icwA2 35.000000
/nfs/cathdata/dompdb/1ecl04 33.750000
/nfs/cathdata/dompdb/1adeA2 33.750000
/nfs/cathdata/dompdb/1atnA3 41.250000
/nfs/cathdata/dompdb/1oxa03 37.500000
/data/pdb_release/all/pdb1hmx.ent 37.500000
/nfs/cathdata/dompdb/2abk01 38.750000
/nfs/cathdata/dompdb/1gln04 38.750000
/nfs/cathdata/dompdb/2tct02 40.000000
/tmp/1hulA0 37.500000
/data/pdb_release/all/pdb1coo.ent 40.000000
/nfs/cathdata/dompdb/1wdcB2 35.000000
/data/pdb_release/all/pdb1bod.ent 37.500000
/data/pdb_release/all/pdb1cb1.ent 35.000000
/data/pdb_release/all/pdb4icb.ent 37.500000
/data/pdb_release/all/pdb1cmf.ent 38.750000
/nfs/cathdata/dompdb/1ncx01 37.500000
/data/pdb_release/all/pdb1cfc.ent 42.500000
/data/pdb_release/all/pdb1tnx.ent 45.000000
/data/pdb_release/all/pdb1rro.ent 41.250000
/data/pdb_release/all/pdb4cpv.ent 41.250000
/data/pdb_release/all/pdb5pal.ent 42.500000
/data/pdb_release/all/pdb1pal.ent 40.000000
/tmp/1rtp10 45.000000
/tmp/1pvaA0 42.500000
/nfs/cathdata/dompdb/1osa01 38.750000
/nfs/cathdata/dompdb/1avhA1 42.500000
/nfs/cathdata/dompdb/2ran01 42.500000
/nfs/cathdata/dompdb/1ala02 42.500000
/nfs/cathdata/dompdb/1hvd02 42.500000
/nfs/cathdata/dompdb/1ala04 42.500000
/nfs/cathdata/dompdb/1ann04 40.000000
/nfs/cathdata/dompdb/1avhA4 42.500000
/nfs/cathdata/dompdb/1axn01 42.500000
/nfs/cathdata/dompdb/1axn03 42.500000
/nfs/cathdata/dompdb/1axn02 40.000000
/nfs/cathdata/dompdb/1ala03 35.000000
/nfs/cathdata/dompdb/1ann03 40.000000
/nfs/cathdata/dompdb/1hvd03 42.500000
/nfs/cathdata/dompdb/2ran03 42.500000
/nfs/cathdata/dompdb/1axn04 42.500000
/nfs/cathdata/dompdb/1csc02 36.250000
/nfs/cathdata/dompdb/1csh02 36.250000
/nfs/cathdata/dompdb/2cts02 36.250000
/nfs/cathdata/dompdb/1tyaE2 35.000000
/nfs/cathdata/dompdb/1bvp11 40.000000
/data/pdb_release/all/pdb1neq.ent 40.000000
/nfs/cathdata/dompdb/1octC1 36.250000
/data/pdb_release/all/pdb1r69.ent 38.750000
/data/pdb_release/all/pdb2cro.ent 38.750000
/data/pdb_release/all/pdb1adr.ent 41.250000
/tmp/1lmb30 40.000000
/nfs/cathdata/dompdb/2yhx01 40.000000
/nfs/cathdata/dompdb/2bpfA1 40.000000
/nfs/cathdata/dompdb/1bgw03 32.500000
/nfs/cathdata/dompdb/1adt01 40.000000
/nfs/cathdata/dompdb/1glqA2 33.750000
/nfs/cathdata/dompdb/2gsrA2 33.750000
/nfs/cathdata/dompdb/1gssA2 36.250000
/data/pdb_release/all/pdb1erd.ent 22.500000
/nfs/cathdata/dompdb/1dtr02 25.000000
/tmp/1lccA0 26.250000
/nfs/cathdata/dompdb/1pnrA1 36.250000
/data/pdb_release/all/pdb1uxd.ent 26.250000
/nfs/cathdata/dompdb/2phlA1 25.000000
/nfs/cathdata/dompdb/2phlA4 27.500000
/tmp/6insE0 26.250000
/data/pdb_release/all/pdb2gf1.ent 26.250000
/data/pdb_release/all/pdb1igl.ent 22.500000
/data/pdb_release/all/pdb1bip.ent 33.750000
/data/pdb_release/all/pdb1c5a.ent 36.250000
/data/pdb_release/all/pdb1kjs.ent 35.000000
/tmp/1cmbA0 26.250000
/nfs/cathdata/dompdb/1gln03 36.250000
/nfs/cathdata/dompdb/1serA1 35.000000
/nfs/cathdata/dompdb/1bvp13 35.000000
/nfs/cathdata/dompdb/1dmb03 50.000000
/nfs/cathdata/dompdb/1dik02 25.000000
/nfs/cathdata/dompdb/9pap02 26.250000
/nfs/cathdata/dompdb/1aec02 36.250000
/nfs/cathdata/dompdb/1gecE2 38.750000
/nfs/cathdata/dompdb/2act02 36.250000
/nfs/cathdata/dompdb/1ppo02 26.250000
/nfs/cathdata/dompdb/1yal02 25.000000
/nfs/cathdata/dompdb/1theA2 25.000000
/nfs/cathdata/dompdb/1csbB1 26.250000
/nfs/cathdata/dompdb/2bltA2 28.750000
/data/pdb_release/all/pdb1utg.ent 35.000000
/data/pdb_release/all/pdb1ccd.ent 35.000000
/nfs/cathdata/dompdb/1ala01 42.500000
/nfs/cathdata/dompdb/1ann01 42.500000
/nfs/cathdata/dompdb/1ann02 40.000000
/tmp/1fliA0 26.250000
/data/pdb_release/all/pdb1etc.ent 50.000000
/tmp/1sttA0 27.500000
/data/pdb_release/all/pdb2hts.ent 36.250000
/data/pdb_release/all/pdb1hks.ent 25.000000
/data/pdb_release/all/pdb1enh.ent 27.500000
/data/pdb_release/all/pdb1ftz.ent 26.250000
/data/pdb_release/all/pdb1ftt.ent 26.250000
/tmp/1ahdP0 25.000000
/tmp/1fjlA0 27.500000
/data/pdb_release/all/pdb1vnd.ent 25.000000
/data/pdb_release/all/pdb1hdp.ent 26.250000
/data/pdb_release/all/pdb1ocp.ent 25.000000
/data/pdb_release/all/pdb1pog.ent 26.250000
/tmp/1yrnA0 27.500000
/tmp/1hcrA0 26.250000
/data/pdb_release/all/pdb1res.ent 27.500000
/data/pdb_release/all/pdb1lfb.ent 25.000000
/data/pdb_release/all/pdb2lfb.ent 27.500000
/tmp/1yrnB0 36.250000
/tmp/1fiaA0 38.750000
/data/pdb_release/all/pdb1mbe.ent 26.250000
/data/pdb_release/all/pdb1mbg.ent 26.250000
/data/pdb_release/all/pdb1mbj.ent 26.250000
/tmp/2wrpR0 40.000000
/nfs/cathdata/dompdb/2tct01 36.250000
/tmp/1bfmA0 25.000000
/tmp/1hryA0 27.500000
/data/pdb_release/all/pdb1hsm.ent 27.500000
/data/pdb_release/all/pdb1hma.ent 28.750000
/data/pdb_release/all/pdb1hme.ent 26.250000
/data/pdb_release/all/pdb1aab.ent 26.250000
/tmp/1trlA0 26.250000
/tmp/1mylA0 25.000000
/tmp/1parA0 25.000000
/tmp/1mntA0 35.000000
/data/pdb_release/all/pdb1lea.ent 27.500000
/tmp/1hstA0 31.250000
/data/pdb_release/all/pdb1ghc.ent 26.250000
/nfs/cathdata/dompdb/1dprA1 35.000000
/nfs/cathdata/dompdb/1bia01 27.500000
/nfs/cathdata/dompdb/1berA2 47.500000
/nfs/cathdata/dompdb/1pdnC1 26.250000
/nfs/cathdata/dompdb/1pdnC2 26.250000
