/tmp/2ltnB0 25.000000
/tmp/1lenB0 25.000000
/tmp/1lgcB0 0.000000
/nfs/cathdata/dompdb/1lyaB1 25.000000
/tmp/1aayA0 35.000000
/tmp/1ubdC0 37.500000
/tmp/1meyC0 37.500000
/tmp/2drpA0 77.500000
/tmp/1pyaA0 27.500000
/tmp/1hueA0 77.500000
/tmp/1wtuA0 77.500000
/tmp/1ihfA0 95.000000
/tmp/1ihfB0 95.000000
/nfs/cathdata/dompdb/1prcH1 90.000000
/nfs/cathdata/dompdb/1pcrH1 90.000000
/data/pdb_release/all/pdb4mt2.ent 0.000000
/data/pdb_release/all/pdb1tiv.ent 0.000000
/data/pdb_release/all/pdb1zaq.ent 0.000000
/data/pdb_release/all/pdb1iva.ent 0.000000
/data/pdb_release/all/pdb1agg.ent 50.000000
/data/pdb_release/all/pdb1cfh.ent 0.000000
/data/pdb_release/all/pdb1cfi.ent 0.000000
/data/pdb_release/all/pdb1aaf.ent 0.000000
/data/pdb_release/all/pdb2ech.ent 0.000000
/data/pdb_release/all/pdb1fvl.ent 25.000000
/data/pdb_release/all/pdb1kst.ent 50.000000
/tmp/1r0940 25.000000
/tmp/2plv40 70.000000
/tmp/1pvc40 70.000000
/tmp/1bbt40 32.500000
/tmp/1tme40 25.000000
/tmp/2mev40 25.000000
/tmp/1tabI0 50.000000
/data/pdb_release/all/pdb1pi2.ent 65.000000
/data/pdb_release/all/pdb1bbi.ent 77.500000
/nfs/cathdata/dompdb/1pcp01 25.000000
/nfs/cathdata/dompdb/2pspA2 25.000000
/nfs/cathdata/dompdb/1gcb01 90.000000
/nfs/cathdata/dompdb/1fieA2 95.000000
/nfs/cathdata/dompdb/1lgr01 90.000000
/nfs/cathdata/dompdb/1abbA1 90.000000
/nfs/cathdata/dompdb/1ygpA1 90.000000
/nfs/cathdata/dompdb/1pgd03 25.000000
/data/pdb_release/all/pdb1ldl.ent 50.000000
/data/pdb_release/all/pdb1ldr.ent 0.000000
/data/pdb_release/all/pdb1tap.ent 65.000000
/data/pdb_release/all/pdb5pti.ent 65.000000
/tmp/1aapA0 70.000000
/data/pdb_release/all/pdb1dtx.ent 70.000000
/data/pdb_release/all/pdb1dtk.ent 65.000000
/data/pdb_release/all/pdb1shp.ent 65.000000
/tmp/1brbI0 75.000000
/data/pdb_release/all/pdb1knt.ent 70.000000
/data/pdb_release/all/pdb1dem.ent 70.000000
/tmp/1bunB0 75.000000
/data/pdb_release/all/pdb1hnr.ent 25.000000
/tmp/1mhlA0 27.500000
/nfs/cathdata/dompdb/1gal02 32.500000
/nfs/cathdata/dompdb/1inp01 77.500000
/nfs/cathdata/dompdb/1rtc02 52.500000
/nfs/cathdata/dompdb/1apa02 77.500000
/nfs/cathdata/dompdb/1pafA2 72.500000
/nfs/cathdata/dompdb/1mrg02 72.500000
/nfs/cathdata/dompdb/1mrj02 77.500000
/nfs/cathdata/dompdb/1abrA2 52.500000
/tmp/1isuA0 25.000000
/data/pdb_release/all/pdb1hip.ent 50.000000
/tmp/2hipA0 50.000000
/data/pdb_release/all/pdb1hpi.ent 52.500000
/data/pdb_release/all/pdb1bbo.ent 27.500000
/nfs/cathdata/dompdb/1adt02 90.000000
/tmp/1abmA0 77.500000
/tmp/1idsA0 95.000000
/tmp/1isaA0 95.000000
/nfs/cathdata/dompdb/1vsgA1 90.000000
/tmp/1hmpA0 90.000000
/nfs/cathdata/dompdb/1adeA3 90.000000
/nfs/cathdata/dompdb/1qorA1 95.000000
/nfs/cathdata/dompdb/3btoA1 95.000000
/nfs/cathdata/dompdb/1dehA1 95.000000
/nfs/cathdata/dompdb/1cdoA1 95.000000
/nfs/cathdata/dompdb/1tehA1 95.000000
/nfs/cathdata/dompdb/1agnA1 95.000000
/tmp/1yptA0 90.000000
/data/pdb_release/all/pdb2hnp.ent 90.000000
/nfs/cathdata/dompdb/1yfoA1 90.000000
/tmp/1vhrA0 82.500000
/data/pdb_release/all/pdb1gpc.ent 95.000000
/nfs/cathdata/dompdb/1bgw05 77.500000
/nfs/cathdata/dompdb/1jetA1 90.000000
/nfs/cathdata/dompdb/1glaG1 90.000000
/nfs/cathdata/dompdb/1hgeA1 90.000000
/tmp/1ltsA0 82.500000
/tmp/1xtcA0 90.000000
/tmp/1tiiA0 82.500000
/tmp/1prtA0 95.000000
/nfs/cathdata/dompdb/1admA2 90.000000
/nfs/cathdata/dompdb/1chmA2 90.000000
/data/pdb_release/all/pdb1mat.ent 90.000000
/data/pdb_release/all/pdb1pbn.ent 95.000000
/data/pdb_release/all/pdb1ula.ent 95.000000
/tmp/1ecpA0 95.000000
/nfs/cathdata/dompdb/1dhx03 95.000000
/data/pdb_release/all/pdb2cyr.ent 77.500000
/data/pdb_release/all/pdb1wad.ent 72.500000
/data/pdb_release/all/pdb1czj.ent 77.500000
/tmp/1htmB0 35.000000
/nfs/cathdata/dompdb/1berA1 85.000000
/nfs/cathdata/dompdb/1dhx02 50.000000
/nfs/cathdata/dompdb/1gln02 75.000000
/nfs/cathdata/dompdb/1gtrA2 95.000000
/nfs/cathdata/dompdb/1prcH2 90.000000
/nfs/cathdata/dompdb/4rcrH2 95.000000
/nfs/cathdata/dompdb/1oxa01 75.000000
/nfs/cathdata/dompdb/1cpt01 77.500000
/nfs/cathdata/dompdb/1gcb02 67.500000
/data/pdb_release/all/pdb1mut.ent 90.000000
/data/pdb_release/all/pdb1pyp.ent 95.000000
/data/pdb_release/all/pdb2prd.ent 90.000000
/tmp/1eipA0 95.000000
/nfs/cathdata/dompdb/1ordA4 77.500000
/nfs/cathdata/dompdb/2cmd02 90.000000
/nfs/cathdata/dompdb/1mldA2 90.000000
/nfs/cathdata/dompdb/6ldh02 95.000000
/nfs/cathdata/dompdb/1llc02 77.500000
/nfs/cathdata/dompdb/1lldA2 95.000000
/nfs/cathdata/dompdb/2ldx02 95.000000
/nfs/cathdata/dompdb/3ldh02 82.500000
/nfs/cathdata/dompdb/5ldh02 77.500000
/nfs/cathdata/dompdb/9ldtA2 95.000000
/nfs/cathdata/dompdb/1ldb02 90.000000
/nfs/cathdata/dompdb/1hyhA2 95.000000
/nfs/cathdata/dompdb/4mdhA2 90.000000
/nfs/cathdata/dompdb/1bdmA2 95.000000
/nfs/cathdata/dompdb/1dctA2 77.500000
/tmp/1regX0 90.000000
/nfs/cathdata/dompdb/2bltA1 95.000000
/data/pdb_release/all/pdb1xaa.ent 77.500000
/data/pdb_release/all/pdb1xac.ent 95.000000
/tmp/1alkA0 90.000000
/data/pdb_release/all/pdb1lpp.ent 100.000000
/data/pdb_release/all/pdb1thg.ent 90.000000
/tmp/1cleA0 100.000000
/data/pdb_release/all/pdb1ace.ent 95.000000
/nfs/cathdata/dompdb/3ladA2 77.500000
/nfs/cathdata/dompdb/1lpfA2 82.500000
/nfs/cathdata/dompdb/1lvl02 72.500000
/nfs/cathdata/dompdb/1ebdA2 77.500000
/nfs/cathdata/dompdb/2tmdA3 82.500000
/nfs/cathdata/dompdb/1gerA2 77.500000
/nfs/cathdata/dompdb/1gesA2 77.500000
/nfs/cathdata/dompdb/3grs02 77.500000
/nfs/cathdata/dompdb/1tde02 75.000000
/nfs/cathdata/dompdb/1vdc02 82.500000
/nfs/cathdata/dompdb/1fecB2 77.500000
/nfs/cathdata/dompdb/1nhr02 77.500000
/nfs/cathdata/dompdb/1fcdA2 90.000000
/tmp/1pyaB0 90.000000
/nfs/cathdata/dompdb/1dik03 77.500000
/nfs/cathdata/dompdb/1aorA1 95.000000
/tmp/2dnjA0 90.000000
/tmp/1fjmA0 80.000000
/tmp/1tcoA0 90.000000
/nfs/cathdata/dompdb/1gph11 95.000000
/data/pdb_release/all/pdb1plq.ent 95.000000
/data/pdb_release/all/pdb1bnh.ent 77.500000
/data/pdb_release/all/pdb1cy3.ent 25.000000
/tmp/1cthA0 77.500000
/data/pdb_release/all/pdb2cdv.ent 72.500000
/nfs/cathdata/dompdb/1trkA1 77.500000
/tmp/1rvaA0 95.000000
/nfs/cathdata/dompdb/1atnA1 90.000000
/nfs/cathdata/dompdb/2btfA1 95.000000
/nfs/cathdata/dompdb/1olbA2 77.500000
/data/pdb_release/all/pdb2ctc.ent 95.000000
/data/pdb_release/all/pdb1amp.ent 95.000000
/nfs/cathdata/dompdb/1lam02 90.000000
/nfs/cathdata/dompdb/1tplA2 82.500000
/nfs/cathdata/dompdb/1dgd02 82.500000
/nfs/cathdata/dompdb/1aam02 77.500000
/nfs/cathdata/dompdb/1akaA2 77.500000
/nfs/cathdata/dompdb/2cstA2 77.500000
/nfs/cathdata/dompdb/1ordA2 77.500000
/data/pdb_release/all/pdb1rpa.ent 75.000000
/data/pdb_release/all/pdb1esc.ent 100.000000
/nfs/cathdata/dompdb/1gpb02 77.500000
/nfs/cathdata/dompdb/1ygpA2 77.500000
/tmp/1deaA0 77.500000
/tmp/1thtA0 95.000000
/tmp/1tahA0 90.000000
/tmp/1oilA0 85.000000
/nfs/cathdata/dompdb/1hplA1 77.500000
/nfs/cathdata/dompdb/1lpbB1 90.000000
/tmp/1ethA0 77.500000
/data/pdb_release/all/pdb1gpl.ent 80.000000
/data/pdb_release/all/pdb1tca.ent 80.000000
/data/pdb_release/all/pdb1ede.ent 90.000000
/data/pdb_release/all/pdb1ysc.ent 90.000000
/nfs/cathdata/dompdb/1asyA2 95.000000
/nfs/cathdata/dompdb/1lylA2 95.000000
/nfs/cathdata/dompdb/1serA2 95.000000
/data/pdb_release/all/pdb3pte.ent 90.000000
/nfs/cathdata/dompdb/1abrA1 95.000000
/nfs/cathdata/dompdb/1ahc01 95.000000
/nfs/cathdata/dompdb/1mrj01 95.000000
/nfs/cathdata/dompdb/1apa01 95.000000
/nfs/cathdata/dompdb/1pafA1 90.000000
/tmp/4dfrA0 77.500000
/data/pdb_release/all/pdb3dfr.ent 82.500000
/data/pdb_release/all/pdb8dfr.ent 82.500000
/data/pdb_release/all/pdb1drf.ent 72.500000
/data/pdb_release/all/pdb1dyr.ent 77.500000
/nfs/cathdata/dompdb/1adeA1 95.000000
/nfs/cathdata/dompdb/3pmgA1 90.000000
/data/pdb_release/all/pdb1udg.ent 72.500000
/nfs/cathdata/dompdb/3pgk02 77.500000
/nfs/cathdata/dompdb/1php02 95.000000
/nfs/cathdata/dompdb/1gpmA1 95.000000
/nfs/cathdata/dompdb/1powA3 77.500000
/nfs/cathdata/dompdb/1pvdA3 72.500000
/nfs/cathdata/dompdb/1pvdA1 72.500000
/nfs/cathdata/dompdb/1powA1 77.500000
/nfs/cathdata/dompdb/1trkA2 77.500000
/nfs/cathdata/dompdb/1tyaE1 77.500000
/nfs/cathdata/dompdb/2tysB2 77.500000
/nfs/cathdata/dompdb/1minA1 77.500000
/nfs/cathdata/dompdb/1mioA1 77.500000
/nfs/cathdata/dompdb/3ecaA1 72.500000
/nfs/cathdata/dompdb/1agx01 77.500000
/nfs/cathdata/dompdb/3pga11 77.500000
/tmp/1wsaA0 95.000000
/tmp/1nbaA0 77.500000
/nfs/cathdata/dompdb/2reb01 77.500000
/tmp/1smnA0 95.000000
/tmp/1eriA0 90.000000
/nfs/cathdata/dompdb/1lvl01 95.000000
/nfs/cathdata/dompdb/1ebdA1 95.000000
/nfs/cathdata/dompdb/1gal01 95.000000
/nfs/cathdata/dompdb/1fcdA1 90.000000
/nfs/cathdata/dompdb/1coy01 95.000000
/nfs/cathdata/dompdb/1pbe01 95.000000
/nfs/cathdata/dompdb/1aa8A1 90.000000
/nfs/cathdata/dompdb/1dob02 90.000000
/data/pdb_release/all/pdb1cge.ent 95.000000
/data/pdb_release/all/pdb1mnc.ent 90.000000
/data/pdb_release/all/pdb1srt.ent 90.000000
/nfs/cathdata/dompdb/1fbl01 95.000000
/data/pdb_release/all/pdb1mmq.ent 90.000000
/data/pdb_release/all/pdb1slm.ent 90.000000
/tmp/1atlA0 77.500000
/data/pdb_release/all/pdb1iag.ent 90.000000
/nfs/cathdata/dompdb/1kapP2 90.000000
/nfs/cathdata/dompdb/1sat02 90.000000
/data/pdb_release/all/pdb1iab.ent 90.000000
/nfs/cathdata/dompdb/1lcf01 90.000000
/nfs/cathdata/dompdb/1ovt01 77.500000
/nfs/cathdata/dompdb/1ovt03 77.500000
/nfs/cathdata/dompdb/1nnt01 72.500000
/nfs/cathdata/dompdb/1tfd01 72.500000
/nfs/cathdata/dompdb/1lcf03 77.500000
/nfs/cathdata/dompdb/1dot01 77.500000
/nfs/cathdata/dompdb/1dot03 77.500000
/nfs/cathdata/dompdb/1quk01 77.500000
/nfs/cathdata/dompdb/1sbp01 72.500000
/nfs/cathdata/dompdb/1dmb01 82.500000
/nfs/cathdata/dompdb/1pot01 77.500000
/nfs/cathdata/dompdb/3sc2A1 95.000000
/nfs/cathdata/dompdb/1rtc01 90.000000
/tmp/1pviA0 77.500000
/nfs/cathdata/dompdb/1bllE1 75.000000
/nfs/cathdata/dompdb/1scuB3 77.500000
/nfs/cathdata/dompdb/1ora01 72.500000
/nfs/cathdata/dompdb/1ora02 77.500000
/nfs/cathdata/dompdb/2glt01 95.000000
/nfs/cathdata/dompdb/1ttqB1 77.500000
/data/pdb_release/all/pdb3pgm.ent 77.500000
/nfs/cathdata/dompdb/1gtrA1 72.500000
/nfs/cathdata/dompdb/1gln01 77.500000
/tmp/1dsbA0 75.000000
/tmp/1gp1A0 77.500000
/nfs/cathdata/dompdb/1chmA1 77.500000
/nfs/cathdata/dompdb/1scuB1 95.000000
/nfs/cathdata/dompdb/1mla02 72.500000
/nfs/cathdata/dompdb/1glaG2 90.000000
/nfs/cathdata/dompdb/1ami01 72.500000
/data/pdb_release/all/pdb1ak2.ent 72.500000
/tmp/1ak3A0 77.500000
/tmp/1akeA0 72.500000
/data/pdb_release/all/pdb1aky.ent 77.500000
/data/pdb_release/all/pdb3adk.ent 77.500000
/data/pdb_release/all/pdb1ukz.ent 77.500000
/data/pdb_release/all/pdb1ukd.ent 77.500000
/nfs/cathdata/dompdb/2tmdA2 77.500000
/nfs/cathdata/dompdb/1nhp01 90.000000
/nfs/cathdata/dompdb/1trb01 90.000000
/nfs/cathdata/dompdb/1vdc01 90.000000
/nfs/cathdata/dompdb/1typA1 95.000000
/nfs/cathdata/dompdb/1gesA1 95.000000
/nfs/cathdata/dompdb/3grs01 95.000000
/nfs/cathdata/dompdb/3ladA1 90.000000
/nfs/cathdata/dompdb/1lpfA1 95.000000
/nfs/cathdata/dompdb/1pfkA2 72.500000
/nfs/cathdata/dompdb/3pfk02 72.500000
/nfs/cathdata/dompdb/3pgk01 77.500000
/nfs/cathdata/dompdb/1php01 77.500000
/nfs/cathdata/dompdb/3pmgA3 72.500000
/tmp/2rslA0 77.500000
/tmp/1gdtA0 77.500000
/nfs/cathdata/dompdb/1ctt02 72.500000
/nfs/cathdata/dompdb/1ctt01 77.500000
/tmp/1whtB0 90.000000
/nfs/cathdata/dompdb/1trkA3 77.500000
/nfs/cathdata/dompdb/1dmb02 55.000000
/nfs/cathdata/dompdb/1pda02 75.000000
/nfs/cathdata/dompdb/1hslA2 77.500000
/nfs/cathdata/dompdb/1lst02 77.500000
/nfs/cathdata/dompdb/1pbp02 72.500000
/nfs/cathdata/dompdb/1sbp02 90.000000
/data/pdb_release/all/pdb1ovb.ent 72.500000
/nfs/cathdata/dompdb/1lcf02 80.000000
/nfs/cathdata/dompdb/1lcf04 77.500000
/nfs/cathdata/dompdb/1ovt02 72.500000
/nfs/cathdata/dompdb/1ovt04 77.500000
/nfs/cathdata/dompdb/1tfd02 75.000000
/nfs/cathdata/dompdb/1dot04 55.000000
/nfs/cathdata/dompdb/1poy12 77.500000
/nfs/cathdata/dompdb/1inp03 77.500000
/nfs/cathdata/dompdb/1imbA2 72.500000
/nfs/cathdata/dompdb/1fbcA2 72.500000
/nfs/cathdata/dompdb/1ftaA2 72.500000
/nfs/cathdata/dompdb/1spiA2 77.500000
/nfs/cathdata/dompdb/1pda01 90.000000
/nfs/cathdata/dompdb/1hslA1 77.500000
/nfs/cathdata/dompdb/1lst01 72.500000
/nfs/cathdata/dompdb/2ldx01 77.500000
/nfs/cathdata/dompdb/3ldh01 77.500000
/nfs/cathdata/dompdb/5ldh01 77.500000
/nfs/cathdata/dompdb/9ldtA1 77.500000
/data/pdb_release/all/pdb5nll.ent 77.500000
/data/pdb_release/all/pdb2fx2.ent 77.500000
/data/pdb_release/all/pdb1ofv.ent 77.500000
/data/pdb_release/all/pdb2fcr.ent 77.500000
/data/pdb_release/all/pdb1rcf.ent 72.500000
/tmp/1lfaA0 80.000000
/data/pdb_release/all/pdb1ido.ent 77.500000
/nfs/cathdata/dompdb/1pfkA1 77.500000
/nfs/cathdata/dompdb/3pfk01 77.500000
/data/pdb_release/all/pdb1cus.ent 72.500000
/data/pdb_release/all/pdb1dad.ent 77.500000
/data/pdb_release/all/pdb1tib.ent 90.000000
/data/pdb_release/all/pdb3tgl.ent 90.000000
/tmp/1lgyA0 90.000000
/data/pdb_release/all/pdb1vid.ent 77.500000
/data/pdb_release/all/pdb1pdo.ent 72.500000
/nfs/cathdata/dompdb/1gpmA2 77.500000
/nfs/cathdata/dompdb/1dnpA1 77.500000
/nfs/cathdata/dompdb/1bgw02 77.500000
/nfs/cathdata/dompdb/1guhA1 77.500000
/nfs/cathdata/dompdb/1glqA1 77.500000
/nfs/cathdata/dompdb/2gsq01 77.500000
/nfs/cathdata/dompdb/2gsrA1 77.500000
/nfs/cathdata/dompdb/1gssA1 77.500000
/nfs/cathdata/dompdb/2gstA1 77.500000
/nfs/cathdata/dompdb/1gta01 77.500000
/nfs/cathdata/dompdb/1hna01 72.500000
/nfs/cathdata/dompdb/3pmgA2 55.000000
/data/pdb_release/all/pdb1lba.ent 95.000000
/tmp/1meeA0 90.000000
/nfs/cathdata/dompdb/1ordA1 72.500000
/data/pdb_release/all/pdb1ntr.ent 72.500000
/nfs/cathdata/dompdb/1gdhA2 77.500000
/nfs/cathdata/dompdb/2nacA2 77.500000
/nfs/cathdata/dompdb/2dldA2 77.500000
/nfs/cathdata/dompdb/2dldA1 72.500000
/nfs/cathdata/dompdb/1scuB2 72.500000
/nfs/cathdata/dompdb/1scuA1 82.500000
/nfs/cathdata/dompdb/1scuA2 90.000000
/data/pdb_release/all/pdb1phr.ent 72.500000
/nfs/cathdata/dompdb/1bmtA2 77.500000
/tmp/1iceA0 90.000000
/data/pdb_release/all/pdb1etu.ent 77.500000
/nfs/cathdata/dompdb/1eft01 77.500000
/data/pdb_release/all/pdb5p21.ent 77.500000
/tmp/1guaA0 77.500000
/tmp/1hurA0 95.000000
/tmp/1nipA0 77.500000
/nfs/cathdata/dompdb/1gky02 77.500000
/nfs/cathdata/dompdb/1dar01 95.000000
/nfs/cathdata/dompdb/1raaA1 77.500000
/nfs/cathdata/dompdb/1raaA2 77.500000
/nfs/cathdata/dompdb/2atcA2 90.000000
/nfs/cathdata/dompdb/4mdhA1 77.500000
/nfs/cathdata/dompdb/1bdmA1 77.500000
/nfs/cathdata/dompdb/2cmd01 77.500000
/nfs/cathdata/dompdb/1mldA1 77.500000
/nfs/cathdata/dompdb/1hyhA1 77.500000
/nfs/cathdata/dompdb/6ldh01 77.500000
/nfs/cathdata/dompdb/1ldb01 77.500000
/nfs/cathdata/dompdb/1llc01 77.500000
/nfs/cathdata/dompdb/1lldA1 77.500000
/nfs/cathdata/dompdb/1bdhA3 55.000000
/nfs/cathdata/dompdb/1tlfA2 77.500000
/nfs/cathdata/dompdb/1dbp01 72.500000
/data/pdb_release/all/pdb3chy.ent 77.500000
/nfs/cathdata/dompdb/1abe01 82.500000
/nfs/cathdata/dompdb/1gdhA1 77.500000
/nfs/cathdata/dompdb/1gca01 77.500000
/nfs/cathdata/dompdb/1gdd01 95.000000
/nfs/cathdata/dompdb/1tadA1 77.500000
/nfs/cathdata/dompdb/1gotA1 90.000000
/nfs/cathdata/dompdb/1gd1O1 90.000000
/nfs/cathdata/dompdb/4gpd11 100.000000
/nfs/cathdata/dompdb/1cerO1 95.000000
/nfs/cathdata/dompdb/1gadO1 95.000000
/nfs/cathdata/dompdb/1gypA1 100.000000
/nfs/cathdata/dompdb/1hdgO1 100.000000
/nfs/cathdata/dompdb/2lbp02 77.500000
/nfs/cathdata/dompdb/2liv02 77.500000
/nfs/cathdata/dompdb/2lbp01 77.500000
/nfs/cathdata/dompdb/2liv01 77.500000
/nfs/cathdata/dompdb/1pea02 77.500000
/nfs/cathdata/dompdb/1pea01 77.500000
/nfs/cathdata/dompdb/1ecl01 77.500000
/nfs/cathdata/dompdb/1admA1 85.000000
/nfs/cathdata/dompdb/1dctA1 77.500000
/nfs/cathdata/dompdb/1hmy01 72.500000
/tmp/1garA0 95.000000
/data/pdb_release/all/pdb1chd.ent 90.000000
/data/pdb_release/all/pdb1thm.ent 90.000000
/tmp/1cseE0 90.000000
/data/pdb_release/all/pdb1st3.ent 95.000000
/data/pdb_release/all/pdb2pkc.ent 95.000000
/data/pdb_release/all/pdb1s01.ent 90.000000
/nfs/cathdata/dompdb/1poxA2 85.000000
/nfs/cathdata/dompdb/1pvdA2 95.000000
/nfs/cathdata/dompdb/2pia02 77.500000
/nfs/cathdata/dompdb/1fnb02 77.500000
/nfs/cathdata/dompdb/1que02 77.500000
/nfs/cathdata/dompdb/1cnd02 72.500000
/nfs/cathdata/dompdb/1ndh02 95.000000
/nfs/cathdata/dompdb/1gph12 72.500000
/nfs/cathdata/dompdb/1ecgA2 77.500000
/data/pdb_release/all/pdb1sto.ent 95.000000
/nfs/cathdata/dompdb/2bgt02 72.500000
/nfs/cathdata/dompdb/2bgt01 77.500000
/nfs/cathdata/dompdb/2nacA1 77.500000
/data/pdb_release/all/pdb1dhr.ent 77.500000
/tmp/1hdcA0 77.500000
/data/pdb_release/all/pdb1eny.ent 77.500000
/nfs/cathdata/dompdb/1psdA1 77.500000
/nfs/cathdata/dompdb/1psdA2 72.500000
/nfs/cathdata/dompdb/1qorA2 77.500000
/nfs/cathdata/dompdb/3btoA2 77.500000
/nfs/cathdata/dompdb/1dehA2 82.500000
/nfs/cathdata/dompdb/1cdoA2 77.500000
/nfs/cathdata/dompdb/1tehA2 77.500000
/nfs/cathdata/dompdb/1agnA2 77.500000
/nfs/cathdata/dompdb/1dih01 77.500000
/nfs/cathdata/dompdb/2pgd01 77.500000
/nfs/cathdata/dompdb/1dpgA1 77.500000
/nfs/cathdata/dompdb/1dbqA1 72.500000
/nfs/cathdata/dompdb/1tlfA1 77.500000
/nfs/cathdata/dompdb/2dri02 77.500000
/nfs/cathdata/dompdb/1gca02 77.500000
/nfs/cathdata/dompdb/2gbp02 77.500000
/nfs/cathdata/dompdb/8abp02 77.500000
/data/pdb_release/all/pdb1ghu.ent 95.000000
/nfs/cathdata/dompdb/1ad5A2 90.000000
/tmp/1ayaA0 90.000000
/tmp/2pldA0 95.000000
/data/pdb_release/all/pdb1svq.ent 90.000000
/data/pdb_release/all/pdb1vil.ent 90.000000
/data/pdb_release/all/pdb1aba.ent 77.500000
/data/pdb_release/all/pdb1ego.ent 77.500000
/tmp/2trxA0 82.500000
/data/pdb_release/all/pdb1thx.ent 72.500000
/data/pdb_release/all/pdb3trx.ent 72.500000
/data/pdb_release/all/pdb1tof.ent 77.500000
/nfs/cathdata/dompdb/1pxtA1 77.500000
/nfs/cathdata/dompdb/1pxtA2 77.500000
/nfs/cathdata/dompdb/2yhx02 95.000000
/nfs/cathdata/dompdb/1dik01 72.500000
/nfs/cathdata/dompdb/2minA3 72.500000
/nfs/cathdata/dompdb/1mioA3 77.500000
/nfs/cathdata/dompdb/2minB2 77.500000
/nfs/cathdata/dompdb/2minB3 77.500000
/nfs/cathdata/dompdb/1mioB2 77.500000
/nfs/cathdata/dompdb/1mioB4 77.500000
/nfs/cathdata/dompdb/2minA2 65.000000
/nfs/cathdata/dompdb/1mioA2 72.500000
/nfs/cathdata/dompdb/2minB1 65.000000
/nfs/cathdata/dompdb/1mioB1 65.000000
/nfs/cathdata/dompdb/1iow01 77.500000
/nfs/cathdata/dompdb/1bncA1 72.500000
/nfs/cathdata/dompdb/3ecaA2 77.500000
/nfs/cathdata/dompdb/1agx02 77.500000
/nfs/cathdata/dompdb/3pga12 77.500000
/nfs/cathdata/dompdb/1pkyA1 77.500000
/nfs/cathdata/dompdb/1pkm01 77.500000
/nfs/cathdata/dompdb/1hsbA1 95.000000
/nfs/cathdata/dompdb/2clrA1 95.000000
/nfs/cathdata/dompdb/1mhcA1 95.000000
/tmp/1tmcA0 95.000000
/nfs/cathdata/dompdb/1fruA1 100.000000
/nfs/cathdata/dompdb/1tssA1 90.000000
/nfs/cathdata/dompdb/1se202 77.500000
/nfs/cathdata/dompdb/1sebD2 72.500000
/nfs/cathdata/dompdb/1esfA2 90.000000
/data/pdb_release/all/pdb1vhh.ent 77.500000
/nfs/cathdata/dompdb/3pmgA4 95.000000
/nfs/cathdata/dompdb/1imbA1 80.000000
/nfs/cathdata/dompdb/5fbpA1 77.500000
/nfs/cathdata/dompdb/1ftaA1 77.500000
/nfs/cathdata/dompdb/1spiA1 77.500000
/nfs/cathdata/dompdb/1inp02 72.500000
/nfs/cathdata/dompdb/1gd1O2 95.000000
/nfs/cathdata/dompdb/4gpd12 72.500000
/nfs/cathdata/dompdb/1cerO2 77.500000
/nfs/cathdata/dompdb/1gadO2 77.500000
/nfs/cathdata/dompdb/1gypA2 75.000000
/nfs/cathdata/dompdb/1hdgO2 82.500000
/data/pdb_release/all/pdb1cia.ent 90.000000
/nfs/cathdata/dompdb/1gal03 95.000000
/nfs/cathdata/dompdb/1dpgA2 95.000000
/data/pdb_release/all/pdb1dpb.ent 90.000000
/data/pdb_release/all/pdb1adn.ent 90.000000
/data/pdb_release/all/pdb2pna.ent 90.000000
/data/pdb_release/all/pdb1ab2.ent 90.000000
/tmp/1shaA0 90.000000
/tmp/1lcjA0 90.000000
/tmp/1csyA0 90.000000
/data/pdb_release/all/pdb1blj.ent 90.000000
/data/pdb_release/all/pdb1fim.ent 72.500000
/tmp/1mifA0 72.500000
/tmp/1kptA0 77.500000
/nfs/cathdata/dompdb/1dja01 90.000000
/nfs/cathdata/dompdb/1mblA1 90.000000
/nfs/cathdata/dompdb/1btl01 95.000000
/data/pdb_release/all/pdb2phy.ent 77.500000
/data/pdb_release/all/pdb1fil.ent 90.000000
/data/pdb_release/all/pdb1pne.ent 90.000000
/data/pdb_release/all/pdb1acf.ent 90.000000
/data/pdb_release/all/pdb2acg.ent 90.000000
/data/pdb_release/all/pdb1cqa.ent 90.000000
/nfs/cathdata/dompdb/1pnkB1 95.000000
/nfs/cathdata/dompdb/1oacA1 95.000000
/tmp/1otgA0 77.500000
/nfs/cathdata/dompdb/1ami02 77.500000
/nfs/cathdata/dompdb/1bpb02 77.500000
/nfs/cathdata/dompdb/9icwA3 90.000000
/nfs/cathdata/dompdb/1daaA1 77.500000
/nfs/cathdata/dompdb/1iov02 77.500000
/nfs/cathdata/dompdb/1glt02 90.000000
/tmp/1gtqA0 77.500000
/nfs/cathdata/dompdb/1bia02 95.000000
/nfs/cathdata/dompdb/1antI2 77.500000
/nfs/cathdata/dompdb/1hleA2 77.500000
/nfs/cathdata/dompdb/1ovaA2 75.000000
/nfs/cathdata/dompdb/2achA1 75.000000
/nfs/cathdata/dompdb/7apiA2 75.000000
/nfs/cathdata/dompdb/1pnkB2 90.000000
/nfs/cathdata/dompdb/1ami03 90.000000
/nfs/cathdata/dompdb/1hocA1 95.000000
/nfs/cathdata/dompdb/1hsaA1 95.000000
/nfs/cathdata/dompdb/1vaaA1 95.000000
/nfs/cathdata/dompdb/1dik06 77.500000
/nfs/cathdata/dompdb/1mdl01 95.000000
/nfs/cathdata/dompdb/4enl01 95.000000
/nfs/cathdata/dompdb/1pdz01 90.000000
/nfs/cathdata/dompdb/1nhp03 90.000000
/nfs/cathdata/dompdb/3ladA3 75.000000
/nfs/cathdata/dompdb/1lpfA3 77.500000
/nfs/cathdata/dompdb/1lvl03 77.500000
/nfs/cathdata/dompdb/1ebdA3 77.500000
/nfs/cathdata/dompdb/1tytA3 77.500000
/nfs/cathdata/dompdb/1gesA3 77.500000
/nfs/cathdata/dompdb/3grs03 90.000000
/nfs/cathdata/dompdb/1irk01 90.000000
/nfs/cathdata/dompdb/1apmE2 90.000000
/nfs/cathdata/dompdb/1ckiA1 95.000000
/nfs/cathdata/dompdb/1csn01 90.000000
/nfs/cathdata/dompdb/1coy02 90.000000
/nfs/cathdata/dompdb/1rthA4 90.000000
/tmp/1hrhA0 90.000000
/data/pdb_release/all/pdb2rn2.ent 95.000000
/data/pdb_release/all/pdb1ril.ent 95.000000
/tmp/1hjrA0 90.000000
/data/pdb_release/all/pdb1itg.ent 95.000000
/data/pdb_release/all/pdb1asu.ent 95.000000
/nfs/cathdata/dompdb/1bcmA1 90.000000
/nfs/cathdata/dompdb/1atr03 90.000000
/nfs/cathdata/dompdb/1atnA2 80.000000
/nfs/cathdata/dompdb/2btfA2 75.000000
/nfs/cathdata/dompdb/2yhx03 90.000000
/nfs/cathdata/dompdb/1atr01 95.000000
/nfs/cathdata/dompdb/1mngA2 90.000000
/nfs/cathdata/dompdb/3sdpA2 32.500000
/tmp/1kpaA0 100.000000
/nfs/cathdata/dompdb/1bpb03 72.500000
/nfs/cathdata/dompdb/1pkp02 75.000000
/nfs/cathdata/dompdb/1dar04 95.000000
/tmp/1copD0 60.000000
/data/pdb_release/all/pdb1orc.ent 70.000000
/nfs/cathdata/dompdb/2reb02 90.000000
/nfs/cathdata/dompdb/1derA2 90.000000
/tmp/1iceB0 52.500000
/tmp/2kauA0 52.500000
/nfs/cathdata/dompdb/1gpmA3 95.000000
/nfs/cathdata/dompdb/1mxa03 77.500000
/nfs/cathdata/dompdb/1mxa01 77.500000
/nfs/cathdata/dompdb/1mxa02 77.500000
/nfs/cathdata/dompdb/1xrb02 77.500000
/nfs/cathdata/dompdb/1ytbA2 100.000000
/nfs/cathdata/dompdb/1tghA2 90.000000
/nfs/cathdata/dompdb/1vokA2 95.000000
/nfs/cathdata/dompdb/1tbpA1 95.000000
/nfs/cathdata/dompdb/1tghA1 95.000000
/nfs/cathdata/dompdb/1vokA1 90.000000
/nfs/cathdata/dompdb/1pczA1 95.000000
/nfs/cathdata/dompdb/1pczA2 95.000000
/nfs/cathdata/dompdb/1bmc02 95.000000
/nfs/cathdata/dompdb/1sebA1 90.000000
/nfs/cathdata/dompdb/1sebB1 95.000000
/tmp/2sicI0 72.500000
/nfs/cathdata/dompdb/1dih02 70.000000
/tmp/1brsD0 60.000000
/data/pdb_release/all/pdb1msc.ent 95.000000
/tmp/1unaA0 95.000000
/nfs/cathdata/dompdb/1chkA2 72.500000
/nfs/cathdata/dompdb/1svb03 70.000000
/nfs/cathdata/dompdb/1oacA4 77.500000
/tmp/1latA0 72.500000
/tmp/2nllA0 32.500000
/tmp/2nllB0 37.500000
/data/pdb_release/all/pdb1tns.ent 35.000000
/data/pdb_release/all/pdb1ife.ent 47.500000
/data/pdb_release/all/pdb1tig.ent 77.500000
/nfs/cathdata/dompdb/1hpm04 77.500000
/nfs/cathdata/dompdb/1bncA2 52.500000
/nfs/cathdata/dompdb/1iow03 72.500000
/nfs/cathdata/dompdb/1glt03 72.500000
/tmp/1humA0 90.000000
/tmp/1hrjA0 65.000000
/tmp/1domA0 75.000000
/tmp/1plfA0 95.000000
/tmp/1mgsA0 100.000000
/data/pdb_release/all/pdb3il8.ent 100.000000
/tmp/1rhpA0 95.000000
/tmp/1napA0 95.000000
/tmp/1rodA0 90.000000
/data/pdb_release/all/pdb1stu.ent 90.000000
/nfs/cathdata/dompdb/1pkp01 95.000000
/nfs/cathdata/dompdb/1pda03 90.000000
/data/pdb_release/all/pdb1ncs.ent 70.000000
/tmp/1cksA0 32.500000
/tmp/1sceA0 32.500000
/tmp/1dktA0 55.000000
/tmp/1rblM0 52.500000
/tmp/3rubS0 72.500000
/tmp/8rubS0 72.500000
/tmp/8rucI0 72.500000
/tmp/1burS0 72.500000
/nfs/cathdata/dompdb/1amg02 77.500000
/nfs/cathdata/dompdb/1amy02 77.500000
/data/pdb_release/all/pdb1zer.ent 77.500000
/data/pdb_release/all/pdb1aps.ent 72.500000
/tmp/2bopA0 77.500000
/data/pdb_release/all/pdb2pii.ent 72.500000
/tmp/2chsA0 77.500000
/nfs/cathdata/dompdb/8atcB1 77.500000
/nfs/cathdata/dompdb/2atcB1 25.000000
/tmp/1nhkL0 60.000000
/data/pdb_release/all/pdb1ndk.ent 62.500000
/tmp/1nsqA0 62.500000
/tmp/1nskL0 60.000000
/nfs/cathdata/dompdb/1rbaA1 80.000000
/nfs/cathdata/dompdb/3rubL1 77.500000
/nfs/cathdata/dompdb/8rucA1 77.500000
/nfs/cathdata/dompdb/1rblA1 77.500000
/nfs/cathdata/dompdb/1ars01 72.500000
/nfs/cathdata/dompdb/7aatA1 72.500000
/nfs/cathdata/dompdb/2cstA1 72.500000
/nfs/cathdata/dompdb/1ordA3 72.500000
/nfs/cathdata/dompdb/2dkb01 95.000000
/nfs/cathdata/dompdb/1tplA1 60.000000
/tmp/1dcoA0 72.500000
/data/pdb_release/all/pdb1vig.ent 72.500000
/tmp/1xxaA0 80.000000
/nfs/cathdata/dompdb/1bgw04 90.000000
/nfs/cathdata/dompdb/1dar05 77.500000
/nfs/cathdata/dompdb/1mla01 77.500000
/nfs/cathdata/dompdb/1psdA3 77.500000
/nfs/cathdata/dompdb/1dloA2 77.500000
/nfs/cathdata/dompdb/1mml02 77.500000
/tmp/1gluA0 32.500000
/data/pdb_release/all/pdb1hra.ent 32.500000
/tmp/1hcqA0 77.500000
/nfs/cathdata/dompdb/1bgw01 70.000000
/data/pdb_release/all/pdb1nef.ent 77.500000
/tmp/1efnB0 72.500000
/nfs/cathdata/dompdb/1gky01 77.500000
/nfs/cathdata/dompdb/1yua01 100.000000
/data/pdb_release/all/pdb1vcc.ent 75.000000
/nfs/cathdata/dompdb/1svb02 95.000000
/nfs/cathdata/dompdb/1yua02 52.500000
/tmp/1otfA0 52.500000
/data/pdb_release/all/pdb1cbn.ent 27.500000
/data/pdb_release/all/pdb1bhp.ent 52.500000
/data/pdb_release/all/pdb2plh.ent 52.500000
/data/pdb_release/all/pdb1fdx.ent 25.000000
/data/pdb_release/all/pdb1clf.ent 50.000000
/data/pdb_release/all/pdb1fca.ent 50.000000
/data/pdb_release/all/pdb1fdn.ent 90.000000
/data/pdb_release/all/pdb1blu.ent 90.000000
/data/pdb_release/all/pdb1fxd.ent 72.500000
/data/pdb_release/all/pdb2fxb.ent 72.500000
/tmp/1fxrA0 72.500000
/data/pdb_release/all/pdb1rof.ent 25.000000
/data/pdb_release/all/pdb5fd1.ent 77.500000
/data/pdb_release/all/pdb1fwp.ent 72.500000
/data/pdb_release/all/pdb1sxl.ent 77.500000
/data/pdb_release/all/pdb1fht.ent 77.500000
/data/pdb_release/all/pdb1pba.ent 72.500000
/data/pdb_release/all/pdb1ris.ent 72.500000
/data/pdb_release/all/pdb1ctf.ent 55.000000
/tmp/1spbP0 77.500000
/data/pdb_release/all/pdb1ptf.ent 77.500000
/data/pdb_release/all/pdb1poh.ent 77.500000
/data/pdb_release/all/pdb2hpr.ent 77.500000
/data/pdb_release/all/pdb1pch.ent 77.500000
/data/pdb_release/all/pdb1sxm.ent 52.500000
/data/pdb_release/all/pdb2sn3.ent 52.500000
/data/pdb_release/all/pdb1vna.ent 55.000000
/data/pdb_release/all/pdb1nra.ent 55.000000
/data/pdb_release/all/pdb1ptx.ent 55.000000
/data/pdb_release/all/pdb1lqh.ent 55.000000
/data/pdb_release/all/pdb1snb.ent 55.000000
/data/pdb_release/all/pdb1gps.ent 55.000000
/data/pdb_release/all/pdb1gpt.ent 60.000000
/data/pdb_release/all/pdb1chc.ent 65.000000
/data/pdb_release/all/pdb1caa.ent 70.000000
/data/pdb_release/all/pdb1iro.ent 50.000000
/data/pdb_release/all/pdb1rdg.ent 50.000000
/data/pdb_release/all/pdb4rxn.ent 50.000000
/data/pdb_release/all/pdb6rxn.ent 50.000000
/tmp/8rxnA0 50.000000
/tmp/1gatA0 70.000000
/data/pdb_release/all/pdb1bus.ent 25.000000
/data/pdb_release/all/pdb2ovo.ent 50.000000
/data/pdb_release/all/pdb3ovo.ent 52.500000
/nfs/cathdata/dompdb/1tbrR1 50.000000
/nfs/cathdata/dompdb/1tbrR2 70.000000
/data/pdb_release/all/pdb1ptq.ent 70.000000
/nfs/cathdata/dompdb/9wgaA1 25.000000
/nfs/cathdata/dompdb/9wgaA2 25.000000
/nfs/cathdata/dompdb/9wgaA3 25.000000
/nfs/cathdata/dompdb/9wgaA4 25.000000
/nfs/cathdata/dompdb/2cwgA2 25.000000
/nfs/cathdata/dompdb/1wgtA3 25.000000
/tmp/1tgsI0 47.500000
/tmp/1cgiI0 47.500000
/data/pdb_release/all/pdb1pce.ent 52.500000
/data/pdb_release/all/pdb1hev.ent 25.000000
/data/pdb_release/all/pdb2alr.ent 75.000000
/data/pdb_release/all/pdb1frb.ent 75.000000
/nfs/cathdata/dompdb/1rlcL2 77.500000
/nfs/cathdata/dompdb/1rblA2 77.500000
/nfs/cathdata/dompdb/1rbaA2 77.500000
/nfs/cathdata/dompdb/1oneA2 90.000000
/nfs/cathdata/dompdb/1pdz02 77.500000
/tmp/1chrA0 77.500000
/tmp/1mucA0 95.000000
/data/pdb_release/all/pdb2mnr.ent 90.000000
/nfs/cathdata/dompdb/1mdr02 77.500000
/data/pdb_release/all/pdb1gox.ent 90.000000
/tmp/1fcbB0 90.000000
/nfs/cathdata/dompdb/2tmdA1 95.000000
/data/pdb_release/all/pdb1oya.ent 77.500000
/data/pdb_release/all/pdb1add.ent 77.500000
/data/pdb_release/all/pdb1pta.ent 82.500000
/data/pdb_release/all/pdb1xis.ent 77.500000
/tmp/1ximA0 77.500000
/tmp/1xlaA0 77.500000
/tmp/1dxiA0 77.500000
/data/pdb_release/all/pdb1dtp.ent 90.000000
/tmp/1dmaA0 77.500000
/nfs/cathdata/dompdb/1dik04 72.500000
/nfs/cathdata/dompdb/1kauC2 77.500000
/nfs/cathdata/dompdb/1aa8A2 90.000000
/tmp/1hymA0 25.000000
/tmp/1cseI0 52.500000
/tmp/1ypcI0 52.500000
/data/pdb_release/all/pdb1cis.ent 52.500000
/data/pdb_release/all/pdb1mit.ent 65.000000
/nfs/cathdata/dompdb/2baa02 25.000000
/data/pdb_release/all/pdb1ica.ent 25.000000
/data/pdb_release/all/pdb1cnv.ent 77.500000
/tmp/1xyzA0 82.500000
/data/pdb_release/all/pdb1exp.ent 77.500000
/tmp/1clxA0 77.500000
/data/pdb_release/all/pdb2ebn.ent 90.000000
/data/pdb_release/all/pdb1edt.ent 90.000000
/nfs/cathdata/dompdb/1ctn02 77.500000
/data/pdb_release/all/pdb1cec.ent 77.500000
/tmp/1ghsA0 77.500000
/data/pdb_release/all/pdb1ghr.ent 77.500000
/data/pdb_release/all/pdb1cbg.ent 85.000000
/nfs/cathdata/dompdb/1amg01 77.500000
/nfs/cathdata/dompdb/1amy01 77.500000
/nfs/cathdata/dompdb/2aaa01 95.000000
/nfs/cathdata/dompdb/2taaA1 90.000000
/nfs/cathdata/dompdb/1ppi01 77.500000
/data/pdb_release/all/pdb1hny.ent 82.500000
/nfs/cathdata/dompdb/1cgt01 95.000000
/nfs/cathdata/dompdb/1cdg01 90.000000
/nfs/cathdata/dompdb/1cyg01 95.000000
/nfs/cathdata/dompdb/1ciu01 95.000000
/nfs/cathdata/dompdb/1pamA1 90.000000
/data/pdb_release/all/pdb1btc.ent 77.500000
/nfs/cathdata/dompdb/1bglA3 90.000000
/tmp/1pbgA0 90.000000
/tmp/1tpfA0 77.500000
/tmp/1ypiA0 77.500000
/tmp/1timA0 77.500000
/tmp/1treA0 77.500000
/tmp/1htiA0 77.500000
/tmp/1btmA0 77.500000
/data/pdb_release/all/pdb1ads.ent 77.500000
/data/pdb_release/all/pdb1ral.ent 90.000000
/nfs/cathdata/dompdb/1csbB2 77.500000
/nfs/cathdata/dompdb/1bmc01 95.000000
/nfs/cathdata/dompdb/1ezm01 95.000000
/nfs/cathdata/dompdb/1esp01 95.000000
/nfs/cathdata/dompdb/2tmnE1 90.000000
/nfs/cathdata/dompdb/1dhy01 95.000000
/nfs/cathdata/dompdb/1han01 95.000000
/nfs/cathdata/dompdb/1dhy02 90.000000
/nfs/cathdata/dompdb/1han02 90.000000
/data/pdb_release/all/pdb1std.ent 90.000000
/data/pdb_release/all/pdb2cba.ent 95.000000
/data/pdb_release/all/pdb1crm.ent 95.000000
/tmp/1dmxA0 95.000000
/nfs/cathdata/dompdb/1bncA3 100.000000
/nfs/cathdata/dompdb/1daaA2 90.000000
/data/pdb_release/all/pdb1gym.ent 90.000000
/nfs/cathdata/dompdb/1ami04 95.000000
/tmp/1fvpA0 90.000000
/data/pdb_release/all/pdb1nfp.ent 95.000000
/tmp/1brlB0 77.500000
/tmp/1lucA0 90.000000
/data/pdb_release/all/pdb1tml.ent 77.500000
/nfs/cathdata/dompdb/1pii02 90.000000
/nfs/cathdata/dompdb/1pii01 77.500000
/data/pdb_release/all/pdb1igs.ent 77.500000
/tmp/1wsyA0 77.500000
/nfs/cathdata/dompdb/1pkm02 77.500000
/nfs/cathdata/dompdb/1pkyA2 77.500000
/tmp/1nal10 77.500000
/tmp/1fbaA0 85.000000
/data/pdb_release/all/pdb1ald.ent 90.000000
/data/pdb_release/all/pdb1nar.ent 90.000000
/data/pdb_release/all/pdb2hvm.ent 77.500000
/data/pdb_release/all/pdb1fkb.ent 90.000000
/data/pdb_release/all/pdb1yat.ent 90.000000
/data/pdb_release/all/pdb1pbk.ent 90.000000
/data/pdb_release/all/pdb1rot.ent 95.000000
/nfs/cathdata/dompdb/1hmy02 90.000000
/tmp/2msbA0 77.500000
/data/pdb_release/all/pdb1hup.ent 77.500000
/tmp/1rtm10 77.500000
/tmp/1rdl10 77.500000
/data/pdb_release/all/pdb1aak.ent 90.000000
/data/pdb_release/all/pdb2uce.ent 90.000000
/data/pdb_release/all/pdb1ucz.ent 90.000000
/tmp/1u9aA0 90.000000
/nfs/cathdata/dompdb/1fcbA1 77.500000
/data/pdb_release/all/pdb1b5m.ent 77.500000
/data/pdb_release/all/pdb1iet.ent 52.500000
/data/pdb_release/all/pdb1cyo.ent 77.500000
/tmp/1mkaA0 77.500000
/data/pdb_release/all/pdb1onc.ent 77.500000
/data/pdb_release/all/pdb7rsa.ent 77.500000
/tmp/1bsrA0 77.500000
/data/pdb_release/all/pdb1ang.ent 77.500000
/data/pdb_release/all/pdb1agi.ent 77.500000
/nfs/cathdata/dompdb/1hpm02 90.000000
/nfs/cathdata/dompdb/2polA3 95.000000
/nfs/cathdata/dompdb/2polA2 77.500000
/nfs/cathdata/dompdb/2polA1 95.000000
/nfs/cathdata/dompdb/9pap01 70.000000
/nfs/cathdata/dompdb/1aec01 70.000000
/nfs/cathdata/dompdb/1gecE1 70.000000
/nfs/cathdata/dompdb/1ppo01 70.000000
/nfs/cathdata/dompdb/1yal01 70.000000
/nfs/cathdata/dompdb/1theA1 77.500000
/data/pdb_release/all/pdb1pgb.ent 70.000000
/data/pdb_release/all/pdb2igg.ent 65.000000
/data/pdb_release/all/pdb3fxc.ent 70.000000
/tmp/1frrA0 77.500000
/tmp/1fxiA0 70.000000
/tmp/1fxaA0 77.500000
/data/pdb_release/all/pdb1frd.ent 72.500000
/data/pdb_release/all/pdb1dox.ent 70.000000
/data/pdb_release/all/pdb1cjn.ent 75.000000
/data/pdb_release/all/pdb1doi.ent 77.500000
/data/pdb_release/all/pdb1put.ent 72.500000
/nfs/cathdata/dompdb/2pia03 70.000000
/data/pdb_release/all/pdb1ubi.ent 70.000000
/nfs/cathdata/dompdb/1lgr02 75.000000
/data/pdb_release/all/pdb1tif.ent 77.500000
/data/pdb_release/all/pdb1rfa.ent 70.000000
/tmp/1molA0 72.500000
/tmp/1stfI0 72.500000
/data/pdb_release/all/pdb1cyu.ent 72.500000
/tmp/1cewI0 72.500000
/tmp/1udiI0 72.500000
/data/pdb_release/all/pdb1fus.ent 72.500000
/data/pdb_release/all/pdb9rnt.ent 77.500000
/data/pdb_release/all/pdb1rds.ent 77.500000
/tmp/1gmpA0 72.500000
/tmp/1brnL0 77.500000
/tmp/2rbiA0 77.500000
/nfs/cathdata/dompdb/1oacA2 70.000000
/nfs/cathdata/dompdb/1prtB1 70.000000
/nfs/cathdata/dompdb/1prtC1 70.000000
/nfs/cathdata/dompdb/1ctn03 70.000000
/nfs/cathdata/dompdb/1gtrA3 77.500000
/nfs/cathdata/dompdb/1grj02 90.000000
/data/pdb_release/all/pdb1tsp.ent 90.000000
/nfs/cathdata/dompdb/1dhx01 77.500000
/nfs/cathdata/dompdb/2psg01 95.000000
/nfs/cathdata/dompdb/1mpp01 90.000000
/nfs/cathdata/dompdb/1bbs01 95.000000
/nfs/cathdata/dompdb/4cms01 100.000000
/nfs/cathdata/dompdb/1smrA1 90.000000
/nfs/cathdata/dompdb/1epmE1 90.000000
/nfs/cathdata/dompdb/1pplE1 90.000000
/nfs/cathdata/dompdb/2apr01 90.000000
/nfs/cathdata/dompdb/1psoE1 95.000000
/nfs/cathdata/dompdb/1htrB1 95.000000
/nfs/cathdata/dompdb/1jxrA1 95.000000
/nfs/cathdata/dompdb/2asi01 95.000000
/nfs/cathdata/dompdb/1smeA1 90.000000
/nfs/cathdata/dompdb/1epmE2 90.000000
/nfs/cathdata/dompdb/1pplE2 95.000000
/nfs/cathdata/dompdb/1mpp02 95.000000
/nfs/cathdata/dompdb/2asi02 95.000000
/nfs/cathdata/dompdb/2apr02 90.000000
/nfs/cathdata/dompdb/1psaA2 95.000000
/nfs/cathdata/dompdb/1lyaB2 95.000000
/nfs/cathdata/dompdb/1rne02 90.000000
/nfs/cathdata/dompdb/1cms02 90.000000
/nfs/cathdata/dompdb/1smrA2 100.000000
/nfs/cathdata/dompdb/1psoE2 95.000000
/nfs/cathdata/dompdb/1htrB2 95.000000
/nfs/cathdata/dompdb/1jxrA2 90.000000
/data/pdb_release/all/pdb2cas.ent 95.000000
/nfs/cathdata/dompdb/1rthA1 90.000000
/data/pdb_release/all/pdb1har.ent 90.000000
/nfs/cathdata/dompdb/1mml01 90.000000
/data/pdb_release/all/pdb1pgx.ent 70.000000
/data/pdb_release/all/pdb4fgf.ent 77.500000
/tmp/1afgA0 77.500000
/data/pdb_release/all/pdb1i1b.ent 82.500000
/data/pdb_release/all/pdb8i1b.ent 82.500000
/tmp/1ilr10 77.500000
/data/pdb_release/all/pdb1hcd.ent 77.500000
/data/pdb_release/all/pdb1tie.ent 77.500000
/data/pdb_release/all/pdb1wbc.ent 90.000000
/nfs/cathdata/dompdb/2aaiB2 77.500000
/nfs/cathdata/dompdb/1abrB2 77.500000
/nfs/cathdata/dompdb/2aaiB1 82.500000
/nfs/cathdata/dompdb/1abrB1 82.500000
/tmp/1msaA0 82.500000
/nfs/cathdata/dompdb/1dlc03 95.000000
/tmp/1vmoA0 77.500000
/data/pdb_release/all/pdb1hxn.ent 95.000000
/nfs/cathdata/dompdb/1fbl02 90.000000
/data/pdb_release/all/pdb1rtg.ent 95.000000
/data/pdb_release/all/pdb1pex.ent 90.000000
/data/pdb_release/all/pdb2nn9.ent 77.500000
/data/pdb_release/all/pdb2bat.ent 77.500000
/tmp/1nscA0 82.500000
/data/pdb_release/all/pdb1inv.ent 77.500000
/data/pdb_release/all/pdb1sim.ent 95.000000
/tmp/2bbkH0 90.000000
/tmp/1mdaH0 100.000000
/tmp/2madH0 0.000000
/nfs/cathdata/dompdb/1gof02 95.000000
/tmp/3aahA0 90.000000
/nfs/cathdata/dompdb/1kapP1 95.000000
/nfs/cathdata/dompdb/1sat01 95.000000
/nfs/cathdata/dompdb/1lxa01 77.500000
/data/pdb_release/all/pdb2pec.ent 90.000000
/nfs/cathdata/dompdb/2taaA2 72.500000
/nfs/cathdata/dompdb/1ppi02 82.500000
/nfs/cathdata/dompdb/1bvp12 77.500000
/data/pdb_release/all/pdb1bcx.ent 95.000000
/tmp/1enxA0 100.000000
/data/pdb_release/all/pdb1xnd.ent 100.000000
/data/pdb_release/all/pdb1xyn.ent 95.000000
/data/pdb_release/all/pdb1yna.ent 95.000000
/tmp/2pcdA0 95.000000
/tmp/2pcdM0 90.000000
/nfs/cathdata/dompdb/1dlc02 77.500000
/nfs/cathdata/dompdb/1ciy03 77.500000
/nfs/cathdata/dompdb/1ddt03 77.500000
/tmp/1gff10 95.000000
/tmp/2bpa10 90.000000
/data/pdb_release/all/pdb1jbc.ent 77.500000
/data/pdb_release/all/pdb2cna.ent 95.000000
/nfs/cathdata/dompdb/1dhx04 90.000000
/tmp/4htcI0 50.000000
/data/pdb_release/all/pdb1hic.ent 70.000000
/nfs/cathdata/dompdb/1ecl03 77.500000
/data/pdb_release/all/pdb1htp.ent 90.000000
/tmp/1dupA0 90.000000
/nfs/cathdata/dompdb/1ggtA1 77.500000
/tmp/1tsrA0 95.000000
/data/pdb_release/all/pdb1gpr.ent 95.000000
/data/pdb_release/all/pdb1f3g.ent 90.000000
/nfs/cathdata/dompdb/1aozA3 90.000000
/nfs/cathdata/dompdb/1oacA3 95.000000
/nfs/cathdata/dompdb/1bglA5 95.000000
/nfs/cathdata/dompdb/1bglA1 85.000000
/tmp/1celA0 95.000000
/tmp/1afcA0 77.500000
/tmp/2plv20 90.000000
/tmp/1rhi20 90.000000
/data/pdb_release/all/pdb1pov.ent 95.000000
/tmp/1bmv10 90.000000
/tmp/4sbvA0 82.500000
/tmp/1smvA0 77.500000
/tmp/2tbvA0 90.000000
/tmp/2bbvA0 90.000000
/tmp/1bmv20 95.000000
/tmp/1tnfA0 77.500000
/tmp/1tnrA0 77.500000
/tmp/1hlcA0 82.500000
/tmp/1sltA0 82.500000
/tmp/2ltnA0 72.500000
/tmp/1lenA0 82.500000
/tmp/1lgcA0 77.500000
/data/pdb_release/all/pdb1lte.ent 95.000000
/data/pdb_release/all/pdb1sba.ent 77.500000
/data/pdb_release/all/pdb1gsl.ent 95.000000
/tmp/2pelA0 95.000000
/tmp/1fatA0 95.000000
/tmp/1ioaA0 90.000000
/tmp/1sacA0 95.000000
/tmp/1gnhA0 90.000000
/data/pdb_release/all/pdb2ayh.ent 95.000000
/data/pdb_release/all/pdb1cpm.ent 95.000000
/data/pdb_release/all/pdb1gbg.ent 90.000000
/nfs/cathdata/dompdb/1cgt02 77.500000
/nfs/cathdata/dompdb/1cdg02 82.500000
/nfs/cathdata/dompdb/1cyg02 77.500000
/nfs/cathdata/dompdb/1ciu02 77.500000
/nfs/cathdata/dompdb/1pamA2 72.500000
/nfs/cathdata/dompdb/2aaa02 90.000000
/nfs/cathdata/dompdb/1pnf02 77.500000
/data/pdb_release/all/pdb1knb.ent 77.500000
/tmp/1sluA0 72.500000
/nfs/cathdata/dompdb/1lla02 90.000000
/nfs/cathdata/dompdb/1svb01 77.500000
/data/pdb_release/all/pdb1cyw.ent 95.000000
/nfs/cathdata/dompdb/1hcz01 90.000000
/data/pdb_release/all/pdb1thw.ent 90.000000
/tmp/1cauB0 100.000000
/nfs/cathdata/dompdb/2phlA3 77.500000
/nfs/cathdata/dompdb/2phlA2 95.000000
/data/pdb_release/all/pdb2stv.ent 95.000000
/tmp/1bbt10 72.500000
/tmp/1pov10 77.500000
/tmp/1pvc10 77.500000
/tmp/1r0910 72.500000
/tmp/1rhi10 82.500000
/tmp/1tme10 77.500000
/tmp/2mev10 72.500000
/tmp/2bpa20 77.500000
/tmp/1gff20 77.500000
/tmp/1bbt30 90.000000
/tmp/1tme30 90.000000
/tmp/2mev30 90.000000
/tmp/1r0930 95.000000
/tmp/1pov30 90.000000
/tmp/1pvc30 90.000000
/tmp/1rhi30 95.000000
/tmp/1bbt20 85.000000
/tmp/1tme20 90.000000
/tmp/2mev20 90.000000
/tmp/1r0920 85.000000
/tmp/1pvc20 90.000000
/data/pdb_release/all/pdb1arn.ent 95.000000
/tmp/1aizA0 95.000000
/data/pdb_release/all/pdb1aaj.ent 72.500000
/nfs/cathdata/dompdb/1aozA1 77.500000
/nfs/cathdata/dompdb/1aozA2 90.000000
/nfs/cathdata/dompdb/1gof03 77.500000
/nfs/cathdata/dompdb/1nif01 95.000000
/nfs/cathdata/dompdb/1afnA1 95.000000
/nfs/cathdata/dompdb/1nif02 95.000000
/nfs/cathdata/dompdb/1ntd02 90.000000
/tmp/1eta10 90.000000
/tmp/1tfpA0 77.500000
/tmp/1sxaA0 95.000000
/tmp/1srdA0 77.500000
/data/pdb_release/all/pdb1jcv.ent 95.000000
/tmp/1sosA0 95.000000
/tmp/1xsoA0 95.000000
/data/pdb_release/all/pdb1akp.ent 72.500000
/data/pdb_release/all/pdb1acx.ent 77.500000
/data/pdb_release/all/pdb1noa.ent 77.500000
/data/pdb_release/all/pdb2mcm.ent 77.500000
/nfs/cathdata/dompdb/1clc01 82.500000
/nfs/cathdata/dompdb/1ctn01 77.500000
/data/pdb_release/all/pdb1exg.ent 82.500000
/nfs/cathdata/dompdb/1bglA4 77.500000
/nfs/cathdata/dompdb/1bglA2 77.500000
/nfs/cathdata/dompdb/1svcP3 77.500000
/nfs/cathdata/dompdb/1svb04 72.500000
/nfs/cathdata/dompdb/1gof01 75.000000
/nfs/cathdata/dompdb/2sblB1 77.500000
/nfs/cathdata/dompdb/1hplA2 82.500000
/nfs/cathdata/dompdb/1lpbB2 77.500000
/nfs/cathdata/dompdb/1pgs01 77.500000
/data/pdb_release/all/pdb1ten.ent 77.500000
/nfs/cathdata/dompdb/1fnf01 72.500000
/nfs/cathdata/dompdb/1fnf02 82.500000
/nfs/cathdata/dompdb/1fnf03 82.500000
/nfs/cathdata/dompdb/1cfb01 77.500000
/nfs/cathdata/dompdb/1cfb02 77.500000
/tmp/1wapA0 75.000000
/data/pdb_release/all/pdb1ncg.ent 77.500000
/data/pdb_release/all/pdb1suh.ent 82.500000
/nfs/cathdata/dompdb/1ggtA4 72.500000
/nfs/cathdata/dompdb/1cgt04 77.500000
/nfs/cathdata/dompdb/1cdg04 77.500000
/nfs/cathdata/dompdb/1cyg04 77.500000
/data/pdb_release/all/pdb1kul.ent 72.500000
/nfs/cathdata/dompdb/1ciu04 82.500000
/nfs/cathdata/dompdb/1pamA4 77.500000
/nfs/cathdata/dompdb/1cgt03 77.500000
/nfs/cathdata/dompdb/1cdg03 77.500000
/nfs/cathdata/dompdb/1cyg03 77.500000
/nfs/cathdata/dompdb/1ciu03 77.500000
/nfs/cathdata/dompdb/1pamA3 82.500000
/data/pdb_release/all/pdb1rsy.ent 90.000000
/data/pdb_release/all/pdb1plc.ent 95.000000
/data/pdb_release/all/pdb9pcy.ent 72.500000
/data/pdb_release/all/pdb2plt.ent 95.000000
/data/pdb_release/all/pdb7pcy.ent 95.000000
/data/pdb_release/all/pdb1pla.ent 77.500000
/data/pdb_release/all/pdb1nin.ent 72.500000
/data/pdb_release/all/pdb1paz.ent 95.000000
/data/pdb_release/all/pdb1pmy.ent 95.000000
/data/pdb_release/all/pdb1zia.ent 90.000000
/tmp/1adwA0 90.000000
/tmp/1vlxA0 95.000000
/nfs/cathdata/dompdb/1vgeH1 77.500000
/nfs/cathdata/dompdb/1yuhB1 77.500000
/nfs/cathdata/dompdb/1clyH1 77.500000
/nfs/cathdata/dompdb/1kelH1 82.500000
/nfs/cathdata/dompdb/1nldH1 95.000000
/nfs/cathdata/dompdb/1ghfH1 77.500000
/nfs/cathdata/dompdb/1ospH1 77.500000
/nfs/cathdata/dompdb/1mimH1 77.500000
/nfs/cathdata/dompdb/1cloH1 82.500000
/nfs/cathdata/dompdb/1plgL1 82.500000
/nfs/cathdata/dompdb/1ghfL1 77.500000
/nfs/cathdata/dompdb/1clzL1 77.500000
/nfs/cathdata/dompdb/1kelL1 77.500000
/nfs/cathdata/dompdb/1gafL1 82.500000
/nfs/cathdata/dompdb/1iaiL1 77.500000
/nfs/cathdata/dompdb/1aifA1 72.500000
/nfs/cathdata/dompdb/1vgeL1 77.500000
/nfs/cathdata/dompdb/1nldL1 77.500000
/nfs/cathdata/dompdb/1ospL1 77.500000
/nfs/cathdata/dompdb/1mimL1 77.500000
/nfs/cathdata/dompdb/1lilA1 77.500000
/nfs/cathdata/dompdb/1cloL1 77.500000
/nfs/cathdata/dompdb/1bec01 77.500000
/nfs/cathdata/dompdb/1tcrB1 82.500000
/data/pdb_release/all/pdb1tit.ent 72.500000
/data/pdb_release/all/pdb1cid.ent 77.500000
/data/pdb_release/all/pdb3cd4.ent 77.500000
/data/pdb_release/all/pdb1hoe.ent 82.500000
/nfs/cathdata/dompdb/3hhrB1 72.500000
/nfs/cathdata/dompdb/3hhrB2 72.500000
/nfs/cathdata/dompdb/1fieA3 95.000000
/nfs/cathdata/dompdb/1hft01 90.000000
/data/pdb_release/all/pdb1ttf.ent 72.500000
/nfs/cathdata/dompdb/1hilA1 77.500000
/nfs/cathdata/dompdb/1ggbL1 77.500000
/nfs/cathdata/dompdb/1gigL1 77.500000
/nfs/cathdata/dompdb/1mfeL1 82.500000
/nfs/cathdata/dompdb/1igfL1 77.500000
/nfs/cathdata/dompdb/1lmkA2 72.500000
/nfs/cathdata/dompdb/1mcbA1 77.500000
/nfs/cathdata/dompdb/1mlbA1 77.500000
/nfs/cathdata/dompdb/3hfmL1 77.500000
/nfs/cathdata/dompdb/1opgL1 77.500000
/nfs/cathdata/dompdb/1ncaL1 77.500000
/nfs/cathdata/dompdb/1tetL1 77.500000
/nfs/cathdata/dompdb/2fb4L1 82.500000
/nfs/cathdata/dompdb/2fbjL1 72.500000
/nfs/cathdata/dompdb/6fabL1 77.500000
/nfs/cathdata/dompdb/7fabL1 72.500000
/nfs/cathdata/dompdb/8fabA1 77.500000
/nfs/cathdata/dompdb/1eapA1 77.500000
/nfs/cathdata/dompdb/1figL1 77.500000
/nfs/cathdata/dompdb/1forL1 77.500000
/nfs/cathdata/dompdb/1ibgL1 77.500000
/nfs/cathdata/dompdb/1igcL1 82.500000
/nfs/cathdata/dompdb/1jelL1 77.500000
/nfs/cathdata/dompdb/1nsnL1 77.500000
/nfs/cathdata/dompdb/2gfbA1 77.500000
/tmp/1dvfC0 82.500000
/tmp/1dvfD0 77.500000
/data/pdb_release/all/pdb1vhp.ent 77.500000
/nfs/cathdata/dompdb/1gafH1 77.500000
/nfs/cathdata/dompdb/1iaiH1 77.500000
/nfs/cathdata/dompdb/1aifB1 77.500000
/nfs/cathdata/dompdb/1ngpH1 77.500000
/nfs/cathdata/dompdb/1plgH1 77.500000
/nfs/cathdata/dompdb/1mlbB1 82.500000
/nfs/cathdata/dompdb/2cgrH1 77.500000
/nfs/cathdata/dompdb/1eapB1 77.500000
/nfs/cathdata/dompdb/1faiH1 95.000000
/nfs/cathdata/dompdb/1fbiH1 82.500000
/nfs/cathdata/dompdb/1figH1 77.500000
/nfs/cathdata/dompdb/1forH1 82.500000
/nfs/cathdata/dompdb/1fptH1 77.500000
/nfs/cathdata/dompdb/1frgH1 77.500000
/nfs/cathdata/dompdb/1gigH1 77.500000
/nfs/cathdata/dompdb/1ibgH1 77.500000
/nfs/cathdata/dompdb/1igcH1 77.500000
/nfs/cathdata/dompdb/1igjB1 77.500000
/nfs/cathdata/dompdb/1ikfH1 77.500000
/nfs/cathdata/dompdb/1jelH1 72.500000
/nfs/cathdata/dompdb/1mrcH1 77.500000
/nfs/cathdata/dompdb/1nsnH1 77.500000
/nfs/cathdata/dompdb/1opgH1 72.500000
/nfs/cathdata/dompdb/1rmfH1 77.500000
/nfs/cathdata/dompdb/2fgwH1 77.500000
/nfs/cathdata/dompdb/2gfbB1 77.500000
/nfs/cathdata/dompdb/6fabH1 77.500000
/nfs/cathdata/dompdb/1acyL1 77.500000
/nfs/cathdata/dompdb/1bafL1 77.500000
/nfs/cathdata/dompdb/1bbdL1 82.500000
/nfs/cathdata/dompdb/1bqlL1 77.500000
/nfs/cathdata/dompdb/2cgrL1 77.500000
/nfs/cathdata/dompdb/1dbbL1 77.500000
/nfs/cathdata/dompdb/1dfbL1 77.500000
/nfs/cathdata/dompdb/1faiL1 72.500000
/nfs/cathdata/dompdb/1mamL1 72.500000
/nfs/cathdata/dompdb/1ikfL1 77.500000
/nfs/cathdata/dompdb/1frgL1 77.500000
/tmp/1wtlA0 77.500000
/tmp/1breA0 82.500000
/tmp/1fvcB0 77.500000
/tmp/1jhlH0 77.500000
/tmp/1vfaB0 77.500000
/tmp/1igmH0 82.500000
/tmp/1mfaL0 0.000000
/tmp/1fgvH0 77.500000
/tmp/1nmaH0 82.500000
/tmp/2bjl10 77.500000
/nfs/cathdata/dompdb/8fabB1 72.500000
/nfs/cathdata/dompdb/2fb4H1 77.500000
/nfs/cathdata/dompdb/1acyH1 77.500000
/nfs/cathdata/dompdb/1bbdH1 77.500000
/nfs/cathdata/dompdb/2hflH1 82.500000
/nfs/cathdata/dompdb/2fbjH1 82.500000
/nfs/cathdata/dompdb/1hilB1 82.500000
/nfs/cathdata/dompdb/1nbvH1 72.500000
/nfs/cathdata/dompdb/7fabH1 77.500000
/nfs/cathdata/dompdb/1indH1 72.500000
/nfs/cathdata/dompdb/1tetH1 77.500000
/nfs/cathdata/dompdb/1mamH1 77.500000
/nfs/cathdata/dompdb/1ncaH1 77.500000
/nfs/cathdata/dompdb/1dbbH1 82.500000
/nfs/cathdata/dompdb/1dfbH1 77.500000
/nfs/cathdata/dompdb/1flrH1 77.500000
/nfs/cathdata/dompdb/1ggbH1 77.500000
/nfs/cathdata/dompdb/1igfH1 77.500000
/nfs/cathdata/dompdb/1bafH1 82.500000
/nfs/cathdata/dompdb/3hfmH1 77.500000
/nfs/cathdata/dompdb/1mcpH1 77.500000
/nfs/cathdata/dompdb/1lmkA1 77.500000
/nfs/cathdata/dompdb/1mfbH1 77.500000
/nfs/cathdata/dompdb/1fc2D2 95.000000
/nfs/cathdata/dompdb/1gigL2 95.000000
/nfs/cathdata/dompdb/1kelL2 85.000000
/nfs/cathdata/dompdb/1gafL2 95.000000
/nfs/cathdata/dompdb/2fb4L2 95.000000
/nfs/cathdata/dompdb/1yuhB2 65.000000
/nfs/cathdata/dompdb/1clzH2 77.500000
/nfs/cathdata/dompdb/1fc2D1 95.000000
/nfs/cathdata/dompdb/1fruA2 77.500000
/tmp/1hsbB0 72.500000
/tmp/1mhcB0 72.500000
/tmp/1fruB0 72.500000
/data/pdb_release/all/pdb1bmg.ent 77.500000
/nfs/cathdata/dompdb/1dlhA2 72.500000
/nfs/cathdata/dompdb/1sebB2 77.500000
/nfs/cathdata/dompdb/1bec02 90.000000
/nfs/cathdata/dompdb/1vcaA2 77.500000
/data/pdb_release/all/pdb1tnm.ent 82.500000
/nfs/cathdata/dompdb/1vcaA1 77.500000
/data/pdb_release/all/pdb1tlk.ent 72.500000
/nfs/cathdata/dompdb/1hft02 95.000000
/data/pdb_release/all/pdb1cd8.ent 77.500000
/nfs/cathdata/dompdb/1igjA1 77.500000
/tmp/1nmbL0 77.500000
/data/pdb_release/all/pdb2rhe.ent 77.500000
/tmp/1fgvL0 77.500000
/data/pdb_release/all/pdb2imn.ent 77.500000
/tmp/1reiA0 82.500000
/tmp/1fvcA0 77.500000
/tmp/1igmL0 77.500000
/tmp/1jhlL0 82.500000
/tmp/1ivlA0 77.500000
/tmp/1vfaA0 77.500000
/data/pdb_release/all/pdb1pho.ent 95.000000
/data/pdb_release/all/pdb1omf.ent 95.000000
/data/pdb_release/all/pdb3bcl.ent 100.000000
/nfs/cathdata/dompdb/1amm01 77.500000
/nfs/cathdata/dompdb/1amm02 77.500000
/nfs/cathdata/dompdb/2bb202 82.500000
/nfs/cathdata/dompdb/2gcr01 72.500000
/nfs/cathdata/dompdb/2gcr02 77.500000
/nfs/cathdata/dompdb/1elpA1 72.500000
/nfs/cathdata/dompdb/1elpA2 82.500000
/nfs/cathdata/dompdb/2bb201 77.500000
/nfs/cathdata/dompdb/1prr01 100.000000
/nfs/cathdata/dompdb/1prr02 90.000000
/tmp/1mdaL0 77.500000
/tmp/2bbkL0 75.000000
/data/pdb_release/all/pdb1cdb.ent 72.500000
/nfs/cathdata/dompdb/1hngA1 77.500000
/tmp/1cdcA0 77.500000
/nfs/cathdata/dompdb/1hnf02 72.500000
/nfs/cathdata/dompdb/1hngA2 77.500000
/tmp/1mfaH0 0.000000
/nfs/cathdata/dompdb/2fbjH2 72.500000
/nfs/cathdata/dompdb/1mcpH2 72.500000
/nfs/cathdata/dompdb/1hocA2 72.500000
/nfs/cathdata/dompdb/1hsaA2 77.500000
/nfs/cathdata/dompdb/1vaaA2 72.500000
/nfs/cathdata/dompdb/1hsbA2 77.500000
/nfs/cathdata/dompdb/1mhcA2 75.000000
/nfs/cathdata/dompdb/8fabB2 95.000000
/nfs/cathdata/dompdb/1kelH2 72.500000
/nfs/cathdata/dompdb/1bbdH2 90.000000
/nfs/cathdata/dompdb/1ospH2 77.500000
/nfs/cathdata/dompdb/1eapB2 77.500000
/tmp/1lopA0 90.000000
/data/pdb_release/all/pdb2cpl.ent 90.000000
/tmp/1cynA0 95.000000
/tmp/2rmcA0 95.000000
/nfs/cathdata/dompdb/1bucA2 90.000000
/nfs/cathdata/dompdb/3mddA2 90.000000
/nfs/cathdata/dompdb/1kxf02 77.500000
/nfs/cathdata/dompdb/1vcpA2 77.500000
/tmp/1smpI0 95.000000
/nfs/cathdata/dompdb/1svcP1 72.500000
/tmp/1sriA0 77.500000
/tmp/1avdA0 77.500000
/data/pdb_release/all/pdb1hbq.ent 90.000000
/data/pdb_release/all/pdb1rbp.ent 90.000000
/tmp/1epaA0 95.000000
/tmp/1bbpA0 90.000000
/data/pdb_release/all/pdb1mup.ent 90.000000
/data/pdb_release/all/pdb1ifc.ent 77.500000
/data/pdb_release/all/pdb1hmr.ent 77.500000
/tmp/1opaA0 77.500000
/data/pdb_release/all/pdb1adl.ent 77.500000
/data/pdb_release/all/pdb1crb.ent 77.500000
/tmp/1cbiA0 77.500000
/tmp/1ftpA0 77.500000
/data/pdb_release/all/pdb1cbs.ent 77.500000
/tmp/1pmpA0 77.500000
/data/pdb_release/all/pdb1mdc.ent 77.500000
/nfs/cathdata/dompdb/7catA1 95.000000
/data/pdb_release/all/pdb1cae.ent 95.000000
/nfs/cathdata/dompdb/1dar02 77.500000
/nfs/cathdata/dompdb/1gtrA4 82.500000
/data/pdb_release/all/pdb1prn.ent 90.000000
/data/pdb_release/all/pdb2por.ent 95.000000
/nfs/cathdata/dompdb/1ppfE1 77.500000
/nfs/cathdata/dompdb/1svpA1 77.500000
/nfs/cathdata/dompdb/1vcpA1 70.000000
/nfs/cathdata/dompdb/1sgt02 90.000000
/nfs/cathdata/dompdb/1hylA1 90.000000
/nfs/cathdata/dompdb/1try02 90.000000
/nfs/cathdata/dompdb/1sgpE1 95.000000
/nfs/cathdata/dompdb/1hpgA1 95.000000
/nfs/cathdata/dompdb/2sga01 95.000000
/nfs/cathdata/dompdb/2alp01 95.000000
/nfs/cathdata/dompdb/1tal01 90.000000
/nfs/cathdata/dompdb/2sfa01 95.000000
/nfs/cathdata/dompdb/1arb02 95.000000
/nfs/cathdata/dompdb/1hylA2 72.500000
/nfs/cathdata/dompdb/1sgpE2 77.500000
/nfs/cathdata/dompdb/1gbaA2 75.000000
/nfs/cathdata/dompdb/1hpgA2 82.500000
/nfs/cathdata/dompdb/2sga02 82.500000
/nfs/cathdata/dompdb/1tal02 82.500000
/nfs/cathdata/dompdb/2sfa02 77.500000
/nfs/cathdata/dompdb/1arb01 82.500000
/nfs/cathdata/dompdb/1cnd01 90.000000
/nfs/cathdata/dompdb/1ndh01 90.000000
/nfs/cathdata/dompdb/2pia01 90.000000
/nfs/cathdata/dompdb/1fnb01 90.000000
/nfs/cathdata/dompdb/1que01 90.000000
/nfs/cathdata/dompdb/1pkm03 75.000000
/nfs/cathdata/dompdb/1pkn03 72.500000
/nfs/cathdata/dompdb/1pkyA3 95.000000
/nfs/cathdata/dompdb/1pkyC3 70.000000
/nfs/cathdata/dompdb/1eft02 77.500000
/nfs/cathdata/dompdb/1efuA2 77.500000
/data/pdb_release/all/pdb1clh.ent 95.000000
/tmp/1tcwA0 90.000000
/tmp/1cpiA0 90.000000
/tmp/2rspA0 90.000000
/nfs/cathdata/dompdb/1pnkB3 77.500000
/nfs/cathdata/dompdb/1eft03 82.500000
/nfs/cathdata/dompdb/1efuA3 77.500000
/tmp/1ucyE0 90.000000
/tmp/1aksB0 95.000000
/tmp/2pkaB0 90.000000
/nfs/cathdata/dompdb/1hcgA1 75.000000
/nfs/cathdata/dompdb/1thsH1 72.500000
/nfs/cathdata/dompdb/1brbE1 72.500000
/nfs/cathdata/dompdb/4ptp01 75.000000
/nfs/cathdata/dompdb/1mctA1 72.500000
/nfs/cathdata/dompdb/1etrH1 72.500000
/nfs/cathdata/dompdb/1bit01 75.000000
/nfs/cathdata/dompdb/1trnA1 70.000000
/nfs/cathdata/dompdb/1try01 75.000000
/nfs/cathdata/dompdb/5chaA1 72.500000
/nfs/cathdata/dompdb/1sgt01 72.500000
/nfs/cathdata/dompdb/1lmwB1 75.000000
/nfs/cathdata/dompdb/1elg01 72.500000
/nfs/cathdata/dompdb/1elt01 70.000000
/nfs/cathdata/dompdb/1ton01 77.500000
/tmp/1mtnC0 95.000000
/nfs/cathdata/dompdb/1tbs01 72.500000
/nfs/cathdata/dompdb/1pfxC1 82.500000
/nfs/cathdata/dompdb/1fonA1 72.500000
/nfs/cathdata/dompdb/1pytD1 72.500000
/nfs/cathdata/dompdb/1rtfB1 82.500000
/nfs/cathdata/dompdb/1fujA1 82.500000
/nfs/cathdata/dompdb/1dst01 75.000000
/nfs/cathdata/dompdb/3rp2A1 82.500000
/tmp/1ceaA0 50.000000
/tmp/1pmlA0 52.500000
/data/pdb_release/all/pdb1kdu.ent 52.500000
/data/pdb_release/all/pdb1krn.ent 50.000000
/data/pdb_release/all/pdb1bw3.ent 77.500000
/tmp/1ihvA0 77.500000
/nfs/cathdata/dompdb/1hcz02 70.000000
/data/pdb_release/all/pdb1lab.ent 75.000000
/data/pdb_release/all/pdb1bdo.ent 77.500000
/data/pdb_release/all/pdb1afp.ent 70.000000
/tmp/1bovA0 95.000000
/data/pdb_release/all/pdb1mjc.ent 77.500000
/data/pdb_release/all/pdb1csp.ent 77.500000
/data/pdb_release/all/pdb1krs.ent 67.500000
/nfs/cathdata/dompdb/1lylA1 90.000000
/nfs/cathdata/dompdb/1asyA1 95.000000
/data/pdb_release/all/pdb1bgh.ent 77.500000
/data/pdb_release/all/pdb1rip.ent 0.000000
/tmp/1prtD0 90.000000
/tmp/1prtF0 95.000000
/nfs/cathdata/dompdb/1tssA2 77.500000
/nfs/cathdata/dompdb/1prtB2 90.000000
/nfs/cathdata/dompdb/1prtC2 95.000000
/tmp/1ltsD0 90.000000
/tmp/1chbD0 95.000000
/data/pdb_release/all/pdb2sns.ent 95.000000
/nfs/cathdata/dompdb/1bco02 77.500000
/nfs/cathdata/dompdb/1esfA1 95.000000
/nfs/cathdata/dompdb/1sebD1 95.000000
/nfs/cathdata/dompdb/1se201 85.000000
/tmp/1fivA0 90.000000
/tmp/1idaA0 90.000000
/tmp/1hivA0 90.000000
/data/pdb_release/all/pdb1dro.ent 75.000000
/nfs/cathdata/dompdb/1hleA1 90.000000
/nfs/cathdata/dompdb/1ovaA1 95.000000
/nfs/cathdata/dompdb/1kauC1 77.500000
/nfs/cathdata/dompdb/2kauC1 77.500000
/tmp/1ucyH0 95.000000
/nfs/cathdata/dompdb/3rp2A2 90.000000
/nfs/cathdata/dompdb/1ihsH2 95.000000
/nfs/cathdata/dompdb/1gctA2 95.000000
/nfs/cathdata/dompdb/1elg02 95.000000
/nfs/cathdata/dompdb/1brbE2 90.000000
/nfs/cathdata/dompdb/4ptp02 85.000000
/nfs/cathdata/dompdb/1elt02 95.000000
/nfs/cathdata/dompdb/1hneE2 90.000000
/nfs/cathdata/dompdb/1mctA2 95.000000
/nfs/cathdata/dompdb/1etrH2 90.000000
/nfs/cathdata/dompdb/1bit02 90.000000
/nfs/cathdata/dompdb/1trnA2 90.000000
/nfs/cathdata/dompdb/1ton02 90.000000
/tmp/2pkaA0 82.500000
/tmp/1mtnB0 77.500000
/tmp/1aksA0 82.500000
/nfs/cathdata/dompdb/1tbs02 90.000000
/nfs/cathdata/dompdb/1pfxC2 90.000000
/nfs/cathdata/dompdb/1fonA2 90.000000
/nfs/cathdata/dompdb/1pytD2 90.000000
/nfs/cathdata/dompdb/1fujA2 90.000000
/nfs/cathdata/dompdb/1rtfB2 90.000000
/nfs/cathdata/dompdb/1dst02 100.000000
/nfs/cathdata/dompdb/1hcgA2 90.000000
/nfs/cathdata/dompdb/1lmwB2 90.000000
/data/pdb_release/all/pdb1pk4.ent 50.000000
/data/pdb_release/all/pdb2pf1.ent 50.000000
/data/pdb_release/all/pdb1ahl.ent 50.000000
/data/pdb_release/all/pdb1atx.ent 72.500000
/data/pdb_release/all/pdb1sh1.ent 72.500000
/data/pdb_release/all/pdb1apf.ent 50.000000
/nfs/cathdata/dompdb/1dar03 70.000000
/nfs/cathdata/dompdb/1elo03 25.000000
/data/pdb_release/all/pdb1tfi.ent 70.000000
/tmp/4sgbI0 75.000000
/data/pdb_release/all/pdb1tih.ent 70.000000
/nfs/cathdata/dompdb/1raaB2 95.000000
/nfs/cathdata/dompdb/2atcB2 0.000000
/nfs/cathdata/dompdb/1ytfD2 75.000000
/tmp/1ytfC0 70.000000
/data/pdb_release/all/pdb1sso.ent 90.000000
/data/pdb_release/all/pdb1sap.ent 95.000000
/data/pdb_release/all/pdb1hsp.ent 0.000000
/data/pdb_release/all/pdb1gfc.ent 50.000000
/tmp/1aboA0 77.500000
/tmp/1cskA0 75.000000
/tmp/1ckaA0 72.500000
/tmp/1gbrA0 77.500000
/data/pdb_release/all/pdb1shg.ent 82.500000
/tmp/1shfA0 82.500000
/tmp/1nloC0 70.000000
/data/pdb_release/all/pdb1pnj.ent 77.500000
/tmp/1semA0 82.500000
/nfs/cathdata/dompdb/1lckA1 77.500000
/data/pdb_release/all/pdb1tud.ent 77.500000
/data/pdb_release/all/pdb1tuc.ent 82.500000
/nfs/cathdata/dompdb/1ad5A1 72.500000
/data/pdb_release/all/pdb1pls.ent 90.000000
/tmp/1dynA0 95.000000
/data/pdb_release/all/pdb1btn.ent 90.000000
/tmp/1tgxA0 72.500000
/data/pdb_release/all/pdb1nea.ent 72.500000
/data/pdb_release/all/pdb1nor.ent 72.500000
/data/pdb_release/all/pdb1ntx.ent 72.500000
/data/pdb_release/all/pdb1fas.ent 77.500000
/tmp/1cdtA0 77.500000
/data/pdb_release/all/pdb2crs.ent 77.500000
/data/pdb_release/all/pdb1ntn.ent 90.000000
/data/pdb_release/all/pdb1tfs.ent 72.500000
/data/pdb_release/all/pdb1lsi.ent 70.000000
/nfs/cathdata/dompdb/1psi01 90.000000
/nfs/cathdata/dompdb/2achA2 90.000000
/tmp/1bi6H0 50.000000
/data/pdb_release/all/pdb1tpm.ent 77.500000
/nfs/cathdata/dompdb/1hfh01 70.000000
/data/pdb_release/all/pdb1hcc.ent 72.500000
/tmp/1lpbA0 65.000000
/nfs/cathdata/dompdb/1antI1 90.000000
/tmp/1hcnB0 72.500000
/tmp/1hcnA0 90.000000
/tmp/1pdgA0 77.500000
/data/pdb_release/all/pdb2tgi.ent 90.000000
/tmp/1klaA0 70.000000
/data/pdb_release/all/pdb1tgj.ent 95.000000
/data/pdb_release/all/pdb1bet.ent 72.500000
/tmp/1bndA0 77.500000
/tmp/1bndB0 77.500000
/data/pdb_release/all/pdb1fbr.ent 77.500000
/tmp/1umuA0 77.500000
/data/pdb_release/all/pdb1ctl.ent 90.000000
/data/pdb_release/all/pdb1iml.ent 90.000000
/nfs/cathdata/dompdb/1extB1 72.500000
/tmp/2kauB0 72.500000
/tmp/1rprA0 27.500000
/tmp/1fc2C0 32.500000
/tmp/1spzZ0 30.000000
/data/pdb_release/all/pdb1edi.ent 35.000000
/data/pdb_release/all/pdb2pdd.ent 27.500000
/data/pdb_release/all/pdb1bal.ent 32.500000
/tmp/1csbA0 27.500000
/tmp/1htrP0 32.500000
/nfs/cathdata/dompdb/1ilk02 35.000000
/data/pdb_release/all/pdb1bha.ent 35.000000
/nfs/cathdata/dompdb/1grj01 60.000000
/nfs/cathdata/dompdb/1sesA1 37.500000
/data/pdb_release/all/pdb1pdc.ent 50.000000
/tmp/2achB0 50.000000
/data/pdb_release/all/pdb1egf.ent 50.000000
/data/pdb_release/all/pdb1apo.ent 0.000000
/data/pdb_release/all/pdb1fsb.ent 50.000000
/data/pdb_release/all/pdb1hre.ent 0.000000
/data/pdb_release/all/pdb1yuf.ent 50.000000
/tmp/1hcgB0 72.500000
/data/pdb_release/all/pdb1ata.ent 72.500000
/nfs/cathdata/dompdb/1ncfA2 72.500000
/data/pdb_release/all/pdb1cdq.ent 70.000000
/tmp/1kbaA0 90.000000
/tmp/2abxA0 0.000000
/tmp/1abtA0 50.000000
/data/pdb_release/all/pdb3ebx.ent 77.500000
/data/pdb_release/all/pdb2ctx.ent 72.500000
/data/pdb_release/all/pdb2cdx.ent 70.000000
/tmp/1kxiA0 77.500000
/data/pdb_release/all/pdb1cre.ent 50.000000
/data/pdb_release/all/pdb1cod.ent 77.500000
/data/pdb_release/all/pdb1drs.ent 77.500000
/data/pdb_release/all/pdb1lki.ent 37.500000
/tmp/3inkC0 60.000000
/data/pdb_release/all/pdb1hgu.ent 37.500000
/data/pdb_release/all/pdb1huw.ent 42.500000
/tmp/3hhrA0 42.500000
/data/pdb_release/all/pdb1lpt.ent 37.500000
/data/pdb_release/all/pdb1lip.ent 37.500000
/data/pdb_release/all/pdb1mzm.ent 37.500000
/data/pdb_release/all/pdb1hyp.ent 40.000000
/nfs/cathdata/dompdb/1dlc01 42.500000
/nfs/cathdata/dompdb/1ciy01 42.500000
/tmp/1etrL0 25.000000
/tmp/1tbrJ0 32.500000
/tmp/3aahB0 25.000000
/tmp/4aahB0 25.000000
/tmp/1olgA0 25.000000
/tmp/2bbvD0 25.000000
/data/pdb_release/all/pdb2ifo.ent 25.000000
/tmp/1pfiA0 27.500000
/tmp/1junA0 25.000000
/data/pdb_release/all/pdb1tvs.ent 37.500000
/tmp/1ysaC0 25.000000
/data/pdb_release/all/pdb1aml.ent 32.500000
/data/pdb_release/all/pdb125d.ent 32.500000
/data/pdb_release/all/pdb1cld.ent 27.500000
/tmp/1d66A0 35.000000
/data/pdb_release/all/pdb1pyc.ent 27.500000
/nfs/cathdata/dompdb/1poxA4 27.500000
/tmp/1ltsC0 32.500000
/tmp/1xtcC0 32.500000
/tmp/1scmA0 32.500000
/tmp/1mdyB0 27.500000
/data/pdb_release/all/pdb1bct.ent 32.500000
/nfs/cathdata/dompdb/1pcrL2 42.500000
/nfs/cathdata/dompdb/1prcL2 42.500000
/nfs/cathdata/dompdb/1pcrM2 42.500000
/nfs/cathdata/dompdb/1prcM2 42.500000
/nfs/cathdata/dompdb/1dik05 37.500000
/tmp/1bcfA0 42.500000
/data/pdb_release/all/pdb1fha.ent 42.500000
/data/pdb_release/all/pdb1ier.ent 42.500000
/data/pdb_release/all/pdb1rcc.ent 42.500000
/tmp/2ccyA0 37.500000
/data/pdb_release/all/pdb1cpq.ent 40.000000
/tmp/1bbhA0 37.500000
/data/pdb_release/all/pdb1cgn.ent 37.500000
/data/pdb_release/all/pdb1lpe.ent 42.500000
/data/pdb_release/all/pdb2asr.ent 37.500000
/data/pdb_release/all/pdb1vls.ent 42.500000
/data/pdb_release/all/pdb1aep.ent 37.500000
/tmp/256bA0 37.500000
/tmp/2hmqA0 37.500000
/data/pdb_release/all/pdb2mhr.ent 37.500000
/tmp/2tmvP0 60.000000
/tmp/1rmvA0 37.500000
/nfs/cathdata/dompdb/2ilk01 37.500000
/nfs/cathdata/dompdb/1vlk01 42.500000
/nfs/cathdata/dompdb/1bucA3 42.500000
/nfs/cathdata/dompdb/3mddA3 42.500000
/nfs/cathdata/dompdb/1chkA1 52.500000
/data/pdb_release/all/pdb1lis.ent 37.500000
/data/pdb_release/all/pdb1rcb.ent 60.000000
/tmp/1gmfA0 60.000000
/tmp/1bgeA0 37.500000
/tmp/1rhgA0 40.000000
/data/pdb_release/all/pdb1bgc.ent 37.500000
/nfs/cathdata/dompdb/1whtA2 30.000000
/data/pdb_release/all/pdb2erl.ent 30.000000
/nfs/cathdata/dompdb/1ytfD1 27.500000
/nfs/cathdata/dompdb/1mtyG1 30.000000
/nfs/cathdata/dompdb/1mhyG1 30.000000
/tmp/1ecmA0 35.000000
/nfs/cathdata/dompdb/1lxa02 37.500000
/data/pdb_release/all/pdb1acp.ent 40.000000
/data/pdb_release/all/pdb1aca.ent 37.500000
/nfs/cathdata/dompdb/1pcrM1 42.500000
/nfs/cathdata/dompdb/1prcM1 32.500000
/nfs/cathdata/dompdb/1pcrL1 72.500000
/nfs/cathdata/dompdb/1prcL1 42.500000
/nfs/cathdata/dompdb/3sdpA1 30.000000
/nfs/cathdata/dompdb/1mngA1 40.000000
/nfs/cathdata/dompdb/1svcP2 35.000000
/nfs/cathdata/dompdb/1nfkA2 32.500000
/nfs/cathdata/dompdb/1mtyG2 37.500000
/nfs/cathdata/dompdb/1mhyG2 37.500000
/nfs/cathdata/dompdb/2minB4 30.000000
/nfs/cathdata/dompdb/1mioB3 42.500000
/data/pdb_release/all/pdb1poc.ent 70.000000
/data/pdb_release/all/pdb1ppa.ent 40.000000
/data/pdb_release/all/pdb1poa.ent 77.500000
/data/pdb_release/all/pdb4bp2.ent 72.500000
/data/pdb_release/all/pdb1pod.ent 72.500000
/tmp/3p2pA0 72.500000
/tmp/1pp2L0 72.500000
/tmp/1clpA0 72.500000
/tmp/1bunA0 77.500000
/data/pdb_release/all/pdb1psj.ent 77.500000
/data/pdb_release/all/pdb1ae7.ent 77.500000
/nfs/cathdata/dompdb/1bmtA1 42.500000
/data/pdb_release/all/pdb1lmq.ent 77.500000
/data/pdb_release/all/pdb1jug.ent 77.500000
/data/pdb_release/all/pdb119l.ent 90.000000
/nfs/cathdata/dompdb/1bucA1 42.500000
/nfs/cathdata/dompdb/3mddA1 42.500000
/nfs/cathdata/dompdb/1oxa02 40.000000
/nfs/cathdata/dompdb/1grl01 75.000000
/nfs/cathdata/dompdb/1aorA2 90.000000
/nfs/cathdata/dompdb/2pgd02 47.500000
/nfs/cathdata/dompdb/1dnpA3 42.500000
/nfs/cathdata/dompdb/1csc01 72.500000
/tmp/1csmA0 42.500000
/nfs/cathdata/dompdb/1aorA3 42.500000
/data/pdb_release/all/pdb1fps.ent 47.500000
/nfs/cathdata/dompdb/1clc02 77.500000
/tmp/1ribA0 72.500000
/tmp/1mmoB0 42.500000
/tmp/1mhyB0 47.500000
/nfs/cathdata/dompdb/1cpt02 70.000000
/data/pdb_release/all/pdb1phb.ent 90.000000
/tmp/2bmhA0 95.000000
/nfs/cathdata/dompdb/1lla01 75.000000
/tmp/1mhlC0 77.500000
/tmp/1mtyD0 77.500000
/tmp/1mhyD0 77.500000
/nfs/cathdata/dompdb/2sblB2 95.000000
/data/pdb_release/all/pdb1lnh.ent 90.000000
/data/pdb_release/all/pdb1ehs.ent 32.500000
/tmp/2spcA0 27.500000
/tmp/1ytfB0 32.500000
/nfs/cathdata/dompdb/1pnkA2 27.500000
/data/pdb_release/all/pdb1aty.ent 35.000000
/nfs/cathdata/dompdb/1dloA3 77.500000
/tmp/1ithA0 42.500000
/tmp/1cpcA0 42.500000
/tmp/1cpcB0 42.500000
/tmp/1allA0 42.500000
/tmp/1allB0 42.500000
/tmp/1colA0 47.500000
/nfs/cathdata/dompdb/1ddt02 47.500000
/nfs/cathdata/dompdb/3blm02 77.500000
/nfs/cathdata/dompdb/1mblA2 57.500000
/nfs/cathdata/dompdb/1btl02 42.500000
/nfs/cathdata/dompdb/1ckiA2 42.500000
/nfs/cathdata/dompdb/1csn02 42.500000
/nfs/cathdata/dompdb/1apmE1 77.500000
/nfs/cathdata/dompdb/1irk02 72.500000
/nfs/cathdata/dompdb/1ad5A4 72.500000
/nfs/cathdata/dompdb/1aru01 42.500000
/nfs/cathdata/dompdb/1llp01 42.500000
/nfs/cathdata/dompdb/1mnp01 42.500000
/nfs/cathdata/dompdb/1qpaA1 47.500000
/nfs/cathdata/dompdb/1cca01 42.500000
/nfs/cathdata/dompdb/1apxA1 42.500000
/nfs/cathdata/dompdb/1schA1 40.000000
/data/pdb_release/all/pdb153l.ent 37.500000
/data/pdb_release/all/pdb1baa.ent 60.000000
/nfs/cathdata/dompdb/1cnsA1 42.500000
/data/pdb_release/all/pdb135l.ent 77.500000
/data/pdb_release/all/pdb2ihl.ent 77.500000
/data/pdb_release/all/pdb1lz1.ent 75.000000
/data/pdb_release/all/pdb1hhl.ent 75.000000
/tmp/1ghlA0 75.000000
/data/pdb_release/all/pdb2eql.ent 77.500000
/data/pdb_release/all/pdb1alc.ent 77.500000
/data/pdb_release/all/pdb1hml.ent 77.500000
/tmp/1thbA0 42.500000
/tmp/1hdsA0 47.500000
/tmp/1hdsB0 42.500000
/tmp/2mhbA0 47.500000
/tmp/1fdhG0 42.500000
/tmp/1hbhA0 37.500000
/tmp/1hdaA0 42.500000
/tmp/1babB0 42.500000
/data/pdb_release/all/pdb2lhb.ent 42.500000
/tmp/1hbhB0 42.500000
/tmp/1hdaB0 42.500000
/tmp/1pghA0 42.500000
/tmp/1pghB0 47.500000
/tmp/1ibeB0 42.500000
/tmp/1outA0 42.500000
/tmp/1outB0 42.500000
/tmp/1spgA0 42.500000
/tmp/1spgB0 42.500000
/data/pdb_release/all/pdb1flp.ent 42.500000
/data/pdb_release/all/pdb1lhs.ent 47.500000
/data/pdb_release/all/pdb1bvd.ent 42.500000
/data/pdb_release/all/pdb1ymb.ent 42.500000
/data/pdb_release/all/pdb1mbs.ent 42.500000
/data/pdb_release/all/pdb2mm1.ent 40.000000
/data/pdb_release/all/pdb1emy.ent 42.500000
/tmp/1mygA0 42.500000
/data/pdb_release/all/pdb1myt.ent 47.500000
/data/pdb_release/all/pdb1eca.ent 42.500000
/tmp/1sctA0 42.500000
/tmp/1sctB0 47.500000
/tmp/3sdhA0 40.000000
/data/pdb_release/all/pdb1mba.ent 42.500000
/data/pdb_release/all/pdb1ash.ent 47.500000
/nfs/cathdata/dompdb/1fcdC2 42.500000
/tmp/2mtaC0 42.500000
/nfs/cathdata/dompdb/2abk02 42.500000
/nfs/cathdata/dompdb/1npc02 77.500000
/nfs/cathdata/dompdb/1ezm02 42.500000
/nfs/cathdata/dompdb/2tmnE2 77.500000
/nfs/cathdata/dompdb/1dnpA2 42.500000
/nfs/cathdata/dompdb/1gia02 42.500000
/nfs/cathdata/dompdb/1tadA2 42.500000
/nfs/cathdata/dompdb/7catA2 47.500000
/nfs/cathdata/dompdb/1cca02 77.500000
/nfs/cathdata/dompdb/1apxA2 37.500000
/nfs/cathdata/dompdb/1aru02 42.500000
/nfs/cathdata/dompdb/1llp02 42.500000
/nfs/cathdata/dompdb/1mnp02 42.500000
/nfs/cathdata/dompdb/1qpaA2 40.000000
/nfs/cathdata/dompdb/1schA2 57.500000
/tmp/1rfbA0 42.500000
/nfs/cathdata/dompdb/1pnkA1 77.500000
/data/pdb_release/all/pdb1end.ent 32.500000
/nfs/cathdata/dompdb/1gly01 77.500000
/nfs/cathdata/dompdb/1ecl02 72.500000
/data/pdb_release/all/pdb1sra.ent 47.500000
/nfs/cathdata/dompdb/1prcC2 42.500000
/nfs/cathdata/dompdb/1prcC1 40.000000
/nfs/cathdata/dompdb/1vsgA2 42.500000
/nfs/cathdata/dompdb/1gly02 55.000000
/nfs/cathdata/dompdb/1pnkB4 52.500000
/data/pdb_release/all/pdb1hlm.ent 42.500000
/data/pdb_release/all/pdb1hlb.ent 42.500000
/data/pdb_release/all/pdb1hbg.ent 42.500000
/data/pdb_release/all/pdb1gdj.ent 37.500000
/tmp/1binA0 47.500000
/nfs/cathdata/dompdb/1osa02 42.500000
/nfs/cathdata/dompdb/1wdcC2 60.000000
/nfs/cathdata/dompdb/1tnw02 37.500000
/tmp/1cnpA0 37.500000
/tmp/1symA0 40.000000
/tmp/1tcoB0 42.500000
/nfs/cathdata/dompdb/1scmC1 40.000000
/nfs/cathdata/dompdb/1wdcB1 37.500000
/nfs/cathdata/dompdb/1rec01 0.000000
/nfs/cathdata/dompdb/1rec02 42.500000
/data/pdb_release/all/pdb2sas.ent 42.500000
/tmp/2scpA0 42.500000
/data/pdb_release/all/pdb155c.ent 57.500000
/data/pdb_release/all/pdb1ycc.ent 47.500000
/data/pdb_release/all/pdb1ccr.ent 42.500000
/tmp/5cytR0 42.500000
/data/pdb_release/all/pdb1yeb.ent 42.500000
/data/pdb_release/all/pdb1hrc.ent 42.500000
/data/pdb_release/all/pdb1cry.ent 42.500000
/data/pdb_release/all/pdb1cot.ent 60.000000
/data/pdb_release/all/pdb3c2c.ent 42.500000
/tmp/1c2rA0 60.000000
/data/pdb_release/all/pdb1cxc.ent 55.000000
/data/pdb_release/all/pdb1yea.ent 47.500000
/tmp/1hroA0 42.500000
/data/pdb_release/all/pdb1dvh.ent 37.500000
/data/pdb_release/all/pdb351c.ent 42.500000
/data/pdb_release/all/pdb1cor.ent 37.500000
/data/pdb_release/all/pdb1cch.ent 42.500000
/nfs/cathdata/dompdb/1fcdC1 40.000000
/data/pdb_release/all/pdb1cc5.ent 47.500000
/data/pdb_release/all/pdb1cyi.ent 37.500000
/data/pdb_release/all/pdb1ctj.ent 37.500000
/nfs/cathdata/dompdb/6gsvA2 42.500000
/nfs/cathdata/dompdb/1gta02 37.500000
/nfs/cathdata/dompdb/1hna02 42.500000
/nfs/cathdata/dompdb/2gsq02 42.500000
/nfs/cathdata/dompdb/1gseA2 42.500000
/nfs/cathdata/dompdb/1bpb01 40.000000
/nfs/cathdata/dompdb/1taq02 32.500000
/nfs/cathdata/dompdb/9icwA2 37.500000
/nfs/cathdata/dompdb/1ecl04 37.500000
/nfs/cathdata/dompdb/1adeA2 42.500000
/nfs/cathdata/dompdb/1atnA3 72.500000
/nfs/cathdata/dompdb/1oxa03 42.500000
/data/pdb_release/all/pdb1hmx.ent 77.500000
/nfs/cathdata/dompdb/2abk01 42.500000
/nfs/cathdata/dompdb/1gln04 42.500000
/nfs/cathdata/dompdb/2tct02 42.500000
/tmp/1hulA0 42.500000
/data/pdb_release/all/pdb1coo.ent 42.500000
/nfs/cathdata/dompdb/1wdcB2 42.500000
/data/pdb_release/all/pdb1bod.ent 37.500000
/data/pdb_release/all/pdb1cb1.ent 42.500000
/data/pdb_release/all/pdb4icb.ent 40.000000
/data/pdb_release/all/pdb1cmf.ent 37.500000
/nfs/cathdata/dompdb/1ncx01 65.000000
/data/pdb_release/all/pdb1cfc.ent 62.500000
/data/pdb_release/all/pdb1tnx.ent 40.000000
/data/pdb_release/all/pdb1rro.ent 40.000000
/data/pdb_release/all/pdb4cpv.ent 42.500000
/data/pdb_release/all/pdb5pal.ent 42.500000
/data/pdb_release/all/pdb1pal.ent 47.500000
/tmp/1rtp10 42.500000
/tmp/1pvaA0 42.500000
/nfs/cathdata/dompdb/1osa01 37.500000
/nfs/cathdata/dompdb/1avhA1 42.500000
/nfs/cathdata/dompdb/2ran01 42.500000
/nfs/cathdata/dompdb/1ala02 42.500000
/nfs/cathdata/dompdb/1hvd02 42.500000
/nfs/cathdata/dompdb/1ala04 42.500000
/nfs/cathdata/dompdb/1ann04 42.500000
/nfs/cathdata/dompdb/1avhA4 42.500000
/nfs/cathdata/dompdb/1axn01 42.500000
/nfs/cathdata/dompdb/1axn03 42.500000
/nfs/cathdata/dompdb/1axn02 47.500000
/nfs/cathdata/dompdb/1ala03 42.500000
/nfs/cathdata/dompdb/1ann03 37.500000
/nfs/cathdata/dompdb/1hvd03 42.500000
/nfs/cathdata/dompdb/2ran03 42.500000
/nfs/cathdata/dompdb/1axn04 42.500000
/nfs/cathdata/dompdb/1csc02 40.000000
/nfs/cathdata/dompdb/1csh02 40.000000
/nfs/cathdata/dompdb/2cts02 40.000000
/nfs/cathdata/dompdb/1tyaE2 42.500000
/nfs/cathdata/dompdb/1bvp11 47.500000
/data/pdb_release/all/pdb1neq.ent 42.500000
/nfs/cathdata/dompdb/1octC1 47.500000
/data/pdb_release/all/pdb1r69.ent 37.500000
/data/pdb_release/all/pdb2cro.ent 42.500000
/data/pdb_release/all/pdb1adr.ent 42.500000
/tmp/1lmb30 42.500000
/nfs/cathdata/dompdb/2yhx01 42.500000
/nfs/cathdata/dompdb/2bpfA1 42.500000
/nfs/cathdata/dompdb/1bgw03 37.500000
/nfs/cathdata/dompdb/1adt01 42.500000
/nfs/cathdata/dompdb/1glqA2 42.500000
/nfs/cathdata/dompdb/2gsrA2 42.500000
/nfs/cathdata/dompdb/1gssA2 47.500000
/data/pdb_release/all/pdb1erd.ent 27.500000
/nfs/cathdata/dompdb/1dtr02 30.000000
/tmp/1lccA0 40.000000
/nfs/cathdata/dompdb/1pnrA1 40.000000
/data/pdb_release/all/pdb1uxd.ent 40.000000
/nfs/cathdata/dompdb/2phlA1 32.500000
/nfs/cathdata/dompdb/2phlA4 35.000000
/tmp/6insE0 35.000000
/data/pdb_release/all/pdb2gf1.ent 35.000000
/data/pdb_release/all/pdb1igl.ent 27.500000
/data/pdb_release/all/pdb1bip.ent 42.500000
/data/pdb_release/all/pdb1c5a.ent 47.500000
/data/pdb_release/all/pdb1kjs.ent 42.500000
/tmp/1cmbA0 35.000000
/nfs/cathdata/dompdb/1gln03 40.000000
/nfs/cathdata/dompdb/1serA1 37.500000
/nfs/cathdata/dompdb/1bvp13 42.500000
/nfs/cathdata/dompdb/1dmb03 77.500000
/nfs/cathdata/dompdb/1dik02 35.000000
/nfs/cathdata/dompdb/9pap02 32.500000
/nfs/cathdata/dompdb/1aec02 37.500000
/nfs/cathdata/dompdb/1gecE2 42.500000
/nfs/cathdata/dompdb/2act02 37.500000
/nfs/cathdata/dompdb/1ppo02 35.000000
/nfs/cathdata/dompdb/1yal02 35.000000
/nfs/cathdata/dompdb/1theA2 35.000000
/nfs/cathdata/dompdb/1csbB1 35.000000
/nfs/cathdata/dompdb/2bltA2 35.000000
/data/pdb_release/all/pdb1utg.ent 42.500000
/data/pdb_release/all/pdb1ccd.ent 42.500000
/nfs/cathdata/dompdb/1ala01 42.500000
/nfs/cathdata/dompdb/1ann01 42.500000
/nfs/cathdata/dompdb/1ann02 42.500000
/tmp/1fliA0 40.000000
/data/pdb_release/all/pdb1etc.ent 55.000000
/tmp/1sttA0 77.500000
/data/pdb_release/all/pdb2hts.ent 57.500000
/data/pdb_release/all/pdb1hks.ent 32.500000
/data/pdb_release/all/pdb1enh.ent 35.000000
/data/pdb_release/all/pdb1ftz.ent 35.000000
/data/pdb_release/all/pdb1ftt.ent 40.000000
/tmp/1ahdP0 35.000000
/tmp/1fjlA0 35.000000
/data/pdb_release/all/pdb1vnd.ent 35.000000
/data/pdb_release/all/pdb1hdp.ent 35.000000
/data/pdb_release/all/pdb1ocp.ent 30.000000
/data/pdb_release/all/pdb1pog.ent 40.000000
/tmp/1yrnA0 35.000000
/tmp/1hcrA0 35.000000
/data/pdb_release/all/pdb1res.ent 35.000000
/data/pdb_release/all/pdb1lfb.ent 30.000000
/data/pdb_release/all/pdb2lfb.ent 35.000000
/tmp/1yrnB0 42.500000
/tmp/1fiaA0 42.500000
/data/pdb_release/all/pdb1mbe.ent 40.000000
/data/pdb_release/all/pdb1mbg.ent 40.000000
/data/pdb_release/all/pdb1mbj.ent 35.000000
/tmp/2wrpR0 47.500000
/nfs/cathdata/dompdb/2tct01 40.000000
/tmp/1bfmA0 35.000000
/tmp/1hryA0 35.000000
/data/pdb_release/all/pdb1hsm.ent 35.000000
/data/pdb_release/all/pdb1hma.ent 35.000000
/data/pdb_release/all/pdb1hme.ent 35.000000
/data/pdb_release/all/pdb1aab.ent 35.000000
/tmp/1trlA0 35.000000
/tmp/1mylA0 32.500000
/tmp/1parA0 32.500000
/tmp/1mntA0 37.500000
/data/pdb_release/all/pdb1lea.ent 52.500000
/tmp/1hstA0 52.500000
/data/pdb_release/all/pdb1ghc.ent 35.000000
/nfs/cathdata/dompdb/1dprA1 37.500000
/nfs/cathdata/dompdb/1bia01 57.500000
/nfs/cathdata/dompdb/1berA2 57.500000
/nfs/cathdata/dompdb/1pdnC1 77.500000
/nfs/cathdata/dompdb/1pdnC2 40.000000
