/tmp/2ltnB0 16.666667
/tmp/1lenB0 16.666667
/tmp/1lgcB0 0.000000
/nfs/cathdata/dompdb/1lyaB1 16.666667
/tmp/1aayA0 46.666667
/tmp/1ubdC0 63.333333
/tmp/1meyC0 66.666667
/tmp/2drpA0 36.666667
/tmp/1pyaA0 30.000000
/tmp/1hueA0 56.666667
/tmp/1wtuA0 66.666667
/tmp/1ihfA0 46.666667
/tmp/1ihfB0 41.666667
/nfs/cathdata/dompdb/1prcH1 55.000000
/nfs/cathdata/dompdb/1pcrH1 38.333333
/data/pdb_release/all/pdb4mt2.ent 0.000000
/data/pdb_release/all/pdb1tiv.ent 0.000000
/data/pdb_release/all/pdb1zaq.ent 0.000000
/data/pdb_release/all/pdb1iva.ent 0.000000
/data/pdb_release/all/pdb1agg.ent 10.000000
/data/pdb_release/all/pdb1cfh.ent 0.000000
/data/pdb_release/all/pdb1cfi.ent 0.000000
/data/pdb_release/all/pdb1aaf.ent 0.000000
/data/pdb_release/all/pdb2ech.ent 0.000000
/data/pdb_release/all/pdb1fvl.ent 5.000000
/data/pdb_release/all/pdb1kst.ent 6.666667
/tmp/1r0940 16.666667
/tmp/2plv40 23.333333
/tmp/1pvc40 26.666667
/tmp/1bbt40 33.333333
/tmp/1tme40 16.666667
/tmp/2mev40 16.666667
/tmp/1tabI0 6.666667
/data/pdb_release/all/pdb1pi2.ent 8.333333
/data/pdb_release/all/pdb1bbi.ent 13.333333
/nfs/cathdata/dompdb/1pcp01 16.666667
/nfs/cathdata/dompdb/2pspA2 16.666667
/nfs/cathdata/dompdb/1gcb01 68.333333
/nfs/cathdata/dompdb/1fieA2 66.666667
/nfs/cathdata/dompdb/1lgr01 76.666667
/nfs/cathdata/dompdb/1abbA1 81.666667
/nfs/cathdata/dompdb/1ygpA1 83.333333
/nfs/cathdata/dompdb/1pgd03 16.666667
/data/pdb_release/all/pdb1ldl.ent 10.000000
/data/pdb_release/all/pdb1ldr.ent 0.000000
/data/pdb_release/all/pdb1tap.ent 23.333333
/data/pdb_release/all/pdb5pti.ent 23.333333
/tmp/1aapA0 26.666667
/data/pdb_release/all/pdb1dtx.ent 23.333333
/data/pdb_release/all/pdb1dtk.ent 23.333333
/data/pdb_release/all/pdb1shp.ent 23.333333
/tmp/1brbI0 26.666667
/data/pdb_release/all/pdb1knt.ent 26.666667
/data/pdb_release/all/pdb1dem.ent 23.333333
/tmp/1bunB0 26.666667
/data/pdb_release/all/pdb1hnr.ent 16.666667
/tmp/1mhlA0 30.000000
/nfs/cathdata/dompdb/1gal02 33.333333
/nfs/cathdata/dompdb/1inp01 40.000000
/nfs/cathdata/dompdb/1rtc02 36.666667
/nfs/cathdata/dompdb/1apa02 53.333333
/nfs/cathdata/dompdb/1pafA2 53.333333
/nfs/cathdata/dompdb/1mrg02 53.333333
/nfs/cathdata/dompdb/1mrj02 53.333333
/nfs/cathdata/dompdb/1abrA2 53.333333
/tmp/1isuA0 16.666667
/data/pdb_release/all/pdb1hip.ent 40.000000
/tmp/2hipA0 10.000000
/data/pdb_release/all/pdb1hpi.ent 23.333333
/data/pdb_release/all/pdb1bbo.ent 30.000000
/nfs/cathdata/dompdb/1adt02 46.666667
/tmp/1abmA0 76.666667
/tmp/1idsA0 80.000000
/tmp/1isaA0 86.666667
/nfs/cathdata/dompdb/1vsgA1 66.666667
/tmp/1hmpA0 50.000000
/nfs/cathdata/dompdb/1adeA3 48.333333
/nfs/cathdata/dompdb/1qorA1 55.000000
/nfs/cathdata/dompdb/3btoA1 55.000000
/nfs/cathdata/dompdb/1dehA1 46.666667
/nfs/cathdata/dompdb/1cdoA1 60.000000
/nfs/cathdata/dompdb/1tehA1 56.666667
/nfs/cathdata/dompdb/1agnA1 55.000000
/tmp/1yptA0 71.666667
/data/pdb_release/all/pdb2hnp.ent 73.333333
/nfs/cathdata/dompdb/1yfoA1 41.666667
/tmp/1vhrA0 68.333333
/data/pdb_release/all/pdb1gpc.ent 63.333333
/nfs/cathdata/dompdb/1bgw05 86.666667
/nfs/cathdata/dompdb/1jetA1 68.333333
/nfs/cathdata/dompdb/1glaG1 78.333333
/nfs/cathdata/dompdb/1hgeA1 45.000000
/tmp/1ltsA0 65.000000
/tmp/1xtcA0 60.000000
/tmp/1tiiA0 68.333333
/tmp/1prtA0 65.000000
/nfs/cathdata/dompdb/1admA2 65.000000
/nfs/cathdata/dompdb/1chmA2 53.333333
/data/pdb_release/all/pdb1mat.ent 56.666667
/data/pdb_release/all/pdb1pbn.ent 66.666667
/data/pdb_release/all/pdb1ula.ent 66.666667
/tmp/1ecpA0 70.000000
/nfs/cathdata/dompdb/1dhx03 66.666667
/data/pdb_release/all/pdb2cyr.ent 65.000000
/data/pdb_release/all/pdb1wad.ent 53.333333
/data/pdb_release/all/pdb1czj.ent 78.333333
/tmp/1htmB0 46.666667
/nfs/cathdata/dompdb/1berA1 43.333333
/nfs/cathdata/dompdb/1dhx02 36.666667
/nfs/cathdata/dompdb/1gln02 53.333333
/nfs/cathdata/dompdb/1gtrA2 61.666667
/nfs/cathdata/dompdb/1prcH2 41.666667
/nfs/cathdata/dompdb/4rcrH2 30.000000
/nfs/cathdata/dompdb/1oxa01 43.333333
/nfs/cathdata/dompdb/1cpt01 51.666667
/nfs/cathdata/dompdb/1gcb02 90.000000
/data/pdb_release/all/pdb1mut.ent 43.333333
/data/pdb_release/all/pdb1pyp.ent 70.000000
/data/pdb_release/all/pdb2prd.ent 41.666667
/tmp/1eipA0 43.333333
/nfs/cathdata/dompdb/1ordA4 66.666667
/nfs/cathdata/dompdb/2cmd02 55.000000
/nfs/cathdata/dompdb/1mldA2 58.333333
/nfs/cathdata/dompdb/6ldh02 66.666667
/nfs/cathdata/dompdb/1llc02 43.333333
/nfs/cathdata/dompdb/1lldA2 58.333333
/nfs/cathdata/dompdb/2ldx02 56.666667
/nfs/cathdata/dompdb/3ldh02 73.333333
/nfs/cathdata/dompdb/5ldh02 63.333333
/nfs/cathdata/dompdb/9ldtA2 58.333333
/nfs/cathdata/dompdb/1ldb02 73.333333
/nfs/cathdata/dompdb/1hyhA2 58.333333
/nfs/cathdata/dompdb/4mdhA2 70.000000
/nfs/cathdata/dompdb/1bdmA2 66.666667
/nfs/cathdata/dompdb/1dctA2 53.333333
/tmp/1regX0 46.666667
/nfs/cathdata/dompdb/2bltA1 86.666667
/data/pdb_release/all/pdb1xaa.ent 71.666667
/data/pdb_release/all/pdb1xac.ent 68.333333
/tmp/1alkA0 81.666667
/data/pdb_release/all/pdb1lpp.ent 83.333333
/data/pdb_release/all/pdb1thg.ent 85.000000
/tmp/1cleA0 80.000000
/data/pdb_release/all/pdb1ace.ent 85.000000
/nfs/cathdata/dompdb/3ladA2 56.666667
/nfs/cathdata/dompdb/1lpfA2 53.333333
/nfs/cathdata/dompdb/1lvl02 55.000000
/nfs/cathdata/dompdb/1ebdA2 51.666667
/nfs/cathdata/dompdb/2tmdA3 65.000000
/nfs/cathdata/dompdb/1gerA2 53.333333
/nfs/cathdata/dompdb/1gesA2 55.000000
/nfs/cathdata/dompdb/3grs02 55.000000
/nfs/cathdata/dompdb/1tde02 66.666667
/nfs/cathdata/dompdb/1vdc02 55.000000
/nfs/cathdata/dompdb/1fecB2 51.666667
/nfs/cathdata/dompdb/1nhr02 53.333333
/nfs/cathdata/dompdb/1fcdA2 66.666667
/tmp/1pyaB0 56.666667
/nfs/cathdata/dompdb/1dik03 51.666667
/nfs/cathdata/dompdb/1aorA1 58.333333
/tmp/2dnjA0 65.000000
/tmp/1fjmA0 71.666667
/tmp/1tcoA0 76.666667
/nfs/cathdata/dompdb/1gph11 73.333333
/data/pdb_release/all/pdb1plq.ent 43.333333
/data/pdb_release/all/pdb1bnh.ent 60.000000
/data/pdb_release/all/pdb1cy3.ent 16.666667
/tmp/1cthA0 63.333333
/data/pdb_release/all/pdb2cdv.ent 63.333333
/nfs/cathdata/dompdb/1trkA1 78.333333
/tmp/1rvaA0 66.666667
/nfs/cathdata/dompdb/1atnA1 63.333333
/nfs/cathdata/dompdb/2btfA1 65.000000
/nfs/cathdata/dompdb/1olbA2 76.666667
/data/pdb_release/all/pdb2ctc.ent 66.666667
/data/pdb_release/all/pdb1amp.ent 65.000000
/nfs/cathdata/dompdb/1lam02 66.666667
/nfs/cathdata/dompdb/1tplA2 68.333333
/nfs/cathdata/dompdb/1dgd02 66.666667
/nfs/cathdata/dompdb/1aam02 80.000000
/nfs/cathdata/dompdb/1akaA2 73.333333
/nfs/cathdata/dompdb/2cstA2 73.333333
/nfs/cathdata/dompdb/1ordA2 80.000000
/data/pdb_release/all/pdb1rpa.ent 90.000000
/data/pdb_release/all/pdb1esc.ent 76.666667
/nfs/cathdata/dompdb/1gpb02 96.666667
/nfs/cathdata/dompdb/1ygpA2 81.666667
/tmp/1deaA0 61.666667
/tmp/1thtA0 66.666667
/tmp/1tahA0 80.000000
/tmp/1oilA0 80.000000
/nfs/cathdata/dompdb/1hplA1 68.333333
/nfs/cathdata/dompdb/1lpbB1 71.666667
/tmp/1ethA0 66.666667
/data/pdb_release/all/pdb1gpl.ent 66.666667
/data/pdb_release/all/pdb1tca.ent 80.000000
/data/pdb_release/all/pdb1ede.ent 90.000000
/data/pdb_release/all/pdb1ysc.ent 90.000000
/nfs/cathdata/dompdb/1asyA2 90.000000
/nfs/cathdata/dompdb/1lylA2 73.333333
/nfs/cathdata/dompdb/1serA2 65.000000
/data/pdb_release/all/pdb3pte.ent 96.666667
/nfs/cathdata/dompdb/1abrA1 61.666667
/nfs/cathdata/dompdb/1ahc01 63.333333
/nfs/cathdata/dompdb/1mrj01 66.666667
/nfs/cathdata/dompdb/1apa01 66.666667
/nfs/cathdata/dompdb/1pafA1 65.000000
/tmp/4dfrA0 55.000000
/data/pdb_release/all/pdb3dfr.ent 58.333333
/data/pdb_release/all/pdb8dfr.ent 58.333333
/data/pdb_release/all/pdb1drf.ent 55.000000
/data/pdb_release/all/pdb1dyr.ent 58.333333
/nfs/cathdata/dompdb/1adeA1 70.000000
/nfs/cathdata/dompdb/3pmgA1 70.000000
/data/pdb_release/all/pdb1udg.ent 80.000000
/nfs/cathdata/dompdb/3pgk02 68.333333
/nfs/cathdata/dompdb/1php02 66.666667
/nfs/cathdata/dompdb/1gpmA1 55.000000
/nfs/cathdata/dompdb/1powA3 73.333333
/nfs/cathdata/dompdb/1pvdA3 66.666667
/nfs/cathdata/dompdb/1pvdA1 70.000000
/nfs/cathdata/dompdb/1powA1 66.666667
/nfs/cathdata/dompdb/1trkA2 70.000000
/nfs/cathdata/dompdb/1tyaE1 81.666667
/nfs/cathdata/dompdb/2tysB2 66.666667
/nfs/cathdata/dompdb/1minA1 70.000000
/nfs/cathdata/dompdb/1mioA1 70.000000
/nfs/cathdata/dompdb/3ecaA1 55.000000
/nfs/cathdata/dompdb/1agx01 70.000000
/nfs/cathdata/dompdb/3pga11 55.000000
/tmp/1wsaA0 66.666667
/tmp/1nbaA0 56.666667
/nfs/cathdata/dompdb/2reb01 70.000000
/tmp/1smnA0 65.000000
/tmp/1eriA0 61.666667
/nfs/cathdata/dompdb/1lvl01 66.666667
/nfs/cathdata/dompdb/1ebdA1 63.333333
/nfs/cathdata/dompdb/1gal01 56.666667
/nfs/cathdata/dompdb/1fcdA1 56.666667
/nfs/cathdata/dompdb/1coy01 68.333333
/nfs/cathdata/dompdb/1pbe01 68.333333
/nfs/cathdata/dompdb/1aa8A1 68.333333
/nfs/cathdata/dompdb/1dob02 78.333333
/data/pdb_release/all/pdb1cge.ent 45.000000
/data/pdb_release/all/pdb1mnc.ent 43.333333
/data/pdb_release/all/pdb1srt.ent 43.333333
/nfs/cathdata/dompdb/1fbl01 43.333333
/data/pdb_release/all/pdb1mmq.ent 43.333333
/data/pdb_release/all/pdb1slm.ent 65.000000
/tmp/1atlA0 70.000000
/data/pdb_release/all/pdb1iag.ent 55.000000
/nfs/cathdata/dompdb/1kapP2 65.000000
/nfs/cathdata/dompdb/1sat02 65.000000
/data/pdb_release/all/pdb1iab.ent 45.000000
/nfs/cathdata/dompdb/1lcf01 58.333333
/nfs/cathdata/dompdb/1ovt01 56.666667
/nfs/cathdata/dompdb/1ovt03 66.666667
/nfs/cathdata/dompdb/1nnt01 58.333333
/nfs/cathdata/dompdb/1tfd01 66.666667
/nfs/cathdata/dompdb/1lcf03 68.333333
/nfs/cathdata/dompdb/1dot01 68.333333
/nfs/cathdata/dompdb/1dot03 65.000000
/nfs/cathdata/dompdb/1quk01 65.000000
/nfs/cathdata/dompdb/1sbp01 81.666667
/nfs/cathdata/dompdb/1dmb01 73.333333
/nfs/cathdata/dompdb/1pot01 66.666667
/nfs/cathdata/dompdb/3sc2A1 55.000000
/nfs/cathdata/dompdb/1rtc01 65.000000
/tmp/1pviA0 60.000000
/nfs/cathdata/dompdb/1bllE1 58.333333
/nfs/cathdata/dompdb/1scuB3 60.000000
/nfs/cathdata/dompdb/1ora01 65.000000
/nfs/cathdata/dompdb/1ora02 70.000000
/nfs/cathdata/dompdb/2glt01 43.333333
/nfs/cathdata/dompdb/1ttqB1 68.333333
/data/pdb_release/all/pdb3pgm.ent 81.666667
/nfs/cathdata/dompdb/1gtrA1 66.666667
/nfs/cathdata/dompdb/1gln01 76.666667
/tmp/1dsbA0 81.666667
/tmp/1gp1A0 56.666667
/nfs/cathdata/dompdb/1chmA1 55.000000
/nfs/cathdata/dompdb/1scuB1 56.666667
/nfs/cathdata/dompdb/1mla02 80.000000
/nfs/cathdata/dompdb/1glaG2 61.666667
/nfs/cathdata/dompdb/1ami01 65.000000
/data/pdb_release/all/pdb1ak2.ent 71.666667
/tmp/1ak3A0 66.666667
/tmp/1akeA0 73.333333
/data/pdb_release/all/pdb1aky.ent 66.666667
/data/pdb_release/all/pdb3adk.ent 80.000000
/data/pdb_release/all/pdb1ukz.ent 73.333333
/data/pdb_release/all/pdb1ukd.ent 70.000000
/nfs/cathdata/dompdb/2tmdA2 68.333333
/nfs/cathdata/dompdb/1nhp01 43.333333
/nfs/cathdata/dompdb/1trb01 43.333333
/nfs/cathdata/dompdb/1vdc01 45.000000
/nfs/cathdata/dompdb/1typA1 66.666667
/nfs/cathdata/dompdb/1gesA1 66.666667
/nfs/cathdata/dompdb/3grs01 66.666667
/nfs/cathdata/dompdb/3ladA1 63.333333
/nfs/cathdata/dompdb/1lpfA1 66.666667
/nfs/cathdata/dompdb/1pfkA2 55.000000
/nfs/cathdata/dompdb/3pfk02 56.666667
/nfs/cathdata/dompdb/3pgk01 66.666667
/nfs/cathdata/dompdb/1php01 68.333333
/nfs/cathdata/dompdb/3pmgA3 73.333333
/tmp/2rslA0 55.000000
/tmp/1gdtA0 81.666667
/nfs/cathdata/dompdb/1ctt02 55.000000
/nfs/cathdata/dompdb/1ctt01 58.333333
/tmp/1whtB0 81.666667
/nfs/cathdata/dompdb/1trkA3 65.000000
/nfs/cathdata/dompdb/1dmb02 53.333333
/nfs/cathdata/dompdb/1pda02 53.333333
/nfs/cathdata/dompdb/1hslA2 55.000000
/nfs/cathdata/dompdb/1lst02 58.333333
/nfs/cathdata/dompdb/1pbp02 66.666667
/nfs/cathdata/dompdb/1sbp02 68.333333
/data/pdb_release/all/pdb1ovb.ent 70.000000
/nfs/cathdata/dompdb/1lcf02 80.000000
/nfs/cathdata/dompdb/1lcf04 58.333333
/nfs/cathdata/dompdb/1ovt02 66.666667
/nfs/cathdata/dompdb/1ovt04 58.333333
/nfs/cathdata/dompdb/1tfd02 76.666667
/nfs/cathdata/dompdb/1dot04 55.000000
/nfs/cathdata/dompdb/1poy12 65.000000
/nfs/cathdata/dompdb/1inp03 55.000000
/nfs/cathdata/dompdb/1imbA2 58.333333
/nfs/cathdata/dompdb/1fbcA2 55.000000
/nfs/cathdata/dompdb/1ftaA2 58.333333
/nfs/cathdata/dompdb/1spiA2 63.333333
/nfs/cathdata/dompdb/1pda01 55.000000
/nfs/cathdata/dompdb/1hslA1 75.000000
/nfs/cathdata/dompdb/1lst01 75.000000
/nfs/cathdata/dompdb/2ldx01 58.333333
/nfs/cathdata/dompdb/3ldh01 53.333333
/nfs/cathdata/dompdb/5ldh01 66.666667
/nfs/cathdata/dompdb/9ldtA1 53.333333
/data/pdb_release/all/pdb5nll.ent 55.000000
/data/pdb_release/all/pdb2fx2.ent 55.000000
/data/pdb_release/all/pdb1ofv.ent 55.000000
/data/pdb_release/all/pdb2fcr.ent 58.333333
/data/pdb_release/all/pdb1rcf.ent 55.000000
/tmp/1lfaA0 65.000000
/data/pdb_release/all/pdb1ido.ent 68.333333
/nfs/cathdata/dompdb/1pfkA1 56.666667
/nfs/cathdata/dompdb/3pfk01 56.666667
/data/pdb_release/all/pdb1cus.ent 66.666667
/data/pdb_release/all/pdb1dad.ent 70.000000
/data/pdb_release/all/pdb1tib.ent 55.000000
/data/pdb_release/all/pdb3tgl.ent 55.000000
/tmp/1lgyA0 56.666667
/data/pdb_release/all/pdb1vid.ent 68.333333
/data/pdb_release/all/pdb1pdo.ent 70.000000
/nfs/cathdata/dompdb/1gpmA2 66.666667
/nfs/cathdata/dompdb/1dnpA1 63.333333
/nfs/cathdata/dompdb/1bgw02 66.666667
/nfs/cathdata/dompdb/1guhA1 70.000000
/nfs/cathdata/dompdb/1glqA1 63.333333
/nfs/cathdata/dompdb/2gsq01 53.333333
/nfs/cathdata/dompdb/2gsrA1 66.666667
/nfs/cathdata/dompdb/1gssA1 66.666667
/nfs/cathdata/dompdb/2gstA1 58.333333
/nfs/cathdata/dompdb/1gta01 70.000000
/nfs/cathdata/dompdb/1hna01 55.000000
/nfs/cathdata/dompdb/3pmgA2 58.333333
/data/pdb_release/all/pdb1lba.ent 46.666667
/tmp/1meeA0 76.666667
/nfs/cathdata/dompdb/1ordA1 58.333333
/data/pdb_release/all/pdb1ntr.ent 66.666667
/nfs/cathdata/dompdb/1gdhA2 70.000000
/nfs/cathdata/dompdb/2nacA2 70.000000
/nfs/cathdata/dompdb/2dldA2 66.666667
/nfs/cathdata/dompdb/2dldA1 55.000000
/nfs/cathdata/dompdb/1scuB2 55.000000
/nfs/cathdata/dompdb/1scuA1 55.000000
/nfs/cathdata/dompdb/1scuA2 63.333333
/data/pdb_release/all/pdb1phr.ent 66.666667
/nfs/cathdata/dompdb/1bmtA2 70.000000
/tmp/1iceA0 55.000000
/data/pdb_release/all/pdb1etu.ent 70.000000
/nfs/cathdata/dompdb/1eft01 63.333333
/data/pdb_release/all/pdb5p21.ent 70.000000
/tmp/1guaA0 70.000000
/tmp/1hurA0 56.666667
/tmp/1nipA0 66.666667
/nfs/cathdata/dompdb/1gky02 66.666667
/nfs/cathdata/dompdb/1dar01 66.666667
/nfs/cathdata/dompdb/1raaA1 55.000000
/nfs/cathdata/dompdb/1raaA2 56.666667
/nfs/cathdata/dompdb/2atcA2 55.000000
/nfs/cathdata/dompdb/4mdhA1 55.000000
/nfs/cathdata/dompdb/1bdmA1 55.000000
/nfs/cathdata/dompdb/2cmd01 55.000000
/nfs/cathdata/dompdb/1mldA1 55.000000
/nfs/cathdata/dompdb/1hyhA1 55.000000
/nfs/cathdata/dompdb/6ldh01 53.333333
/nfs/cathdata/dompdb/1ldb01 51.666667
/nfs/cathdata/dompdb/1llc01 70.000000
/nfs/cathdata/dompdb/1lldA1 55.000000
/nfs/cathdata/dompdb/1bdhA3 66.666667
/nfs/cathdata/dompdb/1tlfA2 55.000000
/nfs/cathdata/dompdb/1dbp01 53.333333
/data/pdb_release/all/pdb3chy.ent 56.666667
/nfs/cathdata/dompdb/1abe01 55.000000
/nfs/cathdata/dompdb/1gdhA1 56.666667
/nfs/cathdata/dompdb/1gca01 55.000000
/nfs/cathdata/dompdb/1gdd01 70.000000
/nfs/cathdata/dompdb/1tadA1 66.666667
/nfs/cathdata/dompdb/1gotA1 65.000000
/nfs/cathdata/dompdb/1gd1O1 56.666667
/nfs/cathdata/dompdb/4gpd11 65.000000
/nfs/cathdata/dompdb/1cerO1 53.333333
/nfs/cathdata/dompdb/1gadO1 56.666667
/nfs/cathdata/dompdb/1gypA1 51.666667
/nfs/cathdata/dompdb/1hdgO1 56.666667
/nfs/cathdata/dompdb/2lbp02 55.000000
/nfs/cathdata/dompdb/2liv02 58.333333
/nfs/cathdata/dompdb/2lbp01 63.333333
/nfs/cathdata/dompdb/2liv01 63.333333
/nfs/cathdata/dompdb/1pea02 70.000000
/nfs/cathdata/dompdb/1pea01 66.666667
/nfs/cathdata/dompdb/1ecl01 66.666667
/nfs/cathdata/dompdb/1admA1 58.333333
/nfs/cathdata/dompdb/1dctA1 55.000000
/nfs/cathdata/dompdb/1hmy01 53.333333
/tmp/1garA0 55.000000
/data/pdb_release/all/pdb1chd.ent 55.000000
/data/pdb_release/all/pdb1thm.ent 70.000000
/tmp/1cseE0 80.000000
/data/pdb_release/all/pdb1st3.ent 76.666667
/data/pdb_release/all/pdb2pkc.ent 53.333333
/data/pdb_release/all/pdb1s01.ent 76.666667
/nfs/cathdata/dompdb/1poxA2 53.333333
/nfs/cathdata/dompdb/1pvdA2 51.666667
/nfs/cathdata/dompdb/2pia02 56.666667
/nfs/cathdata/dompdb/1fnb02 66.666667
/nfs/cathdata/dompdb/1que02 68.333333
/nfs/cathdata/dompdb/1cnd02 68.333333
/nfs/cathdata/dompdb/1ndh02 55.000000
/nfs/cathdata/dompdb/1gph12 66.666667
/nfs/cathdata/dompdb/1ecgA2 55.000000
/data/pdb_release/all/pdb1sto.ent 61.666667
/nfs/cathdata/dompdb/2bgt02 63.333333
/nfs/cathdata/dompdb/2bgt01 51.666667
/nfs/cathdata/dompdb/2nacA1 58.333333
/data/pdb_release/all/pdb1dhr.ent 61.666667
/tmp/1hdcA0 66.666667
/data/pdb_release/all/pdb1eny.ent 71.666667
/nfs/cathdata/dompdb/1psdA1 68.333333
/nfs/cathdata/dompdb/1psdA2 66.666667
/nfs/cathdata/dompdb/1qorA2 56.666667
/nfs/cathdata/dompdb/3btoA2 58.333333
/nfs/cathdata/dompdb/1dehA2 58.333333
/nfs/cathdata/dompdb/1cdoA2 56.666667
/nfs/cathdata/dompdb/1tehA2 58.333333
/nfs/cathdata/dompdb/1agnA2 56.666667
/nfs/cathdata/dompdb/1dih01 66.666667
/nfs/cathdata/dompdb/2pgd01 66.666667
/nfs/cathdata/dompdb/1dpgA1 70.000000
/nfs/cathdata/dompdb/1dbqA1 51.666667
/nfs/cathdata/dompdb/1tlfA1 53.333333
/nfs/cathdata/dompdb/2dri02 60.000000
/nfs/cathdata/dompdb/1gca02 65.000000
/nfs/cathdata/dompdb/2gbp02 65.000000
/nfs/cathdata/dompdb/8abp02 55.000000
/data/pdb_release/all/pdb1ghu.ent 41.666667
/nfs/cathdata/dompdb/1ad5A2 41.666667
/tmp/1ayaA0 41.666667
/tmp/2pldA0 43.333333
/data/pdb_release/all/pdb1svq.ent 43.333333
/data/pdb_release/all/pdb1vil.ent 43.333333
/data/pdb_release/all/pdb1aba.ent 58.333333
/data/pdb_release/all/pdb1ego.ent 58.333333
/tmp/2trxA0 58.333333
/data/pdb_release/all/pdb1thx.ent 55.000000
/data/pdb_release/all/pdb3trx.ent 63.333333
/data/pdb_release/all/pdb1tof.ent 58.333333
/nfs/cathdata/dompdb/1pxtA1 70.000000
/nfs/cathdata/dompdb/1pxtA2 70.000000
/nfs/cathdata/dompdb/2yhx02 73.333333
/nfs/cathdata/dompdb/1dik01 70.000000
/nfs/cathdata/dompdb/2minA3 53.333333
/nfs/cathdata/dompdb/1mioA3 58.333333
/nfs/cathdata/dompdb/2minB2 55.000000
/nfs/cathdata/dompdb/2minB3 55.000000
/nfs/cathdata/dompdb/1mioB2 58.333333
/nfs/cathdata/dompdb/1mioB4 55.000000
/nfs/cathdata/dompdb/2minA2 75.000000
/nfs/cathdata/dompdb/1mioA2 68.333333
/nfs/cathdata/dompdb/2minB1 75.000000
/nfs/cathdata/dompdb/1mioB1 75.000000
/nfs/cathdata/dompdb/1iow01 38.333333
/nfs/cathdata/dompdb/1bncA1 55.000000
/nfs/cathdata/dompdb/3ecaA2 68.333333
/nfs/cathdata/dompdb/1agx02 66.666667
/nfs/cathdata/dompdb/3pga12 65.000000
/nfs/cathdata/dompdb/1pkyA1 55.000000
/nfs/cathdata/dompdb/1pkm01 75.000000
/nfs/cathdata/dompdb/1hsbA1 68.333333
/nfs/cathdata/dompdb/2clrA1 73.333333
/nfs/cathdata/dompdb/1mhcA1 68.333333
/tmp/1tmcA0 53.333333
/nfs/cathdata/dompdb/1fruA1 65.000000
/nfs/cathdata/dompdb/1tssA1 41.666667
/nfs/cathdata/dompdb/1se202 45.000000
/nfs/cathdata/dompdb/1sebD2 53.333333
/nfs/cathdata/dompdb/1esfA2 50.000000
/data/pdb_release/all/pdb1vhh.ent 43.333333
/nfs/cathdata/dompdb/3pmgA4 50.000000
/nfs/cathdata/dompdb/1imbA1 55.000000
/nfs/cathdata/dompdb/5fbpA1 55.000000
/nfs/cathdata/dompdb/1ftaA1 65.000000
/nfs/cathdata/dompdb/1spiA1 63.333333
/nfs/cathdata/dompdb/1inp02 73.333333
/nfs/cathdata/dompdb/1gd1O2 43.333333
/nfs/cathdata/dompdb/4gpd12 51.666667
/nfs/cathdata/dompdb/1cerO2 56.666667
/nfs/cathdata/dompdb/1gadO2 45.000000
/nfs/cathdata/dompdb/1gypA2 48.333333
/nfs/cathdata/dompdb/1hdgO2 45.000000
/data/pdb_release/all/pdb1cia.ent 58.333333
/nfs/cathdata/dompdb/1gal03 70.000000
/nfs/cathdata/dompdb/1dpgA2 78.333333
/data/pdb_release/all/pdb1dpb.ent 65.000000
/data/pdb_release/all/pdb1adn.ent 38.333333
/data/pdb_release/all/pdb2pna.ent 38.333333
/data/pdb_release/all/pdb1ab2.ent 41.666667
/tmp/1shaA0 43.333333
/tmp/1lcjA0 43.333333
/tmp/1csyA0 41.666667
/data/pdb_release/all/pdb1blj.ent 43.333333
/data/pdb_release/all/pdb1fim.ent 46.666667
/tmp/1mifA0 40.000000
/tmp/1kptA0 56.666667
/nfs/cathdata/dompdb/1dja01 43.333333
/nfs/cathdata/dompdb/1mblA1 35.000000
/nfs/cathdata/dompdb/1btl01 31.666667
/data/pdb_release/all/pdb2phy.ent 65.000000
/data/pdb_release/all/pdb1fil.ent 53.333333
/data/pdb_release/all/pdb1pne.ent 53.333333
/data/pdb_release/all/pdb1acf.ent 53.333333
/data/pdb_release/all/pdb2acg.ent 53.333333
/data/pdb_release/all/pdb1cqa.ent 46.666667
/nfs/cathdata/dompdb/1pnkB1 66.666667
/nfs/cathdata/dompdb/1oacA1 31.666667
/tmp/1otgA0 63.333333
/nfs/cathdata/dompdb/1ami02 63.333333
/nfs/cathdata/dompdb/1bpb02 55.000000
/nfs/cathdata/dompdb/9icwA3 43.333333
/nfs/cathdata/dompdb/1daaA1 58.333333
/nfs/cathdata/dompdb/1iov02 58.333333
/nfs/cathdata/dompdb/1glt02 45.000000
/tmp/1gtqA0 75.000000
/nfs/cathdata/dompdb/1bia02 53.333333
/nfs/cathdata/dompdb/1antI2 78.333333
/nfs/cathdata/dompdb/1hleA2 78.333333
/nfs/cathdata/dompdb/1ovaA2 78.333333
/nfs/cathdata/dompdb/2achA1 78.333333
/nfs/cathdata/dompdb/7apiA2 75.000000
/nfs/cathdata/dompdb/1pnkB2 43.333333
/nfs/cathdata/dompdb/1ami03 63.333333
/nfs/cathdata/dompdb/1hocA1 56.666667
/nfs/cathdata/dompdb/1hsaA1 65.000000
/nfs/cathdata/dompdb/1vaaA1 66.666667
/nfs/cathdata/dompdb/1dik06 56.666667
/nfs/cathdata/dompdb/1mdl01 66.666667
/nfs/cathdata/dompdb/4enl01 66.666667
/nfs/cathdata/dompdb/1pdz01 66.666667
/nfs/cathdata/dompdb/1nhp03 55.000000
/nfs/cathdata/dompdb/3ladA3 70.000000
/nfs/cathdata/dompdb/1lpfA3 63.333333
/nfs/cathdata/dompdb/1lvl03 65.000000
/nfs/cathdata/dompdb/1ebdA3 68.333333
/nfs/cathdata/dompdb/1tytA3 58.333333
/nfs/cathdata/dompdb/1gesA3 55.000000
/nfs/cathdata/dompdb/3grs03 55.000000
/nfs/cathdata/dompdb/1irk01 35.000000
/nfs/cathdata/dompdb/1apmE2 46.666667
/nfs/cathdata/dompdb/1ckiA1 51.666667
/nfs/cathdata/dompdb/1csn01 51.666667
/nfs/cathdata/dompdb/1coy02 60.000000
/nfs/cathdata/dompdb/1rthA4 43.333333
/tmp/1hrhA0 63.333333
/data/pdb_release/all/pdb2rn2.ent 66.666667
/data/pdb_release/all/pdb1ril.ent 65.000000
/tmp/1hjrA0 68.333333
/data/pdb_release/all/pdb1itg.ent 78.333333
/data/pdb_release/all/pdb1asu.ent 68.333333
/nfs/cathdata/dompdb/1bcmA1 65.000000
/nfs/cathdata/dompdb/1atr03 46.666667
/nfs/cathdata/dompdb/1atnA2 55.000000
/nfs/cathdata/dompdb/2btfA2 51.666667
/nfs/cathdata/dompdb/2yhx03 55.000000
/nfs/cathdata/dompdb/1atr01 55.000000
/nfs/cathdata/dompdb/1mngA2 68.333333
/nfs/cathdata/dompdb/3sdpA2 33.333333
/tmp/1kpaA0 46.666667
/nfs/cathdata/dompdb/1bpb03 53.333333
/nfs/cathdata/dompdb/1pkp02 40.000000
/nfs/cathdata/dompdb/1dar04 41.666667
/tmp/1copD0 58.333333
/data/pdb_release/all/pdb1orc.ent 58.333333
/nfs/cathdata/dompdb/2reb02 55.000000
/nfs/cathdata/dompdb/1derA2 51.666667
/tmp/1iceB0 40.000000
/tmp/2kauA0 65.000000
/nfs/cathdata/dompdb/1gpmA3 43.333333
/nfs/cathdata/dompdb/1mxa03 46.666667
/nfs/cathdata/dompdb/1mxa01 66.666667
/nfs/cathdata/dompdb/1mxa02 45.000000
/nfs/cathdata/dompdb/1xrb02 41.666667
/nfs/cathdata/dompdb/1ytbA2 46.666667
/nfs/cathdata/dompdb/1tghA2 43.333333
/nfs/cathdata/dompdb/1vokA2 43.333333
/nfs/cathdata/dompdb/1tbpA1 41.666667
/nfs/cathdata/dompdb/1tghA1 43.333333
/nfs/cathdata/dompdb/1vokA1 46.666667
/nfs/cathdata/dompdb/1pczA1 43.333333
/nfs/cathdata/dompdb/1pczA2 43.333333
/nfs/cathdata/dompdb/1bmc02 43.333333
/nfs/cathdata/dompdb/1sebA1 28.333333
/nfs/cathdata/dompdb/1sebB1 63.333333
/tmp/2sicI0 43.333333
/nfs/cathdata/dompdb/1dih02 43.333333
/tmp/1brsD0 63.333333
/data/pdb_release/all/pdb1msc.ent 40.000000
/tmp/1unaA0 41.666667
/nfs/cathdata/dompdb/1chkA2 65.000000
/nfs/cathdata/dompdb/1svb03 11.666667
/nfs/cathdata/dompdb/1oacA4 43.333333
/tmp/1latA0 36.666667
/tmp/2nllA0 33.333333
/tmp/2nllB0 63.333333
/data/pdb_release/all/pdb1tns.ent 46.666667
/data/pdb_release/all/pdb1ife.ent 35.000000
/data/pdb_release/all/pdb1tig.ent 43.333333
/nfs/cathdata/dompdb/1hpm04 50.000000
/nfs/cathdata/dompdb/1bncA2 36.666667
/nfs/cathdata/dompdb/1iow03 55.000000
/nfs/cathdata/dompdb/1glt03 43.333333
/tmp/1humA0 28.333333
/tmp/1hrjA0 23.333333
/tmp/1domA0 26.666667
/tmp/1plfA0 25.000000
/tmp/1mgsA0 28.333333
/data/pdb_release/all/pdb3il8.ent 28.333333
/tmp/1rhpA0 25.000000
/tmp/1napA0 25.000000
/tmp/1rodA0 25.000000
/data/pdb_release/all/pdb1stu.ent 38.333333
/nfs/cathdata/dompdb/1pkp01 25.000000
/nfs/cathdata/dompdb/1pda03 55.000000
/data/pdb_release/all/pdb1ncs.ent 23.333333
/tmp/1cksA0 33.333333
/tmp/1sceA0 33.333333
/tmp/1dktA0 28.333333
/tmp/1rblM0 41.666667
/tmp/3rubS0 40.000000
/tmp/8rubS0 43.333333
/tmp/8rucI0 43.333333
/tmp/1burS0 43.333333
/nfs/cathdata/dompdb/1amg02 15.000000
/nfs/cathdata/dompdb/1amy02 15.000000
/data/pdb_release/all/pdb1zer.ent 55.000000
/data/pdb_release/all/pdb1aps.ent 40.000000
/tmp/2bopA0 40.000000
/data/pdb_release/all/pdb2pii.ent 43.333333
/tmp/2chsA0 45.000000
/nfs/cathdata/dompdb/8atcB1 43.333333
/nfs/cathdata/dompdb/2atcB1 16.666667
/tmp/1nhkL0 70.000000
/data/pdb_release/all/pdb1ndk.ent 68.333333
/tmp/1nsqA0 68.333333
/tmp/1nskL0 66.666667
/nfs/cathdata/dompdb/1rbaA1 51.666667
/nfs/cathdata/dompdb/3rubL1 56.666667
/nfs/cathdata/dompdb/8rucA1 58.333333
/nfs/cathdata/dompdb/1rblA1 56.666667
/nfs/cathdata/dompdb/1ars01 65.000000
/nfs/cathdata/dompdb/7aatA1 65.000000
/nfs/cathdata/dompdb/2cstA1 65.000000
/nfs/cathdata/dompdb/1ordA3 76.666667
/nfs/cathdata/dompdb/2dkb01 55.000000
/nfs/cathdata/dompdb/1tplA1 70.000000
/tmp/1dcoA0 55.000000
/data/pdb_release/all/pdb1vig.ent 58.333333
/tmp/1xxaA0 41.666667
/nfs/cathdata/dompdb/1bgw04 58.333333
/nfs/cathdata/dompdb/1dar05 55.000000
/nfs/cathdata/dompdb/1mla01 41.666667
/nfs/cathdata/dompdb/1psdA3 41.666667
/nfs/cathdata/dompdb/1dloA2 41.666667
/nfs/cathdata/dompdb/1mml02 65.000000
/tmp/1gluA0 33.333333
/data/pdb_release/all/pdb1hra.ent 33.333333
/tmp/1hcqA0 36.666667
/nfs/cathdata/dompdb/1bgw01 28.333333
/data/pdb_release/all/pdb1nef.ent 53.333333
/tmp/1efnB0 53.333333
/nfs/cathdata/dompdb/1gky01 46.666667
/nfs/cathdata/dompdb/1yua01 28.333333
/data/pdb_release/all/pdb1vcc.ent 43.333333
/nfs/cathdata/dompdb/1svb02 43.333333
/nfs/cathdata/dompdb/1yua02 23.333333
/tmp/1otfA0 26.666667
/data/pdb_release/all/pdb1cbn.ent 30.000000
/data/pdb_release/all/pdb1bhp.ent 40.000000
/data/pdb_release/all/pdb2plh.ent 40.000000
/data/pdb_release/all/pdb1fdx.ent 16.666667
/data/pdb_release/all/pdb1clf.ent 10.000000
/data/pdb_release/all/pdb1fca.ent 23.333333
/data/pdb_release/all/pdb1fdn.ent 33.333333
/data/pdb_release/all/pdb1blu.ent 43.333333
/data/pdb_release/all/pdb1fxd.ent 43.333333
/data/pdb_release/all/pdb2fxb.ent 45.000000
/tmp/1fxrA0 41.666667
/data/pdb_release/all/pdb1rof.ent 16.666667
/data/pdb_release/all/pdb5fd1.ent 55.000000
/data/pdb_release/all/pdb1fwp.ent 41.666667
/data/pdb_release/all/pdb1sxl.ent 41.666667
/data/pdb_release/all/pdb1fht.ent 43.333333
/data/pdb_release/all/pdb1pba.ent 36.666667
/data/pdb_release/all/pdb1ris.ent 43.333333
/data/pdb_release/all/pdb1ctf.ent 55.000000
/tmp/1spbP0 41.666667
/data/pdb_release/all/pdb1ptf.ent 51.666667
/data/pdb_release/all/pdb1poh.ent 51.666667
/data/pdb_release/all/pdb2hpr.ent 55.000000
/data/pdb_release/all/pdb1pch.ent 51.666667
/data/pdb_release/all/pdb1sxm.ent 23.333333
/data/pdb_release/all/pdb2sn3.ent 23.333333
/data/pdb_release/all/pdb1vna.ent 25.000000
/data/pdb_release/all/pdb1nra.ent 25.000000
/data/pdb_release/all/pdb1ptx.ent 28.333333
/data/pdb_release/all/pdb1lqh.ent 25.000000
/data/pdb_release/all/pdb1snb.ent 28.333333
/data/pdb_release/all/pdb1gps.ent 28.333333
/data/pdb_release/all/pdb1gpt.ent 31.666667
/data/pdb_release/all/pdb1chc.ent 23.333333
/data/pdb_release/all/pdb1caa.ent 11.666667
/data/pdb_release/all/pdb1iro.ent 6.666667
/data/pdb_release/all/pdb1rdg.ent 10.000000
/data/pdb_release/all/pdb4rxn.ent 6.666667
/data/pdb_release/all/pdb6rxn.ent 10.000000
/tmp/8rxnA0 10.000000
/tmp/1gatA0 23.333333
/data/pdb_release/all/pdb1bus.ent 16.666667
/data/pdb_release/all/pdb2ovo.ent 23.333333
/data/pdb_release/all/pdb3ovo.ent 23.333333
/nfs/cathdata/dompdb/1tbrR1 23.333333
/nfs/cathdata/dompdb/1tbrR2 28.333333
/data/pdb_release/all/pdb1ptq.ent 23.333333
/nfs/cathdata/dompdb/9wgaA1 16.666667
/nfs/cathdata/dompdb/9wgaA2 16.666667
/nfs/cathdata/dompdb/9wgaA3 16.666667
/nfs/cathdata/dompdb/9wgaA4 16.666667
/nfs/cathdata/dompdb/2cwgA2 16.666667
/nfs/cathdata/dompdb/1wgtA3 16.666667
/tmp/1tgsI0 20.000000
/tmp/1cgiI0 20.000000
/data/pdb_release/all/pdb1pce.ent 23.333333
/data/pdb_release/all/pdb1hev.ent 16.666667
/data/pdb_release/all/pdb2alr.ent 78.333333
/data/pdb_release/all/pdb1frb.ent 78.333333
/nfs/cathdata/dompdb/1rlcL2 80.000000
/nfs/cathdata/dompdb/1rblA2 78.333333
/nfs/cathdata/dompdb/1rbaA2 65.000000
/nfs/cathdata/dompdb/1oneA2 70.000000
/nfs/cathdata/dompdb/1pdz02 70.000000
/tmp/1chrA0 80.000000
/tmp/1mucA0 78.333333
/data/pdb_release/all/pdb2mnr.ent 80.000000
/nfs/cathdata/dompdb/1mdr02 68.333333
/data/pdb_release/all/pdb1gox.ent 76.666667
/tmp/1fcbB0 76.666667
/nfs/cathdata/dompdb/2tmdA1 71.666667
/data/pdb_release/all/pdb1oya.ent 73.333333
/data/pdb_release/all/pdb1add.ent 80.000000
/data/pdb_release/all/pdb1pta.ent 80.000000
/data/pdb_release/all/pdb1xis.ent 83.333333
/tmp/1ximA0 81.666667
/tmp/1xlaA0 81.666667
/tmp/1dxiA0 78.333333
/data/pdb_release/all/pdb1dtp.ent 65.000000
/tmp/1dmaA0 58.333333
/nfs/cathdata/dompdb/1dik04 81.666667
/nfs/cathdata/dompdb/1kauC2 83.333333
/nfs/cathdata/dompdb/1aa8A2 35.000000
/tmp/1hymA0 16.666667
/tmp/1cseI0 20.000000
/tmp/1ypcI0 20.000000
/data/pdb_release/all/pdb1cis.ent 23.333333
/data/pdb_release/all/pdb1mit.ent 25.000000
/nfs/cathdata/dompdb/2baa02 16.666667
/data/pdb_release/all/pdb1ica.ent 16.666667
/data/pdb_release/all/pdb1cnv.ent 65.000000
/tmp/1xyzA0 71.666667
/data/pdb_release/all/pdb1exp.ent 70.000000
/tmp/1clxA0 66.666667
/data/pdb_release/all/pdb2ebn.ent 70.000000
/data/pdb_release/all/pdb1edt.ent 70.000000
/nfs/cathdata/dompdb/1ctn02 71.666667
/data/pdb_release/all/pdb1cec.ent 78.333333
/tmp/1ghsA0 70.000000
/data/pdb_release/all/pdb1ghr.ent 65.000000
/data/pdb_release/all/pdb1cbg.ent 80.000000
/nfs/cathdata/dompdb/1amg01 68.333333
/nfs/cathdata/dompdb/1amy01 65.000000
/nfs/cathdata/dompdb/2aaa01 80.000000
/nfs/cathdata/dompdb/2taaA1 66.666667
/nfs/cathdata/dompdb/1ppi01 56.666667
/data/pdb_release/all/pdb1hny.ent 56.666667
/nfs/cathdata/dompdb/1cgt01 80.000000
/nfs/cathdata/dompdb/1cdg01 81.666667
/nfs/cathdata/dompdb/1cyg01 75.000000
/nfs/cathdata/dompdb/1ciu01 81.666667
/nfs/cathdata/dompdb/1pamA1 81.666667
/data/pdb_release/all/pdb1btc.ent 68.333333
/nfs/cathdata/dompdb/1bglA3 63.333333
/tmp/1pbgA0 81.666667
/tmp/1tpfA0 66.666667
/tmp/1ypiA0 71.666667
/tmp/1timA0 70.000000
/tmp/1treA0 68.333333
/tmp/1htiA0 70.000000
/tmp/1btmA0 75.000000
/data/pdb_release/all/pdb1ads.ent 85.000000
/data/pdb_release/all/pdb1ral.ent 70.000000
/nfs/cathdata/dompdb/1csbB2 43.333333
/nfs/cathdata/dompdb/1bmc01 63.333333
/nfs/cathdata/dompdb/1ezm01 43.333333
/nfs/cathdata/dompdb/1esp01 43.333333
/nfs/cathdata/dompdb/2tmnE1 43.333333
/nfs/cathdata/dompdb/1dhy01 48.333333
/nfs/cathdata/dompdb/1han01 48.333333
/nfs/cathdata/dompdb/1dhy02 40.000000
/nfs/cathdata/dompdb/1han02 40.000000
/data/pdb_release/all/pdb1std.ent 66.666667
/data/pdb_release/all/pdb2cba.ent 46.666667
/data/pdb_release/all/pdb1crm.ent 51.666667
/tmp/1dmxA0 46.666667
/nfs/cathdata/dompdb/1bncA3 73.333333
/nfs/cathdata/dompdb/1daaA2 55.000000
/data/pdb_release/all/pdb1gym.ent 61.666667
/nfs/cathdata/dompdb/1ami04 70.000000
/tmp/1fvpA0 68.333333
/data/pdb_release/all/pdb1nfp.ent 66.666667
/tmp/1brlB0 70.000000
/tmp/1lucA0 68.333333
/data/pdb_release/all/pdb1tml.ent 68.333333
/nfs/cathdata/dompdb/1pii02 56.666667
/nfs/cathdata/dompdb/1pii01 65.000000
/data/pdb_release/all/pdb1igs.ent 63.333333
/tmp/1wsyA0 71.666667
/nfs/cathdata/dompdb/1pkm02 68.333333
/nfs/cathdata/dompdb/1pkyA2 70.000000
/tmp/1nal10 75.000000
/tmp/1fbaA0 66.666667
/data/pdb_release/all/pdb1ald.ent 66.666667
/data/pdb_release/all/pdb1nar.ent 66.666667
/data/pdb_release/all/pdb2hvm.ent 66.666667
/data/pdb_release/all/pdb1fkb.ent 33.333333
/data/pdb_release/all/pdb1yat.ent 35.000000
/data/pdb_release/all/pdb1pbk.ent 35.000000
/data/pdb_release/all/pdb1rot.ent 50.000000
/nfs/cathdata/dompdb/1hmy02 41.666667
/tmp/2msbA0 43.333333
/data/pdb_release/all/pdb1hup.ent 53.333333
/tmp/1rtm10 51.666667
/tmp/1rdl10 43.333333
/data/pdb_release/all/pdb1aak.ent 65.000000
/data/pdb_release/all/pdb2uce.ent 56.666667
/data/pdb_release/all/pdb1ucz.ent 53.333333
/tmp/1u9aA0 56.666667
/nfs/cathdata/dompdb/1fcbA1 53.333333
/data/pdb_release/all/pdb1b5m.ent 66.666667
/data/pdb_release/all/pdb1iet.ent 23.333333
/data/pdb_release/all/pdb1cyo.ent 63.333333
/tmp/1mkaA0 41.666667
/data/pdb_release/all/pdb1onc.ent 55.000000
/data/pdb_release/all/pdb7rsa.ent 55.000000
/tmp/1bsrA0 55.000000
/data/pdb_release/all/pdb1ang.ent 55.000000
/data/pdb_release/all/pdb1agi.ent 55.000000
/nfs/cathdata/dompdb/1hpm02 51.666667
/nfs/cathdata/dompdb/2polA3 43.333333
/nfs/cathdata/dompdb/2polA2 43.333333
/nfs/cathdata/dompdb/2polA1 43.333333
/nfs/cathdata/dompdb/9pap01 41.666667
/nfs/cathdata/dompdb/1aec01 43.333333
/nfs/cathdata/dompdb/1gecE1 43.333333
/nfs/cathdata/dompdb/1ppo01 43.333333
/nfs/cathdata/dompdb/1yal01 41.666667
/nfs/cathdata/dompdb/1theA1 46.666667
/data/pdb_release/all/pdb1pgb.ent 30.000000
/data/pdb_release/all/pdb2igg.ent 26.666667
/data/pdb_release/all/pdb3fxc.ent 28.333333
/tmp/1frrA0 45.000000
/tmp/1fxiA0 33.333333
/tmp/1fxaA0 45.000000
/data/pdb_release/all/pdb1frd.ent 46.666667
/data/pdb_release/all/pdb1dox.ent 23.333333
/data/pdb_release/all/pdb1cjn.ent 45.000000
/data/pdb_release/all/pdb1doi.ent 55.000000
/data/pdb_release/all/pdb1put.ent 46.666667
/nfs/cathdata/dompdb/2pia03 33.333333
/data/pdb_release/all/pdb1ubi.ent 28.333333
/nfs/cathdata/dompdb/1lgr02 41.666667
/data/pdb_release/all/pdb1tif.ent 43.333333
/data/pdb_release/all/pdb1rfa.ent 30.000000
/tmp/1molA0 31.666667
/tmp/1stfI0 43.333333
/data/pdb_release/all/pdb1cyu.ent 35.000000
/tmp/1cewI0 53.333333
/tmp/1udiI0 41.666667
/data/pdb_release/all/pdb1fus.ent 31.666667
/data/pdb_release/all/pdb9rnt.ent 31.666667
/data/pdb_release/all/pdb1rds.ent 30.000000
/tmp/1gmpA0 31.666667
/tmp/1brnL0 55.000000
/tmp/2rbiA0 55.000000
/nfs/cathdata/dompdb/1oacA2 43.333333
/nfs/cathdata/dompdb/1prtB1 41.666667
/nfs/cathdata/dompdb/1prtC1 41.666667
/nfs/cathdata/dompdb/1ctn03 31.666667
/nfs/cathdata/dompdb/1gtrA3 15.000000
/nfs/cathdata/dompdb/1grj02 30.000000
/data/pdb_release/all/pdb1tsp.ent 65.000000
/nfs/cathdata/dompdb/1dhx01 13.333333
/nfs/cathdata/dompdb/2psg01 31.666667
/nfs/cathdata/dompdb/1mpp01 35.000000
/nfs/cathdata/dompdb/1bbs01 46.666667
/nfs/cathdata/dompdb/4cms01 43.333333
/nfs/cathdata/dompdb/1smrA1 43.333333
/nfs/cathdata/dompdb/1epmE1 46.666667
/nfs/cathdata/dompdb/1pplE1 56.666667
/nfs/cathdata/dompdb/2apr01 45.000000
/nfs/cathdata/dompdb/1psoE1 43.333333
/nfs/cathdata/dompdb/1htrB1 46.666667
/nfs/cathdata/dompdb/1jxrA1 35.000000
/nfs/cathdata/dompdb/2asi01 46.666667
/nfs/cathdata/dompdb/1smeA1 46.666667
/nfs/cathdata/dompdb/1epmE2 46.666667
/nfs/cathdata/dompdb/1pplE2 40.000000
/nfs/cathdata/dompdb/1mpp02 45.000000
/nfs/cathdata/dompdb/2asi02 33.333333
/nfs/cathdata/dompdb/2apr02 33.333333
/nfs/cathdata/dompdb/1psaA2 46.666667
/nfs/cathdata/dompdb/1lyaB2 36.666667
/nfs/cathdata/dompdb/1rne02 46.666667
/nfs/cathdata/dompdb/1cms02 46.666667
/nfs/cathdata/dompdb/1smrA2 43.333333
/nfs/cathdata/dompdb/1psoE2 46.666667
/nfs/cathdata/dompdb/1htrB2 43.333333
/nfs/cathdata/dompdb/1jxrA2 33.333333
/data/pdb_release/all/pdb2cas.ent 56.666667
/nfs/cathdata/dompdb/1rthA1 43.333333
/data/pdb_release/all/pdb1har.ent 41.666667
/nfs/cathdata/dompdb/1mml01 41.666667
/data/pdb_release/all/pdb1pgx.ent 30.000000
/data/pdb_release/all/pdb4fgf.ent 23.333333
/tmp/1afgA0 20.000000
/data/pdb_release/all/pdb1i1b.ent 26.666667
/data/pdb_release/all/pdb8i1b.ent 23.333333
/tmp/1ilr10 23.333333
/data/pdb_release/all/pdb1hcd.ent 23.333333
/data/pdb_release/all/pdb1tie.ent 23.333333
/data/pdb_release/all/pdb1wbc.ent 35.000000
/nfs/cathdata/dompdb/2aaiB2 23.333333
/nfs/cathdata/dompdb/1abrB2 20.000000
/nfs/cathdata/dompdb/2aaiB1 23.333333
/nfs/cathdata/dompdb/1abrB1 20.000000
/tmp/1msaA0 23.333333
/nfs/cathdata/dompdb/1dlc03 33.333333
/tmp/1vmoA0 20.000000
/data/pdb_release/all/pdb1hxn.ent 46.666667
/nfs/cathdata/dompdb/1fbl02 43.333333
/data/pdb_release/all/pdb1rtg.ent 46.666667
/data/pdb_release/all/pdb1pex.ent 36.666667
/data/pdb_release/all/pdb2nn9.ent 30.000000
/data/pdb_release/all/pdb2bat.ent 31.666667
/tmp/1nscA0 20.000000
/data/pdb_release/all/pdb1inv.ent 20.000000
/data/pdb_release/all/pdb1sim.ent 33.333333
/tmp/2bbkH0 31.666667
/tmp/1mdaH0 31.666667
/tmp/2madH0 0.000000
/nfs/cathdata/dompdb/1gof02 31.666667
/tmp/3aahA0 46.666667
/nfs/cathdata/dompdb/1kapP1 33.333333
/nfs/cathdata/dompdb/1sat01 31.666667
/nfs/cathdata/dompdb/1lxa01 20.000000
/data/pdb_release/all/pdb2pec.ent 53.333333
/nfs/cathdata/dompdb/2taaA2 20.000000
/nfs/cathdata/dompdb/1ppi02 23.333333
/nfs/cathdata/dompdb/1bvp12 20.000000
/data/pdb_release/all/pdb1bcx.ent 31.666667
/tmp/1enxA0 31.666667
/data/pdb_release/all/pdb1xnd.ent 31.666667
/data/pdb_release/all/pdb1xyn.ent 31.666667
/data/pdb_release/all/pdb1yna.ent 31.666667
/tmp/2pcdA0 56.666667
/tmp/2pcdM0 35.000000
/nfs/cathdata/dompdb/1dlc02 23.333333
/nfs/cathdata/dompdb/1ciy03 20.000000
/nfs/cathdata/dompdb/1ddt03 21.666667
/tmp/1gff10 78.333333
/tmp/2bpa10 76.666667
/data/pdb_release/all/pdb1jbc.ent 20.000000
/data/pdb_release/all/pdb2cna.ent 35.000000
/nfs/cathdata/dompdb/1dhx04 55.000000
/tmp/4htcI0 10.000000
/data/pdb_release/all/pdb1hic.ent 11.666667
/nfs/cathdata/dompdb/1ecl03 30.000000
/data/pdb_release/all/pdb1htp.ent 56.666667
/tmp/1dupA0 31.666667
/nfs/cathdata/dompdb/1ggtA1 31.666667
/tmp/1tsrA0 33.333333
/data/pdb_release/all/pdb1gpr.ent 35.000000
/data/pdb_release/all/pdb1f3g.ent 38.333333
/nfs/cathdata/dompdb/1aozA3 63.333333
/nfs/cathdata/dompdb/1oacA3 48.333333
/nfs/cathdata/dompdb/1bglA5 45.000000
/nfs/cathdata/dompdb/1bglA1 45.000000
/tmp/1celA0 75.000000
/tmp/1afcA0 20.000000
/tmp/2plv20 43.333333
/tmp/1rhi20 46.666667
/data/pdb_release/all/pdb1pov.ent 45.000000
/tmp/1bmv10 35.000000
/tmp/4sbvA0 55.000000
/tmp/1smvA0 55.000000
/tmp/2tbvA0 31.666667
/tmp/2bbvA0 41.666667
/tmp/1bmv20 45.000000
/tmp/1tnfA0 20.000000
/tmp/1tnrA0 23.333333
/tmp/1hlcA0 20.000000
/tmp/1sltA0 21.666667
/tmp/2ltnA0 20.000000
/tmp/1lenA0 23.333333
/tmp/1lgcA0 23.333333
/data/pdb_release/all/pdb1lte.ent 31.666667
/data/pdb_release/all/pdb1sba.ent 26.666667
/data/pdb_release/all/pdb1gsl.ent 43.333333
/tmp/2pelA0 35.000000
/tmp/1fatA0 31.666667
/tmp/1ioaA0 31.666667
/tmp/1sacA0 31.666667
/tmp/1gnhA0 35.000000
/data/pdb_release/all/pdb2ayh.ent 30.000000
/data/pdb_release/all/pdb1cpm.ent 35.000000
/data/pdb_release/all/pdb1gbg.ent 30.000000
/nfs/cathdata/dompdb/1cgt02 31.666667
/nfs/cathdata/dompdb/1cdg02 35.000000
/nfs/cathdata/dompdb/1cyg02 31.666667
/nfs/cathdata/dompdb/1ciu02 31.666667
/nfs/cathdata/dompdb/1pamA2 31.666667
/nfs/cathdata/dompdb/2aaa02 31.666667
/nfs/cathdata/dompdb/1pnf02 20.000000
/data/pdb_release/all/pdb1knb.ent 23.333333
/tmp/1sluA0 20.000000
/nfs/cathdata/dompdb/1lla02 58.333333
/nfs/cathdata/dompdb/1svb01 20.000000
/data/pdb_release/all/pdb1cyw.ent 53.333333
/nfs/cathdata/dompdb/1hcz01 45.000000
/data/pdb_release/all/pdb1thw.ent 66.666667
/tmp/1cauB0 43.333333
/nfs/cathdata/dompdb/2phlA3 23.333333
/nfs/cathdata/dompdb/2phlA2 35.000000
/data/pdb_release/all/pdb2stv.ent 43.333333
/tmp/1bbt10 41.666667
/tmp/1pov10 40.000000
/tmp/1pvc10 40.000000
/tmp/1r0910 43.333333
/tmp/1rhi10 58.333333
/tmp/1tme10 40.000000
/tmp/2mev10 41.666667
/tmp/2bpa20 21.666667
/tmp/1gff20 23.333333
/tmp/1bbt30 41.666667
/tmp/1tme30 41.666667
/tmp/2mev30 41.666667
/tmp/1r0930 43.333333
/tmp/1pov30 41.666667
/tmp/1pvc30 41.666667
/tmp/1rhi30 41.666667
/tmp/1bbt20 31.666667
/tmp/1tme20 35.000000
/tmp/2mev20 35.000000
/tmp/1r0920 31.666667
/tmp/1pvc20 43.333333
/data/pdb_release/all/pdb1arn.ent 46.666667
/tmp/1aizA0 43.333333
/data/pdb_release/all/pdb1aaj.ent 18.333333
/nfs/cathdata/dompdb/1aozA1 20.000000
/nfs/cathdata/dompdb/1aozA2 33.333333
/nfs/cathdata/dompdb/1gof03 23.333333
/nfs/cathdata/dompdb/1nif01 31.666667
/nfs/cathdata/dompdb/1afnA1 31.666667
/nfs/cathdata/dompdb/1nif02 31.666667
/nfs/cathdata/dompdb/1ntd02 31.666667
/tmp/1eta10 30.000000
/tmp/1tfpA0 20.000000
/tmp/1sxaA0 31.666667
/tmp/1srdA0 23.333333
/data/pdb_release/all/pdb1jcv.ent 33.333333
/tmp/1sosA0 28.333333
/tmp/1xsoA0 31.666667
/data/pdb_release/all/pdb1akp.ent 20.000000
/data/pdb_release/all/pdb1acx.ent 20.000000
/data/pdb_release/all/pdb1noa.ent 20.000000
/data/pdb_release/all/pdb2mcm.ent 20.000000
/nfs/cathdata/dompdb/1clc01 18.333333
/nfs/cathdata/dompdb/1ctn01 35.000000
/data/pdb_release/all/pdb1exg.ent 20.000000
/nfs/cathdata/dompdb/1bglA4 23.333333
/nfs/cathdata/dompdb/1bglA2 20.000000
/nfs/cathdata/dompdb/1svcP3 20.000000
/nfs/cathdata/dompdb/1svb04 16.666667
/nfs/cathdata/dompdb/1gof01 23.333333
/nfs/cathdata/dompdb/2sblB1 20.000000
/nfs/cathdata/dompdb/1hplA2 23.333333
/nfs/cathdata/dompdb/1lpbB2 23.333333
/nfs/cathdata/dompdb/1pgs01 23.333333
/data/pdb_release/all/pdb1ten.ent 20.000000
/nfs/cathdata/dompdb/1fnf01 16.666667
/nfs/cathdata/dompdb/1fnf02 21.666667
/nfs/cathdata/dompdb/1fnf03 21.666667
/nfs/cathdata/dompdb/1cfb01 23.333333
/nfs/cathdata/dompdb/1cfb02 20.000000
/tmp/1wapA0 21.666667
/data/pdb_release/all/pdb1ncg.ent 20.000000
/data/pdb_release/all/pdb1suh.ent 23.333333
/nfs/cathdata/dompdb/1ggtA4 16.666667
/nfs/cathdata/dompdb/1cgt04 18.333333
/nfs/cathdata/dompdb/1cdg04 20.000000
/nfs/cathdata/dompdb/1cyg04 18.333333
/data/pdb_release/all/pdb1kul.ent 15.000000
/nfs/cathdata/dompdb/1ciu04 20.000000
/nfs/cathdata/dompdb/1pamA4 20.000000
/nfs/cathdata/dompdb/1cgt03 23.333333
/nfs/cathdata/dompdb/1cdg03 23.333333
/nfs/cathdata/dompdb/1cyg03 20.000000
/nfs/cathdata/dompdb/1ciu03 21.666667
/nfs/cathdata/dompdb/1pamA3 21.666667
/data/pdb_release/all/pdb1rsy.ent 40.000000
/data/pdb_release/all/pdb1plc.ent 35.000000
/data/pdb_release/all/pdb9pcy.ent 21.666667
/data/pdb_release/all/pdb2plt.ent 31.666667
/data/pdb_release/all/pdb7pcy.ent 31.666667
/data/pdb_release/all/pdb1pla.ent 20.000000
/data/pdb_release/all/pdb1nin.ent 16.666667
/data/pdb_release/all/pdb1paz.ent 40.000000
/data/pdb_release/all/pdb1pmy.ent 41.666667
/data/pdb_release/all/pdb1zia.ent 40.000000
/tmp/1adwA0 40.000000
/tmp/1vlxA0 43.333333
/nfs/cathdata/dompdb/1vgeH1 23.333333
/nfs/cathdata/dompdb/1yuhB1 18.333333
/nfs/cathdata/dompdb/1clyH1 23.333333
/nfs/cathdata/dompdb/1kelH1 23.333333
/nfs/cathdata/dompdb/1nldH1 35.000000
/nfs/cathdata/dompdb/1ghfH1 20.000000
/nfs/cathdata/dompdb/1ospH1 23.333333
/nfs/cathdata/dompdb/1mimH1 20.000000
/nfs/cathdata/dompdb/1cloH1 20.000000
/nfs/cathdata/dompdb/1plgL1 21.666667
/nfs/cathdata/dompdb/1ghfL1 23.333333
/nfs/cathdata/dompdb/1clzL1 23.333333
/nfs/cathdata/dompdb/1kelL1 20.000000
/nfs/cathdata/dompdb/1gafL1 23.333333
/nfs/cathdata/dompdb/1iaiL1 18.333333
/nfs/cathdata/dompdb/1aifA1 20.000000
/nfs/cathdata/dompdb/1vgeL1 20.000000
/nfs/cathdata/dompdb/1nldL1 20.000000
/nfs/cathdata/dompdb/1ospL1 20.000000
/nfs/cathdata/dompdb/1mimL1 20.000000
/nfs/cathdata/dompdb/1lilA1 23.333333
/nfs/cathdata/dompdb/1cloL1 20.000000
/nfs/cathdata/dompdb/1bec01 20.000000
/nfs/cathdata/dompdb/1tcrB1 20.000000
/data/pdb_release/all/pdb1tit.ent 18.333333
/data/pdb_release/all/pdb1cid.ent 20.000000
/data/pdb_release/all/pdb3cd4.ent 20.000000
/data/pdb_release/all/pdb1hoe.ent 21.666667
/nfs/cathdata/dompdb/3hhrB1 20.000000
/nfs/cathdata/dompdb/3hhrB2 20.000000
/nfs/cathdata/dompdb/1fieA3 31.666667
/nfs/cathdata/dompdb/1hft01 31.666667
/data/pdb_release/all/pdb1ttf.ent 16.666667
/nfs/cathdata/dompdb/1hilA1 21.666667
/nfs/cathdata/dompdb/1ggbL1 23.333333
/nfs/cathdata/dompdb/1gigL1 20.000000
/nfs/cathdata/dompdb/1mfeL1 23.333333
/nfs/cathdata/dompdb/1igfL1 23.333333
/nfs/cathdata/dompdb/1lmkA2 20.000000
/nfs/cathdata/dompdb/1mcbA1 23.333333
/nfs/cathdata/dompdb/1mlbA1 20.000000
/nfs/cathdata/dompdb/3hfmL1 20.000000
/nfs/cathdata/dompdb/1opgL1 23.333333
/nfs/cathdata/dompdb/1ncaL1 20.000000
/nfs/cathdata/dompdb/1tetL1 18.333333
/nfs/cathdata/dompdb/2fb4L1 23.333333
/nfs/cathdata/dompdb/2fbjL1 20.000000
/nfs/cathdata/dompdb/6fabL1 23.333333
/nfs/cathdata/dompdb/7fabL1 16.666667
/nfs/cathdata/dompdb/8fabA1 20.000000
/nfs/cathdata/dompdb/1eapA1 20.000000
/nfs/cathdata/dompdb/1figL1 18.333333
/nfs/cathdata/dompdb/1forL1 23.333333
/nfs/cathdata/dompdb/1ibgL1 21.666667
/nfs/cathdata/dompdb/1igcL1 21.666667
/nfs/cathdata/dompdb/1jelL1 18.333333
/nfs/cathdata/dompdb/1nsnL1 21.666667
/nfs/cathdata/dompdb/2gfbA1 18.333333
/tmp/1dvfC0 21.666667
/tmp/1dvfD0 20.000000
/data/pdb_release/all/pdb1vhp.ent 18.333333
/nfs/cathdata/dompdb/1gafH1 20.000000
/nfs/cathdata/dompdb/1iaiH1 23.333333
/nfs/cathdata/dompdb/1aifB1 20.000000
/nfs/cathdata/dompdb/1ngpH1 20.000000
/nfs/cathdata/dompdb/1plgH1 20.000000
/nfs/cathdata/dompdb/1mlbB1 23.333333
/nfs/cathdata/dompdb/2cgrH1 23.333333
/nfs/cathdata/dompdb/1eapB1 20.000000
/nfs/cathdata/dompdb/1faiH1 35.000000
/nfs/cathdata/dompdb/1fbiH1 20.000000
/nfs/cathdata/dompdb/1figH1 23.333333
/nfs/cathdata/dompdb/1forH1 23.333333
/nfs/cathdata/dompdb/1fptH1 20.000000
/nfs/cathdata/dompdb/1frgH1 20.000000
/nfs/cathdata/dompdb/1gigH1 20.000000
/nfs/cathdata/dompdb/1ibgH1 23.333333
/nfs/cathdata/dompdb/1igcH1 20.000000
/nfs/cathdata/dompdb/1igjB1 20.000000
/nfs/cathdata/dompdb/1ikfH1 23.333333
/nfs/cathdata/dompdb/1jelH1 20.000000
/nfs/cathdata/dompdb/1mrcH1 20.000000
/nfs/cathdata/dompdb/1nsnH1 20.000000
/nfs/cathdata/dompdb/1opgH1 20.000000
/nfs/cathdata/dompdb/1rmfH1 23.333333
/nfs/cathdata/dompdb/2fgwH1 20.000000
/nfs/cathdata/dompdb/2gfbB1 20.000000
/nfs/cathdata/dompdb/6fabH1 20.000000
/nfs/cathdata/dompdb/1acyL1 21.666667
/nfs/cathdata/dompdb/1bafL1 21.666667
/nfs/cathdata/dompdb/1bbdL1 21.666667
/nfs/cathdata/dompdb/1bqlL1 20.000000
/nfs/cathdata/dompdb/2cgrL1 23.333333
/nfs/cathdata/dompdb/1dbbL1 23.333333
/nfs/cathdata/dompdb/1dfbL1 20.000000
/nfs/cathdata/dompdb/1faiL1 20.000000
/nfs/cathdata/dompdb/1mamL1 20.000000
/nfs/cathdata/dompdb/1ikfL1 23.333333
/nfs/cathdata/dompdb/1frgL1 23.333333
/tmp/1wtlA0 23.333333
/tmp/1breA0 21.666667
/tmp/1fvcB0 20.000000
/tmp/1jhlH0 23.333333
/tmp/1vfaB0 20.000000
/tmp/1igmH0 20.000000
/tmp/1mfaL0 0.000000
/tmp/1fgvH0 20.000000
/tmp/1nmaH0 20.000000
/tmp/2bjl10 21.666667
/nfs/cathdata/dompdb/8fabB1 20.000000
/nfs/cathdata/dompdb/2fb4H1 26.666667
/nfs/cathdata/dompdb/1acyH1 20.000000
/nfs/cathdata/dompdb/1bbdH1 23.333333
/nfs/cathdata/dompdb/2hflH1 20.000000
/nfs/cathdata/dompdb/2fbjH1 20.000000
/nfs/cathdata/dompdb/1hilB1 20.000000
/nfs/cathdata/dompdb/1nbvH1 20.000000
/nfs/cathdata/dompdb/7fabH1 20.000000
/nfs/cathdata/dompdb/1indH1 16.666667
/nfs/cathdata/dompdb/1tetH1 23.333333
/nfs/cathdata/dompdb/1mamH1 20.000000
/nfs/cathdata/dompdb/1ncaH1 23.333333
/nfs/cathdata/dompdb/1dbbH1 23.333333
/nfs/cathdata/dompdb/1dfbH1 20.000000
/nfs/cathdata/dompdb/1flrH1 20.000000
/nfs/cathdata/dompdb/1ggbH1 20.000000
/nfs/cathdata/dompdb/1igfH1 23.333333
/nfs/cathdata/dompdb/1bafH1 20.000000
/nfs/cathdata/dompdb/3hfmH1 23.333333
/nfs/cathdata/dompdb/1mcpH1 20.000000
/nfs/cathdata/dompdb/1lmkA1 23.333333
/nfs/cathdata/dompdb/1mfbH1 20.000000
/nfs/cathdata/dompdb/1fc2D2 31.666667
/nfs/cathdata/dompdb/1gigL2 43.333333
/nfs/cathdata/dompdb/1kelL2 31.666667
/nfs/cathdata/dompdb/1gafL2 43.333333
/nfs/cathdata/dompdb/2fb4L2 43.333333
/nfs/cathdata/dompdb/1yuhB2 8.333333
/nfs/cathdata/dompdb/1clzH2 20.000000
/nfs/cathdata/dompdb/1fc2D1 43.333333
/nfs/cathdata/dompdb/1fruA2 23.333333
/tmp/1hsbB0 18.333333
/tmp/1mhcB0 20.000000
/tmp/1fruB0 20.000000
/data/pdb_release/all/pdb1bmg.ent 20.000000
/nfs/cathdata/dompdb/1dlhA2 20.000000
/nfs/cathdata/dompdb/1sebB2 18.333333
/nfs/cathdata/dompdb/1bec02 31.666667
/nfs/cathdata/dompdb/1vcaA2 20.000000
/data/pdb_release/all/pdb1tnm.ent 20.000000
/nfs/cathdata/dompdb/1vcaA1 23.333333
/data/pdb_release/all/pdb1tlk.ent 20.000000
/nfs/cathdata/dompdb/1hft02 31.666667
/data/pdb_release/all/pdb1cd8.ent 20.000000
/nfs/cathdata/dompdb/1igjA1 23.333333
/tmp/1nmbL0 20.000000
/data/pdb_release/all/pdb2rhe.ent 20.000000
/tmp/1fgvL0 21.666667
/data/pdb_release/all/pdb2imn.ent 20.000000
/tmp/1reiA0 21.666667
/tmp/1fvcA0 21.666667
/tmp/1igmL0 23.333333
/tmp/1jhlL0 23.333333
/tmp/1ivlA0 20.000000
/tmp/1vfaA0 23.333333
/data/pdb_release/all/pdb1pho.ent 35.000000
/data/pdb_release/all/pdb1omf.ent 45.000000
/data/pdb_release/all/pdb3bcl.ent 68.333333
/nfs/cathdata/dompdb/1amm01 20.000000
/nfs/cathdata/dompdb/1amm02 35.000000
/nfs/cathdata/dompdb/2bb202 23.333333
/nfs/cathdata/dompdb/2gcr01 23.333333
/nfs/cathdata/dompdb/2gcr02 20.000000
/nfs/cathdata/dompdb/1elpA1 23.333333
/nfs/cathdata/dompdb/1elpA2 35.000000
/nfs/cathdata/dompdb/2bb201 26.666667
/nfs/cathdata/dompdb/1prr01 33.333333
/nfs/cathdata/dompdb/1prr02 31.666667
/tmp/1mdaL0 20.000000
/tmp/2bbkL0 18.333333
/data/pdb_release/all/pdb1cdb.ent 15.000000
/nfs/cathdata/dompdb/1hngA1 20.000000
/tmp/1cdcA0 18.333333
/nfs/cathdata/dompdb/1hnf02 20.000000
/nfs/cathdata/dompdb/1hngA2 20.000000
/tmp/1mfaH0 0.000000
/nfs/cathdata/dompdb/2fbjH2 16.666667
/nfs/cathdata/dompdb/1mcpH2 20.000000
/nfs/cathdata/dompdb/1hocA2 13.333333
/nfs/cathdata/dompdb/1hsaA2 20.000000
/nfs/cathdata/dompdb/1vaaA2 20.000000
/nfs/cathdata/dompdb/1hsbA2 21.666667
/nfs/cathdata/dompdb/1mhcA2 20.000000
/nfs/cathdata/dompdb/8fabB2 35.000000
/nfs/cathdata/dompdb/1kelH2 20.000000
/nfs/cathdata/dompdb/1bbdH2 30.000000
/nfs/cathdata/dompdb/1ospH2 23.333333
/nfs/cathdata/dompdb/1eapB2 20.000000
/tmp/1lopA0 35.000000
/data/pdb_release/all/pdb2cpl.ent 33.333333
/tmp/1cynA0 33.333333
/tmp/2rmcA0 33.333333
/nfs/cathdata/dompdb/1bucA2 35.000000
/nfs/cathdata/dompdb/3mddA2 43.333333
/nfs/cathdata/dompdb/1kxf02 20.000000
/nfs/cathdata/dompdb/1vcpA2 20.000000
/tmp/1smpI0 43.333333
/nfs/cathdata/dompdb/1svcP1 23.333333
/tmp/1sriA0 31.666667
/tmp/1avdA0 20.000000
/data/pdb_release/all/pdb1hbq.ent 33.333333
/data/pdb_release/all/pdb1rbp.ent 33.333333
/tmp/1epaA0 41.666667
/tmp/1bbpA0 41.666667
/data/pdb_release/all/pdb1mup.ent 35.000000
/data/pdb_release/all/pdb1ifc.ent 43.333333
/data/pdb_release/all/pdb1hmr.ent 43.333333
/tmp/1opaA0 43.333333
/data/pdb_release/all/pdb1adl.ent 43.333333
/data/pdb_release/all/pdb1crb.ent 41.666667
/tmp/1cbiA0 43.333333
/tmp/1ftpA0 45.000000
/data/pdb_release/all/pdb1cbs.ent 43.333333
/tmp/1pmpA0 43.333333
/data/pdb_release/all/pdb1mdc.ent 43.333333
/nfs/cathdata/dompdb/7catA1 65.000000
/data/pdb_release/all/pdb1cae.ent 90.000000
/nfs/cathdata/dompdb/1dar02 23.333333
/nfs/cathdata/dompdb/1gtrA4 20.000000
/data/pdb_release/all/pdb1prn.ent 35.000000
/data/pdb_release/all/pdb2por.ent 43.333333
/nfs/cathdata/dompdb/1ppfE1 18.333333
/nfs/cathdata/dompdb/1svpA1 15.000000
/nfs/cathdata/dompdb/1vcpA1 26.666667
/nfs/cathdata/dompdb/1sgt02 31.666667
/nfs/cathdata/dompdb/1hylA1 31.666667
/nfs/cathdata/dompdb/1try02 31.666667
/nfs/cathdata/dompdb/1sgpE1 31.666667
/nfs/cathdata/dompdb/1hpgA1 31.666667
/nfs/cathdata/dompdb/2sga01 30.000000
/nfs/cathdata/dompdb/2alp01 31.666667
/nfs/cathdata/dompdb/1tal01 33.333333
/nfs/cathdata/dompdb/2sfa01 40.000000
/nfs/cathdata/dompdb/1arb02 40.000000
/nfs/cathdata/dompdb/1hylA2 30.000000
/nfs/cathdata/dompdb/1sgpE2 18.333333
/nfs/cathdata/dompdb/1gbaA2 18.333333
/nfs/cathdata/dompdb/1hpgA2 21.666667
/nfs/cathdata/dompdb/2sga02 21.666667
/nfs/cathdata/dompdb/1tal02 18.333333
/nfs/cathdata/dompdb/2sfa02 23.333333
/nfs/cathdata/dompdb/1arb01 23.333333
/nfs/cathdata/dompdb/1cnd01 31.666667
/nfs/cathdata/dompdb/1ndh01 33.333333
/nfs/cathdata/dompdb/2pia01 33.333333
/nfs/cathdata/dompdb/1fnb01 30.000000
/nfs/cathdata/dompdb/1que01 33.333333
/nfs/cathdata/dompdb/1pkm03 35.000000
/nfs/cathdata/dompdb/1pkn03 15.000000
/nfs/cathdata/dompdb/1pkyA3 31.666667
/nfs/cathdata/dompdb/1pkyC3 28.333333
/nfs/cathdata/dompdb/1eft02 20.000000
/nfs/cathdata/dompdb/1efuA2 23.333333
/data/pdb_release/all/pdb1clh.ent 40.000000
/tmp/1tcwA0 31.666667
/tmp/1cpiA0 31.666667
/tmp/2rspA0 30.000000
/nfs/cathdata/dompdb/1pnkB3 20.000000
/nfs/cathdata/dompdb/1eft03 20.000000
/nfs/cathdata/dompdb/1efuA3 21.666667
/tmp/1ucyE0 40.000000
/tmp/1aksB0 43.333333
/tmp/2pkaB0 41.666667
/nfs/cathdata/dompdb/1hcgA1 50.000000
/nfs/cathdata/dompdb/1thsH1 31.666667
/nfs/cathdata/dompdb/1brbE1 30.000000
/nfs/cathdata/dompdb/4ptp01 33.333333
/nfs/cathdata/dompdb/1mctA1 35.000000
/nfs/cathdata/dompdb/1etrH1 35.000000
/nfs/cathdata/dompdb/1bit01 33.333333
/nfs/cathdata/dompdb/1trnA1 33.333333
/nfs/cathdata/dompdb/1try01 33.333333
/nfs/cathdata/dompdb/5chaA1 31.666667
/nfs/cathdata/dompdb/1sgt01 31.666667
/nfs/cathdata/dompdb/1lmwB1 31.666667
/nfs/cathdata/dompdb/1elg01 35.000000
/nfs/cathdata/dompdb/1elt01 30.000000
/nfs/cathdata/dompdb/1ton01 21.666667
/tmp/1mtnC0 46.666667
/nfs/cathdata/dompdb/1tbs01 31.666667
/nfs/cathdata/dompdb/1pfxC1 46.666667
/nfs/cathdata/dompdb/1fonA1 35.000000
/nfs/cathdata/dompdb/1pytD1 31.666667
/nfs/cathdata/dompdb/1rtfB1 18.333333
/nfs/cathdata/dompdb/1fujA1 18.333333
/nfs/cathdata/dompdb/1dst01 33.333333
/nfs/cathdata/dompdb/3rp2A1 20.000000
/tmp/1ceaA0 6.666667
/tmp/1pmlA0 23.333333
/data/pdb_release/all/pdb1kdu.ent 26.666667
/data/pdb_release/all/pdb1krn.ent 6.666667
/data/pdb_release/all/pdb1bw3.ent 63.333333
/tmp/1ihvA0 18.333333
/nfs/cathdata/dompdb/1hcz02 11.666667
/data/pdb_release/all/pdb1lab.ent 11.666667
/data/pdb_release/all/pdb1bdo.ent 18.333333
/data/pdb_release/all/pdb1afp.ent 11.666667
/tmp/1bovA0 31.666667
/data/pdb_release/all/pdb1mjc.ent 18.333333
/data/pdb_release/all/pdb1csp.ent 15.000000
/data/pdb_release/all/pdb1krs.ent 51.666667
/nfs/cathdata/dompdb/1lylA1 58.333333
/nfs/cathdata/dompdb/1asyA1 31.666667
/data/pdb_release/all/pdb1bgh.ent 20.000000
/data/pdb_release/all/pdb1rip.ent 0.000000
/tmp/1prtD0 31.666667
/tmp/1prtF0 30.000000
/nfs/cathdata/dompdb/1tssA2 18.333333
/nfs/cathdata/dompdb/1prtB2 30.000000
/nfs/cathdata/dompdb/1prtC2 33.333333
/tmp/1ltsD0 43.333333
/tmp/1chbD0 43.333333
/data/pdb_release/all/pdb2sns.ent 58.333333
/nfs/cathdata/dompdb/1bco02 18.333333
/nfs/cathdata/dompdb/1esfA1 31.666667
/nfs/cathdata/dompdb/1sebD1 33.333333
/nfs/cathdata/dompdb/1se201 31.666667
/tmp/1fivA0 33.333333
/tmp/1idaA0 30.000000
/tmp/1hivA0 35.000000
/data/pdb_release/all/pdb1dro.ent 40.000000
/nfs/cathdata/dompdb/1hleA1 41.666667
/nfs/cathdata/dompdb/1ovaA1 53.333333
/nfs/cathdata/dompdb/1kauC1 30.000000
/nfs/cathdata/dompdb/2kauC1 30.000000
/tmp/1ucyH0 33.333333
/nfs/cathdata/dompdb/3rp2A2 31.666667
/nfs/cathdata/dompdb/1ihsH2 31.666667
/nfs/cathdata/dompdb/1gctA2 31.666667
/nfs/cathdata/dompdb/1elg02 31.666667
/nfs/cathdata/dompdb/1brbE2 30.000000
/nfs/cathdata/dompdb/4ptp02 30.000000
/nfs/cathdata/dompdb/1elt02 43.333333
/nfs/cathdata/dompdb/1hneE2 28.333333
/nfs/cathdata/dompdb/1mctA2 31.666667
/nfs/cathdata/dompdb/1etrH2 30.000000
/nfs/cathdata/dompdb/1bit02 31.666667
/nfs/cathdata/dompdb/1trnA2 30.000000
/nfs/cathdata/dompdb/1ton02 31.666667
/tmp/2pkaA0 18.333333
/tmp/1mtnB0 18.333333
/tmp/1aksA0 21.666667
/nfs/cathdata/dompdb/1tbs02 30.000000
/nfs/cathdata/dompdb/1pfxC2 31.666667
/nfs/cathdata/dompdb/1fonA2 30.000000
/nfs/cathdata/dompdb/1pytD2 31.666667
/nfs/cathdata/dompdb/1fujA2 31.666667
/nfs/cathdata/dompdb/1rtfB2 30.000000
/nfs/cathdata/dompdb/1dst02 41.666667
/nfs/cathdata/dompdb/1hcgA2 31.666667
/nfs/cathdata/dompdb/1lmwB2 31.666667
/data/pdb_release/all/pdb1pk4.ent 6.666667
/data/pdb_release/all/pdb2pf1.ent 36.666667
/data/pdb_release/all/pdb1ahl.ent 10.000000
/data/pdb_release/all/pdb1atx.ent 15.000000
/data/pdb_release/all/pdb1sh1.ent 16.666667
/data/pdb_release/all/pdb1apf.ent 10.000000
/nfs/cathdata/dompdb/1dar03 15.000000
/nfs/cathdata/dompdb/1elo03 16.666667
/data/pdb_release/all/pdb1tfi.ent 11.666667
/tmp/4sgbI0 11.666667
/data/pdb_release/all/pdb1tih.ent 11.666667
/nfs/cathdata/dompdb/1raaB2 30.000000
/nfs/cathdata/dompdb/2atcB2 0.000000
/nfs/cathdata/dompdb/1ytfD2 11.666667
/tmp/1ytfC0 11.666667
/data/pdb_release/all/pdb1sso.ent 28.333333
/data/pdb_release/all/pdb1sap.ent 30.000000
/data/pdb_release/all/pdb1hsp.ent 0.000000
/data/pdb_release/all/pdb1gfc.ent 6.666667
/tmp/1aboA0 18.333333
/tmp/1cskA0 16.666667
/tmp/1ckaA0 16.666667
/tmp/1gbrA0 16.666667
/data/pdb_release/all/pdb1shg.ent 18.333333
/tmp/1shfA0 21.666667
/tmp/1nloC0 11.666667
/data/pdb_release/all/pdb1pnj.ent 18.333333
/tmp/1semA0 18.333333
/nfs/cathdata/dompdb/1lckA1 18.333333
/data/pdb_release/all/pdb1tud.ent 18.333333
/data/pdb_release/all/pdb1tuc.ent 18.333333
/nfs/cathdata/dompdb/1ad5A1 18.333333
/data/pdb_release/all/pdb1pls.ent 31.666667
/tmp/1dynA0 33.333333
/data/pdb_release/all/pdb1btn.ent 41.666667
/tmp/1tgxA0 15.000000
/data/pdb_release/all/pdb1nea.ent 18.333333
/data/pdb_release/all/pdb1nor.ent 18.333333
/data/pdb_release/all/pdb1ntx.ent 15.000000
/data/pdb_release/all/pdb1fas.ent 18.333333
/tmp/1cdtA0 18.333333
/data/pdb_release/all/pdb2crs.ent 16.666667
/data/pdb_release/all/pdb1ntn.ent 28.333333
/data/pdb_release/all/pdb1tfs.ent 18.333333
/data/pdb_release/all/pdb1lsi.ent 11.666667
/nfs/cathdata/dompdb/1psi01 43.333333
/nfs/cathdata/dompdb/2achA2 43.333333
/tmp/1bi6H0 10.000000
/data/pdb_release/all/pdb1tpm.ent 18.333333
/nfs/cathdata/dompdb/1hfh01 11.666667
/data/pdb_release/all/pdb1hcc.ent 16.666667
/tmp/1lpbA0 28.333333
/nfs/cathdata/dompdb/1antI1 45.000000
/tmp/1hcnB0 16.666667
/tmp/1hcnA0 35.000000
/tmp/1pdgA0 18.333333
/data/pdb_release/all/pdb2tgi.ent 48.333333
/tmp/1klaA0 30.000000
/data/pdb_release/all/pdb1tgj.ent 43.333333
/data/pdb_release/all/pdb1bet.ent 20.000000
/tmp/1bndA0 35.000000
/tmp/1bndB0 18.333333
/data/pdb_release/all/pdb1fbr.ent 18.333333
/tmp/1umuA0 33.333333
/data/pdb_release/all/pdb1ctl.ent 28.333333
/data/pdb_release/all/pdb1iml.ent 33.333333
/nfs/cathdata/dompdb/1extB1 18.333333
/tmp/2kauB0 16.666667
/tmp/1rprA0 30.000000
/tmp/1fc2C0 33.333333
/tmp/1spzZ0 46.666667
/data/pdb_release/all/pdb1edi.ent 46.666667
/data/pdb_release/all/pdb2pdd.ent 30.000000
/data/pdb_release/all/pdb1bal.ent 33.333333
/tmp/1csbA0 30.000000
/tmp/1htrP0 33.333333
/nfs/cathdata/dompdb/1ilk02 46.666667
/data/pdb_release/all/pdb1bha.ent 46.666667
/nfs/cathdata/dompdb/1grj01 53.333333
/nfs/cathdata/dompdb/1sesA1 63.333333
/data/pdb_release/all/pdb1pdc.ent 6.666667
/tmp/2achB0 6.666667
/data/pdb_release/all/pdb1egf.ent 10.000000
/data/pdb_release/all/pdb1apo.ent 0.000000
/data/pdb_release/all/pdb1fsb.ent 6.666667
/data/pdb_release/all/pdb1hre.ent 0.000000
/data/pdb_release/all/pdb1yuf.ent 6.666667
/tmp/1hcgB0 16.666667
/data/pdb_release/all/pdb1ata.ent 16.666667
/nfs/cathdata/dompdb/1ncfA2 16.666667
/data/pdb_release/all/pdb1cdq.ent 28.333333
/tmp/1kbaA0 30.000000
/tmp/2abxA0 0.000000
/tmp/1abtA0 10.000000
/data/pdb_release/all/pdb3ebx.ent 16.666667
/data/pdb_release/all/pdb2ctx.ent 15.000000
/data/pdb_release/all/pdb2cdx.ent 11.666667
/tmp/1kxiA0 16.666667
/data/pdb_release/all/pdb1cre.ent 6.666667
/data/pdb_release/all/pdb1cod.ent 15.000000
/data/pdb_release/all/pdb1drs.ent 13.333333
/data/pdb_release/all/pdb1lki.ent 76.666667
/tmp/3inkC0 78.333333
/data/pdb_release/all/pdb1hgu.ent 90.000000
/data/pdb_release/all/pdb1huw.ent 90.000000
/tmp/3hhrA0 90.000000
/data/pdb_release/all/pdb1lpt.ent 86.666667
/data/pdb_release/all/pdb1lip.ent 76.666667
/data/pdb_release/all/pdb1mzm.ent 76.666667
/data/pdb_release/all/pdb1hyp.ent 50.000000
/nfs/cathdata/dompdb/1dlc01 90.000000
/nfs/cathdata/dompdb/1ciy01 90.000000
/tmp/1etrL0 16.666667
/tmp/1tbrJ0 33.333333
/tmp/3aahB0 16.666667
/tmp/4aahB0 16.666667
/tmp/1olgA0 16.666667
/tmp/2bbvD0 16.666667
/data/pdb_release/all/pdb2ifo.ent 16.666667
/tmp/1pfiA0 30.000000
/tmp/1junA0 16.666667
/data/pdb_release/all/pdb1tvs.ent 63.333333
/tmp/1ysaC0 16.666667
/data/pdb_release/all/pdb1aml.ent 33.333333
/data/pdb_release/all/pdb125d.ent 33.333333
/data/pdb_release/all/pdb1cld.ent 30.000000
/tmp/1d66A0 46.666667
/data/pdb_release/all/pdb1pyc.ent 30.000000
/nfs/cathdata/dompdb/1poxA4 30.000000
/tmp/1ltsC0 33.333333
/tmp/1xtcC0 33.333333
/tmp/1scmA0 33.333333
/tmp/1mdyB0 30.000000
/data/pdb_release/all/pdb1bct.ent 33.333333
/nfs/cathdata/dompdb/1pcrL2 63.333333
/nfs/cathdata/dompdb/1prcL2 76.666667
/nfs/cathdata/dompdb/1pcrM2 90.000000
/nfs/cathdata/dompdb/1prcM2 90.000000
/nfs/cathdata/dompdb/1dik05 63.333333
/tmp/1bcfA0 76.666667
/data/pdb_release/all/pdb1fha.ent 90.000000
/data/pdb_release/all/pdb1ier.ent 90.000000
/data/pdb_release/all/pdb1rcc.ent 86.666667
/tmp/2ccyA0 76.666667
/data/pdb_release/all/pdb1cpq.ent 73.333333
/tmp/1bbhA0 60.000000
/data/pdb_release/all/pdb1cgn.ent 90.000000
/data/pdb_release/all/pdb1lpe.ent 76.666667
/data/pdb_release/all/pdb2asr.ent 73.333333
/data/pdb_release/all/pdb1vls.ent 73.333333
/data/pdb_release/all/pdb1aep.ent 76.666667
/tmp/256bA0 73.333333
/tmp/2hmqA0 60.000000
/data/pdb_release/all/pdb2mhr.ent 60.000000
/tmp/2tmvP0 78.333333
/tmp/1rmvA0 60.000000
/nfs/cathdata/dompdb/2ilk01 86.666667
/nfs/cathdata/dompdb/1vlk01 76.666667
/nfs/cathdata/dompdb/1bucA3 76.666667
/nfs/cathdata/dompdb/3mddA3 76.666667
/nfs/cathdata/dompdb/1chkA1 90.000000
/data/pdb_release/all/pdb1lis.ent 76.666667
/data/pdb_release/all/pdb1rcb.ent 63.333333
/tmp/1gmfA0 66.666667
/tmp/1bgeA0 76.666667
/tmp/1rhgA0 73.333333
/data/pdb_release/all/pdb1bgc.ent 86.666667
/nfs/cathdata/dompdb/1whtA2 46.666667
/data/pdb_release/all/pdb2erl.ent 46.666667
/nfs/cathdata/dompdb/1ytfD1 30.000000
/nfs/cathdata/dompdb/1mtyG1 46.666667
/nfs/cathdata/dompdb/1mhyG1 46.666667
/tmp/1ecmA0 46.666667
/nfs/cathdata/dompdb/1lxa02 60.000000
/data/pdb_release/all/pdb1acp.ent 63.333333
/data/pdb_release/all/pdb1aca.ent 60.000000
/nfs/cathdata/dompdb/1pcrM1 63.333333
/nfs/cathdata/dompdb/1prcM1 50.000000
/nfs/cathdata/dompdb/1pcrL1 78.333333
/nfs/cathdata/dompdb/1prcL1 76.666667
/nfs/cathdata/dompdb/3sdpA1 43.333333
/nfs/cathdata/dompdb/1mngA1 73.333333
/nfs/cathdata/dompdb/1svcP2 46.666667
/nfs/cathdata/dompdb/1nfkA2 33.333333
/nfs/cathdata/dompdb/1mtyG2 63.333333
/nfs/cathdata/dompdb/1mhyG2 63.333333
/nfs/cathdata/dompdb/2minB4 43.333333
/nfs/cathdata/dompdb/1mioB3 63.333333
/data/pdb_release/all/pdb1poc.ent 53.333333
/data/pdb_release/all/pdb1ppa.ent 63.333333
/data/pdb_release/all/pdb1poa.ent 70.000000
/data/pdb_release/all/pdb4bp2.ent 66.666667
/data/pdb_release/all/pdb1pod.ent 70.000000
/tmp/3p2pA0 53.333333
/tmp/1pp2L0 66.666667
/tmp/1clpA0 70.000000
/tmp/1bunA0 70.000000
/data/pdb_release/all/pdb1psj.ent 66.666667
/data/pdb_release/all/pdb1ae7.ent 66.666667
/nfs/cathdata/dompdb/1bmtA1 76.666667
/data/pdb_release/all/pdb1lmq.ent 70.000000
/data/pdb_release/all/pdb1jug.ent 63.333333
/data/pdb_release/all/pdb119l.ent 86.666667
/nfs/cathdata/dompdb/1bucA1 90.000000
/nfs/cathdata/dompdb/3mddA1 93.333333
/nfs/cathdata/dompdb/1oxa02 90.000000
/nfs/cathdata/dompdb/1grl01 90.000000
/nfs/cathdata/dompdb/1aorA2 90.000000
/nfs/cathdata/dompdb/2pgd02 90.000000
/nfs/cathdata/dompdb/1dnpA3 93.333333
/nfs/cathdata/dompdb/1csc01 93.333333
/tmp/1csmA0 90.000000
/nfs/cathdata/dompdb/1aorA3 90.000000
/data/pdb_release/all/pdb1fps.ent 96.666667
/nfs/cathdata/dompdb/1clc02 93.333333
/tmp/1ribA0 90.000000
/tmp/1mmoB0 93.333333
/tmp/1mhyB0 93.333333
/nfs/cathdata/dompdb/1cpt02 93.333333
/data/pdb_release/all/pdb1phb.ent 93.333333
/tmp/2bmhA0 90.000000
/nfs/cathdata/dompdb/1lla01 90.000000
/tmp/1mhlC0 90.000000
/tmp/1mtyD0 93.333333
/tmp/1mhyD0 93.333333
/nfs/cathdata/dompdb/2sblB2 90.000000
/data/pdb_release/all/pdb1lnh.ent 93.333333
/data/pdb_release/all/pdb1ehs.ent 33.333333
/tmp/2spcA0 30.000000
/tmp/1ytfB0 33.333333
/nfs/cathdata/dompdb/1pnkA2 30.000000
/data/pdb_release/all/pdb1aty.ent 46.666667
/nfs/cathdata/dompdb/1dloA3 55.000000
/tmp/1ithA0 90.000000
/tmp/1cpcA0 90.000000
/tmp/1cpcB0 90.000000
/tmp/1allA0 90.000000
/tmp/1allB0 86.666667
/tmp/1colA0 93.333333
/nfs/cathdata/dompdb/1ddt02 93.333333
/nfs/cathdata/dompdb/3blm02 85.000000
/nfs/cathdata/dompdb/1mblA2 78.333333
/nfs/cathdata/dompdb/1btl02 90.000000
/nfs/cathdata/dompdb/1ckiA2 90.000000
/nfs/cathdata/dompdb/1csn02 90.000000
/nfs/cathdata/dompdb/1apmE1 86.666667
/nfs/cathdata/dompdb/1irk02 96.666667
/nfs/cathdata/dompdb/1ad5A4 76.666667
/nfs/cathdata/dompdb/1aru01 93.333333
/nfs/cathdata/dompdb/1llp01 86.666667
/nfs/cathdata/dompdb/1mnp01 76.666667
/nfs/cathdata/dompdb/1qpaA1 93.333333
/nfs/cathdata/dompdb/1cca01 93.333333
/nfs/cathdata/dompdb/1apxA1 90.000000
/nfs/cathdata/dompdb/1schA1 76.666667
/data/pdb_release/all/pdb153l.ent 90.000000
/data/pdb_release/all/pdb1baa.ent 93.333333
/nfs/cathdata/dompdb/1cnsA1 96.666667
/data/pdb_release/all/pdb135l.ent 63.333333
/data/pdb_release/all/pdb2ihl.ent 66.666667
/data/pdb_release/all/pdb1lz1.ent 66.666667
/data/pdb_release/all/pdb1hhl.ent 63.333333
/tmp/1ghlA0 63.333333
/data/pdb_release/all/pdb2eql.ent 70.000000
/data/pdb_release/all/pdb1alc.ent 63.333333
/data/pdb_release/all/pdb1hml.ent 63.333333
/tmp/1thbA0 90.000000
/tmp/1hdsA0 90.000000
/tmp/1hdsB0 90.000000
/tmp/2mhbA0 93.333333
/tmp/1fdhG0 90.000000
/tmp/1hbhA0 93.333333
/tmp/1hdaA0 90.000000
/tmp/1babB0 93.333333
/data/pdb_release/all/pdb2lhb.ent 86.666667
/tmp/1hbhB0 93.333333
/tmp/1hdaB0 90.000000
/tmp/1pghA0 90.000000
/tmp/1pghB0 86.666667
/tmp/1ibeB0 90.000000
/tmp/1outA0 93.333333
/tmp/1outB0 90.000000
/tmp/1spgA0 90.000000
/tmp/1spgB0 90.000000
/data/pdb_release/all/pdb1flp.ent 86.666667
/data/pdb_release/all/pdb1lhs.ent 93.333333
/data/pdb_release/all/pdb1bvd.ent 90.000000
/data/pdb_release/all/pdb1ymb.ent 90.000000
/data/pdb_release/all/pdb1mbs.ent 90.000000
/data/pdb_release/all/pdb2mm1.ent 93.333333
/data/pdb_release/all/pdb1emy.ent 90.000000
/tmp/1mygA0 86.666667
/data/pdb_release/all/pdb1myt.ent 90.000000
/data/pdb_release/all/pdb1eca.ent 90.000000
/tmp/1sctA0 90.000000
/tmp/1sctB0 93.333333
/tmp/3sdhA0 90.000000
/data/pdb_release/all/pdb1mba.ent 93.333333
/data/pdb_release/all/pdb1ash.ent 90.000000
/nfs/cathdata/dompdb/1fcdC2 73.333333
/tmp/2mtaC0 90.000000
/nfs/cathdata/dompdb/2abk02 63.333333
/nfs/cathdata/dompdb/1npc02 70.000000
/nfs/cathdata/dompdb/1ezm02 90.000000
/nfs/cathdata/dompdb/2tmnE2 73.333333
/nfs/cathdata/dompdb/1dnpA2 90.000000
/nfs/cathdata/dompdb/1gia02 86.666667
/nfs/cathdata/dompdb/1tadA2 90.000000
/nfs/cathdata/dompdb/7catA2 90.000000
/nfs/cathdata/dompdb/1cca02 76.666667
/nfs/cathdata/dompdb/1apxA2 86.666667
/nfs/cathdata/dompdb/1aru02 90.000000
/nfs/cathdata/dompdb/1llp02 90.000000
/nfs/cathdata/dompdb/1mnp02 90.000000
/nfs/cathdata/dompdb/1qpaA2 86.666667
/nfs/cathdata/dompdb/1schA2 78.333333
/tmp/1rfbA0 93.333333
/nfs/cathdata/dompdb/1pnkA1 90.000000
/data/pdb_release/all/pdb1end.ent 73.333333
/nfs/cathdata/dompdb/1gly01 78.333333
/nfs/cathdata/dompdb/1ecl02 76.666667
/data/pdb_release/all/pdb1sra.ent 90.000000
/nfs/cathdata/dompdb/1prcC2 90.000000
/nfs/cathdata/dompdb/1prcC1 83.333333
/nfs/cathdata/dompdb/1vsgA2 86.666667
/nfs/cathdata/dompdb/1gly02 86.666667
/nfs/cathdata/dompdb/1pnkB4 86.666667
/data/pdb_release/all/pdb1hlm.ent 90.000000
/data/pdb_release/all/pdb1hlb.ent 90.000000
/data/pdb_release/all/pdb1hbg.ent 86.666667
/data/pdb_release/all/pdb1gdj.ent 90.000000
/tmp/1binA0 90.000000
/nfs/cathdata/dompdb/1osa02 63.333333
/nfs/cathdata/dompdb/1wdcC2 63.333333
/nfs/cathdata/dompdb/1tnw02 63.333333
/tmp/1cnpA0 63.333333
/tmp/1symA0 63.333333
/tmp/1tcoB0 93.333333
/nfs/cathdata/dompdb/1scmC1 63.333333
/nfs/cathdata/dompdb/1wdcB1 63.333333
/nfs/cathdata/dompdb/1rec01 0.000000
/nfs/cathdata/dompdb/1rec02 90.000000
/data/pdb_release/all/pdb2sas.ent 90.000000
/tmp/2scpA0 90.000000
/data/pdb_release/all/pdb155c.ent 63.333333
/data/pdb_release/all/pdb1ycc.ent 73.333333
/data/pdb_release/all/pdb1ccr.ent 76.666667
/tmp/5cytR0 73.333333
/data/pdb_release/all/pdb1yeb.ent 73.333333
/data/pdb_release/all/pdb1hrc.ent 76.666667
/data/pdb_release/all/pdb1cry.ent 76.666667
/data/pdb_release/all/pdb1cot.ent 75.000000
/data/pdb_release/all/pdb3c2c.ent 73.333333
/tmp/1c2rA0 75.000000
/data/pdb_release/all/pdb1cxc.ent 71.666667
/data/pdb_release/all/pdb1yea.ent 83.333333
/tmp/1hroA0 73.333333
/data/pdb_release/all/pdb1dvh.ent 73.333333
/data/pdb_release/all/pdb351c.ent 63.333333
/data/pdb_release/all/pdb1cor.ent 76.666667
/data/pdb_release/all/pdb1cch.ent 73.333333
/nfs/cathdata/dompdb/1fcdC1 60.000000
/data/pdb_release/all/pdb1cc5.ent 73.333333
/data/pdb_release/all/pdb1cyi.ent 76.666667
/data/pdb_release/all/pdb1ctj.ent 76.666667
/nfs/cathdata/dompdb/6gsvA2 60.000000
/nfs/cathdata/dompdb/1gta02 80.000000
/nfs/cathdata/dompdb/1hna02 73.333333
/nfs/cathdata/dompdb/2gsq02 63.333333
/nfs/cathdata/dompdb/1gseA2 83.333333
/nfs/cathdata/dompdb/1bpb01 63.333333
/nfs/cathdata/dompdb/1taq02 33.333333
/nfs/cathdata/dompdb/9icwA2 63.333333
/nfs/cathdata/dompdb/1ecl04 63.333333
/nfs/cathdata/dompdb/1adeA2 60.000000
/nfs/cathdata/dompdb/1atnA3 66.666667
/nfs/cathdata/dompdb/1oxa03 73.333333
/data/pdb_release/all/pdb1hmx.ent 66.666667
/nfs/cathdata/dompdb/2abk01 86.666667
/nfs/cathdata/dompdb/1gln04 86.666667
/nfs/cathdata/dompdb/2tct02 90.000000
/tmp/1hulA0 76.666667
/data/pdb_release/all/pdb1coo.ent 73.333333
/nfs/cathdata/dompdb/1wdcB2 63.333333
/data/pdb_release/all/pdb1bod.ent 63.333333
/data/pdb_release/all/pdb1cb1.ent 63.333333
/data/pdb_release/all/pdb4icb.ent 73.333333
/data/pdb_release/all/pdb1cmf.ent 63.333333
/nfs/cathdata/dompdb/1ncx01 70.000000
/data/pdb_release/all/pdb1cfc.ent 78.333333
/data/pdb_release/all/pdb1tnx.ent 93.333333
/data/pdb_release/all/pdb1rro.ent 90.000000
/data/pdb_release/all/pdb4cpv.ent 90.000000
/data/pdb_release/all/pdb5pal.ent 93.333333
/data/pdb_release/all/pdb1pal.ent 86.666667
/tmp/1rtp10 96.666667
/tmp/1pvaA0 86.666667
/nfs/cathdata/dompdb/1osa01 63.333333
/nfs/cathdata/dompdb/1avhA1 76.666667
/nfs/cathdata/dompdb/2ran01 76.666667
/nfs/cathdata/dompdb/1ala02 76.666667
/nfs/cathdata/dompdb/1hvd02 76.666667
/nfs/cathdata/dompdb/1ala04 76.666667
/nfs/cathdata/dompdb/1ann04 73.333333
/nfs/cathdata/dompdb/1avhA4 76.666667
/nfs/cathdata/dompdb/1axn01 76.666667
/nfs/cathdata/dompdb/1axn03 76.666667
/nfs/cathdata/dompdb/1axn02 76.666667
/nfs/cathdata/dompdb/1ala03 63.333333
/nfs/cathdata/dompdb/1ann03 73.333333
/nfs/cathdata/dompdb/1hvd03 76.666667
/nfs/cathdata/dompdb/2ran03 76.666667
/nfs/cathdata/dompdb/1axn04 76.666667
/nfs/cathdata/dompdb/1csc02 73.333333
/nfs/cathdata/dompdb/1csh02 73.333333
/nfs/cathdata/dompdb/2cts02 73.333333
/nfs/cathdata/dompdb/1tyaE2 80.000000
/nfs/cathdata/dompdb/1bvp11 76.666667
/data/pdb_release/all/pdb1neq.ent 73.333333
/nfs/cathdata/dompdb/1octC1 63.333333
/data/pdb_release/all/pdb1r69.ent 76.666667
/data/pdb_release/all/pdb2cro.ent 80.000000
/data/pdb_release/all/pdb1adr.ent 76.666667
/tmp/1lmb30 73.333333
/nfs/cathdata/dompdb/2yhx01 76.666667
/nfs/cathdata/dompdb/2bpfA1 76.666667
/nfs/cathdata/dompdb/1bgw03 63.333333
/nfs/cathdata/dompdb/1adt01 73.333333
/nfs/cathdata/dompdb/1glqA2 63.333333
/nfs/cathdata/dompdb/2gsrA2 63.333333
/nfs/cathdata/dompdb/1gssA2 63.333333
/data/pdb_release/all/pdb1erd.ent 30.000000
/nfs/cathdata/dompdb/1dtr02 46.666667
/tmp/1lccA0 50.000000
/nfs/cathdata/dompdb/1pnrA1 63.333333
/data/pdb_release/all/pdb1uxd.ent 50.000000
/nfs/cathdata/dompdb/2phlA1 33.333333
/nfs/cathdata/dompdb/2phlA4 46.666667
/tmp/6insE0 46.666667
/data/pdb_release/all/pdb2gf1.ent 46.666667
/data/pdb_release/all/pdb1igl.ent 30.000000
/data/pdb_release/all/pdb1bip.ent 60.000000
/data/pdb_release/all/pdb1c5a.ent 63.333333
/data/pdb_release/all/pdb1kjs.ent 76.666667
/tmp/1cmbA0 46.666667
/nfs/cathdata/dompdb/1gln03 63.333333
/nfs/cathdata/dompdb/1serA1 63.333333
/nfs/cathdata/dompdb/1bvp13 66.666667
/nfs/cathdata/dompdb/1dmb03 66.666667
/nfs/cathdata/dompdb/1dik02 50.000000
/nfs/cathdata/dompdb/9pap02 50.000000
/nfs/cathdata/dompdb/1aec02 60.000000
/nfs/cathdata/dompdb/1gecE2 63.333333
/nfs/cathdata/dompdb/2act02 60.000000
/nfs/cathdata/dompdb/1ppo02 46.666667
/nfs/cathdata/dompdb/1yal02 50.000000
/nfs/cathdata/dompdb/1theA2 50.000000
/nfs/cathdata/dompdb/1csbB1 46.666667
/nfs/cathdata/dompdb/2bltA2 46.666667
/data/pdb_release/all/pdb1utg.ent 63.333333
/data/pdb_release/all/pdb1ccd.ent 63.333333
/nfs/cathdata/dompdb/1ala01 76.666667
/nfs/cathdata/dompdb/1ann01 76.666667
/nfs/cathdata/dompdb/1ann02 76.666667
/tmp/1fliA0 50.000000
/data/pdb_release/all/pdb1etc.ent 65.000000
/tmp/1sttA0 53.333333
/data/pdb_release/all/pdb2hts.ent 65.000000
/data/pdb_release/all/pdb1hks.ent 33.333333
/data/pdb_release/all/pdb1enh.ent 46.666667
/data/pdb_release/all/pdb1ftz.ent 46.666667
/data/pdb_release/all/pdb1ftt.ent 50.000000
/tmp/1ahdP0 50.000000
/tmp/1fjlA0 46.666667
/data/pdb_release/all/pdb1vnd.ent 50.000000
/data/pdb_release/all/pdb1hdp.ent 46.666667
/data/pdb_release/all/pdb1ocp.ent 46.666667
/data/pdb_release/all/pdb1pog.ent 50.000000
/tmp/1yrnA0 46.666667
/tmp/1hcrA0 46.666667
/data/pdb_release/all/pdb1res.ent 46.666667
/data/pdb_release/all/pdb1lfb.ent 46.666667
/data/pdb_release/all/pdb2lfb.ent 46.666667
/tmp/1yrnB0 60.000000
/tmp/1fiaA0 63.333333
/data/pdb_release/all/pdb1mbe.ent 50.000000
/data/pdb_release/all/pdb1mbg.ent 50.000000
/data/pdb_release/all/pdb1mbj.ent 46.666667
/tmp/2wrpR0 96.666667
/nfs/cathdata/dompdb/2tct01 63.333333
/tmp/1bfmA0 50.000000
/tmp/1hryA0 46.666667
/data/pdb_release/all/pdb1hsm.ent 46.666667
/data/pdb_release/all/pdb1hma.ent 46.666667
/data/pdb_release/all/pdb1hme.ent 46.666667
/data/pdb_release/all/pdb1aab.ent 46.666667
/tmp/1trlA0 46.666667
/tmp/1mylA0 33.333333
/tmp/1parA0 33.333333
/tmp/1mntA0 63.333333
/data/pdb_release/all/pdb1lea.ent 53.333333
/tmp/1hstA0 53.333333
/data/pdb_release/all/pdb1ghc.ent 46.666667
/nfs/cathdata/dompdb/1dprA1 63.333333
/nfs/cathdata/dompdb/1bia01 53.333333
/nfs/cathdata/dompdb/1berA2 55.000000
/nfs/cathdata/dompdb/1pdnC1 50.000000
/nfs/cathdata/dompdb/1pdnC2 50.000000
