/tmp/2ltnB0 16.666667
/tmp/1lenB0 16.666667
/tmp/1lgcB0 0.000000
/nfs/cathdata/dompdb/1lyaB1 16.666667
/tmp/1aayA0 35.000000
/tmp/1ubdC0 46.666667
/tmp/1meyC0 43.333333
/tmp/2drpA0 63.333333
/tmp/1pyaA0 30.000000
/tmp/1hueA0 76.666667
/tmp/1wtuA0 93.333333
/tmp/1ihfA0 70.000000
/tmp/1ihfB0 66.666667
/nfs/cathdata/dompdb/1prcH1 68.333333
/nfs/cathdata/dompdb/1pcrH1 63.333333
/data/pdb_release/all/pdb4mt2.ent 0.000000
/data/pdb_release/all/pdb1tiv.ent 0.000000
/data/pdb_release/all/pdb1zaq.ent 0.000000
/data/pdb_release/all/pdb1iva.ent 0.000000
/data/pdb_release/all/pdb1agg.ent 30.000000
/data/pdb_release/all/pdb1cfh.ent 0.000000
/data/pdb_release/all/pdb1cfi.ent 0.000000
/data/pdb_release/all/pdb1aaf.ent 0.000000
/data/pdb_release/all/pdb2ech.ent 0.000000
/data/pdb_release/all/pdb1fvl.ent 16.666667
/data/pdb_release/all/pdb1kst.ent 33.333333
/tmp/1r0940 16.666667
/tmp/2plv40 46.666667
/tmp/1pvc40 46.666667
/tmp/1bbt40 33.333333
/tmp/1tme40 16.666667
/tmp/2mev40 16.666667
/tmp/1tabI0 33.333333
/data/pdb_release/all/pdb1pi2.ent 35.000000
/data/pdb_release/all/pdb1bbi.ent 40.000000
/nfs/cathdata/dompdb/1pcp01 16.666667
/nfs/cathdata/dompdb/2pspA2 16.666667
/nfs/cathdata/dompdb/1gcb01 78.333333
/nfs/cathdata/dompdb/1fieA2 80.000000
/nfs/cathdata/dompdb/1lgr01 80.000000
/nfs/cathdata/dompdb/1abbA1 90.000000
/nfs/cathdata/dompdb/1ygpA1 86.666667
/nfs/cathdata/dompdb/1pgd03 16.666667
/data/pdb_release/all/pdb1ldl.ent 30.000000
/data/pdb_release/all/pdb1ldr.ent 0.000000
/data/pdb_release/all/pdb1tap.ent 50.000000
/data/pdb_release/all/pdb5pti.ent 50.000000
/tmp/1aapA0 46.666667
/data/pdb_release/all/pdb1dtx.ent 46.666667
/data/pdb_release/all/pdb1dtk.ent 50.000000
/data/pdb_release/all/pdb1shp.ent 50.000000
/tmp/1brbI0 43.333333
/data/pdb_release/all/pdb1knt.ent 46.666667
/data/pdb_release/all/pdb1dem.ent 46.666667
/tmp/1bunB0 43.333333
/data/pdb_release/all/pdb1hnr.ent 16.666667
/tmp/1mhlA0 30.000000
/nfs/cathdata/dompdb/1gal02 33.333333
/nfs/cathdata/dompdb/1inp01 60.000000
/nfs/cathdata/dompdb/1rtc02 63.333333
/nfs/cathdata/dompdb/1apa02 73.333333
/nfs/cathdata/dompdb/1pafA2 80.000000
/nfs/cathdata/dompdb/1mrg02 73.333333
/nfs/cathdata/dompdb/1mrj02 73.333333
/nfs/cathdata/dompdb/1abrA2 63.333333
/tmp/1isuA0 16.666667
/data/pdb_release/all/pdb1hip.ent 60.000000
/tmp/2hipA0 30.000000
/data/pdb_release/all/pdb1hpi.ent 50.000000
/data/pdb_release/all/pdb1bbo.ent 30.000000
/nfs/cathdata/dompdb/1adt02 66.666667
/tmp/1abmA0 83.333333
/tmp/1idsA0 80.000000
/tmp/1isaA0 80.000000
/nfs/cathdata/dompdb/1vsgA1 70.000000
/tmp/1hmpA0 63.333333
/nfs/cathdata/dompdb/1adeA3 73.333333
/nfs/cathdata/dompdb/1qorA1 68.333333
/nfs/cathdata/dompdb/3btoA1 68.333333
/nfs/cathdata/dompdb/1dehA1 65.000000
/nfs/cathdata/dompdb/1cdoA1 70.000000
/nfs/cathdata/dompdb/1tehA1 68.333333
/nfs/cathdata/dompdb/1agnA1 66.666667
/tmp/1yptA0 68.333333
/data/pdb_release/all/pdb2hnp.ent 78.333333
/nfs/cathdata/dompdb/1yfoA1 61.666667
/tmp/1vhrA0 76.666667
/data/pdb_release/all/pdb1gpc.ent 81.666667
/nfs/cathdata/dompdb/1bgw05 85.000000
/nfs/cathdata/dompdb/1jetA1 93.333333
/nfs/cathdata/dompdb/1glaG1 78.333333
/nfs/cathdata/dompdb/1hgeA1 58.333333
/tmp/1ltsA0 76.666667
/tmp/1xtcA0 68.333333
/tmp/1tiiA0 78.333333
/tmp/1prtA0 76.666667
/nfs/cathdata/dompdb/1admA2 68.333333
/nfs/cathdata/dompdb/1chmA2 78.333333
/data/pdb_release/all/pdb1mat.ent 76.666667
/data/pdb_release/all/pdb1pbn.ent 83.333333
/data/pdb_release/all/pdb1ula.ent 81.666667
/tmp/1ecpA0 78.333333
/nfs/cathdata/dompdb/1dhx03 68.333333
/data/pdb_release/all/pdb2cyr.ent 66.666667
/data/pdb_release/all/pdb1wad.ent 60.000000
/data/pdb_release/all/pdb1czj.ent 66.666667
/tmp/1htmB0 36.666667
/nfs/cathdata/dompdb/1berA1 66.666667
/nfs/cathdata/dompdb/1dhx02 60.000000
/nfs/cathdata/dompdb/1gln02 70.000000
/nfs/cathdata/dompdb/1gtrA2 81.666667
/nfs/cathdata/dompdb/1prcH2 70.000000
/nfs/cathdata/dompdb/4rcrH2 58.333333
/nfs/cathdata/dompdb/1oxa01 65.000000
/nfs/cathdata/dompdb/1cpt01 81.666667
/nfs/cathdata/dompdb/1gcb02 73.333333
/data/pdb_release/all/pdb1mut.ent 63.333333
/data/pdb_release/all/pdb1pyp.ent 66.666667
/data/pdb_release/all/pdb2prd.ent 58.333333
/tmp/1eipA0 61.666667
/nfs/cathdata/dompdb/1ordA4 66.666667
/nfs/cathdata/dompdb/2cmd02 81.666667
/nfs/cathdata/dompdb/1mldA2 76.666667
/nfs/cathdata/dompdb/6ldh02 78.333333
/nfs/cathdata/dompdb/1llc02 66.666667
/nfs/cathdata/dompdb/1lldA2 75.000000
/nfs/cathdata/dompdb/2ldx02 78.333333
/nfs/cathdata/dompdb/3ldh02 80.000000
/nfs/cathdata/dompdb/5ldh02 76.666667
/nfs/cathdata/dompdb/9ldtA2 75.000000
/nfs/cathdata/dompdb/1ldb02 78.333333
/nfs/cathdata/dompdb/1hyhA2 75.000000
/nfs/cathdata/dompdb/4mdhA2 75.000000
/nfs/cathdata/dompdb/1bdmA2 76.666667
/nfs/cathdata/dompdb/1dctA2 76.666667
/tmp/1regX0 73.333333
/nfs/cathdata/dompdb/2bltA1 78.333333
/data/pdb_release/all/pdb1xaa.ent 83.333333
/data/pdb_release/all/pdb1xac.ent 83.333333
/tmp/1alkA0 78.333333
/data/pdb_release/all/pdb1lpp.ent 83.333333
/data/pdb_release/all/pdb1thg.ent 83.333333
/tmp/1cleA0 81.666667
/data/pdb_release/all/pdb1ace.ent 93.333333
/nfs/cathdata/dompdb/3ladA2 58.333333
/nfs/cathdata/dompdb/1lpfA2 56.666667
/nfs/cathdata/dompdb/1lvl02 58.333333
/nfs/cathdata/dompdb/1ebdA2 61.666667
/nfs/cathdata/dompdb/2tmdA3 70.000000
/nfs/cathdata/dompdb/1gerA2 61.666667
/nfs/cathdata/dompdb/1gesA2 58.333333
/nfs/cathdata/dompdb/3grs02 58.333333
/nfs/cathdata/dompdb/1tde02 66.666667
/nfs/cathdata/dompdb/1vdc02 58.333333
/nfs/cathdata/dompdb/1fecB2 58.333333
/nfs/cathdata/dompdb/1nhr02 58.333333
/nfs/cathdata/dompdb/1fcdA2 66.666667
/tmp/1pyaB0 80.000000
/nfs/cathdata/dompdb/1dik03 61.666667
/nfs/cathdata/dompdb/1aorA1 78.333333
/tmp/2dnjA0 81.666667
/tmp/1fjmA0 90.000000
/tmp/1tcoA0 83.333333
/nfs/cathdata/dompdb/1gph11 81.666667
/data/pdb_release/all/pdb1plq.ent 73.333333
/data/pdb_release/all/pdb1bnh.ent 58.333333
/data/pdb_release/all/pdb1cy3.ent 16.666667
/tmp/1cthA0 66.666667
/data/pdb_release/all/pdb2cdv.ent 63.333333
/nfs/cathdata/dompdb/1trkA1 81.666667
/tmp/1rvaA0 80.000000
/nfs/cathdata/dompdb/1atnA1 70.000000
/nfs/cathdata/dompdb/2btfA1 66.666667
/nfs/cathdata/dompdb/1olbA2 80.000000
/data/pdb_release/all/pdb2ctc.ent 81.666667
/data/pdb_release/all/pdb1amp.ent 83.333333
/nfs/cathdata/dompdb/1lam02 76.666667
/nfs/cathdata/dompdb/1tplA2 86.666667
/nfs/cathdata/dompdb/1dgd02 83.333333
/nfs/cathdata/dompdb/1aam02 80.000000
/nfs/cathdata/dompdb/1akaA2 93.333333
/nfs/cathdata/dompdb/2cstA2 86.666667
/nfs/cathdata/dompdb/1ordA2 80.000000
/data/pdb_release/all/pdb1rpa.ent 80.000000
/data/pdb_release/all/pdb1esc.ent 86.666667
/nfs/cathdata/dompdb/1gpb02 75.000000
/nfs/cathdata/dompdb/1ygpA2 81.666667
/tmp/1deaA0 78.333333
/tmp/1thtA0 78.333333
/tmp/1tahA0 80.000000
/tmp/1oilA0 76.666667
/nfs/cathdata/dompdb/1hplA1 76.666667
/nfs/cathdata/dompdb/1lpbB1 75.000000
/tmp/1ethA0 66.666667
/data/pdb_release/all/pdb1gpl.ent 73.333333
/data/pdb_release/all/pdb1tca.ent 86.666667
/data/pdb_release/all/pdb1ede.ent 66.666667
/data/pdb_release/all/pdb1ysc.ent 78.333333
/nfs/cathdata/dompdb/1asyA2 93.333333
/nfs/cathdata/dompdb/1lylA2 81.666667
/nfs/cathdata/dompdb/1serA2 81.666667
/data/pdb_release/all/pdb3pte.ent 83.333333
/nfs/cathdata/dompdb/1abrA1 73.333333
/nfs/cathdata/dompdb/1ahc01 71.666667
/nfs/cathdata/dompdb/1mrj01 68.333333
/nfs/cathdata/dompdb/1apa01 68.333333
/nfs/cathdata/dompdb/1pafA1 66.666667
/tmp/4dfrA0 65.000000
/data/pdb_release/all/pdb3dfr.ent 68.333333
/data/pdb_release/all/pdb8dfr.ent 78.333333
/data/pdb_release/all/pdb1drf.ent 75.000000
/data/pdb_release/all/pdb1dyr.ent 66.666667
/nfs/cathdata/dompdb/1adeA1 70.000000
/nfs/cathdata/dompdb/3pmgA1 73.333333
/data/pdb_release/all/pdb1udg.ent 78.333333
/nfs/cathdata/dompdb/3pgk02 80.000000
/nfs/cathdata/dompdb/1php02 80.000000
/nfs/cathdata/dompdb/1gpmA1 70.000000
/nfs/cathdata/dompdb/1powA3 73.333333
/nfs/cathdata/dompdb/1pvdA3 70.000000
/nfs/cathdata/dompdb/1pvdA1 70.000000
/nfs/cathdata/dompdb/1powA1 66.666667
/nfs/cathdata/dompdb/1trkA2 70.000000
/nfs/cathdata/dompdb/1tyaE1 73.333333
/nfs/cathdata/dompdb/2tysB2 68.333333
/nfs/cathdata/dompdb/1minA1 80.000000
/nfs/cathdata/dompdb/1mioA1 80.000000
/nfs/cathdata/dompdb/3ecaA1 58.333333
/nfs/cathdata/dompdb/1agx01 66.666667
/nfs/cathdata/dompdb/3pga11 58.333333
/tmp/1wsaA0 70.000000
/tmp/1nbaA0 75.000000
/nfs/cathdata/dompdb/2reb01 65.000000
/tmp/1smnA0 81.666667
/tmp/1eriA0 76.666667
/nfs/cathdata/dompdb/1lvl01 66.666667
/nfs/cathdata/dompdb/1ebdA1 68.333333
/nfs/cathdata/dompdb/1gal01 80.000000
/nfs/cathdata/dompdb/1fcdA1 66.666667
/nfs/cathdata/dompdb/1coy01 75.000000
/nfs/cathdata/dompdb/1pbe01 81.666667
/nfs/cathdata/dompdb/1aa8A1 70.000000
/nfs/cathdata/dompdb/1dob02 78.333333
/data/pdb_release/all/pdb1cge.ent 73.333333
/data/pdb_release/all/pdb1mnc.ent 70.000000
/data/pdb_release/all/pdb1srt.ent 70.000000
/nfs/cathdata/dompdb/1fbl01 73.333333
/data/pdb_release/all/pdb1mmq.ent 66.666667
/data/pdb_release/all/pdb1slm.ent 80.000000
/tmp/1atlA0 78.333333
/data/pdb_release/all/pdb1iag.ent 71.666667
/nfs/cathdata/dompdb/1kapP2 80.000000
/nfs/cathdata/dompdb/1sat02 71.666667
/data/pdb_release/all/pdb1iab.ent 66.666667
/nfs/cathdata/dompdb/1lcf01 65.000000
/nfs/cathdata/dompdb/1ovt01 70.000000
/nfs/cathdata/dompdb/1ovt03 80.000000
/nfs/cathdata/dompdb/1nnt01 80.000000
/nfs/cathdata/dompdb/1tfd01 73.333333
/nfs/cathdata/dompdb/1lcf03 70.000000
/nfs/cathdata/dompdb/1dot01 80.000000
/nfs/cathdata/dompdb/1dot03 70.000000
/nfs/cathdata/dompdb/1quk01 81.666667
/nfs/cathdata/dompdb/1sbp01 76.666667
/nfs/cathdata/dompdb/1dmb01 90.000000
/nfs/cathdata/dompdb/1pot01 90.000000
/nfs/cathdata/dompdb/3sc2A1 61.666667
/nfs/cathdata/dompdb/1rtc01 66.666667
/tmp/1pviA0 81.666667
/nfs/cathdata/dompdb/1bllE1 78.333333
/nfs/cathdata/dompdb/1scuB3 66.666667
/nfs/cathdata/dompdb/1ora01 63.333333
/nfs/cathdata/dompdb/1ora02 66.666667
/nfs/cathdata/dompdb/2glt01 61.666667
/nfs/cathdata/dompdb/1ttqB1 73.333333
/data/pdb_release/all/pdb3pgm.ent 73.333333
/nfs/cathdata/dompdb/1gtrA1 80.000000
/nfs/cathdata/dompdb/1gln01 73.333333
/tmp/1dsbA0 80.000000
/tmp/1gp1A0 80.000000
/nfs/cathdata/dompdb/1chmA1 71.666667
/nfs/cathdata/dompdb/1scuB1 71.666667
/nfs/cathdata/dompdb/1mla02 81.666667
/nfs/cathdata/dompdb/1glaG2 76.666667
/nfs/cathdata/dompdb/1ami01 78.333333
/data/pdb_release/all/pdb1ak2.ent 80.000000
/tmp/1ak3A0 70.000000
/tmp/1akeA0 78.333333
/data/pdb_release/all/pdb1aky.ent 78.333333
/data/pdb_release/all/pdb3adk.ent 76.666667
/data/pdb_release/all/pdb1ukz.ent 76.666667
/data/pdb_release/all/pdb1ukd.ent 73.333333
/nfs/cathdata/dompdb/2tmdA2 80.000000
/nfs/cathdata/dompdb/1nhp01 61.666667
/nfs/cathdata/dompdb/1trb01 56.666667
/nfs/cathdata/dompdb/1vdc01 56.666667
/nfs/cathdata/dompdb/1typA1 68.333333
/nfs/cathdata/dompdb/1gesA1 68.333333
/nfs/cathdata/dompdb/3grs01 66.666667
/nfs/cathdata/dompdb/3ladA1 65.000000
/nfs/cathdata/dompdb/1lpfA1 71.666667
/nfs/cathdata/dompdb/1pfkA2 60.000000
/nfs/cathdata/dompdb/3pfk02 58.333333
/nfs/cathdata/dompdb/3pgk01 60.000000
/nfs/cathdata/dompdb/1php01 66.666667
/nfs/cathdata/dompdb/3pmgA3 68.333333
/tmp/2rslA0 60.000000
/tmp/1gdtA0 66.666667
/nfs/cathdata/dompdb/1ctt02 65.000000
/nfs/cathdata/dompdb/1ctt01 80.000000
/tmp/1whtB0 73.333333
/nfs/cathdata/dompdb/1trkA3 90.000000
/nfs/cathdata/dompdb/1dmb02 58.333333
/nfs/cathdata/dompdb/1pda02 56.666667
/nfs/cathdata/dompdb/1hslA2 58.333333
/nfs/cathdata/dompdb/1lst02 58.333333
/nfs/cathdata/dompdb/1pbp02 71.666667
/nfs/cathdata/dompdb/1sbp02 75.000000
/data/pdb_release/all/pdb1ovb.ent 66.666667
/nfs/cathdata/dompdb/1lcf02 78.333333
/nfs/cathdata/dompdb/1lcf04 58.333333
/nfs/cathdata/dompdb/1ovt02 66.666667
/nfs/cathdata/dompdb/1ovt04 55.000000
/nfs/cathdata/dompdb/1tfd02 78.333333
/nfs/cathdata/dompdb/1dot04 60.000000
/nfs/cathdata/dompdb/1poy12 73.333333
/nfs/cathdata/dompdb/1inp03 55.000000
/nfs/cathdata/dompdb/1imbA2 65.000000
/nfs/cathdata/dompdb/1fbcA2 65.000000
/nfs/cathdata/dompdb/1ftaA2 68.333333
/nfs/cathdata/dompdb/1spiA2 70.000000
/nfs/cathdata/dompdb/1pda01 78.333333
/nfs/cathdata/dompdb/1hslA1 63.333333
/nfs/cathdata/dompdb/1lst01 66.666667
/nfs/cathdata/dompdb/2ldx01 78.333333
/nfs/cathdata/dompdb/3ldh01 61.666667
/nfs/cathdata/dompdb/5ldh01 66.666667
/nfs/cathdata/dompdb/9ldtA1 65.000000
/data/pdb_release/all/pdb5nll.ent 58.333333
/data/pdb_release/all/pdb2fx2.ent 65.000000
/data/pdb_release/all/pdb1ofv.ent 65.000000
/data/pdb_release/all/pdb2fcr.ent 63.333333
/data/pdb_release/all/pdb1rcf.ent 61.666667
/tmp/1lfaA0 86.666667
/data/pdb_release/all/pdb1ido.ent 78.333333
/nfs/cathdata/dompdb/1pfkA1 60.000000
/nfs/cathdata/dompdb/3pfk01 63.333333
/data/pdb_release/all/pdb1cus.ent 80.000000
/data/pdb_release/all/pdb1dad.ent 75.000000
/data/pdb_release/all/pdb1tib.ent 81.666667
/data/pdb_release/all/pdb3tgl.ent 70.000000
/tmp/1lgyA0 85.000000
/data/pdb_release/all/pdb1vid.ent 73.333333
/data/pdb_release/all/pdb1pdo.ent 68.333333
/nfs/cathdata/dompdb/1gpmA2 73.333333
/nfs/cathdata/dompdb/1dnpA1 66.666667
/nfs/cathdata/dompdb/1bgw02 66.666667
/nfs/cathdata/dompdb/1guhA1 81.666667
/nfs/cathdata/dompdb/1glqA1 78.333333
/nfs/cathdata/dompdb/2gsq01 83.333333
/nfs/cathdata/dompdb/2gsrA1 78.333333
/nfs/cathdata/dompdb/1gssA1 81.666667
/nfs/cathdata/dompdb/2gstA1 81.666667
/nfs/cathdata/dompdb/1gta01 66.666667
/nfs/cathdata/dompdb/1hna01 78.333333
/nfs/cathdata/dompdb/3pmgA2 63.333333
/data/pdb_release/all/pdb1lba.ent 68.333333
/tmp/1meeA0 80.000000
/nfs/cathdata/dompdb/1ordA1 61.666667
/data/pdb_release/all/pdb1ntr.ent 73.333333
/nfs/cathdata/dompdb/1gdhA2 70.000000
/nfs/cathdata/dompdb/2nacA2 73.333333
/nfs/cathdata/dompdb/2dldA2 73.333333
/nfs/cathdata/dompdb/2dldA1 65.000000
/nfs/cathdata/dompdb/1scuB2 56.666667
/nfs/cathdata/dompdb/1scuA1 63.333333
/nfs/cathdata/dompdb/1scuA2 70.000000
/data/pdb_release/all/pdb1phr.ent 70.000000
/nfs/cathdata/dompdb/1bmtA2 66.666667
/tmp/1iceA0 70.000000
/data/pdb_release/all/pdb1etu.ent 66.666667
/nfs/cathdata/dompdb/1eft01 80.000000
/data/pdb_release/all/pdb5p21.ent 73.333333
/tmp/1guaA0 70.000000
/tmp/1hurA0 66.666667
/tmp/1nipA0 80.000000
/nfs/cathdata/dompdb/1gky02 65.000000
/nfs/cathdata/dompdb/1dar01 70.000000
/nfs/cathdata/dompdb/1raaA1 58.333333
/nfs/cathdata/dompdb/1raaA2 65.000000
/nfs/cathdata/dompdb/2atcA2 75.000000
/nfs/cathdata/dompdb/4mdhA1 58.333333
/nfs/cathdata/dompdb/1bdmA1 58.333333
/nfs/cathdata/dompdb/2cmd01 58.333333
/nfs/cathdata/dompdb/1mldA1 58.333333
/nfs/cathdata/dompdb/1hyhA1 65.000000
/nfs/cathdata/dompdb/6ldh01 65.000000
/nfs/cathdata/dompdb/1ldb01 65.000000
/nfs/cathdata/dompdb/1llc01 65.000000
/nfs/cathdata/dompdb/1lldA1 63.333333
/nfs/cathdata/dompdb/1bdhA3 55.000000
/nfs/cathdata/dompdb/1tlfA2 56.666667
/nfs/cathdata/dompdb/1dbp01 55.000000
/data/pdb_release/all/pdb3chy.ent 58.333333
/nfs/cathdata/dompdb/1abe01 66.666667
/nfs/cathdata/dompdb/1gdhA1 60.000000
/nfs/cathdata/dompdb/1gca01 58.333333
/nfs/cathdata/dompdb/1gdd01 71.666667
/nfs/cathdata/dompdb/1tadA1 66.666667
/nfs/cathdata/dompdb/1gotA1 68.333333
/nfs/cathdata/dompdb/1gd1O1 76.666667
/nfs/cathdata/dompdb/4gpd11 78.333333
/nfs/cathdata/dompdb/1cerO1 70.000000
/nfs/cathdata/dompdb/1gadO1 76.666667
/nfs/cathdata/dompdb/1gypA1 66.666667
/nfs/cathdata/dompdb/1hdgO1 76.666667
/nfs/cathdata/dompdb/2lbp02 58.333333
/nfs/cathdata/dompdb/2liv02 58.333333
/nfs/cathdata/dompdb/2lbp01 78.333333
/nfs/cathdata/dompdb/2liv01 78.333333
/nfs/cathdata/dompdb/1pea02 65.000000
/nfs/cathdata/dompdb/1pea01 78.333333
/nfs/cathdata/dompdb/1ecl01 73.333333
/nfs/cathdata/dompdb/1admA1 71.666667
/nfs/cathdata/dompdb/1dctA1 63.333333
/nfs/cathdata/dompdb/1hmy01 75.000000
/tmp/1garA0 73.333333
/data/pdb_release/all/pdb1chd.ent 66.666667
/data/pdb_release/all/pdb1thm.ent 76.666667
/tmp/1cseE0 76.666667
/data/pdb_release/all/pdb1st3.ent 80.000000
/data/pdb_release/all/pdb2pkc.ent 68.333333
/data/pdb_release/all/pdb1s01.ent 80.000000
/nfs/cathdata/dompdb/1poxA2 78.333333
/nfs/cathdata/dompdb/1pvdA2 66.666667
/nfs/cathdata/dompdb/2pia02 58.333333
/nfs/cathdata/dompdb/1fnb02 66.666667
/nfs/cathdata/dompdb/1que02 73.333333
/nfs/cathdata/dompdb/1cnd02 66.666667
/nfs/cathdata/dompdb/1ndh02 58.333333
/nfs/cathdata/dompdb/1gph12 73.333333
/nfs/cathdata/dompdb/1ecgA2 58.333333
/data/pdb_release/all/pdb1sto.ent 66.666667
/nfs/cathdata/dompdb/2bgt02 73.333333
/nfs/cathdata/dompdb/2bgt01 66.666667
/nfs/cathdata/dompdb/2nacA1 61.666667
/data/pdb_release/all/pdb1dhr.ent 68.333333
/tmp/1hdcA0 76.666667
/data/pdb_release/all/pdb1eny.ent 73.333333
/nfs/cathdata/dompdb/1psdA1 63.333333
/nfs/cathdata/dompdb/1psdA2 70.000000
/nfs/cathdata/dompdb/1qorA2 61.666667
/nfs/cathdata/dompdb/3btoA2 58.333333
/nfs/cathdata/dompdb/1dehA2 58.333333
/nfs/cathdata/dompdb/1cdoA2 60.000000
/nfs/cathdata/dompdb/1tehA2 58.333333
/nfs/cathdata/dompdb/1agnA2 60.000000
/nfs/cathdata/dompdb/1dih01 66.666667
/nfs/cathdata/dompdb/2pgd01 70.000000
/nfs/cathdata/dompdb/1dpgA1 68.333333
/nfs/cathdata/dompdb/1dbqA1 61.666667
/nfs/cathdata/dompdb/1tlfA1 66.666667
/nfs/cathdata/dompdb/2dri02 58.333333
/nfs/cathdata/dompdb/1gca02 65.000000
/nfs/cathdata/dompdb/2gbp02 66.666667
/nfs/cathdata/dompdb/8abp02 65.000000
/data/pdb_release/all/pdb1ghu.ent 61.666667
/nfs/cathdata/dompdb/1ad5A2 63.333333
/tmp/1ayaA0 63.333333
/tmp/2pldA0 65.000000
/data/pdb_release/all/pdb1svq.ent 58.333333
/data/pdb_release/all/pdb1vil.ent 58.333333
/data/pdb_release/all/pdb1aba.ent 68.333333
/data/pdb_release/all/pdb1ego.ent 76.666667
/tmp/2trxA0 70.000000
/data/pdb_release/all/pdb1thx.ent 66.666667
/data/pdb_release/all/pdb3trx.ent 70.000000
/data/pdb_release/all/pdb1tof.ent 68.333333
/nfs/cathdata/dompdb/1pxtA1 70.000000
/nfs/cathdata/dompdb/1pxtA2 80.000000
/nfs/cathdata/dompdb/2yhx02 85.000000
/nfs/cathdata/dompdb/1dik01 68.333333
/nfs/cathdata/dompdb/2minA3 55.000000
/nfs/cathdata/dompdb/1mioA3 56.666667
/nfs/cathdata/dompdb/2minB2 55.000000
/nfs/cathdata/dompdb/2minB3 58.333333
/nfs/cathdata/dompdb/1mioB2 58.333333
/nfs/cathdata/dompdb/1mioB4 58.333333
/nfs/cathdata/dompdb/2minA2 78.333333
/nfs/cathdata/dompdb/1mioA2 68.333333
/nfs/cathdata/dompdb/2minB1 78.333333
/nfs/cathdata/dompdb/1mioB1 78.333333
/nfs/cathdata/dompdb/1iow01 65.000000
/nfs/cathdata/dompdb/1bncA1 58.333333
/nfs/cathdata/dompdb/3ecaA2 66.666667
/nfs/cathdata/dompdb/1agx02 68.333333
/nfs/cathdata/dompdb/3pga12 65.000000
/nfs/cathdata/dompdb/1pkyA1 58.333333
/nfs/cathdata/dompdb/1pkm01 70.000000
/nfs/cathdata/dompdb/1hsbA1 71.666667
/nfs/cathdata/dompdb/2clrA1 83.333333
/nfs/cathdata/dompdb/1mhcA1 71.666667
/tmp/1tmcA0 68.333333
/nfs/cathdata/dompdb/1fruA1 71.666667
/nfs/cathdata/dompdb/1tssA1 66.666667
/nfs/cathdata/dompdb/1se202 68.333333
/nfs/cathdata/dompdb/1sebD2 81.666667
/nfs/cathdata/dompdb/1esfA2 70.000000
/data/pdb_release/all/pdb1vhh.ent 66.666667
/nfs/cathdata/dompdb/3pmgA4 66.666667
/nfs/cathdata/dompdb/1imbA1 66.666667
/nfs/cathdata/dompdb/5fbpA1 63.333333
/nfs/cathdata/dompdb/1ftaA1 63.333333
/nfs/cathdata/dompdb/1spiA1 66.666667
/nfs/cathdata/dompdb/1inp02 75.000000
/nfs/cathdata/dompdb/1gd1O2 70.000000
/nfs/cathdata/dompdb/4gpd12 70.000000
/nfs/cathdata/dompdb/1cerO2 66.666667
/nfs/cathdata/dompdb/1gadO2 65.000000
/nfs/cathdata/dompdb/1gypA2 66.666667
/nfs/cathdata/dompdb/1hdgO2 66.666667
/data/pdb_release/all/pdb1cia.ent 70.000000
/nfs/cathdata/dompdb/1gal03 80.000000
/nfs/cathdata/dompdb/1dpgA2 80.000000
/data/pdb_release/all/pdb1dpb.ent 71.666667
/data/pdb_release/all/pdb1adn.ent 63.333333
/data/pdb_release/all/pdb2pna.ent 65.000000
/data/pdb_release/all/pdb1ab2.ent 65.000000
/tmp/1shaA0 70.000000
/tmp/1lcjA0 66.666667
/tmp/1csyA0 65.000000
/data/pdb_release/all/pdb1blj.ent 63.333333
/data/pdb_release/all/pdb1fim.ent 66.666667
/tmp/1mifA0 66.666667
/tmp/1kptA0 81.666667
/nfs/cathdata/dompdb/1dja01 70.000000
/nfs/cathdata/dompdb/1mblA1 58.333333
/nfs/cathdata/dompdb/1btl01 58.333333
/data/pdb_release/all/pdb2phy.ent 90.000000
/data/pdb_release/all/pdb1fil.ent 73.333333
/data/pdb_release/all/pdb1pne.ent 73.333333
/data/pdb_release/all/pdb1acf.ent 73.333333
/data/pdb_release/all/pdb2acg.ent 73.333333
/data/pdb_release/all/pdb1cqa.ent 65.000000
/nfs/cathdata/dompdb/1pnkB1 90.000000
/nfs/cathdata/dompdb/1oacA1 58.333333
/tmp/1otgA0 90.000000
/nfs/cathdata/dompdb/1ami02 66.666667
/nfs/cathdata/dompdb/1bpb02 55.000000
/nfs/cathdata/dompdb/9icwA3 68.333333
/nfs/cathdata/dompdb/1daaA1 60.000000
/nfs/cathdata/dompdb/1iov02 80.000000
/nfs/cathdata/dompdb/1glt02 68.333333
/tmp/1gtqA0 60.000000
/nfs/cathdata/dompdb/1bia02 73.333333
/nfs/cathdata/dompdb/1antI2 78.333333
/nfs/cathdata/dompdb/1hleA2 78.333333
/nfs/cathdata/dompdb/1ovaA2 70.000000
/nfs/cathdata/dompdb/2achA1 70.000000
/nfs/cathdata/dompdb/7apiA2 70.000000
/nfs/cathdata/dompdb/1pnkB2 70.000000
/nfs/cathdata/dompdb/1ami03 73.333333
/nfs/cathdata/dompdb/1hocA1 75.000000
/nfs/cathdata/dompdb/1hsaA1 68.333333
/nfs/cathdata/dompdb/1vaaA1 68.333333
/nfs/cathdata/dompdb/1dik06 60.000000
/nfs/cathdata/dompdb/1mdl01 65.000000
/nfs/cathdata/dompdb/4enl01 61.666667
/nfs/cathdata/dompdb/1pdz01 68.333333
/nfs/cathdata/dompdb/1nhp03 81.666667
/nfs/cathdata/dompdb/3ladA3 83.333333
/nfs/cathdata/dompdb/1lpfA3 83.333333
/nfs/cathdata/dompdb/1lvl03 83.333333
/nfs/cathdata/dompdb/1ebdA3 85.000000
/nfs/cathdata/dompdb/1tytA3 80.000000
/nfs/cathdata/dompdb/1gesA3 81.666667
/nfs/cathdata/dompdb/3grs03 81.666667
/nfs/cathdata/dompdb/1irk01 53.333333
/nfs/cathdata/dompdb/1apmE2 60.000000
/nfs/cathdata/dompdb/1ckiA1 78.333333
/nfs/cathdata/dompdb/1csn01 78.333333
/nfs/cathdata/dompdb/1coy02 68.333333
/nfs/cathdata/dompdb/1rthA4 55.000000
/tmp/1hrhA0 55.000000
/data/pdb_release/all/pdb2rn2.ent 65.000000
/data/pdb_release/all/pdb1ril.ent 63.333333
/tmp/1hjrA0 66.666667
/data/pdb_release/all/pdb1itg.ent 65.000000
/data/pdb_release/all/pdb1asu.ent 66.666667
/nfs/cathdata/dompdb/1bcmA1 66.666667
/nfs/cathdata/dompdb/1atr03 66.666667
/nfs/cathdata/dompdb/1atnA2 73.333333
/nfs/cathdata/dompdb/2btfA2 73.333333
/nfs/cathdata/dompdb/2yhx03 58.333333
/nfs/cathdata/dompdb/1atr01 58.333333
/nfs/cathdata/dompdb/1mngA2 80.000000
/nfs/cathdata/dompdb/3sdpA2 33.333333
/tmp/1kpaA0 66.666667
/nfs/cathdata/dompdb/1bpb03 73.333333
/nfs/cathdata/dompdb/1pkp02 50.000000
/nfs/cathdata/dompdb/1dar04 53.333333
/tmp/1copD0 60.000000
/data/pdb_release/all/pdb1orc.ent 68.333333
/nfs/cathdata/dompdb/2reb02 78.333333
/nfs/cathdata/dompdb/1derA2 81.666667
/tmp/1iceB0 46.666667
/tmp/2kauA0 60.000000
/nfs/cathdata/dompdb/1gpmA3 71.666667
/nfs/cathdata/dompdb/1mxa03 65.000000
/nfs/cathdata/dompdb/1mxa01 75.000000
/nfs/cathdata/dompdb/1mxa02 65.000000
/nfs/cathdata/dompdb/1xrb02 65.000000
/nfs/cathdata/dompdb/1ytbA2 66.666667
/nfs/cathdata/dompdb/1tghA2 66.666667
/nfs/cathdata/dompdb/1vokA2 66.666667
/nfs/cathdata/dompdb/1tbpA1 68.333333
/nfs/cathdata/dompdb/1tghA1 65.000000
/nfs/cathdata/dompdb/1vokA1 66.666667
/nfs/cathdata/dompdb/1pczA1 70.000000
/nfs/cathdata/dompdb/1pczA2 68.333333
/nfs/cathdata/dompdb/1bmc02 56.666667
/nfs/cathdata/dompdb/1sebA1 53.333333
/nfs/cathdata/dompdb/1sebB1 66.666667
/tmp/2sicI0 68.333333
/nfs/cathdata/dompdb/1dih02 51.666667
/tmp/1brsD0 70.000000
/data/pdb_release/all/pdb1msc.ent 70.000000
/tmp/1unaA0 63.333333
/nfs/cathdata/dompdb/1chkA2 56.666667
/nfs/cathdata/dompdb/1svb03 38.333333
/nfs/cathdata/dompdb/1oacA4 70.000000
/tmp/1latA0 63.333333
/tmp/2nllA0 33.333333
/tmp/2nllB0 50.000000
/data/pdb_release/all/pdb1tns.ent 35.000000
/data/pdb_release/all/pdb1ife.ent 38.333333
/data/pdb_release/all/pdb1tig.ent 50.000000
/nfs/cathdata/dompdb/1hpm04 76.666667
/nfs/cathdata/dompdb/1bncA2 40.000000
/nfs/cathdata/dompdb/1iow03 81.666667
/nfs/cathdata/dompdb/1glt03 70.000000
/tmp/1humA0 55.000000
/tmp/1hrjA0 50.000000
/tmp/1domA0 43.333333
/tmp/1plfA0 51.666667
/tmp/1mgsA0 51.666667
/data/pdb_release/all/pdb3il8.ent 51.666667
/tmp/1rhpA0 55.000000
/tmp/1napA0 51.666667
/tmp/1rodA0 48.333333
/data/pdb_release/all/pdb1stu.ent 65.000000
/nfs/cathdata/dompdb/1pkp01 55.000000
/nfs/cathdata/dompdb/1pda03 81.666667
/data/pdb_release/all/pdb1ncs.ent 43.333333
/tmp/1cksA0 33.333333
/tmp/1sceA0 33.333333
/tmp/1dktA0 48.333333
/tmp/1rblM0 51.666667
/tmp/3rubS0 68.333333
/tmp/8rubS0 65.000000
/tmp/8rucI0 65.000000
/tmp/1burS0 65.000000
/nfs/cathdata/dompdb/1amg02 40.000000
/nfs/cathdata/dompdb/1amy02 40.000000
/data/pdb_release/all/pdb1zer.ent 66.666667
/data/pdb_release/all/pdb1aps.ent 66.666667
/tmp/2bopA0 70.000000
/data/pdb_release/all/pdb2pii.ent 66.666667
/tmp/2chsA0 53.333333
/nfs/cathdata/dompdb/8atcB1 66.666667
/nfs/cathdata/dompdb/2atcB1 16.666667
/tmp/1nhkL0 73.333333
/data/pdb_release/all/pdb1ndk.ent 76.666667
/tmp/1nsqA0 73.333333
/tmp/1nskL0 80.000000
/nfs/cathdata/dompdb/1rbaA1 73.333333
/nfs/cathdata/dompdb/3rubL1 78.333333
/nfs/cathdata/dompdb/8rucA1 83.333333
/nfs/cathdata/dompdb/1rblA1 78.333333
/nfs/cathdata/dompdb/1ars01 66.666667
/nfs/cathdata/dompdb/7aatA1 70.000000
/nfs/cathdata/dompdb/2cstA1 66.666667
/nfs/cathdata/dompdb/1ordA3 80.000000
/nfs/cathdata/dompdb/2dkb01 81.666667
/nfs/cathdata/dompdb/1tplA1 70.000000
/tmp/1dcoA0 65.000000
/data/pdb_release/all/pdb1vig.ent 80.000000
/tmp/1xxaA0 65.000000
/nfs/cathdata/dompdb/1bgw04 78.333333
/nfs/cathdata/dompdb/1dar05 66.666667
/nfs/cathdata/dompdb/1mla01 66.666667
/nfs/cathdata/dompdb/1psdA3 66.666667
/nfs/cathdata/dompdb/1dloA2 61.666667
/nfs/cathdata/dompdb/1mml02 78.333333
/tmp/1gluA0 33.333333
/data/pdb_release/all/pdb1hra.ent 33.333333
/tmp/1hcqA0 66.666667
/nfs/cathdata/dompdb/1bgw01 48.333333
/data/pdb_release/all/pdb1nef.ent 80.000000
/tmp/1efnB0 80.000000
/nfs/cathdata/dompdb/1gky01 68.333333
/nfs/cathdata/dompdb/1yua01 51.666667
/data/pdb_release/all/pdb1vcc.ent 51.666667
/nfs/cathdata/dompdb/1svb02 66.666667
/nfs/cathdata/dompdb/1yua02 50.000000
/tmp/1otfA0 35.000000
/data/pdb_release/all/pdb1cbn.ent 30.000000
/data/pdb_release/all/pdb1bhp.ent 46.666667
/data/pdb_release/all/pdb2plh.ent 46.666667
/data/pdb_release/all/pdb1fdx.ent 16.666667
/data/pdb_release/all/pdb1clf.ent 30.000000
/data/pdb_release/all/pdb1fca.ent 35.000000
/data/pdb_release/all/pdb1fdn.ent 53.333333
/data/pdb_release/all/pdb1blu.ent 51.666667
/data/pdb_release/all/pdb1fxd.ent 66.666667
/data/pdb_release/all/pdb2fxb.ent 70.000000
/tmp/1fxrA0 66.666667
/data/pdb_release/all/pdb1rof.ent 16.666667
/data/pdb_release/all/pdb5fd1.ent 68.333333
/data/pdb_release/all/pdb1fwp.ent 45.000000
/data/pdb_release/all/pdb1sxl.ent 65.000000
/data/pdb_release/all/pdb1fht.ent 66.666667
/data/pdb_release/all/pdb1pba.ent 40.000000
/data/pdb_release/all/pdb1ris.ent 70.000000
/data/pdb_release/all/pdb1ctf.ent 56.666667
/tmp/1spbP0 66.666667
/data/pdb_release/all/pdb1ptf.ent 73.333333
/data/pdb_release/all/pdb1poh.ent 70.000000
/data/pdb_release/all/pdb2hpr.ent 68.333333
/data/pdb_release/all/pdb1pch.ent 73.333333
/data/pdb_release/all/pdb1sxm.ent 50.000000
/data/pdb_release/all/pdb2sn3.ent 50.000000
/data/pdb_release/all/pdb1vna.ent 48.333333
/data/pdb_release/all/pdb1nra.ent 48.333333
/data/pdb_release/all/pdb1ptx.ent 50.000000
/data/pdb_release/all/pdb1lqh.ent 48.333333
/data/pdb_release/all/pdb1snb.ent 48.333333
/data/pdb_release/all/pdb1gps.ent 51.666667
/data/pdb_release/all/pdb1gpt.ent 48.333333
/data/pdb_release/all/pdb1chc.ent 50.000000
/data/pdb_release/all/pdb1caa.ent 35.000000
/data/pdb_release/all/pdb1iro.ent 33.333333
/data/pdb_release/all/pdb1rdg.ent 30.000000
/data/pdb_release/all/pdb4rxn.ent 33.333333
/data/pdb_release/all/pdb6rxn.ent 30.000000
/tmp/8rxnA0 30.000000
/tmp/1gatA0 46.666667
/data/pdb_release/all/pdb1bus.ent 16.666667
/data/pdb_release/all/pdb2ovo.ent 35.000000
/data/pdb_release/all/pdb3ovo.ent 35.000000
/nfs/cathdata/dompdb/1tbrR1 35.000000
/nfs/cathdata/dompdb/1tbrR2 51.666667
/data/pdb_release/all/pdb1ptq.ent 43.333333
/nfs/cathdata/dompdb/9wgaA1 16.666667
/nfs/cathdata/dompdb/9wgaA2 16.666667
/nfs/cathdata/dompdb/9wgaA3 16.666667
/nfs/cathdata/dompdb/9wgaA4 16.666667
/nfs/cathdata/dompdb/2cwgA2 16.666667
/nfs/cathdata/dompdb/1wgtA3 16.666667
/tmp/1tgsI0 31.666667
/tmp/1cgiI0 31.666667
/data/pdb_release/all/pdb1pce.ent 35.000000
/data/pdb_release/all/pdb1hev.ent 16.666667
/data/pdb_release/all/pdb2alr.ent 68.333333
/data/pdb_release/all/pdb1frb.ent 68.333333
/nfs/cathdata/dompdb/1rlcL2 70.000000
/nfs/cathdata/dompdb/1rblA2 73.333333
/nfs/cathdata/dompdb/1rbaA2 68.333333
/nfs/cathdata/dompdb/1oneA2 81.666667
/nfs/cathdata/dompdb/1pdz02 80.000000
/tmp/1chrA0 76.666667
/tmp/1mucA0 78.333333
/data/pdb_release/all/pdb2mnr.ent 80.000000
/nfs/cathdata/dompdb/1mdr02 68.333333
/data/pdb_release/all/pdb1gox.ent 76.666667
/tmp/1fcbB0 76.666667
/nfs/cathdata/dompdb/2tmdA1 76.666667
/data/pdb_release/all/pdb1oya.ent 76.666667
/data/pdb_release/all/pdb1add.ent 76.666667
/data/pdb_release/all/pdb1pta.ent 80.000000
/data/pdb_release/all/pdb1xis.ent 80.000000
/tmp/1ximA0 78.333333
/tmp/1xlaA0 80.000000
/tmp/1dxiA0 83.333333
/data/pdb_release/all/pdb1dtp.ent 78.333333
/tmp/1dmaA0 68.333333
/nfs/cathdata/dompdb/1dik04 78.333333
/nfs/cathdata/dompdb/1kauC2 78.333333
/nfs/cathdata/dompdb/1aa8A2 61.666667
/tmp/1hymA0 16.666667
/tmp/1cseI0 43.333333
/tmp/1ypcI0 43.333333
/data/pdb_release/all/pdb1cis.ent 46.666667
/data/pdb_release/all/pdb1mit.ent 48.333333
/nfs/cathdata/dompdb/2baa02 16.666667
/data/pdb_release/all/pdb1ica.ent 16.666667
/data/pdb_release/all/pdb1cnv.ent 66.666667
/tmp/1xyzA0 76.666667
/data/pdb_release/all/pdb1exp.ent 73.333333
/tmp/1clxA0 68.333333
/data/pdb_release/all/pdb2ebn.ent 70.000000
/data/pdb_release/all/pdb1edt.ent 68.333333
/nfs/cathdata/dompdb/1ctn02 70.000000
/data/pdb_release/all/pdb1cec.ent 73.333333
/tmp/1ghsA0 73.333333
/data/pdb_release/all/pdb1ghr.ent 78.333333
/data/pdb_release/all/pdb1cbg.ent 90.000000
/nfs/cathdata/dompdb/1amg01 80.000000
/nfs/cathdata/dompdb/1amy01 73.333333
/nfs/cathdata/dompdb/2aaa01 80.000000
/nfs/cathdata/dompdb/2taaA1 70.000000
/nfs/cathdata/dompdb/1ppi01 66.666667
/data/pdb_release/all/pdb1hny.ent 66.666667
/nfs/cathdata/dompdb/1cgt01 80.000000
/nfs/cathdata/dompdb/1cdg01 80.000000
/nfs/cathdata/dompdb/1cyg01 70.000000
/nfs/cathdata/dompdb/1ciu01 73.333333
/nfs/cathdata/dompdb/1pamA1 71.666667
/data/pdb_release/all/pdb1btc.ent 78.333333
/nfs/cathdata/dompdb/1bglA3 70.000000
/tmp/1pbgA0 90.000000
/tmp/1tpfA0 80.000000
/tmp/1ypiA0 73.333333
/tmp/1timA0 73.333333
/tmp/1treA0 68.333333
/tmp/1htiA0 76.666667
/tmp/1btmA0 80.000000
/data/pdb_release/all/pdb1ads.ent 66.666667
/data/pdb_release/all/pdb1ral.ent 70.000000
/nfs/cathdata/dompdb/1csbB2 55.000000
/nfs/cathdata/dompdb/1bmc01 55.000000
/nfs/cathdata/dompdb/1ezm01 70.000000
/nfs/cathdata/dompdb/1esp01 73.333333
/nfs/cathdata/dompdb/2tmnE1 68.333333
/nfs/cathdata/dompdb/1dhy01 70.000000
/nfs/cathdata/dompdb/1han01 70.000000
/nfs/cathdata/dompdb/1dhy02 66.666667
/nfs/cathdata/dompdb/1han02 66.666667
/data/pdb_release/all/pdb1std.ent 76.666667
/data/pdb_release/all/pdb2cba.ent 66.666667
/data/pdb_release/all/pdb1crm.ent 66.666667
/tmp/1dmxA0 70.000000
/nfs/cathdata/dompdb/1bncA3 81.666667
/nfs/cathdata/dompdb/1daaA2 80.000000
/data/pdb_release/all/pdb1gym.ent 81.666667
/nfs/cathdata/dompdb/1ami04 80.000000
/tmp/1fvpA0 73.333333
/data/pdb_release/all/pdb1nfp.ent 70.000000
/tmp/1brlB0 80.000000
/tmp/1lucA0 81.666667
/data/pdb_release/all/pdb1tml.ent 76.666667
/nfs/cathdata/dompdb/1pii02 63.333333
/nfs/cathdata/dompdb/1pii01 73.333333
/data/pdb_release/all/pdb1igs.ent 73.333333
/tmp/1wsyA0 73.333333
/nfs/cathdata/dompdb/1pkm02 73.333333
/nfs/cathdata/dompdb/1pkyA2 73.333333
/tmp/1nal10 73.333333
/tmp/1fbaA0 76.666667
/data/pdb_release/all/pdb1ald.ent 76.666667
/data/pdb_release/all/pdb1nar.ent 76.666667
/data/pdb_release/all/pdb2hvm.ent 68.333333
/data/pdb_release/all/pdb1fkb.ent 55.000000
/data/pdb_release/all/pdb1yat.ent 56.666667
/data/pdb_release/all/pdb1pbk.ent 58.333333
/data/pdb_release/all/pdb1rot.ent 51.666667
/nfs/cathdata/dompdb/1hmy02 61.666667
/tmp/2msbA0 70.000000
/data/pdb_release/all/pdb1hup.ent 73.333333
/tmp/1rtm10 63.333333
/tmp/1rdl10 70.000000
/data/pdb_release/all/pdb1aak.ent 68.333333
/data/pdb_release/all/pdb2uce.ent 70.000000
/data/pdb_release/all/pdb1ucz.ent 70.000000
/tmp/1u9aA0 70.000000
/nfs/cathdata/dompdb/1fcbA1 63.333333
/data/pdb_release/all/pdb1b5m.ent 76.666667
/data/pdb_release/all/pdb1iet.ent 46.666667
/data/pdb_release/all/pdb1cyo.ent 80.000000
/tmp/1mkaA0 63.333333
/data/pdb_release/all/pdb1onc.ent 60.000000
/data/pdb_release/all/pdb7rsa.ent 58.333333
/tmp/1bsrA0 56.666667
/data/pdb_release/all/pdb1ang.ent 60.000000
/data/pdb_release/all/pdb1agi.ent 60.000000
/nfs/cathdata/dompdb/1hpm02 81.666667
/nfs/cathdata/dompdb/2polA3 66.666667
/nfs/cathdata/dompdb/2polA2 63.333333
/nfs/cathdata/dompdb/2polA1 66.666667
/nfs/cathdata/dompdb/9pap01 53.333333
/nfs/cathdata/dompdb/1aec01 56.666667
/nfs/cathdata/dompdb/1gecE1 51.666667
/nfs/cathdata/dompdb/1ppo01 51.666667
/nfs/cathdata/dompdb/1yal01 56.666667
/nfs/cathdata/dompdb/1theA1 66.666667
/data/pdb_release/all/pdb1pgb.ent 51.666667
/data/pdb_release/all/pdb2igg.ent 55.000000
/data/pdb_release/all/pdb3fxc.ent 48.333333
/tmp/1frrA0 51.666667
/tmp/1fxiA0 51.666667
/tmp/1fxaA0 51.666667
/data/pdb_release/all/pdb1frd.ent 48.333333
/data/pdb_release/all/pdb1dox.ent 46.666667
/data/pdb_release/all/pdb1cjn.ent 51.666667
/data/pdb_release/all/pdb1doi.ent 68.333333
/data/pdb_release/all/pdb1put.ent 48.333333
/nfs/cathdata/dompdb/2pia03 53.333333
/data/pdb_release/all/pdb1ubi.ent 51.666667
/nfs/cathdata/dompdb/1lgr02 61.666667
/data/pdb_release/all/pdb1tif.ent 65.000000
/data/pdb_release/all/pdb1rfa.ent 51.666667
/tmp/1molA0 58.333333
/tmp/1stfI0 66.666667
/data/pdb_release/all/pdb1cyu.ent 58.333333
/tmp/1cewI0 81.666667
/tmp/1udiI0 56.666667
/data/pdb_release/all/pdb1fus.ent 58.333333
/data/pdb_release/all/pdb9rnt.ent 58.333333
/data/pdb_release/all/pdb1rds.ent 58.333333
/tmp/1gmpA0 56.666667
/tmp/1brnL0 66.666667
/tmp/2rbiA0 66.666667
/nfs/cathdata/dompdb/1oacA2 56.666667
/nfs/cathdata/dompdb/1prtB1 68.333333
/nfs/cathdata/dompdb/1prtC1 68.333333
/nfs/cathdata/dompdb/1ctn03 56.666667
/nfs/cathdata/dompdb/1gtrA3 41.666667
/nfs/cathdata/dompdb/1grj02 50.000000
/data/pdb_release/all/pdb1tsp.ent 68.333333
/nfs/cathdata/dompdb/1dhx01 43.333333
/nfs/cathdata/dompdb/2psg01 55.000000
/nfs/cathdata/dompdb/1mpp01 58.333333
/nfs/cathdata/dompdb/1bbs01 66.666667
/nfs/cathdata/dompdb/4cms01 73.333333
/nfs/cathdata/dompdb/1smrA1 65.000000
/nfs/cathdata/dompdb/1epmE1 61.666667
/nfs/cathdata/dompdb/1pplE1 78.333333
/nfs/cathdata/dompdb/2apr01 58.333333
/nfs/cathdata/dompdb/1psoE1 66.666667
/nfs/cathdata/dompdb/1htrB1 66.666667
/nfs/cathdata/dompdb/1jxrA1 58.333333
/nfs/cathdata/dompdb/2asi01 63.333333
/nfs/cathdata/dompdb/1smeA1 58.333333
/nfs/cathdata/dompdb/1epmE2 66.666667
/nfs/cathdata/dompdb/1pplE2 70.000000
/nfs/cathdata/dompdb/1mpp02 65.000000
/nfs/cathdata/dompdb/2asi02 58.333333
/nfs/cathdata/dompdb/2apr02 58.333333
/nfs/cathdata/dompdb/1psaA2 66.666667
/nfs/cathdata/dompdb/1lyaB2 58.333333
/nfs/cathdata/dompdb/1rne02 73.333333
/nfs/cathdata/dompdb/1cms02 66.666667
/nfs/cathdata/dompdb/1smrA2 70.000000
/nfs/cathdata/dompdb/1psoE2 70.000000
/nfs/cathdata/dompdb/1htrB2 70.000000
/nfs/cathdata/dompdb/1jxrA2 58.333333
/data/pdb_release/all/pdb2cas.ent 70.000000
/nfs/cathdata/dompdb/1rthA1 65.000000
/data/pdb_release/all/pdb1har.ent 68.333333
/nfs/cathdata/dompdb/1mml01 66.666667
/data/pdb_release/all/pdb1pgx.ent 51.666667
/data/pdb_release/all/pdb4fgf.ent 46.666667
/tmp/1afgA0 46.666667
/data/pdb_release/all/pdb1i1b.ent 46.666667
/data/pdb_release/all/pdb8i1b.ent 50.000000
/tmp/1ilr10 46.666667
/data/pdb_release/all/pdb1hcd.ent 46.666667
/data/pdb_release/all/pdb1tie.ent 46.666667
/data/pdb_release/all/pdb1wbc.ent 61.666667
/nfs/cathdata/dompdb/2aaiB2 46.666667
/nfs/cathdata/dompdb/1abrB2 48.333333
/nfs/cathdata/dompdb/2aaiB1 46.666667
/nfs/cathdata/dompdb/1abrB1 46.666667
/tmp/1msaA0 50.000000
/nfs/cathdata/dompdb/1dlc03 56.666667
/tmp/1vmoA0 45.000000
/data/pdb_release/all/pdb1hxn.ent 65.000000
/nfs/cathdata/dompdb/1fbl02 66.666667
/data/pdb_release/all/pdb1rtg.ent 63.333333
/data/pdb_release/all/pdb1pex.ent 60.000000
/data/pdb_release/all/pdb2nn9.ent 58.333333
/data/pdb_release/all/pdb2bat.ent 58.333333
/tmp/1nscA0 46.666667
/data/pdb_release/all/pdb1inv.ent 46.666667
/data/pdb_release/all/pdb1sim.ent 60.000000
/tmp/2bbkH0 61.666667
/tmp/1mdaH0 58.333333
/tmp/2madH0 0.000000
/nfs/cathdata/dompdb/1gof02 58.333333
/tmp/3aahA0 68.333333
/nfs/cathdata/dompdb/1kapP1 58.333333
/nfs/cathdata/dompdb/1sat01 58.333333
/nfs/cathdata/dompdb/1lxa01 46.666667
/data/pdb_release/all/pdb2pec.ent 65.000000
/nfs/cathdata/dompdb/2taaA2 46.666667
/nfs/cathdata/dompdb/1ppi02 46.666667
/nfs/cathdata/dompdb/1bvp12 46.666667
/data/pdb_release/all/pdb1bcx.ent 58.333333
/tmp/1enxA0 58.333333
/data/pdb_release/all/pdb1xnd.ent 55.000000
/data/pdb_release/all/pdb1xyn.ent 58.333333
/data/pdb_release/all/pdb1yna.ent 55.000000
/tmp/2pcdA0 76.666667
/tmp/2pcdM0 58.333333
/nfs/cathdata/dompdb/1dlc02 46.666667
/nfs/cathdata/dompdb/1ciy03 46.666667
/nfs/cathdata/dompdb/1ddt03 46.666667
/tmp/1gff10 76.666667
/tmp/2bpa10 78.333333
/data/pdb_release/all/pdb1jbc.ent 46.666667
/data/pdb_release/all/pdb2cna.ent 58.333333
/nfs/cathdata/dompdb/1dhx04 63.333333
/tmp/4htcI0 30.000000
/data/pdb_release/all/pdb1hic.ent 38.333333
/nfs/cathdata/dompdb/1ecl03 58.333333
/data/pdb_release/all/pdb1htp.ent 66.666667
/tmp/1dupA0 58.333333
/nfs/cathdata/dompdb/1ggtA1 58.333333
/tmp/1tsrA0 58.333333
/data/pdb_release/all/pdb1gpr.ent 61.666667
/data/pdb_release/all/pdb1f3g.ent 61.666667
/nfs/cathdata/dompdb/1aozA3 61.666667
/nfs/cathdata/dompdb/1oacA3 70.000000
/nfs/cathdata/dompdb/1bglA5 70.000000
/nfs/cathdata/dompdb/1bglA1 63.333333
/tmp/1celA0 78.333333
/tmp/1afcA0 46.666667
/tmp/2plv20 70.000000
/tmp/1rhi20 70.000000
/data/pdb_release/all/pdb1pov.ent 70.000000
/tmp/1bmv10 58.333333
/tmp/4sbvA0 78.333333
/tmp/1smvA0 76.666667
/tmp/2tbvA0 58.333333
/tmp/2bbvA0 70.000000
/tmp/1bmv20 71.666667
/tmp/1tnfA0 50.000000
/tmp/1tnrA0 46.666667
/tmp/1hlcA0 45.000000
/tmp/1sltA0 48.333333
/tmp/2ltnA0 46.666667
/tmp/1lenA0 46.666667
/tmp/1lgcA0 46.666667
/data/pdb_release/all/pdb1lte.ent 58.333333
/data/pdb_release/all/pdb1sba.ent 46.666667
/data/pdb_release/all/pdb1gsl.ent 66.666667
/tmp/2pelA0 56.666667
/tmp/1fatA0 58.333333
/tmp/1ioaA0 58.333333
/tmp/1sacA0 55.000000
/tmp/1gnhA0 55.000000
/data/pdb_release/all/pdb2ayh.ent 51.666667
/data/pdb_release/all/pdb1cpm.ent 55.000000
/data/pdb_release/all/pdb1gbg.ent 55.000000
/nfs/cathdata/dompdb/1cgt02 60.000000
/nfs/cathdata/dompdb/1cdg02 56.666667
/nfs/cathdata/dompdb/1cyg02 58.333333
/nfs/cathdata/dompdb/1ciu02 58.333333
/nfs/cathdata/dompdb/1pamA2 56.666667
/nfs/cathdata/dompdb/2aaa02 55.000000
/nfs/cathdata/dompdb/1pnf02 43.333333
/data/pdb_release/all/pdb1knb.ent 46.666667
/tmp/1sluA0 46.666667
/nfs/cathdata/dompdb/1lla02 66.666667
/nfs/cathdata/dompdb/1svb01 46.666667
/data/pdb_release/all/pdb1cyw.ent 66.666667
/nfs/cathdata/dompdb/1hcz01 68.333333
/data/pdb_release/all/pdb1thw.ent 63.333333
/tmp/1cauB0 68.333333
/nfs/cathdata/dompdb/2phlA3 46.666667
/nfs/cathdata/dompdb/2phlA2 58.333333
/data/pdb_release/all/pdb2stv.ent 73.333333
/tmp/1bbt10 61.666667
/tmp/1pov10 61.666667
/tmp/1pvc10 61.666667
/tmp/1r0910 66.666667
/tmp/1rhi10 58.333333
/tmp/1tme10 61.666667
/tmp/2mev10 61.666667
/tmp/2bpa20 46.666667
/tmp/1gff20 46.666667
/tmp/1bbt30 66.666667
/tmp/1tme30 66.666667
/tmp/2mev30 66.666667
/tmp/1r0930 66.666667
/tmp/1pov30 66.666667
/tmp/1pvc30 66.666667
/tmp/1rhi30 66.666667
/tmp/1bbt20 55.000000
/tmp/1tme20 58.333333
/tmp/2mev20 58.333333
/tmp/1r0920 55.000000
/tmp/1pvc20 70.000000
/data/pdb_release/all/pdb1arn.ent 51.666667
/tmp/1aizA0 58.333333
/data/pdb_release/all/pdb1aaj.ent 46.666667
/nfs/cathdata/dompdb/1aozA1 46.666667
/nfs/cathdata/dompdb/1aozA2 58.333333
/nfs/cathdata/dompdb/1gof03 50.000000
/nfs/cathdata/dompdb/1nif01 61.666667
/nfs/cathdata/dompdb/1afnA1 58.333333
/nfs/cathdata/dompdb/1nif02 60.000000
/nfs/cathdata/dompdb/1ntd02 60.000000
/tmp/1eta10 51.666667
/tmp/1tfpA0 46.666667
/tmp/1sxaA0 55.000000
/tmp/1srdA0 50.000000
/data/pdb_release/all/pdb1jcv.ent 58.333333
/tmp/1sosA0 55.000000
/tmp/1xsoA0 58.333333
/data/pdb_release/all/pdb1akp.ent 41.666667
/data/pdb_release/all/pdb1acx.ent 46.666667
/data/pdb_release/all/pdb1noa.ent 46.666667
/data/pdb_release/all/pdb2mcm.ent 46.666667
/nfs/cathdata/dompdb/1clc01 45.000000
/nfs/cathdata/dompdb/1ctn01 58.333333
/data/pdb_release/all/pdb1exg.ent 50.000000
/nfs/cathdata/dompdb/1bglA4 43.333333
/nfs/cathdata/dompdb/1bglA2 50.000000
/nfs/cathdata/dompdb/1svcP3 43.333333
/nfs/cathdata/dompdb/1svb04 43.333333
/nfs/cathdata/dompdb/1gof01 46.666667
/nfs/cathdata/dompdb/2sblB1 46.666667
/nfs/cathdata/dompdb/1hplA2 43.333333
/nfs/cathdata/dompdb/1lpbB2 43.333333
/nfs/cathdata/dompdb/1pgs01 46.666667
/data/pdb_release/all/pdb1ten.ent 45.000000
/nfs/cathdata/dompdb/1fnf01 43.333333
/nfs/cathdata/dompdb/1fnf02 45.000000
/nfs/cathdata/dompdb/1fnf03 45.000000
/nfs/cathdata/dompdb/1cfb01 43.333333
/nfs/cathdata/dompdb/1cfb02 46.666667
/tmp/1wapA0 45.000000
/data/pdb_release/all/pdb1ncg.ent 46.666667
/data/pdb_release/all/pdb1suh.ent 46.666667
/nfs/cathdata/dompdb/1ggtA4 43.333333
/nfs/cathdata/dompdb/1cgt04 43.333333
/nfs/cathdata/dompdb/1cdg04 46.666667
/nfs/cathdata/dompdb/1cyg04 43.333333
/data/pdb_release/all/pdb1kul.ent 41.666667
/nfs/cathdata/dompdb/1ciu04 43.333333
/nfs/cathdata/dompdb/1pamA4 45.000000
/nfs/cathdata/dompdb/1cgt03 46.666667
/nfs/cathdata/dompdb/1cdg03 46.666667
/nfs/cathdata/dompdb/1cyg03 45.000000
/nfs/cathdata/dompdb/1ciu03 43.333333
/nfs/cathdata/dompdb/1pamA3 45.000000
/data/pdb_release/all/pdb1rsy.ent 66.666667
/data/pdb_release/all/pdb1plc.ent 56.666667
/data/pdb_release/all/pdb9pcy.ent 50.000000
/data/pdb_release/all/pdb2plt.ent 56.666667
/data/pdb_release/all/pdb7pcy.ent 55.000000
/data/pdb_release/all/pdb1pla.ent 50.000000
/data/pdb_release/all/pdb1nin.ent 43.333333
/data/pdb_release/all/pdb1paz.ent 66.666667
/data/pdb_release/all/pdb1pmy.ent 66.666667
/data/pdb_release/all/pdb1zia.ent 66.666667
/tmp/1adwA0 66.666667
/tmp/1vlxA0 55.000000
/nfs/cathdata/dompdb/1vgeH1 50.000000
/nfs/cathdata/dompdb/1yuhB1 46.666667
/nfs/cathdata/dompdb/1clyH1 50.000000
/nfs/cathdata/dompdb/1kelH1 53.333333
/nfs/cathdata/dompdb/1nldH1 61.666667
/nfs/cathdata/dompdb/1ghfH1 46.666667
/nfs/cathdata/dompdb/1ospH1 50.000000
/nfs/cathdata/dompdb/1mimH1 50.000000
/nfs/cathdata/dompdb/1cloH1 50.000000
/nfs/cathdata/dompdb/1plgL1 46.666667
/nfs/cathdata/dompdb/1ghfL1 46.666667
/nfs/cathdata/dompdb/1clzL1 46.666667
/nfs/cathdata/dompdb/1kelL1 45.000000
/nfs/cathdata/dompdb/1gafL1 45.000000
/nfs/cathdata/dompdb/1iaiL1 40.000000
/nfs/cathdata/dompdb/1aifA1 41.666667
/nfs/cathdata/dompdb/1vgeL1 45.000000
/nfs/cathdata/dompdb/1nldL1 43.333333
/nfs/cathdata/dompdb/1ospL1 43.333333
/nfs/cathdata/dompdb/1mimL1 45.000000
/nfs/cathdata/dompdb/1lilA1 46.666667
/nfs/cathdata/dompdb/1cloL1 45.000000
/nfs/cathdata/dompdb/1bec01 46.666667
/nfs/cathdata/dompdb/1tcrB1 46.666667
/data/pdb_release/all/pdb1tit.ent 46.666667
/data/pdb_release/all/pdb1cid.ent 46.666667
/data/pdb_release/all/pdb3cd4.ent 46.666667
/data/pdb_release/all/pdb1hoe.ent 46.666667
/nfs/cathdata/dompdb/3hhrB1 41.666667
/nfs/cathdata/dompdb/3hhrB2 41.666667
/nfs/cathdata/dompdb/1fieA3 58.333333
/nfs/cathdata/dompdb/1hft01 55.000000
/data/pdb_release/all/pdb1ttf.ent 43.333333
/nfs/cathdata/dompdb/1hilA1 46.666667
/nfs/cathdata/dompdb/1ggbL1 46.666667
/nfs/cathdata/dompdb/1gigL1 45.000000
/nfs/cathdata/dompdb/1mfeL1 45.000000
/nfs/cathdata/dompdb/1igfL1 46.666667
/nfs/cathdata/dompdb/1lmkA2 46.666667
/nfs/cathdata/dompdb/1mcbA1 50.000000
/nfs/cathdata/dompdb/1mlbA1 50.000000
/nfs/cathdata/dompdb/3hfmL1 45.000000
/nfs/cathdata/dompdb/1opgL1 45.000000
/nfs/cathdata/dompdb/1ncaL1 50.000000
/nfs/cathdata/dompdb/1tetL1 46.666667
/nfs/cathdata/dompdb/2fb4L1 43.333333
/nfs/cathdata/dompdb/2fbjL1 46.666667
/nfs/cathdata/dompdb/6fabL1 46.666667
/nfs/cathdata/dompdb/7fabL1 43.333333
/nfs/cathdata/dompdb/8fabA1 46.666667
/nfs/cathdata/dompdb/1eapA1 46.666667
/nfs/cathdata/dompdb/1figL1 46.666667
/nfs/cathdata/dompdb/1forL1 46.666667
/nfs/cathdata/dompdb/1ibgL1 45.000000
/nfs/cathdata/dompdb/1igcL1 46.666667
/nfs/cathdata/dompdb/1jelL1 46.666667
/nfs/cathdata/dompdb/1nsnL1 43.333333
/nfs/cathdata/dompdb/2gfbA1 46.666667
/tmp/1dvfC0 46.666667
/tmp/1dvfD0 50.000000
/data/pdb_release/all/pdb1vhp.ent 45.000000
/nfs/cathdata/dompdb/1gafH1 46.666667
/nfs/cathdata/dompdb/1iaiH1 50.000000
/nfs/cathdata/dompdb/1aifB1 43.333333
/nfs/cathdata/dompdb/1ngpH1 46.666667
/nfs/cathdata/dompdb/1plgH1 46.666667
/nfs/cathdata/dompdb/1mlbB1 50.000000
/nfs/cathdata/dompdb/2cgrH1 46.666667
/nfs/cathdata/dompdb/1eapB1 50.000000
/nfs/cathdata/dompdb/1faiH1 61.666667
/nfs/cathdata/dompdb/1fbiH1 46.666667
/nfs/cathdata/dompdb/1figH1 46.666667
/nfs/cathdata/dompdb/1forH1 53.333333
/nfs/cathdata/dompdb/1fptH1 46.666667
/nfs/cathdata/dompdb/1frgH1 46.666667
/nfs/cathdata/dompdb/1gigH1 50.000000
/nfs/cathdata/dompdb/1ibgH1 50.000000
/nfs/cathdata/dompdb/1igcH1 50.000000
/nfs/cathdata/dompdb/1igjB1 46.666667
/nfs/cathdata/dompdb/1ikfH1 50.000000
/nfs/cathdata/dompdb/1jelH1 46.666667
/nfs/cathdata/dompdb/1mrcH1 46.666667
/nfs/cathdata/dompdb/1nsnH1 50.000000
/nfs/cathdata/dompdb/1opgH1 45.000000
/nfs/cathdata/dompdb/1rmfH1 43.333333
/nfs/cathdata/dompdb/2fgwH1 46.666667
/nfs/cathdata/dompdb/2gfbB1 46.666667
/nfs/cathdata/dompdb/6fabH1 50.000000
/nfs/cathdata/dompdb/1acyL1 45.000000
/nfs/cathdata/dompdb/1bafL1 45.000000
/nfs/cathdata/dompdb/1bbdL1 46.666667
/nfs/cathdata/dompdb/1bqlL1 46.666667
/nfs/cathdata/dompdb/2cgrL1 46.666667
/nfs/cathdata/dompdb/1dbbL1 46.666667
/nfs/cathdata/dompdb/1dfbL1 43.333333
/nfs/cathdata/dompdb/1faiL1 45.000000
/nfs/cathdata/dompdb/1mamL1 45.000000
/nfs/cathdata/dompdb/1ikfL1 46.666667
/nfs/cathdata/dompdb/1frgL1 46.666667
/tmp/1wtlA0 46.666667
/tmp/1breA0 46.666667
/tmp/1fvcB0 50.000000
/tmp/1jhlH0 50.000000
/tmp/1vfaB0 46.666667
/tmp/1igmH0 46.666667
/tmp/1mfaL0 0.000000
/tmp/1fgvH0 50.000000
/tmp/1nmaH0 50.000000
/tmp/2bjl10 46.666667
/nfs/cathdata/dompdb/8fabB1 46.666667
/nfs/cathdata/dompdb/2fb4H1 50.000000
/nfs/cathdata/dompdb/1acyH1 46.666667
/nfs/cathdata/dompdb/1bbdH1 50.000000
/nfs/cathdata/dompdb/2hflH1 46.666667
/nfs/cathdata/dompdb/2fbjH1 48.333333
/nfs/cathdata/dompdb/1hilB1 43.333333
/nfs/cathdata/dompdb/1nbvH1 46.666667
/nfs/cathdata/dompdb/7fabH1 46.666667
/nfs/cathdata/dompdb/1indH1 43.333333
/nfs/cathdata/dompdb/1tetH1 46.666667
/nfs/cathdata/dompdb/1mamH1 46.666667
/nfs/cathdata/dompdb/1ncaH1 46.666667
/nfs/cathdata/dompdb/1dbbH1 50.000000
/nfs/cathdata/dompdb/1dfbH1 46.666667
/nfs/cathdata/dompdb/1flrH1 46.666667
/nfs/cathdata/dompdb/1ggbH1 50.000000
/nfs/cathdata/dompdb/1igfH1 46.666667
/nfs/cathdata/dompdb/1bafH1 46.666667
/nfs/cathdata/dompdb/3hfmH1 46.666667
/nfs/cathdata/dompdb/1mcpH1 46.666667
/nfs/cathdata/dompdb/1lmkA1 46.666667
/nfs/cathdata/dompdb/1mfbH1 50.000000
/nfs/cathdata/dompdb/1fc2D2 58.333333
/nfs/cathdata/dompdb/1gigL2 73.333333
/nfs/cathdata/dompdb/1kelL2 58.333333
/nfs/cathdata/dompdb/1gafL2 66.666667
/nfs/cathdata/dompdb/2fb4L2 70.000000
/nfs/cathdata/dompdb/1yuhB2 35.000000
/nfs/cathdata/dompdb/1clzH2 45.000000
/nfs/cathdata/dompdb/1fc2D1 70.000000
/nfs/cathdata/dompdb/1fruA2 50.000000
/tmp/1hsbB0 41.666667
/tmp/1mhcB0 41.666667
/tmp/1fruB0 41.666667
/data/pdb_release/all/pdb1bmg.ent 46.666667
/nfs/cathdata/dompdb/1dlhA2 41.666667
/nfs/cathdata/dompdb/1sebB2 43.333333
/nfs/cathdata/dompdb/1bec02 55.000000
/nfs/cathdata/dompdb/1vcaA2 45.000000
/data/pdb_release/all/pdb1tnm.ent 46.666667
/nfs/cathdata/dompdb/1vcaA1 45.000000
/data/pdb_release/all/pdb1tlk.ent 43.333333
/nfs/cathdata/dompdb/1hft02 58.333333
/data/pdb_release/all/pdb1cd8.ent 46.666667
/nfs/cathdata/dompdb/1igjA1 46.666667
/tmp/1nmbL0 43.333333
/data/pdb_release/all/pdb2rhe.ent 46.666667
/tmp/1fgvL0 46.666667
/data/pdb_release/all/pdb2imn.ent 50.000000
/tmp/1reiA0 46.666667
/tmp/1fvcA0 45.000000
/tmp/1igmL0 46.666667
/tmp/1jhlL0 46.666667
/tmp/1ivlA0 43.333333
/tmp/1vfaA0 46.666667
/data/pdb_release/all/pdb1pho.ent 58.333333
/data/pdb_release/all/pdb1omf.ent 70.000000
/data/pdb_release/all/pdb3bcl.ent 81.666667
/nfs/cathdata/dompdb/1amm01 46.666667
/nfs/cathdata/dompdb/1amm02 53.333333
/nfs/cathdata/dompdb/2bb202 46.666667
/nfs/cathdata/dompdb/2gcr01 46.666667
/nfs/cathdata/dompdb/2gcr02 43.333333
/nfs/cathdata/dompdb/1elpA1 46.666667
/nfs/cathdata/dompdb/1elpA2 58.333333
/nfs/cathdata/dompdb/2bb201 43.333333
/nfs/cathdata/dompdb/1prr01 55.000000
/nfs/cathdata/dompdb/1prr02 50.000000
/tmp/1mdaL0 40.000000
/tmp/2bbkL0 45.000000
/data/pdb_release/all/pdb1cdb.ent 36.666667
/nfs/cathdata/dompdb/1hngA1 43.333333
/tmp/1cdcA0 45.000000
/nfs/cathdata/dompdb/1hnf02 46.666667
/nfs/cathdata/dompdb/1hngA2 46.666667
/tmp/1mfaH0 0.000000
/nfs/cathdata/dompdb/2fbjH2 40.000000
/nfs/cathdata/dompdb/1mcpH2 46.666667
/nfs/cathdata/dompdb/1hocA2 36.666667
/nfs/cathdata/dompdb/1hsaA2 45.000000
/nfs/cathdata/dompdb/1vaaA2 41.666667
/nfs/cathdata/dompdb/1hsbA2 41.666667
/nfs/cathdata/dompdb/1mhcA2 40.000000
/nfs/cathdata/dompdb/8fabB2 51.666667
/nfs/cathdata/dompdb/1kelH2 43.333333
/nfs/cathdata/dompdb/1bbdH2 58.333333
/nfs/cathdata/dompdb/1ospH2 45.000000
/nfs/cathdata/dompdb/1eapB2 45.000000
/tmp/1lopA0 56.666667
/data/pdb_release/all/pdb2cpl.ent 60.000000
/tmp/1cynA0 56.666667
/tmp/2rmcA0 55.000000
/nfs/cathdata/dompdb/1bucA2 56.666667
/nfs/cathdata/dompdb/3mddA2 68.333333
/nfs/cathdata/dompdb/1kxf02 45.000000
/nfs/cathdata/dompdb/1vcpA2 45.000000
/tmp/1smpI0 65.000000
/nfs/cathdata/dompdb/1svcP1 50.000000
/tmp/1sriA0 55.000000
/tmp/1avdA0 46.666667
/data/pdb_release/all/pdb1hbq.ent 58.333333
/data/pdb_release/all/pdb1rbp.ent 58.333333
/tmp/1epaA0 56.666667
/tmp/1bbpA0 73.333333
/data/pdb_release/all/pdb1mup.ent 58.333333
/data/pdb_release/all/pdb1ifc.ent 66.666667
/data/pdb_release/all/pdb1hmr.ent 66.666667
/tmp/1opaA0 66.666667
/data/pdb_release/all/pdb1adl.ent 70.000000
/data/pdb_release/all/pdb1crb.ent 73.333333
/tmp/1cbiA0 70.000000
/tmp/1ftpA0 63.333333
/data/pdb_release/all/pdb1cbs.ent 66.666667
/tmp/1pmpA0 70.000000
/data/pdb_release/all/pdb1mdc.ent 66.666667
/nfs/cathdata/dompdb/7catA1 76.666667
/data/pdb_release/all/pdb1cae.ent 90.000000
/nfs/cathdata/dompdb/1dar02 43.333333
/nfs/cathdata/dompdb/1gtrA4 45.000000
/data/pdb_release/all/pdb1prn.ent 58.333333
/data/pdb_release/all/pdb2por.ent 66.666667
/nfs/cathdata/dompdb/1ppfE1 41.666667
/nfs/cathdata/dompdb/1svpA1 43.333333
/nfs/cathdata/dompdb/1vcpA1 51.666667
/nfs/cathdata/dompdb/1sgt02 51.666667
/nfs/cathdata/dompdb/1hylA1 53.333333
/nfs/cathdata/dompdb/1try02 55.000000
/nfs/cathdata/dompdb/1sgpE1 51.666667
/nfs/cathdata/dompdb/1hpgA1 51.666667
/nfs/cathdata/dompdb/2sga01 55.000000
/nfs/cathdata/dompdb/2alp01 55.000000
/nfs/cathdata/dompdb/1tal01 55.000000
/nfs/cathdata/dompdb/2sfa01 70.000000
/nfs/cathdata/dompdb/1arb02 70.000000
/nfs/cathdata/dompdb/1hylA2 53.333333
/nfs/cathdata/dompdb/1sgpE2 41.666667
/nfs/cathdata/dompdb/1gbaA2 41.666667
/nfs/cathdata/dompdb/1hpgA2 43.333333
/nfs/cathdata/dompdb/2sga02 43.333333
/nfs/cathdata/dompdb/1tal02 46.666667
/nfs/cathdata/dompdb/2sfa02 43.333333
/nfs/cathdata/dompdb/1arb01 46.666667
/nfs/cathdata/dompdb/1cnd01 58.333333
/nfs/cathdata/dompdb/1ndh01 55.000000
/nfs/cathdata/dompdb/2pia01 55.000000
/nfs/cathdata/dompdb/1fnb01 53.333333
/nfs/cathdata/dompdb/1que01 55.000000
/nfs/cathdata/dompdb/1pkm03 51.666667
/nfs/cathdata/dompdb/1pkn03 41.666667
/nfs/cathdata/dompdb/1pkyA3 56.666667
/nfs/cathdata/dompdb/1pkyC3 51.666667
/nfs/cathdata/dompdb/1eft02 46.666667
/nfs/cathdata/dompdb/1efuA2 50.000000
/data/pdb_release/all/pdb1clh.ent 65.000000
/tmp/1tcwA0 56.666667
/tmp/1cpiA0 56.666667
/tmp/2rspA0 55.000000
/nfs/cathdata/dompdb/1pnkB3 43.333333
/nfs/cathdata/dompdb/1eft03 45.000000
/nfs/cathdata/dompdb/1efuA3 41.666667
/tmp/1ucyE0 66.666667
/tmp/1aksB0 70.000000
/tmp/2pkaB0 65.000000
/nfs/cathdata/dompdb/1hcgA1 65.000000
/nfs/cathdata/dompdb/1thsH1 56.666667
/nfs/cathdata/dompdb/1brbE1 53.333333
/nfs/cathdata/dompdb/4ptp01 55.000000
/nfs/cathdata/dompdb/1mctA1 55.000000
/nfs/cathdata/dompdb/1etrH1 55.000000
/nfs/cathdata/dompdb/1bit01 55.000000
/nfs/cathdata/dompdb/1trnA1 53.333333
/nfs/cathdata/dompdb/1try01 55.000000
/nfs/cathdata/dompdb/5chaA1 56.666667
/nfs/cathdata/dompdb/1sgt01 55.000000
/nfs/cathdata/dompdb/1lmwB1 55.000000
/nfs/cathdata/dompdb/1elg01 55.000000
/nfs/cathdata/dompdb/1elt01 53.333333
/nfs/cathdata/dompdb/1ton01 43.333333
/tmp/1mtnC0 66.666667
/nfs/cathdata/dompdb/1tbs01 56.666667
/nfs/cathdata/dompdb/1pfxC1 61.666667
/nfs/cathdata/dompdb/1fonA1 55.000000
/nfs/cathdata/dompdb/1pytD1 55.000000
/nfs/cathdata/dompdb/1rtfB1 43.333333
/nfs/cathdata/dompdb/1fujA1 43.333333
/nfs/cathdata/dompdb/1dst01 55.000000
/nfs/cathdata/dompdb/3rp2A1 43.333333
/tmp/1ceaA0 33.333333
/tmp/1pmlA0 46.666667
/data/pdb_release/all/pdb1kdu.ent 46.666667
/data/pdb_release/all/pdb1krn.ent 33.333333
/data/pdb_release/all/pdb1bw3.ent 93.333333
/tmp/1ihvA0 45.000000
/nfs/cathdata/dompdb/1hcz02 38.333333
/data/pdb_release/all/pdb1lab.ent 35.000000
/data/pdb_release/all/pdb1bdo.ent 46.666667
/data/pdb_release/all/pdb1afp.ent 35.000000
/tmp/1bovA0 51.666667
/data/pdb_release/all/pdb1mjc.ent 45.000000
/data/pdb_release/all/pdb1csp.ent 43.333333
/data/pdb_release/all/pdb1krs.ent 81.666667
/nfs/cathdata/dompdb/1lylA1 78.333333
/nfs/cathdata/dompdb/1asyA1 58.333333
/data/pdb_release/all/pdb1bgh.ent 45.000000
/data/pdb_release/all/pdb1rip.ent 0.000000
/tmp/1prtD0 53.333333
/tmp/1prtF0 55.000000
/nfs/cathdata/dompdb/1tssA2 41.666667
/nfs/cathdata/dompdb/1prtB2 55.000000
/nfs/cathdata/dompdb/1prtC2 55.000000
/tmp/1ltsD0 70.000000
/tmp/1chbD0 66.666667
/data/pdb_release/all/pdb2sns.ent 78.333333
/nfs/cathdata/dompdb/1bco02 45.000000
/nfs/cathdata/dompdb/1esfA1 53.333333
/nfs/cathdata/dompdb/1sebD1 55.000000
/nfs/cathdata/dompdb/1se201 53.333333
/tmp/1fivA0 61.666667
/tmp/1idaA0 58.333333
/tmp/1hivA0 60.000000
/data/pdb_release/all/pdb1dro.ent 65.000000
/nfs/cathdata/dompdb/1hleA1 70.000000
/nfs/cathdata/dompdb/1ovaA1 68.333333
/nfs/cathdata/dompdb/1kauC1 61.666667
/nfs/cathdata/dompdb/2kauC1 61.666667
/tmp/1ucyH0 51.666667
/nfs/cathdata/dompdb/3rp2A2 55.000000
/nfs/cathdata/dompdb/1ihsH2 55.000000
/nfs/cathdata/dompdb/1gctA2 55.000000
/nfs/cathdata/dompdb/1elg02 55.000000
/nfs/cathdata/dompdb/1brbE2 55.000000
/nfs/cathdata/dompdb/4ptp02 51.666667
/nfs/cathdata/dompdb/1elt02 65.000000
/nfs/cathdata/dompdb/1hneE2 55.000000
/nfs/cathdata/dompdb/1mctA2 58.333333
/nfs/cathdata/dompdb/1etrH2 53.333333
/nfs/cathdata/dompdb/1bit02 55.000000
/nfs/cathdata/dompdb/1trnA2 55.000000
/nfs/cathdata/dompdb/1ton02 53.333333
/tmp/2pkaA0 41.666667
/tmp/1mtnB0 43.333333
/tmp/1aksA0 43.333333
/nfs/cathdata/dompdb/1tbs02 55.000000
/nfs/cathdata/dompdb/1pfxC2 55.000000
/nfs/cathdata/dompdb/1fonA2 55.000000
/nfs/cathdata/dompdb/1pytD2 58.333333
/nfs/cathdata/dompdb/1fujA2 55.000000
/nfs/cathdata/dompdb/1rtfB2 55.000000
/nfs/cathdata/dompdb/1dst02 66.666667
/nfs/cathdata/dompdb/1hcgA2 51.666667
/nfs/cathdata/dompdb/1lmwB2 55.000000
/data/pdb_release/all/pdb1pk4.ent 33.333333
/data/pdb_release/all/pdb2pf1.ent 63.333333
/data/pdb_release/all/pdb1ahl.ent 30.000000
/data/pdb_release/all/pdb1atx.ent 40.000000
/data/pdb_release/all/pdb1sh1.ent 36.666667
/data/pdb_release/all/pdb1apf.ent 30.000000
/nfs/cathdata/dompdb/1dar03 35.000000
/nfs/cathdata/dompdb/1elo03 16.666667
/data/pdb_release/all/pdb1tfi.ent 38.333333
/tmp/4sgbI0 35.000000
/data/pdb_release/all/pdb1tih.ent 35.000000
/nfs/cathdata/dompdb/1raaB2 50.000000
/nfs/cathdata/dompdb/2atcB2 0.000000
/nfs/cathdata/dompdb/1ytfD2 35.000000
/tmp/1ytfC0 38.333333
/data/pdb_release/all/pdb1sso.ent 55.000000
/data/pdb_release/all/pdb1sap.ent 58.333333
/data/pdb_release/all/pdb1hsp.ent 0.000000
/data/pdb_release/all/pdb1gfc.ent 33.333333
/tmp/1aboA0 41.666667
/tmp/1cskA0 40.000000
/tmp/1ckaA0 40.000000
/tmp/1gbrA0 40.000000
/data/pdb_release/all/pdb1shg.ent 41.666667
/tmp/1shfA0 45.000000
/tmp/1nloC0 35.000000
/data/pdb_release/all/pdb1pnj.ent 45.000000
/tmp/1semA0 40.000000
/nfs/cathdata/dompdb/1lckA1 41.666667
/data/pdb_release/all/pdb1tud.ent 45.000000
/data/pdb_release/all/pdb1tuc.ent 41.666667
/nfs/cathdata/dompdb/1ad5A1 45.000000
/data/pdb_release/all/pdb1pls.ent 55.000000
/tmp/1dynA0 55.000000
/data/pdb_release/all/pdb1btn.ent 70.000000
/tmp/1tgxA0 41.666667
/data/pdb_release/all/pdb1nea.ent 40.000000
/data/pdb_release/all/pdb1nor.ent 40.000000
/data/pdb_release/all/pdb1ntx.ent 41.666667
/data/pdb_release/all/pdb1fas.ent 45.000000
/tmp/1cdtA0 45.000000
/data/pdb_release/all/pdb2crs.ent 41.666667
/data/pdb_release/all/pdb1ntn.ent 53.333333
/data/pdb_release/all/pdb1tfs.ent 40.000000
/data/pdb_release/all/pdb1lsi.ent 35.000000
/nfs/cathdata/dompdb/1psi01 66.666667
/nfs/cathdata/dompdb/2achA2 66.666667
/tmp/1bi6H0 30.000000
/data/pdb_release/all/pdb1tpm.ent 45.000000
/nfs/cathdata/dompdb/1hfh01 38.333333
/data/pdb_release/all/pdb1hcc.ent 43.333333
/tmp/1lpbA0 48.333333
/nfs/cathdata/dompdb/1antI1 70.000000
/tmp/1hcnB0 43.333333
/tmp/1hcnA0 51.666667
/tmp/1pdgA0 43.333333
/data/pdb_release/all/pdb2tgi.ent 70.000000
/tmp/1klaA0 51.666667
/data/pdb_release/all/pdb1tgj.ent 63.333333
/data/pdb_release/all/pdb1bet.ent 46.666667
/tmp/1bndA0 58.333333
/tmp/1bndB0 46.666667
/data/pdb_release/all/pdb1fbr.ent 41.666667
/tmp/1umuA0 53.333333
/data/pdb_release/all/pdb1ctl.ent 53.333333
/data/pdb_release/all/pdb1iml.ent 60.000000
/nfs/cathdata/dompdb/1extB1 41.666667
/tmp/2kauB0 41.666667
/tmp/1rprA0 30.000000
/tmp/1fc2C0 33.333333
/tmp/1spzZ0 35.000000
/data/pdb_release/all/pdb1edi.ent 38.333333
/data/pdb_release/all/pdb2pdd.ent 30.000000
/data/pdb_release/all/pdb1bal.ent 33.333333
/tmp/1csbA0 30.000000
/tmp/1htrP0 33.333333
/nfs/cathdata/dompdb/1ilk02 36.666667
/data/pdb_release/all/pdb1bha.ent 36.666667
/nfs/cathdata/dompdb/1grj01 48.333333
/nfs/cathdata/dompdb/1sesA1 50.000000
/data/pdb_release/all/pdb1pdc.ent 33.333333
/tmp/2achB0 33.333333
/data/pdb_release/all/pdb1egf.ent 30.000000
/data/pdb_release/all/pdb1apo.ent 0.000000
/data/pdb_release/all/pdb1fsb.ent 33.333333
/data/pdb_release/all/pdb1hre.ent 0.000000
/data/pdb_release/all/pdb1yuf.ent 33.333333
/tmp/1hcgB0 40.000000
/data/pdb_release/all/pdb1ata.ent 43.333333
/nfs/cathdata/dompdb/1ncfA2 43.333333
/data/pdb_release/all/pdb1cdq.ent 48.333333
/tmp/1kbaA0 51.666667
/tmp/2abxA0 0.000000
/tmp/1abtA0 30.000000
/data/pdb_release/all/pdb3ebx.ent 41.666667
/data/pdb_release/all/pdb2ctx.ent 41.666667
/data/pdb_release/all/pdb2cdx.ent 35.000000
/tmp/1kxiA0 45.000000
/data/pdb_release/all/pdb1cre.ent 33.333333
/data/pdb_release/all/pdb1cod.ent 41.666667
/data/pdb_release/all/pdb1drs.ent 40.000000
/data/pdb_release/all/pdb1lki.ent 51.666667
/tmp/3inkC0 78.333333
/data/pdb_release/all/pdb1hgu.ent 66.666667
/data/pdb_release/all/pdb1huw.ent 66.666667
/tmp/3hhrA0 66.666667
/data/pdb_release/all/pdb1lpt.ent 63.333333
/data/pdb_release/all/pdb1lip.ent 53.333333
/data/pdb_release/all/pdb1mzm.ent 53.333333
/data/pdb_release/all/pdb1hyp.ent 36.666667
/nfs/cathdata/dompdb/1dlc01 70.000000
/nfs/cathdata/dompdb/1ciy01 70.000000
/tmp/1etrL0 16.666667
/tmp/1tbrJ0 33.333333
/tmp/3aahB0 16.666667
/tmp/4aahB0 16.666667
/tmp/1olgA0 16.666667
/tmp/2bbvD0 16.666667
/data/pdb_release/all/pdb2ifo.ent 16.666667
/tmp/1pfiA0 30.000000
/tmp/1junA0 16.666667
/data/pdb_release/all/pdb1tvs.ent 46.666667
/tmp/1ysaC0 16.666667
/data/pdb_release/all/pdb1aml.ent 33.333333
/data/pdb_release/all/pdb125d.ent 33.333333
/data/pdb_release/all/pdb1cld.ent 30.000000
/tmp/1d66A0 35.000000
/data/pdb_release/all/pdb1pyc.ent 30.000000
/nfs/cathdata/dompdb/1poxA4 30.000000
/tmp/1ltsC0 33.333333
/tmp/1xtcC0 33.333333
/tmp/1scmA0 33.333333
/tmp/1mdyB0 30.000000
/data/pdb_release/all/pdb1bct.ent 33.333333
/nfs/cathdata/dompdb/1pcrL2 50.000000
/nfs/cathdata/dompdb/1prcL2 50.000000
/nfs/cathdata/dompdb/1pcrM2 66.666667
/nfs/cathdata/dompdb/1prcM2 66.666667
/nfs/cathdata/dompdb/1dik05 50.000000
/tmp/1bcfA0 56.666667
/data/pdb_release/all/pdb1fha.ent 70.000000
/data/pdb_release/all/pdb1ier.ent 70.000000
/data/pdb_release/all/pdb1rcc.ent 66.666667
/tmp/2ccyA0 53.333333
/data/pdb_release/all/pdb1cpq.ent 53.333333
/tmp/1bbhA0 46.666667
/data/pdb_release/all/pdb1cgn.ent 63.333333
/data/pdb_release/all/pdb1lpe.ent 51.666667
/data/pdb_release/all/pdb2asr.ent 53.333333
/data/pdb_release/all/pdb1vls.ent 51.666667
/data/pdb_release/all/pdb1aep.ent 56.666667
/tmp/256bA0 53.333333
/tmp/2hmqA0 46.666667
/data/pdb_release/all/pdb2mhr.ent 46.666667
/tmp/2tmvP0 78.333333
/tmp/1rmvA0 46.666667
/nfs/cathdata/dompdb/2ilk01 66.666667
/nfs/cathdata/dompdb/1vlk01 51.666667
/nfs/cathdata/dompdb/1bucA3 56.666667
/nfs/cathdata/dompdb/3mddA3 56.666667
/nfs/cathdata/dompdb/1chkA1 66.666667
/data/pdb_release/all/pdb1lis.ent 51.666667
/data/pdb_release/all/pdb1rcb.ent 56.666667
/tmp/1gmfA0 71.666667
/tmp/1bgeA0 51.666667
/tmp/1rhgA0 55.000000
/data/pdb_release/all/pdb1bgc.ent 66.666667
/nfs/cathdata/dompdb/1whtA2 35.000000
/data/pdb_release/all/pdb2erl.ent 35.000000
/nfs/cathdata/dompdb/1ytfD1 30.000000
/nfs/cathdata/dompdb/1mtyG1 35.000000
/nfs/cathdata/dompdb/1mhyG1 35.000000
/tmp/1ecmA0 35.000000
/nfs/cathdata/dompdb/1lxa02 46.666667
/data/pdb_release/all/pdb1acp.ent 46.666667
/data/pdb_release/all/pdb1aca.ent 43.333333
/nfs/cathdata/dompdb/1pcrM1 46.666667
/nfs/cathdata/dompdb/1prcM1 38.333333
/nfs/cathdata/dompdb/1pcrL1 60.000000
/nfs/cathdata/dompdb/1prcL1 53.333333
/nfs/cathdata/dompdb/3sdpA1 33.333333
/nfs/cathdata/dompdb/1mngA1 55.000000
/nfs/cathdata/dompdb/1svcP2 35.000000
/nfs/cathdata/dompdb/1nfkA2 33.333333
/nfs/cathdata/dompdb/1mtyG2 43.333333
/nfs/cathdata/dompdb/1mhyG2 46.666667
/nfs/cathdata/dompdb/2minB4 35.000000
/nfs/cathdata/dompdb/1mioB3 50.000000
/data/pdb_release/all/pdb1poc.ent 61.666667
/data/pdb_release/all/pdb1ppa.ent 46.666667
/data/pdb_release/all/pdb1poa.ent 90.000000
/data/pdb_release/all/pdb4bp2.ent 80.000000
/data/pdb_release/all/pdb1pod.ent 80.000000
/tmp/3p2pA0 80.000000
/tmp/1pp2L0 76.666667
/tmp/1clpA0 80.000000
/tmp/1bunA0 90.000000
/data/pdb_release/all/pdb1psj.ent 93.333333
/data/pdb_release/all/pdb1ae7.ent 93.333333
/nfs/cathdata/dompdb/1bmtA1 51.666667
/data/pdb_release/all/pdb1lmq.ent 90.000000
/data/pdb_release/all/pdb1jug.ent 96.666667
/data/pdb_release/all/pdb119l.ent 81.666667
/nfs/cathdata/dompdb/1bucA1 63.333333
/nfs/cathdata/dompdb/3mddA1 63.333333
/nfs/cathdata/dompdb/1oxa02 66.666667
/nfs/cathdata/dompdb/1grl01 80.000000
/nfs/cathdata/dompdb/1aorA2 85.000000
/nfs/cathdata/dompdb/2pgd02 70.000000
/nfs/cathdata/dompdb/1dnpA3 66.666667
/nfs/cathdata/dompdb/1csc01 86.666667
/tmp/1csmA0 70.000000
/nfs/cathdata/dompdb/1aorA3 70.000000
/data/pdb_release/all/pdb1fps.ent 73.333333
/nfs/cathdata/dompdb/1clc02 90.000000
/tmp/1ribA0 86.666667
/tmp/1mmoB0 70.000000
/tmp/1mhyB0 73.333333
/nfs/cathdata/dompdb/1cpt02 78.333333
/data/pdb_release/all/pdb1phb.ent 78.333333
/tmp/2bmhA0 80.000000
/nfs/cathdata/dompdb/1lla01 93.333333
/tmp/1mhlC0 90.000000
/tmp/1mtyD0 86.666667
/tmp/1mhyD0 86.666667
/nfs/cathdata/dompdb/2sblB2 90.000000
/data/pdb_release/all/pdb1lnh.ent 86.666667
/data/pdb_release/all/pdb1ehs.ent 33.333333
/tmp/2spcA0 30.000000
/tmp/1ytfB0 33.333333
/nfs/cathdata/dompdb/1pnkA2 30.000000
/data/pdb_release/all/pdb1aty.ent 36.666667
/nfs/cathdata/dompdb/1dloA3 66.666667
/tmp/1ithA0 63.333333
/tmp/1cpcA0 66.666667
/tmp/1cpcB0 66.666667
/tmp/1allA0 63.333333
/tmp/1allB0 63.333333
/tmp/1colA0 73.333333
/nfs/cathdata/dompdb/1ddt02 73.333333
/nfs/cathdata/dompdb/3blm02 76.666667
/nfs/cathdata/dompdb/1mblA2 73.333333
/nfs/cathdata/dompdb/1btl02 65.000000
/nfs/cathdata/dompdb/1ckiA2 66.666667
/nfs/cathdata/dompdb/1csn02 70.000000
/nfs/cathdata/dompdb/1apmE1 86.666667
/nfs/cathdata/dompdb/1irk02 86.666667
/nfs/cathdata/dompdb/1ad5A4 86.666667
/nfs/cathdata/dompdb/1aru01 70.000000
/nfs/cathdata/dompdb/1llp01 70.000000
/nfs/cathdata/dompdb/1mnp01 53.333333
/nfs/cathdata/dompdb/1qpaA1 70.000000
/nfs/cathdata/dompdb/1cca01 66.666667
/nfs/cathdata/dompdb/1apxA1 66.666667
/nfs/cathdata/dompdb/1schA1 51.666667
/data/pdb_release/all/pdb153l.ent 66.666667
/data/pdb_release/all/pdb1baa.ent 78.333333
/nfs/cathdata/dompdb/1cnsA1 66.666667
/data/pdb_release/all/pdb135l.ent 100.000000
/data/pdb_release/all/pdb2ihl.ent 96.666667
/data/pdb_release/all/pdb1lz1.ent 96.666667
/data/pdb_release/all/pdb1hhl.ent 93.333333
/tmp/1ghlA0 93.333333
/data/pdb_release/all/pdb2eql.ent 93.333333
/data/pdb_release/all/pdb1alc.ent 100.000000
/data/pdb_release/all/pdb1hml.ent 100.000000
/tmp/1thbA0 70.000000
/tmp/1hdsA0 66.666667
/tmp/1hdsB0 66.666667
/tmp/2mhbA0 70.000000
/tmp/1fdhG0 66.666667
/tmp/1hbhA0 66.666667
/tmp/1hdaA0 70.000000
/tmp/1babB0 63.333333
/data/pdb_release/all/pdb2lhb.ent 70.000000
/tmp/1hbhB0 66.666667
/tmp/1hdaB0 66.666667
/tmp/1pghA0 66.666667
/tmp/1pghB0 70.000000
/tmp/1ibeB0 66.666667
/tmp/1outA0 63.333333
/tmp/1outB0 65.000000
/tmp/1spgA0 63.333333
/tmp/1spgB0 66.666667
/data/pdb_release/all/pdb1flp.ent 66.666667
/data/pdb_release/all/pdb1lhs.ent 73.333333
/data/pdb_release/all/pdb1bvd.ent 70.000000
/data/pdb_release/all/pdb1ymb.ent 66.666667
/data/pdb_release/all/pdb1mbs.ent 70.000000
/data/pdb_release/all/pdb2mm1.ent 70.000000
/data/pdb_release/all/pdb1emy.ent 66.666667
/tmp/1mygA0 70.000000
/data/pdb_release/all/pdb1myt.ent 66.666667
/data/pdb_release/all/pdb1eca.ent 70.000000
/tmp/1sctA0 70.000000
/tmp/1sctB0 66.666667
/tmp/3sdhA0 66.666667
/data/pdb_release/all/pdb1mba.ent 63.333333
/data/pdb_release/all/pdb1ash.ent 73.333333
/nfs/cathdata/dompdb/1fcdC2 53.333333
/tmp/2mtaC0 63.333333
/nfs/cathdata/dompdb/2abk02 43.333333
/nfs/cathdata/dompdb/1npc02 86.666667
/nfs/cathdata/dompdb/1ezm02 66.666667
/nfs/cathdata/dompdb/2tmnE2 90.000000
/nfs/cathdata/dompdb/1dnpA2 70.000000
/nfs/cathdata/dompdb/1gia02 70.000000
/nfs/cathdata/dompdb/1tadA2 66.666667
/nfs/cathdata/dompdb/7catA2 66.666667
/nfs/cathdata/dompdb/1cca02 86.666667
/nfs/cathdata/dompdb/1apxA2 63.333333
/nfs/cathdata/dompdb/1aru02 60.000000
/nfs/cathdata/dompdb/1llp02 60.000000
/nfs/cathdata/dompdb/1mnp02 60.000000
/nfs/cathdata/dompdb/1qpaA2 66.666667
/nfs/cathdata/dompdb/1schA2 78.333333
/tmp/1rfbA0 66.666667
/nfs/cathdata/dompdb/1pnkA1 66.666667
/data/pdb_release/all/pdb1end.ent 48.333333
/nfs/cathdata/dompdb/1gly01 76.666667
/nfs/cathdata/dompdb/1ecl02 90.000000
/data/pdb_release/all/pdb1sra.ent 66.666667
/nfs/cathdata/dompdb/1prcC2 66.666667
/nfs/cathdata/dompdb/1prcC1 66.666667
/nfs/cathdata/dompdb/1vsgA2 63.333333
/nfs/cathdata/dompdb/1gly02 75.000000
/nfs/cathdata/dompdb/1pnkB4 63.333333
/data/pdb_release/all/pdb1hlm.ent 66.666667
/data/pdb_release/all/pdb1hlb.ent 66.666667
/data/pdb_release/all/pdb1hbg.ent 70.000000
/data/pdb_release/all/pdb1gdj.ent 63.333333
/tmp/1binA0 66.666667
/nfs/cathdata/dompdb/1osa02 50.000000
/nfs/cathdata/dompdb/1wdcC2 53.333333
/nfs/cathdata/dompdb/1tnw02 50.000000
/tmp/1cnpA0 50.000000
/tmp/1symA0 46.666667
/tmp/1tcoB0 66.666667
/nfs/cathdata/dompdb/1scmC1 46.666667
/nfs/cathdata/dompdb/1wdcB1 46.666667
/nfs/cathdata/dompdb/1rec01 0.000000
/nfs/cathdata/dompdb/1rec02 66.666667
/data/pdb_release/all/pdb2sas.ent 66.666667
/tmp/2scpA0 66.666667
/data/pdb_release/all/pdb155c.ent 65.000000
/data/pdb_release/all/pdb1ycc.ent 51.666667
/data/pdb_release/all/pdb1ccr.ent 53.333333
/tmp/5cytR0 53.333333
/data/pdb_release/all/pdb1yeb.ent 53.333333
/data/pdb_release/all/pdb1hrc.ent 53.333333
/data/pdb_release/all/pdb1cry.ent 53.333333
/data/pdb_release/all/pdb1cot.ent 65.000000
/data/pdb_release/all/pdb3c2c.ent 51.666667
/tmp/1c2rA0 68.333333
/data/pdb_release/all/pdb1cxc.ent 61.666667
/data/pdb_release/all/pdb1yea.ent 66.666667
/tmp/1hroA0 53.333333
/data/pdb_release/all/pdb1dvh.ent 50.000000
/data/pdb_release/all/pdb351c.ent 50.000000
/data/pdb_release/all/pdb1cor.ent 56.666667
/data/pdb_release/all/pdb1cch.ent 55.000000
/nfs/cathdata/dompdb/1fcdC1 46.666667
/data/pdb_release/all/pdb1cc5.ent 51.666667
/data/pdb_release/all/pdb1cyi.ent 51.666667
/data/pdb_release/all/pdb1ctj.ent 55.000000
/nfs/cathdata/dompdb/6gsvA2 46.666667
/nfs/cathdata/dompdb/1gta02 53.333333
/nfs/cathdata/dompdb/1hna02 53.333333
/nfs/cathdata/dompdb/2gsq02 50.000000
/nfs/cathdata/dompdb/1gseA2 53.333333
/nfs/cathdata/dompdb/1bpb01 46.666667
/nfs/cathdata/dompdb/1taq02 33.333333
/nfs/cathdata/dompdb/9icwA2 50.000000
/nfs/cathdata/dompdb/1ecl04 50.000000
/nfs/cathdata/dompdb/1adeA2 46.666667
/nfs/cathdata/dompdb/1atnA3 86.666667
/nfs/cathdata/dompdb/1oxa03 53.333333
/data/pdb_release/all/pdb1hmx.ent 73.333333
/nfs/cathdata/dompdb/2abk01 70.000000
/nfs/cathdata/dompdb/1gln04 63.333333
/nfs/cathdata/dompdb/2tct02 66.666667
/tmp/1hulA0 53.333333
/data/pdb_release/all/pdb1coo.ent 55.000000
/nfs/cathdata/dompdb/1wdcB2 50.000000
/data/pdb_release/all/pdb1bod.ent 46.666667
/data/pdb_release/all/pdb1cb1.ent 50.000000
/data/pdb_release/all/pdb4icb.ent 56.666667
/data/pdb_release/all/pdb1cmf.ent 46.666667
/nfs/cathdata/dompdb/1ncx01 68.333333
/data/pdb_release/all/pdb1cfc.ent 80.000000
/data/pdb_release/all/pdb1tnx.ent 70.000000
/data/pdb_release/all/pdb1rro.ent 63.333333
/data/pdb_release/all/pdb4cpv.ent 60.000000
/data/pdb_release/all/pdb5pal.ent 65.000000
/data/pdb_release/all/pdb1pal.ent 66.666667
/tmp/1rtp10 66.666667
/tmp/1pvaA0 66.666667
/nfs/cathdata/dompdb/1osa01 50.000000
/nfs/cathdata/dompdb/1avhA1 51.666667
/nfs/cathdata/dompdb/2ran01 51.666667
/nfs/cathdata/dompdb/1ala02 51.666667
/nfs/cathdata/dompdb/1hvd02 51.666667
/nfs/cathdata/dompdb/1ala04 51.666667
/nfs/cathdata/dompdb/1ann04 53.333333
/nfs/cathdata/dompdb/1avhA4 51.666667
/nfs/cathdata/dompdb/1axn01 51.666667
/nfs/cathdata/dompdb/1axn03 51.666667
/nfs/cathdata/dompdb/1axn02 51.666667
/nfs/cathdata/dompdb/1ala03 50.000000
/nfs/cathdata/dompdb/1ann03 53.333333
/nfs/cathdata/dompdb/1hvd03 51.666667
/nfs/cathdata/dompdb/2ran03 51.666667
/nfs/cathdata/dompdb/1axn04 51.666667
/nfs/cathdata/dompdb/1csc02 55.000000
/nfs/cathdata/dompdb/1csh02 55.000000
/nfs/cathdata/dompdb/2cts02 55.000000
/nfs/cathdata/dompdb/1tyaE2 53.333333
/nfs/cathdata/dompdb/1bvp11 53.333333
/data/pdb_release/all/pdb1neq.ent 51.666667
/nfs/cathdata/dompdb/1octC1 50.000000
/data/pdb_release/all/pdb1r69.ent 56.666667
/data/pdb_release/all/pdb2cro.ent 53.333333
/data/pdb_release/all/pdb1adr.ent 53.333333
/tmp/1lmb30 53.333333
/nfs/cathdata/dompdb/2yhx01 53.333333
/nfs/cathdata/dompdb/2bpfA1 53.333333
/nfs/cathdata/dompdb/1bgw03 46.666667
/nfs/cathdata/dompdb/1adt01 53.333333
/nfs/cathdata/dompdb/1glqA2 50.000000
/nfs/cathdata/dompdb/2gsrA2 50.000000
/nfs/cathdata/dompdb/1gssA2 50.000000
/data/pdb_release/all/pdb1erd.ent 30.000000
/nfs/cathdata/dompdb/1dtr02 35.000000
/tmp/1lccA0 36.666667
/nfs/cathdata/dompdb/1pnrA1 46.666667
/data/pdb_release/all/pdb1uxd.ent 36.666667
/nfs/cathdata/dompdb/2phlA1 33.333333
/nfs/cathdata/dompdb/2phlA4 38.333333
/tmp/6insE0 35.000000
/data/pdb_release/all/pdb2gf1.ent 35.000000
/data/pdb_release/all/pdb1igl.ent 30.000000
/data/pdb_release/all/pdb1bip.ent 46.666667
/data/pdb_release/all/pdb1c5a.ent 50.000000
/data/pdb_release/all/pdb1kjs.ent 53.333333
/tmp/1cmbA0 35.000000
/nfs/cathdata/dompdb/1gln03 46.666667
/nfs/cathdata/dompdb/1serA1 46.666667
/nfs/cathdata/dompdb/1bvp13 46.666667
/nfs/cathdata/dompdb/1dmb03 76.666667
/nfs/cathdata/dompdb/1dik02 35.000000
/nfs/cathdata/dompdb/9pap02 38.333333
/nfs/cathdata/dompdb/1aec02 46.666667
/nfs/cathdata/dompdb/1gecE2 50.000000
/nfs/cathdata/dompdb/2act02 46.666667
/nfs/cathdata/dompdb/1ppo02 35.000000
/nfs/cathdata/dompdb/1yal02 35.000000
/nfs/cathdata/dompdb/1theA2 35.000000
/nfs/cathdata/dompdb/1csbB1 35.000000
/nfs/cathdata/dompdb/2bltA2 36.666667
/data/pdb_release/all/pdb1utg.ent 50.000000
/data/pdb_release/all/pdb1ccd.ent 50.000000
/nfs/cathdata/dompdb/1ala01 51.666667
/nfs/cathdata/dompdb/1ann01 51.666667
/nfs/cathdata/dompdb/1ann02 53.333333
/tmp/1fliA0 36.666667
/data/pdb_release/all/pdb1etc.ent 58.333333
/tmp/1sttA0 76.666667
/data/pdb_release/all/pdb2hts.ent 61.666667
/data/pdb_release/all/pdb1hks.ent 33.333333
/data/pdb_release/all/pdb1enh.ent 38.333333
/data/pdb_release/all/pdb1ftz.ent 35.000000
/data/pdb_release/all/pdb1ftt.ent 36.666667
/tmp/1ahdP0 35.000000
/tmp/1fjlA0 38.333333
/data/pdb_release/all/pdb1vnd.ent 35.000000
/data/pdb_release/all/pdb1hdp.ent 35.000000
/data/pdb_release/all/pdb1ocp.ent 35.000000
/data/pdb_release/all/pdb1pog.ent 36.666667
/tmp/1yrnA0 38.333333
/tmp/1hcrA0 35.000000
/data/pdb_release/all/pdb1res.ent 38.333333
/data/pdb_release/all/pdb1lfb.ent 35.000000
/data/pdb_release/all/pdb2lfb.ent 38.333333
/tmp/1yrnB0 46.666667
/tmp/1fiaA0 46.666667
/data/pdb_release/all/pdb1mbe.ent 36.666667
/data/pdb_release/all/pdb1mbg.ent 36.666667
/data/pdb_release/all/pdb1mbj.ent 35.000000
/tmp/2wrpR0 63.333333
/nfs/cathdata/dompdb/2tct01 46.666667
/tmp/1bfmA0 35.000000
/tmp/1hryA0 38.333333
/data/pdb_release/all/pdb1hsm.ent 38.333333
/data/pdb_release/all/pdb1hma.ent 36.666667
/data/pdb_release/all/pdb1hme.ent 35.000000
/data/pdb_release/all/pdb1aab.ent 35.000000
/tmp/1trlA0 35.000000
/tmp/1mylA0 33.333333
/tmp/1parA0 33.333333
/tmp/1mntA0 46.666667
/data/pdb_release/all/pdb1lea.ent 63.333333
/tmp/1hstA0 60.000000
/data/pdb_release/all/pdb1ghc.ent 35.000000
/nfs/cathdata/dompdb/1dprA1 46.666667
/nfs/cathdata/dompdb/1bia01 63.333333
/nfs/cathdata/dompdb/1berA2 63.333333
/nfs/cathdata/dompdb/1pdnC1 66.666667
/nfs/cathdata/dompdb/1pdnC2 36.666667
