/tmp/2ltnB0 25.000000
/tmp/1lenB0 25.000000
/tmp/1lgcB0 0.000000
/nfs/cathdata/dompdb/1lyaB1 25.000000
/tmp/1aayA0 70.000000
/tmp/1ubdC0 90.000000
/tmp/1meyC0 85.000000
/tmp/2drpA0 52.500000
/tmp/1pyaA0 45.000000
/tmp/1hueA0 70.000000
/tmp/1wtuA0 70.000000
/tmp/1ihfA0 55.000000
/tmp/1ihfB0 55.000000
/nfs/cathdata/dompdb/1prcH1 72.500000
/nfs/cathdata/dompdb/1pcrH1 55.000000
/data/pdb_release/all/pdb4mt2.ent 0.000000
/data/pdb_release/all/pdb1tiv.ent 0.000000
/data/pdb_release/all/pdb1zaq.ent 0.000000
/data/pdb_release/all/pdb1iva.ent 0.000000
/data/pdb_release/all/pdb1agg.ent 0.000000
/data/pdb_release/all/pdb1cfh.ent 0.000000
/data/pdb_release/all/pdb1cfi.ent 0.000000
/data/pdb_release/all/pdb1aaf.ent 0.000000
/data/pdb_release/all/pdb2ech.ent 0.000000
/data/pdb_release/all/pdb1fvl.ent 0.000000
/data/pdb_release/all/pdb1kst.ent 10.000000
/tmp/1r0940 25.000000
/tmp/2plv40 35.000000
/tmp/1pvc40 35.000000
/tmp/1bbt40 50.000000
/tmp/1tme40 25.000000
/tmp/2mev40 25.000000
/tmp/1tabI0 0.000000
/data/pdb_release/all/pdb1pi2.ent 7.500000
/data/pdb_release/all/pdb1bbi.ent 20.000000
/nfs/cathdata/dompdb/1pcp01 25.000000
/nfs/cathdata/dompdb/2pspA2 25.000000
/nfs/cathdata/dompdb/1gcb01 90.000000
/nfs/cathdata/dompdb/1fieA2 75.000000
/nfs/cathdata/dompdb/1lgr01 90.000000
/nfs/cathdata/dompdb/1abbA1 95.000000
/nfs/cathdata/dompdb/1ygpA1 95.000000
/nfs/cathdata/dompdb/1pgd03 25.000000
/data/pdb_release/all/pdb1ldl.ent 0.000000
/data/pdb_release/all/pdb1ldr.ent 0.000000
/data/pdb_release/all/pdb1tap.ent 30.000000
/data/pdb_release/all/pdb5pti.ent 30.000000
/tmp/1aapA0 35.000000
/data/pdb_release/all/pdb1dtx.ent 35.000000
/data/pdb_release/all/pdb1dtk.ent 30.000000
/data/pdb_release/all/pdb1shp.ent 30.000000
/tmp/1brbI0 40.000000
/data/pdb_release/all/pdb1knt.ent 35.000000
/data/pdb_release/all/pdb1dem.ent 35.000000
/tmp/1bunB0 40.000000
/data/pdb_release/all/pdb1hnr.ent 25.000000
/tmp/1mhlA0 45.000000
/nfs/cathdata/dompdb/1gal02 50.000000
/nfs/cathdata/dompdb/1inp01 50.000000
/nfs/cathdata/dompdb/1rtc02 55.000000
/nfs/cathdata/dompdb/1apa02 60.000000
/nfs/cathdata/dompdb/1pafA2 55.000000
/nfs/cathdata/dompdb/1mrg02 60.000000
/nfs/cathdata/dompdb/1mrj02 55.000000
/nfs/cathdata/dompdb/1abrA2 72.500000
/tmp/1isuA0 25.000000
/data/pdb_release/all/pdb1hip.ent 52.500000
/tmp/2hipA0 15.000000
/data/pdb_release/all/pdb1hpi.ent 32.500000
/data/pdb_release/all/pdb1bbo.ent 45.000000
/nfs/cathdata/dompdb/1adt02 57.500000
/tmp/1abmA0 90.000000
/tmp/1idsA0 95.000000
/tmp/1isaA0 95.000000
/nfs/cathdata/dompdb/1vsgA1 90.000000
/tmp/1hmpA0 55.000000
/nfs/cathdata/dompdb/1adeA3 60.000000
/nfs/cathdata/dompdb/1qorA1 77.500000
/nfs/cathdata/dompdb/3btoA1 72.500000
/nfs/cathdata/dompdb/1dehA1 60.000000
/nfs/cathdata/dompdb/1cdoA1 77.500000
/nfs/cathdata/dompdb/1tehA1 72.500000
/nfs/cathdata/dompdb/1agnA1 72.500000
/tmp/1yptA0 90.000000
/data/pdb_release/all/pdb2hnp.ent 80.000000
/nfs/cathdata/dompdb/1yfoA1 60.000000
/tmp/1vhrA0 77.500000
/data/pdb_release/all/pdb1gpc.ent 72.500000
/nfs/cathdata/dompdb/1bgw05 100.000000
/nfs/cathdata/dompdb/1jetA1 77.500000
/nfs/cathdata/dompdb/1glaG1 95.000000
/nfs/cathdata/dompdb/1hgeA1 60.000000
/tmp/1ltsA0 77.500000
/tmp/1xtcA0 72.500000
/tmp/1tiiA0 72.500000
/tmp/1prtA0 72.500000
/nfs/cathdata/dompdb/1admA2 72.500000
/nfs/cathdata/dompdb/1chmA2 65.000000
/data/pdb_release/all/pdb1mat.ent 70.000000
/data/pdb_release/all/pdb1pbn.ent 77.500000
/data/pdb_release/all/pdb1ula.ent 77.500000
/tmp/1ecpA0 77.500000
/nfs/cathdata/dompdb/1dhx03 72.500000
/data/pdb_release/all/pdb2cyr.ent 90.000000
/data/pdb_release/all/pdb1wad.ent 65.000000
/data/pdb_release/all/pdb1czj.ent 90.000000
/tmp/1htmB0 70.000000
/nfs/cathdata/dompdb/1berA1 55.000000
/nfs/cathdata/dompdb/1dhx02 50.000000
/nfs/cathdata/dompdb/1gln02 77.500000
/nfs/cathdata/dompdb/1gtrA2 77.500000
/nfs/cathdata/dompdb/1prcH2 55.000000
/nfs/cathdata/dompdb/4rcrH2 35.000000
/nfs/cathdata/dompdb/1oxa01 55.000000
/nfs/cathdata/dompdb/1cpt01 57.500000
/nfs/cathdata/dompdb/1gcb02 95.000000
/data/pdb_release/all/pdb1mut.ent 55.000000
/data/pdb_release/all/pdb1pyp.ent 90.000000
/data/pdb_release/all/pdb2prd.ent 55.000000
/tmp/1eipA0 57.500000
/nfs/cathdata/dompdb/1ordA4 77.500000
/nfs/cathdata/dompdb/2cmd02 75.000000
/nfs/cathdata/dompdb/1mldA2 75.000000
/nfs/cathdata/dompdb/6ldh02 90.000000
/nfs/cathdata/dompdb/1llc02 55.000000
/nfs/cathdata/dompdb/1lldA2 72.500000
/nfs/cathdata/dompdb/2ldx02 75.000000
/nfs/cathdata/dompdb/3ldh02 95.000000
/nfs/cathdata/dompdb/5ldh02 75.000000
/nfs/cathdata/dompdb/9ldtA2 72.500000
/nfs/cathdata/dompdb/1ldb02 90.000000
/nfs/cathdata/dompdb/1hyhA2 72.500000
/nfs/cathdata/dompdb/4mdhA2 95.000000
/nfs/cathdata/dompdb/1bdmA2 95.000000
/nfs/cathdata/dompdb/1dctA2 72.500000
/tmp/1regX0 60.000000
/nfs/cathdata/dompdb/2bltA1 95.000000
/data/pdb_release/all/pdb1xaa.ent 75.000000
/data/pdb_release/all/pdb1xac.ent 75.000000
/tmp/1alkA0 77.500000
/data/pdb_release/all/pdb1lpp.ent 95.000000
/data/pdb_release/all/pdb1thg.ent 95.000000
/tmp/1cleA0 90.000000
/data/pdb_release/all/pdb1ace.ent 95.000000
/nfs/cathdata/dompdb/3ladA2 60.000000
/nfs/cathdata/dompdb/1lpfA2 55.000000
/nfs/cathdata/dompdb/1lvl02 55.000000
/nfs/cathdata/dompdb/1ebdA2 55.000000
/nfs/cathdata/dompdb/2tmdA3 72.500000
/nfs/cathdata/dompdb/1gerA2 55.000000
/nfs/cathdata/dompdb/1gesA2 55.000000
/nfs/cathdata/dompdb/3grs02 55.000000
/nfs/cathdata/dompdb/1tde02 72.500000
/nfs/cathdata/dompdb/1vdc02 55.000000
/nfs/cathdata/dompdb/1fecB2 55.000000
/nfs/cathdata/dompdb/1nhr02 67.500000
/nfs/cathdata/dompdb/1fcdA2 67.500000
/tmp/1pyaB0 62.500000
/nfs/cathdata/dompdb/1dik03 60.000000
/nfs/cathdata/dompdb/1aorA1 75.000000
/tmp/2dnjA0 77.500000
/tmp/1fjmA0 95.000000
/tmp/1tcoA0 95.000000
/nfs/cathdata/dompdb/1gph11 80.000000
/data/pdb_release/all/pdb1plq.ent 45.000000
/data/pdb_release/all/pdb1bnh.ent 90.000000
/data/pdb_release/all/pdb1cy3.ent 25.000000
/tmp/1cthA0 90.000000
/data/pdb_release/all/pdb2cdv.ent 90.000000
/nfs/cathdata/dompdb/1trkA1 90.000000
/tmp/1rvaA0 90.000000
/nfs/cathdata/dompdb/1atnA1 77.500000
/nfs/cathdata/dompdb/2btfA1 82.500000
/nfs/cathdata/dompdb/1olbA2 77.500000
/data/pdb_release/all/pdb2ctc.ent 82.500000
/data/pdb_release/all/pdb1amp.ent 80.000000
/nfs/cathdata/dompdb/1lam02 77.500000
/nfs/cathdata/dompdb/1tplA2 72.500000
/nfs/cathdata/dompdb/1dgd02 77.500000
/nfs/cathdata/dompdb/1aam02 90.000000
/nfs/cathdata/dompdb/1akaA2 77.500000
/nfs/cathdata/dompdb/2cstA2 77.500000
/nfs/cathdata/dompdb/1ordA2 95.000000
/data/pdb_release/all/pdb1rpa.ent 95.000000
/data/pdb_release/all/pdb1esc.ent 95.000000
/nfs/cathdata/dompdb/1gpb02 95.000000
/nfs/cathdata/dompdb/1ygpA2 95.000000
/tmp/1deaA0 72.500000
/tmp/1thtA0 72.500000
/tmp/1tahA0 90.000000
/tmp/1oilA0 90.000000
/nfs/cathdata/dompdb/1hplA1 75.000000
/nfs/cathdata/dompdb/1lpbB1 80.000000
/tmp/1ethA0 90.000000
/data/pdb_release/all/pdb1gpl.ent 72.500000
/data/pdb_release/all/pdb1tca.ent 90.000000
/data/pdb_release/all/pdb1ede.ent 95.000000
/data/pdb_release/all/pdb1ysc.ent 90.000000
/nfs/cathdata/dompdb/1asyA2 95.000000
/nfs/cathdata/dompdb/1lylA2 80.000000
/nfs/cathdata/dompdb/1serA2 77.500000
/data/pdb_release/all/pdb3pte.ent 95.000000
/nfs/cathdata/dompdb/1abrA1 77.500000
/nfs/cathdata/dompdb/1ahc01 77.500000
/nfs/cathdata/dompdb/1mrj01 77.500000
/nfs/cathdata/dompdb/1apa01 90.000000
/nfs/cathdata/dompdb/1pafA1 95.000000
/tmp/4dfrA0 55.000000
/data/pdb_release/all/pdb3dfr.ent 72.500000
/data/pdb_release/all/pdb8dfr.ent 72.500000
/data/pdb_release/all/pdb1drf.ent 72.500000
/data/pdb_release/all/pdb1dyr.ent 60.000000
/nfs/cathdata/dompdb/1adeA1 77.500000
/nfs/cathdata/dompdb/3pmgA1 72.500000
/data/pdb_release/all/pdb1udg.ent 90.000000
/nfs/cathdata/dompdb/3pgk02 90.000000
/nfs/cathdata/dompdb/1php02 75.000000
/nfs/cathdata/dompdb/1gpmA1 60.000000
/nfs/cathdata/dompdb/1powA3 75.000000
/nfs/cathdata/dompdb/1pvdA3 77.500000
/nfs/cathdata/dompdb/1pvdA1 72.500000
/nfs/cathdata/dompdb/1powA1 72.500000
/nfs/cathdata/dompdb/1trkA2 77.500000
/nfs/cathdata/dompdb/1tyaE1 95.000000
/nfs/cathdata/dompdb/2tysB2 77.500000
/nfs/cathdata/dompdb/1minA1 90.000000
/nfs/cathdata/dompdb/1mioA1 82.500000
/nfs/cathdata/dompdb/3ecaA1 60.000000
/nfs/cathdata/dompdb/1agx01 72.500000
/nfs/cathdata/dompdb/3pga11 60.000000
/tmp/1wsaA0 75.000000
/tmp/1nbaA0 72.500000
/nfs/cathdata/dompdb/2reb01 77.500000
/tmp/1smnA0 70.000000
/tmp/1eriA0 77.500000
/nfs/cathdata/dompdb/1lvl01 72.500000
/nfs/cathdata/dompdb/1ebdA1 72.500000
/nfs/cathdata/dompdb/1gal01 75.000000
/nfs/cathdata/dompdb/1fcdA1 67.500000
/nfs/cathdata/dompdb/1coy01 90.000000
/nfs/cathdata/dompdb/1pbe01 90.000000
/nfs/cathdata/dompdb/1aa8A1 77.500000
/nfs/cathdata/dompdb/1dob02 77.500000
/data/pdb_release/all/pdb1cge.ent 57.500000
/data/pdb_release/all/pdb1mnc.ent 60.000000
/data/pdb_release/all/pdb1srt.ent 57.500000
/nfs/cathdata/dompdb/1fbl01 60.000000
/data/pdb_release/all/pdb1mmq.ent 57.500000
/data/pdb_release/all/pdb1slm.ent 77.500000
/tmp/1atlA0 77.500000
/data/pdb_release/all/pdb1iag.ent 77.500000
/nfs/cathdata/dompdb/1kapP2 72.500000
/nfs/cathdata/dompdb/1sat02 72.500000
/data/pdb_release/all/pdb1iab.ent 55.000000
/nfs/cathdata/dompdb/1lcf01 75.000000
/nfs/cathdata/dompdb/1ovt01 77.500000
/nfs/cathdata/dompdb/1ovt03 75.000000
/nfs/cathdata/dompdb/1nnt01 77.500000
/nfs/cathdata/dompdb/1tfd01 70.000000
/nfs/cathdata/dompdb/1lcf03 77.500000
/nfs/cathdata/dompdb/1dot01 77.500000
/nfs/cathdata/dompdb/1dot03 75.000000
/nfs/cathdata/dompdb/1quk01 72.500000
/nfs/cathdata/dompdb/1sbp01 90.000000
/nfs/cathdata/dompdb/1dmb01 95.000000
/nfs/cathdata/dompdb/1pot01 75.000000
/nfs/cathdata/dompdb/3sc2A1 60.000000
/nfs/cathdata/dompdb/1rtc01 90.000000
/tmp/1pviA0 72.500000
/nfs/cathdata/dompdb/1bllE1 60.000000
/nfs/cathdata/dompdb/1scuB3 72.500000
/nfs/cathdata/dompdb/1ora01 77.500000
/nfs/cathdata/dompdb/1ora02 77.500000
/nfs/cathdata/dompdb/2glt01 55.000000
/nfs/cathdata/dompdb/1ttqB1 77.500000
/data/pdb_release/all/pdb3pgm.ent 90.000000
/nfs/cathdata/dompdb/1gtrA1 90.000000
/nfs/cathdata/dompdb/1gln01 90.000000
/tmp/1dsbA0 95.000000
/tmp/1gp1A0 72.500000
/nfs/cathdata/dompdb/1chmA1 57.500000
/nfs/cathdata/dompdb/1scuB1 72.500000
/nfs/cathdata/dompdb/1mla02 90.000000
/nfs/cathdata/dompdb/1glaG2 77.500000
/nfs/cathdata/dompdb/1ami01 72.500000
/data/pdb_release/all/pdb1ak2.ent 82.500000
/tmp/1ak3A0 72.500000
/tmp/1akeA0 90.000000
/data/pdb_release/all/pdb1aky.ent 77.500000
/data/pdb_release/all/pdb3adk.ent 77.500000
/data/pdb_release/all/pdb1ukz.ent 80.000000
/data/pdb_release/all/pdb1ukd.ent 77.500000
/nfs/cathdata/dompdb/2tmdA2 80.000000
/nfs/cathdata/dompdb/1nhp01 55.000000
/nfs/cathdata/dompdb/1trb01 55.000000
/nfs/cathdata/dompdb/1vdc01 60.000000
/nfs/cathdata/dompdb/1typA1 72.500000
/nfs/cathdata/dompdb/1gesA1 77.500000
/nfs/cathdata/dompdb/3grs01 77.500000
/nfs/cathdata/dompdb/3ladA1 72.500000
/nfs/cathdata/dompdb/1lpfA1 77.500000
/nfs/cathdata/dompdb/1pfkA2 72.500000
/nfs/cathdata/dompdb/3pfk02 72.500000
/nfs/cathdata/dompdb/3pgk01 72.500000
/nfs/cathdata/dompdb/1php01 90.000000
/nfs/cathdata/dompdb/3pmgA3 67.500000
/tmp/2rslA0 57.500000
/tmp/1gdtA0 90.000000
/nfs/cathdata/dompdb/1ctt02 55.000000
/nfs/cathdata/dompdb/1ctt01 72.500000
/tmp/1whtB0 95.000000
/nfs/cathdata/dompdb/1trkA3 77.500000
/nfs/cathdata/dompdb/1dmb02 67.500000
/nfs/cathdata/dompdb/1pda02 72.500000
/nfs/cathdata/dompdb/1hslA2 60.000000
/nfs/cathdata/dompdb/1lst02 55.000000
/nfs/cathdata/dompdb/1pbp02 77.500000
/nfs/cathdata/dompdb/1sbp02 77.500000
/data/pdb_release/all/pdb1ovb.ent 77.500000
/nfs/cathdata/dompdb/1lcf02 90.000000
/nfs/cathdata/dompdb/1lcf04 72.500000
/nfs/cathdata/dompdb/1ovt02 77.500000
/nfs/cathdata/dompdb/1ovt04 72.500000
/nfs/cathdata/dompdb/1tfd02 77.500000
/nfs/cathdata/dompdb/1dot04 70.000000
/nfs/cathdata/dompdb/1poy12 75.000000
/nfs/cathdata/dompdb/1inp03 57.500000
/nfs/cathdata/dompdb/1imbA2 67.500000
/nfs/cathdata/dompdb/1fbcA2 67.500000
/nfs/cathdata/dompdb/1ftaA2 72.500000
/nfs/cathdata/dompdb/1spiA2 72.500000
/nfs/cathdata/dompdb/1pda01 67.500000
/nfs/cathdata/dompdb/1hslA1 90.000000
/nfs/cathdata/dompdb/1lst01 95.000000
/nfs/cathdata/dompdb/2ldx01 77.500000
/nfs/cathdata/dompdb/3ldh01 55.000000
/nfs/cathdata/dompdb/5ldh01 77.500000
/nfs/cathdata/dompdb/9ldtA1 60.000000
/data/pdb_release/all/pdb5nll.ent 55.000000
/data/pdb_release/all/pdb2fx2.ent 60.000000
/data/pdb_release/all/pdb1ofv.ent 72.500000
/data/pdb_release/all/pdb2fcr.ent 60.000000
/data/pdb_release/all/pdb1rcf.ent 67.500000
/tmp/1lfaA0 77.500000
/data/pdb_release/all/pdb1ido.ent 77.500000
/nfs/cathdata/dompdb/1pfkA1 60.000000
/nfs/cathdata/dompdb/3pfk01 60.000000
/data/pdb_release/all/pdb1cus.ent 72.500000
/data/pdb_release/all/pdb1dad.ent 90.000000
/data/pdb_release/all/pdb1tib.ent 75.000000
/data/pdb_release/all/pdb3tgl.ent 72.500000
/tmp/1lgyA0 75.000000
/data/pdb_release/all/pdb1vid.ent 77.500000
/data/pdb_release/all/pdb1pdo.ent 72.500000
/nfs/cathdata/dompdb/1gpmA2 72.500000
/nfs/cathdata/dompdb/1dnpA1 72.500000
/nfs/cathdata/dompdb/1bgw02 77.500000
/nfs/cathdata/dompdb/1guhA1 72.500000
/nfs/cathdata/dompdb/1glqA1 75.000000
/nfs/cathdata/dompdb/2gsq01 72.500000
/nfs/cathdata/dompdb/2gsrA1 75.000000
/nfs/cathdata/dompdb/1gssA1 72.500000
/nfs/cathdata/dompdb/2gstA1 57.500000
/nfs/cathdata/dompdb/1gta01 72.500000
/nfs/cathdata/dompdb/1hna01 55.000000
/nfs/cathdata/dompdb/3pmgA2 67.500000
/data/pdb_release/all/pdb1lba.ent 60.000000
/tmp/1meeA0 90.000000
/nfs/cathdata/dompdb/1ordA1 60.000000
/data/pdb_release/all/pdb1ntr.ent 72.500000
/nfs/cathdata/dompdb/1gdhA2 77.500000
/nfs/cathdata/dompdb/2nacA2 77.500000
/nfs/cathdata/dompdb/2dldA2 72.500000
/nfs/cathdata/dompdb/2dldA1 72.500000
/nfs/cathdata/dompdb/1scuB2 60.000000
/nfs/cathdata/dompdb/1scuA1 60.000000
/nfs/cathdata/dompdb/1scuA2 67.500000
/data/pdb_release/all/pdb1phr.ent 72.500000
/nfs/cathdata/dompdb/1bmtA2 75.000000
/tmp/1iceA0 60.000000
/data/pdb_release/all/pdb1etu.ent 72.500000
/nfs/cathdata/dompdb/1eft01 72.500000
/data/pdb_release/all/pdb5p21.ent 72.500000
/tmp/1guaA0 72.500000
/tmp/1hurA0 62.500000
/tmp/1nipA0 90.000000
/nfs/cathdata/dompdb/1gky02 72.500000
/nfs/cathdata/dompdb/1dar01 77.500000
/nfs/cathdata/dompdb/1raaA1 55.000000
/nfs/cathdata/dompdb/1raaA2 60.000000
/nfs/cathdata/dompdb/2atcA2 95.000000
/nfs/cathdata/dompdb/4mdhA1 55.000000
/nfs/cathdata/dompdb/1bdmA1 55.000000
/nfs/cathdata/dompdb/2cmd01 60.000000
/nfs/cathdata/dompdb/1mldA1 55.000000
/nfs/cathdata/dompdb/1hyhA1 55.000000
/nfs/cathdata/dompdb/6ldh01 60.000000
/nfs/cathdata/dompdb/1ldb01 60.000000
/nfs/cathdata/dompdb/1llc01 90.000000
/nfs/cathdata/dompdb/1lldA1 55.000000
/nfs/cathdata/dompdb/1bdhA3 67.500000
/nfs/cathdata/dompdb/1tlfA2 60.000000
/nfs/cathdata/dompdb/1dbp01 67.500000
/data/pdb_release/all/pdb3chy.ent 60.000000
/nfs/cathdata/dompdb/1abe01 55.000000
/nfs/cathdata/dompdb/1gdhA1 72.500000
/nfs/cathdata/dompdb/1gca01 60.000000
/nfs/cathdata/dompdb/1gdd01 72.500000
/nfs/cathdata/dompdb/1tadA1 77.500000
/nfs/cathdata/dompdb/1gotA1 75.000000
/nfs/cathdata/dompdb/1gd1O1 72.500000
/nfs/cathdata/dompdb/4gpd11 75.000000
/nfs/cathdata/dompdb/1cerO1 60.000000
/nfs/cathdata/dompdb/1gadO1 77.500000
/nfs/cathdata/dompdb/1gypA1 62.500000
/nfs/cathdata/dompdb/1hdgO1 72.500000
/nfs/cathdata/dompdb/2lbp02 55.000000
/nfs/cathdata/dompdb/2liv02 60.000000
/nfs/cathdata/dompdb/2lbp01 72.500000
/nfs/cathdata/dompdb/2liv01 72.500000
/nfs/cathdata/dompdb/1pea02 82.500000
/nfs/cathdata/dompdb/1pea01 75.000000
/nfs/cathdata/dompdb/1ecl01 75.000000
/nfs/cathdata/dompdb/1admA1 72.500000
/nfs/cathdata/dompdb/1dctA1 55.000000
/nfs/cathdata/dompdb/1hmy01 55.000000
/tmp/1garA0 55.000000
/data/pdb_release/all/pdb1chd.ent 72.500000
/data/pdb_release/all/pdb1thm.ent 75.000000
/tmp/1cseE0 90.000000
/data/pdb_release/all/pdb1st3.ent 90.000000
/data/pdb_release/all/pdb2pkc.ent 57.500000
/data/pdb_release/all/pdb1s01.ent 90.000000
/nfs/cathdata/dompdb/1poxA2 72.500000
/nfs/cathdata/dompdb/1pvdA2 60.000000
/nfs/cathdata/dompdb/2pia02 60.000000
/nfs/cathdata/dompdb/1fnb02 75.000000
/nfs/cathdata/dompdb/1que02 75.000000
/nfs/cathdata/dompdb/1cnd02 77.500000
/nfs/cathdata/dompdb/1ndh02 72.500000
/nfs/cathdata/dompdb/1gph12 75.000000
/nfs/cathdata/dompdb/1ecgA2 55.000000
/data/pdb_release/all/pdb1sto.ent 77.500000
/nfs/cathdata/dompdb/2bgt02 72.500000
/nfs/cathdata/dompdb/2bgt01 60.000000
/nfs/cathdata/dompdb/2nacA1 60.000000
/data/pdb_release/all/pdb1dhr.ent 67.500000
/tmp/1hdcA0 72.500000
/data/pdb_release/all/pdb1eny.ent 82.500000
/nfs/cathdata/dompdb/1psdA1 77.500000
/nfs/cathdata/dompdb/1psdA2 72.500000
/nfs/cathdata/dompdb/1qorA2 55.000000
/nfs/cathdata/dompdb/3btoA2 77.500000
/nfs/cathdata/dompdb/1dehA2 77.500000
/nfs/cathdata/dompdb/1cdoA2 72.500000
/nfs/cathdata/dompdb/1tehA2 67.500000
/nfs/cathdata/dompdb/1agnA2 72.500000
/nfs/cathdata/dompdb/1dih01 72.500000
/nfs/cathdata/dompdb/2pgd01 67.500000
/nfs/cathdata/dompdb/1dpgA1 77.500000
/nfs/cathdata/dompdb/1dbqA1 55.000000
/nfs/cathdata/dompdb/1tlfA1 55.000000
/nfs/cathdata/dompdb/2dri02 60.000000
/nfs/cathdata/dompdb/1gca02 72.500000
/nfs/cathdata/dompdb/2gbp02 72.500000
/nfs/cathdata/dompdb/8abp02 60.000000
/data/pdb_release/all/pdb1ghu.ent 42.500000
/nfs/cathdata/dompdb/1ad5A2 42.500000
/tmp/1ayaA0 42.500000
/tmp/2pldA0 42.500000
/data/pdb_release/all/pdb1svq.ent 55.000000
/data/pdb_release/all/pdb1vil.ent 55.000000
/data/pdb_release/all/pdb1aba.ent 72.500000
/data/pdb_release/all/pdb1ego.ent 72.500000
/tmp/2trxA0 60.000000
/data/pdb_release/all/pdb1thx.ent 55.000000
/data/pdb_release/all/pdb3trx.ent 72.500000
/data/pdb_release/all/pdb1tof.ent 55.000000
/nfs/cathdata/dompdb/1pxtA1 72.500000
/nfs/cathdata/dompdb/1pxtA2 77.500000
/nfs/cathdata/dompdb/2yhx02 80.000000
/nfs/cathdata/dompdb/1dik01 77.500000
/nfs/cathdata/dompdb/2minA3 55.000000
/nfs/cathdata/dompdb/1mioA3 60.000000
/nfs/cathdata/dompdb/2minB2 72.500000
/nfs/cathdata/dompdb/2minB3 55.000000
/nfs/cathdata/dompdb/1mioB2 72.500000
/nfs/cathdata/dompdb/1mioB4 55.000000
/nfs/cathdata/dompdb/2minA2 77.500000
/nfs/cathdata/dompdb/1mioA2 77.500000
/nfs/cathdata/dompdb/2minB1 77.500000
/nfs/cathdata/dompdb/1mioB1 77.500000
/nfs/cathdata/dompdb/1iow01 55.000000
/nfs/cathdata/dompdb/1bncA1 60.000000
/nfs/cathdata/dompdb/3ecaA2 77.500000
/nfs/cathdata/dompdb/1agx02 72.500000
/nfs/cathdata/dompdb/3pga12 75.000000
/nfs/cathdata/dompdb/1pkyA1 60.000000
/nfs/cathdata/dompdb/1pkm01 90.000000
/nfs/cathdata/dompdb/1hsbA1 90.000000
/nfs/cathdata/dompdb/2clrA1 95.000000
/nfs/cathdata/dompdb/1mhcA1 90.000000
/tmp/1tmcA0 77.500000
/nfs/cathdata/dompdb/1fruA1 90.000000
/nfs/cathdata/dompdb/1tssA1 37.500000
/nfs/cathdata/dompdb/1se202 55.000000
/nfs/cathdata/dompdb/1sebD2 60.000000
/nfs/cathdata/dompdb/1esfA2 57.500000
/data/pdb_release/all/pdb1vhh.ent 55.000000
/nfs/cathdata/dompdb/3pmgA4 57.500000
/nfs/cathdata/dompdb/1imbA1 72.500000
/nfs/cathdata/dompdb/5fbpA1 72.500000
/nfs/cathdata/dompdb/1ftaA1 90.000000
/nfs/cathdata/dompdb/1spiA1 75.000000
/nfs/cathdata/dompdb/1inp02 77.500000
/nfs/cathdata/dompdb/1gd1O2 42.500000
/nfs/cathdata/dompdb/4gpd12 60.000000
/nfs/cathdata/dompdb/1cerO2 65.000000
/nfs/cathdata/dompdb/1gadO2 55.000000
/nfs/cathdata/dompdb/1gypA2 60.000000
/nfs/cathdata/dompdb/1hdgO2 60.000000
/data/pdb_release/all/pdb1cia.ent 82.500000
/nfs/cathdata/dompdb/1gal03 90.000000
/nfs/cathdata/dompdb/1dpgA2 90.000000
/data/pdb_release/all/pdb1dpb.ent 90.000000
/data/pdb_release/all/pdb1adn.ent 55.000000
/data/pdb_release/all/pdb2pna.ent 37.500000
/data/pdb_release/all/pdb1ab2.ent 55.000000
/tmp/1shaA0 37.500000
/tmp/1lcjA0 42.500000
/tmp/1csyA0 55.000000
/data/pdb_release/all/pdb1blj.ent 40.000000
/data/pdb_release/all/pdb1fim.ent 60.000000
/tmp/1mifA0 55.000000
/tmp/1kptA0 62.500000
/nfs/cathdata/dompdb/1dja01 55.000000
/nfs/cathdata/dompdb/1mblA1 40.000000
/nfs/cathdata/dompdb/1btl01 37.500000
/data/pdb_release/all/pdb2phy.ent 75.000000
/data/pdb_release/all/pdb1fil.ent 60.000000
/data/pdb_release/all/pdb1pne.ent 60.000000
/data/pdb_release/all/pdb1acf.ent 60.000000
/data/pdb_release/all/pdb2acg.ent 60.000000
/data/pdb_release/all/pdb1cqa.ent 55.000000
/nfs/cathdata/dompdb/1pnkB1 75.000000
/nfs/cathdata/dompdb/1oacA1 37.500000
/tmp/1otgA0 70.000000
/nfs/cathdata/dompdb/1ami02 72.500000
/nfs/cathdata/dompdb/1bpb02 55.000000
/nfs/cathdata/dompdb/9icwA3 55.000000
/nfs/cathdata/dompdb/1daaA1 72.500000
/nfs/cathdata/dompdb/1iov02 80.000000
/nfs/cathdata/dompdb/1glt02 55.000000
/tmp/1gtqA0 90.000000
/nfs/cathdata/dompdb/1bia02 70.000000
/nfs/cathdata/dompdb/1antI2 90.000000
/nfs/cathdata/dompdb/1hleA2 90.000000
/nfs/cathdata/dompdb/1ovaA2 85.000000
/nfs/cathdata/dompdb/2achA1 90.000000
/nfs/cathdata/dompdb/7apiA2 90.000000
/nfs/cathdata/dompdb/1pnkB2 55.000000
/nfs/cathdata/dompdb/1ami03 72.500000
/nfs/cathdata/dompdb/1hocA1 75.000000
/nfs/cathdata/dompdb/1hsaA1 95.000000
/nfs/cathdata/dompdb/1vaaA1 90.000000
/nfs/cathdata/dompdb/1dik06 77.500000
/nfs/cathdata/dompdb/1mdl01 90.000000
/nfs/cathdata/dompdb/4enl01 90.000000
/nfs/cathdata/dompdb/1pdz01 85.000000
/nfs/cathdata/dompdb/1nhp03 75.000000
/nfs/cathdata/dompdb/3ladA3 72.500000
/nfs/cathdata/dompdb/1lpfA3 77.500000
/nfs/cathdata/dompdb/1lvl03 77.500000
/nfs/cathdata/dompdb/1ebdA3 75.000000
/nfs/cathdata/dompdb/1tytA3 65.000000
/nfs/cathdata/dompdb/1gesA3 55.000000
/nfs/cathdata/dompdb/3grs03 55.000000
/nfs/cathdata/dompdb/1irk01 42.500000
/nfs/cathdata/dompdb/1apmE2 60.000000
/nfs/cathdata/dompdb/1ckiA1 55.000000
/nfs/cathdata/dompdb/1csn01 55.000000
/nfs/cathdata/dompdb/1coy02 72.500000
/nfs/cathdata/dompdb/1rthA4 55.000000
/tmp/1hrhA0 77.500000
/data/pdb_release/all/pdb2rn2.ent 77.500000
/data/pdb_release/all/pdb1ril.ent 90.000000
/tmp/1hjrA0 72.500000
/data/pdb_release/all/pdb1itg.ent 90.000000
/data/pdb_release/all/pdb1asu.ent 90.000000
/nfs/cathdata/dompdb/1bcmA1 95.000000
/nfs/cathdata/dompdb/1atr03 57.500000
/nfs/cathdata/dompdb/1atnA2 72.500000
/nfs/cathdata/dompdb/2btfA2 72.500000
/nfs/cathdata/dompdb/2yhx03 55.000000
/nfs/cathdata/dompdb/1atr01 55.000000
/nfs/cathdata/dompdb/1mngA2 75.000000
/nfs/cathdata/dompdb/3sdpA2 50.000000
/tmp/1kpaA0 60.000000
/nfs/cathdata/dompdb/1bpb03 65.000000
/nfs/cathdata/dompdb/1pkp02 57.500000
/nfs/cathdata/dompdb/1dar04 55.000000
/tmp/1copD0 77.500000
/data/pdb_release/all/pdb1orc.ent 72.500000
/nfs/cathdata/dompdb/2reb02 60.000000
/nfs/cathdata/dompdb/1derA2 60.000000
/tmp/1iceB0 50.000000
/tmp/2kauA0 95.000000
/nfs/cathdata/dompdb/1gpmA3 37.500000
/nfs/cathdata/dompdb/1mxa03 55.000000
/nfs/cathdata/dompdb/1mxa01 77.500000
/nfs/cathdata/dompdb/1mxa02 55.000000
/nfs/cathdata/dompdb/1xrb02 55.000000
/nfs/cathdata/dompdb/1ytbA2 42.500000
/nfs/cathdata/dompdb/1tghA2 37.500000
/nfs/cathdata/dompdb/1vokA2 37.500000
/nfs/cathdata/dompdb/1tbpA1 42.500000
/nfs/cathdata/dompdb/1tghA1 40.000000
/nfs/cathdata/dompdb/1vokA1 40.000000
/nfs/cathdata/dompdb/1pczA1 40.000000
/nfs/cathdata/dompdb/1pczA2 37.500000
/nfs/cathdata/dompdb/1bmc02 55.000000
/nfs/cathdata/dompdb/1sebA1 37.500000
/nfs/cathdata/dompdb/1sebB1 90.000000
/tmp/2sicI0 55.000000
/nfs/cathdata/dompdb/1dih02 55.000000
/tmp/1brsD0 72.500000
/data/pdb_release/all/pdb1msc.ent 52.500000
/tmp/1unaA0 55.000000
/nfs/cathdata/dompdb/1chkA2 90.000000
/nfs/cathdata/dompdb/1svb03 17.500000
/nfs/cathdata/dompdb/1oacA4 55.000000
/tmp/1latA0 50.000000
/tmp/2nllA0 50.000000
/tmp/2nllB0 95.000000
/data/pdb_release/all/pdb1tns.ent 70.000000
/data/pdb_release/all/pdb1ife.ent 45.000000
/data/pdb_release/all/pdb1tig.ent 55.000000
/nfs/cathdata/dompdb/1hpm04 57.500000
/nfs/cathdata/dompdb/1bncA2 50.000000
/nfs/cathdata/dompdb/1iow03 72.500000
/nfs/cathdata/dompdb/1glt03 55.000000
/tmp/1humA0 37.500000
/tmp/1hrjA0 27.500000
/tmp/1domA0 40.000000
/tmp/1plfA0 35.000000
/tmp/1mgsA0 42.500000
/data/pdb_release/all/pdb3il8.ent 42.500000
/tmp/1rhpA0 35.000000
/tmp/1napA0 37.500000
/tmp/1rodA0 27.500000
/data/pdb_release/all/pdb1stu.ent 37.500000
/nfs/cathdata/dompdb/1pkp01 37.500000
/nfs/cathdata/dompdb/1pda03 55.000000
/data/pdb_release/all/pdb1ncs.ent 25.000000
/tmp/1cksA0 50.000000
/tmp/1sceA0 50.000000
/tmp/1dktA0 42.500000
/tmp/1rblM0 52.500000
/tmp/3rubS0 52.500000
/tmp/8rubS0 52.500000
/tmp/8rucI0 52.500000
/tmp/1burS0 52.500000
/nfs/cathdata/dompdb/1amg02 20.000000
/nfs/cathdata/dompdb/1amy02 20.000000
/data/pdb_release/all/pdb1zer.ent 57.500000
/data/pdb_release/all/pdb1aps.ent 55.000000
/tmp/2bopA0 55.000000
/data/pdb_release/all/pdb2pii.ent 60.000000
/tmp/2chsA0 60.000000
/nfs/cathdata/dompdb/8atcB1 55.000000
/nfs/cathdata/dompdb/2atcB1 25.000000
/tmp/1nhkL0 80.000000
/data/pdb_release/all/pdb1ndk.ent 77.500000
/tmp/1nsqA0 80.000000
/tmp/1nskL0 90.000000
/nfs/cathdata/dompdb/1rbaA1 60.000000
/nfs/cathdata/dompdb/3rubL1 57.500000
/nfs/cathdata/dompdb/8rucA1 57.500000
/nfs/cathdata/dompdb/1rblA1 57.500000
/nfs/cathdata/dompdb/1ars01 90.000000
/nfs/cathdata/dompdb/7aatA1 90.000000
/nfs/cathdata/dompdb/2cstA1 90.000000
/nfs/cathdata/dompdb/1ordA3 95.000000
/nfs/cathdata/dompdb/2dkb01 57.500000
/nfs/cathdata/dompdb/1tplA1 72.500000
/tmp/1dcoA0 55.000000
/data/pdb_release/all/pdb1vig.ent 72.500000
/tmp/1xxaA0 55.000000
/nfs/cathdata/dompdb/1bgw04 60.000000
/nfs/cathdata/dompdb/1dar05 55.000000
/nfs/cathdata/dompdb/1mla01 55.000000
/nfs/cathdata/dompdb/1psdA3 55.000000
/nfs/cathdata/dompdb/1dloA2 55.000000
/nfs/cathdata/dompdb/1mml02 72.500000
/tmp/1gluA0 50.000000
/data/pdb_release/all/pdb1hra.ent 50.000000
/tmp/1hcqA0 50.000000
/nfs/cathdata/dompdb/1bgw01 42.500000
/data/pdb_release/all/pdb1nef.ent 55.000000
/tmp/1efnB0 55.000000
/nfs/cathdata/dompdb/1gky01 55.000000
/nfs/cathdata/dompdb/1yua01 42.500000
/data/pdb_release/all/pdb1vcc.ent 55.000000
/nfs/cathdata/dompdb/1svb02 60.000000
/nfs/cathdata/dompdb/1yua02 35.000000
/tmp/1otfA0 35.000000
/data/pdb_release/all/pdb1cbn.ent 45.000000
/data/pdb_release/all/pdb1bhp.ent 50.000000
/data/pdb_release/all/pdb2plh.ent 50.000000
/data/pdb_release/all/pdb1fdx.ent 25.000000
/data/pdb_release/all/pdb1clf.ent 0.000000
/data/pdb_release/all/pdb1fca.ent 25.000000
/data/pdb_release/all/pdb1fdn.ent 25.000000
/data/pdb_release/all/pdb1blu.ent 50.000000
/data/pdb_release/all/pdb1fxd.ent 45.000000
/data/pdb_release/all/pdb2fxb.ent 57.500000
/tmp/1fxrA0 55.000000
/data/pdb_release/all/pdb1rof.ent 25.000000
/data/pdb_release/all/pdb5fd1.ent 90.000000
/data/pdb_release/all/pdb1fwp.ent 55.000000
/data/pdb_release/all/pdb1sxl.ent 57.500000
/data/pdb_release/all/pdb1fht.ent 57.500000
/data/pdb_release/all/pdb1pba.ent 52.500000
/data/pdb_release/all/pdb1ris.ent 55.000000
/data/pdb_release/all/pdb1ctf.ent 77.500000
/tmp/1spbP0 55.000000
/data/pdb_release/all/pdb1ptf.ent 57.500000
/data/pdb_release/all/pdb1poh.ent 57.500000
/data/pdb_release/all/pdb2hpr.ent 55.000000
/data/pdb_release/all/pdb1pch.ent 57.500000
/data/pdb_release/all/pdb1sxm.ent 35.000000
/data/pdb_release/all/pdb2sn3.ent 35.000000
/data/pdb_release/all/pdb1vna.ent 30.000000
/data/pdb_release/all/pdb1nra.ent 30.000000
/data/pdb_release/all/pdb1ptx.ent 40.000000
/data/pdb_release/all/pdb1lqh.ent 37.500000
/data/pdb_release/all/pdb1snb.ent 40.000000
/data/pdb_release/all/pdb1gps.ent 42.500000
/data/pdb_release/all/pdb1gpt.ent 40.000000
/data/pdb_release/all/pdb1chc.ent 25.000000
/data/pdb_release/all/pdb1caa.ent 7.500000
/data/pdb_release/all/pdb1iro.ent 0.000000
/data/pdb_release/all/pdb1rdg.ent 0.000000
/data/pdb_release/all/pdb4rxn.ent 0.000000
/data/pdb_release/all/pdb6rxn.ent 0.000000
/tmp/8rxnA0 0.000000
/tmp/1gatA0 35.000000
/data/pdb_release/all/pdb1bus.ent 25.000000
/data/pdb_release/all/pdb2ovo.ent 32.500000
/data/pdb_release/all/pdb3ovo.ent 27.500000
/nfs/cathdata/dompdb/1tbrR1 32.500000
/nfs/cathdata/dompdb/1tbrR2 32.500000
/data/pdb_release/all/pdb1ptq.ent 35.000000
/nfs/cathdata/dompdb/9wgaA1 25.000000
/nfs/cathdata/dompdb/9wgaA2 25.000000
/nfs/cathdata/dompdb/9wgaA3 25.000000
/nfs/cathdata/dompdb/9wgaA4 25.000000
/nfs/cathdata/dompdb/2cwgA2 25.000000
/nfs/cathdata/dompdb/1wgtA3 25.000000
/tmp/1tgsI0 27.500000
/tmp/1cgiI0 27.500000
/data/pdb_release/all/pdb1pce.ent 32.500000
/data/pdb_release/all/pdb1hev.ent 25.000000
/data/pdb_release/all/pdb2alr.ent 90.000000
/data/pdb_release/all/pdb1frb.ent 90.000000
/nfs/cathdata/dompdb/1rlcL2 95.000000
/nfs/cathdata/dompdb/1rblA2 90.000000
/nfs/cathdata/dompdb/1rbaA2 75.000000
/nfs/cathdata/dompdb/1oneA2 80.000000
/nfs/cathdata/dompdb/1pdz02 75.000000
/tmp/1chrA0 90.000000
/tmp/1mucA0 95.000000
/data/pdb_release/all/pdb2mnr.ent 90.000000
/nfs/cathdata/dompdb/1mdr02 90.000000
/data/pdb_release/all/pdb1gox.ent 90.000000
/tmp/1fcbB0 90.000000
/nfs/cathdata/dompdb/2tmdA1 90.000000
/data/pdb_release/all/pdb1oya.ent 77.500000
/data/pdb_release/all/pdb1add.ent 90.000000
/data/pdb_release/all/pdb1pta.ent 90.000000
/data/pdb_release/all/pdb1xis.ent 95.000000
/tmp/1ximA0 95.000000
/tmp/1xlaA0 95.000000
/tmp/1dxiA0 95.000000
/data/pdb_release/all/pdb1dtp.ent 77.500000
/tmp/1dmaA0 62.500000
/nfs/cathdata/dompdb/1dik04 95.000000
/nfs/cathdata/dompdb/1kauC2 95.000000
/nfs/cathdata/dompdb/1aa8A2 42.500000
/tmp/1hymA0 25.000000
/tmp/1cseI0 30.000000
/tmp/1ypcI0 30.000000
/data/pdb_release/all/pdb1cis.ent 35.000000
/data/pdb_release/all/pdb1mit.ent 30.000000
/nfs/cathdata/dompdb/2baa02 25.000000
/data/pdb_release/all/pdb1ica.ent 25.000000
/data/pdb_release/all/pdb1cnv.ent 72.500000
/tmp/1xyzA0 77.500000
/data/pdb_release/all/pdb1exp.ent 77.500000
/tmp/1clxA0 72.500000
/data/pdb_release/all/pdb2ebn.ent 82.500000
/data/pdb_release/all/pdb1edt.ent 77.500000
/nfs/cathdata/dompdb/1ctn02 77.500000
/data/pdb_release/all/pdb1cec.ent 90.000000
/tmp/1ghsA0 77.500000
/data/pdb_release/all/pdb1ghr.ent 72.500000
/data/pdb_release/all/pdb1cbg.ent 85.000000
/nfs/cathdata/dompdb/1amg01 90.000000
/nfs/cathdata/dompdb/1amy01 75.000000
/nfs/cathdata/dompdb/2aaa01 90.000000
/nfs/cathdata/dompdb/2taaA1 90.000000
/nfs/cathdata/dompdb/1ppi01 77.500000
/data/pdb_release/all/pdb1hny.ent 77.500000
/nfs/cathdata/dompdb/1cgt01 90.000000
/nfs/cathdata/dompdb/1cdg01 85.000000
/nfs/cathdata/dompdb/1cyg01 90.000000
/nfs/cathdata/dompdb/1ciu01 85.000000
/nfs/cathdata/dompdb/1pamA1 85.000000
/data/pdb_release/all/pdb1btc.ent 77.500000
/nfs/cathdata/dompdb/1bglA3 77.500000
/tmp/1pbgA0 90.000000
/tmp/1tpfA0 75.000000
/tmp/1ypiA0 77.500000
/tmp/1timA0 75.000000
/tmp/1treA0 77.500000
/tmp/1htiA0 77.500000
/tmp/1btmA0 77.500000
/data/pdb_release/all/pdb1ads.ent 90.000000
/data/pdb_release/all/pdb1ral.ent 77.500000
/nfs/cathdata/dompdb/1csbB2 60.000000
/nfs/cathdata/dompdb/1bmc01 75.000000
/nfs/cathdata/dompdb/1ezm01 55.000000
/nfs/cathdata/dompdb/1esp01 60.000000
/nfs/cathdata/dompdb/2tmnE1 55.000000
/nfs/cathdata/dompdb/1dhy01 60.000000
/nfs/cathdata/dompdb/1han01 60.000000
/nfs/cathdata/dompdb/1dhy02 42.500000
/nfs/cathdata/dompdb/1han02 42.500000
/data/pdb_release/all/pdb1std.ent 75.000000
/data/pdb_release/all/pdb2cba.ent 60.000000
/data/pdb_release/all/pdb1crm.ent 60.000000
/tmp/1dmxA0 60.000000
/nfs/cathdata/dompdb/1bncA3 90.000000
/nfs/cathdata/dompdb/1daaA2 57.500000
/data/pdb_release/all/pdb1gym.ent 72.500000
/nfs/cathdata/dompdb/1ami04 77.500000
/tmp/1fvpA0 77.500000
/data/pdb_release/all/pdb1nfp.ent 77.500000
/tmp/1brlB0 77.500000
/tmp/1lucA0 77.500000
/data/pdb_release/all/pdb1tml.ent 77.500000
/nfs/cathdata/dompdb/1pii02 60.000000
/nfs/cathdata/dompdb/1pii01 77.500000
/data/pdb_release/all/pdb1igs.ent 77.500000
/tmp/1wsyA0 90.000000
/nfs/cathdata/dompdb/1pkm02 77.500000
/nfs/cathdata/dompdb/1pkyA2 72.500000
/tmp/1nal10 90.000000
/tmp/1fbaA0 75.000000
/data/pdb_release/all/pdb1ald.ent 75.000000
/data/pdb_release/all/pdb1nar.ent 72.500000
/data/pdb_release/all/pdb2hvm.ent 72.500000
/data/pdb_release/all/pdb1fkb.ent 42.500000
/data/pdb_release/all/pdb1yat.ent 47.500000
/data/pdb_release/all/pdb1pbk.ent 42.500000
/data/pdb_release/all/pdb1rot.ent 60.000000
/nfs/cathdata/dompdb/1hmy02 52.500000
/tmp/2msbA0 57.500000
/data/pdb_release/all/pdb1hup.ent 77.500000
/tmp/1rtm10 72.500000
/tmp/1rdl10 55.000000
/data/pdb_release/all/pdb1aak.ent 90.000000
/data/pdb_release/all/pdb2uce.ent 72.500000
/data/pdb_release/all/pdb1ucz.ent 72.500000
/tmp/1u9aA0 72.500000
/nfs/cathdata/dompdb/1fcbA1 72.500000
/data/pdb_release/all/pdb1b5m.ent 72.500000
/data/pdb_release/all/pdb1iet.ent 25.000000
/data/pdb_release/all/pdb1cyo.ent 72.500000
/tmp/1mkaA0 55.000000
/data/pdb_release/all/pdb1onc.ent 77.500000
/data/pdb_release/all/pdb7rsa.ent 72.500000
/tmp/1bsrA0 72.500000
/data/pdb_release/all/pdb1ang.ent 72.500000
/data/pdb_release/all/pdb1agi.ent 72.500000
/nfs/cathdata/dompdb/1hpm02 57.500000
/nfs/cathdata/dompdb/2polA3 42.500000
/nfs/cathdata/dompdb/2polA2 55.000000
/nfs/cathdata/dompdb/2polA1 42.500000
/nfs/cathdata/dompdb/9pap01 55.000000
/nfs/cathdata/dompdb/1aec01 55.000000
/nfs/cathdata/dompdb/1gecE1 55.000000
/nfs/cathdata/dompdb/1ppo01 60.000000
/nfs/cathdata/dompdb/1yal01 60.000000
/nfs/cathdata/dompdb/1theA1 57.500000
/data/pdb_release/all/pdb1pgb.ent 42.500000
/data/pdb_release/all/pdb2igg.ent 37.500000
/data/pdb_release/all/pdb3fxc.ent 35.000000
/tmp/1frrA0 60.000000
/tmp/1fxiA0 42.500000
/tmp/1fxaA0 55.000000
/data/pdb_release/all/pdb1frd.ent 60.000000
/data/pdb_release/all/pdb1dox.ent 25.000000
/data/pdb_release/all/pdb1cjn.ent 57.500000
/data/pdb_release/all/pdb1doi.ent 77.500000
/data/pdb_release/all/pdb1put.ent 50.000000
/nfs/cathdata/dompdb/2pia03 42.500000
/data/pdb_release/all/pdb1ubi.ent 40.000000
/nfs/cathdata/dompdb/1lgr02 55.000000
/data/pdb_release/all/pdb1tif.ent 55.000000
/data/pdb_release/all/pdb1rfa.ent 40.000000
/tmp/1molA0 37.500000
/tmp/1stfI0 57.500000
/data/pdb_release/all/pdb1cyu.ent 37.500000
/tmp/1cewI0 57.500000
/tmp/1udiI0 60.000000
/data/pdb_release/all/pdb1fus.ent 37.500000
/data/pdb_release/all/pdb9rnt.ent 37.500000
/data/pdb_release/all/pdb1rds.ent 37.500000
/tmp/1gmpA0 42.500000
/tmp/1brnL0 72.500000
/tmp/2rbiA0 72.500000
/nfs/cathdata/dompdb/1oacA2 55.000000
/nfs/cathdata/dompdb/1prtB1 55.000000
/nfs/cathdata/dompdb/1prtC1 50.000000
/nfs/cathdata/dompdb/1ctn03 37.500000
/nfs/cathdata/dompdb/1gtrA3 20.000000
/nfs/cathdata/dompdb/1grj02 40.000000
/data/pdb_release/all/pdb1tsp.ent 77.500000
/nfs/cathdata/dompdb/1dhx01 10.000000
/nfs/cathdata/dompdb/2psg01 37.500000
/nfs/cathdata/dompdb/1mpp01 37.500000
/nfs/cathdata/dompdb/1bbs01 60.000000
/nfs/cathdata/dompdb/4cms01 55.000000
/nfs/cathdata/dompdb/1smrA1 55.000000
/nfs/cathdata/dompdb/1epmE1 60.000000
/nfs/cathdata/dompdb/1pplE1 60.000000
/nfs/cathdata/dompdb/2apr01 60.000000
/nfs/cathdata/dompdb/1psoE1 55.000000
/nfs/cathdata/dompdb/1htrB1 40.000000
/nfs/cathdata/dompdb/1jxrA1 42.500000
/nfs/cathdata/dompdb/2asi01 60.000000
/nfs/cathdata/dompdb/1smeA1 60.000000
/nfs/cathdata/dompdb/1epmE2 60.000000
/nfs/cathdata/dompdb/1pplE2 55.000000
/nfs/cathdata/dompdb/1mpp02 60.000000
/nfs/cathdata/dompdb/2asi02 42.500000
/nfs/cathdata/dompdb/2apr02 42.500000
/nfs/cathdata/dompdb/1psaA2 60.000000
/nfs/cathdata/dompdb/1lyaB2 42.500000
/nfs/cathdata/dompdb/1rne02 60.000000
/nfs/cathdata/dompdb/1cms02 60.000000
/nfs/cathdata/dompdb/1smrA2 60.000000
/nfs/cathdata/dompdb/1psoE2 60.000000
/nfs/cathdata/dompdb/1htrB2 60.000000
/nfs/cathdata/dompdb/1jxrA2 42.500000
/data/pdb_release/all/pdb2cas.ent 67.500000
/nfs/cathdata/dompdb/1rthA1 55.000000
/data/pdb_release/all/pdb1har.ent 55.000000
/nfs/cathdata/dompdb/1mml01 42.500000
/data/pdb_release/all/pdb1pgx.ent 37.500000
/data/pdb_release/all/pdb4fgf.ent 25.000000
/tmp/1afgA0 20.000000
/data/pdb_release/all/pdb1i1b.ent 25.000000
/data/pdb_release/all/pdb8i1b.ent 25.000000
/tmp/1ilr10 25.000000
/data/pdb_release/all/pdb1hcd.ent 25.000000
/data/pdb_release/all/pdb1tie.ent 25.000000
/data/pdb_release/all/pdb1wbc.ent 42.500000
/nfs/cathdata/dompdb/2aaiB2 25.000000
/nfs/cathdata/dompdb/1abrB2 25.000000
/nfs/cathdata/dompdb/2aaiB1 25.000000
/nfs/cathdata/dompdb/1abrB1 20.000000
/tmp/1msaA0 25.000000
/nfs/cathdata/dompdb/1dlc03 42.500000
/tmp/1vmoA0 25.000000
/data/pdb_release/all/pdb1hxn.ent 65.000000
/nfs/cathdata/dompdb/1fbl02 37.500000
/data/pdb_release/all/pdb1rtg.ent 42.500000
/data/pdb_release/all/pdb1pex.ent 42.500000
/data/pdb_release/all/pdb2nn9.ent 37.500000
/data/pdb_release/all/pdb2bat.ent 42.500000
/tmp/1nscA0 25.000000
/data/pdb_release/all/pdb1inv.ent 25.000000
/data/pdb_release/all/pdb1sim.ent 40.000000
/tmp/2bbkH0 37.500000
/tmp/1mdaH0 42.500000
/tmp/2madH0 0.000000
/nfs/cathdata/dompdb/1gof02 42.500000
/tmp/3aahA0 60.000000
/nfs/cathdata/dompdb/1kapP1 52.500000
/nfs/cathdata/dompdb/1sat01 55.000000
/nfs/cathdata/dompdb/1lxa01 15.000000
/data/pdb_release/all/pdb2pec.ent 60.000000
/nfs/cathdata/dompdb/2taaA2 20.000000
/nfs/cathdata/dompdb/1ppi02 25.000000
/nfs/cathdata/dompdb/1bvp12 20.000000
/data/pdb_release/all/pdb1bcx.ent 37.500000
/tmp/1enxA0 42.500000
/data/pdb_release/all/pdb1xnd.ent 42.500000
/data/pdb_release/all/pdb1xyn.ent 42.500000
/data/pdb_release/all/pdb1yna.ent 37.500000
/tmp/2pcdA0 70.000000
/tmp/2pcdM0 42.500000
/nfs/cathdata/dompdb/1dlc02 25.000000
/nfs/cathdata/dompdb/1ciy03 22.500000
/nfs/cathdata/dompdb/1ddt03 25.000000
/tmp/1gff10 90.000000
/tmp/2bpa10 90.000000
/data/pdb_release/all/pdb1jbc.ent 25.000000
/data/pdb_release/all/pdb2cna.ent 37.500000
/nfs/cathdata/dompdb/1dhx04 72.500000
/tmp/4htcI0 15.000000
/data/pdb_release/all/pdb1hic.ent 10.000000
/nfs/cathdata/dompdb/1ecl03 42.500000
/data/pdb_release/all/pdb1htp.ent 72.500000
/tmp/1dupA0 37.500000
/nfs/cathdata/dompdb/1ggtA1 40.000000
/tmp/1tsrA0 40.000000
/data/pdb_release/all/pdb1gpr.ent 42.500000
/data/pdb_release/all/pdb1f3g.ent 42.500000
/nfs/cathdata/dompdb/1aozA3 72.500000
/nfs/cathdata/dompdb/1oacA3 55.000000
/nfs/cathdata/dompdb/1bglA5 60.000000
/nfs/cathdata/dompdb/1bglA1 52.500000
/tmp/1celA0 77.500000
/tmp/1afcA0 20.000000
/tmp/2plv20 55.000000
/tmp/1rhi20 55.000000
/data/pdb_release/all/pdb1pov.ent 55.000000
/tmp/1bmv10 42.500000
/tmp/4sbvA0 67.500000
/tmp/1smvA0 72.500000
/tmp/2tbvA0 37.500000
/tmp/2bbvA0 55.000000
/tmp/1bmv20 60.000000
/tmp/1tnfA0 20.000000
/tmp/1tnrA0 25.000000
/tmp/1hlcA0 20.000000
/tmp/1sltA0 25.000000
/tmp/2ltnA0 20.000000
/tmp/1lenA0 25.000000
/tmp/1lgcA0 20.000000
/data/pdb_release/all/pdb1lte.ent 37.500000
/data/pdb_release/all/pdb1sba.ent 25.000000
/data/pdb_release/all/pdb1gsl.ent 40.000000
/tmp/2pelA0 37.500000
/tmp/1fatA0 37.500000
/tmp/1ioaA0 42.500000
/tmp/1sacA0 40.000000
/tmp/1gnhA0 42.500000
/data/pdb_release/all/pdb2ayh.ent 37.500000
/data/pdb_release/all/pdb1cpm.ent 42.500000
/data/pdb_release/all/pdb1gbg.ent 37.500000
/nfs/cathdata/dompdb/1cgt02 37.500000
/nfs/cathdata/dompdb/1cdg02 37.500000
/nfs/cathdata/dompdb/1cyg02 37.500000
/nfs/cathdata/dompdb/1ciu02 37.500000
/nfs/cathdata/dompdb/1pamA2 40.000000
/nfs/cathdata/dompdb/2aaa02 42.500000
/nfs/cathdata/dompdb/1pnf02 25.000000
/data/pdb_release/all/pdb1knb.ent 20.000000
/tmp/1sluA0 20.000000
/nfs/cathdata/dompdb/1lla02 72.500000
/nfs/cathdata/dompdb/1svb01 22.500000
/data/pdb_release/all/pdb1cyw.ent 72.500000
/nfs/cathdata/dompdb/1hcz01 60.000000
/data/pdb_release/all/pdb1thw.ent 90.000000
/tmp/1cauB0 62.500000
/nfs/cathdata/dompdb/2phlA3 25.000000
/nfs/cathdata/dompdb/2phlA2 40.000000
/data/pdb_release/all/pdb2stv.ent 60.000000
/tmp/1bbt10 55.000000
/tmp/1pov10 55.000000
/tmp/1pvc10 55.000000
/tmp/1r0910 55.000000
/tmp/1rhi10 60.000000
/tmp/1tme10 50.000000
/tmp/2mev10 55.000000
/tmp/2bpa20 20.000000
/tmp/1gff20 20.000000
/tmp/1bbt30 55.000000
/tmp/1tme30 55.000000
/tmp/2mev30 42.500000
/tmp/1r0930 60.000000
/tmp/1pov30 55.000000
/tmp/1pvc30 55.000000
/tmp/1rhi30 42.500000
/tmp/1bbt20 37.500000
/tmp/1tme20 42.500000
/tmp/2mev20 37.500000
/tmp/1r0920 37.500000
/tmp/1pvc20 55.000000
/data/pdb_release/all/pdb1arn.ent 55.000000
/tmp/1aizA0 55.000000
/data/pdb_release/all/pdb1aaj.ent 25.000000
/nfs/cathdata/dompdb/1aozA1 20.000000
/nfs/cathdata/dompdb/1aozA2 40.000000
/nfs/cathdata/dompdb/1gof03 20.000000
/nfs/cathdata/dompdb/1nif01 37.500000
/nfs/cathdata/dompdb/1afnA1 37.500000
/nfs/cathdata/dompdb/1nif02 42.500000
/nfs/cathdata/dompdb/1ntd02 45.000000
/tmp/1eta10 37.500000
/tmp/1tfpA0 20.000000
/tmp/1sxaA0 37.500000
/tmp/1srdA0 20.000000
/data/pdb_release/all/pdb1jcv.ent 37.500000
/tmp/1sosA0 37.500000
/tmp/1xsoA0 37.500000
/data/pdb_release/all/pdb1akp.ent 25.000000
/data/pdb_release/all/pdb1acx.ent 25.000000
/data/pdb_release/all/pdb1noa.ent 20.000000
/data/pdb_release/all/pdb2mcm.ent 20.000000
/nfs/cathdata/dompdb/1clc01 25.000000
/nfs/cathdata/dompdb/1ctn01 37.500000
/data/pdb_release/all/pdb1exg.ent 22.500000
/nfs/cathdata/dompdb/1bglA4 25.000000
/nfs/cathdata/dompdb/1bglA2 20.000000
/nfs/cathdata/dompdb/1svcP3 25.000000
/nfs/cathdata/dompdb/1svb04 15.000000
/nfs/cathdata/dompdb/1gof01 25.000000
/nfs/cathdata/dompdb/2sblB1 20.000000
/nfs/cathdata/dompdb/1hplA2 25.000000
/nfs/cathdata/dompdb/1lpbB2 25.000000
/nfs/cathdata/dompdb/1pgs01 25.000000
/data/pdb_release/all/pdb1ten.ent 25.000000
/nfs/cathdata/dompdb/1fnf01 20.000000
/nfs/cathdata/dompdb/1fnf02 25.000000
/nfs/cathdata/dompdb/1fnf03 25.000000
/nfs/cathdata/dompdb/1cfb01 25.000000
/nfs/cathdata/dompdb/1cfb02 20.000000
/tmp/1wapA0 25.000000
/data/pdb_release/all/pdb1ncg.ent 20.000000
/data/pdb_release/all/pdb1suh.ent 25.000000
/nfs/cathdata/dompdb/1ggtA4 20.000000
/nfs/cathdata/dompdb/1cgt04 20.000000
/nfs/cathdata/dompdb/1cdg04 20.000000
/nfs/cathdata/dompdb/1cyg04 20.000000
/data/pdb_release/all/pdb1kul.ent 15.000000
/nfs/cathdata/dompdb/1ciu04 20.000000
/nfs/cathdata/dompdb/1pamA4 20.000000
/nfs/cathdata/dompdb/1cgt03 20.000000
/nfs/cathdata/dompdb/1cdg03 20.000000
/nfs/cathdata/dompdb/1cyg03 15.000000
/nfs/cathdata/dompdb/1ciu03 25.000000
/nfs/cathdata/dompdb/1pamA3 25.000000
/data/pdb_release/all/pdb1rsy.ent 42.500000
/data/pdb_release/all/pdb1plc.ent 37.500000
/data/pdb_release/all/pdb9pcy.ent 25.000000
/data/pdb_release/all/pdb2plt.ent 42.500000
/data/pdb_release/all/pdb7pcy.ent 37.500000
/data/pdb_release/all/pdb1pla.ent 20.000000
/data/pdb_release/all/pdb1nin.ent 12.500000
/data/pdb_release/all/pdb1paz.ent 55.000000
/data/pdb_release/all/pdb1pmy.ent 60.000000
/data/pdb_release/all/pdb1zia.ent 55.000000
/tmp/1adwA0 55.000000
/tmp/1vlxA0 60.000000
/nfs/cathdata/dompdb/1vgeH1 25.000000
/nfs/cathdata/dompdb/1yuhB1 20.000000
/nfs/cathdata/dompdb/1clyH1 20.000000
/nfs/cathdata/dompdb/1kelH1 25.000000
/nfs/cathdata/dompdb/1nldH1 42.500000
/nfs/cathdata/dompdb/1ghfH1 20.000000
/nfs/cathdata/dompdb/1ospH1 25.000000
/nfs/cathdata/dompdb/1mimH1 25.000000
/nfs/cathdata/dompdb/1cloH1 25.000000
/nfs/cathdata/dompdb/1plgL1 25.000000
/nfs/cathdata/dompdb/1ghfL1 20.000000
/nfs/cathdata/dompdb/1clzL1 20.000000
/nfs/cathdata/dompdb/1kelL1 20.000000
/nfs/cathdata/dompdb/1gafL1 25.000000
/nfs/cathdata/dompdb/1iaiL1 25.000000
/nfs/cathdata/dompdb/1aifA1 15.000000
/nfs/cathdata/dompdb/1vgeL1 25.000000
/nfs/cathdata/dompdb/1nldL1 25.000000
/nfs/cathdata/dompdb/1ospL1 25.000000
/nfs/cathdata/dompdb/1mimL1 25.000000
/nfs/cathdata/dompdb/1lilA1 20.000000
/nfs/cathdata/dompdb/1cloL1 20.000000
/nfs/cathdata/dompdb/1bec01 25.000000
/nfs/cathdata/dompdb/1tcrB1 20.000000
/data/pdb_release/all/pdb1tit.ent 20.000000
/data/pdb_release/all/pdb1cid.ent 20.000000
/data/pdb_release/all/pdb3cd4.ent 25.000000
/data/pdb_release/all/pdb1hoe.ent 20.000000
/nfs/cathdata/dompdb/3hhrB1 15.000000
/nfs/cathdata/dompdb/3hhrB2 15.000000
/nfs/cathdata/dompdb/1fieA3 40.000000
/nfs/cathdata/dompdb/1hft01 42.500000
/data/pdb_release/all/pdb1ttf.ent 20.000000
/nfs/cathdata/dompdb/1hilA1 25.000000
/nfs/cathdata/dompdb/1ggbL1 25.000000
/nfs/cathdata/dompdb/1gigL1 25.000000
/nfs/cathdata/dompdb/1mfeL1 25.000000
/nfs/cathdata/dompdb/1igfL1 20.000000
/nfs/cathdata/dompdb/1lmkA2 20.000000
/nfs/cathdata/dompdb/1mcbA1 20.000000
/nfs/cathdata/dompdb/1mlbA1 20.000000
/nfs/cathdata/dompdb/3hfmL1 20.000000
/nfs/cathdata/dompdb/1opgL1 20.000000
/nfs/cathdata/dompdb/1ncaL1 25.000000
/nfs/cathdata/dompdb/1tetL1 20.000000
/nfs/cathdata/dompdb/2fb4L1 25.000000
/nfs/cathdata/dompdb/2fbjL1 20.000000
/nfs/cathdata/dompdb/6fabL1 20.000000
/nfs/cathdata/dompdb/7fabL1 20.000000
/nfs/cathdata/dompdb/8fabA1 20.000000
/nfs/cathdata/dompdb/1eapA1 20.000000
/nfs/cathdata/dompdb/1figL1 20.000000
/nfs/cathdata/dompdb/1forL1 25.000000
/nfs/cathdata/dompdb/1ibgL1 25.000000
/nfs/cathdata/dompdb/1igcL1 25.000000
/nfs/cathdata/dompdb/1jelL1 20.000000
/nfs/cathdata/dompdb/1nsnL1 25.000000
/nfs/cathdata/dompdb/2gfbA1 20.000000
/tmp/1dvfC0 25.000000
/tmp/1dvfD0 25.000000
/data/pdb_release/all/pdb1vhp.ent 20.000000
/nfs/cathdata/dompdb/1gafH1 20.000000
/nfs/cathdata/dompdb/1iaiH1 30.000000
/nfs/cathdata/dompdb/1aifB1 20.000000
/nfs/cathdata/dompdb/1ngpH1 20.000000
/nfs/cathdata/dompdb/1plgH1 20.000000
/nfs/cathdata/dompdb/1mlbB1 25.000000
/nfs/cathdata/dompdb/2cgrH1 20.000000
/nfs/cathdata/dompdb/1eapB1 20.000000
/nfs/cathdata/dompdb/1faiH1 37.500000
/nfs/cathdata/dompdb/1fbiH1 25.000000
/nfs/cathdata/dompdb/1figH1 25.000000
/nfs/cathdata/dompdb/1forH1 25.000000
/nfs/cathdata/dompdb/1fptH1 20.000000
/nfs/cathdata/dompdb/1frgH1 20.000000
/nfs/cathdata/dompdb/1gigH1 20.000000
/nfs/cathdata/dompdb/1ibgH1 25.000000
/nfs/cathdata/dompdb/1igcH1 25.000000
/nfs/cathdata/dompdb/1igjB1 20.000000
/nfs/cathdata/dompdb/1ikfH1 20.000000
/nfs/cathdata/dompdb/1jelH1 20.000000
/nfs/cathdata/dompdb/1mrcH1 20.000000
/nfs/cathdata/dompdb/1nsnH1 20.000000
/nfs/cathdata/dompdb/1opgH1 20.000000
/nfs/cathdata/dompdb/1rmfH1 25.000000
/nfs/cathdata/dompdb/2fgwH1 25.000000
/nfs/cathdata/dompdb/2gfbB1 20.000000
/nfs/cathdata/dompdb/6fabH1 25.000000
/nfs/cathdata/dompdb/1acyL1 25.000000
/nfs/cathdata/dompdb/1bafL1 25.000000
/nfs/cathdata/dompdb/1bbdL1 25.000000
/nfs/cathdata/dompdb/1bqlL1 20.000000
/nfs/cathdata/dompdb/2cgrL1 25.000000
/nfs/cathdata/dompdb/1dbbL1 25.000000
/nfs/cathdata/dompdb/1dfbL1 20.000000
/nfs/cathdata/dompdb/1faiL1 20.000000
/nfs/cathdata/dompdb/1mamL1 20.000000
/nfs/cathdata/dompdb/1ikfL1 20.000000
/nfs/cathdata/dompdb/1frgL1 20.000000
/tmp/1wtlA0 25.000000
/tmp/1breA0 25.000000
/tmp/1fvcB0 25.000000
/tmp/1jhlH0 25.000000
/tmp/1vfaB0 20.000000
/tmp/1igmH0 20.000000
/tmp/1mfaL0 0.000000
/tmp/1fgvH0 20.000000
/tmp/1nmaH0 25.000000
/tmp/2bjl10 25.000000
/nfs/cathdata/dompdb/8fabB1 20.000000
/nfs/cathdata/dompdb/2fb4H1 25.000000
/nfs/cathdata/dompdb/1acyH1 25.000000
/nfs/cathdata/dompdb/1bbdH1 25.000000
/nfs/cathdata/dompdb/2hflH1 25.000000
/nfs/cathdata/dompdb/2fbjH1 20.000000
/nfs/cathdata/dompdb/1hilB1 25.000000
/nfs/cathdata/dompdb/1nbvH1 20.000000
/nfs/cathdata/dompdb/7fabH1 20.000000
/nfs/cathdata/dompdb/1indH1 20.000000
/nfs/cathdata/dompdb/1tetH1 20.000000
/nfs/cathdata/dompdb/1mamH1 25.000000
/nfs/cathdata/dompdb/1ncaH1 25.000000
/nfs/cathdata/dompdb/1dbbH1 20.000000
/nfs/cathdata/dompdb/1dfbH1 20.000000
/nfs/cathdata/dompdb/1flrH1 20.000000
/nfs/cathdata/dompdb/1ggbH1 20.000000
/nfs/cathdata/dompdb/1igfH1 25.000000
/nfs/cathdata/dompdb/1bafH1 25.000000
/nfs/cathdata/dompdb/3hfmH1 25.000000
/nfs/cathdata/dompdb/1mcpH1 20.000000
/nfs/cathdata/dompdb/1lmkA1 25.000000
/nfs/cathdata/dompdb/1mfbH1 20.000000
/nfs/cathdata/dompdb/1fc2D2 42.500000
/nfs/cathdata/dompdb/1gigL2 45.000000
/nfs/cathdata/dompdb/1kelL2 42.500000
/nfs/cathdata/dompdb/1gafL2 47.500000
/nfs/cathdata/dompdb/2fb4L2 42.500000
/nfs/cathdata/dompdb/1yuhB2 10.000000
/nfs/cathdata/dompdb/1clzH2 15.000000
/nfs/cathdata/dompdb/1fc2D1 40.000000
/nfs/cathdata/dompdb/1fruA2 20.000000
/tmp/1hsbB0 25.000000
/tmp/1mhcB0 15.000000
/tmp/1fruB0 15.000000
/data/pdb_release/all/pdb1bmg.ent 20.000000
/nfs/cathdata/dompdb/1dlhA2 15.000000
/nfs/cathdata/dompdb/1sebB2 20.000000
/nfs/cathdata/dompdb/1bec02 42.500000
/nfs/cathdata/dompdb/1vcaA2 25.000000
/data/pdb_release/all/pdb1tnm.ent 20.000000
/nfs/cathdata/dompdb/1vcaA1 25.000000
/data/pdb_release/all/pdb1tlk.ent 20.000000
/nfs/cathdata/dompdb/1hft02 42.500000
/data/pdb_release/all/pdb1cd8.ent 22.500000
/nfs/cathdata/dompdb/1igjA1 20.000000
/tmp/1nmbL0 20.000000
/data/pdb_release/all/pdb2rhe.ent 20.000000
/tmp/1fgvL0 25.000000
/data/pdb_release/all/pdb2imn.ent 20.000000
/tmp/1reiA0 25.000000
/tmp/1fvcA0 25.000000
/tmp/1igmL0 20.000000
/tmp/1jhlL0 25.000000
/tmp/1ivlA0 20.000000
/tmp/1vfaA0 20.000000
/data/pdb_release/all/pdb1pho.ent 37.500000
/data/pdb_release/all/pdb1omf.ent 55.000000
/data/pdb_release/all/pdb3bcl.ent 77.500000
/nfs/cathdata/dompdb/1amm01 20.000000
/nfs/cathdata/dompdb/1amm02 42.500000
/nfs/cathdata/dompdb/2bb202 20.000000
/nfs/cathdata/dompdb/2gcr01 20.000000
/nfs/cathdata/dompdb/2gcr02 20.000000
/nfs/cathdata/dompdb/1elpA1 20.000000
/nfs/cathdata/dompdb/1elpA2 37.500000
/nfs/cathdata/dompdb/2bb201 25.000000
/nfs/cathdata/dompdb/1prr01 42.500000
/nfs/cathdata/dompdb/1prr02 32.500000
/tmp/1mdaL0 12.500000
/tmp/2bbkL0 25.000000
/data/pdb_release/all/pdb1cdb.ent 15.000000
/nfs/cathdata/dompdb/1hngA1 20.000000
/tmp/1cdcA0 20.000000
/nfs/cathdata/dompdb/1hnf02 20.000000
/nfs/cathdata/dompdb/1hngA2 20.000000
/tmp/1mfaH0 0.000000
/nfs/cathdata/dompdb/2fbjH2 22.500000
/nfs/cathdata/dompdb/1mcpH2 20.000000
/nfs/cathdata/dompdb/1hocA2 15.000000
/nfs/cathdata/dompdb/1hsaA2 20.000000
/nfs/cathdata/dompdb/1vaaA2 15.000000
/nfs/cathdata/dompdb/1hsbA2 20.000000
/nfs/cathdata/dompdb/1mhcA2 20.000000
/nfs/cathdata/dompdb/8fabB2 47.500000
/nfs/cathdata/dompdb/1kelH2 15.000000
/nfs/cathdata/dompdb/1bbdH2 37.500000
/nfs/cathdata/dompdb/1ospH2 25.000000
/nfs/cathdata/dompdb/1eapB2 25.000000
/tmp/1lopA0 47.500000
/data/pdb_release/all/pdb2cpl.ent 42.500000
/tmp/1cynA0 45.000000
/tmp/2rmcA0 42.500000
/nfs/cathdata/dompdb/1bucA2 37.500000
/nfs/cathdata/dompdb/3mddA2 37.500000
/nfs/cathdata/dompdb/1kxf02 20.000000
/nfs/cathdata/dompdb/1vcpA2 20.000000
/tmp/1smpI0 42.500000
/nfs/cathdata/dompdb/1svcP1 20.000000
/tmp/1sriA0 32.500000
/tmp/1avdA0 20.000000
/data/pdb_release/all/pdb1hbq.ent 42.500000
/data/pdb_release/all/pdb1rbp.ent 42.500000
/tmp/1epaA0 55.000000
/tmp/1bbpA0 55.000000
/data/pdb_release/all/pdb1mup.ent 37.500000
/data/pdb_release/all/pdb1ifc.ent 60.000000
/data/pdb_release/all/pdb1hmr.ent 60.000000
/tmp/1opaA0 60.000000
/data/pdb_release/all/pdb1adl.ent 60.000000
/data/pdb_release/all/pdb1crb.ent 60.000000
/tmp/1cbiA0 55.000000
/tmp/1ftpA0 60.000000
/data/pdb_release/all/pdb1cbs.ent 60.000000
/tmp/1pmpA0 60.000000
/data/pdb_release/all/pdb1mdc.ent 55.000000
/nfs/cathdata/dompdb/7catA1 77.500000
/data/pdb_release/all/pdb1cae.ent 95.000000
/nfs/cathdata/dompdb/1dar02 22.500000
/nfs/cathdata/dompdb/1gtrA4 25.000000
/data/pdb_release/all/pdb1prn.ent 37.500000
/data/pdb_release/all/pdb2por.ent 60.000000
/nfs/cathdata/dompdb/1ppfE1 25.000000
/nfs/cathdata/dompdb/1svpA1 20.000000
/nfs/cathdata/dompdb/1vcpA1 37.500000
/nfs/cathdata/dompdb/1sgt02 37.500000
/nfs/cathdata/dompdb/1hylA1 37.500000
/nfs/cathdata/dompdb/1try02 42.500000
/nfs/cathdata/dompdb/1sgpE1 37.500000
/nfs/cathdata/dompdb/1hpgA1 37.500000
/nfs/cathdata/dompdb/2sga01 42.500000
/nfs/cathdata/dompdb/2alp01 37.500000
/nfs/cathdata/dompdb/1tal01 42.500000
/nfs/cathdata/dompdb/2sfa01 50.000000
/nfs/cathdata/dompdb/1arb02 42.500000
/nfs/cathdata/dompdb/1hylA2 42.500000
/nfs/cathdata/dompdb/1sgpE2 25.000000
/nfs/cathdata/dompdb/1gbaA2 20.000000
/nfs/cathdata/dompdb/1hpgA2 25.000000
/nfs/cathdata/dompdb/2sga02 25.000000
/nfs/cathdata/dompdb/1tal02 25.000000
/nfs/cathdata/dompdb/2sfa02 25.000000
/nfs/cathdata/dompdb/1arb01 25.000000
/nfs/cathdata/dompdb/1cnd01 42.500000
/nfs/cathdata/dompdb/1ndh01 42.500000
/nfs/cathdata/dompdb/2pia01 42.500000
/nfs/cathdata/dompdb/1fnb01 42.500000
/nfs/cathdata/dompdb/1que01 42.500000
/nfs/cathdata/dompdb/1pkm03 42.500000
/nfs/cathdata/dompdb/1pkn03 20.000000
/nfs/cathdata/dompdb/1pkyA3 40.000000
/nfs/cathdata/dompdb/1pkyC3 40.000000
/nfs/cathdata/dompdb/1eft02 25.000000
/nfs/cathdata/dompdb/1efuA2 22.500000
/data/pdb_release/all/pdb1clh.ent 55.000000
/tmp/1tcwA0 37.500000
/tmp/1cpiA0 37.500000
/tmp/2rspA0 42.500000
/nfs/cathdata/dompdb/1pnkB3 20.000000
/nfs/cathdata/dompdb/1eft03 25.000000
/nfs/cathdata/dompdb/1efuA3 30.000000
/tmp/1ucyE0 40.000000
/tmp/1aksB0 37.500000
/tmp/2pkaB0 42.500000
/nfs/cathdata/dompdb/1hcgA1 50.000000
/nfs/cathdata/dompdb/1thsH1 42.500000
/nfs/cathdata/dompdb/1brbE1 42.500000
/nfs/cathdata/dompdb/4ptp01 42.500000
/nfs/cathdata/dompdb/1mctA1 42.500000
/nfs/cathdata/dompdb/1etrH1 42.500000
/nfs/cathdata/dompdb/1bit01 42.500000
/nfs/cathdata/dompdb/1trnA1 47.500000
/nfs/cathdata/dompdb/1try01 42.500000
/nfs/cathdata/dompdb/5chaA1 42.500000
/nfs/cathdata/dompdb/1sgt01 42.500000
/nfs/cathdata/dompdb/1lmwB1 37.500000
/nfs/cathdata/dompdb/1elg01 37.500000
/nfs/cathdata/dompdb/1elt01 42.500000
/nfs/cathdata/dompdb/1ton01 25.000000
/tmp/1mtnC0 37.500000
/nfs/cathdata/dompdb/1tbs01 42.500000
/nfs/cathdata/dompdb/1pfxC1 50.000000
/nfs/cathdata/dompdb/1fonA1 42.500000
/nfs/cathdata/dompdb/1pytD1 42.500000
/nfs/cathdata/dompdb/1rtfB1 25.000000
/nfs/cathdata/dompdb/1fujA1 25.000000
/nfs/cathdata/dompdb/1dst01 42.500000
/nfs/cathdata/dompdb/3rp2A1 30.000000
/tmp/1ceaA0 0.000000
/tmp/1pmlA0 30.000000
/data/pdb_release/all/pdb1kdu.ent 35.000000
/data/pdb_release/all/pdb1krn.ent 0.000000
/data/pdb_release/all/pdb1bw3.ent 75.000000
/tmp/1ihvA0 25.000000
/nfs/cathdata/dompdb/1hcz02 17.500000
/data/pdb_release/all/pdb1lab.ent 17.500000
/data/pdb_release/all/pdb1bdo.ent 25.000000
/data/pdb_release/all/pdb1afp.ent 15.000000
/tmp/1bovA0 37.500000
/data/pdb_release/all/pdb1mjc.ent 20.000000
/data/pdb_release/all/pdb1csp.ent 20.000000
/data/pdb_release/all/pdb1krs.ent 52.500000
/nfs/cathdata/dompdb/1lylA1 77.500000
/nfs/cathdata/dompdb/1asyA1 37.500000
/data/pdb_release/all/pdb1bgh.ent 20.000000
/data/pdb_release/all/pdb1rip.ent 0.000000
/tmp/1prtD0 37.500000
/tmp/1prtF0 42.500000
/nfs/cathdata/dompdb/1tssA2 25.000000
/nfs/cathdata/dompdb/1prtB2 37.500000
/nfs/cathdata/dompdb/1prtC2 42.500000
/tmp/1ltsD0 40.000000
/tmp/1chbD0 40.000000
/data/pdb_release/all/pdb2sns.ent 72.500000
/nfs/cathdata/dompdb/1bco02 20.000000
/nfs/cathdata/dompdb/1esfA1 42.500000
/nfs/cathdata/dompdb/1sebD1 42.500000
/nfs/cathdata/dompdb/1se201 37.500000
/tmp/1fivA0 42.500000
/tmp/1idaA0 37.500000
/tmp/1hivA0 37.500000
/data/pdb_release/all/pdb1dro.ent 55.000000
/nfs/cathdata/dompdb/1hleA1 55.000000
/nfs/cathdata/dompdb/1ovaA1 72.500000
/nfs/cathdata/dompdb/1kauC1 42.500000
/nfs/cathdata/dompdb/2kauC1 42.500000
/tmp/1ucyH0 42.500000
/nfs/cathdata/dompdb/3rp2A2 42.500000
/nfs/cathdata/dompdb/1ihsH2 37.500000
/nfs/cathdata/dompdb/1gctA2 37.500000
/nfs/cathdata/dompdb/1elg02 37.500000
/nfs/cathdata/dompdb/1brbE2 42.500000
/nfs/cathdata/dompdb/4ptp02 37.500000
/nfs/cathdata/dompdb/1elt02 55.000000
/nfs/cathdata/dompdb/1hneE2 37.500000
/nfs/cathdata/dompdb/1mctA2 37.500000
/nfs/cathdata/dompdb/1etrH2 37.500000
/nfs/cathdata/dompdb/1bit02 37.500000
/nfs/cathdata/dompdb/1trnA2 42.500000
/nfs/cathdata/dompdb/1ton02 42.500000
/tmp/2pkaA0 20.000000
/tmp/1mtnB0 25.000000
/tmp/1aksA0 25.000000
/nfs/cathdata/dompdb/1tbs02 37.500000
/nfs/cathdata/dompdb/1pfxC2 42.500000
/nfs/cathdata/dompdb/1fonA2 47.500000
/nfs/cathdata/dompdb/1pytD2 42.500000
/nfs/cathdata/dompdb/1fujA2 37.500000
/nfs/cathdata/dompdb/1rtfB2 37.500000
/nfs/cathdata/dompdb/1dst02 42.500000
/nfs/cathdata/dompdb/1hcgA2 42.500000
/nfs/cathdata/dompdb/1lmwB2 42.500000
/data/pdb_release/all/pdb1pk4.ent 0.000000
/data/pdb_release/all/pdb2pf1.ent 50.000000
/data/pdb_release/all/pdb1ahl.ent 0.000000
/data/pdb_release/all/pdb1atx.ent 10.000000
/data/pdb_release/all/pdb1sh1.ent 22.500000
/data/pdb_release/all/pdb1apf.ent 0.000000
/nfs/cathdata/dompdb/1dar03 7.500000
/nfs/cathdata/dompdb/1elo03 25.000000
/data/pdb_release/all/pdb1tfi.ent 15.000000
/tmp/4sgbI0 7.500000
/data/pdb_release/all/pdb1tih.ent 15.000000
/nfs/cathdata/dompdb/1raaB2 30.000000
/nfs/cathdata/dompdb/2atcB2 0.000000
/nfs/cathdata/dompdb/1ytfD2 17.500000
/tmp/1ytfC0 12.500000
/data/pdb_release/all/pdb1sso.ent 37.500000
/data/pdb_release/all/pdb1sap.ent 37.500000
/data/pdb_release/all/pdb1hsp.ent 0.000000
/data/pdb_release/all/pdb1gfc.ent 10.000000
/tmp/1aboA0 20.000000
/tmp/1cskA0 17.500000
/tmp/1ckaA0 20.000000
/tmp/1gbrA0 17.500000
/data/pdb_release/all/pdb1shg.ent 25.000000
/tmp/1shfA0 17.500000
/tmp/1nloC0 17.500000
/data/pdb_release/all/pdb1pnj.ent 20.000000
/tmp/1semA0 25.000000
/nfs/cathdata/dompdb/1lckA1 20.000000
/data/pdb_release/all/pdb1tud.ent 22.500000
/data/pdb_release/all/pdb1tuc.ent 22.500000
/nfs/cathdata/dompdb/1ad5A1 20.000000
/data/pdb_release/all/pdb1pls.ent 35.000000
/tmp/1dynA0 37.500000
/data/pdb_release/all/pdb1btn.ent 42.500000
/tmp/1tgxA0 12.500000
/data/pdb_release/all/pdb1nea.ent 12.500000
/data/pdb_release/all/pdb1nor.ent 12.500000
/data/pdb_release/all/pdb1ntx.ent 12.500000
/data/pdb_release/all/pdb1fas.ent 17.500000
/tmp/1cdtA0 17.500000
/data/pdb_release/all/pdb2crs.ent 10.000000
/data/pdb_release/all/pdb1ntn.ent 40.000000
/data/pdb_release/all/pdb1tfs.ent 12.500000
/data/pdb_release/all/pdb1lsi.ent 17.500000
/nfs/cathdata/dompdb/1psi01 55.000000
/nfs/cathdata/dompdb/2achA2 55.000000
/tmp/1bi6H0 15.000000
/data/pdb_release/all/pdb1tpm.ent 17.500000
/nfs/cathdata/dompdb/1hfh01 10.000000
/data/pdb_release/all/pdb1hcc.ent 7.500000
/tmp/1lpbA0 35.000000
/nfs/cathdata/dompdb/1antI1 60.000000
/tmp/1hcnB0 20.000000
/tmp/1hcnA0 42.500000
/tmp/1pdgA0 20.000000
/data/pdb_release/all/pdb2tgi.ent 72.500000
/tmp/1klaA0 35.000000
/data/pdb_release/all/pdb1tgj.ent 77.500000
/data/pdb_release/all/pdb1bet.ent 25.000000
/tmp/1bndA0 40.000000
/tmp/1bndB0 20.000000
/data/pdb_release/all/pdb1fbr.ent 20.000000
/tmp/1umuA0 42.500000
/data/pdb_release/all/pdb1ctl.ent 40.000000
/data/pdb_release/all/pdb1iml.ent 37.500000
/nfs/cathdata/dompdb/1extB1 15.000000
/tmp/2kauB0 20.000000
/tmp/1rprA0 45.000000
/tmp/1fc2C0 50.000000
/tmp/1spzZ0 65.000000
/data/pdb_release/all/pdb1edi.ent 70.000000
/data/pdb_release/all/pdb2pdd.ent 45.000000
/data/pdb_release/all/pdb1bal.ent 50.000000
/tmp/1csbA0 45.000000
/tmp/1htrP0 50.000000
/nfs/cathdata/dompdb/1ilk02 70.000000
/data/pdb_release/all/pdb1bha.ent 70.000000
/nfs/cathdata/dompdb/1grj01 70.000000
/nfs/cathdata/dompdb/1sesA1 95.000000
/data/pdb_release/all/pdb1pdc.ent 0.000000
/tmp/2achB0 0.000000
/data/pdb_release/all/pdb1egf.ent 15.000000
/data/pdb_release/all/pdb1apo.ent 0.000000
/data/pdb_release/all/pdb1fsb.ent 0.000000
/data/pdb_release/all/pdb1hre.ent 0.000000
/data/pdb_release/all/pdb1yuf.ent 0.000000
/tmp/1hcgB0 15.000000
/data/pdb_release/all/pdb1ata.ent 10.000000
/nfs/cathdata/dompdb/1ncfA2 20.000000
/data/pdb_release/all/pdb1cdq.ent 35.000000
/tmp/1kbaA0 42.500000
/tmp/2abxA0 0.000000
/tmp/1abtA0 15.000000
/data/pdb_release/all/pdb3ebx.ent 17.500000
/data/pdb_release/all/pdb2ctx.ent 12.500000
/data/pdb_release/all/pdb2cdx.ent 17.500000
/tmp/1kxiA0 17.500000
/data/pdb_release/all/pdb1cre.ent 10.000000
/data/pdb_release/all/pdb1cod.ent 20.000000
/data/pdb_release/all/pdb1drs.ent 0.000000
/data/pdb_release/all/pdb1lki.ent 95.000000
/tmp/3inkC0 77.500000
/data/pdb_release/all/pdb1hgu.ent 95.000000
/data/pdb_release/all/pdb1huw.ent 95.000000
/tmp/3hhrA0 95.000000
/data/pdb_release/all/pdb1lpt.ent 90.000000
/data/pdb_release/all/pdb1lip.ent 95.000000
/data/pdb_release/all/pdb1mzm.ent 95.000000
/data/pdb_release/all/pdb1hyp.ent 75.000000
/nfs/cathdata/dompdb/1dlc01 90.000000
/nfs/cathdata/dompdb/1ciy01 95.000000
/tmp/1etrL0 25.000000
/tmp/1tbrJ0 50.000000
/tmp/3aahB0 25.000000
/tmp/4aahB0 25.000000
/tmp/1olgA0 25.000000
/tmp/2bbvD0 25.000000
/data/pdb_release/all/pdb2ifo.ent 25.000000
/tmp/1pfiA0 45.000000
/tmp/1junA0 25.000000
/data/pdb_release/all/pdb1tvs.ent 90.000000
/tmp/1ysaC0 25.000000
/data/pdb_release/all/pdb1aml.ent 50.000000
/data/pdb_release/all/pdb125d.ent 50.000000
/data/pdb_release/all/pdb1cld.ent 45.000000
/tmp/1d66A0 70.000000
/data/pdb_release/all/pdb1pyc.ent 45.000000
/nfs/cathdata/dompdb/1poxA4 45.000000
/tmp/1ltsC0 50.000000
/tmp/1xtcC0 50.000000
/tmp/1scmA0 50.000000
/tmp/1mdyB0 45.000000
/data/pdb_release/all/pdb1bct.ent 50.000000
/nfs/cathdata/dompdb/1pcrL2 95.000000
/nfs/cathdata/dompdb/1prcL2 95.000000
/nfs/cathdata/dompdb/1pcrM2 95.000000
/nfs/cathdata/dompdb/1prcM2 95.000000
/nfs/cathdata/dompdb/1dik05 95.000000
/tmp/1bcfA0 90.000000
/data/pdb_release/all/pdb1fha.ent 95.000000
/data/pdb_release/all/pdb1ier.ent 90.000000
/data/pdb_release/all/pdb1rcc.ent 95.000000
/tmp/2ccyA0 90.000000
/data/pdb_release/all/pdb1cpq.ent 90.000000
/tmp/1bbhA0 90.000000
/data/pdb_release/all/pdb1cgn.ent 95.000000
/data/pdb_release/all/pdb1lpe.ent 90.000000
/data/pdb_release/all/pdb2asr.ent 90.000000
/data/pdb_release/all/pdb1vls.ent 90.000000
/data/pdb_release/all/pdb1aep.ent 90.000000
/tmp/256bA0 90.000000
/tmp/2hmqA0 90.000000
/data/pdb_release/all/pdb2mhr.ent 90.000000
/tmp/2tmvP0 95.000000
/tmp/1rmvA0 90.000000
/nfs/cathdata/dompdb/2ilk01 90.000000
/nfs/cathdata/dompdb/1vlk01 90.000000
/nfs/cathdata/dompdb/1bucA3 90.000000
/nfs/cathdata/dompdb/3mddA3 90.000000
/nfs/cathdata/dompdb/1chkA1 90.000000
/data/pdb_release/all/pdb1lis.ent 90.000000
/data/pdb_release/all/pdb1rcb.ent 90.000000
/tmp/1gmfA0 72.500000
/tmp/1bgeA0 95.000000
/tmp/1rhgA0 95.000000
/data/pdb_release/all/pdb1bgc.ent 90.000000
/nfs/cathdata/dompdb/1whtA2 65.000000
/data/pdb_release/all/pdb2erl.ent 65.000000
/nfs/cathdata/dompdb/1ytfD1 45.000000
/nfs/cathdata/dompdb/1mtyG1 65.000000
/nfs/cathdata/dompdb/1mhyG1 65.000000
/tmp/1ecmA0 70.000000
/nfs/cathdata/dompdb/1lxa02 90.000000
/data/pdb_release/all/pdb1acp.ent 90.000000
/data/pdb_release/all/pdb1aca.ent 85.000000
/nfs/cathdata/dompdb/1pcrM1 90.000000
/nfs/cathdata/dompdb/1prcM1 75.000000
/nfs/cathdata/dompdb/1pcrL1 90.000000
/nfs/cathdata/dompdb/1prcL1 90.000000
/nfs/cathdata/dompdb/3sdpA1 65.000000
/nfs/cathdata/dompdb/1mngA1 90.000000
/nfs/cathdata/dompdb/1svcP2 70.000000
/nfs/cathdata/dompdb/1nfkA2 50.000000
/nfs/cathdata/dompdb/1mtyG2 85.000000
/nfs/cathdata/dompdb/1mhyG2 90.000000
/nfs/cathdata/dompdb/2minB4 65.000000
/nfs/cathdata/dompdb/1mioB3 95.000000
/data/pdb_release/all/pdb1poc.ent 72.500000
/data/pdb_release/all/pdb1ppa.ent 90.000000
/data/pdb_release/all/pdb1poa.ent 65.000000
/data/pdb_release/all/pdb4bp2.ent 72.500000
/data/pdb_release/all/pdb1pod.ent 72.500000
/tmp/3p2pA0 55.000000
/tmp/1pp2L0 70.000000
/tmp/1clpA0 72.500000
/tmp/1bunA0 72.500000
/data/pdb_release/all/pdb1psj.ent 70.000000
/data/pdb_release/all/pdb1ae7.ent 70.000000
/nfs/cathdata/dompdb/1bmtA1 90.000000
/data/pdb_release/all/pdb1lmq.ent 95.000000
/data/pdb_release/all/pdb1jug.ent 95.000000
/data/pdb_release/all/pdb119l.ent 95.000000
/nfs/cathdata/dompdb/1bucA1 95.000000
/nfs/cathdata/dompdb/3mddA1 95.000000
/nfs/cathdata/dompdb/1oxa02 95.000000
/nfs/cathdata/dompdb/1grl01 95.000000
/nfs/cathdata/dompdb/1aorA2 95.000000
/nfs/cathdata/dompdb/2pgd02 95.000000
/nfs/cathdata/dompdb/1dnpA3 95.000000
/nfs/cathdata/dompdb/1csc01 100.000000
/tmp/1csmA0 95.000000
/nfs/cathdata/dompdb/1aorA3 95.000000
/data/pdb_release/all/pdb1fps.ent 95.000000
/nfs/cathdata/dompdb/1clc02 95.000000
/tmp/1ribA0 95.000000
/tmp/1mmoB0 95.000000
/tmp/1mhyB0 95.000000
/nfs/cathdata/dompdb/1cpt02 95.000000
/data/pdb_release/all/pdb1phb.ent 95.000000
/tmp/2bmhA0 100.000000
/nfs/cathdata/dompdb/1lla01 95.000000
/tmp/1mhlC0 95.000000
/tmp/1mtyD0 95.000000
/tmp/1mhyD0 95.000000
/nfs/cathdata/dompdb/2sblB2 95.000000
/data/pdb_release/all/pdb1lnh.ent 100.000000
/data/pdb_release/all/pdb1ehs.ent 50.000000
/tmp/2spcA0 45.000000
/tmp/1ytfB0 50.000000
/nfs/cathdata/dompdb/1pnkA2 45.000000
/data/pdb_release/all/pdb1aty.ent 70.000000
/nfs/cathdata/dompdb/1dloA3 77.500000
/tmp/1ithA0 95.000000
/tmp/1cpcA0 95.000000
/tmp/1cpcB0 95.000000
/tmp/1allA0 95.000000
/tmp/1allB0 90.000000
/tmp/1colA0 95.000000
/nfs/cathdata/dompdb/1ddt02 95.000000
/nfs/cathdata/dompdb/3blm02 100.000000
/nfs/cathdata/dompdb/1mblA2 95.000000
/nfs/cathdata/dompdb/1btl02 95.000000
/nfs/cathdata/dompdb/1ckiA2 95.000000
/nfs/cathdata/dompdb/1csn02 95.000000
/nfs/cathdata/dompdb/1apmE1 95.000000
/nfs/cathdata/dompdb/1irk02 95.000000
/nfs/cathdata/dompdb/1ad5A4 95.000000
/nfs/cathdata/dompdb/1aru01 95.000000
/nfs/cathdata/dompdb/1llp01 100.000000
/nfs/cathdata/dompdb/1mnp01 95.000000
/nfs/cathdata/dompdb/1qpaA1 95.000000
/nfs/cathdata/dompdb/1cca01 95.000000
/nfs/cathdata/dompdb/1apxA1 90.000000
/nfs/cathdata/dompdb/1schA1 95.000000
/data/pdb_release/all/pdb153l.ent 95.000000
/data/pdb_release/all/pdb1baa.ent 100.000000
/nfs/cathdata/dompdb/1cnsA1 100.000000
/data/pdb_release/all/pdb135l.ent 100.000000
/data/pdb_release/all/pdb2ihl.ent 95.000000
/data/pdb_release/all/pdb1lz1.ent 75.000000
/data/pdb_release/all/pdb1hhl.ent 100.000000
/tmp/1ghlA0 100.000000
/data/pdb_release/all/pdb2eql.ent 90.000000
/data/pdb_release/all/pdb1alc.ent 100.000000
/data/pdb_release/all/pdb1hml.ent 100.000000
/tmp/1thbA0 90.000000
/tmp/1hdsA0 95.000000
/tmp/1hdsB0 95.000000
/tmp/2mhbA0 95.000000
/tmp/1fdhG0 95.000000
/tmp/1hbhA0 95.000000
/tmp/1hdaA0 90.000000
/tmp/1babB0 95.000000
/data/pdb_release/all/pdb2lhb.ent 95.000000
/tmp/1hbhB0 95.000000
/tmp/1hdaB0 95.000000
/tmp/1pghA0 90.000000
/tmp/1pghB0 95.000000
/tmp/1ibeB0 95.000000
/tmp/1outA0 95.000000
/tmp/1outB0 95.000000
/tmp/1spgA0 90.000000
/tmp/1spgB0 95.000000
/data/pdb_release/all/pdb1flp.ent 100.000000
/data/pdb_release/all/pdb1lhs.ent 95.000000
/data/pdb_release/all/pdb1bvd.ent 90.000000
/data/pdb_release/all/pdb1ymb.ent 95.000000
/data/pdb_release/all/pdb1mbs.ent 100.000000
/data/pdb_release/all/pdb2mm1.ent 95.000000
/data/pdb_release/all/pdb1emy.ent 100.000000
/tmp/1mygA0 95.000000
/data/pdb_release/all/pdb1myt.ent 95.000000
/data/pdb_release/all/pdb1eca.ent 90.000000
/tmp/1sctA0 90.000000
/tmp/1sctB0 100.000000
/tmp/3sdhA0 95.000000
/data/pdb_release/all/pdb1mba.ent 95.000000
/data/pdb_release/all/pdb1ash.ent 95.000000
/nfs/cathdata/dompdb/1fcdC2 90.000000
/tmp/2mtaC0 95.000000
/nfs/cathdata/dompdb/2abk02 85.000000
/nfs/cathdata/dompdb/1npc02 95.000000
/nfs/cathdata/dompdb/1ezm02 95.000000
/nfs/cathdata/dompdb/2tmnE2 95.000000
/nfs/cathdata/dompdb/1dnpA2 90.000000
/nfs/cathdata/dompdb/1gia02 95.000000
/nfs/cathdata/dompdb/1tadA2 95.000000
/nfs/cathdata/dompdb/7catA2 95.000000
/nfs/cathdata/dompdb/1cca02 95.000000
/nfs/cathdata/dompdb/1apxA2 95.000000
/nfs/cathdata/dompdb/1aru02 95.000000
/nfs/cathdata/dompdb/1llp02 95.000000
/nfs/cathdata/dompdb/1mnp02 95.000000
/nfs/cathdata/dompdb/1qpaA2 95.000000
/nfs/cathdata/dompdb/1schA2 95.000000
/tmp/1rfbA0 95.000000
/nfs/cathdata/dompdb/1pnkA1 95.000000
/data/pdb_release/all/pdb1end.ent 90.000000
/nfs/cathdata/dompdb/1gly01 90.000000
/nfs/cathdata/dompdb/1ecl02 90.000000
/data/pdb_release/all/pdb1sra.ent 95.000000
/nfs/cathdata/dompdb/1prcC2 95.000000
/nfs/cathdata/dompdb/1prcC1 95.000000
/nfs/cathdata/dompdb/1vsgA2 90.000000
/nfs/cathdata/dompdb/1gly02 95.000000
/nfs/cathdata/dompdb/1pnkB4 95.000000
/data/pdb_release/all/pdb1hlm.ent 90.000000
/data/pdb_release/all/pdb1hlb.ent 90.000000
/data/pdb_release/all/pdb1hbg.ent 95.000000
/data/pdb_release/all/pdb1gdj.ent 95.000000
/tmp/1binA0 100.000000
/nfs/cathdata/dompdb/1osa02 95.000000
/nfs/cathdata/dompdb/1wdcC2 95.000000
/nfs/cathdata/dompdb/1tnw02 95.000000
/tmp/1cnpA0 95.000000
/tmp/1symA0 90.000000
/tmp/1tcoB0 95.000000
/nfs/cathdata/dompdb/1scmC1 90.000000
/nfs/cathdata/dompdb/1wdcB1 90.000000
/nfs/cathdata/dompdb/1rec01 0.000000
/nfs/cathdata/dompdb/1rec02 90.000000
/data/pdb_release/all/pdb2sas.ent 95.000000
/tmp/2scpA0 95.000000
/data/pdb_release/all/pdb155c.ent 90.000000
/data/pdb_release/all/pdb1ycc.ent 95.000000
/data/pdb_release/all/pdb1ccr.ent 90.000000
/tmp/5cytR0 95.000000
/data/pdb_release/all/pdb1yeb.ent 90.000000
/data/pdb_release/all/pdb1hrc.ent 95.000000
/data/pdb_release/all/pdb1cry.ent 90.000000
/data/pdb_release/all/pdb1cot.ent 95.000000
/data/pdb_release/all/pdb3c2c.ent 90.000000
/tmp/1c2rA0 90.000000
/data/pdb_release/all/pdb1cxc.ent 90.000000
/data/pdb_release/all/pdb1yea.ent 95.000000
/tmp/1hroA0 90.000000
/data/pdb_release/all/pdb1dvh.ent 95.000000
/data/pdb_release/all/pdb351c.ent 95.000000
/data/pdb_release/all/pdb1cor.ent 90.000000
/data/pdb_release/all/pdb1cch.ent 90.000000
/nfs/cathdata/dompdb/1fcdC1 90.000000
/data/pdb_release/all/pdb1cc5.ent 95.000000
/data/pdb_release/all/pdb1cyi.ent 90.000000
/data/pdb_release/all/pdb1ctj.ent 90.000000
/nfs/cathdata/dompdb/6gsvA2 90.000000
/nfs/cathdata/dompdb/1gta02 95.000000
/nfs/cathdata/dompdb/1hna02 90.000000
/nfs/cathdata/dompdb/2gsq02 95.000000
/nfs/cathdata/dompdb/1gseA2 100.000000
/nfs/cathdata/dompdb/1bpb01 90.000000
/nfs/cathdata/dompdb/1taq02 50.000000
/nfs/cathdata/dompdb/9icwA2 95.000000
/nfs/cathdata/dompdb/1ecl04 95.000000
/nfs/cathdata/dompdb/1adeA2 90.000000
/nfs/cathdata/dompdb/1atnA3 77.500000
/nfs/cathdata/dompdb/1oxa03 90.000000
/data/pdb_release/all/pdb1hmx.ent 95.000000
/nfs/cathdata/dompdb/2abk01 95.000000
/nfs/cathdata/dompdb/1gln04 95.000000
/nfs/cathdata/dompdb/2tct02 90.000000
/tmp/1hulA0 90.000000
/data/pdb_release/all/pdb1coo.ent 90.000000
/nfs/cathdata/dompdb/1wdcB2 95.000000
/data/pdb_release/all/pdb1bod.ent 90.000000
/data/pdb_release/all/pdb1cb1.ent 95.000000
/data/pdb_release/all/pdb4icb.ent 90.000000
/data/pdb_release/all/pdb1cmf.ent 90.000000
/nfs/cathdata/dompdb/1ncx01 95.000000
/data/pdb_release/all/pdb1cfc.ent 95.000000
/data/pdb_release/all/pdb1tnx.ent 95.000000
/data/pdb_release/all/pdb1rro.ent 90.000000
/data/pdb_release/all/pdb4cpv.ent 90.000000
/data/pdb_release/all/pdb5pal.ent 95.000000
/data/pdb_release/all/pdb1pal.ent 95.000000
/tmp/1rtp10 95.000000
/tmp/1pvaA0 95.000000
/nfs/cathdata/dompdb/1osa01 95.000000
/nfs/cathdata/dompdb/1avhA1 90.000000
/nfs/cathdata/dompdb/2ran01 90.000000
/nfs/cathdata/dompdb/1ala02 90.000000
/nfs/cathdata/dompdb/1hvd02 90.000000
/nfs/cathdata/dompdb/1ala04 90.000000
/nfs/cathdata/dompdb/1ann04 90.000000
/nfs/cathdata/dompdb/1avhA4 90.000000
/nfs/cathdata/dompdb/1axn01 90.000000
/nfs/cathdata/dompdb/1axn03 90.000000
/nfs/cathdata/dompdb/1axn02 95.000000
/nfs/cathdata/dompdb/1ala03 95.000000
/nfs/cathdata/dompdb/1ann03 90.000000
/nfs/cathdata/dompdb/1hvd03 90.000000
/nfs/cathdata/dompdb/2ran03 90.000000
/nfs/cathdata/dompdb/1axn04 90.000000
/nfs/cathdata/dompdb/1csc02 90.000000
/nfs/cathdata/dompdb/1csh02 90.000000
/nfs/cathdata/dompdb/2cts02 90.000000
/nfs/cathdata/dompdb/1tyaE2 95.000000
/nfs/cathdata/dompdb/1bvp11 95.000000
/data/pdb_release/all/pdb1neq.ent 90.000000
/nfs/cathdata/dompdb/1octC1 95.000000
/data/pdb_release/all/pdb1r69.ent 90.000000
/data/pdb_release/all/pdb2cro.ent 95.000000
/data/pdb_release/all/pdb1adr.ent 90.000000
/tmp/1lmb30 85.000000
/nfs/cathdata/dompdb/2yhx01 95.000000
/nfs/cathdata/dompdb/2bpfA1 95.000000
/nfs/cathdata/dompdb/1bgw03 90.000000
/nfs/cathdata/dompdb/1adt01 90.000000
/nfs/cathdata/dompdb/1glqA2 95.000000
/nfs/cathdata/dompdb/2gsrA2 95.000000
/nfs/cathdata/dompdb/1gssA2 95.000000
/data/pdb_release/all/pdb1erd.ent 45.000000
/nfs/cathdata/dompdb/1dtr02 65.000000
/tmp/1lccA0 75.000000
/nfs/cathdata/dompdb/1pnrA1 90.000000
/data/pdb_release/all/pdb1uxd.ent 75.000000
/nfs/cathdata/dompdb/2phlA1 50.000000
/nfs/cathdata/dompdb/2phlA4 70.000000
/tmp/6insE0 70.000000
/data/pdb_release/all/pdb2gf1.ent 70.000000
/data/pdb_release/all/pdb1igl.ent 45.000000
/data/pdb_release/all/pdb1bip.ent 90.000000
/data/pdb_release/all/pdb1c5a.ent 95.000000
/data/pdb_release/all/pdb1kjs.ent 95.000000
/tmp/1cmbA0 70.000000
/nfs/cathdata/dompdb/1gln03 90.000000
/nfs/cathdata/dompdb/1serA1 90.000000
/nfs/cathdata/dompdb/1bvp13 90.000000
/nfs/cathdata/dompdb/1dmb03 77.500000
/nfs/cathdata/dompdb/1dik02 70.000000
/nfs/cathdata/dompdb/9pap02 75.000000
/nfs/cathdata/dompdb/1aec02 90.000000
/nfs/cathdata/dompdb/1gecE2 95.000000
/nfs/cathdata/dompdb/2act02 90.000000
/nfs/cathdata/dompdb/1ppo02 70.000000
/nfs/cathdata/dompdb/1yal02 70.000000
/nfs/cathdata/dompdb/1theA2 70.000000
/nfs/cathdata/dompdb/1csbB1 70.000000
/nfs/cathdata/dompdb/2bltA2 70.000000
/data/pdb_release/all/pdb1utg.ent 95.000000
/data/pdb_release/all/pdb1ccd.ent 95.000000
/nfs/cathdata/dompdb/1ala01 90.000000
/nfs/cathdata/dompdb/1ann01 90.000000
/nfs/cathdata/dompdb/1ann02 95.000000
/tmp/1fliA0 75.000000
/data/pdb_release/all/pdb1etc.ent 75.000000
/tmp/1sttA0 77.500000
/data/pdb_release/all/pdb2hts.ent 90.000000
/data/pdb_release/all/pdb1hks.ent 50.000000
/data/pdb_release/all/pdb1enh.ent 70.000000
/data/pdb_release/all/pdb1ftz.ent 70.000000
/data/pdb_release/all/pdb1ftt.ent 75.000000
/tmp/1ahdP0 70.000000
/tmp/1fjlA0 70.000000
/data/pdb_release/all/pdb1vnd.ent 70.000000
/data/pdb_release/all/pdb1hdp.ent 70.000000
/data/pdb_release/all/pdb1ocp.ent 65.000000
/data/pdb_release/all/pdb1pog.ent 75.000000
/tmp/1yrnA0 70.000000
/tmp/1hcrA0 70.000000
/data/pdb_release/all/pdb1res.ent 70.000000
/data/pdb_release/all/pdb1lfb.ent 65.000000
/data/pdb_release/all/pdb2lfb.ent 70.000000
/tmp/1yrnB0 90.000000
/tmp/1fiaA0 90.000000
/data/pdb_release/all/pdb1mbe.ent 75.000000
/data/pdb_release/all/pdb1mbg.ent 75.000000
/data/pdb_release/all/pdb1mbj.ent 70.000000
/tmp/2wrpR0 95.000000
/nfs/cathdata/dompdb/2tct01 90.000000
/tmp/1bfmA0 70.000000
/tmp/1hryA0 70.000000
/data/pdb_release/all/pdb1hsm.ent 70.000000
/data/pdb_release/all/pdb1hma.ent 70.000000
/data/pdb_release/all/pdb1hme.ent 70.000000
/data/pdb_release/all/pdb1aab.ent 70.000000
/tmp/1trlA0 70.000000
/tmp/1mylA0 50.000000
/tmp/1parA0 50.000000
/tmp/1mntA0 90.000000
/data/pdb_release/all/pdb1lea.ent 70.000000
/tmp/1hstA0 77.500000
/data/pdb_release/all/pdb1ghc.ent 70.000000
/nfs/cathdata/dompdb/1dprA1 90.000000
/nfs/cathdata/dompdb/1bia01 70.000000
/nfs/cathdata/dompdb/1berA2 72.500000
/nfs/cathdata/dompdb/1pdnC1 70.000000
/nfs/cathdata/dompdb/1pdnC2 75.000000
