/tmp/2ltnB0 5.000000
/tmp/1lenB0 5.000000
/tmp/1lgcB0 0.000000
/nfs/cathdata/dompdb/1lyaB1 5.000000
/tmp/1aayA0 11.666667
/tmp/1ubdC0 16.666667
/tmp/1meyC0 13.333333
/tmp/2drpA0 23.333333
/tmp/1pyaA0 10.000000
/tmp/1hueA0 15.000000
/tmp/1wtuA0 41.666667
/tmp/1ihfA0 65.000000
/tmp/1ihfB0 66.666667
/nfs/cathdata/dompdb/1prcH1 43.333333
/nfs/cathdata/dompdb/1pcrH1 36.666667
/data/pdb_release/all/pdb4mt2.ent 0.000000
/data/pdb_release/all/pdb1tiv.ent 0.000000
/data/pdb_release/all/pdb1zaq.ent 0.000000
/data/pdb_release/all/pdb1iva.ent 0.000000
/data/pdb_release/all/pdb1agg.ent 0.000000
/data/pdb_release/all/pdb1cfh.ent 0.000000
/data/pdb_release/all/pdb1cfi.ent 0.000000
/data/pdb_release/all/pdb1aaf.ent 0.000000
/data/pdb_release/all/pdb2ech.ent 0.000000
/data/pdb_release/all/pdb1fvl.ent 0.000000
/data/pdb_release/all/pdb1kst.ent 33.333333
/tmp/1r0940 5.000000
/tmp/2plv40 35.000000
/tmp/1pvc40 38.333333
/tmp/1bbt40 10.000000
/tmp/1tme40 5.000000
/tmp/2mev40 5.000000
/tmp/1tabI0 0.000000
/data/pdb_release/all/pdb1pi2.ent 16.666667
/data/pdb_release/all/pdb1bbi.ent 63.333333
/nfs/cathdata/dompdb/1pcp01 5.000000
/nfs/cathdata/dompdb/2pspA2 5.000000
/nfs/cathdata/dompdb/1gcb01 76.666667
/nfs/cathdata/dompdb/1fieA2 80.000000
/nfs/cathdata/dompdb/1lgr01 75.000000
/nfs/cathdata/dompdb/1abbA1 93.333333
/nfs/cathdata/dompdb/1ygpA1 93.333333
/nfs/cathdata/dompdb/1pgd03 5.000000
/data/pdb_release/all/pdb1ldl.ent 0.000000
/data/pdb_release/all/pdb1ldr.ent 0.000000
/data/pdb_release/all/pdb1tap.ent 38.333333
/data/pdb_release/all/pdb5pti.ent 38.333333
/tmp/1aapA0 38.333333
/data/pdb_release/all/pdb1dtx.ent 38.333333
/data/pdb_release/all/pdb1dtk.ent 38.333333
/data/pdb_release/all/pdb1shp.ent 38.333333
/tmp/1brbI0 35.000000
/data/pdb_release/all/pdb1knt.ent 38.333333
/data/pdb_release/all/pdb1dem.ent 35.000000
/tmp/1bunB0 35.000000
/data/pdb_release/all/pdb1hnr.ent 5.000000
/tmp/1mhlA0 10.000000
/nfs/cathdata/dompdb/1gal02 10.000000
/nfs/cathdata/dompdb/1inp01 10.000000
/nfs/cathdata/dompdb/1rtc02 40.000000
/nfs/cathdata/dompdb/1apa02 41.666667
/nfs/cathdata/dompdb/1pafA2 48.333333
/nfs/cathdata/dompdb/1mrg02 40.000000
/nfs/cathdata/dompdb/1mrj02 43.333333
/nfs/cathdata/dompdb/1abrA2 43.333333
/tmp/1isuA0 5.000000
/data/pdb_release/all/pdb1hip.ent 23.333333
/tmp/2hipA0 33.333333
/data/pdb_release/all/pdb1hpi.ent 21.666667
/data/pdb_release/all/pdb1bbo.ent 6.666667
/nfs/cathdata/dompdb/1adt02 63.333333
/tmp/1abmA0 58.333333
/tmp/1idsA0 58.333333
/tmp/1isaA0 56.666667
/nfs/cathdata/dompdb/1vsgA1 35.000000
/tmp/1hmpA0 75.000000
/nfs/cathdata/dompdb/1adeA3 58.333333
/nfs/cathdata/dompdb/1qorA1 78.333333
/nfs/cathdata/dompdb/3btoA1 78.333333
/nfs/cathdata/dompdb/1dehA1 78.333333
/nfs/cathdata/dompdb/1cdoA1 75.000000
/nfs/cathdata/dompdb/1tehA1 71.666667
/nfs/cathdata/dompdb/1agnA1 78.333333
/tmp/1yptA0 71.666667
/data/pdb_release/all/pdb2hnp.ent 78.333333
/nfs/cathdata/dompdb/1yfoA1 81.666667
/tmp/1vhrA0 58.333333
/data/pdb_release/all/pdb1gpc.ent 68.333333
/nfs/cathdata/dompdb/1bgw05 70.000000
/nfs/cathdata/dompdb/1jetA1 65.000000
/nfs/cathdata/dompdb/1glaG1 78.333333
/nfs/cathdata/dompdb/1hgeA1 90.000000
/tmp/1ltsA0 66.666667
/tmp/1xtcA0 66.666667
/tmp/1tiiA0 55.000000
/tmp/1prtA0 71.666667
/nfs/cathdata/dompdb/1admA2 63.333333
/nfs/cathdata/dompdb/1chmA2 75.000000
/data/pdb_release/all/pdb1mat.ent 83.333333
/data/pdb_release/all/pdb1pbn.ent 70.000000
/data/pdb_release/all/pdb1ula.ent 73.333333
/tmp/1ecpA0 78.333333
/nfs/cathdata/dompdb/1dhx03 66.666667
/data/pdb_release/all/pdb2cyr.ent 40.000000
/data/pdb_release/all/pdb1wad.ent 11.666667
/data/pdb_release/all/pdb1czj.ent 41.666667
/tmp/1htmB0 11.666667
/nfs/cathdata/dompdb/1berA1 75.000000
/nfs/cathdata/dompdb/1dhx02 35.000000
/nfs/cathdata/dompdb/1gln02 63.333333
/nfs/cathdata/dompdb/1gtrA2 58.333333
/nfs/cathdata/dompdb/1prcH2 53.333333
/nfs/cathdata/dompdb/4rcrH2 38.333333
/nfs/cathdata/dompdb/1oxa01 53.333333
/nfs/cathdata/dompdb/1cpt01 66.666667
/nfs/cathdata/dompdb/1gcb02 43.333333
/data/pdb_release/all/pdb1mut.ent 53.333333
/data/pdb_release/all/pdb1pyp.ent 65.000000
/data/pdb_release/all/pdb2prd.ent 90.000000
/tmp/1eipA0 90.000000
/nfs/cathdata/dompdb/1ordA4 51.666667
/nfs/cathdata/dompdb/2cmd02 55.000000
/nfs/cathdata/dompdb/1mldA2 55.000000
/nfs/cathdata/dompdb/6ldh02 58.333333
/nfs/cathdata/dompdb/1llc02 66.666667
/nfs/cathdata/dompdb/1lldA2 43.333333
/nfs/cathdata/dompdb/2ldx02 58.333333
/nfs/cathdata/dompdb/3ldh02 35.000000
/nfs/cathdata/dompdb/5ldh02 45.000000
/nfs/cathdata/dompdb/9ldtA2 55.000000
/nfs/cathdata/dompdb/1ldb02 58.333333
/nfs/cathdata/dompdb/1hyhA2 55.000000
/nfs/cathdata/dompdb/4mdhA2 53.333333
/nfs/cathdata/dompdb/1bdmA2 55.000000
/nfs/cathdata/dompdb/1dctA2 26.666667
/tmp/1regX0 75.000000
/nfs/cathdata/dompdb/2bltA1 80.000000
/data/pdb_release/all/pdb1xaa.ent 66.666667
/data/pdb_release/all/pdb1xac.ent 66.666667
/tmp/1alkA0 78.333333
/data/pdb_release/all/pdb1lpp.ent 65.000000
/data/pdb_release/all/pdb1thg.ent 75.000000
/tmp/1cleA0 68.333333
/data/pdb_release/all/pdb1ace.ent 75.000000
/nfs/cathdata/dompdb/3ladA2 85.000000
/nfs/cathdata/dompdb/1lpfA2 65.000000
/nfs/cathdata/dompdb/1lvl02 60.000000
/nfs/cathdata/dompdb/1ebdA2 81.666667
/nfs/cathdata/dompdb/2tmdA3 78.333333
/nfs/cathdata/dompdb/1gerA2 75.000000
/nfs/cathdata/dompdb/1gesA2 75.000000
/nfs/cathdata/dompdb/3grs02 75.000000
/nfs/cathdata/dompdb/1tde02 78.333333
/nfs/cathdata/dompdb/1vdc02 78.333333
/nfs/cathdata/dompdb/1fecB2 75.000000
/nfs/cathdata/dompdb/1nhr02 73.333333
/nfs/cathdata/dompdb/1fcdA2 83.333333
/tmp/1pyaB0 85.000000
/nfs/cathdata/dompdb/1dik03 70.000000
/nfs/cathdata/dompdb/1aorA1 85.000000
/tmp/2dnjA0 88.333333
/tmp/1fjmA0 80.000000
/tmp/1tcoA0 73.333333
/nfs/cathdata/dompdb/1gph11 83.333333
/data/pdb_release/all/pdb1plq.ent 85.000000
/data/pdb_release/all/pdb1bnh.ent 31.666667
/data/pdb_release/all/pdb1cy3.ent 5.000000
/tmp/1cthA0 15.000000
/data/pdb_release/all/pdb2cdv.ent 15.000000
/nfs/cathdata/dompdb/1trkA1 61.666667
/tmp/1rvaA0 85.000000
/nfs/cathdata/dompdb/1atnA1 75.000000
/nfs/cathdata/dompdb/2btfA1 73.333333
/nfs/cathdata/dompdb/1olbA2 58.333333
/data/pdb_release/all/pdb2ctc.ent 71.666667
/data/pdb_release/all/pdb1amp.ent 73.333333
/nfs/cathdata/dompdb/1lam02 73.333333
/nfs/cathdata/dompdb/1tplA2 68.333333
/nfs/cathdata/dompdb/1dgd02 65.000000
/nfs/cathdata/dompdb/1aam02 43.333333
/nfs/cathdata/dompdb/1akaA2 61.666667
/nfs/cathdata/dompdb/2cstA2 61.666667
/nfs/cathdata/dompdb/1ordA2 63.333333
/data/pdb_release/all/pdb1rpa.ent 56.666667
/data/pdb_release/all/pdb1esc.ent 53.333333
/nfs/cathdata/dompdb/1gpb02 61.666667
/nfs/cathdata/dompdb/1ygpA2 61.666667
/tmp/1deaA0 66.666667
/tmp/1thtA0 70.000000
/tmp/1tahA0 70.000000
/tmp/1oilA0 68.333333
/nfs/cathdata/dompdb/1hplA1 73.333333
/nfs/cathdata/dompdb/1lpbB1 76.666667
/tmp/1ethA0 93.333333
/data/pdb_release/all/pdb1gpl.ent 96.666667
/data/pdb_release/all/pdb1tca.ent 55.000000
/data/pdb_release/all/pdb1ede.ent 66.666667
/data/pdb_release/all/pdb1ysc.ent 76.666667
/nfs/cathdata/dompdb/1asyA2 71.666667
/nfs/cathdata/dompdb/1lylA2 78.333333
/nfs/cathdata/dompdb/1serA2 78.333333
/data/pdb_release/all/pdb3pte.ent 86.666667
/nfs/cathdata/dompdb/1abrA1 85.000000
/nfs/cathdata/dompdb/1ahc01 90.000000
/nfs/cathdata/dompdb/1mrj01 81.666667
/nfs/cathdata/dompdb/1apa01 78.333333
/nfs/cathdata/dompdb/1pafA1 81.666667
/tmp/4dfrA0 63.333333
/data/pdb_release/all/pdb3dfr.ent 66.666667
/data/pdb_release/all/pdb8dfr.ent 60.000000
/data/pdb_release/all/pdb1drf.ent 60.000000
/data/pdb_release/all/pdb1dyr.ent 56.666667
/nfs/cathdata/dompdb/1adeA1 78.333333
/nfs/cathdata/dompdb/3pmgA1 78.333333
/data/pdb_release/all/pdb1udg.ent 65.000000
/nfs/cathdata/dompdb/3pgk02 61.666667
/nfs/cathdata/dompdb/1php02 66.666667
/nfs/cathdata/dompdb/1gpmA1 96.666667
/nfs/cathdata/dompdb/1powA3 58.333333
/nfs/cathdata/dompdb/1pvdA3 51.666667
/nfs/cathdata/dompdb/1pvdA1 61.666667
/nfs/cathdata/dompdb/1powA1 61.666667
/nfs/cathdata/dompdb/1trkA2 45.000000
/nfs/cathdata/dompdb/1tyaE1 55.000000
/nfs/cathdata/dompdb/2tysB2 66.666667
/nfs/cathdata/dompdb/1minA1 61.666667
/nfs/cathdata/dompdb/1mioA1 61.666667
/nfs/cathdata/dompdb/3ecaA1 81.666667
/nfs/cathdata/dompdb/1agx01 78.333333
/nfs/cathdata/dompdb/3pga11 66.666667
/tmp/1wsaA0 85.000000
/tmp/1nbaA0 61.666667
/nfs/cathdata/dompdb/2reb01 70.000000
/tmp/1smnA0 71.666667
/tmp/1eriA0 71.666667
/nfs/cathdata/dompdb/1lvl01 71.666667
/nfs/cathdata/dompdb/1ebdA1 81.666667
/nfs/cathdata/dompdb/1gal01 81.666667
/nfs/cathdata/dompdb/1fcdA1 66.666667
/nfs/cathdata/dompdb/1coy01 83.333333
/nfs/cathdata/dompdb/1pbe01 81.666667
/nfs/cathdata/dompdb/1aa8A1 73.333333
/nfs/cathdata/dompdb/1dob02 70.000000
/data/pdb_release/all/pdb1cge.ent 65.000000
/data/pdb_release/all/pdb1mnc.ent 63.333333
/data/pdb_release/all/pdb1srt.ent 63.333333
/nfs/cathdata/dompdb/1fbl01 63.333333
/data/pdb_release/all/pdb1mmq.ent 63.333333
/data/pdb_release/all/pdb1slm.ent 63.333333
/tmp/1atlA0 55.000000
/data/pdb_release/all/pdb1iag.ent 55.000000
/nfs/cathdata/dompdb/1kapP2 63.333333
/nfs/cathdata/dompdb/1sat02 63.333333
/data/pdb_release/all/pdb1iab.ent 66.666667
/nfs/cathdata/dompdb/1lcf01 60.000000
/nfs/cathdata/dompdb/1ovt01 58.333333
/nfs/cathdata/dompdb/1ovt03 60.000000
/nfs/cathdata/dompdb/1nnt01 26.666667
/nfs/cathdata/dompdb/1tfd01 43.333333
/nfs/cathdata/dompdb/1lcf03 58.333333
/nfs/cathdata/dompdb/1dot01 55.000000
/nfs/cathdata/dompdb/1dot03 61.666667
/nfs/cathdata/dompdb/1quk01 70.000000
/nfs/cathdata/dompdb/1sbp01 60.000000
/nfs/cathdata/dompdb/1dmb01 55.000000
/nfs/cathdata/dompdb/1pot01 51.666667
/nfs/cathdata/dompdb/3sc2A1 70.000000
/nfs/cathdata/dompdb/1rtc01 85.000000
/tmp/1pviA0 61.666667
/nfs/cathdata/dompdb/1bllE1 73.333333
/nfs/cathdata/dompdb/1scuB3 70.000000
/nfs/cathdata/dompdb/1ora01 50.000000
/nfs/cathdata/dompdb/1ora02 43.333333
/nfs/cathdata/dompdb/2glt01 81.666667
/nfs/cathdata/dompdb/1ttqB1 51.666667
/data/pdb_release/all/pdb3pgm.ent 33.333333
/nfs/cathdata/dompdb/1gtrA1 66.666667
/nfs/cathdata/dompdb/1gln01 50.000000
/tmp/1dsbA0 43.333333
/tmp/1gp1A0 55.000000
/nfs/cathdata/dompdb/1chmA1 73.333333
/nfs/cathdata/dompdb/1scuB1 58.333333
/nfs/cathdata/dompdb/1mla02 46.666667
/nfs/cathdata/dompdb/1glaG2 71.666667
/nfs/cathdata/dompdb/1ami01 68.333333
/data/pdb_release/all/pdb1ak2.ent 51.666667
/tmp/1ak3A0 65.000000
/tmp/1akeA0 65.000000
/data/pdb_release/all/pdb1aky.ent 48.333333
/data/pdb_release/all/pdb3adk.ent 51.666667
/data/pdb_release/all/pdb1ukz.ent 50.000000
/data/pdb_release/all/pdb1ukd.ent 51.666667
/nfs/cathdata/dompdb/2tmdA2 45.000000
/nfs/cathdata/dompdb/1nhp01 81.666667
/nfs/cathdata/dompdb/1trb01 66.666667
/nfs/cathdata/dompdb/1vdc01 53.333333
/nfs/cathdata/dompdb/1typA1 70.000000
/nfs/cathdata/dompdb/1gesA1 68.333333
/nfs/cathdata/dompdb/3grs01 71.666667
/nfs/cathdata/dompdb/3ladA1 66.666667
/nfs/cathdata/dompdb/1lpfA1 65.000000
/nfs/cathdata/dompdb/1pfkA2 51.666667
/nfs/cathdata/dompdb/3pfk02 51.666667
/nfs/cathdata/dompdb/3pgk01 45.000000
/nfs/cathdata/dompdb/1php01 43.333333
/nfs/cathdata/dompdb/3pmgA3 70.000000
/tmp/2rslA0 58.333333
/tmp/1gdtA0 61.666667
/nfs/cathdata/dompdb/1ctt02 76.666667
/nfs/cathdata/dompdb/1ctt01 58.333333
/tmp/1whtB0 70.000000
/nfs/cathdata/dompdb/1trkA3 56.666667
/nfs/cathdata/dompdb/1dmb02 55.000000
/nfs/cathdata/dompdb/1pda02 45.000000
/nfs/cathdata/dompdb/1hslA2 73.333333
/nfs/cathdata/dompdb/1lst02 60.000000
/nfs/cathdata/dompdb/1pbp02 46.666667
/nfs/cathdata/dompdb/1sbp02 45.000000
/data/pdb_release/all/pdb1ovb.ent 48.333333
/nfs/cathdata/dompdb/1lcf02 43.333333
/nfs/cathdata/dompdb/1lcf04 53.333333
/nfs/cathdata/dompdb/1ovt02 48.333333
/nfs/cathdata/dompdb/1ovt04 60.000000
/nfs/cathdata/dompdb/1tfd02 53.333333
/nfs/cathdata/dompdb/1dot04 11.666667
/nfs/cathdata/dompdb/1poy12 65.000000
/nfs/cathdata/dompdb/1inp03 63.333333
/nfs/cathdata/dompdb/1imbA2 40.000000
/nfs/cathdata/dompdb/1fbcA2 36.666667
/nfs/cathdata/dompdb/1ftaA2 40.000000
/nfs/cathdata/dompdb/1spiA2 46.666667
/nfs/cathdata/dompdb/1pda01 66.666667
/nfs/cathdata/dompdb/1hslA1 40.000000
/nfs/cathdata/dompdb/1lst01 43.333333
/nfs/cathdata/dompdb/2ldx01 61.666667
/nfs/cathdata/dompdb/3ldh01 61.666667
/nfs/cathdata/dompdb/5ldh01 40.000000
/nfs/cathdata/dompdb/9ldtA1 63.333333
/data/pdb_release/all/pdb5nll.ent 61.666667
/data/pdb_release/all/pdb2fx2.ent 66.666667
/data/pdb_release/all/pdb1ofv.ent 63.333333
/data/pdb_release/all/pdb2fcr.ent 58.333333
/data/pdb_release/all/pdb1rcf.ent 60.000000
/tmp/1lfaA0 61.666667
/data/pdb_release/all/pdb1ido.ent 60.000000
/nfs/cathdata/dompdb/1pfkA1 70.000000
/nfs/cathdata/dompdb/3pfk01 70.000000
/data/pdb_release/all/pdb1cus.ent 61.666667
/data/pdb_release/all/pdb1dad.ent 61.666667
/data/pdb_release/all/pdb1tib.ent 76.666667
/data/pdb_release/all/pdb3tgl.ent 73.333333
/tmp/1lgyA0 73.333333
/data/pdb_release/all/pdb1vid.ent 73.333333
/data/pdb_release/all/pdb1pdo.ent 58.333333
/nfs/cathdata/dompdb/1gpmA2 55.000000
/nfs/cathdata/dompdb/1dnpA1 58.333333
/nfs/cathdata/dompdb/1bgw02 58.333333
/nfs/cathdata/dompdb/1guhA1 51.666667
/nfs/cathdata/dompdb/1glqA1 60.000000
/nfs/cathdata/dompdb/2gsq01 51.666667
/nfs/cathdata/dompdb/2gsrA1 61.666667
/nfs/cathdata/dompdb/1gssA1 63.333333
/nfs/cathdata/dompdb/2gstA1 63.333333
/nfs/cathdata/dompdb/1gta01 43.333333
/nfs/cathdata/dompdb/1hna01 60.000000
/nfs/cathdata/dompdb/3pmgA2 56.666667
/data/pdb_release/all/pdb1lba.ent 55.000000
/tmp/1meeA0 78.333333
/nfs/cathdata/dompdb/1ordA1 58.333333
/data/pdb_release/all/pdb1ntr.ent 48.333333
/nfs/cathdata/dompdb/1gdhA2 58.333333
/nfs/cathdata/dompdb/2nacA2 58.333333
/nfs/cathdata/dompdb/2dldA2 61.666667
/nfs/cathdata/dompdb/2dldA1 45.000000
/nfs/cathdata/dompdb/1scuB2 60.000000
/nfs/cathdata/dompdb/1scuA1 66.666667
/nfs/cathdata/dompdb/1scuA2 65.000000
/data/pdb_release/all/pdb1phr.ent 58.333333
/nfs/cathdata/dompdb/1bmtA2 65.000000
/tmp/1iceA0 58.333333
/data/pdb_release/all/pdb1etu.ent 70.000000
/nfs/cathdata/dompdb/1eft01 66.666667
/data/pdb_release/all/pdb5p21.ent 63.333333
/tmp/1guaA0 63.333333
/tmp/1hurA0 66.666667
/tmp/1nipA0 58.333333
/nfs/cathdata/dompdb/1gky02 58.333333
/nfs/cathdata/dompdb/1dar01 81.666667
/nfs/cathdata/dompdb/1raaA1 61.666667
/nfs/cathdata/dompdb/1raaA2 60.000000
/nfs/cathdata/dompdb/2atcA2 16.666667
/nfs/cathdata/dompdb/4mdhA1 61.666667
/nfs/cathdata/dompdb/1bdmA1 61.666667
/nfs/cathdata/dompdb/2cmd01 61.666667
/nfs/cathdata/dompdb/1mldA1 61.666667
/nfs/cathdata/dompdb/1hyhA1 63.333333
/nfs/cathdata/dompdb/6ldh01 63.333333
/nfs/cathdata/dompdb/1ldb01 58.333333
/nfs/cathdata/dompdb/1llc01 16.666667
/nfs/cathdata/dompdb/1lldA1 63.333333
/nfs/cathdata/dompdb/1bdhA3 48.333333
/nfs/cathdata/dompdb/1tlfA2 58.333333
/nfs/cathdata/dompdb/1dbp01 61.666667
/data/pdb_release/all/pdb3chy.ent 58.333333
/nfs/cathdata/dompdb/1abe01 61.666667
/nfs/cathdata/dompdb/1gdhA1 58.333333
/nfs/cathdata/dompdb/1gca01 61.666667
/nfs/cathdata/dompdb/1gdd01 70.000000
/nfs/cathdata/dompdb/1tadA1 70.000000
/nfs/cathdata/dompdb/1gotA1 66.666667
/nfs/cathdata/dompdb/1gd1O1 75.000000
/nfs/cathdata/dompdb/4gpd11 70.000000
/nfs/cathdata/dompdb/1cerO1 66.666667
/nfs/cathdata/dompdb/1gadO1 70.000000
/nfs/cathdata/dompdb/1gypA1 70.000000
/nfs/cathdata/dompdb/1hdgO1 63.333333
/nfs/cathdata/dompdb/2lbp02 70.000000
/nfs/cathdata/dompdb/2liv02 66.666667
/nfs/cathdata/dompdb/2lbp01 61.666667
/nfs/cathdata/dompdb/2liv01 65.000000
/nfs/cathdata/dompdb/1pea02 65.000000
/nfs/cathdata/dompdb/1pea01 61.666667
/nfs/cathdata/dompdb/1ecl01 50.000000
/nfs/cathdata/dompdb/1admA1 78.333333
/nfs/cathdata/dompdb/1dctA1 73.333333
/nfs/cathdata/dompdb/1hmy01 73.333333
/tmp/1garA0 78.333333
/data/pdb_release/all/pdb1chd.ent 81.666667
/data/pdb_release/all/pdb1thm.ent 81.666667
/tmp/1cseE0 78.333333
/data/pdb_release/all/pdb1st3.ent 78.333333
/data/pdb_release/all/pdb2pkc.ent 78.333333
/data/pdb_release/all/pdb1s01.ent 75.000000
/nfs/cathdata/dompdb/1poxA2 63.333333
/nfs/cathdata/dompdb/1pvdA2 75.000000
/nfs/cathdata/dompdb/2pia02 58.333333
/nfs/cathdata/dompdb/1fnb02 58.333333
/nfs/cathdata/dompdb/1que02 55.000000
/nfs/cathdata/dompdb/1cnd02 58.333333
/nfs/cathdata/dompdb/1ndh02 73.333333
/nfs/cathdata/dompdb/1gph12 51.666667
/nfs/cathdata/dompdb/1ecgA2 61.666667
/data/pdb_release/all/pdb1sto.ent 70.000000
/nfs/cathdata/dompdb/2bgt02 58.333333
/nfs/cathdata/dompdb/2bgt01 70.000000
/nfs/cathdata/dompdb/2nacA1 61.666667
/data/pdb_release/all/pdb1dhr.ent 66.666667
/tmp/1hdcA0 61.666667
/data/pdb_release/all/pdb1eny.ent 56.666667
/nfs/cathdata/dompdb/1psdA1 41.666667
/nfs/cathdata/dompdb/1psdA2 61.666667
/nfs/cathdata/dompdb/1qorA2 61.666667
/nfs/cathdata/dompdb/3btoA2 56.666667
/nfs/cathdata/dompdb/1dehA2 58.333333
/nfs/cathdata/dompdb/1cdoA2 61.666667
/nfs/cathdata/dompdb/1tehA2 55.000000
/nfs/cathdata/dompdb/1agnA2 58.333333
/nfs/cathdata/dompdb/1dih01 61.666667
/nfs/cathdata/dompdb/2pgd01 56.666667
/nfs/cathdata/dompdb/1dpgA1 58.333333
/nfs/cathdata/dompdb/1dbqA1 61.666667
/nfs/cathdata/dompdb/1tlfA1 61.666667
/nfs/cathdata/dompdb/2dri02 61.666667
/nfs/cathdata/dompdb/1gca02 61.666667
/nfs/cathdata/dompdb/2gbp02 55.000000
/nfs/cathdata/dompdb/8abp02 70.000000
/data/pdb_release/all/pdb1ghu.ent 53.333333
/nfs/cathdata/dompdb/1ad5A2 53.333333
/tmp/1ayaA0 53.333333
/tmp/2pldA0 53.333333
/data/pdb_release/all/pdb1svq.ent 85.000000
/data/pdb_release/all/pdb1vil.ent 40.000000
/data/pdb_release/all/pdb1aba.ent 40.000000
/data/pdb_release/all/pdb1ego.ent 55.000000
/tmp/2trxA0 63.333333
/data/pdb_release/all/pdb1thx.ent 60.000000
/data/pdb_release/all/pdb3trx.ent 58.333333
/data/pdb_release/all/pdb1tof.ent 63.333333
/nfs/cathdata/dompdb/1pxtA1 51.666667
/nfs/cathdata/dompdb/1pxtA2 56.666667
/nfs/cathdata/dompdb/2yhx02 56.666667
/nfs/cathdata/dompdb/1dik01 45.000000
/nfs/cathdata/dompdb/2minA3 61.666667
/nfs/cathdata/dompdb/1mioA3 58.333333
/nfs/cathdata/dompdb/2minB2 38.333333
/nfs/cathdata/dompdb/2minB3 61.666667
/nfs/cathdata/dompdb/1mioB2 51.666667
/nfs/cathdata/dompdb/1mioB4 61.666667
/nfs/cathdata/dompdb/2minA2 43.333333
/nfs/cathdata/dompdb/1mioA2 51.666667
/nfs/cathdata/dompdb/2minB1 46.666667
/nfs/cathdata/dompdb/1mioB1 43.333333
/nfs/cathdata/dompdb/1iow01 53.333333
/nfs/cathdata/dompdb/1bncA1 61.666667
/nfs/cathdata/dompdb/3ecaA2 58.333333
/nfs/cathdata/dompdb/1agx02 55.000000
/nfs/cathdata/dompdb/3pga12 58.333333
/nfs/cathdata/dompdb/1pkyA1 66.666667
/nfs/cathdata/dompdb/1pkm01 70.000000
/nfs/cathdata/dompdb/1hsbA1 80.000000
/nfs/cathdata/dompdb/2clrA1 80.000000
/nfs/cathdata/dompdb/1mhcA1 83.333333
/tmp/1tmcA0 81.666667
/nfs/cathdata/dompdb/1fruA1 83.333333
/nfs/cathdata/dompdb/1tssA1 78.333333
/nfs/cathdata/dompdb/1se202 73.333333
/nfs/cathdata/dompdb/1sebD2 65.000000
/nfs/cathdata/dompdb/1esfA2 85.000000
/data/pdb_release/all/pdb1vhh.ent 70.000000
/nfs/cathdata/dompdb/3pmgA4 80.000000
/nfs/cathdata/dompdb/1imbA1 75.000000
/nfs/cathdata/dompdb/5fbpA1 96.666667
/nfs/cathdata/dompdb/1ftaA1 93.333333
/nfs/cathdata/dompdb/1spiA1 81.666667
/nfs/cathdata/dompdb/1inp02 70.000000
/nfs/cathdata/dompdb/1gd1O2 78.333333
/nfs/cathdata/dompdb/4gpd12 61.666667
/nfs/cathdata/dompdb/1cerO2 66.666667
/nfs/cathdata/dompdb/1gadO2 81.666667
/nfs/cathdata/dompdb/1gypA2 70.000000
/nfs/cathdata/dompdb/1hdgO2 73.333333
/data/pdb_release/all/pdb1cia.ent 80.000000
/nfs/cathdata/dompdb/1gal03 71.666667
/nfs/cathdata/dompdb/1dpgA2 96.666667
/data/pdb_release/all/pdb1dpb.ent 66.666667
/data/pdb_release/all/pdb1adn.ent 43.333333
/data/pdb_release/all/pdb2pna.ent 56.666667
/data/pdb_release/all/pdb1ab2.ent 40.000000
/tmp/1shaA0 60.000000
/tmp/1lcjA0 53.333333
/tmp/1csyA0 36.666667
/data/pdb_release/all/pdb1blj.ent 53.333333
/data/pdb_release/all/pdb1fim.ent 66.666667
/tmp/1mifA0 73.333333
/tmp/1kptA0 66.666667
/nfs/cathdata/dompdb/1dja01 81.666667
/nfs/cathdata/dompdb/1mblA1 85.000000
/nfs/cathdata/dompdb/1btl01 75.000000
/data/pdb_release/all/pdb2phy.ent 68.333333
/data/pdb_release/all/pdb1fil.ent 86.666667
/data/pdb_release/all/pdb1pne.ent 83.333333
/data/pdb_release/all/pdb1acf.ent 80.000000
/data/pdb_release/all/pdb2acg.ent 83.333333
/data/pdb_release/all/pdb1cqa.ent 76.666667
/nfs/cathdata/dompdb/1pnkB1 70.000000
/nfs/cathdata/dompdb/1oacA1 81.666667
/tmp/1otgA0 53.333333
/nfs/cathdata/dompdb/1ami02 45.000000
/nfs/cathdata/dompdb/1bpb02 70.000000
/nfs/cathdata/dompdb/9icwA3 81.666667
/nfs/cathdata/dompdb/1daaA1 61.666667
/nfs/cathdata/dompdb/1iov02 63.333333
/nfs/cathdata/dompdb/1glt02 73.333333
/tmp/1gtqA0 53.333333
/nfs/cathdata/dompdb/1bia02 75.000000
/nfs/cathdata/dompdb/1antI2 61.666667
/nfs/cathdata/dompdb/1hleA2 68.333333
/nfs/cathdata/dompdb/1ovaA2 63.333333
/nfs/cathdata/dompdb/2achA1 68.333333
/nfs/cathdata/dompdb/7apiA2 65.000000
/nfs/cathdata/dompdb/1pnkB2 73.333333
/nfs/cathdata/dompdb/1ami03 53.333333
/nfs/cathdata/dompdb/1hocA1 80.000000
/nfs/cathdata/dompdb/1hsaA1 85.000000
/nfs/cathdata/dompdb/1vaaA1 80.000000
/nfs/cathdata/dompdb/1dik06 58.333333
/nfs/cathdata/dompdb/1mdl01 58.333333
/nfs/cathdata/dompdb/4enl01 51.666667
/nfs/cathdata/dompdb/1pdz01 55.000000
/nfs/cathdata/dompdb/1nhp03 68.333333
/nfs/cathdata/dompdb/3ladA3 63.333333
/nfs/cathdata/dompdb/1lpfA3 70.000000
/nfs/cathdata/dompdb/1lvl03 63.333333
/nfs/cathdata/dompdb/1ebdA3 63.333333
/nfs/cathdata/dompdb/1tytA3 73.333333
/nfs/cathdata/dompdb/1gesA3 60.000000
/nfs/cathdata/dompdb/3grs03 68.333333
/nfs/cathdata/dompdb/1irk01 81.666667
/nfs/cathdata/dompdb/1apmE2 68.333333
/nfs/cathdata/dompdb/1ckiA1 85.000000
/nfs/cathdata/dompdb/1csn01 85.000000
/nfs/cathdata/dompdb/1coy02 70.000000
/nfs/cathdata/dompdb/1rthA4 70.000000
/tmp/1hrhA0 70.000000
/data/pdb_release/all/pdb2rn2.ent 66.666667
/data/pdb_release/all/pdb1ril.ent 70.000000
/tmp/1hjrA0 73.333333
/data/pdb_release/all/pdb1itg.ent 53.333333
/data/pdb_release/all/pdb1asu.ent 53.333333
/nfs/cathdata/dompdb/1bcmA1 56.666667
/nfs/cathdata/dompdb/1atr03 66.666667
/nfs/cathdata/dompdb/1atnA2 51.666667
/nfs/cathdata/dompdb/2btfA2 55.000000
/nfs/cathdata/dompdb/2yhx03 73.333333
/nfs/cathdata/dompdb/1atr01 76.666667
/nfs/cathdata/dompdb/1mngA2 55.000000
/nfs/cathdata/dompdb/3sdpA2 10.000000
/tmp/1kpaA0 70.000000
/nfs/cathdata/dompdb/1bpb03 10.000000
/nfs/cathdata/dompdb/1pkp02 50.000000
/nfs/cathdata/dompdb/1dar04 66.666667
/tmp/1copD0 51.666667
/data/pdb_release/all/pdb1orc.ent 60.000000
/nfs/cathdata/dompdb/2reb02 40.000000
/nfs/cathdata/dompdb/1derA2 65.000000
/tmp/1iceB0 10.000000
/tmp/2kauA0 36.666667
/nfs/cathdata/dompdb/1gpmA3 63.333333
/nfs/cathdata/dompdb/1mxa03 63.333333
/nfs/cathdata/dompdb/1mxa01 53.333333
/nfs/cathdata/dompdb/1mxa02 55.000000
/nfs/cathdata/dompdb/1xrb02 50.000000
/nfs/cathdata/dompdb/1ytbA2 70.000000
/nfs/cathdata/dompdb/1tghA2 73.333333
/nfs/cathdata/dompdb/1vokA2 70.000000
/nfs/cathdata/dompdb/1tbpA1 78.333333
/nfs/cathdata/dompdb/1tghA1 76.666667
/nfs/cathdata/dompdb/1vokA1 76.666667
/nfs/cathdata/dompdb/1pczA1 85.000000
/nfs/cathdata/dompdb/1pczA2 53.333333
/nfs/cathdata/dompdb/1bmc02 81.666667
/nfs/cathdata/dompdb/1sebA1 63.333333
/nfs/cathdata/dompdb/1sebB1 55.000000
/tmp/2sicI0 70.000000
/nfs/cathdata/dompdb/1dih02 70.000000
/tmp/1brsD0 46.666667
/data/pdb_release/all/pdb1msc.ent 90.000000
/tmp/1unaA0 96.666667
/nfs/cathdata/dompdb/1chkA2 16.666667
/nfs/cathdata/dompdb/1svb03 50.000000
/nfs/cathdata/dompdb/1oacA4 68.333333
/tmp/1latA0 10.000000
/tmp/2nllA0 10.000000
/tmp/2nllB0 13.333333
/data/pdb_release/all/pdb1tns.ent 15.000000
/data/pdb_release/all/pdb1ife.ent 6.666667
/data/pdb_release/all/pdb1tig.ent 73.333333
/nfs/cathdata/dompdb/1hpm04 45.000000
/nfs/cathdata/dompdb/1bncA2 10.000000
/nfs/cathdata/dompdb/1iow03 48.333333
/nfs/cathdata/dompdb/1glt03 50.000000
/tmp/1humA0 55.000000
/tmp/1hrjA0 18.333333
/tmp/1domA0 35.000000
/tmp/1plfA0 35.000000
/tmp/1mgsA0 48.333333
/data/pdb_release/all/pdb3il8.ent 48.333333
/tmp/1rhpA0 35.000000
/tmp/1napA0 51.666667
/tmp/1rodA0 21.666667
/data/pdb_release/all/pdb1stu.ent 56.666667
/nfs/cathdata/dompdb/1pkp01 51.666667
/nfs/cathdata/dompdb/1pda03 58.333333
/data/pdb_release/all/pdb1ncs.ent 5.000000
/tmp/1cksA0 10.000000
/tmp/1sceA0 10.000000
/tmp/1dktA0 48.333333
/tmp/1rblM0 51.666667
/tmp/3rubS0 51.666667
/tmp/8rubS0 51.666667
/tmp/8rucI0 51.666667
/tmp/1burS0 51.666667
/nfs/cathdata/dompdb/1amg02 60.000000
/nfs/cathdata/dompdb/1amy02 70.000000
/data/pdb_release/all/pdb1zer.ent 51.666667
/data/pdb_release/all/pdb1aps.ent 73.333333
/tmp/2bopA0 70.000000
/data/pdb_release/all/pdb2pii.ent 66.666667
/tmp/2chsA0 73.333333
/nfs/cathdata/dompdb/8atcB1 73.333333
/nfs/cathdata/dompdb/2atcB1 5.000000
/tmp/1nhkL0 46.666667
/data/pdb_release/all/pdb1ndk.ent 46.666667
/tmp/1nsqA0 46.666667
/tmp/1nskL0 48.333333
/nfs/cathdata/dompdb/1rbaA1 66.666667
/nfs/cathdata/dompdb/3rubL1 63.333333
/nfs/cathdata/dompdb/8rucA1 60.000000
/nfs/cathdata/dompdb/1rblA1 63.333333
/nfs/cathdata/dompdb/1ars01 18.333333
/nfs/cathdata/dompdb/7aatA1 18.333333
/nfs/cathdata/dompdb/2cstA1 18.333333
/nfs/cathdata/dompdb/1ordA3 43.333333
/nfs/cathdata/dompdb/2dkb01 58.333333
/nfs/cathdata/dompdb/1tplA1 41.666667
/tmp/1dcoA0 56.666667
/data/pdb_release/all/pdb1vig.ent 43.333333
/tmp/1xxaA0 70.000000
/nfs/cathdata/dompdb/1bgw04 78.333333
/nfs/cathdata/dompdb/1dar05 66.666667
/nfs/cathdata/dompdb/1mla01 73.333333
/nfs/cathdata/dompdb/1psdA3 73.333333
/nfs/cathdata/dompdb/1dloA2 55.000000
/nfs/cathdata/dompdb/1mml02 56.666667
/tmp/1gluA0 10.000000
/data/pdb_release/all/pdb1hra.ent 10.000000
/tmp/1hcqA0 10.000000
/nfs/cathdata/dompdb/1bgw01 55.000000
/data/pdb_release/all/pdb1nef.ent 41.666667
/tmp/1efnB0 48.333333
/nfs/cathdata/dompdb/1gky01 40.000000
/nfs/cathdata/dompdb/1yua01 48.333333
/data/pdb_release/all/pdb1vcc.ent 63.333333
/nfs/cathdata/dompdb/1svb02 70.000000
/nfs/cathdata/dompdb/1yua02 38.333333
/tmp/1otfA0 38.333333
/data/pdb_release/all/pdb1cbn.ent 10.000000
/data/pdb_release/all/pdb1bhp.ent 10.000000
/data/pdb_release/all/pdb2plh.ent 10.000000
/data/pdb_release/all/pdb1fdx.ent 5.000000
/data/pdb_release/all/pdb1clf.ent 0.000000
/data/pdb_release/all/pdb1fca.ent 5.000000
/data/pdb_release/all/pdb1fdn.ent 5.000000
/data/pdb_release/all/pdb1blu.ent 10.000000
/data/pdb_release/all/pdb1fxd.ent 10.000000
/data/pdb_release/all/pdb2fxb.ent 40.000000
/tmp/1fxrA0 73.333333
/data/pdb_release/all/pdb1rof.ent 5.000000
/data/pdb_release/all/pdb5fd1.ent 16.666667
/data/pdb_release/all/pdb1fwp.ent 53.333333
/data/pdb_release/all/pdb1sxl.ent 36.666667
/data/pdb_release/all/pdb1fht.ent 56.666667
/data/pdb_release/all/pdb1pba.ent 26.666667
/data/pdb_release/all/pdb1ris.ent 70.000000
/data/pdb_release/all/pdb1ctf.ent 58.333333
/tmp/1spbP0 66.666667
/data/pdb_release/all/pdb1ptf.ent 70.000000
/data/pdb_release/all/pdb1poh.ent 73.333333
/data/pdb_release/all/pdb2hpr.ent 73.333333
/data/pdb_release/all/pdb1pch.ent 70.000000
/data/pdb_release/all/pdb1sxm.ent 38.333333
/data/pdb_release/all/pdb2sn3.ent 38.333333
/data/pdb_release/all/pdb1vna.ent 38.333333
/data/pdb_release/all/pdb1nra.ent 38.333333
/data/pdb_release/all/pdb1ptx.ent 51.666667
/data/pdb_release/all/pdb1lqh.ent 55.000000
/data/pdb_release/all/pdb1snb.ent 51.666667
/data/pdb_release/all/pdb1gps.ent 55.000000
/data/pdb_release/all/pdb1gpt.ent 51.666667
/data/pdb_release/all/pdb1chc.ent 5.000000
/data/pdb_release/all/pdb1caa.ent 16.666667
/data/pdb_release/all/pdb1iro.ent 0.000000
/data/pdb_release/all/pdb1rdg.ent 0.000000
/data/pdb_release/all/pdb4rxn.ent 0.000000
/data/pdb_release/all/pdb6rxn.ent 0.000000
/tmp/8rxnA0 0.000000
/tmp/1gatA0 35.000000
/data/pdb_release/all/pdb1bus.ent 5.000000
/data/pdb_release/all/pdb2ovo.ent 21.666667
/data/pdb_release/all/pdb3ovo.ent 21.666667
/nfs/cathdata/dompdb/1tbrR1 21.666667
/nfs/cathdata/dompdb/1tbrR2 21.666667
/data/pdb_release/all/pdb1ptq.ent 35.000000
/nfs/cathdata/dompdb/9wgaA1 5.000000
/nfs/cathdata/dompdb/9wgaA2 5.000000
/nfs/cathdata/dompdb/9wgaA3 5.000000
/nfs/cathdata/dompdb/9wgaA4 5.000000
/nfs/cathdata/dompdb/2cwgA2 5.000000
/nfs/cathdata/dompdb/1wgtA3 5.000000
/tmp/1tgsI0 21.666667
/tmp/1cgiI0 21.666667
/data/pdb_release/all/pdb1pce.ent 21.666667
/data/pdb_release/all/pdb1hev.ent 5.000000
/data/pdb_release/all/pdb2alr.ent 61.666667
/data/pdb_release/all/pdb1frb.ent 61.666667
/nfs/cathdata/dompdb/1rlcL2 58.333333
/nfs/cathdata/dompdb/1rblA2 51.666667
/nfs/cathdata/dompdb/1rbaA2 61.666667
/nfs/cathdata/dompdb/1oneA2 61.666667
/nfs/cathdata/dompdb/1pdz02 61.666667
/tmp/1chrA0 61.666667
/tmp/1mucA0 61.666667
/data/pdb_release/all/pdb2mnr.ent 60.000000
/nfs/cathdata/dompdb/1mdr02 58.333333
/data/pdb_release/all/pdb1gox.ent 61.666667
/tmp/1fcbB0 61.666667
/nfs/cathdata/dompdb/2tmdA1 55.000000
/data/pdb_release/all/pdb1oya.ent 61.666667
/data/pdb_release/all/pdb1add.ent 61.666667
/data/pdb_release/all/pdb1pta.ent 61.666667
/data/pdb_release/all/pdb1xis.ent 46.666667
/tmp/1ximA0 46.666667
/tmp/1xlaA0 46.666667
/tmp/1dxiA0 45.000000
/data/pdb_release/all/pdb1dtp.ent 71.666667
/tmp/1dmaA0 70.000000
/nfs/cathdata/dompdb/1dik04 53.333333
/nfs/cathdata/dompdb/1kauC2 61.666667
/nfs/cathdata/dompdb/1aa8A2 81.666667
/tmp/1hymA0 5.000000
/tmp/1cseI0 31.666667
/tmp/1ypcI0 31.666667
/data/pdb_release/all/pdb1cis.ent 35.000000
/data/pdb_release/all/pdb1mit.ent 31.666667
/nfs/cathdata/dompdb/2baa02 5.000000
/data/pdb_release/all/pdb1ica.ent 5.000000
/data/pdb_release/all/pdb1cnv.ent 65.000000
/tmp/1xyzA0 61.666667
/data/pdb_release/all/pdb1exp.ent 61.666667
/tmp/1clxA0 65.000000
/data/pdb_release/all/pdb2ebn.ent 70.000000
/data/pdb_release/all/pdb1edt.ent 65.000000
/nfs/cathdata/dompdb/1ctn02 63.333333
/data/pdb_release/all/pdb1cec.ent 58.333333
/tmp/1ghsA0 58.333333
/data/pdb_release/all/pdb1ghr.ent 61.666667
/data/pdb_release/all/pdb1cbg.ent 65.000000
/nfs/cathdata/dompdb/1amg01 58.333333
/nfs/cathdata/dompdb/1amy01 61.666667
/nfs/cathdata/dompdb/2aaa01 55.000000
/nfs/cathdata/dompdb/2taaA1 61.666667
/nfs/cathdata/dompdb/1ppi01 70.000000
/data/pdb_release/all/pdb1hny.ent 90.000000
/nfs/cathdata/dompdb/1cgt01 75.000000
/nfs/cathdata/dompdb/1cdg01 75.000000
/nfs/cathdata/dompdb/1cyg01 75.000000
/nfs/cathdata/dompdb/1ciu01 75.000000
/nfs/cathdata/dompdb/1pamA1 78.333333
/data/pdb_release/all/pdb1btc.ent 60.000000
/nfs/cathdata/dompdb/1bglA3 73.333333
/tmp/1pbgA0 66.666667
/tmp/1tpfA0 61.666667
/tmp/1ypiA0 56.666667
/tmp/1timA0 61.666667
/tmp/1treA0 61.666667
/tmp/1htiA0 58.333333
/tmp/1btmA0 61.666667
/data/pdb_release/all/pdb1ads.ent 61.666667
/data/pdb_release/all/pdb1ral.ent 61.666667
/nfs/cathdata/dompdb/1csbB2 75.000000
/nfs/cathdata/dompdb/1bmc01 78.333333
/nfs/cathdata/dompdb/1ezm01 71.666667
/nfs/cathdata/dompdb/1esp01 66.666667
/nfs/cathdata/dompdb/2tmnE1 70.000000
/nfs/cathdata/dompdb/1dhy01 85.000000
/nfs/cathdata/dompdb/1han01 85.000000
/nfs/cathdata/dompdb/1dhy02 85.000000
/nfs/cathdata/dompdb/1han02 85.000000
/data/pdb_release/all/pdb1std.ent 85.000000
/data/pdb_release/all/pdb2cba.ent 90.000000
/data/pdb_release/all/pdb1crm.ent 86.666667
/tmp/1dmxA0 90.000000
/nfs/cathdata/dompdb/1bncA3 76.666667
/nfs/cathdata/dompdb/1daaA2 81.666667
/data/pdb_release/all/pdb1gym.ent 76.666667
/nfs/cathdata/dompdb/1ami04 78.333333
/tmp/1fvpA0 70.000000
/data/pdb_release/all/pdb1nfp.ent 70.000000
/tmp/1brlB0 61.666667
/tmp/1lucA0 63.333333
/data/pdb_release/all/pdb1tml.ent 56.666667
/nfs/cathdata/dompdb/1pii02 70.000000
/nfs/cathdata/dompdb/1pii01 61.666667
/data/pdb_release/all/pdb1igs.ent 61.666667
/tmp/1wsyA0 51.666667
/nfs/cathdata/dompdb/1pkm02 61.666667
/nfs/cathdata/dompdb/1pkyA2 61.666667
/tmp/1nal10 61.666667
/tmp/1fbaA0 58.333333
/data/pdb_release/all/pdb1ald.ent 61.666667
/data/pdb_release/all/pdb1nar.ent 68.333333
/data/pdb_release/all/pdb2hvm.ent 65.000000
/data/pdb_release/all/pdb1fkb.ent 81.666667
/data/pdb_release/all/pdb1yat.ent 78.333333
/data/pdb_release/all/pdb1pbk.ent 85.000000
/data/pdb_release/all/pdb1rot.ent 71.666667
/nfs/cathdata/dompdb/1hmy02 26.666667
/tmp/2msbA0 71.666667
/data/pdb_release/all/pdb1hup.ent 68.333333
/tmp/1rtm10 66.666667
/tmp/1rdl10 68.333333
/data/pdb_release/all/pdb1aak.ent 73.333333
/data/pdb_release/all/pdb2uce.ent 70.000000
/data/pdb_release/all/pdb1ucz.ent 56.666667
/tmp/1u9aA0 71.666667
/nfs/cathdata/dompdb/1fcbA1 48.333333
/data/pdb_release/all/pdb1b5m.ent 58.333333
/data/pdb_release/all/pdb1iet.ent 5.000000
/data/pdb_release/all/pdb1cyo.ent 55.000000
/tmp/1mkaA0 81.666667
/data/pdb_release/all/pdb1onc.ent 81.666667
/data/pdb_release/all/pdb7rsa.ent 75.000000
/tmp/1bsrA0 75.000000
/data/pdb_release/all/pdb1ang.ent 83.333333
/data/pdb_release/all/pdb1agi.ent 90.000000
/nfs/cathdata/dompdb/1hpm02 56.666667
/nfs/cathdata/dompdb/2polA3 88.333333
/nfs/cathdata/dompdb/2polA2 85.000000
/nfs/cathdata/dompdb/2polA1 88.333333
/nfs/cathdata/dompdb/9pap01 73.333333
/nfs/cathdata/dompdb/1aec01 70.000000
/nfs/cathdata/dompdb/1gecE1 70.000000
/nfs/cathdata/dompdb/1ppo01 66.666667
/nfs/cathdata/dompdb/1yal01 73.333333
/nfs/cathdata/dompdb/1theA1 65.000000
/data/pdb_release/all/pdb1pgb.ent 65.000000
/data/pdb_release/all/pdb2igg.ent 65.000000
/data/pdb_release/all/pdb3fxc.ent 35.000000
/tmp/1frrA0 66.666667
/tmp/1fxiA0 61.666667
/tmp/1fxaA0 66.666667
/data/pdb_release/all/pdb1frd.ent 63.333333
/data/pdb_release/all/pdb1dox.ent 5.000000
/data/pdb_release/all/pdb1cjn.ent 50.000000
/data/pdb_release/all/pdb1doi.ent 55.000000
/data/pdb_release/all/pdb1put.ent 10.000000
/nfs/cathdata/dompdb/2pia03 71.666667
/data/pdb_release/all/pdb1ubi.ent 65.000000
/nfs/cathdata/dompdb/1lgr02 66.666667
/data/pdb_release/all/pdb1tif.ent 73.333333
/data/pdb_release/all/pdb1rfa.ent 48.333333
/tmp/1molA0 85.000000
/tmp/1stfI0 73.333333
/data/pdb_release/all/pdb1cyu.ent 71.666667
/tmp/1cewI0 65.000000
/tmp/1udiI0 85.000000
/data/pdb_release/all/pdb1fus.ent 55.000000
/data/pdb_release/all/pdb9rnt.ent 51.666667
/data/pdb_release/all/pdb1rds.ent 51.666667
/tmp/1gmpA0 71.666667
/tmp/1brnL0 66.666667
/tmp/2rbiA0 70.000000
/nfs/cathdata/dompdb/1oacA2 66.666667
/nfs/cathdata/dompdb/1prtB1 40.000000
/nfs/cathdata/dompdb/1prtC1 10.000000
/nfs/cathdata/dompdb/1ctn03 71.666667
/nfs/cathdata/dompdb/1gtrA3 76.666667
/nfs/cathdata/dompdb/1grj02 51.666667
/data/pdb_release/all/pdb1tsp.ent 96.666667
/nfs/cathdata/dompdb/1dhx01 33.333333
/nfs/cathdata/dompdb/2psg01 90.000000
/nfs/cathdata/dompdb/1mpp01 93.333333
/nfs/cathdata/dompdb/1bbs01 80.000000
/nfs/cathdata/dompdb/4cms01 81.666667
/nfs/cathdata/dompdb/1smrA1 90.000000
/nfs/cathdata/dompdb/1epmE1 86.666667
/nfs/cathdata/dompdb/1pplE1 73.333333
/nfs/cathdata/dompdb/2apr01 83.333333
/nfs/cathdata/dompdb/1psoE1 76.666667
/nfs/cathdata/dompdb/1htrB1 81.666667
/nfs/cathdata/dompdb/1jxrA1 81.666667
/nfs/cathdata/dompdb/2asi01 90.000000
/nfs/cathdata/dompdb/1smeA1 83.333333
/nfs/cathdata/dompdb/1epmE2 70.000000
/nfs/cathdata/dompdb/1pplE2 78.333333
/nfs/cathdata/dompdb/1mpp02 81.666667
/nfs/cathdata/dompdb/2asi02 85.000000
/nfs/cathdata/dompdb/2apr02 83.333333
/nfs/cathdata/dompdb/1psaA2 80.000000
/nfs/cathdata/dompdb/1lyaB2 86.666667
/nfs/cathdata/dompdb/1rne02 80.000000
/nfs/cathdata/dompdb/1cms02 78.333333
/nfs/cathdata/dompdb/1smrA2 83.333333
/nfs/cathdata/dompdb/1psoE2 80.000000
/nfs/cathdata/dompdb/1htrB2 83.333333
/nfs/cathdata/dompdb/1jxrA2 80.000000
/data/pdb_release/all/pdb2cas.ent 96.666667
/nfs/cathdata/dompdb/1rthA1 51.666667
/data/pdb_release/all/pdb1har.ent 66.666667
/nfs/cathdata/dompdb/1mml01 75.000000
/data/pdb_release/all/pdb1pgx.ent 68.333333
/data/pdb_release/all/pdb4fgf.ent 93.333333
/tmp/1afgA0 93.333333
/data/pdb_release/all/pdb1i1b.ent 90.000000
/data/pdb_release/all/pdb8i1b.ent 90.000000
/tmp/1ilr10 93.333333
/data/pdb_release/all/pdb1hcd.ent 96.666667
/data/pdb_release/all/pdb1tie.ent 90.000000
/data/pdb_release/all/pdb1wbc.ent 93.333333
/nfs/cathdata/dompdb/2aaiB2 86.666667
/nfs/cathdata/dompdb/1abrB2 86.666667
/nfs/cathdata/dompdb/2aaiB1 93.333333
/nfs/cathdata/dompdb/1abrB1 76.666667
/tmp/1msaA0 90.000000
/nfs/cathdata/dompdb/1dlc03 96.666667
/tmp/1vmoA0 90.000000
/data/pdb_release/all/pdb1hxn.ent 86.666667
/nfs/cathdata/dompdb/1fbl02 83.333333
/data/pdb_release/all/pdb1rtg.ent 86.666667
/data/pdb_release/all/pdb1pex.ent 86.666667
/data/pdb_release/all/pdb2nn9.ent 100.000000
/data/pdb_release/all/pdb2bat.ent 100.000000
/tmp/1nscA0 100.000000
/data/pdb_release/all/pdb1inv.ent 100.000000
/data/pdb_release/all/pdb1sim.ent 93.333333
/tmp/2bbkH0 100.000000
/tmp/1mdaH0 100.000000
/tmp/2madH0 0.000000
/nfs/cathdata/dompdb/1gof02 100.000000
/tmp/3aahA0 100.000000
/nfs/cathdata/dompdb/1kapP1 53.333333
/nfs/cathdata/dompdb/1sat01 60.000000
/nfs/cathdata/dompdb/1lxa01 56.666667
/data/pdb_release/all/pdb2pec.ent 96.666667
/nfs/cathdata/dompdb/2taaA2 66.666667
/nfs/cathdata/dompdb/1ppi02 90.000000
/nfs/cathdata/dompdb/1bvp12 90.000000
/data/pdb_release/all/pdb1bcx.ent 93.333333
/tmp/1enxA0 96.666667
/data/pdb_release/all/pdb1xnd.ent 100.000000
/data/pdb_release/all/pdb1xyn.ent 96.666667
/data/pdb_release/all/pdb1yna.ent 100.000000
/tmp/2pcdA0 90.000000
/tmp/2pcdM0 93.333333
/nfs/cathdata/dompdb/1dlc02 93.333333
/nfs/cathdata/dompdb/1ciy03 96.666667
/nfs/cathdata/dompdb/1ddt03 93.333333
/tmp/1gff10 80.000000
/tmp/2bpa10 83.333333
/data/pdb_release/all/pdb1jbc.ent 100.000000
/data/pdb_release/all/pdb2cna.ent 96.666667
/nfs/cathdata/dompdb/1dhx04 53.333333
/tmp/4htcI0 33.333333
/data/pdb_release/all/pdb1hic.ent 33.333333
/nfs/cathdata/dompdb/1ecl03 81.666667
/data/pdb_release/all/pdb1htp.ent 78.333333
/tmp/1dupA0 80.000000
/nfs/cathdata/dompdb/1ggtA1 86.666667
/tmp/1tsrA0 96.666667
/data/pdb_release/all/pdb1gpr.ent 75.000000
/data/pdb_release/all/pdb1f3g.ent 83.333333
/nfs/cathdata/dompdb/1aozA3 83.333333
/nfs/cathdata/dompdb/1oacA3 85.000000
/nfs/cathdata/dompdb/1bglA5 93.333333
/nfs/cathdata/dompdb/1bglA1 93.333333
/tmp/1celA0 93.333333
/tmp/1afcA0 83.333333
/tmp/2plv20 83.333333
/tmp/1rhi20 83.333333
/data/pdb_release/all/pdb1pov.ent 90.000000
/tmp/1bmv10 93.333333
/tmp/4sbvA0 70.000000
/tmp/1smvA0 73.333333
/tmp/2tbvA0 96.666667
/tmp/2bbvA0 86.666667
/tmp/1bmv20 96.666667
/tmp/1tnfA0 96.666667
/tmp/1tnrA0 93.333333
/tmp/1hlcA0 86.666667
/tmp/1sltA0 90.000000
/tmp/2ltnA0 96.666667
/tmp/1lenA0 93.333333
/tmp/1lgcA0 96.666667
/data/pdb_release/all/pdb1lte.ent 100.000000
/data/pdb_release/all/pdb1sba.ent 100.000000
/data/pdb_release/all/pdb1gsl.ent 96.666667
/tmp/2pelA0 96.666667
/tmp/1fatA0 96.666667
/tmp/1ioaA0 96.666667
/tmp/1sacA0 93.333333
/tmp/1gnhA0 93.333333
/data/pdb_release/all/pdb2ayh.ent 96.666667
/data/pdb_release/all/pdb1cpm.ent 96.666667
/data/pdb_release/all/pdb1gbg.ent 96.666667
/nfs/cathdata/dompdb/1cgt02 75.000000
/nfs/cathdata/dompdb/1cdg02 71.666667
/nfs/cathdata/dompdb/1cyg02 71.666667
/nfs/cathdata/dompdb/1ciu02 68.333333
/nfs/cathdata/dompdb/1pamA2 68.333333
/nfs/cathdata/dompdb/2aaa02 93.333333
/nfs/cathdata/dompdb/1pnf02 93.333333
/data/pdb_release/all/pdb1knb.ent 86.666667
/tmp/1sluA0 96.666667
/nfs/cathdata/dompdb/1lla02 78.333333
/nfs/cathdata/dompdb/1svb01 96.666667
/data/pdb_release/all/pdb1cyw.ent 96.666667
/nfs/cathdata/dompdb/1hcz01 78.333333
/data/pdb_release/all/pdb1thw.ent 90.000000
/tmp/1cauB0 93.333333
/nfs/cathdata/dompdb/2phlA3 96.666667
/nfs/cathdata/dompdb/2phlA2 96.666667
/data/pdb_release/all/pdb2stv.ent 83.333333
/tmp/1bbt10 60.000000
/tmp/1pov10 90.000000
/tmp/1pvc10 90.000000
/tmp/1r0910 96.666667
/tmp/1rhi10 96.666667
/tmp/1tme10 93.333333
/tmp/2mev10 96.666667
/tmp/2bpa20 83.333333
/tmp/1gff20 90.000000
/tmp/1bbt30 83.333333
/tmp/1tme30 80.000000
/tmp/2mev30 83.333333
/tmp/1r0930 80.000000
/tmp/1pov30 80.000000
/tmp/1pvc30 80.000000
/tmp/1rhi30 80.000000
/tmp/1bbt20 96.666667
/tmp/1tme20 96.666667
/tmp/2mev20 96.666667
/tmp/1r0920 96.666667
/tmp/1pvc20 85.000000
/data/pdb_release/all/pdb1arn.ent 80.000000
/tmp/1aizA0 80.000000
/data/pdb_release/all/pdb1aaj.ent 100.000000
/nfs/cathdata/dompdb/1aozA1 86.666667
/nfs/cathdata/dompdb/1aozA2 90.000000
/nfs/cathdata/dompdb/1gof03 93.333333
/nfs/cathdata/dompdb/1nif01 93.333333
/nfs/cathdata/dompdb/1afnA1 83.333333
/nfs/cathdata/dompdb/1nif02 90.000000
/nfs/cathdata/dompdb/1ntd02 93.333333
/tmp/1eta10 81.666667
/tmp/1tfpA0 86.666667
/tmp/1sxaA0 93.333333
/tmp/1srdA0 86.666667
/data/pdb_release/all/pdb1jcv.ent 96.666667
/tmp/1sosA0 96.666667
/tmp/1xsoA0 93.333333
/data/pdb_release/all/pdb1akp.ent 86.666667
/data/pdb_release/all/pdb1acx.ent 90.000000
/data/pdb_release/all/pdb1noa.ent 93.333333
/data/pdb_release/all/pdb2mcm.ent 96.666667
/nfs/cathdata/dompdb/1clc01 90.000000
/nfs/cathdata/dompdb/1ctn01 93.333333
/data/pdb_release/all/pdb1exg.ent 93.333333
/nfs/cathdata/dompdb/1bglA4 93.333333
/nfs/cathdata/dompdb/1bglA2 96.666667
/nfs/cathdata/dompdb/1svcP3 86.666667
/nfs/cathdata/dompdb/1svb04 83.333333
/nfs/cathdata/dompdb/1gof01 86.666667
/nfs/cathdata/dompdb/2sblB1 83.333333
/nfs/cathdata/dompdb/1hplA2 93.333333
/nfs/cathdata/dompdb/1lpbB2 93.333333
/nfs/cathdata/dompdb/1pgs01 93.333333
/data/pdb_release/all/pdb1ten.ent 93.333333
/nfs/cathdata/dompdb/1fnf01 83.333333
/nfs/cathdata/dompdb/1fnf02 90.000000
/nfs/cathdata/dompdb/1fnf03 90.000000
/nfs/cathdata/dompdb/1cfb01 93.333333
/nfs/cathdata/dompdb/1cfb02 93.333333
/tmp/1wapA0 93.333333
/data/pdb_release/all/pdb1ncg.ent 76.666667
/data/pdb_release/all/pdb1suh.ent 86.666667
/nfs/cathdata/dompdb/1ggtA4 96.666667
/nfs/cathdata/dompdb/1cgt04 86.666667
/nfs/cathdata/dompdb/1cdg04 90.000000
/nfs/cathdata/dompdb/1cyg04 83.333333
/data/pdb_release/all/pdb1kul.ent 56.666667
/nfs/cathdata/dompdb/1ciu04 90.000000
/nfs/cathdata/dompdb/1pamA4 90.000000
/nfs/cathdata/dompdb/1cgt03 96.666667
/nfs/cathdata/dompdb/1cdg03 96.666667
/nfs/cathdata/dompdb/1cyg03 83.333333
/nfs/cathdata/dompdb/1ciu03 96.666667
/nfs/cathdata/dompdb/1pamA3 100.000000
/data/pdb_release/all/pdb1rsy.ent 78.333333
/data/pdb_release/all/pdb1plc.ent 83.333333
/data/pdb_release/all/pdb9pcy.ent 96.666667
/data/pdb_release/all/pdb2plt.ent 83.333333
/data/pdb_release/all/pdb7pcy.ent 80.000000
/data/pdb_release/all/pdb1pla.ent 96.666667
/data/pdb_release/all/pdb1nin.ent 46.666667
/data/pdb_release/all/pdb1paz.ent 96.666667
/data/pdb_release/all/pdb1pmy.ent 96.666667
/data/pdb_release/all/pdb1zia.ent 85.000000
/tmp/1adwA0 85.000000
/tmp/1vlxA0 80.000000
/nfs/cathdata/dompdb/1vgeH1 93.333333
/nfs/cathdata/dompdb/1yuhB1 86.666667
/nfs/cathdata/dompdb/1clyH1 86.666667
/nfs/cathdata/dompdb/1kelH1 93.333333
/nfs/cathdata/dompdb/1nldH1 80.000000
/nfs/cathdata/dompdb/1ghfH1 93.333333
/nfs/cathdata/dompdb/1ospH1 90.000000
/nfs/cathdata/dompdb/1mimH1 90.000000
/nfs/cathdata/dompdb/1cloH1 90.000000
/nfs/cathdata/dompdb/1plgL1 90.000000
/nfs/cathdata/dompdb/1ghfL1 96.666667
/nfs/cathdata/dompdb/1clzL1 86.666667
/nfs/cathdata/dompdb/1kelL1 93.333333
/nfs/cathdata/dompdb/1gafL1 90.000000
/nfs/cathdata/dompdb/1iaiL1 83.333333
/nfs/cathdata/dompdb/1aifA1 83.333333
/nfs/cathdata/dompdb/1vgeL1 93.333333
/nfs/cathdata/dompdb/1nldL1 86.666667
/nfs/cathdata/dompdb/1ospL1 90.000000
/nfs/cathdata/dompdb/1mimL1 90.000000
/nfs/cathdata/dompdb/1lilA1 86.666667
/nfs/cathdata/dompdb/1cloL1 90.000000
/nfs/cathdata/dompdb/1bec01 90.000000
/nfs/cathdata/dompdb/1tcrB1 96.666667
/data/pdb_release/all/pdb1tit.ent 56.666667
/data/pdb_release/all/pdb1cid.ent 96.666667
/data/pdb_release/all/pdb3cd4.ent 90.000000
/data/pdb_release/all/pdb1hoe.ent 70.000000
/nfs/cathdata/dompdb/3hhrB1 83.333333
/nfs/cathdata/dompdb/3hhrB2 83.333333
/nfs/cathdata/dompdb/1fieA3 83.333333
/nfs/cathdata/dompdb/1hft01 78.333333
/data/pdb_release/all/pdb1ttf.ent 96.666667
/nfs/cathdata/dompdb/1hilA1 93.333333
/nfs/cathdata/dompdb/1ggbL1 90.000000
/nfs/cathdata/dompdb/1gigL1 93.333333
/nfs/cathdata/dompdb/1mfeL1 93.333333
/nfs/cathdata/dompdb/1igfL1 86.666667
/nfs/cathdata/dompdb/1lmkA2 86.666667
/nfs/cathdata/dompdb/1mcbA1 93.333333
/nfs/cathdata/dompdb/1mlbA1 90.000000
/nfs/cathdata/dompdb/3hfmL1 93.333333
/nfs/cathdata/dompdb/1opgL1 86.666667
/nfs/cathdata/dompdb/1ncaL1 90.000000
/nfs/cathdata/dompdb/1tetL1 86.666667
/nfs/cathdata/dompdb/2fb4L1 86.666667
/nfs/cathdata/dompdb/2fbjL1 86.666667
/nfs/cathdata/dompdb/6fabL1 86.666667
/nfs/cathdata/dompdb/7fabL1 96.666667
/nfs/cathdata/dompdb/8fabA1 86.666667
/nfs/cathdata/dompdb/1eapA1 86.666667
/nfs/cathdata/dompdb/1figL1 90.000000
/nfs/cathdata/dompdb/1forL1 96.666667
/nfs/cathdata/dompdb/1ibgL1 93.333333
/nfs/cathdata/dompdb/1igcL1 90.000000
/nfs/cathdata/dompdb/1jelL1 86.666667
/nfs/cathdata/dompdb/1nsnL1 86.666667
/nfs/cathdata/dompdb/2gfbA1 86.666667
/tmp/1dvfC0 90.000000
/tmp/1dvfD0 86.666667
/data/pdb_release/all/pdb1vhp.ent 76.666667
/nfs/cathdata/dompdb/1gafH1 96.666667
/nfs/cathdata/dompdb/1iaiH1 90.000000
/nfs/cathdata/dompdb/1aifB1 90.000000
/nfs/cathdata/dompdb/1ngpH1 90.000000
/nfs/cathdata/dompdb/1plgH1 86.666667
/nfs/cathdata/dompdb/1mlbB1 90.000000
/nfs/cathdata/dompdb/2cgrH1 96.666667
/nfs/cathdata/dompdb/1eapB1 96.666667
/nfs/cathdata/dompdb/1faiH1 83.333333
/nfs/cathdata/dompdb/1fbiH1 90.000000
/nfs/cathdata/dompdb/1figH1 86.666667
/nfs/cathdata/dompdb/1forH1 90.000000
/nfs/cathdata/dompdb/1fptH1 86.666667
/nfs/cathdata/dompdb/1frgH1 86.666667
/nfs/cathdata/dompdb/1gigH1 90.000000
/nfs/cathdata/dompdb/1ibgH1 93.333333
/nfs/cathdata/dompdb/1igcH1 93.333333
/nfs/cathdata/dompdb/1igjB1 83.333333
/nfs/cathdata/dompdb/1ikfH1 96.666667
/nfs/cathdata/dompdb/1jelH1 86.666667
/nfs/cathdata/dompdb/1mrcH1 93.333333
/nfs/cathdata/dompdb/1nsnH1 96.666667
/nfs/cathdata/dompdb/1opgH1 86.666667
/nfs/cathdata/dompdb/1rmfH1 86.666667
/nfs/cathdata/dompdb/2fgwH1 96.666667
/nfs/cathdata/dompdb/2gfbB1 86.666667
/nfs/cathdata/dompdb/6fabH1 86.666667
/nfs/cathdata/dompdb/1acyL1 93.333333
/nfs/cathdata/dompdb/1bafL1 93.333333
/nfs/cathdata/dompdb/1bbdL1 90.000000
/nfs/cathdata/dompdb/1bqlL1 96.666667
/nfs/cathdata/dompdb/2cgrL1 90.000000
/nfs/cathdata/dompdb/1dbbL1 93.333333
/nfs/cathdata/dompdb/1dfbL1 86.666667
/nfs/cathdata/dompdb/1faiL1 86.666667
/nfs/cathdata/dompdb/1mamL1 86.666667
/nfs/cathdata/dompdb/1ikfL1 86.666667
/nfs/cathdata/dompdb/1frgL1 96.666667
/tmp/1wtlA0 96.666667
/tmp/1breA0 90.000000
/tmp/1fvcB0 90.000000
/tmp/1jhlH0 96.666667
/tmp/1vfaB0 86.666667
/tmp/1igmH0 86.666667
/tmp/1mfaL0 0.000000
/tmp/1fgvH0 93.333333
/tmp/1nmaH0 96.666667
/tmp/2bjl10 90.000000
/nfs/cathdata/dompdb/8fabB1 86.666667
/nfs/cathdata/dompdb/2fb4H1 90.000000
/nfs/cathdata/dompdb/1acyH1 90.000000
/nfs/cathdata/dompdb/1bbdH1 96.666667
/nfs/cathdata/dompdb/2hflH1 96.666667
/nfs/cathdata/dompdb/2fbjH1 93.333333
/nfs/cathdata/dompdb/1hilB1 86.666667
/nfs/cathdata/dompdb/1nbvH1 86.666667
/nfs/cathdata/dompdb/7fabH1 86.666667
/nfs/cathdata/dompdb/1indH1 83.333333
/nfs/cathdata/dompdb/1tetH1 86.666667
/nfs/cathdata/dompdb/1mamH1 93.333333
/nfs/cathdata/dompdb/1ncaH1 86.666667
/nfs/cathdata/dompdb/1dbbH1 83.333333
/nfs/cathdata/dompdb/1dfbH1 86.666667
/nfs/cathdata/dompdb/1flrH1 90.000000
/nfs/cathdata/dompdb/1ggbH1 86.666667
/nfs/cathdata/dompdb/1igfH1 96.666667
/nfs/cathdata/dompdb/1bafH1 93.333333
/nfs/cathdata/dompdb/3hfmH1 86.666667
/nfs/cathdata/dompdb/1mcpH1 86.666667
/nfs/cathdata/dompdb/1lmkA1 100.000000
/nfs/cathdata/dompdb/1mfbH1 93.333333
/nfs/cathdata/dompdb/1fc2D2 75.000000
/nfs/cathdata/dompdb/1gigL2 76.666667
/nfs/cathdata/dompdb/1kelL2 80.000000
/nfs/cathdata/dompdb/1gafL2 80.000000
/nfs/cathdata/dompdb/2fb4L2 75.000000
/nfs/cathdata/dompdb/1yuhB2 33.333333
/nfs/cathdata/dompdb/1clzH2 83.333333
/nfs/cathdata/dompdb/1fc2D1 83.333333
/nfs/cathdata/dompdb/1fruA2 86.666667
/tmp/1hsbB0 86.666667
/tmp/1mhcB0 83.333333
/tmp/1fruB0 83.333333
/data/pdb_release/all/pdb1bmg.ent 90.000000
/nfs/cathdata/dompdb/1dlhA2 83.333333
/nfs/cathdata/dompdb/1sebB2 86.666667
/nfs/cathdata/dompdb/1bec02 81.666667
/nfs/cathdata/dompdb/1vcaA2 93.333333
/data/pdb_release/all/pdb1tnm.ent 90.000000
/nfs/cathdata/dompdb/1vcaA1 93.333333
/data/pdb_release/all/pdb1tlk.ent 96.666667
/nfs/cathdata/dompdb/1hft02 88.333333
/data/pdb_release/all/pdb1cd8.ent 90.000000
/nfs/cathdata/dompdb/1igjA1 96.666667
/tmp/1nmbL0 90.000000
/data/pdb_release/all/pdb2rhe.ent 86.666667
/tmp/1fgvL0 93.333333
/data/pdb_release/all/pdb2imn.ent 90.000000
/tmp/1reiA0 90.000000
/tmp/1fvcA0 93.333333
/tmp/1igmL0 96.666667
/tmp/1jhlL0 93.333333
/tmp/1ivlA0 86.666667
/tmp/1vfaA0 96.666667
/data/pdb_release/all/pdb1pho.ent 96.666667
/data/pdb_release/all/pdb1omf.ent 90.000000
/data/pdb_release/all/pdb3bcl.ent 96.666667
/nfs/cathdata/dompdb/1amm01 83.333333
/nfs/cathdata/dompdb/1amm02 78.333333
/nfs/cathdata/dompdb/2bb202 90.000000
/nfs/cathdata/dompdb/2gcr01 83.333333
/nfs/cathdata/dompdb/2gcr02 90.000000
/nfs/cathdata/dompdb/1elpA1 83.333333
/nfs/cathdata/dompdb/1elpA2 78.333333
/nfs/cathdata/dompdb/2bb201 83.333333
/nfs/cathdata/dompdb/1prr01 75.000000
/nfs/cathdata/dompdb/1prr02 45.000000
/tmp/1mdaL0 50.000000
/tmp/2bbkL0 60.000000
/data/pdb_release/all/pdb1cdb.ent 63.333333
/nfs/cathdata/dompdb/1hngA1 73.333333
/tmp/1cdcA0 63.333333
/nfs/cathdata/dompdb/1hnf02 96.666667
/nfs/cathdata/dompdb/1hngA2 96.666667
/tmp/1mfaH0 0.000000
/nfs/cathdata/dompdb/2fbjH2 63.333333
/nfs/cathdata/dompdb/1mcpH2 96.666667
/nfs/cathdata/dompdb/1hocA2 56.666667
/nfs/cathdata/dompdb/1hsaA2 70.000000
/nfs/cathdata/dompdb/1vaaA2 70.000000
/nfs/cathdata/dompdb/1hsbA2 70.000000
/nfs/cathdata/dompdb/1mhcA2 73.333333
/nfs/cathdata/dompdb/8fabB2 78.333333
/nfs/cathdata/dompdb/1kelH2 83.333333
/nfs/cathdata/dompdb/1bbdH2 78.333333
/nfs/cathdata/dompdb/1ospH2 93.333333
/nfs/cathdata/dompdb/1eapB2 93.333333
/tmp/1lopA0 78.333333
/data/pdb_release/all/pdb2cpl.ent 78.333333
/tmp/1cynA0 81.666667
/tmp/2rmcA0 76.666667
/nfs/cathdata/dompdb/1bucA2 86.666667
/nfs/cathdata/dompdb/3mddA2 81.666667
/nfs/cathdata/dompdb/1kxf02 93.333333
/nfs/cathdata/dompdb/1vcpA2 90.000000
/tmp/1smpI0 85.000000
/nfs/cathdata/dompdb/1svcP1 96.666667
/tmp/1sriA0 96.666667
/tmp/1avdA0 96.666667
/data/pdb_release/all/pdb1hbq.ent 93.333333
/data/pdb_release/all/pdb1rbp.ent 93.333333
/tmp/1epaA0 96.666667
/tmp/1bbpA0 93.333333
/data/pdb_release/all/pdb1mup.ent 93.333333
/data/pdb_release/all/pdb1ifc.ent 96.666667
/data/pdb_release/all/pdb1hmr.ent 96.666667
/tmp/1opaA0 96.666667
/data/pdb_release/all/pdb1adl.ent 96.666667
/data/pdb_release/all/pdb1crb.ent 96.666667
/tmp/1cbiA0 96.666667
/tmp/1ftpA0 93.333333
/data/pdb_release/all/pdb1cbs.ent 100.000000
/tmp/1pmpA0 93.333333
/data/pdb_release/all/pdb1mdc.ent 96.666667
/nfs/cathdata/dompdb/7catA1 90.000000
/data/pdb_release/all/pdb1cae.ent 76.666667
/nfs/cathdata/dompdb/1dar02 90.000000
/nfs/cathdata/dompdb/1gtrA4 90.000000
/data/pdb_release/all/pdb1prn.ent 96.666667
/data/pdb_release/all/pdb2por.ent 96.666667
/nfs/cathdata/dompdb/1ppfE1 90.000000
/nfs/cathdata/dompdb/1svpA1 63.333333
/nfs/cathdata/dompdb/1vcpA1 51.666667
/nfs/cathdata/dompdb/1sgt02 90.000000
/nfs/cathdata/dompdb/1hylA1 93.333333
/nfs/cathdata/dompdb/1try02 78.333333
/nfs/cathdata/dompdb/1sgpE1 51.666667
/nfs/cathdata/dompdb/1hpgA1 81.666667
/nfs/cathdata/dompdb/2sga01 81.666667
/nfs/cathdata/dompdb/2alp01 93.333333
/nfs/cathdata/dompdb/1tal01 86.666667
/nfs/cathdata/dompdb/2sfa01 78.333333
/nfs/cathdata/dompdb/1arb02 80.000000
/nfs/cathdata/dompdb/1hylA2 76.666667
/nfs/cathdata/dompdb/1sgpE2 93.333333
/nfs/cathdata/dompdb/1gbaA2 73.333333
/nfs/cathdata/dompdb/1hpgA2 76.666667
/nfs/cathdata/dompdb/2sga02 90.000000
/nfs/cathdata/dompdb/1tal02 63.333333
/nfs/cathdata/dompdb/2sfa02 90.000000
/nfs/cathdata/dompdb/1arb01 73.333333
/nfs/cathdata/dompdb/1cnd01 78.333333
/nfs/cathdata/dompdb/1ndh01 81.666667
/nfs/cathdata/dompdb/2pia01 78.333333
/nfs/cathdata/dompdb/1fnb01 81.666667
/nfs/cathdata/dompdb/1que01 78.333333
/nfs/cathdata/dompdb/1pkm03 65.000000
/nfs/cathdata/dompdb/1pkn03 63.333333
/nfs/cathdata/dompdb/1pkyA3 65.000000
/nfs/cathdata/dompdb/1pkyC3 51.666667
/nfs/cathdata/dompdb/1eft02 73.333333
/nfs/cathdata/dompdb/1efuA2 63.333333
/data/pdb_release/all/pdb1clh.ent 50.000000
/tmp/1tcwA0 81.666667
/tmp/1cpiA0 81.666667
/tmp/2rspA0 65.000000
/nfs/cathdata/dompdb/1pnkB3 90.000000
/nfs/cathdata/dompdb/1eft03 90.000000
/nfs/cathdata/dompdb/1efuA3 90.000000
/tmp/1ucyE0 63.333333
/tmp/1aksB0 68.333333
/tmp/2pkaB0 76.666667
/nfs/cathdata/dompdb/1hcgA1 81.666667
/nfs/cathdata/dompdb/1thsH1 80.000000
/nfs/cathdata/dompdb/1brbE1 76.666667
/nfs/cathdata/dompdb/4ptp01 78.333333
/nfs/cathdata/dompdb/1mctA1 78.333333
/nfs/cathdata/dompdb/1etrH1 76.666667
/nfs/cathdata/dompdb/1bit01 78.333333
/nfs/cathdata/dompdb/1trnA1 81.666667
/nfs/cathdata/dompdb/1try01 78.333333
/nfs/cathdata/dompdb/5chaA1 83.333333
/nfs/cathdata/dompdb/1sgt01 78.333333
/nfs/cathdata/dompdb/1lmwB1 71.666667
/nfs/cathdata/dompdb/1elg01 76.666667
/nfs/cathdata/dompdb/1elt01 76.666667
/nfs/cathdata/dompdb/1ton01 90.000000
/tmp/1mtnC0 65.000000
/nfs/cathdata/dompdb/1tbs01 80.000000
/nfs/cathdata/dompdb/1pfxC1 80.000000
/nfs/cathdata/dompdb/1fonA1 76.666667
/nfs/cathdata/dompdb/1pytD1 78.333333
/nfs/cathdata/dompdb/1rtfB1 93.333333
/nfs/cathdata/dompdb/1fujA1 90.000000
/nfs/cathdata/dompdb/1dst01 78.333333
/nfs/cathdata/dompdb/3rp2A1 90.000000
/tmp/1ceaA0 0.000000
/tmp/1pmlA0 38.333333
/data/pdb_release/all/pdb1kdu.ent 38.333333
/data/pdb_release/all/pdb1krn.ent 0.000000
/data/pdb_release/all/pdb1bw3.ent 55.000000
/tmp/1ihvA0 76.666667
/nfs/cathdata/dompdb/1hcz02 50.000000
/data/pdb_release/all/pdb1lab.ent 46.666667
/data/pdb_release/all/pdb1bdo.ent 96.666667
/data/pdb_release/all/pdb1afp.ent 33.333333
/tmp/1bovA0 81.666667
/data/pdb_release/all/pdb1mjc.ent 76.666667
/data/pdb_release/all/pdb1csp.ent 76.666667
/data/pdb_release/all/pdb1krs.ent 66.666667
/nfs/cathdata/dompdb/1lylA1 75.000000
/nfs/cathdata/dompdb/1asyA1 78.333333
/data/pdb_release/all/pdb1bgh.ent 63.333333
/data/pdb_release/all/pdb1rip.ent 0.000000
/tmp/1prtD0 81.666667
/tmp/1prtF0 78.333333
/nfs/cathdata/dompdb/1tssA2 90.000000
/nfs/cathdata/dompdb/1prtB2 78.333333
/nfs/cathdata/dompdb/1prtC2 78.333333
/tmp/1ltsD0 85.000000
/tmp/1chbD0 85.000000
/data/pdb_release/all/pdb2sns.ent 81.666667
/nfs/cathdata/dompdb/1bco02 80.000000
/nfs/cathdata/dompdb/1esfA1 75.000000
/nfs/cathdata/dompdb/1sebD1 65.000000
/nfs/cathdata/dompdb/1se201 75.000000
/tmp/1fivA0 78.333333
/tmp/1idaA0 81.666667
/tmp/1hivA0 81.666667
/data/pdb_release/all/pdb1dro.ent 66.666667
/nfs/cathdata/dompdb/1hleA1 66.666667
/nfs/cathdata/dompdb/1ovaA1 81.666667
/nfs/cathdata/dompdb/1kauC1 96.666667
/nfs/cathdata/dompdb/2kauC1 65.000000
/tmp/1ucyH0 90.000000
/nfs/cathdata/dompdb/3rp2A2 93.333333
/nfs/cathdata/dompdb/1ihsH2 90.000000
/nfs/cathdata/dompdb/1gctA2 90.000000
/nfs/cathdata/dompdb/1elg02 90.000000
/nfs/cathdata/dompdb/1brbE2 90.000000
/nfs/cathdata/dompdb/4ptp02 71.666667
/nfs/cathdata/dompdb/1elt02 81.666667
/nfs/cathdata/dompdb/1hneE2 76.666667
/nfs/cathdata/dompdb/1mctA2 93.333333
/nfs/cathdata/dompdb/1etrH2 90.000000
/nfs/cathdata/dompdb/1bit02 93.333333
/nfs/cathdata/dompdb/1trnA2 90.000000
/nfs/cathdata/dompdb/1ton02 93.333333
/tmp/2pkaA0 63.333333
/tmp/1mtnB0 90.000000
/tmp/1aksA0 93.333333
/nfs/cathdata/dompdb/1tbs02 90.000000
/nfs/cathdata/dompdb/1pfxC2 93.333333
/nfs/cathdata/dompdb/1fonA2 90.000000
/nfs/cathdata/dompdb/1pytD2 93.333333
/nfs/cathdata/dompdb/1fujA2 93.333333
/nfs/cathdata/dompdb/1rtfB2 90.000000
/nfs/cathdata/dompdb/1dst02 76.666667
/nfs/cathdata/dompdb/1hcgA2 90.000000
/nfs/cathdata/dompdb/1lmwB2 76.666667
/data/pdb_release/all/pdb1pk4.ent 0.000000
/data/pdb_release/all/pdb2pf1.ent 10.000000
/data/pdb_release/all/pdb1ahl.ent 0.000000
/data/pdb_release/all/pdb1atx.ent 33.333333
/data/pdb_release/all/pdb1sh1.ent 46.666667
/data/pdb_release/all/pdb1apf.ent 0.000000
/nfs/cathdata/dompdb/1dar03 16.666667
/nfs/cathdata/dompdb/1elo03 5.000000
/data/pdb_release/all/pdb1tfi.ent 33.333333
/tmp/4sgbI0 16.666667
/data/pdb_release/all/pdb1tih.ent 33.333333
/nfs/cathdata/dompdb/1raaB2 33.333333
/nfs/cathdata/dompdb/2atcB2 0.000000
/nfs/cathdata/dompdb/1ytfD2 46.666667
/tmp/1ytfC0 50.000000
/data/pdb_release/all/pdb1sso.ent 55.000000
/data/pdb_release/all/pdb1sap.ent 78.333333
/data/pdb_release/all/pdb1hsp.ent 0.000000
/data/pdb_release/all/pdb1gfc.ent 33.333333
/tmp/1aboA0 60.000000
/tmp/1cskA0 63.333333
/tmp/1ckaA0 60.000000
/tmp/1gbrA0 46.666667
/data/pdb_release/all/pdb1shg.ent 76.666667
/tmp/1shfA0 63.333333
/tmp/1nloC0 46.666667
/data/pdb_release/all/pdb1pnj.ent 66.666667
/tmp/1semA0 60.000000
/nfs/cathdata/dompdb/1lckA1 60.000000
/data/pdb_release/all/pdb1tud.ent 63.333333
/data/pdb_release/all/pdb1tuc.ent 60.000000
/nfs/cathdata/dompdb/1ad5A1 60.000000
/data/pdb_release/all/pdb1pls.ent 90.000000
/tmp/1dynA0 90.000000
/data/pdb_release/all/pdb1btn.ent 81.666667
/tmp/1tgxA0 43.333333
/data/pdb_release/all/pdb1nea.ent 43.333333
/data/pdb_release/all/pdb1nor.ent 43.333333
/data/pdb_release/all/pdb1ntx.ent 43.333333
/data/pdb_release/all/pdb1fas.ent 46.666667
/tmp/1cdtA0 46.666667
/data/pdb_release/all/pdb2crs.ent 33.333333
/data/pdb_release/all/pdb1ntn.ent 78.333333
/data/pdb_release/all/pdb1tfs.ent 43.333333
/data/pdb_release/all/pdb1lsi.ent 46.666667
/nfs/cathdata/dompdb/1psi01 80.000000
/nfs/cathdata/dompdb/2achA2 78.333333
/tmp/1bi6H0 33.333333
/data/pdb_release/all/pdb1tpm.ent 46.666667
/nfs/cathdata/dompdb/1hfh01 33.333333
/data/pdb_release/all/pdb1hcc.ent 16.666667
/tmp/1lpbA0 38.333333
/nfs/cathdata/dompdb/1antI1 80.000000
/tmp/1hcnB0 66.666667
/tmp/1hcnA0 75.000000
/tmp/1pdgA0 86.666667
/data/pdb_release/all/pdb2tgi.ent 41.666667
/tmp/1klaA0 38.333333
/data/pdb_release/all/pdb1tgj.ent 41.666667
/data/pdb_release/all/pdb1bet.ent 86.666667
/tmp/1bndA0 81.666667
/tmp/1bndB0 76.666667
/data/pdb_release/all/pdb1fbr.ent 76.666667
/tmp/1umuA0 81.666667
/data/pdb_release/all/pdb1ctl.ent 63.333333
/data/pdb_release/all/pdb1iml.ent 68.333333
/nfs/cathdata/dompdb/1extB1 33.333333
/tmp/2kauB0 66.666667
/tmp/1rprA0 10.000000
/tmp/1fc2C0 10.000000
/tmp/1spzZ0 15.000000
/data/pdb_release/all/pdb1edi.ent 11.666667
/data/pdb_release/all/pdb2pdd.ent 6.666667
/data/pdb_release/all/pdb1bal.ent 10.000000
/tmp/1csbA0 6.666667
/tmp/1htrP0 10.000000
/nfs/cathdata/dompdb/1ilk02 11.666667
/data/pdb_release/all/pdb1bha.ent 11.666667
/nfs/cathdata/dompdb/1grj01 11.666667
/nfs/cathdata/dompdb/1sesA1 16.666667
/data/pdb_release/all/pdb1pdc.ent 0.000000
/tmp/2achB0 0.000000
/data/pdb_release/all/pdb1egf.ent 33.333333
/data/pdb_release/all/pdb1apo.ent 0.000000
/data/pdb_release/all/pdb1fsb.ent 0.000000
/data/pdb_release/all/pdb1hre.ent 0.000000
/data/pdb_release/all/pdb1yuf.ent 0.000000
/tmp/1hcgB0 33.333333
/data/pdb_release/all/pdb1ata.ent 33.333333
/nfs/cathdata/dompdb/1ncfA2 66.666667
/data/pdb_release/all/pdb1cdq.ent 35.000000
/tmp/1kbaA0 71.666667
/tmp/2abxA0 0.000000
/tmp/1abtA0 33.333333
/data/pdb_release/all/pdb3ebx.ent 46.666667
/data/pdb_release/all/pdb2ctx.ent 43.333333
/data/pdb_release/all/pdb2cdx.ent 46.666667
/tmp/1kxiA0 46.666667
/data/pdb_release/all/pdb1cre.ent 33.333333
/data/pdb_release/all/pdb1cod.ent 63.333333
/data/pdb_release/all/pdb1drs.ent 0.000000
/data/pdb_release/all/pdb1lki.ent 20.000000
/tmp/3inkC0 46.666667
/data/pdb_release/all/pdb1hgu.ent 18.333333
/data/pdb_release/all/pdb1huw.ent 20.000000
/tmp/3hhrA0 16.666667
/data/pdb_release/all/pdb1lpt.ent 20.000000
/data/pdb_release/all/pdb1lip.ent 18.333333
/data/pdb_release/all/pdb1mzm.ent 18.333333
/data/pdb_release/all/pdb1hyp.ent 11.666667
/nfs/cathdata/dompdb/1dlc01 26.666667
/nfs/cathdata/dompdb/1ciy01 26.666667
/tmp/1etrL0 5.000000
/tmp/1tbrJ0 10.000000
/tmp/3aahB0 5.000000
/tmp/4aahB0 5.000000
/tmp/1olgA0 5.000000
/tmp/2bbvD0 5.000000
/data/pdb_release/all/pdb2ifo.ent 5.000000
/tmp/1pfiA0 6.666667
/tmp/1junA0 5.000000
/data/pdb_release/all/pdb1tvs.ent 15.000000
/tmp/1ysaC0 5.000000
/data/pdb_release/all/pdb1aml.ent 10.000000
/data/pdb_release/all/pdb125d.ent 10.000000
/data/pdb_release/all/pdb1cld.ent 6.666667
/tmp/1d66A0 11.666667
/data/pdb_release/all/pdb1pyc.ent 6.666667
/nfs/cathdata/dompdb/1poxA4 10.000000
/tmp/1ltsC0 10.000000
/tmp/1xtcC0 10.000000
/tmp/1scmA0 10.000000
/tmp/1mdyB0 6.666667
/data/pdb_release/all/pdb1bct.ent 10.000000
/nfs/cathdata/dompdb/1pcrL2 16.666667
/nfs/cathdata/dompdb/1prcL2 16.666667
/nfs/cathdata/dompdb/1pcrM2 16.666667
/nfs/cathdata/dompdb/1prcM2 16.666667
/nfs/cathdata/dompdb/1dik05 20.000000
/tmp/1bcfA0 18.333333
/data/pdb_release/all/pdb1fha.ent 20.000000
/data/pdb_release/all/pdb1ier.ent 20.000000
/data/pdb_release/all/pdb1rcc.ent 20.000000
/tmp/2ccyA0 16.666667
/data/pdb_release/all/pdb1cpq.ent 16.666667
/tmp/1bbhA0 16.666667
/data/pdb_release/all/pdb1cgn.ent 21.666667
/data/pdb_release/all/pdb1lpe.ent 15.000000
/data/pdb_release/all/pdb2asr.ent 20.000000
/data/pdb_release/all/pdb1vls.ent 16.666667
/data/pdb_release/all/pdb1aep.ent 25.000000
/tmp/256bA0 20.000000
/tmp/2hmqA0 20.000000
/data/pdb_release/all/pdb2mhr.ent 20.000000
/tmp/2tmvP0 21.666667
/tmp/1rmvA0 20.000000
/nfs/cathdata/dompdb/2ilk01 20.000000
/nfs/cathdata/dompdb/1vlk01 15.000000
/nfs/cathdata/dompdb/1bucA3 20.000000
/nfs/cathdata/dompdb/3mddA3 20.000000
/nfs/cathdata/dompdb/1chkA1 41.666667
/data/pdb_release/all/pdb1lis.ent 15.000000
/data/pdb_release/all/pdb1rcb.ent 11.666667
/tmp/1gmfA0 46.666667
/tmp/1bgeA0 20.000000
/tmp/1rhgA0 16.666667
/data/pdb_release/all/pdb1bgc.ent 20.000000
/nfs/cathdata/dompdb/1whtA2 15.000000
/data/pdb_release/all/pdb2erl.ent 15.000000
/nfs/cathdata/dompdb/1ytfD1 10.000000
/nfs/cathdata/dompdb/1mtyG1 15.000000
/nfs/cathdata/dompdb/1mhyG1 15.000000
/tmp/1ecmA0 15.000000
/nfs/cathdata/dompdb/1lxa02 20.000000
/data/pdb_release/all/pdb1acp.ent 16.666667
/data/pdb_release/all/pdb1aca.ent 11.666667
/nfs/cathdata/dompdb/1pcrM1 13.333333
/nfs/cathdata/dompdb/1prcM1 11.666667
/nfs/cathdata/dompdb/1pcrL1 16.666667
/nfs/cathdata/dompdb/1prcL1 18.333333
/nfs/cathdata/dompdb/3sdpA1 11.666667
/nfs/cathdata/dompdb/1mngA1 16.666667
/nfs/cathdata/dompdb/1svcP2 11.666667
/nfs/cathdata/dompdb/1nfkA2 10.000000
/nfs/cathdata/dompdb/1mtyG2 16.666667
/nfs/cathdata/dompdb/1mhyG2 15.000000
/nfs/cathdata/dompdb/2minB4 10.000000
/nfs/cathdata/dompdb/1mioB3 16.666667
/data/pdb_release/all/pdb1poc.ent 41.666667
/data/pdb_release/all/pdb1ppa.ent 16.666667
/data/pdb_release/all/pdb1poa.ent 48.333333
/data/pdb_release/all/pdb4bp2.ent 46.666667
/data/pdb_release/all/pdb1pod.ent 48.333333
/tmp/3p2pA0 48.333333
/tmp/1pp2L0 41.666667
/tmp/1clpA0 48.333333
/tmp/1bunA0 48.333333
/data/pdb_release/all/pdb1psj.ent 46.666667
/data/pdb_release/all/pdb1ae7.ent 46.666667
/nfs/cathdata/dompdb/1bmtA1 15.000000
/data/pdb_release/all/pdb1lmq.ent 13.333333
/data/pdb_release/all/pdb1jug.ent 13.333333
/data/pdb_release/all/pdb119l.ent 58.333333
/nfs/cathdata/dompdb/1bucA1 18.333333
/nfs/cathdata/dompdb/3mddA1 18.333333
/nfs/cathdata/dompdb/1oxa02 16.666667
/nfs/cathdata/dompdb/1grl01 45.000000
/nfs/cathdata/dompdb/1aorA2 61.666667
/nfs/cathdata/dompdb/2pgd02 25.000000
/nfs/cathdata/dompdb/1dnpA3 20.000000
/nfs/cathdata/dompdb/1csc01 20.000000
/tmp/1csmA0 20.000000
/nfs/cathdata/dompdb/1aorA3 25.000000
/data/pdb_release/all/pdb1fps.ent 26.666667
/nfs/cathdata/dompdb/1clc02 58.333333
/tmp/1ribA0 41.666667
/tmp/1mmoB0 23.333333
/tmp/1mhyB0 20.000000
/nfs/cathdata/dompdb/1cpt02 45.000000
/data/pdb_release/all/pdb1phb.ent 45.000000
/tmp/2bmhA0 63.333333
/nfs/cathdata/dompdb/1lla01 21.666667
/tmp/1mhlC0 20.000000
/tmp/1mtyD0 43.333333
/tmp/1mhyD0 50.000000
/nfs/cathdata/dompdb/2sblB2 68.333333
/data/pdb_release/all/pdb1lnh.ent 100.000000
/data/pdb_release/all/pdb1ehs.ent 10.000000
/tmp/2spcA0 10.000000
/tmp/1ytfB0 10.000000
/nfs/cathdata/dompdb/1pnkA2 10.000000
/data/pdb_release/all/pdb1aty.ent 11.666667
/nfs/cathdata/dompdb/1dloA3 28.333333
/tmp/1ithA0 18.333333
/tmp/1cpcA0 20.000000
/tmp/1cpcB0 20.000000
/tmp/1allA0 20.000000
/tmp/1allB0 16.666667
/tmp/1colA0 26.666667
/nfs/cathdata/dompdb/1ddt02 23.333333
/nfs/cathdata/dompdb/3blm02 20.000000
/nfs/cathdata/dompdb/1mblA2 23.333333
/nfs/cathdata/dompdb/1btl02 20.000000
/nfs/cathdata/dompdb/1ckiA2 26.666667
/nfs/cathdata/dompdb/1csn02 21.666667
/nfs/cathdata/dompdb/1apmE1 21.666667
/nfs/cathdata/dompdb/1irk02 21.666667
/nfs/cathdata/dompdb/1ad5A4 21.666667
/nfs/cathdata/dompdb/1aru01 20.000000
/nfs/cathdata/dompdb/1llp01 20.000000
/nfs/cathdata/dompdb/1mnp01 21.666667
/nfs/cathdata/dompdb/1qpaA1 20.000000
/nfs/cathdata/dompdb/1cca01 26.666667
/nfs/cathdata/dompdb/1apxA1 20.000000
/nfs/cathdata/dompdb/1schA1 15.000000
/data/pdb_release/all/pdb153l.ent 21.666667
/data/pdb_release/all/pdb1baa.ent 20.000000
/nfs/cathdata/dompdb/1cnsA1 21.666667
/data/pdb_release/all/pdb135l.ent 16.666667
/data/pdb_release/all/pdb2ihl.ent 13.333333
/data/pdb_release/all/pdb1lz1.ent 43.333333
/data/pdb_release/all/pdb1hhl.ent 16.666667
/tmp/1ghlA0 16.666667
/data/pdb_release/all/pdb2eql.ent 18.333333
/data/pdb_release/all/pdb1alc.ent 16.666667
/data/pdb_release/all/pdb1hml.ent 16.666667
/tmp/1thbA0 23.333333
/tmp/1hdsA0 18.333333
/tmp/1hdsB0 20.000000
/tmp/2mhbA0 20.000000
/tmp/1fdhG0 20.000000
/tmp/1hbhA0 18.333333
/tmp/1hdaA0 23.333333
/tmp/1babB0 20.000000
/data/pdb_release/all/pdb2lhb.ent 23.333333
/tmp/1hbhB0 20.000000
/tmp/1hdaB0 23.333333
/tmp/1pghA0 20.000000
/tmp/1pghB0 18.333333
/tmp/1ibeB0 21.666667
/tmp/1outA0 20.000000
/tmp/1outB0 18.333333
/tmp/1spgA0 23.333333
/tmp/1spgB0 20.000000
/data/pdb_release/all/pdb1flp.ent 21.666667
/data/pdb_release/all/pdb1lhs.ent 20.000000
/data/pdb_release/all/pdb1bvd.ent 20.000000
/data/pdb_release/all/pdb1ymb.ent 18.333333
/data/pdb_release/all/pdb1mbs.ent 23.333333
/data/pdb_release/all/pdb2mm1.ent 20.000000
/data/pdb_release/all/pdb1emy.ent 20.000000
/tmp/1mygA0 23.333333
/data/pdb_release/all/pdb1myt.ent 18.333333
/data/pdb_release/all/pdb1eca.ent 20.000000
/tmp/1sctA0 18.333333
/tmp/1sctB0 23.333333
/tmp/3sdhA0 20.000000
/data/pdb_release/all/pdb1mba.ent 18.333333
/data/pdb_release/all/pdb1ash.ent 23.333333
/nfs/cathdata/dompdb/1fcdC2 18.333333
/tmp/2mtaC0 20.000000
/nfs/cathdata/dompdb/2abk02 13.333333
/nfs/cathdata/dompdb/1npc02 20.000000
/nfs/cathdata/dompdb/1ezm02 23.333333
/nfs/cathdata/dompdb/2tmnE2 20.000000
/nfs/cathdata/dompdb/1dnpA2 21.666667
/nfs/cathdata/dompdb/1gia02 23.333333
/nfs/cathdata/dompdb/1tadA2 23.333333
/nfs/cathdata/dompdb/7catA2 21.666667
/nfs/cathdata/dompdb/1cca02 43.333333
/nfs/cathdata/dompdb/1apxA2 16.666667
/nfs/cathdata/dompdb/1aru02 15.000000
/nfs/cathdata/dompdb/1llp02 15.000000
/nfs/cathdata/dompdb/1mnp02 15.000000
/nfs/cathdata/dompdb/1qpaA2 20.000000
/nfs/cathdata/dompdb/1schA2 21.666667
/tmp/1rfbA0 20.000000
/nfs/cathdata/dompdb/1pnkA1 40.000000
/data/pdb_release/all/pdb1end.ent 16.666667
/nfs/cathdata/dompdb/1gly01 43.333333
/nfs/cathdata/dompdb/1ecl02 43.333333
/data/pdb_release/all/pdb1sra.ent 20.000000
/nfs/cathdata/dompdb/1prcC2 18.333333
/nfs/cathdata/dompdb/1prcC1 18.333333
/nfs/cathdata/dompdb/1vsgA2 20.000000
/nfs/cathdata/dompdb/1gly02 28.333333
/nfs/cathdata/dompdb/1pnkB4 20.000000
/data/pdb_release/all/pdb1hlm.ent 21.666667
/data/pdb_release/all/pdb1hlb.ent 20.000000
/data/pdb_release/all/pdb1hbg.ent 23.333333
/data/pdb_release/all/pdb1gdj.ent 20.000000
/tmp/1binA0 23.333333
/nfs/cathdata/dompdb/1osa02 16.666667
/nfs/cathdata/dompdb/1wdcC2 16.666667
/nfs/cathdata/dompdb/1tnw02 16.666667
/tmp/1cnpA0 16.666667
/tmp/1symA0 16.666667
/tmp/1tcoB0 20.000000
/nfs/cathdata/dompdb/1scmC1 16.666667
/nfs/cathdata/dompdb/1wdcB1 13.333333
/nfs/cathdata/dompdb/1rec01 0.000000
/nfs/cathdata/dompdb/1rec02 20.000000
/data/pdb_release/all/pdb2sas.ent 23.333333
/tmp/2scpA0 23.333333
/data/pdb_release/all/pdb155c.ent 16.666667
/data/pdb_release/all/pdb1ycc.ent 15.000000
/data/pdb_release/all/pdb1ccr.ent 21.666667
/tmp/5cytR0 16.666667
/data/pdb_release/all/pdb1yeb.ent 16.666667
/data/pdb_release/all/pdb1hrc.ent 16.666667
/data/pdb_release/all/pdb1cry.ent 18.333333
/data/pdb_release/all/pdb1cot.ent 16.666667
/data/pdb_release/all/pdb3c2c.ent 16.666667
/tmp/1c2rA0 16.666667
/data/pdb_release/all/pdb1cxc.ent 18.333333
/data/pdb_release/all/pdb1yea.ent 18.333333
/tmp/1hroA0 16.666667
/data/pdb_release/all/pdb1dvh.ent 15.000000
/data/pdb_release/all/pdb351c.ent 16.666667
/data/pdb_release/all/pdb1cor.ent 20.000000
/data/pdb_release/all/pdb1cch.ent 16.666667
/nfs/cathdata/dompdb/1fcdC1 13.333333
/data/pdb_release/all/pdb1cc5.ent 15.000000
/data/pdb_release/all/pdb1cyi.ent 15.000000
/data/pdb_release/all/pdb1ctj.ent 16.666667
/nfs/cathdata/dompdb/6gsvA2 16.666667
/nfs/cathdata/dompdb/1gta02 18.333333
/nfs/cathdata/dompdb/1hna02 18.333333
/nfs/cathdata/dompdb/2gsq02 16.666667
/nfs/cathdata/dompdb/1gseA2 18.333333
/nfs/cathdata/dompdb/1bpb01 13.333333
/nfs/cathdata/dompdb/1taq02 10.000000
/nfs/cathdata/dompdb/9icwA2 16.666667
/nfs/cathdata/dompdb/1ecl04 20.000000
/nfs/cathdata/dompdb/1adeA2 16.666667
/nfs/cathdata/dompdb/1atnA3 40.000000
/nfs/cathdata/dompdb/1oxa03 18.333333
/data/pdb_release/all/pdb1hmx.ent 21.666667
/nfs/cathdata/dompdb/2abk01 23.333333
/nfs/cathdata/dompdb/1gln04 16.666667
/nfs/cathdata/dompdb/2tct02 18.333333
/tmp/1hulA0 18.333333
/data/pdb_release/all/pdb1coo.ent 16.666667
/nfs/cathdata/dompdb/1wdcB2 16.666667
/data/pdb_release/all/pdb1bod.ent 16.666667
/data/pdb_release/all/pdb1cb1.ent 16.666667
/data/pdb_release/all/pdb4icb.ent 18.333333
/data/pdb_release/all/pdb1cmf.ent 13.333333
/nfs/cathdata/dompdb/1ncx01 21.666667
/data/pdb_release/all/pdb1cfc.ent 20.000000
/data/pdb_release/all/pdb1tnx.ent 23.333333
/data/pdb_release/all/pdb1rro.ent 21.666667
/data/pdb_release/all/pdb4cpv.ent 18.333333
/data/pdb_release/all/pdb5pal.ent 20.000000
/data/pdb_release/all/pdb1pal.ent 23.333333
/tmp/1rtp10 23.333333
/tmp/1pvaA0 20.000000
/nfs/cathdata/dompdb/1osa01 15.000000
/nfs/cathdata/dompdb/1avhA1 15.000000
/nfs/cathdata/dompdb/2ran01 15.000000
/nfs/cathdata/dompdb/1ala02 15.000000
/nfs/cathdata/dompdb/1hvd02 15.000000
/nfs/cathdata/dompdb/1ala04 15.000000
/nfs/cathdata/dompdb/1ann04 18.333333
/nfs/cathdata/dompdb/1avhA4 15.000000
/nfs/cathdata/dompdb/1axn01 15.000000
/nfs/cathdata/dompdb/1axn03 15.000000
/nfs/cathdata/dompdb/1axn02 15.000000
/nfs/cathdata/dompdb/1ala03 16.666667
/nfs/cathdata/dompdb/1ann03 18.333333
/nfs/cathdata/dompdb/1hvd03 15.000000
/nfs/cathdata/dompdb/2ran03 15.000000
/nfs/cathdata/dompdb/1axn04 15.000000
/nfs/cathdata/dompdb/1csc02 21.666667
/nfs/cathdata/dompdb/1csh02 21.666667
/nfs/cathdata/dompdb/2cts02 21.666667
/nfs/cathdata/dompdb/1tyaE2 18.333333
/nfs/cathdata/dompdb/1bvp11 18.333333
/data/pdb_release/all/pdb1neq.ent 18.333333
/nfs/cathdata/dompdb/1octC1 13.333333
/data/pdb_release/all/pdb1r69.ent 20.000000
/data/pdb_release/all/pdb2cro.ent 21.666667
/data/pdb_release/all/pdb1adr.ent 18.333333
/tmp/1lmb30 15.000000
/nfs/cathdata/dompdb/2yhx01 18.333333
/nfs/cathdata/dompdb/2bpfA1 18.333333
/nfs/cathdata/dompdb/1bgw03 16.666667
/nfs/cathdata/dompdb/1adt01 16.666667
/nfs/cathdata/dompdb/1glqA2 16.666667
/nfs/cathdata/dompdb/2gsrA2 16.666667
/nfs/cathdata/dompdb/1gssA2 13.333333
/data/pdb_release/all/pdb1erd.ent 6.666667
/nfs/cathdata/dompdb/1dtr02 15.000000
/tmp/1lccA0 11.666667
/nfs/cathdata/dompdb/1pnrA1 16.666667
/data/pdb_release/all/pdb1uxd.ent 11.666667
/nfs/cathdata/dompdb/2phlA1 10.000000
/nfs/cathdata/dompdb/2phlA4 11.666667
/tmp/6insE0 15.000000
/data/pdb_release/all/pdb2gf1.ent 15.000000
/data/pdb_release/all/pdb1igl.ent 10.000000
/data/pdb_release/all/pdb1bip.ent 16.666667
/data/pdb_release/all/pdb1c5a.ent 13.333333
/data/pdb_release/all/pdb1kjs.ent 16.666667
/tmp/1cmbA0 11.666667
/nfs/cathdata/dompdb/1gln03 13.333333
/nfs/cathdata/dompdb/1serA1 20.000000
/nfs/cathdata/dompdb/1bvp13 16.666667
/nfs/cathdata/dompdb/1dmb03 45.000000
/nfs/cathdata/dompdb/1dik02 15.000000
/nfs/cathdata/dompdb/9pap02 11.666667
/nfs/cathdata/dompdb/1aec02 13.333333
/nfs/cathdata/dompdb/1gecE2 13.333333
/nfs/cathdata/dompdb/2act02 13.333333
/nfs/cathdata/dompdb/1ppo02 11.666667
/nfs/cathdata/dompdb/1yal02 15.000000
/nfs/cathdata/dompdb/1theA2 15.000000
/nfs/cathdata/dompdb/1csbB1 11.666667
/nfs/cathdata/dompdb/2bltA2 11.666667
/data/pdb_release/all/pdb1utg.ent 16.666667
/data/pdb_release/all/pdb1ccd.ent 16.666667
/nfs/cathdata/dompdb/1ala01 15.000000
/nfs/cathdata/dompdb/1ann01 15.000000
/nfs/cathdata/dompdb/1ann02 16.666667
/tmp/1fliA0 11.666667
/data/pdb_release/all/pdb1etc.ent 28.333333
/tmp/1sttA0 28.333333
/data/pdb_release/all/pdb2hts.ent 26.666667
/data/pdb_release/all/pdb1hks.ent 10.000000
/data/pdb_release/all/pdb1enh.ent 11.666667
/data/pdb_release/all/pdb1ftz.ent 15.000000
/data/pdb_release/all/pdb1ftt.ent 11.666667
/tmp/1ahdP0 15.000000
/tmp/1fjlA0 11.666667
/data/pdb_release/all/pdb1vnd.ent 15.000000
/data/pdb_release/all/pdb1hdp.ent 15.000000
/data/pdb_release/all/pdb1ocp.ent 15.000000
/data/pdb_release/all/pdb1pog.ent 11.666667
/tmp/1yrnA0 11.666667
/tmp/1hcrA0 15.000000
/data/pdb_release/all/pdb1res.ent 11.666667
/data/pdb_release/all/pdb1lfb.ent 15.000000
/data/pdb_release/all/pdb2lfb.ent 11.666667
/tmp/1yrnB0 16.666667
/tmp/1fiaA0 13.333333
/data/pdb_release/all/pdb1mbe.ent 11.666667
/data/pdb_release/all/pdb1mbg.ent 11.666667
/data/pdb_release/all/pdb1mbj.ent 15.000000
/tmp/2wrpR0 20.000000
/nfs/cathdata/dompdb/2tct01 13.333333
/tmp/1bfmA0 15.000000
/tmp/1hryA0 11.666667
/data/pdb_release/all/pdb1hsm.ent 11.666667
/data/pdb_release/all/pdb1hma.ent 11.666667
/data/pdb_release/all/pdb1hme.ent 15.000000
/data/pdb_release/all/pdb1aab.ent 15.000000
/tmp/1trlA0 15.000000
/tmp/1mylA0 10.000000
/tmp/1parA0 10.000000
/tmp/1mntA0 20.000000
/data/pdb_release/all/pdb1lea.ent 11.666667
/tmp/1hstA0 41.666667
/data/pdb_release/all/pdb1ghc.ent 11.666667
/nfs/cathdata/dompdb/1dprA1 20.000000
/nfs/cathdata/dompdb/1bia01 11.666667
/nfs/cathdata/dompdb/1berA2 40.000000
/nfs/cathdata/dompdb/1pdnC1 15.000000
/nfs/cathdata/dompdb/1pdnC2 11.666667
