/tmp/2ltnB0 3.000000
/tmp/1lenB0 3.000000
/tmp/1lgcB0 0.000000
/nfs/cathdata/dompdb/1lyaB1 3.000000
/tmp/1aayA0 7.000000
/tmp/1ubdC0 10.000000
/tmp/1meyC0 10.000000
/tmp/2drpA0 14.000000
/tmp/1pyaA0 6.000000
/tmp/1hueA0 9.000000
/tmp/1wtuA0 27.000000
/tmp/1ihfA0 43.000000
/tmp/1ihfB0 45.000000
/nfs/cathdata/dompdb/1prcH1 28.000000
/nfs/cathdata/dompdb/1pcrH1 24.000000
/data/pdb_release/all/pdb4mt2.ent 0.000000
/data/pdb_release/all/pdb1tiv.ent 0.000000
/data/pdb_release/all/pdb1zaq.ent 0.000000
/data/pdb_release/all/pdb1iva.ent 0.000000
/data/pdb_release/all/pdb1agg.ent 0.000000
/data/pdb_release/all/pdb1cfh.ent 0.000000
/data/pdb_release/all/pdb1cfi.ent 0.000000
/data/pdb_release/all/pdb1aaf.ent 0.000000
/data/pdb_release/all/pdb2ech.ent 0.000000
/data/pdb_release/all/pdb1fvl.ent 0.000000
/data/pdb_release/all/pdb1kst.ent 20.000000
/tmp/1r0940 3.000000
/tmp/2plv40 23.000000
/tmp/1pvc40 21.000000
/tmp/1bbt40 6.000000
/tmp/1tme40 3.000000
/tmp/2mev40 3.000000
/tmp/1tabI0 0.000000
/data/pdb_release/all/pdb1pi2.ent 10.000000
/data/pdb_release/all/pdb1bbi.ent 40.000000
/nfs/cathdata/dompdb/1pcp01 3.000000
/nfs/cathdata/dompdb/2pspA2 3.000000
/nfs/cathdata/dompdb/1gcb01 67.000000
/nfs/cathdata/dompdb/1fieA2 73.000000
/nfs/cathdata/dompdb/1lgr01 64.000000
/nfs/cathdata/dompdb/1abbA1 75.000000
/nfs/cathdata/dompdb/1ygpA1 68.000000
/nfs/cathdata/dompdb/1pgd03 3.000000
/data/pdb_release/all/pdb1ldl.ent 0.000000
/data/pdb_release/all/pdb1ldr.ent 0.000000
/data/pdb_release/all/pdb1tap.ent 23.000000
/data/pdb_release/all/pdb5pti.ent 23.000000
/tmp/1aapA0 21.000000
/data/pdb_release/all/pdb1dtx.ent 23.000000
/data/pdb_release/all/pdb1dtk.ent 23.000000
/data/pdb_release/all/pdb1shp.ent 23.000000
/tmp/1brbI0 21.000000
/data/pdb_release/all/pdb1knt.ent 21.000000
/data/pdb_release/all/pdb1dem.ent 23.000000
/tmp/1bunB0 21.000000
/data/pdb_release/all/pdb1hnr.ent 3.000000
/tmp/1mhlA0 6.000000
/nfs/cathdata/dompdb/1gal02 6.000000
/nfs/cathdata/dompdb/1inp01 6.000000
/nfs/cathdata/dompdb/1rtc02 26.000000
/nfs/cathdata/dompdb/1apa02 27.000000
/nfs/cathdata/dompdb/1pafA2 27.000000
/nfs/cathdata/dompdb/1mrg02 27.000000
/nfs/cathdata/dompdb/1mrj02 27.000000
/nfs/cathdata/dompdb/1abrA2 27.000000
/tmp/1isuA0 3.000000
/data/pdb_release/all/pdb1hip.ent 14.000000
/tmp/2hipA0 20.000000
/data/pdb_release/all/pdb1hpi.ent 13.000000
/data/pdb_release/all/pdb1bbo.ent 4.000000
/nfs/cathdata/dompdb/1adt02 40.000000
/tmp/1abmA0 39.000000
/tmp/1idsA0 40.000000
/tmp/1isaA0 43.000000
/nfs/cathdata/dompdb/1vsgA1 20.000000
/tmp/1hmpA0 67.000000
/nfs/cathdata/dompdb/1adeA3 37.000000
/nfs/cathdata/dompdb/1qorA1 63.000000
/nfs/cathdata/dompdb/3btoA1 62.000000
/nfs/cathdata/dompdb/1dehA1 67.000000
/nfs/cathdata/dompdb/1cdoA1 65.000000
/nfs/cathdata/dompdb/1tehA1 63.000000
/nfs/cathdata/dompdb/1agnA1 61.000000
/tmp/1yptA0 55.000000
/data/pdb_release/all/pdb2hnp.ent 64.000000
/nfs/cathdata/dompdb/1yfoA1 76.000000
/tmp/1vhrA0 54.000000
/data/pdb_release/all/pdb1gpc.ent 60.000000
/nfs/cathdata/dompdb/1bgw05 50.000000
/nfs/cathdata/dompdb/1jetA1 63.000000
/nfs/cathdata/dompdb/1glaG1 61.000000
/nfs/cathdata/dompdb/1hgeA1 85.000000
/tmp/1ltsA0 57.000000
/tmp/1xtcA0 58.000000
/tmp/1tiiA0 46.000000
/tmp/1prtA0 57.000000
/nfs/cathdata/dompdb/1admA2 49.000000
/nfs/cathdata/dompdb/1chmA2 74.000000
/data/pdb_release/all/pdb1mat.ent 68.000000
/data/pdb_release/all/pdb1pbn.ent 63.000000
/data/pdb_release/all/pdb1ula.ent 65.000000
/tmp/1ecpA0 66.000000
/nfs/cathdata/dompdb/1dhx03 62.000000
/data/pdb_release/all/pdb2cyr.ent 29.000000
/data/pdb_release/all/pdb1wad.ent 7.000000
/data/pdb_release/all/pdb1czj.ent 31.000000
/tmp/1htmB0 7.000000
/nfs/cathdata/dompdb/1berA1 50.000000
/nfs/cathdata/dompdb/1dhx02 22.000000
/nfs/cathdata/dompdb/1gln02 47.000000
/nfs/cathdata/dompdb/1gtrA2 37.000000
/nfs/cathdata/dompdb/1prcH2 34.000000
/nfs/cathdata/dompdb/4rcrH2 21.000000
/nfs/cathdata/dompdb/1oxa01 32.000000
/nfs/cathdata/dompdb/1cpt01 44.000000
/nfs/cathdata/dompdb/1gcb02 32.000000
/data/pdb_release/all/pdb1mut.ent 32.000000
/data/pdb_release/all/pdb1pyp.ent 44.000000
/data/pdb_release/all/pdb2prd.ent 78.000000
/tmp/1eipA0 67.000000
/nfs/cathdata/dompdb/1ordA4 35.000000
/nfs/cathdata/dompdb/2cmd02 36.000000
/nfs/cathdata/dompdb/1mldA2 40.000000
/nfs/cathdata/dompdb/6ldh02 40.000000
/nfs/cathdata/dompdb/1llc02 43.000000
/nfs/cathdata/dompdb/1lldA2 27.000000
/nfs/cathdata/dompdb/2ldx02 38.000000
/nfs/cathdata/dompdb/3ldh02 24.000000
/nfs/cathdata/dompdb/5ldh02 28.000000
/nfs/cathdata/dompdb/9ldtA2 38.000000
/nfs/cathdata/dompdb/1ldb02 40.000000
/nfs/cathdata/dompdb/1hyhA2 38.000000
/nfs/cathdata/dompdb/4mdhA2 38.000000
/nfs/cathdata/dompdb/1bdmA2 40.000000
/nfs/cathdata/dompdb/1dctA2 17.000000
/tmp/1regX0 57.000000
/nfs/cathdata/dompdb/2bltA1 66.000000
/data/pdb_release/all/pdb1xaa.ent 63.000000
/data/pdb_release/all/pdb1xac.ent 58.000000
/tmp/1alkA0 63.000000
/data/pdb_release/all/pdb1lpp.ent 56.000000
/data/pdb_release/all/pdb1thg.ent 60.000000
/tmp/1cleA0 56.000000
/data/pdb_release/all/pdb1ace.ent 65.000000
/nfs/cathdata/dompdb/3ladA2 69.000000
/nfs/cathdata/dompdb/1lpfA2 55.000000
/nfs/cathdata/dompdb/1lvl02 43.000000
/nfs/cathdata/dompdb/1ebdA2 69.000000
/nfs/cathdata/dompdb/2tmdA3 66.000000
/nfs/cathdata/dompdb/1gerA2 59.000000
/nfs/cathdata/dompdb/1gesA2 61.000000
/nfs/cathdata/dompdb/3grs02 61.000000
/nfs/cathdata/dompdb/1tde02 60.000000
/nfs/cathdata/dompdb/1vdc02 68.000000
/nfs/cathdata/dompdb/1fecB2 61.000000
/nfs/cathdata/dompdb/1nhr02 59.000000
/nfs/cathdata/dompdb/1fcdA2 76.000000
/tmp/1pyaB0 65.000000
/nfs/cathdata/dompdb/1dik03 69.000000
/nfs/cathdata/dompdb/1aorA1 69.000000
/tmp/2dnjA0 70.000000
/tmp/1fjmA0 71.000000
/tmp/1tcoA0 63.000000
/nfs/cathdata/dompdb/1gph11 73.000000
/data/pdb_release/all/pdb1plq.ent 81.000000
/data/pdb_release/all/pdb1bnh.ent 24.000000
/data/pdb_release/all/pdb1cy3.ent 3.000000
/tmp/1cthA0 10.000000
/data/pdb_release/all/pdb2cdv.ent 10.000000
/nfs/cathdata/dompdb/1trkA1 48.000000
/tmp/1rvaA0 71.000000
/nfs/cathdata/dompdb/1atnA1 67.000000
/nfs/cathdata/dompdb/2btfA1 50.000000
/nfs/cathdata/dompdb/1olbA2 47.000000
/data/pdb_release/all/pdb2ctc.ent 60.000000
/data/pdb_release/all/pdb1amp.ent 67.000000
/nfs/cathdata/dompdb/1lam02 68.000000
/nfs/cathdata/dompdb/1tplA2 62.000000
/nfs/cathdata/dompdb/1dgd02 58.000000
/nfs/cathdata/dompdb/1aam02 32.000000
/nfs/cathdata/dompdb/1akaA2 58.000000
/nfs/cathdata/dompdb/2cstA2 57.000000
/nfs/cathdata/dompdb/1ordA2 58.000000
/data/pdb_release/all/pdb1rpa.ent 47.000000
/data/pdb_release/all/pdb1esc.ent 47.000000
/nfs/cathdata/dompdb/1gpb02 55.000000
/nfs/cathdata/dompdb/1ygpA2 59.000000
/tmp/1deaA0 55.000000
/tmp/1thtA0 61.000000
/tmp/1tahA0 63.000000
/tmp/1oilA0 58.000000
/nfs/cathdata/dompdb/1hplA1 63.000000
/nfs/cathdata/dompdb/1lpbB1 67.000000
/tmp/1ethA0 77.000000
/data/pdb_release/all/pdb1gpl.ent 84.000000
/data/pdb_release/all/pdb1tca.ent 55.000000
/data/pdb_release/all/pdb1ede.ent 53.000000
/data/pdb_release/all/pdb1ysc.ent 61.000000
/nfs/cathdata/dompdb/1asyA2 61.000000
/nfs/cathdata/dompdb/1lylA2 72.000000
/nfs/cathdata/dompdb/1serA2 63.000000
/data/pdb_release/all/pdb3pte.ent 63.000000
/nfs/cathdata/dompdb/1abrA1 58.000000
/nfs/cathdata/dompdb/1ahc01 72.000000
/nfs/cathdata/dompdb/1mrj01 69.000000
/nfs/cathdata/dompdb/1apa01 53.000000
/nfs/cathdata/dompdb/1pafA1 53.000000
/tmp/4dfrA0 67.000000
/data/pdb_release/all/pdb3dfr.ent 63.000000
/data/pdb_release/all/pdb8dfr.ent 55.000000
/data/pdb_release/all/pdb1drf.ent 54.000000
/data/pdb_release/all/pdb1dyr.ent 56.000000
/nfs/cathdata/dompdb/1adeA1 62.000000
/nfs/cathdata/dompdb/3pmgA1 70.000000
/data/pdb_release/all/pdb1udg.ent 45.000000
/nfs/cathdata/dompdb/3pgk02 46.000000
/nfs/cathdata/dompdb/1php02 59.000000
/nfs/cathdata/dompdb/1gpmA1 78.000000
/nfs/cathdata/dompdb/1powA3 48.000000
/nfs/cathdata/dompdb/1pvdA3 46.000000
/nfs/cathdata/dompdb/1pvdA1 53.000000
/nfs/cathdata/dompdb/1powA1 55.000000
/nfs/cathdata/dompdb/1trkA2 44.000000
/nfs/cathdata/dompdb/1tyaE1 47.000000
/nfs/cathdata/dompdb/2tysB2 62.000000
/nfs/cathdata/dompdb/1minA1 48.000000
/nfs/cathdata/dompdb/1mioA1 51.000000
/nfs/cathdata/dompdb/3ecaA1 69.000000
/nfs/cathdata/dompdb/1agx01 65.000000
/nfs/cathdata/dompdb/3pga11 62.000000
/tmp/1wsaA0 71.000000
/tmp/1nbaA0 53.000000
/nfs/cathdata/dompdb/2reb01 56.000000
/tmp/1smnA0 61.000000
/tmp/1eriA0 65.000000
/nfs/cathdata/dompdb/1lvl01 56.000000
/nfs/cathdata/dompdb/1ebdA1 61.000000
/nfs/cathdata/dompdb/1gal01 62.000000
/nfs/cathdata/dompdb/1fcdA1 58.000000
/nfs/cathdata/dompdb/1coy01 73.000000
/nfs/cathdata/dompdb/1pbe01 66.000000
/nfs/cathdata/dompdb/1aa8A1 53.000000
/nfs/cathdata/dompdb/1dob02 60.000000
/data/pdb_release/all/pdb1cge.ent 41.000000
/data/pdb_release/all/pdb1mnc.ent 43.000000
/data/pdb_release/all/pdb1srt.ent 43.000000
/nfs/cathdata/dompdb/1fbl01 43.000000
/data/pdb_release/all/pdb1mmq.ent 44.000000
/data/pdb_release/all/pdb1slm.ent 46.000000
/tmp/1atlA0 46.000000
/data/pdb_release/all/pdb1iag.ent 46.000000
/nfs/cathdata/dompdb/1kapP2 45.000000
/nfs/cathdata/dompdb/1sat02 46.000000
/data/pdb_release/all/pdb1iab.ent 43.000000
/nfs/cathdata/dompdb/1lcf01 54.000000
/nfs/cathdata/dompdb/1ovt01 52.000000
/nfs/cathdata/dompdb/1ovt03 53.000000
/nfs/cathdata/dompdb/1nnt01 17.000000
/nfs/cathdata/dompdb/1tfd01 26.000000
/nfs/cathdata/dompdb/1lcf03 52.000000
/nfs/cathdata/dompdb/1dot01 46.000000
/nfs/cathdata/dompdb/1dot03 53.000000
/nfs/cathdata/dompdb/1quk01 53.000000
/nfs/cathdata/dompdb/1sbp01 46.000000
/nfs/cathdata/dompdb/1dmb01 40.000000
/nfs/cathdata/dompdb/1pot01 38.000000
/nfs/cathdata/dompdb/3sc2A1 59.000000
/nfs/cathdata/dompdb/1rtc01 53.000000
/tmp/1pviA0 39.000000
/nfs/cathdata/dompdb/1bllE1 54.000000
/nfs/cathdata/dompdb/1scuB3 53.000000
/nfs/cathdata/dompdb/1ora01 35.000000
/nfs/cathdata/dompdb/1ora02 29.000000
/nfs/cathdata/dompdb/2glt01 61.000000
/nfs/cathdata/dompdb/1ttqB1 43.000000
/data/pdb_release/all/pdb3pgm.ent 26.000000
/nfs/cathdata/dompdb/1gtrA1 48.000000
/nfs/cathdata/dompdb/1gln01 49.000000
/tmp/1dsbA0 40.000000
/tmp/1gp1A0 44.000000
/nfs/cathdata/dompdb/1chmA1 64.000000
/nfs/cathdata/dompdb/1scuB1 48.000000
/nfs/cathdata/dompdb/1mla02 43.000000
/nfs/cathdata/dompdb/1glaG2 61.000000
/nfs/cathdata/dompdb/1ami01 54.000000
/data/pdb_release/all/pdb1ak2.ent 47.000000
/tmp/1ak3A0 56.000000
/tmp/1akeA0 53.000000
/data/pdb_release/all/pdb1aky.ent 46.000000
/data/pdb_release/all/pdb3adk.ent 46.000000
/data/pdb_release/all/pdb1ukz.ent 45.000000
/data/pdb_release/all/pdb1ukd.ent 47.000000
/nfs/cathdata/dompdb/2tmdA2 42.000000
/nfs/cathdata/dompdb/1nhp01 68.000000
/nfs/cathdata/dompdb/1trb01 43.000000
/nfs/cathdata/dompdb/1vdc01 33.000000
/nfs/cathdata/dompdb/1typA1 57.000000
/nfs/cathdata/dompdb/1gesA1 58.000000
/nfs/cathdata/dompdb/3grs01 50.000000
/nfs/cathdata/dompdb/3ladA1 57.000000
/nfs/cathdata/dompdb/1lpfA1 53.000000
/nfs/cathdata/dompdb/1pfkA2 37.000000
/nfs/cathdata/dompdb/3pfk02 39.000000
/nfs/cathdata/dompdb/3pgk01 36.000000
/nfs/cathdata/dompdb/1php01 38.000000
/nfs/cathdata/dompdb/3pmgA3 48.000000
/tmp/2rslA0 46.000000
/tmp/1gdtA0 48.000000
/nfs/cathdata/dompdb/1ctt02 43.000000
/nfs/cathdata/dompdb/1ctt01 43.000000
/tmp/1whtB0 47.000000
/nfs/cathdata/dompdb/1trkA3 51.000000
/nfs/cathdata/dompdb/1dmb02 35.000000
/nfs/cathdata/dompdb/1pda02 27.000000
/nfs/cathdata/dompdb/1hslA2 53.000000
/nfs/cathdata/dompdb/1lst02 44.000000
/nfs/cathdata/dompdb/1pbp02 39.000000
/nfs/cathdata/dompdb/1sbp02 39.000000
/data/pdb_release/all/pdb1ovb.ent 36.000000
/nfs/cathdata/dompdb/1lcf02 38.000000
/nfs/cathdata/dompdb/1lcf04 45.000000
/nfs/cathdata/dompdb/1ovt02 36.000000
/nfs/cathdata/dompdb/1ovt04 43.000000
/nfs/cathdata/dompdb/1tfd02 45.000000
/nfs/cathdata/dompdb/1dot04 7.000000
/nfs/cathdata/dompdb/1poy12 47.000000
/nfs/cathdata/dompdb/1inp03 52.000000
/nfs/cathdata/dompdb/1imbA2 28.000000
/nfs/cathdata/dompdb/1fbcA2 26.000000
/nfs/cathdata/dompdb/1ftaA2 28.000000
/nfs/cathdata/dompdb/1spiA2 29.000000
/nfs/cathdata/dompdb/1pda01 54.000000
/nfs/cathdata/dompdb/1hslA1 29.000000
/nfs/cathdata/dompdb/1lst01 31.000000
/nfs/cathdata/dompdb/2ldx01 55.000000
/nfs/cathdata/dompdb/3ldh01 54.000000
/nfs/cathdata/dompdb/5ldh01 28.000000
/nfs/cathdata/dompdb/9ldtA1 55.000000
/data/pdb_release/all/pdb5nll.ent 54.000000
/data/pdb_release/all/pdb2fx2.ent 52.000000
/data/pdb_release/all/pdb1ofv.ent 44.000000
/data/pdb_release/all/pdb2fcr.ent 46.000000
/data/pdb_release/all/pdb1rcf.ent 44.000000
/tmp/1lfaA0 58.000000
/data/pdb_release/all/pdb1ido.ent 55.000000
/nfs/cathdata/dompdb/1pfkA1 59.000000
/nfs/cathdata/dompdb/3pfk01 57.000000
/data/pdb_release/all/pdb1cus.ent 53.000000
/data/pdb_release/all/pdb1dad.ent 50.000000
/data/pdb_release/all/pdb1tib.ent 64.000000
/data/pdb_release/all/pdb3tgl.ent 68.000000
/tmp/1lgyA0 68.000000
/data/pdb_release/all/pdb1vid.ent 56.000000
/data/pdb_release/all/pdb1pdo.ent 48.000000
/nfs/cathdata/dompdb/1gpmA2 52.000000
/nfs/cathdata/dompdb/1dnpA1 53.000000
/nfs/cathdata/dompdb/1bgw02 39.000000
/nfs/cathdata/dompdb/1guhA1 36.000000
/nfs/cathdata/dompdb/1glqA1 44.000000
/nfs/cathdata/dompdb/2gsq01 34.000000
/nfs/cathdata/dompdb/2gsrA1 47.000000
/nfs/cathdata/dompdb/1gssA1 49.000000
/nfs/cathdata/dompdb/2gstA1 46.000000
/nfs/cathdata/dompdb/1gta01 28.000000
/nfs/cathdata/dompdb/1hna01 44.000000
/nfs/cathdata/dompdb/3pmgA2 37.000000
/data/pdb_release/all/pdb1lba.ent 35.000000
/tmp/1meeA0 69.000000
/nfs/cathdata/dompdb/1ordA1 43.000000
/data/pdb_release/all/pdb1ntr.ent 39.000000
/nfs/cathdata/dompdb/1gdhA2 56.000000
/nfs/cathdata/dompdb/2nacA2 55.000000
/nfs/cathdata/dompdb/2dldA2 57.000000
/nfs/cathdata/dompdb/2dldA1 28.000000
/nfs/cathdata/dompdb/1scuB2 45.000000
/nfs/cathdata/dompdb/1scuA1 51.000000
/nfs/cathdata/dompdb/1scuA2 64.000000
/data/pdb_release/all/pdb1phr.ent 47.000000
/nfs/cathdata/dompdb/1bmtA2 44.000000
/tmp/1iceA0 45.000000
/data/pdb_release/all/pdb1etu.ent 62.000000
/nfs/cathdata/dompdb/1eft01 53.000000
/data/pdb_release/all/pdb5p21.ent 57.000000
/tmp/1guaA0 58.000000
/tmp/1hurA0 62.000000
/tmp/1nipA0 55.000000
/nfs/cathdata/dompdb/1gky02 47.000000
/nfs/cathdata/dompdb/1dar01 70.000000
/nfs/cathdata/dompdb/1raaA1 45.000000
/nfs/cathdata/dompdb/1raaA2 45.000000
/nfs/cathdata/dompdb/2atcA2 8.000000
/nfs/cathdata/dompdb/4mdhA1 53.000000
/nfs/cathdata/dompdb/1bdmA1 53.000000
/nfs/cathdata/dompdb/2cmd01 52.000000
/nfs/cathdata/dompdb/1mldA1 53.000000
/nfs/cathdata/dompdb/1hyhA1 52.000000
/nfs/cathdata/dompdb/6ldh01 55.000000
/nfs/cathdata/dompdb/1ldb01 46.000000
/nfs/cathdata/dompdb/1llc01 11.000000
/nfs/cathdata/dompdb/1lldA1 56.000000
/nfs/cathdata/dompdb/1bdhA3 36.000000
/nfs/cathdata/dompdb/1tlfA2 46.000000
/nfs/cathdata/dompdb/1dbp01 34.000000
/data/pdb_release/all/pdb3chy.ent 53.000000
/nfs/cathdata/dompdb/1abe01 44.000000
/nfs/cathdata/dompdb/1gdhA1 49.000000
/nfs/cathdata/dompdb/1gca01 53.000000
/nfs/cathdata/dompdb/1gdd01 64.000000
/nfs/cathdata/dompdb/1tadA1 54.000000
/nfs/cathdata/dompdb/1gotA1 45.000000
/nfs/cathdata/dompdb/1gd1O1 62.000000
/nfs/cathdata/dompdb/4gpd11 50.000000
/nfs/cathdata/dompdb/1cerO1 56.000000
/nfs/cathdata/dompdb/1gadO1 64.000000
/nfs/cathdata/dompdb/1gypA1 62.000000
/nfs/cathdata/dompdb/1hdgO1 56.000000
/nfs/cathdata/dompdb/2lbp02 60.000000
/nfs/cathdata/dompdb/2liv02 62.000000
/nfs/cathdata/dompdb/2lbp01 50.000000
/nfs/cathdata/dompdb/2liv01 44.000000
/nfs/cathdata/dompdb/1pea02 54.000000
/nfs/cathdata/dompdb/1pea01 48.000000
/nfs/cathdata/dompdb/1ecl01 43.000000
/nfs/cathdata/dompdb/1admA1 70.000000
/nfs/cathdata/dompdb/1dctA1 63.000000
/nfs/cathdata/dompdb/1hmy01 58.000000
/tmp/1garA0 67.000000
/data/pdb_release/all/pdb1chd.ent 67.000000
/data/pdb_release/all/pdb1thm.ent 68.000000
/tmp/1cseE0 69.000000
/data/pdb_release/all/pdb1st3.ent 69.000000
/data/pdb_release/all/pdb2pkc.ent 67.000000
/data/pdb_release/all/pdb1s01.ent 69.000000
/nfs/cathdata/dompdb/1poxA2 46.000000
/nfs/cathdata/dompdb/1pvdA2 60.000000
/nfs/cathdata/dompdb/2pia02 52.000000
/nfs/cathdata/dompdb/1fnb02 52.000000
/nfs/cathdata/dompdb/1que02 46.000000
/nfs/cathdata/dompdb/1cnd02 44.000000
/nfs/cathdata/dompdb/1ndh02 56.000000
/nfs/cathdata/dompdb/1gph12 39.000000
/nfs/cathdata/dompdb/1ecgA2 48.000000
/data/pdb_release/all/pdb1sto.ent 57.000000
/nfs/cathdata/dompdb/2bgt02 45.000000
/nfs/cathdata/dompdb/2bgt01 61.000000
/nfs/cathdata/dompdb/2nacA1 55.000000
/data/pdb_release/all/pdb1dhr.ent 63.000000
/tmp/1hdcA0 53.000000
/data/pdb_release/all/pdb1eny.ent 46.000000
/nfs/cathdata/dompdb/1psdA1 29.000000
/nfs/cathdata/dompdb/1psdA2 53.000000
/nfs/cathdata/dompdb/1qorA2 57.000000
/nfs/cathdata/dompdb/3btoA2 50.000000
/nfs/cathdata/dompdb/1dehA2 49.000000
/nfs/cathdata/dompdb/1cdoA2 51.000000
/nfs/cathdata/dompdb/1tehA2 55.000000
/nfs/cathdata/dompdb/1agnA2 53.000000
/nfs/cathdata/dompdb/1dih01 37.000000
/nfs/cathdata/dompdb/2pgd01 55.000000
/nfs/cathdata/dompdb/1dpgA1 51.000000
/nfs/cathdata/dompdb/1dbqA1 58.000000
/nfs/cathdata/dompdb/1tlfA1 44.000000
/nfs/cathdata/dompdb/2dri02 52.000000
/nfs/cathdata/dompdb/1gca02 37.000000
/nfs/cathdata/dompdb/2gbp02 39.000000
/nfs/cathdata/dompdb/8abp02 60.000000
/data/pdb_release/all/pdb1ghu.ent 34.000000
/nfs/cathdata/dompdb/1ad5A2 32.000000
/tmp/1ayaA0 32.000000
/tmp/2pldA0 34.000000
/data/pdb_release/all/pdb1svq.ent 52.000000
/data/pdb_release/all/pdb1vil.ent 26.000000
/data/pdb_release/all/pdb1aba.ent 27.000000
/data/pdb_release/all/pdb1ego.ent 44.000000
/tmp/2trxA0 45.000000
/data/pdb_release/all/pdb1thx.ent 44.000000
/data/pdb_release/all/pdb3trx.ent 46.000000
/data/pdb_release/all/pdb1tof.ent 46.000000
/nfs/cathdata/dompdb/1pxtA1 46.000000
/nfs/cathdata/dompdb/1pxtA2 46.000000
/nfs/cathdata/dompdb/2yhx02 47.000000
/nfs/cathdata/dompdb/1dik01 37.000000
/nfs/cathdata/dompdb/2minA3 34.000000
/nfs/cathdata/dompdb/1mioA3 36.000000
/nfs/cathdata/dompdb/2minB2 27.000000
/nfs/cathdata/dompdb/2minB3 44.000000
/nfs/cathdata/dompdb/1mioB2 35.000000
/nfs/cathdata/dompdb/1mioB4 46.000000
/nfs/cathdata/dompdb/2minA2 38.000000
/nfs/cathdata/dompdb/1mioA2 42.000000
/nfs/cathdata/dompdb/2minB1 32.000000
/nfs/cathdata/dompdb/1mioB1 44.000000
/nfs/cathdata/dompdb/1iow01 36.000000
/nfs/cathdata/dompdb/1bncA1 35.000000
/nfs/cathdata/dompdb/3ecaA2 39.000000
/nfs/cathdata/dompdb/1agx02 39.000000
/nfs/cathdata/dompdb/3pga12 37.000000
/nfs/cathdata/dompdb/1pkyA1 54.000000
/nfs/cathdata/dompdb/1pkm01 57.000000
/nfs/cathdata/dompdb/1hsbA1 64.000000
/nfs/cathdata/dompdb/2clrA1 60.000000
/nfs/cathdata/dompdb/1mhcA1 70.000000
/tmp/1tmcA0 60.000000
/nfs/cathdata/dompdb/1fruA1 70.000000
/nfs/cathdata/dompdb/1tssA1 59.000000
/nfs/cathdata/dompdb/1se202 52.000000
/nfs/cathdata/dompdb/1sebD2 35.000000
/nfs/cathdata/dompdb/1esfA2 60.000000
/data/pdb_release/all/pdb1vhh.ent 47.000000
/nfs/cathdata/dompdb/3pmgA4 63.000000
/nfs/cathdata/dompdb/1imbA1 61.000000
/nfs/cathdata/dompdb/5fbpA1 69.000000
/nfs/cathdata/dompdb/1ftaA1 67.000000
/nfs/cathdata/dompdb/1spiA1 62.000000
/nfs/cathdata/dompdb/1inp02 42.000000
/nfs/cathdata/dompdb/1gd1O2 66.000000
/nfs/cathdata/dompdb/4gpd12 44.000000
/nfs/cathdata/dompdb/1cerO2 59.000000
/nfs/cathdata/dompdb/1gadO2 72.000000
/nfs/cathdata/dompdb/1gypA2 60.000000
/nfs/cathdata/dompdb/1hdgO2 58.000000
/data/pdb_release/all/pdb1cia.ent 69.000000
/nfs/cathdata/dompdb/1gal03 53.000000
/nfs/cathdata/dompdb/1dpgA2 69.000000
/data/pdb_release/all/pdb1dpb.ent 53.000000
/data/pdb_release/all/pdb1adn.ent 26.000000
/data/pdb_release/all/pdb2pna.ent 32.000000
/data/pdb_release/all/pdb1ab2.ent 24.000000
/tmp/1shaA0 34.000000
/tmp/1lcjA0 34.000000
/tmp/1csyA0 24.000000
/data/pdb_release/all/pdb1blj.ent 34.000000
/data/pdb_release/all/pdb1fim.ent 42.000000
/tmp/1mifA0 40.000000
/tmp/1kptA0 43.000000
/nfs/cathdata/dompdb/1dja01 51.000000
/nfs/cathdata/dompdb/1mblA1 52.000000
/nfs/cathdata/dompdb/1btl01 50.000000
/data/pdb_release/all/pdb2phy.ent 53.000000
/data/pdb_release/all/pdb1fil.ent 58.000000
/data/pdb_release/all/pdb1pne.ent 58.000000
/data/pdb_release/all/pdb1acf.ent 62.000000
/data/pdb_release/all/pdb2acg.ent 60.000000
/data/pdb_release/all/pdb1cqa.ent 60.000000
/nfs/cathdata/dompdb/1pnkB1 60.000000
/nfs/cathdata/dompdb/1oacA1 52.000000
/tmp/1otgA0 46.000000
/nfs/cathdata/dompdb/1ami02 36.000000
/nfs/cathdata/dompdb/1bpb02 52.000000
/nfs/cathdata/dompdb/9icwA3 51.000000
/nfs/cathdata/dompdb/1daaA1 49.000000
/nfs/cathdata/dompdb/1iov02 46.000000
/nfs/cathdata/dompdb/1glt02 55.000000
/tmp/1gtqA0 45.000000
/nfs/cathdata/dompdb/1bia02 54.000000
/nfs/cathdata/dompdb/1antI2 50.000000
/nfs/cathdata/dompdb/1hleA2 58.000000
/nfs/cathdata/dompdb/1ovaA2 54.000000
/nfs/cathdata/dompdb/2achA1 66.000000
/nfs/cathdata/dompdb/7apiA2 62.000000
/nfs/cathdata/dompdb/1pnkB2 52.000000
/nfs/cathdata/dompdb/1ami03 47.000000
/nfs/cathdata/dompdb/1hocA1 62.000000
/nfs/cathdata/dompdb/1hsaA1 62.000000
/nfs/cathdata/dompdb/1vaaA1 62.000000
/nfs/cathdata/dompdb/1dik06 41.000000
/nfs/cathdata/dompdb/1mdl01 36.000000
/nfs/cathdata/dompdb/4enl01 36.000000
/nfs/cathdata/dompdb/1pdz01 38.000000
/nfs/cathdata/dompdb/1nhp03 44.000000
/nfs/cathdata/dompdb/3ladA3 47.000000
/nfs/cathdata/dompdb/1lpfA3 44.000000
/nfs/cathdata/dompdb/1lvl03 42.000000
/nfs/cathdata/dompdb/1ebdA3 45.000000
/nfs/cathdata/dompdb/1tytA3 54.000000
/nfs/cathdata/dompdb/1gesA3 42.000000
/nfs/cathdata/dompdb/3grs03 43.000000
/nfs/cathdata/dompdb/1irk01 51.000000
/nfs/cathdata/dompdb/1apmE2 50.000000
/nfs/cathdata/dompdb/1ckiA1 53.000000
/nfs/cathdata/dompdb/1csn01 53.000000
/nfs/cathdata/dompdb/1coy02 44.000000
/nfs/cathdata/dompdb/1rthA4 42.000000
/tmp/1hrhA0 54.000000
/data/pdb_release/all/pdb2rn2.ent 53.000000
/data/pdb_release/all/pdb1ril.ent 48.000000
/tmp/1hjrA0 53.000000
/data/pdb_release/all/pdb1itg.ent 38.000000
/data/pdb_release/all/pdb1asu.ent 36.000000
/nfs/cathdata/dompdb/1bcmA1 37.000000
/nfs/cathdata/dompdb/1atr03 41.000000
/nfs/cathdata/dompdb/1atnA2 36.000000
/nfs/cathdata/dompdb/2btfA2 33.000000
/nfs/cathdata/dompdb/2yhx03 52.000000
/nfs/cathdata/dompdb/1atr01 49.000000
/nfs/cathdata/dompdb/1mngA2 36.000000
/nfs/cathdata/dompdb/3sdpA2 6.000000
/tmp/1kpaA0 52.000000
/nfs/cathdata/dompdb/1bpb03 7.000000
/nfs/cathdata/dompdb/1pkp02 32.000000
/nfs/cathdata/dompdb/1dar04 41.000000
/tmp/1copD0 33.000000
/data/pdb_release/all/pdb1orc.ent 35.000000
/nfs/cathdata/dompdb/2reb02 27.000000
/nfs/cathdata/dompdb/1derA2 35.000000
/tmp/1iceB0 6.000000
/tmp/2kauA0 26.000000
/nfs/cathdata/dompdb/1gpmA3 42.000000
/nfs/cathdata/dompdb/1mxa03 44.000000
/nfs/cathdata/dompdb/1mxa01 35.000000
/nfs/cathdata/dompdb/1mxa02 37.000000
/nfs/cathdata/dompdb/1xrb02 34.000000
/nfs/cathdata/dompdb/1ytbA2 42.000000
/nfs/cathdata/dompdb/1tghA2 41.000000
/nfs/cathdata/dompdb/1vokA2 43.000000
/nfs/cathdata/dompdb/1tbpA1 54.000000
/nfs/cathdata/dompdb/1tghA1 53.000000
/nfs/cathdata/dompdb/1vokA1 49.000000
/nfs/cathdata/dompdb/1pczA1 60.000000
/nfs/cathdata/dompdb/1pczA2 34.000000
/nfs/cathdata/dompdb/1bmc02 52.000000
/nfs/cathdata/dompdb/1sebA1 39.000000
/nfs/cathdata/dompdb/1sebB1 36.000000
/tmp/2sicI0 40.000000
/nfs/cathdata/dompdb/1dih02 42.000000
/tmp/1brsD0 38.000000
/data/pdb_release/all/pdb1msc.ent 64.000000
/tmp/1unaA0 60.000000
/nfs/cathdata/dompdb/1chkA2 12.000000
/nfs/cathdata/dompdb/1svb03 30.000000
/nfs/cathdata/dompdb/1oacA4 41.000000
/tmp/1latA0 6.000000
/tmp/2nllA0 6.000000
/tmp/2nllB0 8.000000
/data/pdb_release/all/pdb1tns.ent 9.000000
/data/pdb_release/all/pdb1ife.ent 4.000000
/data/pdb_release/all/pdb1tig.ent 44.000000
/nfs/cathdata/dompdb/1hpm04 29.000000
/nfs/cathdata/dompdb/1bncA2 6.000000
/nfs/cathdata/dompdb/1iow03 35.000000
/nfs/cathdata/dompdb/1glt03 32.000000
/tmp/1humA0 33.000000
/tmp/1hrjA0 11.000000
/tmp/1domA0 21.000000
/tmp/1plfA0 23.000000
/tmp/1mgsA0 31.000000
/data/pdb_release/all/pdb3il8.ent 31.000000
/tmp/1rhpA0 23.000000
/tmp/1napA0 33.000000
/tmp/1rodA0 13.000000
/data/pdb_release/all/pdb1stu.ent 32.000000
/nfs/cathdata/dompdb/1pkp01 33.000000
/nfs/cathdata/dompdb/1pda03 35.000000
/data/pdb_release/all/pdb1ncs.ent 3.000000
/tmp/1cksA0 6.000000
/tmp/1sceA0 6.000000
/tmp/1dktA0 29.000000
/tmp/1rblM0 32.000000
/tmp/3rubS0 32.000000
/tmp/8rubS0 32.000000
/tmp/8rucI0 32.000000
/tmp/1burS0 32.000000
/nfs/cathdata/dompdb/1amg02 38.000000
/nfs/cathdata/dompdb/1amy02 48.000000
/data/pdb_release/all/pdb1zer.ent 35.000000
/data/pdb_release/all/pdb1aps.ent 48.000000
/tmp/2bopA0 42.000000
/data/pdb_release/all/pdb2pii.ent 40.000000
/tmp/2chsA0 42.000000
/nfs/cathdata/dompdb/8atcB1 42.000000
/nfs/cathdata/dompdb/2atcB1 3.000000
/tmp/1nhkL0 38.000000
/data/pdb_release/all/pdb1ndk.ent 41.000000
/tmp/1nsqA0 41.000000
/tmp/1nskL0 38.000000
/nfs/cathdata/dompdb/1rbaA1 43.000000
/nfs/cathdata/dompdb/3rubL1 46.000000
/nfs/cathdata/dompdb/8rucA1 46.000000
/nfs/cathdata/dompdb/1rblA1 46.000000
/nfs/cathdata/dompdb/1ars01 13.000000
/nfs/cathdata/dompdb/7aatA1 13.000000
/nfs/cathdata/dompdb/2cstA1 13.000000
/nfs/cathdata/dompdb/1ordA3 32.000000
/nfs/cathdata/dompdb/2dkb01 44.000000
/nfs/cathdata/dompdb/1tplA1 27.000000
/tmp/1dcoA0 33.000000
/data/pdb_release/all/pdb1vig.ent 25.000000
/tmp/1xxaA0 44.000000
/nfs/cathdata/dompdb/1bgw04 65.000000
/nfs/cathdata/dompdb/1dar05 47.000000
/nfs/cathdata/dompdb/1mla01 42.000000
/nfs/cathdata/dompdb/1psdA3 42.000000
/nfs/cathdata/dompdb/1dloA2 34.000000
/nfs/cathdata/dompdb/1mml02 47.000000
/tmp/1gluA0 6.000000
/data/pdb_release/all/pdb1hra.ent 6.000000
/tmp/1hcqA0 6.000000
/nfs/cathdata/dompdb/1bgw01 31.000000
/data/pdb_release/all/pdb1nef.ent 29.000000
/tmp/1efnB0 27.000000
/nfs/cathdata/dompdb/1gky01 26.000000
/nfs/cathdata/dompdb/1yua01 31.000000
/data/pdb_release/all/pdb1vcc.ent 40.000000
/nfs/cathdata/dompdb/1svb02 42.000000
/nfs/cathdata/dompdb/1yua02 23.000000
/tmp/1otfA0 21.000000
/data/pdb_release/all/pdb1cbn.ent 6.000000
/data/pdb_release/all/pdb1bhp.ent 6.000000
/data/pdb_release/all/pdb2plh.ent 6.000000
/data/pdb_release/all/pdb1fdx.ent 3.000000
/data/pdb_release/all/pdb1clf.ent 0.000000
/data/pdb_release/all/pdb1fca.ent 3.000000
/data/pdb_release/all/pdb1fdn.ent 3.000000
/data/pdb_release/all/pdb1blu.ent 6.000000
/data/pdb_release/all/pdb1fxd.ent 6.000000
/data/pdb_release/all/pdb2fxb.ent 22.000000
/tmp/1fxrA0 40.000000
/data/pdb_release/all/pdb1rof.ent 3.000000
/data/pdb_release/all/pdb5fd1.ent 10.000000
/data/pdb_release/all/pdb1fwp.ent 32.000000
/data/pdb_release/all/pdb1sxl.ent 24.000000
/data/pdb_release/all/pdb1fht.ent 35.000000
/data/pdb_release/all/pdb1pba.ent 16.000000
/data/pdb_release/all/pdb1ris.ent 42.000000
/data/pdb_release/all/pdb1ctf.ent 33.000000
/tmp/1spbP0 42.000000
/data/pdb_release/all/pdb1ptf.ent 43.000000
/data/pdb_release/all/pdb1poh.ent 44.000000
/data/pdb_release/all/pdb2hpr.ent 43.000000
/data/pdb_release/all/pdb1pch.ent 43.000000
/data/pdb_release/all/pdb1sxm.ent 23.000000
/data/pdb_release/all/pdb2sn3.ent 23.000000
/data/pdb_release/all/pdb1vna.ent 23.000000
/data/pdb_release/all/pdb1nra.ent 23.000000
/data/pdb_release/all/pdb1ptx.ent 31.000000
/data/pdb_release/all/pdb1lqh.ent 31.000000
/data/pdb_release/all/pdb1snb.ent 29.000000
/data/pdb_release/all/pdb1gps.ent 31.000000
/data/pdb_release/all/pdb1gpt.ent 31.000000
/data/pdb_release/all/pdb1chc.ent 3.000000
/data/pdb_release/all/pdb1caa.ent 10.000000
/data/pdb_release/all/pdb1iro.ent 0.000000
/data/pdb_release/all/pdb1rdg.ent 0.000000
/data/pdb_release/all/pdb4rxn.ent 0.000000
/data/pdb_release/all/pdb6rxn.ent 0.000000
/tmp/8rxnA0 0.000000
/tmp/1gatA0 23.000000
/data/pdb_release/all/pdb1bus.ent 3.000000
/data/pdb_release/all/pdb2ovo.ent 13.000000
/data/pdb_release/all/pdb3ovo.ent 13.000000
/nfs/cathdata/dompdb/1tbrR1 13.000000
/nfs/cathdata/dompdb/1tbrR2 13.000000
/data/pdb_release/all/pdb1ptq.ent 21.000000
/nfs/cathdata/dompdb/9wgaA1 3.000000
/nfs/cathdata/dompdb/9wgaA2 3.000000
/nfs/cathdata/dompdb/9wgaA3 3.000000
/nfs/cathdata/dompdb/9wgaA4 3.000000
/nfs/cathdata/dompdb/2cwgA2 3.000000
/nfs/cathdata/dompdb/1wgtA3 3.000000
/tmp/1tgsI0 13.000000
/tmp/1cgiI0 13.000000
/data/pdb_release/all/pdb1pce.ent 13.000000
/data/pdb_release/all/pdb1hev.ent 3.000000
/data/pdb_release/all/pdb2alr.ent 55.000000
/data/pdb_release/all/pdb1frb.ent 55.000000
/nfs/cathdata/dompdb/1rlcL2 50.000000
/nfs/cathdata/dompdb/1rblA2 45.000000
/nfs/cathdata/dompdb/1rbaA2 55.000000
/nfs/cathdata/dompdb/1oneA2 57.000000
/nfs/cathdata/dompdb/1pdz02 57.000000
/tmp/1chrA0 57.000000
/tmp/1mucA0 52.000000
/data/pdb_release/all/pdb2mnr.ent 55.000000
/nfs/cathdata/dompdb/1mdr02 42.000000
/data/pdb_release/all/pdb1gox.ent 54.000000
/tmp/1fcbB0 55.000000
/nfs/cathdata/dompdb/2tmdA1 53.000000
/data/pdb_release/all/pdb1oya.ent 52.000000
/data/pdb_release/all/pdb1add.ent 56.000000
/data/pdb_release/all/pdb1pta.ent 54.000000
/data/pdb_release/all/pdb1xis.ent 48.000000
/tmp/1ximA0 39.000000
/tmp/1xlaA0 48.000000
/tmp/1dxiA0 38.000000
/data/pdb_release/all/pdb1dtp.ent 66.000000
/tmp/1dmaA0 60.000000
/nfs/cathdata/dompdb/1dik04 49.000000
/nfs/cathdata/dompdb/1kauC2 54.000000
/nfs/cathdata/dompdb/1aa8A2 70.000000
/tmp/1hymA0 3.000000
/tmp/1cseI0 21.000000
/tmp/1ypcI0 21.000000
/data/pdb_release/all/pdb1cis.ent 21.000000
/data/pdb_release/all/pdb1mit.ent 21.000000
/nfs/cathdata/dompdb/2baa02 3.000000
/data/pdb_release/all/pdb1ica.ent 3.000000
/data/pdb_release/all/pdb1cnv.ent 54.000000
/tmp/1xyzA0 53.000000
/data/pdb_release/all/pdb1exp.ent 55.000000
/tmp/1clxA0 55.000000
/data/pdb_release/all/pdb2ebn.ent 66.000000
/data/pdb_release/all/pdb1edt.ent 61.000000
/nfs/cathdata/dompdb/1ctn02 57.000000
/data/pdb_release/all/pdb1cec.ent 58.000000
/tmp/1ghsA0 52.000000
/data/pdb_release/all/pdb1ghr.ent 55.000000
/data/pdb_release/all/pdb1cbg.ent 62.000000
/nfs/cathdata/dompdb/1amg01 44.000000
/nfs/cathdata/dompdb/1amy01 51.000000
/nfs/cathdata/dompdb/2aaa01 52.000000
/nfs/cathdata/dompdb/2taaA1 50.000000
/nfs/cathdata/dompdb/1ppi01 55.000000
/data/pdb_release/all/pdb1hny.ent 83.000000
/nfs/cathdata/dompdb/1cgt01 64.000000
/nfs/cathdata/dompdb/1cdg01 62.000000
/nfs/cathdata/dompdb/1cyg01 64.000000
/nfs/cathdata/dompdb/1ciu01 62.000000
/nfs/cathdata/dompdb/1pamA1 65.000000
/data/pdb_release/all/pdb1btc.ent 50.000000
/nfs/cathdata/dompdb/1bglA3 61.000000
/tmp/1pbgA0 62.000000
/tmp/1tpfA0 53.000000
/tmp/1ypiA0 51.000000
/tmp/1timA0 55.000000
/tmp/1treA0 55.000000
/tmp/1htiA0 53.000000
/tmp/1btmA0 54.000000
/data/pdb_release/all/pdb1ads.ent 55.000000
/data/pdb_release/all/pdb1ral.ent 56.000000
/nfs/cathdata/dompdb/1csbB2 60.000000
/nfs/cathdata/dompdb/1bmc01 53.000000
/nfs/cathdata/dompdb/1ezm01 50.000000
/nfs/cathdata/dompdb/1esp01 40.000000
/nfs/cathdata/dompdb/2tmnE1 40.000000
/nfs/cathdata/dompdb/1dhy01 67.000000
/nfs/cathdata/dompdb/1han01 67.000000
/nfs/cathdata/dompdb/1dhy02 78.000000
/nfs/cathdata/dompdb/1han02 78.000000
/data/pdb_release/all/pdb1std.ent 61.000000
/data/pdb_release/all/pdb2cba.ent 74.000000
/data/pdb_release/all/pdb1crm.ent 76.000000
/tmp/1dmxA0 74.000000
/nfs/cathdata/dompdb/1bncA3 70.000000
/nfs/cathdata/dompdb/1daaA2 71.000000
/data/pdb_release/all/pdb1gym.ent 66.000000
/nfs/cathdata/dompdb/1ami04 60.000000
/tmp/1fvpA0 57.000000
/data/pdb_release/all/pdb1nfp.ent 54.000000
/tmp/1brlB0 55.000000
/tmp/1lucA0 54.000000
/data/pdb_release/all/pdb1tml.ent 53.000000
/nfs/cathdata/dompdb/1pii02 64.000000
/nfs/cathdata/dompdb/1pii01 58.000000
/data/pdb_release/all/pdb1igs.ent 56.000000
/tmp/1wsyA0 48.000000
/nfs/cathdata/dompdb/1pkm02 58.000000
/nfs/cathdata/dompdb/1pkyA2 56.000000
/tmp/1nal10 56.000000
/tmp/1fbaA0 53.000000
/data/pdb_release/all/pdb1ald.ent 59.000000
/data/pdb_release/all/pdb1nar.ent 57.000000
/data/pdb_release/all/pdb2hvm.ent 53.000000
/data/pdb_release/all/pdb1fkb.ent 55.000000
/data/pdb_release/all/pdb1yat.ent 57.000000
/data/pdb_release/all/pdb1pbk.ent 57.000000
/data/pdb_release/all/pdb1rot.ent 58.000000
/nfs/cathdata/dompdb/1hmy02 16.000000
/tmp/2msbA0 50.000000
/data/pdb_release/all/pdb1hup.ent 55.000000
/tmp/1rtm10 53.000000
/tmp/1rdl10 52.000000
/data/pdb_release/all/pdb1aak.ent 45.000000
/data/pdb_release/all/pdb2uce.ent 44.000000
/data/pdb_release/all/pdb1ucz.ent 36.000000
/tmp/1u9aA0 44.000000
/nfs/cathdata/dompdb/1fcbA1 35.000000
/data/pdb_release/all/pdb1b5m.ent 38.000000
/data/pdb_release/all/pdb1iet.ent 3.000000
/data/pdb_release/all/pdb1cyo.ent 40.000000
/tmp/1mkaA0 57.000000
/data/pdb_release/all/pdb1onc.ent 59.000000
/data/pdb_release/all/pdb7rsa.ent 53.000000
/tmp/1bsrA0 53.000000
/data/pdb_release/all/pdb1ang.ent 67.000000
/data/pdb_release/all/pdb1agi.ent 67.000000
/nfs/cathdata/dompdb/1hpm02 35.000000
/nfs/cathdata/dompdb/2polA3 74.000000
/nfs/cathdata/dompdb/2polA2 58.000000
/nfs/cathdata/dompdb/2polA1 74.000000
/nfs/cathdata/dompdb/9pap01 40.000000
/nfs/cathdata/dompdb/1aec01 44.000000
/nfs/cathdata/dompdb/1gecE1 42.000000
/nfs/cathdata/dompdb/1ppo01 40.000000
/nfs/cathdata/dompdb/1yal01 43.000000
/nfs/cathdata/dompdb/1theA1 42.000000
/data/pdb_release/all/pdb1pgb.ent 41.000000
/data/pdb_release/all/pdb2igg.ent 43.000000
/data/pdb_release/all/pdb3fxc.ent 23.000000
/tmp/1frrA0 44.000000
/tmp/1fxiA0 39.000000
/tmp/1fxaA0 42.000000
/data/pdb_release/all/pdb1frd.ent 40.000000
/data/pdb_release/all/pdb1dox.ent 3.000000
/data/pdb_release/all/pdb1cjn.ent 32.000000
/data/pdb_release/all/pdb1doi.ent 44.000000
/data/pdb_release/all/pdb1put.ent 6.000000
/nfs/cathdata/dompdb/2pia03 41.000000
/data/pdb_release/all/pdb1ubi.ent 41.000000
/nfs/cathdata/dompdb/1lgr02 42.000000
/data/pdb_release/all/pdb1tif.ent 42.000000
/data/pdb_release/all/pdb1rfa.ent 31.000000
/tmp/1molA0 51.000000
/tmp/1stfI0 42.000000
/data/pdb_release/all/pdb1cyu.ent 41.000000
/tmp/1cewI0 44.000000
/tmp/1udiI0 50.000000
/data/pdb_release/all/pdb1fus.ent 33.000000
/data/pdb_release/all/pdb9rnt.ent 33.000000
/data/pdb_release/all/pdb1rds.ent 33.000000
/tmp/1gmpA0 41.000000
/tmp/1brnL0 47.000000
/tmp/2rbiA0 43.000000
/nfs/cathdata/dompdb/1oacA2 41.000000
/nfs/cathdata/dompdb/1prtB1 26.000000
/nfs/cathdata/dompdb/1prtC1 6.000000
/nfs/cathdata/dompdb/1ctn03 41.000000
/nfs/cathdata/dompdb/1gtrA3 48.000000
/nfs/cathdata/dompdb/1grj02 29.000000
/data/pdb_release/all/pdb1tsp.ent 92.000000
/nfs/cathdata/dompdb/1dhx01 20.000000
/nfs/cathdata/dompdb/2psg01 79.000000
/nfs/cathdata/dompdb/1mpp01 81.000000
/nfs/cathdata/dompdb/1bbs01 77.000000
/nfs/cathdata/dompdb/4cms01 72.000000
/nfs/cathdata/dompdb/1smrA1 77.000000
/nfs/cathdata/dompdb/1epmE1 71.000000
/nfs/cathdata/dompdb/1pplE1 68.000000
/nfs/cathdata/dompdb/2apr01 76.000000
/nfs/cathdata/dompdb/1psoE1 74.000000
/nfs/cathdata/dompdb/1htrB1 77.000000
/nfs/cathdata/dompdb/1jxrA1 75.000000
/nfs/cathdata/dompdb/2asi01 74.000000
/nfs/cathdata/dompdb/1smeA1 65.000000
/nfs/cathdata/dompdb/1epmE2 61.000000
/nfs/cathdata/dompdb/1pplE2 70.000000
/nfs/cathdata/dompdb/1mpp02 74.000000
/nfs/cathdata/dompdb/2asi02 72.000000
/nfs/cathdata/dompdb/2apr02 85.000000
/nfs/cathdata/dompdb/1psaA2 74.000000
/nfs/cathdata/dompdb/1lyaB2 82.000000
/nfs/cathdata/dompdb/1rne02 68.000000
/nfs/cathdata/dompdb/1cms02 75.000000
/nfs/cathdata/dompdb/1smrA2 75.000000
/nfs/cathdata/dompdb/1psoE2 72.000000
/nfs/cathdata/dompdb/1htrB2 76.000000
/nfs/cathdata/dompdb/1jxrA2 83.000000
/data/pdb_release/all/pdb2cas.ent 83.000000
/nfs/cathdata/dompdb/1rthA1 34.000000
/data/pdb_release/all/pdb1har.ent 44.000000
/nfs/cathdata/dompdb/1mml01 52.000000
/data/pdb_release/all/pdb1pgx.ent 43.000000
/data/pdb_release/all/pdb4fgf.ent 96.000000
/tmp/1afgA0 100.000000
/data/pdb_release/all/pdb1i1b.ent 94.000000
/data/pdb_release/all/pdb8i1b.ent 96.000000
/tmp/1ilr10 90.000000
/data/pdb_release/all/pdb1hcd.ent 86.000000
/data/pdb_release/all/pdb1tie.ent 92.000000
/data/pdb_release/all/pdb1wbc.ent 84.000000
/nfs/cathdata/dompdb/2aaiB2 66.000000
/nfs/cathdata/dompdb/1abrB2 56.000000
/nfs/cathdata/dompdb/2aaiB1 66.000000
/nfs/cathdata/dompdb/1abrB1 48.000000
/tmp/1msaA0 82.000000
/nfs/cathdata/dompdb/1dlc03 83.000000
/tmp/1vmoA0 58.000000
/data/pdb_release/all/pdb1hxn.ent 85.000000
/nfs/cathdata/dompdb/1fbl02 75.000000
/data/pdb_release/all/pdb1rtg.ent 87.000000
/data/pdb_release/all/pdb1pex.ent 87.000000
/data/pdb_release/all/pdb2nn9.ent 90.000000
/data/pdb_release/all/pdb2bat.ent 90.000000
/tmp/1nscA0 92.000000
/data/pdb_release/all/pdb1inv.ent 90.000000
/data/pdb_release/all/pdb1sim.ent 88.000000
/tmp/2bbkH0 94.000000
/tmp/1mdaH0 92.000000
/tmp/2madH0 0.000000
/nfs/cathdata/dompdb/1gof02 88.000000
/tmp/3aahA0 92.000000
/nfs/cathdata/dompdb/1kapP1 34.000000
/nfs/cathdata/dompdb/1sat01 34.000000
/nfs/cathdata/dompdb/1lxa01 38.000000
/data/pdb_release/all/pdb2pec.ent 90.000000
/nfs/cathdata/dompdb/2taaA2 40.000000
/nfs/cathdata/dompdb/1ppi02 74.000000
/nfs/cathdata/dompdb/1bvp12 58.000000
/data/pdb_release/all/pdb1bcx.ent 92.000000
/tmp/1enxA0 90.000000
/data/pdb_release/all/pdb1xnd.ent 92.000000
/data/pdb_release/all/pdb1xyn.ent 90.000000
/data/pdb_release/all/pdb1yna.ent 92.000000
/tmp/2pcdA0 76.000000
/tmp/2pcdM0 71.000000
/nfs/cathdata/dompdb/1dlc02 80.000000
/nfs/cathdata/dompdb/1ciy03 80.000000
/nfs/cathdata/dompdb/1ddt03 80.000000
/tmp/1gff10 74.000000
/tmp/2bpa10 78.000000
/data/pdb_release/all/pdb1jbc.ent 88.000000
/data/pdb_release/all/pdb2cna.ent 85.000000
/nfs/cathdata/dompdb/1dhx04 42.000000
/tmp/4htcI0 20.000000
/data/pdb_release/all/pdb1hic.ent 20.000000
/nfs/cathdata/dompdb/1ecl03 57.000000
/data/pdb_release/all/pdb1htp.ent 65.000000
/tmp/1dupA0 55.000000
/nfs/cathdata/dompdb/1ggtA1 80.000000
/tmp/1tsrA0 82.000000
/data/pdb_release/all/pdb1gpr.ent 62.000000
/data/pdb_release/all/pdb1f3g.ent 75.000000
/nfs/cathdata/dompdb/1aozA3 75.000000
/nfs/cathdata/dompdb/1oacA3 83.000000
/nfs/cathdata/dompdb/1bglA5 86.000000
/nfs/cathdata/dompdb/1bglA1 81.000000
/tmp/1celA0 88.000000
/tmp/1afcA0 56.000000
/tmp/2plv20 80.000000
/tmp/1rhi20 78.000000
/data/pdb_release/all/pdb1pov.ent 86.000000
/tmp/1bmv10 81.000000
/tmp/4sbvA0 61.000000
/tmp/1smvA0 62.000000
/tmp/2tbvA0 83.000000
/tmp/2bbvA0 80.000000
/tmp/1bmv20 81.000000
/tmp/1tnfA0 62.000000
/tmp/1tnrA0 64.000000
/tmp/1hlcA0 82.000000
/tmp/1sltA0 80.000000
/tmp/2ltnA0 80.000000
/tmp/1lenA0 82.000000
/tmp/1lgcA0 74.000000
/data/pdb_release/all/pdb1lte.ent 88.000000
/data/pdb_release/all/pdb1sba.ent 88.000000
/data/pdb_release/all/pdb1gsl.ent 85.000000
/tmp/2pelA0 90.000000
/tmp/1fatA0 88.000000
/tmp/1ioaA0 85.000000
/tmp/1sacA0 90.000000
/tmp/1gnhA0 88.000000
/data/pdb_release/all/pdb2ayh.ent 90.000000
/data/pdb_release/all/pdb1cpm.ent 92.000000
/data/pdb_release/all/pdb1gbg.ent 88.000000
/nfs/cathdata/dompdb/1cgt02 49.000000
/nfs/cathdata/dompdb/1cdg02 41.000000
/nfs/cathdata/dompdb/1cyg02 41.000000
/nfs/cathdata/dompdb/1ciu02 43.000000
/nfs/cathdata/dompdb/1pamA2 41.000000
/nfs/cathdata/dompdb/2aaa02 73.000000
/nfs/cathdata/dompdb/1pnf02 84.000000
/data/pdb_release/all/pdb1knb.ent 74.000000
/tmp/1sluA0 64.000000
/nfs/cathdata/dompdb/1lla02 72.000000
/nfs/cathdata/dompdb/1svb01 82.000000
/data/pdb_release/all/pdb1cyw.ent 88.000000
/nfs/cathdata/dompdb/1hcz01 67.000000
/data/pdb_release/all/pdb1thw.ent 82.000000
/tmp/1cauB0 80.000000
/nfs/cathdata/dompdb/2phlA3 92.000000
/nfs/cathdata/dompdb/2phlA2 85.000000
/data/pdb_release/all/pdb2stv.ent 72.000000
/tmp/1bbt10 40.000000
/tmp/1pov10 73.000000
/tmp/1pvc10 73.000000
/tmp/1r0910 73.000000
/tmp/1rhi10 76.000000
/tmp/1tme10 68.000000
/tmp/2mev10 66.000000
/tmp/2bpa20 64.000000
/tmp/1gff20 80.000000
/tmp/1bbt30 73.000000
/tmp/1tme30 75.000000
/tmp/2mev30 73.000000
/tmp/1r0930 77.000000
/tmp/1pov30 75.000000
/tmp/1pvc30 75.000000
/tmp/1rhi30 77.000000
/tmp/1bbt20 78.000000
/tmp/1tme20 81.000000
/tmp/2mev20 79.000000
/tmp/1r0920 78.000000
/tmp/1pvc20 79.000000
/data/pdb_release/all/pdb1arn.ent 64.000000
/tmp/1aizA0 74.000000
/data/pdb_release/all/pdb1aaj.ent 56.000000
/nfs/cathdata/dompdb/1aozA1 74.000000
/nfs/cathdata/dompdb/1aozA2 85.000000
/nfs/cathdata/dompdb/1gof03 64.000000
/nfs/cathdata/dompdb/1nif01 63.000000
/nfs/cathdata/dompdb/1afnA1 65.000000
/nfs/cathdata/dompdb/1nif02 79.000000
/nfs/cathdata/dompdb/1ntd02 79.000000
/tmp/1eta10 65.000000
/tmp/1tfpA0 64.000000
/tmp/1sxaA0 71.000000
/tmp/1srdA0 66.000000
/data/pdb_release/all/pdb1jcv.ent 77.000000
/tmp/1sosA0 75.000000
/tmp/1xsoA0 73.000000
/data/pdb_release/all/pdb1akp.ent 54.000000
/data/pdb_release/all/pdb1acx.ent 64.000000
/data/pdb_release/all/pdb1noa.ent 86.000000
/data/pdb_release/all/pdb2mcm.ent 90.000000
/nfs/cathdata/dompdb/1clc01 58.000000
/nfs/cathdata/dompdb/1ctn01 65.000000
/data/pdb_release/all/pdb1exg.ent 74.000000
/nfs/cathdata/dompdb/1bglA4 62.000000
/nfs/cathdata/dompdb/1bglA2 64.000000
/nfs/cathdata/dompdb/1svcP3 80.000000
/nfs/cathdata/dompdb/1svb04 54.000000
/nfs/cathdata/dompdb/1gof01 54.000000
/nfs/cathdata/dompdb/2sblB1 48.000000
/nfs/cathdata/dompdb/1hplA2 74.000000
/nfs/cathdata/dompdb/1lpbB2 64.000000
/nfs/cathdata/dompdb/1pgs01 72.000000
/data/pdb_release/all/pdb1ten.ent 64.000000
/nfs/cathdata/dompdb/1fnf01 54.000000
/nfs/cathdata/dompdb/1fnf02 64.000000
/nfs/cathdata/dompdb/1fnf03 64.000000
/nfs/cathdata/dompdb/1cfb01 56.000000
/nfs/cathdata/dompdb/1cfb02 56.000000
/tmp/1wapA0 64.000000
/data/pdb_release/all/pdb1ncg.ent 48.000000
/data/pdb_release/all/pdb1suh.ent 56.000000
/nfs/cathdata/dompdb/1ggtA4 62.000000
/nfs/cathdata/dompdb/1cgt04 56.000000
/nfs/cathdata/dompdb/1cdg04 66.000000
/nfs/cathdata/dompdb/1cyg04 54.000000
/data/pdb_release/all/pdb1kul.ent 38.000000
/nfs/cathdata/dompdb/1ciu04 56.000000
/nfs/cathdata/dompdb/1pamA4 62.000000
/nfs/cathdata/dompdb/1cgt03 62.000000
/nfs/cathdata/dompdb/1cdg03 62.000000
/nfs/cathdata/dompdb/1cyg03 54.000000
/nfs/cathdata/dompdb/1ciu03 62.000000
/nfs/cathdata/dompdb/1pamA3 62.000000
/data/pdb_release/all/pdb1rsy.ent 65.000000
/data/pdb_release/all/pdb1plc.ent 59.000000
/data/pdb_release/all/pdb9pcy.ent 56.000000
/data/pdb_release/all/pdb2plt.ent 65.000000
/data/pdb_release/all/pdb7pcy.ent 73.000000
/data/pdb_release/all/pdb1pla.ent 72.000000
/data/pdb_release/all/pdb1nin.ent 28.000000
/data/pdb_release/all/pdb1paz.ent 66.000000
/data/pdb_release/all/pdb1pmy.ent 66.000000
/data/pdb_release/all/pdb1zia.ent 66.000000
/tmp/1adwA0 66.000000
/tmp/1vlxA0 67.000000
/nfs/cathdata/dompdb/1vgeH1 64.000000
/nfs/cathdata/dompdb/1yuhB1 80.000000
/nfs/cathdata/dompdb/1clyH1 84.000000
/nfs/cathdata/dompdb/1kelH1 70.000000
/nfs/cathdata/dompdb/1nldH1 57.000000
/nfs/cathdata/dompdb/1ghfH1 64.000000
/nfs/cathdata/dompdb/1ospH1 84.000000
/nfs/cathdata/dompdb/1mimH1 76.000000
/nfs/cathdata/dompdb/1cloH1 82.000000
/nfs/cathdata/dompdb/1plgL1 80.000000
/nfs/cathdata/dompdb/1ghfL1 76.000000
/nfs/cathdata/dompdb/1clzL1 80.000000
/nfs/cathdata/dompdb/1kelL1 80.000000
/nfs/cathdata/dompdb/1gafL1 78.000000
/nfs/cathdata/dompdb/1iaiL1 56.000000
/nfs/cathdata/dompdb/1aifA1 54.000000
/nfs/cathdata/dompdb/1vgeL1 80.000000
/nfs/cathdata/dompdb/1nldL1 72.000000
/nfs/cathdata/dompdb/1ospL1 72.000000
/nfs/cathdata/dompdb/1mimL1 80.000000
/nfs/cathdata/dompdb/1lilA1 80.000000
/nfs/cathdata/dompdb/1cloL1 80.000000
/nfs/cathdata/dompdb/1bec01 74.000000
/nfs/cathdata/dompdb/1tcrB1 72.000000
/data/pdb_release/all/pdb1tit.ent 36.000000
/data/pdb_release/all/pdb1cid.ent 90.000000
/data/pdb_release/all/pdb3cd4.ent 78.000000
/data/pdb_release/all/pdb1hoe.ent 46.000000
/nfs/cathdata/dompdb/3hhrB1 54.000000
/nfs/cathdata/dompdb/3hhrB2 54.000000
/nfs/cathdata/dompdb/1fieA3 67.000000
/nfs/cathdata/dompdb/1hft01 59.000000
/data/pdb_release/all/pdb1ttf.ent 62.000000
/nfs/cathdata/dompdb/1hilA1 78.000000
/nfs/cathdata/dompdb/1ggbL1 80.000000
/nfs/cathdata/dompdb/1gigL1 74.000000
/nfs/cathdata/dompdb/1mfeL1 84.000000
/nfs/cathdata/dompdb/1igfL1 80.000000
/nfs/cathdata/dompdb/1lmkA2 80.000000
/nfs/cathdata/dompdb/1mcbA1 56.000000
/nfs/cathdata/dompdb/1mlbA1 82.000000
/nfs/cathdata/dompdb/3hfmL1 80.000000
/nfs/cathdata/dompdb/1opgL1 66.000000
/nfs/cathdata/dompdb/1ncaL1 72.000000
/nfs/cathdata/dompdb/1tetL1 80.000000
/nfs/cathdata/dompdb/2fb4L1 80.000000
/nfs/cathdata/dompdb/2fbjL1 88.000000
/nfs/cathdata/dompdb/6fabL1 80.000000
/nfs/cathdata/dompdb/7fabL1 70.000000
/nfs/cathdata/dompdb/8fabA1 80.000000
/nfs/cathdata/dompdb/1eapA1 72.000000
/nfs/cathdata/dompdb/1figL1 64.000000
/nfs/cathdata/dompdb/1forL1 74.000000
/nfs/cathdata/dompdb/1ibgL1 82.000000
/nfs/cathdata/dompdb/1igcL1 54.000000
/nfs/cathdata/dompdb/1jelL1 72.000000
/nfs/cathdata/dompdb/1nsnL1 72.000000
/nfs/cathdata/dompdb/2gfbA1 80.000000
/tmp/1dvfC0 80.000000
/tmp/1dvfD0 72.000000
/data/pdb_release/all/pdb1vhp.ent 48.000000
/nfs/cathdata/dompdb/1gafH1 82.000000
/nfs/cathdata/dompdb/1iaiH1 80.000000
/nfs/cathdata/dompdb/1aifB1 54.000000
/nfs/cathdata/dompdb/1ngpH1 72.000000
/nfs/cathdata/dompdb/1plgH1 82.000000
/nfs/cathdata/dompdb/1mlbB1 72.000000
/nfs/cathdata/dompdb/2cgrH1 88.000000
/nfs/cathdata/dompdb/1eapB1 76.000000
/nfs/cathdata/dompdb/1faiH1 84.000000
/nfs/cathdata/dompdb/1fbiH1 80.000000
/nfs/cathdata/dompdb/1figH1 56.000000
/nfs/cathdata/dompdb/1forH1 76.000000
/nfs/cathdata/dompdb/1fptH1 80.000000
/nfs/cathdata/dompdb/1frgH1 74.000000
/nfs/cathdata/dompdb/1gigH1 84.000000
/nfs/cathdata/dompdb/1ibgH1 72.000000
/nfs/cathdata/dompdb/1igcH1 74.000000
/nfs/cathdata/dompdb/1igjB1 64.000000
/nfs/cathdata/dompdb/1ikfH1 84.000000
/nfs/cathdata/dompdb/1jelH1 72.000000
/nfs/cathdata/dompdb/1mrcH1 88.000000
/nfs/cathdata/dompdb/1nsnH1 66.000000
/nfs/cathdata/dompdb/1opgH1 72.000000
/nfs/cathdata/dompdb/1rmfH1 70.000000
/nfs/cathdata/dompdb/2fgwH1 80.000000
/nfs/cathdata/dompdb/2gfbB1 74.000000
/nfs/cathdata/dompdb/6fabH1 82.000000
/nfs/cathdata/dompdb/1acyL1 82.000000
/nfs/cathdata/dompdb/1bafL1 82.000000
/nfs/cathdata/dompdb/1bbdL1 74.000000
/nfs/cathdata/dompdb/1bqlL1 72.000000
/nfs/cathdata/dompdb/2cgrL1 78.000000
/nfs/cathdata/dompdb/1dbbL1 56.000000
/nfs/cathdata/dompdb/1dfbL1 80.000000
/nfs/cathdata/dompdb/1faiL1 72.000000
/nfs/cathdata/dompdb/1mamL1 72.000000
/nfs/cathdata/dompdb/1ikfL1 74.000000
/nfs/cathdata/dompdb/1frgL1 80.000000
/tmp/1wtlA0 80.000000
/tmp/1breA0 80.000000
/tmp/1fvcB0 80.000000
/tmp/1jhlH0 90.000000
/tmp/1vfaB0 82.000000
/tmp/1igmH0 64.000000
/tmp/1mfaL0 0.000000
/tmp/1fgvH0 80.000000
/tmp/1nmaH0 86.000000
/tmp/2bjl10 90.000000
/nfs/cathdata/dompdb/8fabB1 72.000000
/nfs/cathdata/dompdb/2fb4H1 74.000000
/nfs/cathdata/dompdb/1acyH1 54.000000
/nfs/cathdata/dompdb/1bbdH1 86.000000
/nfs/cathdata/dompdb/2hflH1 82.000000
/nfs/cathdata/dompdb/2fbjH1 84.000000
/nfs/cathdata/dompdb/1hilB1 72.000000
/nfs/cathdata/dompdb/1nbvH1 62.000000
/nfs/cathdata/dompdb/7fabH1 82.000000
/nfs/cathdata/dompdb/1indH1 72.000000
/nfs/cathdata/dompdb/1tetH1 74.000000
/nfs/cathdata/dompdb/1mamH1 76.000000
/nfs/cathdata/dompdb/1ncaH1 74.000000
/nfs/cathdata/dompdb/1dbbH1 54.000000
/nfs/cathdata/dompdb/1dfbH1 80.000000
/nfs/cathdata/dompdb/1flrH1 72.000000
/nfs/cathdata/dompdb/1ggbH1 56.000000
/nfs/cathdata/dompdb/1igfH1 64.000000
/nfs/cathdata/dompdb/1bafH1 64.000000
/nfs/cathdata/dompdb/3hfmH1 74.000000
/nfs/cathdata/dompdb/1mcpH1 82.000000
/nfs/cathdata/dompdb/1lmkA1 78.000000
/nfs/cathdata/dompdb/1mfbH1 88.000000
/nfs/cathdata/dompdb/1fc2D2 57.000000
/nfs/cathdata/dompdb/1gigL2 56.000000
/nfs/cathdata/dompdb/1kelL2 66.000000
/nfs/cathdata/dompdb/1gafL2 65.000000
/nfs/cathdata/dompdb/2fb4L2 58.000000
/nfs/cathdata/dompdb/1yuhB2 20.000000
/nfs/cathdata/dompdb/1clzH2 54.000000
/nfs/cathdata/dompdb/1fc2D1 68.000000
/nfs/cathdata/dompdb/1fruA2 64.000000
/tmp/1hsbB0 54.000000
/tmp/1mhcB0 54.000000
/tmp/1fruB0 54.000000
/data/pdb_release/all/pdb1bmg.ent 56.000000
/nfs/cathdata/dompdb/1dlhA2 54.000000
/nfs/cathdata/dompdb/1sebB2 56.000000
/nfs/cathdata/dompdb/1bec02 68.000000
/nfs/cathdata/dompdb/1vcaA2 64.000000
/data/pdb_release/all/pdb1tnm.ent 56.000000
/nfs/cathdata/dompdb/1vcaA1 72.000000
/data/pdb_release/all/pdb1tlk.ent 70.000000
/nfs/cathdata/dompdb/1hft02 75.000000
/data/pdb_release/all/pdb1cd8.ent 74.000000
/nfs/cathdata/dompdb/1igjA1 80.000000
/tmp/1nmbL0 72.000000
/data/pdb_release/all/pdb2rhe.ent 80.000000
/tmp/1fgvL0 78.000000
/data/pdb_release/all/pdb2imn.ent 82.000000
/tmp/1reiA0 80.000000
/tmp/1fvcA0 82.000000
/tmp/1igmL0 80.000000
/tmp/1jhlL0 80.000000
/tmp/1ivlA0 80.000000
/tmp/1vfaA0 80.000000
/data/pdb_release/all/pdb1pho.ent 86.000000
/data/pdb_release/all/pdb1omf.ent 82.000000
/data/pdb_release/all/pdb3bcl.ent 82.000000
/nfs/cathdata/dompdb/1amm01 58.000000
/nfs/cathdata/dompdb/1amm02 57.000000
/nfs/cathdata/dompdb/2bb202 54.000000
/nfs/cathdata/dompdb/2gcr01 56.000000
/nfs/cathdata/dompdb/2gcr02 54.000000
/nfs/cathdata/dompdb/1elpA1 56.000000
/nfs/cathdata/dompdb/1elpA2 56.000000
/nfs/cathdata/dompdb/2bb201 54.000000
/nfs/cathdata/dompdb/1prr01 49.000000
/nfs/cathdata/dompdb/1prr02 31.000000
/tmp/1mdaL0 30.000000
/tmp/2bbkL0 38.000000
/data/pdb_release/all/pdb1cdb.ent 38.000000
/nfs/cathdata/dompdb/1hngA1 46.000000
/tmp/1cdcA0 40.000000
/nfs/cathdata/dompdb/1hnf02 64.000000
/nfs/cathdata/dompdb/1hngA2 66.000000
/tmp/1mfaH0 0.000000
/nfs/cathdata/dompdb/2fbjH2 38.000000
/nfs/cathdata/dompdb/1mcpH2 64.000000
/nfs/cathdata/dompdb/1hocA2 36.000000
/nfs/cathdata/dompdb/1hsaA2 48.000000
/nfs/cathdata/dompdb/1vaaA2 46.000000
/nfs/cathdata/dompdb/1hsbA2 46.000000
/nfs/cathdata/dompdb/1mhcA2 46.000000
/nfs/cathdata/dompdb/8fabB2 56.000000
/nfs/cathdata/dompdb/1kelH2 54.000000
/nfs/cathdata/dompdb/1bbdH2 57.000000
/nfs/cathdata/dompdb/1ospH2 66.000000
/nfs/cathdata/dompdb/1eapB2 64.000000
/tmp/1lopA0 73.000000
/data/pdb_release/all/pdb2cpl.ent 66.000000
/tmp/1cynA0 78.000000
/tmp/2rmcA0 76.000000
/nfs/cathdata/dompdb/1bucA2 58.000000
/nfs/cathdata/dompdb/3mddA2 58.000000
/nfs/cathdata/dompdb/1kxf02 58.000000
/nfs/cathdata/dompdb/1vcpA2 54.000000
/tmp/1smpI0 74.000000
/nfs/cathdata/dompdb/1svcP1 66.000000
/tmp/1sriA0 75.000000
/tmp/1avdA0 76.000000
/data/pdb_release/all/pdb1hbq.ent 76.000000
/data/pdb_release/all/pdb1rbp.ent 76.000000
/tmp/1epaA0 78.000000
/tmp/1bbpA0 82.000000
/data/pdb_release/all/pdb1mup.ent 76.000000
/data/pdb_release/all/pdb1ifc.ent 85.000000
/data/pdb_release/all/pdb1hmr.ent 84.000000
/tmp/1opaA0 86.000000
/data/pdb_release/all/pdb1adl.ent 83.000000
/data/pdb_release/all/pdb1crb.ent 83.000000
/tmp/1cbiA0 83.000000
/tmp/1ftpA0 86.000000
/data/pdb_release/all/pdb1cbs.ent 81.000000
/tmp/1pmpA0 87.000000
/data/pdb_release/all/pdb1mdc.ent 72.000000
/nfs/cathdata/dompdb/7catA1 68.000000
/data/pdb_release/all/pdb1cae.ent 61.000000
/nfs/cathdata/dompdb/1dar02 70.000000
/nfs/cathdata/dompdb/1gtrA4 68.000000
/data/pdb_release/all/pdb1prn.ent 86.000000
/data/pdb_release/all/pdb2por.ent 81.000000
/nfs/cathdata/dompdb/1ppfE1 54.000000
/nfs/cathdata/dompdb/1svpA1 40.000000
/nfs/cathdata/dompdb/1vcpA1 33.000000
/nfs/cathdata/dompdb/1sgt02 55.000000
/nfs/cathdata/dompdb/1hylA1 67.000000
/nfs/cathdata/dompdb/1try02 49.000000
/nfs/cathdata/dompdb/1sgpE1 33.000000
/nfs/cathdata/dompdb/1hpgA1 51.000000
/nfs/cathdata/dompdb/2sga01 47.000000
/nfs/cathdata/dompdb/2alp01 55.000000
/nfs/cathdata/dompdb/1tal01 59.000000
/nfs/cathdata/dompdb/2sfa01 50.000000
/nfs/cathdata/dompdb/1arb02 58.000000
/nfs/cathdata/dompdb/1hylA2 59.000000
/nfs/cathdata/dompdb/1sgpE2 56.000000
/nfs/cathdata/dompdb/1gbaA2 48.000000
/nfs/cathdata/dompdb/1hpgA2 48.000000
/nfs/cathdata/dompdb/2sga02 56.000000
/nfs/cathdata/dompdb/1tal02 38.000000
/nfs/cathdata/dompdb/2sfa02 54.000000
/nfs/cathdata/dompdb/1arb01 48.000000
/nfs/cathdata/dompdb/1cnd01 59.000000
/nfs/cathdata/dompdb/1ndh01 57.000000
/nfs/cathdata/dompdb/2pia01 57.000000
/nfs/cathdata/dompdb/1fnb01 57.000000
/nfs/cathdata/dompdb/1que01 57.000000
/nfs/cathdata/dompdb/1pkm03 41.000000
/nfs/cathdata/dompdb/1pkn03 38.000000
/nfs/cathdata/dompdb/1pkyA3 41.000000
/nfs/cathdata/dompdb/1pkyC3 31.000000
/nfs/cathdata/dompdb/1eft02 46.000000
/nfs/cathdata/dompdb/1efuA2 36.000000
/data/pdb_release/all/pdb1clh.ent 32.000000
/tmp/1tcwA0 49.000000
/tmp/1cpiA0 49.000000
/tmp/2rspA0 41.000000
/nfs/cathdata/dompdb/1pnkB3 64.000000
/nfs/cathdata/dompdb/1eft03 58.000000
/nfs/cathdata/dompdb/1efuA3 56.000000
/tmp/1ucyE0 40.000000
/tmp/1aksB0 44.000000
/tmp/2pkaB0 60.000000
/nfs/cathdata/dompdb/1hcgA1 50.000000
/nfs/cathdata/dompdb/1thsH1 59.000000
/nfs/cathdata/dompdb/1brbE1 59.000000
/nfs/cathdata/dompdb/4ptp01 57.000000
/nfs/cathdata/dompdb/1mctA1 47.000000
/nfs/cathdata/dompdb/1etrH1 57.000000
/nfs/cathdata/dompdb/1bit01 57.000000
/nfs/cathdata/dompdb/1trnA1 49.000000
/nfs/cathdata/dompdb/1try01 49.000000
/nfs/cathdata/dompdb/5chaA1 57.000000
/nfs/cathdata/dompdb/1sgt01 57.000000
/nfs/cathdata/dompdb/1lmwB1 47.000000
/nfs/cathdata/dompdb/1elg01 57.000000
/nfs/cathdata/dompdb/1elt01 57.000000
/nfs/cathdata/dompdb/1ton01 54.000000
/tmp/1mtnC0 42.000000
/nfs/cathdata/dompdb/1tbs01 59.000000
/nfs/cathdata/dompdb/1pfxC1 67.000000
/nfs/cathdata/dompdb/1fonA1 57.000000
/nfs/cathdata/dompdb/1pytD1 47.000000
/nfs/cathdata/dompdb/1rtfB1 56.000000
/nfs/cathdata/dompdb/1fujA1 56.000000
/nfs/cathdata/dompdb/1dst01 57.000000
/nfs/cathdata/dompdb/3rp2A1 54.000000
/tmp/1ceaA0 0.000000
/tmp/1pmlA0 23.000000
/data/pdb_release/all/pdb1kdu.ent 21.000000
/data/pdb_release/all/pdb1krn.ent 0.000000
/data/pdb_release/all/pdb1bw3.ent 46.000000
/tmp/1ihvA0 48.000000
/nfs/cathdata/dompdb/1hcz02 30.000000
/data/pdb_release/all/pdb1lab.ent 30.000000
/data/pdb_release/all/pdb1bdo.ent 54.000000
/data/pdb_release/all/pdb1afp.ent 20.000000
/tmp/1bovA0 51.000000
/data/pdb_release/all/pdb1mjc.ent 48.000000
/data/pdb_release/all/pdb1csp.ent 50.000000
/data/pdb_release/all/pdb1krs.ent 45.000000
/nfs/cathdata/dompdb/1lylA1 54.000000
/nfs/cathdata/dompdb/1asyA1 53.000000
/data/pdb_release/all/pdb1bgh.ent 38.000000
/data/pdb_release/all/pdb1rip.ent 0.000000
/tmp/1prtD0 49.000000
/tmp/1prtF0 51.000000
/nfs/cathdata/dompdb/1tssA2 56.000000
/nfs/cathdata/dompdb/1prtB2 51.000000
/nfs/cathdata/dompdb/1prtC2 49.000000
/tmp/1ltsD0 58.000000
/tmp/1chbD0 58.000000
/data/pdb_release/all/pdb2sns.ent 51.000000
/nfs/cathdata/dompdb/1bco02 50.000000
/nfs/cathdata/dompdb/1esfA1 51.000000
/nfs/cathdata/dompdb/1sebD1 39.000000
/nfs/cathdata/dompdb/1se201 49.000000
/tmp/1fivA0 51.000000
/tmp/1idaA0 49.000000
/tmp/1hivA0 49.000000
/data/pdb_release/all/pdb1dro.ent 42.000000
/nfs/cathdata/dompdb/1hleA1 50.000000
/nfs/cathdata/dompdb/1ovaA1 71.000000
/nfs/cathdata/dompdb/1kauC1 72.000000
/nfs/cathdata/dompdb/2kauC1 39.000000
/tmp/1ucyH0 57.000000
/nfs/cathdata/dompdb/3rp2A2 56.000000
/nfs/cathdata/dompdb/1ihsH2 58.000000
/nfs/cathdata/dompdb/1gctA2 57.000000
/nfs/cathdata/dompdb/1elg02 57.000000
/nfs/cathdata/dompdb/1brbE2 57.000000
/nfs/cathdata/dompdb/4ptp02 49.000000
/nfs/cathdata/dompdb/1elt02 52.000000
/nfs/cathdata/dompdb/1hneE2 51.000000
/nfs/cathdata/dompdb/1mctA2 58.000000
/nfs/cathdata/dompdb/1etrH2 57.000000
/nfs/cathdata/dompdb/1bit02 57.000000
/nfs/cathdata/dompdb/1trnA2 57.000000
/nfs/cathdata/dompdb/1ton02 56.000000
/tmp/2pkaA0 40.000000
/tmp/1mtnB0 56.000000
/tmp/1aksA0 58.000000
/nfs/cathdata/dompdb/1tbs02 59.000000
/nfs/cathdata/dompdb/1pfxC2 56.000000
/nfs/cathdata/dompdb/1fonA2 65.000000
/nfs/cathdata/dompdb/1pytD2 57.000000
/nfs/cathdata/dompdb/1fujA2 57.000000
/nfs/cathdata/dompdb/1rtfB2 57.000000
/nfs/cathdata/dompdb/1dst02 58.000000
/nfs/cathdata/dompdb/1hcgA2 55.000000
/nfs/cathdata/dompdb/1lmwB2 49.000000
/data/pdb_release/all/pdb1pk4.ent 0.000000
/data/pdb_release/all/pdb2pf1.ent 6.000000
/data/pdb_release/all/pdb1ahl.ent 0.000000
/data/pdb_release/all/pdb1atx.ent 20.000000
/data/pdb_release/all/pdb1sh1.ent 28.000000
/data/pdb_release/all/pdb1apf.ent 0.000000
/nfs/cathdata/dompdb/1dar03 10.000000
/nfs/cathdata/dompdb/1elo03 3.000000
/data/pdb_release/all/pdb1tfi.ent 20.000000
/tmp/4sgbI0 10.000000
/data/pdb_release/all/pdb1tih.ent 20.000000
/nfs/cathdata/dompdb/1raaB2 21.000000
/nfs/cathdata/dompdb/2atcB2 0.000000
/nfs/cathdata/dompdb/1ytfD2 30.000000
/tmp/1ytfC0 30.000000
/data/pdb_release/all/pdb1sso.ent 33.000000
/data/pdb_release/all/pdb1sap.ent 49.000000
/data/pdb_release/all/pdb1hsp.ent 0.000000
/data/pdb_release/all/pdb1gfc.ent 20.000000
/tmp/1aboA0 38.000000
/tmp/1cskA0 40.000000
/tmp/1ckaA0 38.000000
/tmp/1gbrA0 30.000000
/data/pdb_release/all/pdb1shg.ent 48.000000
/tmp/1shfA0 40.000000
/tmp/1nloC0 28.000000
/data/pdb_release/all/pdb1pnj.ent 40.000000
/tmp/1semA0 38.000000
/nfs/cathdata/dompdb/1lckA1 38.000000
/data/pdb_release/all/pdb1tud.ent 38.000000
/data/pdb_release/all/pdb1tuc.ent 38.000000
/nfs/cathdata/dompdb/1ad5A1 38.000000
/data/pdb_release/all/pdb1pls.ent 59.000000
/tmp/1dynA0 65.000000
/data/pdb_release/all/pdb1btn.ent 60.000000
/tmp/1tgxA0 28.000000
/data/pdb_release/all/pdb1nea.ent 28.000000
/data/pdb_release/all/pdb1nor.ent 28.000000
/data/pdb_release/all/pdb1ntx.ent 28.000000
/data/pdb_release/all/pdb1fas.ent 30.000000
/tmp/1cdtA0 30.000000
/data/pdb_release/all/pdb2crs.ent 20.000000
/data/pdb_release/all/pdb1ntn.ent 47.000000
/data/pdb_release/all/pdb1tfs.ent 28.000000
/data/pdb_release/all/pdb1lsi.ent 28.000000
/nfs/cathdata/dompdb/1psi01 60.000000
/nfs/cathdata/dompdb/2achA2 52.000000
/tmp/1bi6H0 20.000000
/data/pdb_release/all/pdb1tpm.ent 30.000000
/nfs/cathdata/dompdb/1hfh01 20.000000
/data/pdb_release/all/pdb1hcc.ent 10.000000
/tmp/1lpbA0 23.000000
/nfs/cathdata/dompdb/1antI1 58.000000
/tmp/1hcnB0 40.000000
/tmp/1hcnA0 57.000000
/tmp/1pdgA0 54.000000
/data/pdb_release/all/pdb2tgi.ent 24.000000
/tmp/1klaA0 23.000000
/data/pdb_release/all/pdb1tgj.ent 27.000000
/data/pdb_release/all/pdb1bet.ent 64.000000
/tmp/1bndA0 49.000000
/tmp/1bndB0 50.000000
/data/pdb_release/all/pdb1fbr.ent 48.000000
/tmp/1umuA0 47.000000
/data/pdb_release/all/pdb1ctl.ent 41.000000
/data/pdb_release/all/pdb1iml.ent 41.000000
/nfs/cathdata/dompdb/1extB1 20.000000
/tmp/2kauB0 40.000000
/tmp/1rprA0 6.000000
/tmp/1fc2C0 6.000000
/tmp/1spzZ0 9.000000
/data/pdb_release/all/pdb1edi.ent 9.000000
/data/pdb_release/all/pdb2pdd.ent 4.000000
/data/pdb_release/all/pdb1bal.ent 6.000000
/tmp/1csbA0 4.000000
/tmp/1htrP0 6.000000
/nfs/cathdata/dompdb/1ilk02 7.000000
/data/pdb_release/all/pdb1bha.ent 7.000000
/nfs/cathdata/dompdb/1grj01 7.000000
/nfs/cathdata/dompdb/1sesA1 10.000000
/data/pdb_release/all/pdb1pdc.ent 0.000000
/tmp/2achB0 0.000000
/data/pdb_release/all/pdb1egf.ent 20.000000
/data/pdb_release/all/pdb1apo.ent 0.000000
/data/pdb_release/all/pdb1fsb.ent 0.000000
/data/pdb_release/all/pdb1hre.ent 0.000000
/data/pdb_release/all/pdb1yuf.ent 0.000000
/tmp/1hcgB0 20.000000
/data/pdb_release/all/pdb1ata.ent 20.000000
/nfs/cathdata/dompdb/1ncfA2 40.000000
/data/pdb_release/all/pdb1cdq.ent 23.000000
/tmp/1kbaA0 47.000000
/tmp/2abxA0 0.000000
/tmp/1abtA0 20.000000
/data/pdb_release/all/pdb3ebx.ent 28.000000
/data/pdb_release/all/pdb2ctx.ent 28.000000
/data/pdb_release/all/pdb2cdx.ent 28.000000
/tmp/1kxiA0 30.000000
/data/pdb_release/all/pdb1cre.ent 20.000000
/data/pdb_release/all/pdb1cod.ent 40.000000
/data/pdb_release/all/pdb1drs.ent 0.000000
/data/pdb_release/all/pdb1lki.ent 11.000000
/tmp/3inkC0 30.000000
/data/pdb_release/all/pdb1hgu.ent 11.000000
/data/pdb_release/all/pdb1huw.ent 13.000000
/tmp/3hhrA0 14.000000
/data/pdb_release/all/pdb1lpt.ent 14.000000
/data/pdb_release/all/pdb1lip.ent 11.000000
/data/pdb_release/all/pdb1mzm.ent 11.000000
/data/pdb_release/all/pdb1hyp.ent 7.000000
/nfs/cathdata/dompdb/1dlc01 19.000000
/nfs/cathdata/dompdb/1ciy01 17.000000
/tmp/1etrL0 3.000000
/tmp/1tbrJ0 6.000000
/tmp/3aahB0 3.000000
/tmp/4aahB0 3.000000
/tmp/1olgA0 3.000000
/tmp/2bbvD0 3.000000
/data/pdb_release/all/pdb2ifo.ent 3.000000
/tmp/1pfiA0 4.000000
/tmp/1junA0 3.000000
/data/pdb_release/all/pdb1tvs.ent 10.000000
/tmp/1ysaC0 3.000000
/data/pdb_release/all/pdb1aml.ent 6.000000
/data/pdb_release/all/pdb125d.ent 6.000000
/data/pdb_release/all/pdb1cld.ent 4.000000
/tmp/1d66A0 7.000000
/data/pdb_release/all/pdb1pyc.ent 4.000000
/nfs/cathdata/dompdb/1poxA4 6.000000
/tmp/1ltsC0 6.000000
/tmp/1xtcC0 6.000000
/tmp/1scmA0 6.000000
/tmp/1mdyB0 4.000000
/data/pdb_release/all/pdb1bct.ent 6.000000
/nfs/cathdata/dompdb/1pcrL2 10.000000
/nfs/cathdata/dompdb/1prcL2 11.000000
/nfs/cathdata/dompdb/1pcrM2 16.000000
/nfs/cathdata/dompdb/1prcM2 14.000000
/nfs/cathdata/dompdb/1dik05 10.000000
/tmp/1bcfA0 15.000000
/data/pdb_release/all/pdb1fha.ent 14.000000
/data/pdb_release/all/pdb1ier.ent 14.000000
/data/pdb_release/all/pdb1rcc.ent 13.000000
/tmp/2ccyA0 11.000000
/data/pdb_release/all/pdb1cpq.ent 11.000000
/tmp/1bbhA0 10.000000
/data/pdb_release/all/pdb1cgn.ent 13.000000
/data/pdb_release/all/pdb1lpe.ent 13.000000
/data/pdb_release/all/pdb2asr.ent 11.000000
/data/pdb_release/all/pdb1vls.ent 13.000000
/data/pdb_release/all/pdb1aep.ent 13.000000
/tmp/256bA0 11.000000
/tmp/2hmqA0 10.000000
/data/pdb_release/all/pdb2mhr.ent 10.000000
/tmp/2tmvP0 14.000000
/tmp/1rmvA0 10.000000
/nfs/cathdata/dompdb/2ilk01 12.000000
/nfs/cathdata/dompdb/1vlk01 13.000000
/nfs/cathdata/dompdb/1bucA3 13.000000
/nfs/cathdata/dompdb/3mddA3 13.000000
/nfs/cathdata/dompdb/1chkA1 30.000000
/data/pdb_release/all/pdb1lis.ent 11.000000
/data/pdb_release/all/pdb1rcb.ent 8.000000
/tmp/1gmfA0 31.000000
/tmp/1bgeA0 11.000000
/tmp/1rhgA0 11.000000
/data/pdb_release/all/pdb1bgc.ent 12.000000
/nfs/cathdata/dompdb/1whtA2 9.000000
/data/pdb_release/all/pdb2erl.ent 9.000000
/nfs/cathdata/dompdb/1ytfD1 6.000000
/nfs/cathdata/dompdb/1mtyG1 9.000000
/nfs/cathdata/dompdb/1mhyG1 9.000000
/tmp/1ecmA0 9.000000
/nfs/cathdata/dompdb/1lxa02 10.000000
/data/pdb_release/all/pdb1acp.ent 10.000000
/data/pdb_release/all/pdb1aca.ent 8.000000
/nfs/cathdata/dompdb/1pcrM1 10.000000
/nfs/cathdata/dompdb/1prcM1 7.000000
/nfs/cathdata/dompdb/1pcrL1 12.000000
/nfs/cathdata/dompdb/1prcL1 12.000000
/nfs/cathdata/dompdb/3sdpA1 7.000000
/nfs/cathdata/dompdb/1mngA1 11.000000
/nfs/cathdata/dompdb/1svcP2 7.000000
/nfs/cathdata/dompdb/1nfkA2 6.000000
/nfs/cathdata/dompdb/1mtyG2 12.000000
/nfs/cathdata/dompdb/1mhyG2 10.000000
/nfs/cathdata/dompdb/2minB4 7.000000
/nfs/cathdata/dompdb/1mioB3 10.000000
/data/pdb_release/all/pdb1poc.ent 29.000000
/data/pdb_release/all/pdb1ppa.ent 10.000000
/data/pdb_release/all/pdb1poa.ent 30.000000
/data/pdb_release/all/pdb4bp2.ent 29.000000
/data/pdb_release/all/pdb1pod.ent 28.000000
/tmp/3p2pA0 27.000000
/tmp/1pp2L0 28.000000
/tmp/1clpA0 28.000000
/tmp/1bunA0 31.000000
/data/pdb_release/all/pdb1psj.ent 29.000000
/data/pdb_release/all/pdb1ae7.ent 28.000000
/nfs/cathdata/dompdb/1bmtA1 13.000000
/data/pdb_release/all/pdb1lmq.ent 10.000000
/data/pdb_release/all/pdb1jug.ent 10.000000
/data/pdb_release/all/pdb119l.ent 39.000000
/nfs/cathdata/dompdb/1bucA1 16.000000
/nfs/cathdata/dompdb/3mddA1 14.000000
/nfs/cathdata/dompdb/1oxa02 17.000000
/nfs/cathdata/dompdb/1grl01 32.000000
/nfs/cathdata/dompdb/1aorA2 43.000000
/nfs/cathdata/dompdb/2pgd02 21.000000
/nfs/cathdata/dompdb/1dnpA3 19.000000
/nfs/cathdata/dompdb/1csc01 19.000000
/tmp/1csmA0 18.000000
/nfs/cathdata/dompdb/1aorA3 20.000000
/data/pdb_release/all/pdb1fps.ent 19.000000
/nfs/cathdata/dompdb/1clc02 47.000000
/tmp/1ribA0 32.000000
/tmp/1mmoB0 19.000000
/tmp/1mhyB0 23.000000
/nfs/cathdata/dompdb/1cpt02 34.000000
/data/pdb_release/all/pdb1phb.ent 35.000000
/tmp/2bmhA0 56.000000
/nfs/cathdata/dompdb/1lla01 20.000000
/tmp/1mhlC0 22.000000
/tmp/1mtyD0 35.000000
/tmp/1mhyD0 34.000000
/nfs/cathdata/dompdb/2sblB2 48.000000
/data/pdb_release/all/pdb1lnh.ent 80.000000
/data/pdb_release/all/pdb1ehs.ent 6.000000
/tmp/2spcA0 6.000000
/tmp/1ytfB0 6.000000
/nfs/cathdata/dompdb/1pnkA2 6.000000
/data/pdb_release/all/pdb1aty.ent 7.000000
/nfs/cathdata/dompdb/1dloA3 17.000000
/tmp/1ithA0 15.000000
/tmp/1cpcA0 18.000000
/tmp/1cpcB0 17.000000
/tmp/1allA0 17.000000
/tmp/1allB0 14.000000
/tmp/1colA0 19.000000
/nfs/cathdata/dompdb/1ddt02 23.000000
/nfs/cathdata/dompdb/3blm02 12.000000
/nfs/cathdata/dompdb/1mblA2 14.000000
/nfs/cathdata/dompdb/1btl02 11.000000
/nfs/cathdata/dompdb/1ckiA2 15.000000
/nfs/cathdata/dompdb/1csn02 14.000000
/nfs/cathdata/dompdb/1apmE1 16.000000
/nfs/cathdata/dompdb/1irk02 18.000000
/nfs/cathdata/dompdb/1ad5A4 16.000000
/nfs/cathdata/dompdb/1aru01 16.000000
/nfs/cathdata/dompdb/1llp01 16.000000
/nfs/cathdata/dompdb/1mnp01 13.000000
/nfs/cathdata/dompdb/1qpaA1 17.000000
/nfs/cathdata/dompdb/1cca01 15.000000
/nfs/cathdata/dompdb/1apxA1 18.000000
/nfs/cathdata/dompdb/1schA1 11.000000
/data/pdb_release/all/pdb153l.ent 17.000000
/data/pdb_release/all/pdb1baa.ent 18.000000
/nfs/cathdata/dompdb/1cnsA1 19.000000
/data/pdb_release/all/pdb135l.ent 8.000000
/data/pdb_release/all/pdb2ihl.ent 10.000000
/data/pdb_release/all/pdb1lz1.ent 28.000000
/data/pdb_release/all/pdb1hhl.ent 8.000000
/tmp/1ghlA0 8.000000
/data/pdb_release/all/pdb2eql.ent 13.000000
/data/pdb_release/all/pdb1alc.ent 8.000000
/data/pdb_release/all/pdb1hml.ent 8.000000
/tmp/1thbA0 15.000000
/tmp/1hdsA0 15.000000
/tmp/1hdsB0 15.000000
/tmp/2mhbA0 15.000000
/tmp/1fdhG0 14.000000
/tmp/1hbhA0 17.000000
/tmp/1hdaA0 15.000000
/tmp/1babB0 13.000000
/data/pdb_release/all/pdb2lhb.ent 15.000000
/tmp/1hbhB0 16.000000
/tmp/1hdaB0 14.000000
/tmp/1pghA0 16.000000
/tmp/1pghB0 15.000000
/tmp/1ibeB0 20.000000
/tmp/1outA0 17.000000
/tmp/1outB0 17.000000
/tmp/1spgA0 15.000000
/tmp/1spgB0 16.000000
/data/pdb_release/all/pdb1flp.ent 13.000000
/data/pdb_release/all/pdb1lhs.ent 18.000000
/data/pdb_release/all/pdb1bvd.ent 15.000000
/data/pdb_release/all/pdb1ymb.ent 15.000000
/data/pdb_release/all/pdb1mbs.ent 18.000000
/data/pdb_release/all/pdb2mm1.ent 18.000000
/data/pdb_release/all/pdb1emy.ent 15.000000
/tmp/1mygA0 15.000000
/data/pdb_release/all/pdb1myt.ent 14.000000
/data/pdb_release/all/pdb1eca.ent 21.000000
/tmp/1sctA0 17.000000
/tmp/1sctB0 16.000000
/tmp/3sdhA0 14.000000
/data/pdb_release/all/pdb1mba.ent 15.000000
/data/pdb_release/all/pdb1ash.ent 17.000000
/nfs/cathdata/dompdb/1fcdC2 15.000000
/tmp/2mtaC0 14.000000
/nfs/cathdata/dompdb/2abk02 10.000000
/nfs/cathdata/dompdb/1npc02 11.000000
/nfs/cathdata/dompdb/1ezm02 16.000000
/nfs/cathdata/dompdb/2tmnE2 14.000000
/nfs/cathdata/dompdb/1dnpA2 16.000000
/nfs/cathdata/dompdb/1gia02 15.000000
/nfs/cathdata/dompdb/1tadA2 15.000000
/nfs/cathdata/dompdb/7catA2 15.000000
/nfs/cathdata/dompdb/1cca02 31.000000
/nfs/cathdata/dompdb/1apxA2 14.000000
/nfs/cathdata/dompdb/1aru02 12.000000
/nfs/cathdata/dompdb/1llp02 12.000000
/nfs/cathdata/dompdb/1mnp02 12.000000
/nfs/cathdata/dompdb/1qpaA2 14.000000
/nfs/cathdata/dompdb/1schA2 18.000000
/tmp/1rfbA0 16.000000
/nfs/cathdata/dompdb/1pnkA1 31.000000
/data/pdb_release/all/pdb1end.ent 9.000000
/nfs/cathdata/dompdb/1gly01 35.000000
/nfs/cathdata/dompdb/1ecl02 33.000000
/data/pdb_release/all/pdb1sra.ent 14.000000
/nfs/cathdata/dompdb/1prcC2 14.000000
/nfs/cathdata/dompdb/1prcC1 14.000000
/nfs/cathdata/dompdb/1vsgA2 14.000000
/nfs/cathdata/dompdb/1gly02 24.000000
/nfs/cathdata/dompdb/1pnkB4 12.000000
/data/pdb_release/all/pdb1hlm.ent 16.000000
/data/pdb_release/all/pdb1hlb.ent 17.000000
/data/pdb_release/all/pdb1hbg.ent 15.000000
/data/pdb_release/all/pdb1gdj.ent 14.000000
/tmp/1binA0 15.000000
/nfs/cathdata/dompdb/1osa02 10.000000
/nfs/cathdata/dompdb/1wdcC2 10.000000
/nfs/cathdata/dompdb/1tnw02 10.000000
/tmp/1cnpA0 10.000000
/tmp/1symA0 10.000000
/tmp/1tcoB0 16.000000
/nfs/cathdata/dompdb/1scmC1 8.000000
/nfs/cathdata/dompdb/1wdcB1 8.000000
/nfs/cathdata/dompdb/1rec01 0.000000
/nfs/cathdata/dompdb/1rec02 15.000000
/data/pdb_release/all/pdb2sas.ent 15.000000
/tmp/2scpA0 16.000000
/data/pdb_release/all/pdb155c.ent 10.000000
/data/pdb_release/all/pdb1ycc.ent 11.000000
/data/pdb_release/all/pdb1ccr.ent 13.000000
/tmp/5cytR0 11.000000
/data/pdb_release/all/pdb1yeb.ent 13.000000
/data/pdb_release/all/pdb1hrc.ent 13.000000
/data/pdb_release/all/pdb1cry.ent 13.000000
/data/pdb_release/all/pdb1cot.ent 11.000000
/data/pdb_release/all/pdb3c2c.ent 13.000000
/tmp/1c2rA0 13.000000
/data/pdb_release/all/pdb1cxc.ent 13.000000
/data/pdb_release/all/pdb1yea.ent 12.000000
/tmp/1hroA0 13.000000
/data/pdb_release/all/pdb1dvh.ent 9.000000
/data/pdb_release/all/pdb351c.ent 10.000000
/data/pdb_release/all/pdb1cor.ent 13.000000
/data/pdb_release/all/pdb1cch.ent 11.000000
/nfs/cathdata/dompdb/1fcdC1 8.000000
/data/pdb_release/all/pdb1cc5.ent 11.000000
/data/pdb_release/all/pdb1cyi.ent 11.000000
/data/pdb_release/all/pdb1ctj.ent 11.000000
/nfs/cathdata/dompdb/6gsvA2 12.000000
/nfs/cathdata/dompdb/1gta02 11.000000
/nfs/cathdata/dompdb/1hna02 15.000000
/nfs/cathdata/dompdb/2gsq02 10.000000
/nfs/cathdata/dompdb/1gseA2 11.000000
/nfs/cathdata/dompdb/1bpb01 10.000000
/nfs/cathdata/dompdb/1taq02 6.000000
/nfs/cathdata/dompdb/9icwA2 10.000000
/nfs/cathdata/dompdb/1ecl04 10.000000
/nfs/cathdata/dompdb/1adeA2 12.000000
/nfs/cathdata/dompdb/1atnA3 27.000000
/nfs/cathdata/dompdb/1oxa03 13.000000
/data/pdb_release/all/pdb1hmx.ent 13.000000
/nfs/cathdata/dompdb/2abk01 14.000000
/nfs/cathdata/dompdb/1gln04 14.000000
/nfs/cathdata/dompdb/2tct02 14.000000
/tmp/1hulA0 13.000000
/data/pdb_release/all/pdb1coo.ent 11.000000
/nfs/cathdata/dompdb/1wdcB2 10.000000
/data/pdb_release/all/pdb1bod.ent 10.000000
/data/pdb_release/all/pdb1cb1.ent 10.000000
/data/pdb_release/all/pdb4icb.ent 13.000000
/data/pdb_release/all/pdb1cmf.ent 8.000000
/nfs/cathdata/dompdb/1ncx01 11.000000
/data/pdb_release/all/pdb1cfc.ent 16.000000
/data/pdb_release/all/pdb1tnx.ent 19.000000
/data/pdb_release/all/pdb1rro.ent 12.000000
/data/pdb_release/all/pdb4cpv.ent 14.000000
/data/pdb_release/all/pdb5pal.ent 14.000000
/data/pdb_release/all/pdb1pal.ent 14.000000
/tmp/1rtp10 16.000000
/tmp/1pvaA0 17.000000
/nfs/cathdata/dompdb/1osa01 8.000000
/nfs/cathdata/dompdb/1avhA1 13.000000
/nfs/cathdata/dompdb/2ran01 13.000000
/nfs/cathdata/dompdb/1ala02 13.000000
/nfs/cathdata/dompdb/1hvd02 13.000000
/nfs/cathdata/dompdb/1ala04 13.000000
/nfs/cathdata/dompdb/1ann04 15.000000
/nfs/cathdata/dompdb/1avhA4 13.000000
/nfs/cathdata/dompdb/1axn01 13.000000
/nfs/cathdata/dompdb/1axn03 13.000000
/nfs/cathdata/dompdb/1axn02 13.000000
/nfs/cathdata/dompdb/1ala03 10.000000
/nfs/cathdata/dompdb/1ann03 13.000000
/nfs/cathdata/dompdb/1hvd03 13.000000
/nfs/cathdata/dompdb/2ran03 13.000000
/nfs/cathdata/dompdb/1axn04 13.000000
/nfs/cathdata/dompdb/1csc02 13.000000
/nfs/cathdata/dompdb/1csh02 13.000000
/nfs/cathdata/dompdb/2cts02 13.000000
/nfs/cathdata/dompdb/1tyaE2 13.000000
/nfs/cathdata/dompdb/1bvp11 13.000000
/data/pdb_release/all/pdb1neq.ent 11.000000
/nfs/cathdata/dompdb/1octC1 10.000000
/data/pdb_release/all/pdb1r69.ent 13.000000
/data/pdb_release/all/pdb2cro.ent 12.000000
/data/pdb_release/all/pdb1adr.ent 13.000000
/tmp/1lmb30 11.000000
/nfs/cathdata/dompdb/2yhx01 13.000000
/nfs/cathdata/dompdb/2bpfA1 13.000000
/nfs/cathdata/dompdb/1bgw03 10.000000
/nfs/cathdata/dompdb/1adt01 12.000000
/nfs/cathdata/dompdb/1glqA2 10.000000
/nfs/cathdata/dompdb/2gsrA2 10.000000
/nfs/cathdata/dompdb/1gssA2 10.000000
/data/pdb_release/all/pdb1erd.ent 4.000000
/nfs/cathdata/dompdb/1dtr02 9.000000
/tmp/1lccA0 7.000000
/nfs/cathdata/dompdb/1pnrA1 10.000000
/data/pdb_release/all/pdb1uxd.ent 7.000000
/nfs/cathdata/dompdb/2phlA1 6.000000
/nfs/cathdata/dompdb/2phlA4 9.000000
/tmp/6insE0 9.000000
/data/pdb_release/all/pdb2gf1.ent 9.000000
/data/pdb_release/all/pdb1igl.ent 6.000000
/data/pdb_release/all/pdb1bip.ent 12.000000
/data/pdb_release/all/pdb1c5a.ent 10.000000
/data/pdb_release/all/pdb1kjs.ent 11.000000
/tmp/1cmbA0 7.000000
/nfs/cathdata/dompdb/1gln03 10.000000
/nfs/cathdata/dompdb/1serA1 12.000000
/nfs/cathdata/dompdb/1bvp13 10.000000
/nfs/cathdata/dompdb/1dmb03 26.000000
/nfs/cathdata/dompdb/1dik02 7.000000
/nfs/cathdata/dompdb/9pap02 7.000000
/nfs/cathdata/dompdb/1aec02 9.000000
/nfs/cathdata/dompdb/1gecE2 10.000000
/nfs/cathdata/dompdb/2act02 9.000000
/nfs/cathdata/dompdb/1ppo02 7.000000
/nfs/cathdata/dompdb/1yal02 7.000000
/nfs/cathdata/dompdb/1theA2 7.000000
/nfs/cathdata/dompdb/1csbB1 7.000000
/nfs/cathdata/dompdb/2bltA2 7.000000
/data/pdb_release/all/pdb1utg.ent 10.000000
/data/pdb_release/all/pdb1ccd.ent 10.000000
/nfs/cathdata/dompdb/1ala01 13.000000
/nfs/cathdata/dompdb/1ann01 13.000000
/nfs/cathdata/dompdb/1ann02 13.000000
/tmp/1fliA0 7.000000
/data/pdb_release/all/pdb1etc.ent 18.000000
/tmp/1sttA0 17.000000
/data/pdb_release/all/pdb2hts.ent 18.000000
/data/pdb_release/all/pdb1hks.ent 6.000000
/data/pdb_release/all/pdb1enh.ent 9.000000
/data/pdb_release/all/pdb1ftz.ent 9.000000
/data/pdb_release/all/pdb1ftt.ent 7.000000
/tmp/1ahdP0 7.000000
/tmp/1fjlA0 9.000000
/data/pdb_release/all/pdb1vnd.ent 7.000000
/data/pdb_release/all/pdb1hdp.ent 9.000000
/data/pdb_release/all/pdb1ocp.ent 9.000000
/data/pdb_release/all/pdb1pog.ent 7.000000
/tmp/1yrnA0 9.000000
/tmp/1hcrA0 9.000000
/data/pdb_release/all/pdb1res.ent 9.000000
/data/pdb_release/all/pdb1lfb.ent 9.000000
/data/pdb_release/all/pdb2lfb.ent 9.000000
/tmp/1yrnB0 12.000000
/tmp/1fiaA0 10.000000
/data/pdb_release/all/pdb1mbe.ent 7.000000
/data/pdb_release/all/pdb1mbg.ent 7.000000
/data/pdb_release/all/pdb1mbj.ent 9.000000
/tmp/2wrpR0 14.000000
/nfs/cathdata/dompdb/2tct01 10.000000
/tmp/1bfmA0 7.000000
/tmp/1hryA0 9.000000
/data/pdb_release/all/pdb1hsm.ent 9.000000
/data/pdb_release/all/pdb1hma.ent 7.000000
/data/pdb_release/all/pdb1hme.ent 9.000000
/data/pdb_release/all/pdb1aab.ent 9.000000
/tmp/1trlA0 9.000000
/tmp/1mylA0 6.000000
/tmp/1parA0 6.000000
/tmp/1mntA0 12.000000
/data/pdb_release/all/pdb1lea.ent 9.000000
/tmp/1hstA0 27.000000
/data/pdb_release/all/pdb1ghc.ent 7.000000
/nfs/cathdata/dompdb/1dprA1 12.000000
/nfs/cathdata/dompdb/1bia01 9.000000
/nfs/cathdata/dompdb/1berA2 24.000000
/nfs/cathdata/dompdb/1pdnC1 9.000000
/nfs/cathdata/dompdb/1pdnC2 7.000000
