/tmp/2ltnB0 50.000000
/tmp/1lenB0 50.000000
/tmp/1lgcB0 0.000000
/nfs/cathdata/dompdb/1lyaB1 50.000000
/tmp/1aayA0 100.000000
/tmp/1ubdC0 100.000000
/tmp/1meyC0 100.000000
/tmp/2drpA0 90.000000
/tmp/1pyaA0 90.000000
/tmp/1hueA0 100.000000
/tmp/1wtuA0 100.000000
/tmp/1ihfA0 100.000000
/tmp/1ihfB0 90.000000
/nfs/cathdata/dompdb/1prcH1 90.000000
/nfs/cathdata/dompdb/1pcrH1 65.000000
/data/pdb_release/all/pdb4mt2.ent 0.000000
/data/pdb_release/all/pdb1tiv.ent 0.000000
/data/pdb_release/all/pdb1zaq.ent 0.000000
/data/pdb_release/all/pdb1iva.ent 0.000000
/data/pdb_release/all/pdb1agg.ent 0.000000
/data/pdb_release/all/pdb1cfh.ent 0.000000
/data/pdb_release/all/pdb1cfi.ent 0.000000
/data/pdb_release/all/pdb1aaf.ent 0.000000
/data/pdb_release/all/pdb2ech.ent 0.000000
/data/pdb_release/all/pdb1fvl.ent 0.000000
/data/pdb_release/all/pdb1kst.ent 20.000000
/tmp/1r0940 50.000000
/tmp/2plv40 65.000000
/tmp/1pvc40 65.000000
/tmp/1bbt40 100.000000
/tmp/1tme40 50.000000
/tmp/2mev40 50.000000
/tmp/1tabI0 0.000000
/data/pdb_release/all/pdb1pi2.ent 15.000000
/data/pdb_release/all/pdb1bbi.ent 30.000000
/nfs/cathdata/dompdb/1pcp01 50.000000
/nfs/cathdata/dompdb/2pspA2 50.000000
/nfs/cathdata/dompdb/1gcb01 100.000000
/nfs/cathdata/dompdb/1fieA2 100.000000
/nfs/cathdata/dompdb/1lgr01 100.000000
/nfs/cathdata/dompdb/1abbA1 100.000000
/nfs/cathdata/dompdb/1ygpA1 100.000000
/nfs/cathdata/dompdb/1pgd03 50.000000
/data/pdb_release/all/pdb1ldl.ent 0.000000
/data/pdb_release/all/pdb1ldr.ent 0.000000
/data/pdb_release/all/pdb1tap.ent 55.000000
/data/pdb_release/all/pdb5pti.ent 55.000000
/tmp/1aapA0 65.000000
/data/pdb_release/all/pdb1dtx.ent 55.000000
/data/pdb_release/all/pdb1dtk.ent 55.000000
/data/pdb_release/all/pdb1shp.ent 55.000000
/tmp/1brbI0 65.000000
/data/pdb_release/all/pdb1knt.ent 65.000000
/data/pdb_release/all/pdb1dem.ent 65.000000
/tmp/1bunB0 65.000000
/data/pdb_release/all/pdb1hnr.ent 50.000000
/tmp/1mhlA0 90.000000
/nfs/cathdata/dompdb/1gal02 100.000000
/nfs/cathdata/dompdb/1inp01 100.000000
/nfs/cathdata/dompdb/1rtc02 90.000000
/nfs/cathdata/dompdb/1apa02 90.000000
/nfs/cathdata/dompdb/1pafA2 100.000000
/nfs/cathdata/dompdb/1mrg02 90.000000
/nfs/cathdata/dompdb/1mrj02 90.000000
/nfs/cathdata/dompdb/1abrA2 100.000000
/tmp/1isuA0 50.000000
/data/pdb_release/all/pdb1hip.ent 100.000000
/tmp/2hipA0 30.000000
/data/pdb_release/all/pdb1hpi.ent 65.000000
/data/pdb_release/all/pdb1bbo.ent 90.000000
/nfs/cathdata/dompdb/1adt02 65.000000
/tmp/1abmA0 100.000000
/tmp/1idsA0 100.000000
/tmp/1isaA0 100.000000
/nfs/cathdata/dompdb/1vsgA1 100.000000
/tmp/1hmpA0 65.000000
/nfs/cathdata/dompdb/1adeA3 100.000000
/nfs/cathdata/dompdb/1qorA1 100.000000
/nfs/cathdata/dompdb/3btoA1 100.000000
/nfs/cathdata/dompdb/1dehA1 65.000000
/nfs/cathdata/dompdb/1cdoA1 90.000000
/nfs/cathdata/dompdb/1tehA1 100.000000
/nfs/cathdata/dompdb/1agnA1 100.000000
/tmp/1yptA0 100.000000
/data/pdb_release/all/pdb2hnp.ent 100.000000
/nfs/cathdata/dompdb/1yfoA1 65.000000
/tmp/1vhrA0 100.000000
/data/pdb_release/all/pdb1gpc.ent 90.000000
/nfs/cathdata/dompdb/1bgw05 100.000000
/nfs/cathdata/dompdb/1jetA1 100.000000
/nfs/cathdata/dompdb/1glaG1 100.000000
/nfs/cathdata/dompdb/1hgeA1 65.000000
/tmp/1ltsA0 100.000000
/tmp/1xtcA0 90.000000
/tmp/1tiiA0 100.000000
/tmp/1prtA0 90.000000
/nfs/cathdata/dompdb/1admA2 100.000000
/nfs/cathdata/dompdb/1chmA2 90.000000
/data/pdb_release/all/pdb1mat.ent 100.000000
/data/pdb_release/all/pdb1pbn.ent 100.000000
/data/pdb_release/all/pdb1ula.ent 100.000000
/tmp/1ecpA0 100.000000
/nfs/cathdata/dompdb/1dhx03 100.000000
/data/pdb_release/all/pdb2cyr.ent 100.000000
/data/pdb_release/all/pdb1wad.ent 90.000000
/data/pdb_release/all/pdb1czj.ent 100.000000
/tmp/1htmB0 100.000000
/nfs/cathdata/dompdb/1berA1 100.000000
/nfs/cathdata/dompdb/1dhx02 90.000000
/nfs/cathdata/dompdb/1gln02 90.000000
/nfs/cathdata/dompdb/1gtrA2 100.000000
/nfs/cathdata/dompdb/1prcH2 90.000000
/nfs/cathdata/dompdb/4rcrH2 65.000000
/nfs/cathdata/dompdb/1oxa01 65.000000
/nfs/cathdata/dompdb/1cpt01 90.000000
/nfs/cathdata/dompdb/1gcb02 100.000000
/data/pdb_release/all/pdb1mut.ent 65.000000
/data/pdb_release/all/pdb1pyp.ent 100.000000
/data/pdb_release/all/pdb2prd.ent 65.000000
/tmp/1eipA0 65.000000
/nfs/cathdata/dompdb/1ordA4 100.000000
/nfs/cathdata/dompdb/2cmd02 100.000000
/nfs/cathdata/dompdb/1mldA2 100.000000
/nfs/cathdata/dompdb/6ldh02 100.000000
/nfs/cathdata/dompdb/1llc02 65.000000
/nfs/cathdata/dompdb/1lldA2 100.000000
/nfs/cathdata/dompdb/2ldx02 100.000000
/nfs/cathdata/dompdb/3ldh02 100.000000
/nfs/cathdata/dompdb/5ldh02 100.000000
/nfs/cathdata/dompdb/9ldtA2 100.000000
/nfs/cathdata/dompdb/1ldb02 100.000000
/nfs/cathdata/dompdb/1hyhA2 100.000000
/nfs/cathdata/dompdb/4mdhA2 100.000000
/nfs/cathdata/dompdb/1bdmA2 100.000000
/nfs/cathdata/dompdb/1dctA2 90.000000
/tmp/1regX0 100.000000
/nfs/cathdata/dompdb/2bltA1 100.000000
/data/pdb_release/all/pdb1xaa.ent 100.000000
/data/pdb_release/all/pdb1xac.ent 100.000000
/tmp/1alkA0 100.000000
/data/pdb_release/all/pdb1lpp.ent 100.000000
/data/pdb_release/all/pdb1thg.ent 100.000000
/tmp/1cleA0 100.000000
/data/pdb_release/all/pdb1ace.ent 100.000000
/nfs/cathdata/dompdb/3ladA2 65.000000
/nfs/cathdata/dompdb/1lpfA2 65.000000
/nfs/cathdata/dompdb/1lvl02 55.000000
/nfs/cathdata/dompdb/1ebdA2 55.000000
/nfs/cathdata/dompdb/2tmdA3 100.000000
/nfs/cathdata/dompdb/1gerA2 65.000000
/nfs/cathdata/dompdb/1gesA2 55.000000
/nfs/cathdata/dompdb/3grs02 55.000000
/nfs/cathdata/dompdb/1tde02 100.000000
/nfs/cathdata/dompdb/1vdc02 65.000000
/nfs/cathdata/dompdb/1fecB2 55.000000
/nfs/cathdata/dompdb/1nhr02 90.000000
/nfs/cathdata/dompdb/1fcdA2 90.000000
/tmp/1pyaB0 100.000000
/nfs/cathdata/dompdb/1dik03 65.000000
/nfs/cathdata/dompdb/1aorA1 100.000000
/tmp/2dnjA0 100.000000
/tmp/1fjmA0 100.000000
/tmp/1tcoA0 100.000000
/nfs/cathdata/dompdb/1gph11 100.000000
/data/pdb_release/all/pdb1plq.ent 65.000000
/data/pdb_release/all/pdb1bnh.ent 100.000000
/data/pdb_release/all/pdb1cy3.ent 50.000000
/tmp/1cthA0 100.000000
/data/pdb_release/all/pdb2cdv.ent 100.000000
/nfs/cathdata/dompdb/1trkA1 100.000000
/tmp/1rvaA0 100.000000
/nfs/cathdata/dompdb/1atnA1 100.000000
/nfs/cathdata/dompdb/2btfA1 100.000000
/nfs/cathdata/dompdb/1olbA2 100.000000
/data/pdb_release/all/pdb2ctc.ent 100.000000
/data/pdb_release/all/pdb1amp.ent 100.000000
/nfs/cathdata/dompdb/1lam02 100.000000
/nfs/cathdata/dompdb/1tplA2 100.000000
/nfs/cathdata/dompdb/1dgd02 100.000000
/nfs/cathdata/dompdb/1aam02 100.000000
/nfs/cathdata/dompdb/1akaA2 100.000000
/nfs/cathdata/dompdb/2cstA2 100.000000
/nfs/cathdata/dompdb/1ordA2 100.000000
/data/pdb_release/all/pdb1rpa.ent 100.000000
/data/pdb_release/all/pdb1esc.ent 100.000000
/nfs/cathdata/dompdb/1gpb02 100.000000
/nfs/cathdata/dompdb/1ygpA2 100.000000
/tmp/1deaA0 90.000000
/tmp/1thtA0 100.000000
/tmp/1tahA0 100.000000
/tmp/1oilA0 100.000000
/nfs/cathdata/dompdb/1hplA1 100.000000
/nfs/cathdata/dompdb/1lpbB1 100.000000
/tmp/1ethA0 100.000000
/data/pdb_release/all/pdb1gpl.ent 100.000000
/data/pdb_release/all/pdb1tca.ent 100.000000
/data/pdb_release/all/pdb1ede.ent 100.000000
/data/pdb_release/all/pdb1ysc.ent 100.000000
/nfs/cathdata/dompdb/1asyA2 100.000000
/nfs/cathdata/dompdb/1lylA2 100.000000
/nfs/cathdata/dompdb/1serA2 100.000000
/data/pdb_release/all/pdb3pte.ent 100.000000
/nfs/cathdata/dompdb/1abrA1 100.000000
/nfs/cathdata/dompdb/1ahc01 100.000000
/nfs/cathdata/dompdb/1mrj01 100.000000
/nfs/cathdata/dompdb/1apa01 100.000000
/nfs/cathdata/dompdb/1pafA1 100.000000
/tmp/4dfrA0 65.000000
/data/pdb_release/all/pdb3dfr.ent 90.000000
/data/pdb_release/all/pdb8dfr.ent 100.000000
/data/pdb_release/all/pdb1drf.ent 100.000000
/data/pdb_release/all/pdb1dyr.ent 65.000000
/nfs/cathdata/dompdb/1adeA1 100.000000
/nfs/cathdata/dompdb/3pmgA1 100.000000
/data/pdb_release/all/pdb1udg.ent 100.000000
/nfs/cathdata/dompdb/3pgk02 100.000000
/nfs/cathdata/dompdb/1php02 100.000000
/nfs/cathdata/dompdb/1gpmA1 65.000000
/nfs/cathdata/dompdb/1powA3 100.000000
/nfs/cathdata/dompdb/1pvdA3 100.000000
/nfs/cathdata/dompdb/1pvdA1 100.000000
/nfs/cathdata/dompdb/1powA1 90.000000
/nfs/cathdata/dompdb/1trkA2 100.000000
/nfs/cathdata/dompdb/1tyaE1 100.000000
/nfs/cathdata/dompdb/2tysB2 100.000000
/nfs/cathdata/dompdb/1minA1 100.000000
/nfs/cathdata/dompdb/1mioA1 100.000000
/nfs/cathdata/dompdb/3ecaA1 65.000000
/nfs/cathdata/dompdb/1agx01 100.000000
/nfs/cathdata/dompdb/3pga11 65.000000
/tmp/1wsaA0 100.000000
/tmp/1nbaA0 100.000000
/nfs/cathdata/dompdb/2reb01 100.000000
/tmp/1smnA0 100.000000
/tmp/1eriA0 100.000000
/nfs/cathdata/dompdb/1lvl01 90.000000
/nfs/cathdata/dompdb/1ebdA1 90.000000
/nfs/cathdata/dompdb/1gal01 100.000000
/nfs/cathdata/dompdb/1fcdA1 90.000000
/nfs/cathdata/dompdb/1coy01 100.000000
/nfs/cathdata/dompdb/1pbe01 90.000000
/nfs/cathdata/dompdb/1aa8A1 100.000000
/nfs/cathdata/dompdb/1dob02 100.000000
/data/pdb_release/all/pdb1cge.ent 90.000000
/data/pdb_release/all/pdb1mnc.ent 100.000000
/data/pdb_release/all/pdb1srt.ent 100.000000
/nfs/cathdata/dompdb/1fbl01 100.000000
/data/pdb_release/all/pdb1mmq.ent 90.000000
/data/pdb_release/all/pdb1slm.ent 100.000000
/tmp/1atlA0 100.000000
/data/pdb_release/all/pdb1iag.ent 100.000000
/nfs/cathdata/dompdb/1kapP2 100.000000
/nfs/cathdata/dompdb/1sat02 90.000000
/data/pdb_release/all/pdb1iab.ent 90.000000
/nfs/cathdata/dompdb/1lcf01 100.000000
/nfs/cathdata/dompdb/1ovt01 100.000000
/nfs/cathdata/dompdb/1ovt03 100.000000
/nfs/cathdata/dompdb/1nnt01 100.000000
/nfs/cathdata/dompdb/1tfd01 100.000000
/nfs/cathdata/dompdb/1lcf03 100.000000
/nfs/cathdata/dompdb/1dot01 100.000000
/nfs/cathdata/dompdb/1dot03 100.000000
/nfs/cathdata/dompdb/1quk01 100.000000
/nfs/cathdata/dompdb/1sbp01 100.000000
/nfs/cathdata/dompdb/1dmb01 100.000000
/nfs/cathdata/dompdb/1pot01 100.000000
/nfs/cathdata/dompdb/3sc2A1 65.000000
/nfs/cathdata/dompdb/1rtc01 100.000000
/tmp/1pviA0 100.000000
/nfs/cathdata/dompdb/1bllE1 100.000000
/nfs/cathdata/dompdb/1scuB3 90.000000
/nfs/cathdata/dompdb/1ora01 90.000000
/nfs/cathdata/dompdb/1ora02 100.000000
/nfs/cathdata/dompdb/2glt01 100.000000
/nfs/cathdata/dompdb/1ttqB1 100.000000
/data/pdb_release/all/pdb3pgm.ent 100.000000
/nfs/cathdata/dompdb/1gtrA1 100.000000
/nfs/cathdata/dompdb/1gln01 100.000000
/tmp/1dsbA0 100.000000
/tmp/1gp1A0 100.000000
/nfs/cathdata/dompdb/1chmA1 65.000000
/nfs/cathdata/dompdb/1scuB1 100.000000
/nfs/cathdata/dompdb/1mla02 100.000000
/nfs/cathdata/dompdb/1glaG2 100.000000
/nfs/cathdata/dompdb/1ami01 100.000000
/data/pdb_release/all/pdb1ak2.ent 100.000000
/tmp/1ak3A0 100.000000
/tmp/1akeA0 100.000000
/data/pdb_release/all/pdb1aky.ent 100.000000
/data/pdb_release/all/pdb3adk.ent 100.000000
/data/pdb_release/all/pdb1ukz.ent 100.000000
/data/pdb_release/all/pdb1ukd.ent 100.000000
/nfs/cathdata/dompdb/2tmdA2 100.000000
/nfs/cathdata/dompdb/1nhp01 65.000000
/nfs/cathdata/dompdb/1trb01 90.000000
/nfs/cathdata/dompdb/1vdc01 100.000000
/nfs/cathdata/dompdb/1typA1 90.000000
/nfs/cathdata/dompdb/1gesA1 100.000000
/nfs/cathdata/dompdb/3grs01 100.000000
/nfs/cathdata/dompdb/3ladA1 90.000000
/nfs/cathdata/dompdb/1lpfA1 100.000000
/nfs/cathdata/dompdb/1pfkA2 100.000000
/nfs/cathdata/dompdb/3pfk02 100.000000
/nfs/cathdata/dompdb/3pgk01 100.000000
/nfs/cathdata/dompdb/1php01 100.000000
/nfs/cathdata/dompdb/3pmgA3 100.000000
/tmp/2rslA0 65.000000
/tmp/1gdtA0 100.000000
/nfs/cathdata/dompdb/1ctt02 65.000000
/nfs/cathdata/dompdb/1ctt01 100.000000
/tmp/1whtB0 100.000000
/nfs/cathdata/dompdb/1trkA3 90.000000
/nfs/cathdata/dompdb/1dmb02 100.000000
/nfs/cathdata/dompdb/1pda02 100.000000
/nfs/cathdata/dompdb/1hslA2 65.000000
/nfs/cathdata/dompdb/1lst02 65.000000
/nfs/cathdata/dompdb/1pbp02 90.000000
/nfs/cathdata/dompdb/1sbp02 100.000000
/data/pdb_release/all/pdb1ovb.ent 100.000000
/nfs/cathdata/dompdb/1lcf02 100.000000
/nfs/cathdata/dompdb/1lcf04 100.000000
/nfs/cathdata/dompdb/1ovt02 100.000000
/nfs/cathdata/dompdb/1ovt04 100.000000
/nfs/cathdata/dompdb/1tfd02 100.000000
/nfs/cathdata/dompdb/1dot04 100.000000
/nfs/cathdata/dompdb/1poy12 100.000000
/nfs/cathdata/dompdb/1inp03 65.000000
/nfs/cathdata/dompdb/1imbA2 90.000000
/nfs/cathdata/dompdb/1fbcA2 90.000000
/nfs/cathdata/dompdb/1ftaA2 100.000000
/nfs/cathdata/dompdb/1spiA2 100.000000
/nfs/cathdata/dompdb/1pda01 90.000000
/nfs/cathdata/dompdb/1hslA1 100.000000
/nfs/cathdata/dompdb/1lst01 100.000000
/nfs/cathdata/dompdb/2ldx01 100.000000
/nfs/cathdata/dompdb/3ldh01 65.000000
/nfs/cathdata/dompdb/5ldh01 100.000000
/nfs/cathdata/dompdb/9ldtA1 65.000000
/data/pdb_release/all/pdb5nll.ent 65.000000
/data/pdb_release/all/pdb2fx2.ent 65.000000
/data/pdb_release/all/pdb1ofv.ent 100.000000
/data/pdb_release/all/pdb2fcr.ent 65.000000
/data/pdb_release/all/pdb1rcf.ent 90.000000
/tmp/1lfaA0 100.000000
/data/pdb_release/all/pdb1ido.ent 100.000000
/nfs/cathdata/dompdb/1pfkA1 65.000000
/nfs/cathdata/dompdb/3pfk01 65.000000
/data/pdb_release/all/pdb1cus.ent 100.000000
/data/pdb_release/all/pdb1dad.ent 100.000000
/data/pdb_release/all/pdb1tib.ent 100.000000
/data/pdb_release/all/pdb3tgl.ent 90.000000
/tmp/1lgyA0 100.000000
/data/pdb_release/all/pdb1vid.ent 100.000000
/data/pdb_release/all/pdb1pdo.ent 90.000000
/nfs/cathdata/dompdb/1gpmA2 100.000000
/nfs/cathdata/dompdb/1dnpA1 90.000000
/nfs/cathdata/dompdb/1bgw02 100.000000
/nfs/cathdata/dompdb/1guhA1 100.000000
/nfs/cathdata/dompdb/1glqA1 100.000000
/nfs/cathdata/dompdb/2gsq01 100.000000
/nfs/cathdata/dompdb/2gsrA1 100.000000
/nfs/cathdata/dompdb/1gssA1 100.000000
/nfs/cathdata/dompdb/2gstA1 90.000000
/nfs/cathdata/dompdb/1gta01 90.000000
/nfs/cathdata/dompdb/1hna01 90.000000
/nfs/cathdata/dompdb/3pmgA2 100.000000
/data/pdb_release/all/pdb1lba.ent 65.000000
/tmp/1meeA0 100.000000
/nfs/cathdata/dompdb/1ordA1 65.000000
/data/pdb_release/all/pdb1ntr.ent 100.000000
/nfs/cathdata/dompdb/1gdhA2 100.000000
/nfs/cathdata/dompdb/2nacA2 100.000000
/nfs/cathdata/dompdb/2dldA2 100.000000
/nfs/cathdata/dompdb/2dldA1 100.000000
/nfs/cathdata/dompdb/1scuB2 65.000000
/nfs/cathdata/dompdb/1scuA1 65.000000
/nfs/cathdata/dompdb/1scuA2 90.000000
/data/pdb_release/all/pdb1phr.ent 90.000000
/nfs/cathdata/dompdb/1bmtA2 100.000000
/tmp/1iceA0 65.000000
/data/pdb_release/all/pdb1etu.ent 100.000000
/nfs/cathdata/dompdb/1eft01 90.000000
/data/pdb_release/all/pdb5p21.ent 90.000000
/tmp/1guaA0 100.000000
/tmp/1hurA0 65.000000
/tmp/1nipA0 100.000000
/nfs/cathdata/dompdb/1gky02 90.000000
/nfs/cathdata/dompdb/1dar01 100.000000
/nfs/cathdata/dompdb/1raaA1 65.000000
/nfs/cathdata/dompdb/1raaA2 100.000000
/nfs/cathdata/dompdb/2atcA2 100.000000
/nfs/cathdata/dompdb/4mdhA1 65.000000
/nfs/cathdata/dompdb/1bdmA1 65.000000
/nfs/cathdata/dompdb/2cmd01 65.000000
/nfs/cathdata/dompdb/1mldA1 65.000000
/nfs/cathdata/dompdb/1hyhA1 65.000000
/nfs/cathdata/dompdb/6ldh01 65.000000
/nfs/cathdata/dompdb/1ldb01 65.000000
/nfs/cathdata/dompdb/1llc01 100.000000
/nfs/cathdata/dompdb/1lldA1 65.000000
/nfs/cathdata/dompdb/1bdhA3 90.000000
/nfs/cathdata/dompdb/1tlfA2 65.000000
/nfs/cathdata/dompdb/1dbp01 90.000000
/data/pdb_release/all/pdb3chy.ent 65.000000
/nfs/cathdata/dompdb/1abe01 65.000000
/nfs/cathdata/dompdb/1gdhA1 90.000000
/nfs/cathdata/dompdb/1gca01 65.000000
/nfs/cathdata/dompdb/1gdd01 100.000000
/nfs/cathdata/dompdb/1tadA1 100.000000
/nfs/cathdata/dompdb/1gotA1 100.000000
/nfs/cathdata/dompdb/1gd1O1 100.000000
/nfs/cathdata/dompdb/4gpd11 100.000000
/nfs/cathdata/dompdb/1cerO1 65.000000
/nfs/cathdata/dompdb/1gadO1 100.000000
/nfs/cathdata/dompdb/1gypA1 65.000000
/nfs/cathdata/dompdb/1hdgO1 100.000000
/nfs/cathdata/dompdb/2lbp02 65.000000
/nfs/cathdata/dompdb/2liv02 65.000000
/nfs/cathdata/dompdb/2lbp01 100.000000
/nfs/cathdata/dompdb/2liv01 100.000000
/nfs/cathdata/dompdb/1pea02 100.000000
/nfs/cathdata/dompdb/1pea01 100.000000
/nfs/cathdata/dompdb/1ecl01 100.000000
/nfs/cathdata/dompdb/1admA1 90.000000
/nfs/cathdata/dompdb/1dctA1 65.000000
/nfs/cathdata/dompdb/1hmy01 90.000000
/tmp/1garA0 65.000000
/data/pdb_release/all/pdb1chd.ent 100.000000
/data/pdb_release/all/pdb1thm.ent 100.000000
/tmp/1cseE0 100.000000
/data/pdb_release/all/pdb1st3.ent 100.000000
/data/pdb_release/all/pdb2pkc.ent 100.000000
/data/pdb_release/all/pdb1s01.ent 100.000000
/nfs/cathdata/dompdb/1poxA2 100.000000
/nfs/cathdata/dompdb/1pvdA2 65.000000
/nfs/cathdata/dompdb/2pia02 65.000000
/nfs/cathdata/dompdb/1fnb02 100.000000
/nfs/cathdata/dompdb/1que02 100.000000
/nfs/cathdata/dompdb/1cnd02 100.000000
/nfs/cathdata/dompdb/1ndh02 100.000000
/nfs/cathdata/dompdb/1gph12 100.000000
/nfs/cathdata/dompdb/1ecgA2 65.000000
/data/pdb_release/all/pdb1sto.ent 100.000000
/nfs/cathdata/dompdb/2bgt02 100.000000
/nfs/cathdata/dompdb/2bgt01 65.000000
/nfs/cathdata/dompdb/2nacA1 65.000000
/data/pdb_release/all/pdb1dhr.ent 90.000000
/tmp/1hdcA0 100.000000
/data/pdb_release/all/pdb1eny.ent 100.000000
/nfs/cathdata/dompdb/1psdA1 100.000000
/nfs/cathdata/dompdb/1psdA2 90.000000
/nfs/cathdata/dompdb/1qorA2 65.000000
/nfs/cathdata/dompdb/3btoA2 100.000000
/nfs/cathdata/dompdb/1dehA2 100.000000
/nfs/cathdata/dompdb/1cdoA2 100.000000
/nfs/cathdata/dompdb/1tehA2 90.000000
/nfs/cathdata/dompdb/1agnA2 100.000000
/nfs/cathdata/dompdb/1dih01 100.000000
/nfs/cathdata/dompdb/2pgd01 90.000000
/nfs/cathdata/dompdb/1dpgA1 100.000000
/nfs/cathdata/dompdb/1dbqA1 55.000000
/nfs/cathdata/dompdb/1tlfA1 65.000000
/nfs/cathdata/dompdb/2dri02 65.000000
/nfs/cathdata/dompdb/1gca02 100.000000
/nfs/cathdata/dompdb/2gbp02 90.000000
/nfs/cathdata/dompdb/8abp02 65.000000
/data/pdb_release/all/pdb1ghu.ent 65.000000
/nfs/cathdata/dompdb/1ad5A2 65.000000
/tmp/1ayaA0 65.000000
/tmp/2pldA0 65.000000
/data/pdb_release/all/pdb1svq.ent 65.000000
/data/pdb_release/all/pdb1vil.ent 100.000000
/data/pdb_release/all/pdb1aba.ent 100.000000
/data/pdb_release/all/pdb1ego.ent 100.000000
/tmp/2trxA0 65.000000
/data/pdb_release/all/pdb1thx.ent 65.000000
/data/pdb_release/all/pdb3trx.ent 90.000000
/data/pdb_release/all/pdb1tof.ent 65.000000
/nfs/cathdata/dompdb/1pxtA1 100.000000
/nfs/cathdata/dompdb/1pxtA2 100.000000
/nfs/cathdata/dompdb/2yhx02 100.000000
/nfs/cathdata/dompdb/1dik01 100.000000
/nfs/cathdata/dompdb/2minA3 55.000000
/nfs/cathdata/dompdb/1mioA3 65.000000
/nfs/cathdata/dompdb/2minB2 100.000000
/nfs/cathdata/dompdb/2minB3 65.000000
/nfs/cathdata/dompdb/1mioB2 100.000000
/nfs/cathdata/dompdb/1mioB4 65.000000
/nfs/cathdata/dompdb/2minA2 100.000000
/nfs/cathdata/dompdb/1mioA2 100.000000
/nfs/cathdata/dompdb/2minB1 100.000000
/nfs/cathdata/dompdb/1mioB1 100.000000
/nfs/cathdata/dompdb/1iow01 60.000000
/nfs/cathdata/dompdb/1bncA1 65.000000
/nfs/cathdata/dompdb/3ecaA2 100.000000
/nfs/cathdata/dompdb/1agx02 100.000000
/nfs/cathdata/dompdb/3pga12 100.000000
/nfs/cathdata/dompdb/1pkyA1 65.000000
/nfs/cathdata/dompdb/1pkm01 90.000000
/nfs/cathdata/dompdb/1hsbA1 100.000000
/nfs/cathdata/dompdb/2clrA1 100.000000
/nfs/cathdata/dompdb/1mhcA1 100.000000
/tmp/1tmcA0 100.000000
/nfs/cathdata/dompdb/1fruA1 100.000000
/nfs/cathdata/dompdb/1tssA1 65.000000
/nfs/cathdata/dompdb/1se202 65.000000
/nfs/cathdata/dompdb/1sebD2 100.000000
/nfs/cathdata/dompdb/1esfA2 90.000000
/data/pdb_release/all/pdb1vhh.ent 65.000000
/nfs/cathdata/dompdb/3pmgA4 100.000000
/nfs/cathdata/dompdb/1imbA1 90.000000
/nfs/cathdata/dompdb/5fbpA1 90.000000
/nfs/cathdata/dompdb/1ftaA1 100.000000
/nfs/cathdata/dompdb/1spiA1 100.000000
/nfs/cathdata/dompdb/1inp02 100.000000
/nfs/cathdata/dompdb/1gd1O2 65.000000
/nfs/cathdata/dompdb/4gpd12 65.000000
/nfs/cathdata/dompdb/1cerO2 65.000000
/nfs/cathdata/dompdb/1gadO2 65.000000
/nfs/cathdata/dompdb/1gypA2 65.000000
/nfs/cathdata/dompdb/1hdgO2 65.000000
/data/pdb_release/all/pdb1cia.ent 100.000000
/nfs/cathdata/dompdb/1gal03 100.000000
/nfs/cathdata/dompdb/1dpgA2 100.000000
/data/pdb_release/all/pdb1dpb.ent 100.000000
/data/pdb_release/all/pdb1adn.ent 65.000000
/data/pdb_release/all/pdb2pna.ent 55.000000
/data/pdb_release/all/pdb1ab2.ent 65.000000
/tmp/1shaA0 65.000000
/tmp/1lcjA0 65.000000
/tmp/1csyA0 65.000000
/data/pdb_release/all/pdb1blj.ent 65.000000
/data/pdb_release/all/pdb1fim.ent 65.000000
/tmp/1mifA0 55.000000
/tmp/1kptA0 100.000000
/nfs/cathdata/dompdb/1dja01 65.000000
/nfs/cathdata/dompdb/1mblA1 65.000000
/nfs/cathdata/dompdb/1btl01 65.000000
/data/pdb_release/all/pdb2phy.ent 100.000000
/data/pdb_release/all/pdb1fil.ent 100.000000
/data/pdb_release/all/pdb1pne.ent 100.000000
/data/pdb_release/all/pdb1acf.ent 90.000000
/data/pdb_release/all/pdb2acg.ent 90.000000
/data/pdb_release/all/pdb1cqa.ent 65.000000
/nfs/cathdata/dompdb/1pnkB1 100.000000
/nfs/cathdata/dompdb/1oacA1 60.000000
/tmp/1otgA0 100.000000
/nfs/cathdata/dompdb/1ami02 100.000000
/nfs/cathdata/dompdb/1bpb02 65.000000
/nfs/cathdata/dompdb/9icwA3 65.000000
/nfs/cathdata/dompdb/1daaA1 90.000000
/nfs/cathdata/dompdb/1iov02 100.000000
/nfs/cathdata/dompdb/1glt02 65.000000
/tmp/1gtqA0 100.000000
/nfs/cathdata/dompdb/1bia02 100.000000
/nfs/cathdata/dompdb/1antI2 100.000000
/nfs/cathdata/dompdb/1hleA2 100.000000
/nfs/cathdata/dompdb/1ovaA2 90.000000
/nfs/cathdata/dompdb/2achA1 100.000000
/nfs/cathdata/dompdb/7apiA2 100.000000
/nfs/cathdata/dompdb/1pnkB2 90.000000
/nfs/cathdata/dompdb/1ami03 90.000000
/nfs/cathdata/dompdb/1hocA1 100.000000
/nfs/cathdata/dompdb/1hsaA1 100.000000
/nfs/cathdata/dompdb/1vaaA1 100.000000
/nfs/cathdata/dompdb/1dik06 100.000000
/nfs/cathdata/dompdb/1mdl01 100.000000
/nfs/cathdata/dompdb/4enl01 100.000000
/nfs/cathdata/dompdb/1pdz01 100.000000
/nfs/cathdata/dompdb/1nhp03 100.000000
/nfs/cathdata/dompdb/3ladA3 100.000000
/nfs/cathdata/dompdb/1lpfA3 100.000000
/nfs/cathdata/dompdb/1lvl03 100.000000
/nfs/cathdata/dompdb/1ebdA3 100.000000
/nfs/cathdata/dompdb/1tytA3 100.000000
/nfs/cathdata/dompdb/1gesA3 100.000000
/nfs/cathdata/dompdb/3grs03 100.000000
/nfs/cathdata/dompdb/1irk01 65.000000
/nfs/cathdata/dompdb/1apmE2 90.000000
/nfs/cathdata/dompdb/1ckiA1 90.000000
/nfs/cathdata/dompdb/1csn01 90.000000
/nfs/cathdata/dompdb/1coy02 100.000000
/nfs/cathdata/dompdb/1rthA4 65.000000
/tmp/1hrhA0 100.000000
/data/pdb_release/all/pdb2rn2.ent 100.000000
/data/pdb_release/all/pdb1ril.ent 100.000000
/tmp/1hjrA0 90.000000
/data/pdb_release/all/pdb1itg.ent 100.000000
/data/pdb_release/all/pdb1asu.ent 100.000000
/nfs/cathdata/dompdb/1bcmA1 100.000000
/nfs/cathdata/dompdb/1atr03 65.000000
/nfs/cathdata/dompdb/1atnA2 100.000000
/nfs/cathdata/dompdb/2btfA2 100.000000
/nfs/cathdata/dompdb/2yhx03 65.000000
/nfs/cathdata/dompdb/1atr01 65.000000
/nfs/cathdata/dompdb/1mngA2 100.000000
/nfs/cathdata/dompdb/3sdpA2 100.000000
/tmp/1kpaA0 65.000000
/nfs/cathdata/dompdb/1bpb03 90.000000
/nfs/cathdata/dompdb/1pkp02 65.000000
/nfs/cathdata/dompdb/1dar04 65.000000
/tmp/1copD0 100.000000
/data/pdb_release/all/pdb1orc.ent 100.000000
/nfs/cathdata/dompdb/2reb02 100.000000
/nfs/cathdata/dompdb/1derA2 100.000000
/tmp/1iceB0 100.000000
/tmp/2kauA0 100.000000
/nfs/cathdata/dompdb/1gpmA3 65.000000
/nfs/cathdata/dompdb/1mxa03 65.000000
/nfs/cathdata/dompdb/1mxa01 100.000000
/nfs/cathdata/dompdb/1mxa02 65.000000
/nfs/cathdata/dompdb/1xrb02 65.000000
/nfs/cathdata/dompdb/1ytbA2 65.000000
/nfs/cathdata/dompdb/1tghA2 60.000000
/nfs/cathdata/dompdb/1vokA2 60.000000
/nfs/cathdata/dompdb/1tbpA1 65.000000
/nfs/cathdata/dompdb/1tghA1 65.000000
/nfs/cathdata/dompdb/1vokA1 65.000000
/nfs/cathdata/dompdb/1pczA1 65.000000
/nfs/cathdata/dompdb/1pczA2 65.000000
/nfs/cathdata/dompdb/1bmc02 65.000000
/nfs/cathdata/dompdb/1sebA1 65.000000
/nfs/cathdata/dompdb/1sebB1 100.000000
/tmp/2sicI0 65.000000
/nfs/cathdata/dompdb/1dih02 65.000000
/tmp/1brsD0 90.000000
/data/pdb_release/all/pdb1msc.ent 100.000000
/tmp/1unaA0 100.000000
/nfs/cathdata/dompdb/1chkA2 100.000000
/nfs/cathdata/dompdb/1svb03 30.000000
/nfs/cathdata/dompdb/1oacA4 100.000000
/tmp/1latA0 100.000000
/tmp/2nllA0 100.000000
/tmp/2nllB0 100.000000
/data/pdb_release/all/pdb1tns.ent 100.000000
/data/pdb_release/all/pdb1ife.ent 90.000000
/data/pdb_release/all/pdb1tig.ent 65.000000
/nfs/cathdata/dompdb/1hpm04 100.000000
/nfs/cathdata/dompdb/1bncA2 100.000000
/nfs/cathdata/dompdb/1iow03 90.000000
/nfs/cathdata/dompdb/1glt03 65.000000
/tmp/1humA0 55.000000
/tmp/1hrjA0 55.000000
/tmp/1domA0 65.000000
/tmp/1plfA0 65.000000
/tmp/1mgsA0 65.000000
/data/pdb_release/all/pdb3il8.ent 65.000000
/tmp/1rhpA0 65.000000
/tmp/1napA0 55.000000
/tmp/1rodA0 55.000000
/data/pdb_release/all/pdb1stu.ent 55.000000
/nfs/cathdata/dompdb/1pkp01 65.000000
/nfs/cathdata/dompdb/1pda03 100.000000
/data/pdb_release/all/pdb1ncs.ent 50.000000
/tmp/1cksA0 100.000000
/tmp/1sceA0 100.000000
/tmp/1dktA0 65.000000
/tmp/1rblM0 65.000000
/tmp/3rubS0 65.000000
/tmp/8rubS0 65.000000
/tmp/8rucI0 65.000000
/tmp/1burS0 65.000000
/nfs/cathdata/dompdb/1amg02 30.000000
/nfs/cathdata/dompdb/1amy02 30.000000
/data/pdb_release/all/pdb1zer.ent 65.000000
/data/pdb_release/all/pdb1aps.ent 55.000000
/tmp/2bopA0 65.000000
/data/pdb_release/all/pdb2pii.ent 65.000000
/tmp/2chsA0 65.000000
/nfs/cathdata/dompdb/8atcB1 65.000000
/nfs/cathdata/dompdb/2atcB1 50.000000
/tmp/1nhkL0 100.000000
/data/pdb_release/all/pdb1ndk.ent 100.000000
/tmp/1nsqA0 100.000000
/tmp/1nskL0 100.000000
/nfs/cathdata/dompdb/1rbaA1 65.000000
/nfs/cathdata/dompdb/3rubL1 100.000000
/nfs/cathdata/dompdb/8rucA1 100.000000
/nfs/cathdata/dompdb/1rblA1 100.000000
/nfs/cathdata/dompdb/1ars01 100.000000
/nfs/cathdata/dompdb/7aatA1 100.000000
/nfs/cathdata/dompdb/2cstA1 100.000000
/nfs/cathdata/dompdb/1ordA3 100.000000
/nfs/cathdata/dompdb/2dkb01 100.000000
/nfs/cathdata/dompdb/1tplA1 100.000000
/tmp/1dcoA0 55.000000
/data/pdb_release/all/pdb1vig.ent 100.000000
/tmp/1xxaA0 65.000000
/nfs/cathdata/dompdb/1bgw04 100.000000
/nfs/cathdata/dompdb/1dar05 65.000000
/nfs/cathdata/dompdb/1mla01 65.000000
/nfs/cathdata/dompdb/1psdA3 65.000000
/nfs/cathdata/dompdb/1dloA2 65.000000
/nfs/cathdata/dompdb/1mml02 100.000000
/tmp/1gluA0 100.000000
/data/pdb_release/all/pdb1hra.ent 100.000000
/tmp/1hcqA0 100.000000
/nfs/cathdata/dompdb/1bgw01 65.000000
/data/pdb_release/all/pdb1nef.ent 100.000000
/tmp/1efnB0 100.000000
/nfs/cathdata/dompdb/1gky01 65.000000
/nfs/cathdata/dompdb/1yua01 65.000000
/data/pdb_release/all/pdb1vcc.ent 65.000000
/nfs/cathdata/dompdb/1svb02 90.000000
/nfs/cathdata/dompdb/1yua02 65.000000
/tmp/1otfA0 65.000000
/data/pdb_release/all/pdb1cbn.ent 90.000000
/data/pdb_release/all/pdb1bhp.ent 100.000000
/data/pdb_release/all/pdb2plh.ent 100.000000
/data/pdb_release/all/pdb1fdx.ent 50.000000
/data/pdb_release/all/pdb1clf.ent 0.000000
/data/pdb_release/all/pdb1fca.ent 50.000000
/data/pdb_release/all/pdb1fdn.ent 50.000000
/data/pdb_release/all/pdb1blu.ent 100.000000
/data/pdb_release/all/pdb1fxd.ent 90.000000
/data/pdb_release/all/pdb2fxb.ent 65.000000
/tmp/1fxrA0 65.000000
/data/pdb_release/all/pdb1rof.ent 50.000000
/data/pdb_release/all/pdb5fd1.ent 100.000000
/data/pdb_release/all/pdb1fwp.ent 65.000000
/data/pdb_release/all/pdb1sxl.ent 65.000000
/data/pdb_release/all/pdb1fht.ent 100.000000
/data/pdb_release/all/pdb1pba.ent 90.000000
/data/pdb_release/all/pdb1ris.ent 65.000000
/data/pdb_release/all/pdb1ctf.ent 100.000000
/tmp/1spbP0 65.000000
/data/pdb_release/all/pdb1ptf.ent 65.000000
/data/pdb_release/all/pdb1poh.ent 65.000000
/data/pdb_release/all/pdb2hpr.ent 65.000000
/data/pdb_release/all/pdb1pch.ent 65.000000
/data/pdb_release/all/pdb1sxm.ent 65.000000
/data/pdb_release/all/pdb2sn3.ent 65.000000
/data/pdb_release/all/pdb1vna.ent 55.000000
/data/pdb_release/all/pdb1nra.ent 55.000000
/data/pdb_release/all/pdb1ptx.ent 65.000000
/data/pdb_release/all/pdb1lqh.ent 55.000000
/data/pdb_release/all/pdb1snb.ent 65.000000
/data/pdb_release/all/pdb1gps.ent 65.000000
/data/pdb_release/all/pdb1gpt.ent 65.000000
/data/pdb_release/all/pdb1chc.ent 50.000000
/data/pdb_release/all/pdb1caa.ent 15.000000
/data/pdb_release/all/pdb1iro.ent 0.000000
/data/pdb_release/all/pdb1rdg.ent 0.000000
/data/pdb_release/all/pdb4rxn.ent 0.000000
/data/pdb_release/all/pdb6rxn.ent 0.000000
/tmp/8rxnA0 0.000000
/tmp/1gatA0 65.000000
/data/pdb_release/all/pdb1bus.ent 50.000000
/data/pdb_release/all/pdb2ovo.ent 65.000000
/data/pdb_release/all/pdb3ovo.ent 55.000000
/nfs/cathdata/dompdb/1tbrR1 65.000000
/nfs/cathdata/dompdb/1tbrR2 65.000000
/data/pdb_release/all/pdb1ptq.ent 55.000000
/nfs/cathdata/dompdb/9wgaA1 50.000000
/nfs/cathdata/dompdb/9wgaA2 50.000000
/nfs/cathdata/dompdb/9wgaA3 50.000000
/nfs/cathdata/dompdb/9wgaA4 50.000000
/nfs/cathdata/dompdb/2cwgA2 50.000000
/nfs/cathdata/dompdb/1wgtA3 50.000000
/tmp/1tgsI0 55.000000
/tmp/1cgiI0 55.000000
/data/pdb_release/all/pdb1pce.ent 65.000000
/data/pdb_release/all/pdb1hev.ent 50.000000
/data/pdb_release/all/pdb2alr.ent 100.000000
/data/pdb_release/all/pdb1frb.ent 100.000000
/nfs/cathdata/dompdb/1rlcL2 100.000000
/nfs/cathdata/dompdb/1rblA2 100.000000
/nfs/cathdata/dompdb/1rbaA2 100.000000
/nfs/cathdata/dompdb/1oneA2 100.000000
/nfs/cathdata/dompdb/1pdz02 100.000000
/tmp/1chrA0 100.000000
/tmp/1mucA0 100.000000
/data/pdb_release/all/pdb2mnr.ent 100.000000
/nfs/cathdata/dompdb/1mdr02 100.000000
/data/pdb_release/all/pdb1gox.ent 100.000000
/tmp/1fcbB0 100.000000
/nfs/cathdata/dompdb/2tmdA1 100.000000
/data/pdb_release/all/pdb1oya.ent 100.000000
/data/pdb_release/all/pdb1add.ent 100.000000
/data/pdb_release/all/pdb1pta.ent 100.000000
/data/pdb_release/all/pdb1xis.ent 100.000000
/tmp/1ximA0 100.000000
/tmp/1xlaA0 100.000000
/tmp/1dxiA0 100.000000
/data/pdb_release/all/pdb1dtp.ent 100.000000
/tmp/1dmaA0 65.000000
/nfs/cathdata/dompdb/1dik04 100.000000
/nfs/cathdata/dompdb/1kauC2 100.000000
/nfs/cathdata/dompdb/1aa8A2 65.000000
/tmp/1hymA0 50.000000
/tmp/1cseI0 55.000000
/tmp/1ypcI0 55.000000
/data/pdb_release/all/pdb1cis.ent 65.000000
/data/pdb_release/all/pdb1mit.ent 55.000000
/nfs/cathdata/dompdb/2baa02 50.000000
/data/pdb_release/all/pdb1ica.ent 50.000000
/data/pdb_release/all/pdb1cnv.ent 100.000000
/tmp/1xyzA0 100.000000
/data/pdb_release/all/pdb1exp.ent 100.000000
/tmp/1clxA0 100.000000
/data/pdb_release/all/pdb2ebn.ent 100.000000
/data/pdb_release/all/pdb1edt.ent 100.000000
/nfs/cathdata/dompdb/1ctn02 100.000000
/data/pdb_release/all/pdb1cec.ent 100.000000
/tmp/1ghsA0 100.000000
/data/pdb_release/all/pdb1ghr.ent 90.000000
/data/pdb_release/all/pdb1cbg.ent 100.000000
/nfs/cathdata/dompdb/1amg01 100.000000
/nfs/cathdata/dompdb/1amy01 100.000000
/nfs/cathdata/dompdb/2aaa01 100.000000
/nfs/cathdata/dompdb/2taaA1 100.000000
/nfs/cathdata/dompdb/1ppi01 100.000000
/data/pdb_release/all/pdb1hny.ent 100.000000
/nfs/cathdata/dompdb/1cgt01 100.000000
/nfs/cathdata/dompdb/1cdg01 100.000000
/nfs/cathdata/dompdb/1cyg01 100.000000
/nfs/cathdata/dompdb/1ciu01 100.000000
/nfs/cathdata/dompdb/1pamA1 100.000000
/data/pdb_release/all/pdb1btc.ent 100.000000
/nfs/cathdata/dompdb/1bglA3 100.000000
/tmp/1pbgA0 100.000000
/tmp/1tpfA0 100.000000
/tmp/1ypiA0 100.000000
/tmp/1timA0 100.000000
/tmp/1treA0 100.000000
/tmp/1htiA0 100.000000
/tmp/1btmA0 100.000000
/data/pdb_release/all/pdb1ads.ent 100.000000
/data/pdb_release/all/pdb1ral.ent 100.000000
/nfs/cathdata/dompdb/1csbB2 65.000000
/nfs/cathdata/dompdb/1bmc01 100.000000
/nfs/cathdata/dompdb/1ezm01 65.000000
/nfs/cathdata/dompdb/1esp01 65.000000
/nfs/cathdata/dompdb/2tmnE1 65.000000
/nfs/cathdata/dompdb/1dhy01 100.000000
/nfs/cathdata/dompdb/1han01 100.000000
/nfs/cathdata/dompdb/1dhy02 65.000000
/nfs/cathdata/dompdb/1han02 65.000000
/data/pdb_release/all/pdb1std.ent 100.000000
/data/pdb_release/all/pdb2cba.ent 65.000000
/data/pdb_release/all/pdb1crm.ent 65.000000
/tmp/1dmxA0 65.000000
/nfs/cathdata/dompdb/1bncA3 100.000000
/nfs/cathdata/dompdb/1daaA2 100.000000
/data/pdb_release/all/pdb1gym.ent 100.000000
/nfs/cathdata/dompdb/1ami04 100.000000
/tmp/1fvpA0 100.000000
/data/pdb_release/all/pdb1nfp.ent 100.000000
/tmp/1brlB0 100.000000
/tmp/1lucA0 100.000000
/data/pdb_release/all/pdb1tml.ent 100.000000
/nfs/cathdata/dompdb/1pii02 65.000000
/nfs/cathdata/dompdb/1pii01 90.000000
/data/pdb_release/all/pdb1igs.ent 90.000000
/tmp/1wsyA0 100.000000
/nfs/cathdata/dompdb/1pkm02 100.000000
/nfs/cathdata/dompdb/1pkyA2 100.000000
/tmp/1nal10 100.000000
/tmp/1fbaA0 100.000000
/data/pdb_release/all/pdb1ald.ent 100.000000
/data/pdb_release/all/pdb1nar.ent 100.000000
/data/pdb_release/all/pdb2hvm.ent 100.000000
/data/pdb_release/all/pdb1fkb.ent 65.000000
/data/pdb_release/all/pdb1yat.ent 65.000000
/data/pdb_release/all/pdb1pbk.ent 65.000000
/data/pdb_release/all/pdb1rot.ent 65.000000
/nfs/cathdata/dompdb/1hmy02 65.000000
/tmp/2msbA0 100.000000
/data/pdb_release/all/pdb1hup.ent 100.000000
/tmp/1rtm10 100.000000
/tmp/1rdl10 90.000000
/data/pdb_release/all/pdb1aak.ent 100.000000
/data/pdb_release/all/pdb2uce.ent 100.000000
/data/pdb_release/all/pdb1ucz.ent 90.000000
/tmp/1u9aA0 100.000000
/nfs/cathdata/dompdb/1fcbA1 100.000000
/data/pdb_release/all/pdb1b5m.ent 90.000000
/data/pdb_release/all/pdb1iet.ent 50.000000
/data/pdb_release/all/pdb1cyo.ent 100.000000
/tmp/1mkaA0 65.000000
/data/pdb_release/all/pdb1onc.ent 90.000000
/data/pdb_release/all/pdb7rsa.ent 90.000000
/tmp/1bsrA0 90.000000
/data/pdb_release/all/pdb1ang.ent 90.000000
/data/pdb_release/all/pdb1agi.ent 90.000000
/nfs/cathdata/dompdb/1hpm02 100.000000
/nfs/cathdata/dompdb/2polA3 65.000000
/nfs/cathdata/dompdb/2polA2 65.000000
/nfs/cathdata/dompdb/2polA1 65.000000
/nfs/cathdata/dompdb/9pap01 65.000000
/nfs/cathdata/dompdb/1aec01 65.000000
/nfs/cathdata/dompdb/1gecE1 65.000000
/nfs/cathdata/dompdb/1ppo01 65.000000
/nfs/cathdata/dompdb/1yal01 65.000000
/nfs/cathdata/dompdb/1theA1 100.000000
/data/pdb_release/all/pdb1pgb.ent 65.000000
/data/pdb_release/all/pdb2igg.ent 65.000000
/data/pdb_release/all/pdb3fxc.ent 65.000000
/tmp/1frrA0 65.000000
/tmp/1fxiA0 65.000000
/tmp/1fxaA0 65.000000
/data/pdb_release/all/pdb1frd.ent 65.000000
/data/pdb_release/all/pdb1dox.ent 50.000000
/data/pdb_release/all/pdb1cjn.ent 100.000000
/data/pdb_release/all/pdb1doi.ent 100.000000
/data/pdb_release/all/pdb1put.ent 100.000000
/nfs/cathdata/dompdb/2pia03 65.000000
/data/pdb_release/all/pdb1ubi.ent 65.000000
/nfs/cathdata/dompdb/1lgr02 65.000000
/data/pdb_release/all/pdb1tif.ent 65.000000
/data/pdb_release/all/pdb1rfa.ent 65.000000
/tmp/1molA0 65.000000
/tmp/1stfI0 100.000000
/data/pdb_release/all/pdb1cyu.ent 65.000000
/tmp/1cewI0 90.000000
/tmp/1udiI0 65.000000
/data/pdb_release/all/pdb1fus.ent 65.000000
/data/pdb_release/all/pdb9rnt.ent 55.000000
/data/pdb_release/all/pdb1rds.ent 55.000000
/tmp/1gmpA0 65.000000
/tmp/1brnL0 100.000000
/tmp/2rbiA0 100.000000
/nfs/cathdata/dompdb/1oacA2 65.000000
/nfs/cathdata/dompdb/1prtB1 90.000000
/nfs/cathdata/dompdb/1prtC1 100.000000
/nfs/cathdata/dompdb/1ctn03 65.000000
/nfs/cathdata/dompdb/1gtrA3 30.000000
/nfs/cathdata/dompdb/1grj02 65.000000
/data/pdb_release/all/pdb1tsp.ent 100.000000
/nfs/cathdata/dompdb/1dhx01 20.000000
/nfs/cathdata/dompdb/2psg01 65.000000
/nfs/cathdata/dompdb/1mpp01 65.000000
/nfs/cathdata/dompdb/1bbs01 65.000000
/nfs/cathdata/dompdb/4cms01 65.000000
/nfs/cathdata/dompdb/1smrA1 65.000000
/nfs/cathdata/dompdb/1epmE1 65.000000
/nfs/cathdata/dompdb/1pplE1 100.000000
/nfs/cathdata/dompdb/2apr01 65.000000
/nfs/cathdata/dompdb/1psoE1 65.000000
/nfs/cathdata/dompdb/1htrB1 65.000000
/nfs/cathdata/dompdb/1jxrA1 65.000000
/nfs/cathdata/dompdb/2asi01 100.000000
/nfs/cathdata/dompdb/1smeA1 65.000000
/nfs/cathdata/dompdb/1epmE2 100.000000
/nfs/cathdata/dompdb/1pplE2 65.000000
/nfs/cathdata/dompdb/1mpp02 65.000000
/nfs/cathdata/dompdb/2asi02 65.000000
/nfs/cathdata/dompdb/2apr02 65.000000
/nfs/cathdata/dompdb/1psaA2 65.000000
/nfs/cathdata/dompdb/1lyaB2 65.000000
/nfs/cathdata/dompdb/1rne02 100.000000
/nfs/cathdata/dompdb/1cms02 65.000000
/nfs/cathdata/dompdb/1smrA2 100.000000
/nfs/cathdata/dompdb/1psoE2 65.000000
/nfs/cathdata/dompdb/1htrB2 65.000000
/nfs/cathdata/dompdb/1jxrA2 65.000000
/data/pdb_release/all/pdb2cas.ent 100.000000
/nfs/cathdata/dompdb/1rthA1 65.000000
/data/pdb_release/all/pdb1har.ent 100.000000
/nfs/cathdata/dompdb/1mml01 65.000000
/data/pdb_release/all/pdb1pgx.ent 65.000000
/data/pdb_release/all/pdb4fgf.ent 30.000000
/tmp/1afgA0 30.000000
/data/pdb_release/all/pdb1i1b.ent 30.000000
/data/pdb_release/all/pdb8i1b.ent 30.000000
/tmp/1ilr10 30.000000
/data/pdb_release/all/pdb1hcd.ent 30.000000
/data/pdb_release/all/pdb1tie.ent 30.000000
/data/pdb_release/all/pdb1wbc.ent 65.000000
/nfs/cathdata/dompdb/2aaiB2 30.000000
/nfs/cathdata/dompdb/1abrB2 30.000000
/nfs/cathdata/dompdb/2aaiB1 30.000000
/nfs/cathdata/dompdb/1abrB1 30.000000
/tmp/1msaA0 30.000000
/nfs/cathdata/dompdb/1dlc03 65.000000
/tmp/1vmoA0 30.000000
/data/pdb_release/all/pdb1hxn.ent 100.000000
/nfs/cathdata/dompdb/1fbl02 55.000000
/data/pdb_release/all/pdb1rtg.ent 65.000000
/data/pdb_release/all/pdb1pex.ent 65.000000
/data/pdb_release/all/pdb2nn9.ent 65.000000
/data/pdb_release/all/pdb2bat.ent 65.000000
/tmp/1nscA0 30.000000
/data/pdb_release/all/pdb1inv.ent 30.000000
/data/pdb_release/all/pdb1sim.ent 65.000000
/tmp/2bbkH0 55.000000
/tmp/1mdaH0 65.000000
/tmp/2madH0 0.000000
/nfs/cathdata/dompdb/1gof02 65.000000
/tmp/3aahA0 100.000000
/nfs/cathdata/dompdb/1kapP1 100.000000
/nfs/cathdata/dompdb/1sat01 100.000000
/nfs/cathdata/dompdb/1lxa01 20.000000
/data/pdb_release/all/pdb2pec.ent 100.000000
/nfs/cathdata/dompdb/2taaA2 30.000000
/nfs/cathdata/dompdb/1ppi02 30.000000
/nfs/cathdata/dompdb/1bvp12 30.000000
/data/pdb_release/all/pdb1bcx.ent 65.000000
/tmp/1enxA0 65.000000
/data/pdb_release/all/pdb1xnd.ent 65.000000
/data/pdb_release/all/pdb1xyn.ent 65.000000
/data/pdb_release/all/pdb1yna.ent 65.000000
/tmp/2pcdA0 100.000000
/tmp/2pcdM0 65.000000
/nfs/cathdata/dompdb/1dlc02 30.000000
/nfs/cathdata/dompdb/1ciy03 30.000000
/nfs/cathdata/dompdb/1ddt03 30.000000
/tmp/1gff10 100.000000
/tmp/2bpa10 100.000000
/data/pdb_release/all/pdb1jbc.ent 30.000000
/data/pdb_release/all/pdb2cna.ent 65.000000
/nfs/cathdata/dompdb/1dhx04 100.000000
/tmp/4htcI0 30.000000
/data/pdb_release/all/pdb1hic.ent 20.000000
/nfs/cathdata/dompdb/1ecl03 65.000000
/data/pdb_release/all/pdb1htp.ent 100.000000
/tmp/1dupA0 55.000000
/nfs/cathdata/dompdb/1ggtA1 65.000000
/tmp/1tsrA0 65.000000
/data/pdb_release/all/pdb1gpr.ent 65.000000
/data/pdb_release/all/pdb1f3g.ent 65.000000
/nfs/cathdata/dompdb/1aozA3 100.000000
/nfs/cathdata/dompdb/1oacA3 65.000000
/nfs/cathdata/dompdb/1bglA5 90.000000
/nfs/cathdata/dompdb/1bglA1 100.000000
/tmp/1celA0 100.000000
/tmp/1afcA0 30.000000
/tmp/2plv20 65.000000
/tmp/1rhi20 65.000000
/data/pdb_release/all/pdb1pov.ent 65.000000
/tmp/1bmv10 65.000000
/tmp/4sbvA0 100.000000
/tmp/1smvA0 100.000000
/tmp/2tbvA0 55.000000
/tmp/2bbvA0 65.000000
/tmp/1bmv20 90.000000
/tmp/1tnfA0 30.000000
/tmp/1tnrA0 30.000000
/tmp/1hlcA0 30.000000
/tmp/1sltA0 30.000000
/tmp/2ltnA0 30.000000
/tmp/1lenA0 30.000000
/tmp/1lgcA0 30.000000
/data/pdb_release/all/pdb1lte.ent 65.000000
/data/pdb_release/all/pdb1sba.ent 30.000000
/data/pdb_release/all/pdb1gsl.ent 65.000000
/tmp/2pelA0 65.000000
/tmp/1fatA0 65.000000
/tmp/1ioaA0 65.000000
/tmp/1sacA0 65.000000
/tmp/1gnhA0 65.000000
/data/pdb_release/all/pdb2ayh.ent 65.000000
/data/pdb_release/all/pdb1cpm.ent 65.000000
/data/pdb_release/all/pdb1gbg.ent 65.000000
/nfs/cathdata/dompdb/1cgt02 65.000000
/nfs/cathdata/dompdb/1cdg02 65.000000
/nfs/cathdata/dompdb/1cyg02 65.000000
/nfs/cathdata/dompdb/1ciu02 55.000000
/nfs/cathdata/dompdb/1pamA2 65.000000
/nfs/cathdata/dompdb/2aaa02 65.000000
/nfs/cathdata/dompdb/1pnf02 30.000000
/data/pdb_release/all/pdb1knb.ent 30.000000
/tmp/1sluA0 30.000000
/nfs/cathdata/dompdb/1lla02 90.000000
/nfs/cathdata/dompdb/1svb01 30.000000
/data/pdb_release/all/pdb1cyw.ent 100.000000
/nfs/cathdata/dompdb/1hcz01 65.000000
/data/pdb_release/all/pdb1thw.ent 100.000000
/tmp/1cauB0 100.000000
/nfs/cathdata/dompdb/2phlA3 30.000000
/nfs/cathdata/dompdb/2phlA2 65.000000
/data/pdb_release/all/pdb2stv.ent 100.000000
/tmp/1bbt10 90.000000
/tmp/1pov10 65.000000
/tmp/1pvc10 65.000000
/tmp/1r0910 65.000000
/tmp/1rhi10 65.000000
/tmp/1tme10 55.000000
/tmp/2mev10 65.000000
/tmp/2bpa20 30.000000
/tmp/1gff20 30.000000
/tmp/1bbt30 65.000000
/tmp/1tme30 65.000000
/tmp/2mev30 65.000000
/tmp/1r0930 65.000000
/tmp/1pov30 65.000000
/tmp/1pvc30 65.000000
/tmp/1rhi30 65.000000
/tmp/1bbt20 55.000000
/tmp/1tme20 65.000000
/tmp/2mev20 65.000000
/tmp/1r0920 55.000000
/tmp/1pvc20 65.000000
/data/pdb_release/all/pdb1arn.ent 65.000000
/tmp/1aizA0 65.000000
/data/pdb_release/all/pdb1aaj.ent 30.000000
/nfs/cathdata/dompdb/1aozA1 30.000000
/nfs/cathdata/dompdb/1aozA2 65.000000
/nfs/cathdata/dompdb/1gof03 30.000000
/nfs/cathdata/dompdb/1nif01 65.000000
/nfs/cathdata/dompdb/1afnA1 65.000000
/nfs/cathdata/dompdb/1nif02 65.000000
/nfs/cathdata/dompdb/1ntd02 65.000000
/tmp/1eta10 55.000000
/tmp/1tfpA0 30.000000
/tmp/1sxaA0 55.000000
/tmp/1srdA0 30.000000
/data/pdb_release/all/pdb1jcv.ent 65.000000
/tmp/1sosA0 55.000000
/tmp/1xsoA0 55.000000
/data/pdb_release/all/pdb1akp.ent 30.000000
/data/pdb_release/all/pdb1acx.ent 30.000000
/data/pdb_release/all/pdb1noa.ent 30.000000
/data/pdb_release/all/pdb2mcm.ent 30.000000
/nfs/cathdata/dompdb/1clc01 30.000000
/nfs/cathdata/dompdb/1ctn01 55.000000
/data/pdb_release/all/pdb1exg.ent 30.000000
/nfs/cathdata/dompdb/1bglA4 30.000000
/nfs/cathdata/dompdb/1bglA2 30.000000
/nfs/cathdata/dompdb/1svcP3 30.000000
/nfs/cathdata/dompdb/1svb04 20.000000
/nfs/cathdata/dompdb/1gof01 30.000000
/nfs/cathdata/dompdb/2sblB1 30.000000
/nfs/cathdata/dompdb/1hplA2 30.000000
/nfs/cathdata/dompdb/1lpbB2 30.000000
/nfs/cathdata/dompdb/1pgs01 30.000000
/data/pdb_release/all/pdb1ten.ent 30.000000
/nfs/cathdata/dompdb/1fnf01 20.000000
/nfs/cathdata/dompdb/1fnf02 30.000000
/nfs/cathdata/dompdb/1fnf03 30.000000
/nfs/cathdata/dompdb/1cfb01 30.000000
/nfs/cathdata/dompdb/1cfb02 30.000000
/tmp/1wapA0 30.000000
/data/pdb_release/all/pdb1ncg.ent 30.000000
/data/pdb_release/all/pdb1suh.ent 30.000000
/nfs/cathdata/dompdb/1ggtA4 20.000000
/nfs/cathdata/dompdb/1cgt04 30.000000
/nfs/cathdata/dompdb/1cdg04 30.000000
/nfs/cathdata/dompdb/1cyg04 20.000000
/data/pdb_release/all/pdb1kul.ent 20.000000
/nfs/cathdata/dompdb/1ciu04 30.000000
/nfs/cathdata/dompdb/1pamA4 30.000000
/nfs/cathdata/dompdb/1cgt03 20.000000
/nfs/cathdata/dompdb/1cdg03 20.000000
/nfs/cathdata/dompdb/1cyg03 20.000000
/nfs/cathdata/dompdb/1ciu03 30.000000
/nfs/cathdata/dompdb/1pamA3 30.000000
/data/pdb_release/all/pdb1rsy.ent 65.000000
/data/pdb_release/all/pdb1plc.ent 65.000000
/data/pdb_release/all/pdb9pcy.ent 30.000000
/data/pdb_release/all/pdb2plt.ent 65.000000
/data/pdb_release/all/pdb7pcy.ent 55.000000
/data/pdb_release/all/pdb1pla.ent 30.000000
/data/pdb_release/all/pdb1nin.ent 20.000000
/data/pdb_release/all/pdb1paz.ent 90.000000
/data/pdb_release/all/pdb1pmy.ent 100.000000
/data/pdb_release/all/pdb1zia.ent 90.000000
/tmp/1adwA0 90.000000
/tmp/1vlxA0 65.000000
/nfs/cathdata/dompdb/1vgeH1 30.000000
/nfs/cathdata/dompdb/1yuhB1 30.000000
/nfs/cathdata/dompdb/1clyH1 30.000000
/nfs/cathdata/dompdb/1kelH1 30.000000
/nfs/cathdata/dompdb/1nldH1 65.000000
/nfs/cathdata/dompdb/1ghfH1 30.000000
/nfs/cathdata/dompdb/1ospH1 30.000000
/nfs/cathdata/dompdb/1mimH1 30.000000
/nfs/cathdata/dompdb/1cloH1 30.000000
/nfs/cathdata/dompdb/1plgL1 30.000000
/nfs/cathdata/dompdb/1ghfL1 30.000000
/nfs/cathdata/dompdb/1clzL1 30.000000
/nfs/cathdata/dompdb/1kelL1 30.000000
/nfs/cathdata/dompdb/1gafL1 30.000000
/nfs/cathdata/dompdb/1iaiL1 30.000000
/nfs/cathdata/dompdb/1aifA1 20.000000
/nfs/cathdata/dompdb/1vgeL1 30.000000
/nfs/cathdata/dompdb/1nldL1 30.000000
/nfs/cathdata/dompdb/1ospL1 30.000000
/nfs/cathdata/dompdb/1mimL1 30.000000
/nfs/cathdata/dompdb/1lilA1 30.000000
/nfs/cathdata/dompdb/1cloL1 30.000000
/nfs/cathdata/dompdb/1bec01 30.000000
/nfs/cathdata/dompdb/1tcrB1 30.000000
/data/pdb_release/all/pdb1tit.ent 20.000000
/data/pdb_release/all/pdb1cid.ent 30.000000
/data/pdb_release/all/pdb3cd4.ent 30.000000
/data/pdb_release/all/pdb1hoe.ent 30.000000
/nfs/cathdata/dompdb/3hhrB1 20.000000
/nfs/cathdata/dompdb/3hhrB2 20.000000
/nfs/cathdata/dompdb/1fieA3 65.000000
/nfs/cathdata/dompdb/1hft01 65.000000
/data/pdb_release/all/pdb1ttf.ent 20.000000
/nfs/cathdata/dompdb/1hilA1 30.000000
/nfs/cathdata/dompdb/1ggbL1 30.000000
/nfs/cathdata/dompdb/1gigL1 30.000000
/nfs/cathdata/dompdb/1mfeL1 30.000000
/nfs/cathdata/dompdb/1igfL1 30.000000
/nfs/cathdata/dompdb/1lmkA2 30.000000
/nfs/cathdata/dompdb/1mcbA1 30.000000
/nfs/cathdata/dompdb/1mlbA1 30.000000
/nfs/cathdata/dompdb/3hfmL1 30.000000
/nfs/cathdata/dompdb/1opgL1 30.000000
/nfs/cathdata/dompdb/1ncaL1 30.000000
/nfs/cathdata/dompdb/1tetL1 30.000000
/nfs/cathdata/dompdb/2fb4L1 30.000000
/nfs/cathdata/dompdb/2fbjL1 30.000000
/nfs/cathdata/dompdb/6fabL1 30.000000
/nfs/cathdata/dompdb/7fabL1 20.000000
/nfs/cathdata/dompdb/8fabA1 30.000000
/nfs/cathdata/dompdb/1eapA1 30.000000
/nfs/cathdata/dompdb/1figL1 30.000000
/nfs/cathdata/dompdb/1forL1 30.000000
/nfs/cathdata/dompdb/1ibgL1 30.000000
/nfs/cathdata/dompdb/1igcL1 30.000000
/nfs/cathdata/dompdb/1jelL1 30.000000
/nfs/cathdata/dompdb/1nsnL1 30.000000
/nfs/cathdata/dompdb/2gfbA1 30.000000
/tmp/1dvfC0 30.000000
/tmp/1dvfD0 30.000000
/data/pdb_release/all/pdb1vhp.ent 30.000000
/nfs/cathdata/dompdb/1gafH1 30.000000
/nfs/cathdata/dompdb/1iaiH1 30.000000
/nfs/cathdata/dompdb/1aifB1 30.000000
/nfs/cathdata/dompdb/1ngpH1 30.000000
/nfs/cathdata/dompdb/1plgH1 30.000000
/nfs/cathdata/dompdb/1mlbB1 30.000000
/nfs/cathdata/dompdb/2cgrH1 30.000000
/nfs/cathdata/dompdb/1eapB1 30.000000
/nfs/cathdata/dompdb/1faiH1 65.000000
/nfs/cathdata/dompdb/1fbiH1 30.000000
/nfs/cathdata/dompdb/1figH1 30.000000
/nfs/cathdata/dompdb/1forH1 30.000000
/nfs/cathdata/dompdb/1fptH1 30.000000
/nfs/cathdata/dompdb/1frgH1 30.000000
/nfs/cathdata/dompdb/1gigH1 30.000000
/nfs/cathdata/dompdb/1ibgH1 30.000000
/nfs/cathdata/dompdb/1igcH1 30.000000
/nfs/cathdata/dompdb/1igjB1 30.000000
/nfs/cathdata/dompdb/1ikfH1 30.000000
/nfs/cathdata/dompdb/1jelH1 30.000000
/nfs/cathdata/dompdb/1mrcH1 30.000000
/nfs/cathdata/dompdb/1nsnH1 30.000000
/nfs/cathdata/dompdb/1opgH1 30.000000
/nfs/cathdata/dompdb/1rmfH1 30.000000
/nfs/cathdata/dompdb/2fgwH1 30.000000
/nfs/cathdata/dompdb/2gfbB1 30.000000
/nfs/cathdata/dompdb/6fabH1 30.000000
/nfs/cathdata/dompdb/1acyL1 30.000000
/nfs/cathdata/dompdb/1bafL1 30.000000
/nfs/cathdata/dompdb/1bbdL1 30.000000
/nfs/cathdata/dompdb/1bqlL1 30.000000
/nfs/cathdata/dompdb/2cgrL1 30.000000
/nfs/cathdata/dompdb/1dbbL1 30.000000
/nfs/cathdata/dompdb/1dfbL1 30.000000
/nfs/cathdata/dompdb/1faiL1 30.000000
/nfs/cathdata/dompdb/1mamL1 30.000000
/nfs/cathdata/dompdb/1ikfL1 30.000000
/nfs/cathdata/dompdb/1frgL1 30.000000
/tmp/1wtlA0 30.000000
/tmp/1breA0 30.000000
/tmp/1fvcB0 30.000000
/tmp/1jhlH0 30.000000
/tmp/1vfaB0 30.000000
/tmp/1igmH0 30.000000
/tmp/1mfaL0 0.000000
/tmp/1fgvH0 30.000000
/tmp/1nmaH0 30.000000
/tmp/2bjl10 30.000000
/nfs/cathdata/dompdb/8fabB1 30.000000
/nfs/cathdata/dompdb/2fb4H1 30.000000
/nfs/cathdata/dompdb/1acyH1 30.000000
/nfs/cathdata/dompdb/1bbdH1 30.000000
/nfs/cathdata/dompdb/2hflH1 30.000000
/nfs/cathdata/dompdb/2fbjH1 30.000000
/nfs/cathdata/dompdb/1hilB1 30.000000
/nfs/cathdata/dompdb/1nbvH1 30.000000
/nfs/cathdata/dompdb/7fabH1 30.000000
/nfs/cathdata/dompdb/1indH1 20.000000
/nfs/cathdata/dompdb/1tetH1 30.000000
/nfs/cathdata/dompdb/1mamH1 30.000000
/nfs/cathdata/dompdb/1ncaH1 30.000000
/nfs/cathdata/dompdb/1dbbH1 30.000000
/nfs/cathdata/dompdb/1dfbH1 30.000000
/nfs/cathdata/dompdb/1flrH1 30.000000
/nfs/cathdata/dompdb/1ggbH1 30.000000
/nfs/cathdata/dompdb/1igfH1 30.000000
/nfs/cathdata/dompdb/1bafH1 30.000000
/nfs/cathdata/dompdb/3hfmH1 30.000000
/nfs/cathdata/dompdb/1mcpH1 30.000000
/nfs/cathdata/dompdb/1lmkA1 30.000000
/nfs/cathdata/dompdb/1mfbH1 30.000000
/nfs/cathdata/dompdb/1fc2D2 65.000000
/nfs/cathdata/dompdb/1gigL2 65.000000
/nfs/cathdata/dompdb/1kelL2 65.000000
/nfs/cathdata/dompdb/1gafL2 65.000000
/nfs/cathdata/dompdb/2fb4L2 65.000000
/nfs/cathdata/dompdb/1yuhB2 20.000000
/nfs/cathdata/dompdb/1clzH2 20.000000
/nfs/cathdata/dompdb/1fc2D1 65.000000
/nfs/cathdata/dompdb/1fruA2 30.000000
/tmp/1hsbB0 30.000000
/tmp/1mhcB0 20.000000
/tmp/1fruB0 20.000000
/data/pdb_release/all/pdb1bmg.ent 30.000000
/nfs/cathdata/dompdb/1dlhA2 20.000000
/nfs/cathdata/dompdb/1sebB2 30.000000
/nfs/cathdata/dompdb/1bec02 65.000000
/nfs/cathdata/dompdb/1vcaA2 30.000000
/data/pdb_release/all/pdb1tnm.ent 30.000000
/nfs/cathdata/dompdb/1vcaA1 30.000000
/data/pdb_release/all/pdb1tlk.ent 20.000000
/nfs/cathdata/dompdb/1hft02 65.000000
/data/pdb_release/all/pdb1cd8.ent 30.000000
/nfs/cathdata/dompdb/1igjA1 30.000000
/tmp/1nmbL0 30.000000
/data/pdb_release/all/pdb2rhe.ent 30.000000
/tmp/1fgvL0 30.000000
/data/pdb_release/all/pdb2imn.ent 30.000000
/tmp/1reiA0 30.000000
/tmp/1fvcA0 30.000000
/tmp/1igmL0 30.000000
/tmp/1jhlL0 30.000000
/tmp/1ivlA0 30.000000
/tmp/1vfaA0 30.000000
/data/pdb_release/all/pdb1pho.ent 65.000000
/data/pdb_release/all/pdb1omf.ent 65.000000
/data/pdb_release/all/pdb3bcl.ent 100.000000
/nfs/cathdata/dompdb/1amm01 30.000000
/nfs/cathdata/dompdb/1amm02 65.000000
/nfs/cathdata/dompdb/2bb202 30.000000
/nfs/cathdata/dompdb/2gcr01 30.000000
/nfs/cathdata/dompdb/2gcr02 30.000000
/nfs/cathdata/dompdb/1elpA1 30.000000
/nfs/cathdata/dompdb/1elpA2 55.000000
/nfs/cathdata/dompdb/2bb201 30.000000
/nfs/cathdata/dompdb/1prr01 65.000000
/nfs/cathdata/dompdb/1prr02 55.000000
/tmp/1mdaL0 20.000000
/tmp/2bbkL0 30.000000
/data/pdb_release/all/pdb1cdb.ent 20.000000
/nfs/cathdata/dompdb/1hngA1 30.000000
/tmp/1cdcA0 30.000000
/nfs/cathdata/dompdb/1hnf02 30.000000
/nfs/cathdata/dompdb/1hngA2 30.000000
/tmp/1mfaH0 0.000000
/nfs/cathdata/dompdb/2fbjH2 30.000000
/nfs/cathdata/dompdb/1mcpH2 30.000000
/nfs/cathdata/dompdb/1hocA2 20.000000
/nfs/cathdata/dompdb/1hsaA2 30.000000
/nfs/cathdata/dompdb/1vaaA2 20.000000
/nfs/cathdata/dompdb/1hsbA2 30.000000
/nfs/cathdata/dompdb/1mhcA2 30.000000
/nfs/cathdata/dompdb/8fabB2 65.000000
/nfs/cathdata/dompdb/1kelH2 20.000000
/nfs/cathdata/dompdb/1bbdH2 55.000000
/nfs/cathdata/dompdb/1ospH2 30.000000
/nfs/cathdata/dompdb/1eapB2 30.000000
/tmp/1lopA0 65.000000
/data/pdb_release/all/pdb2cpl.ent 65.000000
/tmp/1cynA0 65.000000
/tmp/2rmcA0 65.000000
/nfs/cathdata/dompdb/1bucA2 55.000000
/nfs/cathdata/dompdb/3mddA2 60.000000
/nfs/cathdata/dompdb/1kxf02 30.000000
/nfs/cathdata/dompdb/1vcpA2 30.000000
/tmp/1smpI0 65.000000
/nfs/cathdata/dompdb/1svcP1 30.000000
/tmp/1sriA0 55.000000
/tmp/1avdA0 30.000000
/data/pdb_release/all/pdb1hbq.ent 65.000000
/data/pdb_release/all/pdb1rbp.ent 65.000000
/tmp/1epaA0 100.000000
/tmp/1bbpA0 100.000000
/data/pdb_release/all/pdb1mup.ent 60.000000
/data/pdb_release/all/pdb1ifc.ent 100.000000
/data/pdb_release/all/pdb1hmr.ent 100.000000
/tmp/1opaA0 100.000000
/data/pdb_release/all/pdb1adl.ent 90.000000
/data/pdb_release/all/pdb1crb.ent 90.000000
/tmp/1cbiA0 90.000000
/tmp/1ftpA0 100.000000
/data/pdb_release/all/pdb1cbs.ent 100.000000
/tmp/1pmpA0 90.000000
/data/pdb_release/all/pdb1mdc.ent 90.000000
/nfs/cathdata/dompdb/7catA1 100.000000
/data/pdb_release/all/pdb1cae.ent 100.000000
/nfs/cathdata/dompdb/1dar02 30.000000
/nfs/cathdata/dompdb/1gtrA4 30.000000
/data/pdb_release/all/pdb1prn.ent 65.000000
/data/pdb_release/all/pdb2por.ent 65.000000
/nfs/cathdata/dompdb/1ppfE1 30.000000
/nfs/cathdata/dompdb/1svpA1 30.000000
/nfs/cathdata/dompdb/1vcpA1 65.000000
/nfs/cathdata/dompdb/1sgt02 55.000000
/nfs/cathdata/dompdb/1hylA1 65.000000
/nfs/cathdata/dompdb/1try02 65.000000
/nfs/cathdata/dompdb/1sgpE1 65.000000
/nfs/cathdata/dompdb/1hpgA1 65.000000
/nfs/cathdata/dompdb/2sga01 65.000000
/nfs/cathdata/dompdb/2alp01 55.000000
/nfs/cathdata/dompdb/1tal01 65.000000
/nfs/cathdata/dompdb/2sfa01 65.000000
/nfs/cathdata/dompdb/1arb02 65.000000
/nfs/cathdata/dompdb/1hylA2 65.000000
/nfs/cathdata/dompdb/1sgpE2 30.000000
/nfs/cathdata/dompdb/1gbaA2 30.000000
/nfs/cathdata/dompdb/1hpgA2 30.000000
/nfs/cathdata/dompdb/2sga02 30.000000
/nfs/cathdata/dompdb/1tal02 30.000000
/nfs/cathdata/dompdb/2sfa02 30.000000
/nfs/cathdata/dompdb/1arb01 30.000000
/nfs/cathdata/dompdb/1cnd01 65.000000
/nfs/cathdata/dompdb/1ndh01 65.000000
/nfs/cathdata/dompdb/2pia01 65.000000
/nfs/cathdata/dompdb/1fnb01 65.000000
/nfs/cathdata/dompdb/1que01 65.000000
/nfs/cathdata/dompdb/1pkm03 65.000000
/nfs/cathdata/dompdb/1pkn03 30.000000
/nfs/cathdata/dompdb/1pkyA3 65.000000
/nfs/cathdata/dompdb/1pkyC3 65.000000
/nfs/cathdata/dompdb/1eft02 30.000000
/nfs/cathdata/dompdb/1efuA2 30.000000
/data/pdb_release/all/pdb1clh.ent 90.000000
/tmp/1tcwA0 55.000000
/tmp/1cpiA0 55.000000
/tmp/2rspA0 65.000000
/nfs/cathdata/dompdb/1pnkB3 30.000000
/nfs/cathdata/dompdb/1eft03 30.000000
/nfs/cathdata/dompdb/1efuA3 30.000000
/tmp/1ucyE0 65.000000
/tmp/1aksB0 65.000000
/tmp/2pkaB0 65.000000
/nfs/cathdata/dompdb/1hcgA1 65.000000
/nfs/cathdata/dompdb/1thsH1 65.000000
/nfs/cathdata/dompdb/1brbE1 65.000000
/nfs/cathdata/dompdb/4ptp01 65.000000
/nfs/cathdata/dompdb/1mctA1 65.000000
/nfs/cathdata/dompdb/1etrH1 65.000000
/nfs/cathdata/dompdb/1bit01 65.000000
/nfs/cathdata/dompdb/1trnA1 65.000000
/nfs/cathdata/dompdb/1try01 65.000000
/nfs/cathdata/dompdb/5chaA1 65.000000
/nfs/cathdata/dompdb/1sgt01 65.000000
/nfs/cathdata/dompdb/1lmwB1 65.000000
/nfs/cathdata/dompdb/1elg01 65.000000
/nfs/cathdata/dompdb/1elt01 65.000000
/nfs/cathdata/dompdb/1ton01 30.000000
/tmp/1mtnC0 65.000000
/nfs/cathdata/dompdb/1tbs01 65.000000
/nfs/cathdata/dompdb/1pfxC1 65.000000
/nfs/cathdata/dompdb/1fonA1 65.000000
/nfs/cathdata/dompdb/1pytD1 65.000000
/nfs/cathdata/dompdb/1rtfB1 30.000000
/nfs/cathdata/dompdb/1fujA1 30.000000
/nfs/cathdata/dompdb/1dst01 65.000000
/nfs/cathdata/dompdb/3rp2A1 30.000000
/tmp/1ceaA0 0.000000
/tmp/1pmlA0 55.000000
/data/pdb_release/all/pdb1kdu.ent 65.000000
/data/pdb_release/all/pdb1krn.ent 0.000000
/data/pdb_release/all/pdb1bw3.ent 100.000000
/tmp/1ihvA0 30.000000
/nfs/cathdata/dompdb/1hcz02 30.000000
/data/pdb_release/all/pdb1lab.ent 30.000000
/data/pdb_release/all/pdb1bdo.ent 30.000000
/data/pdb_release/all/pdb1afp.ent 30.000000
/tmp/1bovA0 65.000000
/data/pdb_release/all/pdb1mjc.ent 30.000000
/data/pdb_release/all/pdb1csp.ent 30.000000
/data/pdb_release/all/pdb1krs.ent 90.000000
/nfs/cathdata/dompdb/1lylA1 100.000000
/nfs/cathdata/dompdb/1asyA1 65.000000
/data/pdb_release/all/pdb1bgh.ent 30.000000
/data/pdb_release/all/pdb1rip.ent 0.000000
/tmp/1prtD0 55.000000
/tmp/1prtF0 65.000000
/nfs/cathdata/dompdb/1tssA2 30.000000
/nfs/cathdata/dompdb/1prtB2 65.000000
/nfs/cathdata/dompdb/1prtC2 65.000000
/tmp/1ltsD0 65.000000
/tmp/1chbD0 65.000000
/data/pdb_release/all/pdb2sns.ent 100.000000
/nfs/cathdata/dompdb/1bco02 30.000000
/nfs/cathdata/dompdb/1esfA1 65.000000
/nfs/cathdata/dompdb/1sebD1 65.000000
/nfs/cathdata/dompdb/1se201 55.000000
/tmp/1fivA0 65.000000
/tmp/1idaA0 55.000000
/tmp/1hivA0 55.000000
/data/pdb_release/all/pdb1dro.ent 60.000000
/nfs/cathdata/dompdb/1hleA1 100.000000
/nfs/cathdata/dompdb/1ovaA1 100.000000
/nfs/cathdata/dompdb/1kauC1 65.000000
/nfs/cathdata/dompdb/2kauC1 65.000000
/tmp/1ucyH0 65.000000
/nfs/cathdata/dompdb/3rp2A2 65.000000
/nfs/cathdata/dompdb/1ihsH2 55.000000
/nfs/cathdata/dompdb/1gctA2 55.000000
/nfs/cathdata/dompdb/1elg02 55.000000
/nfs/cathdata/dompdb/1brbE2 65.000000
/nfs/cathdata/dompdb/4ptp02 55.000000
/nfs/cathdata/dompdb/1elt02 65.000000
/nfs/cathdata/dompdb/1hneE2 55.000000
/nfs/cathdata/dompdb/1mctA2 65.000000
/nfs/cathdata/dompdb/1etrH2 65.000000
/nfs/cathdata/dompdb/1bit02 55.000000
/nfs/cathdata/dompdb/1trnA2 65.000000
/nfs/cathdata/dompdb/1ton02 65.000000
/tmp/2pkaA0 30.000000
/tmp/1mtnB0 30.000000
/tmp/1aksA0 30.000000
/nfs/cathdata/dompdb/1tbs02 55.000000
/nfs/cathdata/dompdb/1pfxC2 65.000000
/nfs/cathdata/dompdb/1fonA2 65.000000
/nfs/cathdata/dompdb/1pytD2 65.000000
/nfs/cathdata/dompdb/1fujA2 55.000000
/nfs/cathdata/dompdb/1rtfB2 55.000000
/nfs/cathdata/dompdb/1dst02 65.000000
/nfs/cathdata/dompdb/1hcgA2 55.000000
/nfs/cathdata/dompdb/1lmwB2 55.000000
/data/pdb_release/all/pdb1pk4.ent 0.000000
/data/pdb_release/all/pdb2pf1.ent 100.000000
/data/pdb_release/all/pdb1ahl.ent 0.000000
/data/pdb_release/all/pdb1atx.ent 20.000000
/data/pdb_release/all/pdb1sh1.ent 30.000000
/data/pdb_release/all/pdb1apf.ent 0.000000
/nfs/cathdata/dompdb/1dar03 15.000000
/nfs/cathdata/dompdb/1elo03 50.000000
/data/pdb_release/all/pdb1tfi.ent 30.000000
/tmp/4sgbI0 15.000000
/data/pdb_release/all/pdb1tih.ent 30.000000
/nfs/cathdata/dompdb/1raaB2 55.000000
/nfs/cathdata/dompdb/2atcB2 0.000000
/nfs/cathdata/dompdb/1ytfD2 30.000000
/tmp/1ytfC0 20.000000
/data/pdb_release/all/pdb1sso.ent 55.000000
/data/pdb_release/all/pdb1sap.ent 55.000000
/data/pdb_release/all/pdb1hsp.ent 0.000000
/data/pdb_release/all/pdb1gfc.ent 20.000000
/tmp/1aboA0 30.000000
/tmp/1cskA0 30.000000
/tmp/1ckaA0 30.000000
/tmp/1gbrA0 30.000000
/data/pdb_release/all/pdb1shg.ent 30.000000
/tmp/1shfA0 30.000000
/tmp/1nloC0 30.000000
/data/pdb_release/all/pdb1pnj.ent 30.000000
/tmp/1semA0 30.000000
/nfs/cathdata/dompdb/1lckA1 30.000000
/data/pdb_release/all/pdb1tud.ent 30.000000
/data/pdb_release/all/pdb1tuc.ent 30.000000
/nfs/cathdata/dompdb/1ad5A1 30.000000
/data/pdb_release/all/pdb1pls.ent 65.000000
/tmp/1dynA0 65.000000
/data/pdb_release/all/pdb1btn.ent 65.000000
/tmp/1tgxA0 20.000000
/data/pdb_release/all/pdb1nea.ent 20.000000
/data/pdb_release/all/pdb1nor.ent 20.000000
/data/pdb_release/all/pdb1ntx.ent 20.000000
/data/pdb_release/all/pdb1fas.ent 30.000000
/tmp/1cdtA0 30.000000
/data/pdb_release/all/pdb2crs.ent 20.000000
/data/pdb_release/all/pdb1ntn.ent 65.000000
/data/pdb_release/all/pdb1tfs.ent 20.000000
/data/pdb_release/all/pdb1lsi.ent 30.000000
/nfs/cathdata/dompdb/1psi01 90.000000
/nfs/cathdata/dompdb/2achA2 90.000000
/tmp/1bi6H0 30.000000
/data/pdb_release/all/pdb1tpm.ent 30.000000
/nfs/cathdata/dompdb/1hfh01 20.000000
/data/pdb_release/all/pdb1hcc.ent 15.000000
/tmp/1lpbA0 65.000000
/nfs/cathdata/dompdb/1antI1 100.000000
/tmp/1hcnB0 30.000000
/tmp/1hcnA0 65.000000
/tmp/1pdgA0 30.000000
/data/pdb_release/all/pdb2tgi.ent 90.000000
/tmp/1klaA0 65.000000
/data/pdb_release/all/pdb1tgj.ent 100.000000
/data/pdb_release/all/pdb1bet.ent 30.000000
/tmp/1bndA0 65.000000
/tmp/1bndB0 30.000000
/data/pdb_release/all/pdb1fbr.ent 30.000000
/tmp/1umuA0 65.000000
/data/pdb_release/all/pdb1ctl.ent 65.000000
/data/pdb_release/all/pdb1iml.ent 55.000000
/nfs/cathdata/dompdb/1extB1 30.000000
/tmp/2kauB0 30.000000
/tmp/1rprA0 90.000000
/tmp/1fc2C0 100.000000
/tmp/1spzZ0 90.000000
/data/pdb_release/all/pdb1edi.ent 100.000000
/data/pdb_release/all/pdb2pdd.ent 90.000000
/data/pdb_release/all/pdb1bal.ent 100.000000
/tmp/1csbA0 90.000000
/tmp/1htrP0 100.000000
/nfs/cathdata/dompdb/1ilk02 100.000000
/data/pdb_release/all/pdb1bha.ent 100.000000
/nfs/cathdata/dompdb/1grj01 100.000000
/nfs/cathdata/dompdb/1sesA1 100.000000
/data/pdb_release/all/pdb1pdc.ent 0.000000
/tmp/2achB0 0.000000
/data/pdb_release/all/pdb1egf.ent 30.000000
/data/pdb_release/all/pdb1apo.ent 0.000000
/data/pdb_release/all/pdb1fsb.ent 0.000000
/data/pdb_release/all/pdb1hre.ent 0.000000
/data/pdb_release/all/pdb1yuf.ent 0.000000
/tmp/1hcgB0 30.000000
/data/pdb_release/all/pdb1ata.ent 20.000000
/nfs/cathdata/dompdb/1ncfA2 30.000000
/data/pdb_release/all/pdb1cdq.ent 65.000000
/tmp/1kbaA0 65.000000
/tmp/2abxA0 0.000000
/tmp/1abtA0 30.000000
/data/pdb_release/all/pdb3ebx.ent 30.000000
/data/pdb_release/all/pdb2ctx.ent 20.000000
/data/pdb_release/all/pdb2cdx.ent 30.000000
/tmp/1kxiA0 30.000000
/data/pdb_release/all/pdb1cre.ent 20.000000
/data/pdb_release/all/pdb1cod.ent 30.000000
/data/pdb_release/all/pdb1drs.ent 0.000000
/data/pdb_release/all/pdb1lki.ent 100.000000
/tmp/3inkC0 100.000000
/data/pdb_release/all/pdb1hgu.ent 100.000000
/data/pdb_release/all/pdb1huw.ent 100.000000
/tmp/3hhrA0 100.000000
/data/pdb_release/all/pdb1lpt.ent 100.000000
/data/pdb_release/all/pdb1lip.ent 100.000000
/data/pdb_release/all/pdb1mzm.ent 100.000000
/data/pdb_release/all/pdb1hyp.ent 100.000000
/nfs/cathdata/dompdb/1dlc01 100.000000
/nfs/cathdata/dompdb/1ciy01 100.000000
/tmp/1etrL0 50.000000
/tmp/1tbrJ0 100.000000
/tmp/3aahB0 50.000000
/tmp/4aahB0 50.000000
/tmp/1olgA0 50.000000
/tmp/2bbvD0 50.000000
/data/pdb_release/all/pdb2ifo.ent 50.000000
/tmp/1pfiA0 90.000000
/tmp/1junA0 50.000000
/data/pdb_release/all/pdb1tvs.ent 100.000000
/tmp/1ysaC0 50.000000
/data/pdb_release/all/pdb1aml.ent 100.000000
/data/pdb_release/all/pdb125d.ent 100.000000
/data/pdb_release/all/pdb1cld.ent 90.000000
/tmp/1d66A0 100.000000
/data/pdb_release/all/pdb1pyc.ent 90.000000
/nfs/cathdata/dompdb/1poxA4 90.000000
/tmp/1ltsC0 100.000000
/tmp/1xtcC0 100.000000
/tmp/1scmA0 100.000000
/tmp/1mdyB0 90.000000
/data/pdb_release/all/pdb1bct.ent 100.000000
/nfs/cathdata/dompdb/1pcrL2 100.000000
/nfs/cathdata/dompdb/1prcL2 100.000000
/nfs/cathdata/dompdb/1pcrM2 100.000000
/nfs/cathdata/dompdb/1prcM2 100.000000
/nfs/cathdata/dompdb/1dik05 100.000000
/tmp/1bcfA0 100.000000
/data/pdb_release/all/pdb1fha.ent 100.000000
/data/pdb_release/all/pdb1ier.ent 100.000000
/data/pdb_release/all/pdb1rcc.ent 100.000000
/tmp/2ccyA0 100.000000
/data/pdb_release/all/pdb1cpq.ent 100.000000
/tmp/1bbhA0 100.000000
/data/pdb_release/all/pdb1cgn.ent 100.000000
/data/pdb_release/all/pdb1lpe.ent 100.000000
/data/pdb_release/all/pdb2asr.ent 90.000000
/data/pdb_release/all/pdb1vls.ent 100.000000
/data/pdb_release/all/pdb1aep.ent 100.000000
/tmp/256bA0 90.000000
/tmp/2hmqA0 90.000000
/data/pdb_release/all/pdb2mhr.ent 90.000000
/tmp/2tmvP0 100.000000
/tmp/1rmvA0 90.000000
/nfs/cathdata/dompdb/2ilk01 100.000000
/nfs/cathdata/dompdb/1vlk01 100.000000
/nfs/cathdata/dompdb/1bucA3 100.000000
/nfs/cathdata/dompdb/3mddA3 100.000000
/nfs/cathdata/dompdb/1chkA1 100.000000
/data/pdb_release/all/pdb1lis.ent 100.000000
/data/pdb_release/all/pdb1rcb.ent 90.000000
/tmp/1gmfA0 100.000000
/tmp/1bgeA0 100.000000
/tmp/1rhgA0 100.000000
/data/pdb_release/all/pdb1bgc.ent 100.000000
/nfs/cathdata/dompdb/1whtA2 90.000000
/data/pdb_release/all/pdb2erl.ent 90.000000
/nfs/cathdata/dompdb/1ytfD1 90.000000
/nfs/cathdata/dompdb/1mtyG1 90.000000
/nfs/cathdata/dompdb/1mhyG1 90.000000
/tmp/1ecmA0 100.000000
/nfs/cathdata/dompdb/1lxa02 90.000000
/data/pdb_release/all/pdb1acp.ent 100.000000
/data/pdb_release/all/pdb1aca.ent 90.000000
/nfs/cathdata/dompdb/1pcrM1 100.000000
/nfs/cathdata/dompdb/1prcM1 100.000000
/nfs/cathdata/dompdb/1pcrL1 100.000000
/nfs/cathdata/dompdb/1prcL1 100.000000
/nfs/cathdata/dompdb/3sdpA1 90.000000
/nfs/cathdata/dompdb/1mngA1 100.000000
/nfs/cathdata/dompdb/1svcP2 100.000000
/nfs/cathdata/dompdb/1nfkA2 100.000000
/nfs/cathdata/dompdb/1mtyG2 100.000000
/nfs/cathdata/dompdb/1mhyG2 100.000000
/nfs/cathdata/dompdb/2minB4 90.000000
/nfs/cathdata/dompdb/1mioB3 100.000000
/data/pdb_release/all/pdb1poc.ent 90.000000
/data/pdb_release/all/pdb1ppa.ent 100.000000
/data/pdb_release/all/pdb1poa.ent 100.000000
/data/pdb_release/all/pdb4bp2.ent 100.000000
/data/pdb_release/all/pdb1pod.ent 100.000000
/tmp/3p2pA0 100.000000
/tmp/1pp2L0 100.000000
/tmp/1clpA0 100.000000
/tmp/1bunA0 100.000000
/data/pdb_release/all/pdb1psj.ent 100.000000
/data/pdb_release/all/pdb1ae7.ent 100.000000
/nfs/cathdata/dompdb/1bmtA1 100.000000
/data/pdb_release/all/pdb1lmq.ent 100.000000
/data/pdb_release/all/pdb1jug.ent 100.000000
/data/pdb_release/all/pdb119l.ent 100.000000
/nfs/cathdata/dompdb/1bucA1 100.000000
/nfs/cathdata/dompdb/3mddA1 100.000000
/nfs/cathdata/dompdb/1oxa02 100.000000
/nfs/cathdata/dompdb/1grl01 100.000000
/nfs/cathdata/dompdb/1aorA2 100.000000
/nfs/cathdata/dompdb/2pgd02 100.000000
/nfs/cathdata/dompdb/1dnpA3 100.000000
/nfs/cathdata/dompdb/1csc01 100.000000
/tmp/1csmA0 100.000000
/nfs/cathdata/dompdb/1aorA3 100.000000
/data/pdb_release/all/pdb1fps.ent 100.000000
/nfs/cathdata/dompdb/1clc02 100.000000
/tmp/1ribA0 100.000000
/tmp/1mmoB0 100.000000
/tmp/1mhyB0 100.000000
/nfs/cathdata/dompdb/1cpt02 100.000000
/data/pdb_release/all/pdb1phb.ent 100.000000
/tmp/2bmhA0 100.000000
/nfs/cathdata/dompdb/1lla01 100.000000
/tmp/1mhlC0 100.000000
/tmp/1mtyD0 100.000000
/tmp/1mhyD0 100.000000
/nfs/cathdata/dompdb/2sblB2 100.000000
/data/pdb_release/all/pdb1lnh.ent 100.000000
/data/pdb_release/all/pdb1ehs.ent 100.000000
/tmp/2spcA0 90.000000
/tmp/1ytfB0 100.000000
/nfs/cathdata/dompdb/1pnkA2 90.000000
/data/pdb_release/all/pdb1aty.ent 100.000000
/nfs/cathdata/dompdb/1dloA3 100.000000
/tmp/1ithA0 100.000000
/tmp/1cpcA0 100.000000
/tmp/1cpcB0 100.000000
/tmp/1allA0 100.000000
/tmp/1allB0 100.000000
/tmp/1colA0 100.000000
/nfs/cathdata/dompdb/1ddt02 100.000000
/nfs/cathdata/dompdb/3blm02 100.000000
/nfs/cathdata/dompdb/1mblA2 100.000000
/nfs/cathdata/dompdb/1btl02 100.000000
/nfs/cathdata/dompdb/1ckiA2 100.000000
/nfs/cathdata/dompdb/1csn02 100.000000
/nfs/cathdata/dompdb/1apmE1 100.000000
/nfs/cathdata/dompdb/1irk02 100.000000
/nfs/cathdata/dompdb/1ad5A4 100.000000
/nfs/cathdata/dompdb/1aru01 100.000000
/nfs/cathdata/dompdb/1llp01 100.000000
/nfs/cathdata/dompdb/1mnp01 100.000000
/nfs/cathdata/dompdb/1qpaA1 100.000000
/nfs/cathdata/dompdb/1cca01 100.000000
/nfs/cathdata/dompdb/1apxA1 100.000000
/nfs/cathdata/dompdb/1schA1 100.000000
/data/pdb_release/all/pdb153l.ent 100.000000
/data/pdb_release/all/pdb1baa.ent 100.000000
/nfs/cathdata/dompdb/1cnsA1 100.000000
/data/pdb_release/all/pdb135l.ent 100.000000
/data/pdb_release/all/pdb2ihl.ent 100.000000
/data/pdb_release/all/pdb1lz1.ent 100.000000
/data/pdb_release/all/pdb1hhl.ent 100.000000
/tmp/1ghlA0 100.000000
/data/pdb_release/all/pdb2eql.ent 100.000000
/data/pdb_release/all/pdb1alc.ent 100.000000
/data/pdb_release/all/pdb1hml.ent 100.000000
/tmp/1thbA0 100.000000
/tmp/1hdsA0 100.000000
/tmp/1hdsB0 100.000000
/tmp/2mhbA0 100.000000
/tmp/1fdhG0 100.000000
/tmp/1hbhA0 100.000000
/tmp/1hdaA0 100.000000
/tmp/1babB0 100.000000
/data/pdb_release/all/pdb2lhb.ent 100.000000
/tmp/1hbhB0 100.000000
/tmp/1hdaB0 100.000000
/tmp/1pghA0 100.000000
/tmp/1pghB0 100.000000
/tmp/1ibeB0 100.000000
/tmp/1outA0 100.000000
/tmp/1outB0 100.000000
/tmp/1spgA0 100.000000
/tmp/1spgB0 100.000000
/data/pdb_release/all/pdb1flp.ent 100.000000
/data/pdb_release/all/pdb1lhs.ent 100.000000
/data/pdb_release/all/pdb1bvd.ent 100.000000
/data/pdb_release/all/pdb1ymb.ent 100.000000
/data/pdb_release/all/pdb1mbs.ent 100.000000
/data/pdb_release/all/pdb2mm1.ent 100.000000
/data/pdb_release/all/pdb1emy.ent 100.000000
/tmp/1mygA0 100.000000
/data/pdb_release/all/pdb1myt.ent 100.000000
/data/pdb_release/all/pdb1eca.ent 100.000000
/tmp/1sctA0 100.000000
/tmp/1sctB0 100.000000
/tmp/3sdhA0 100.000000
/data/pdb_release/all/pdb1mba.ent 100.000000
/data/pdb_release/all/pdb1ash.ent 100.000000
/nfs/cathdata/dompdb/1fcdC2 100.000000
/tmp/2mtaC0 100.000000
/nfs/cathdata/dompdb/2abk02 100.000000
/nfs/cathdata/dompdb/1npc02 100.000000
/nfs/cathdata/dompdb/1ezm02 100.000000
/nfs/cathdata/dompdb/2tmnE2 100.000000
/nfs/cathdata/dompdb/1dnpA2 100.000000
/nfs/cathdata/dompdb/1gia02 100.000000
/nfs/cathdata/dompdb/1tadA2 100.000000
/nfs/cathdata/dompdb/7catA2 100.000000
/nfs/cathdata/dompdb/1cca02 100.000000
/nfs/cathdata/dompdb/1apxA2 100.000000
/nfs/cathdata/dompdb/1aru02 100.000000
/nfs/cathdata/dompdb/1llp02 100.000000
/nfs/cathdata/dompdb/1mnp02 100.000000
/nfs/cathdata/dompdb/1qpaA2 100.000000
/nfs/cathdata/dompdb/1schA2 100.000000
/tmp/1rfbA0 100.000000
/nfs/cathdata/dompdb/1pnkA1 100.000000
/data/pdb_release/all/pdb1end.ent 90.000000
/nfs/cathdata/dompdb/1gly01 100.000000
/nfs/cathdata/dompdb/1ecl02 100.000000
/data/pdb_release/all/pdb1sra.ent 100.000000
/nfs/cathdata/dompdb/1prcC2 100.000000
/nfs/cathdata/dompdb/1prcC1 100.000000
/nfs/cathdata/dompdb/1vsgA2 100.000000
/nfs/cathdata/dompdb/1gly02 100.000000
/nfs/cathdata/dompdb/1pnkB4 100.000000
/data/pdb_release/all/pdb1hlm.ent 100.000000
/data/pdb_release/all/pdb1hlb.ent 100.000000
/data/pdb_release/all/pdb1hbg.ent 100.000000
/data/pdb_release/all/pdb1gdj.ent 100.000000
/tmp/1binA0 100.000000
/nfs/cathdata/dompdb/1osa02 100.000000
/nfs/cathdata/dompdb/1wdcC2 100.000000
/nfs/cathdata/dompdb/1tnw02 100.000000
/tmp/1cnpA0 100.000000
/tmp/1symA0 100.000000
/tmp/1tcoB0 100.000000
/nfs/cathdata/dompdb/1scmC1 100.000000
/nfs/cathdata/dompdb/1wdcB1 100.000000
/nfs/cathdata/dompdb/1rec01 0.000000
/nfs/cathdata/dompdb/1rec02 100.000000
/data/pdb_release/all/pdb2sas.ent 100.000000
/tmp/2scpA0 100.000000
/data/pdb_release/all/pdb155c.ent 100.000000
/data/pdb_release/all/pdb1ycc.ent 100.000000
/data/pdb_release/all/pdb1ccr.ent 100.000000
/tmp/5cytR0 100.000000
/data/pdb_release/all/pdb1yeb.ent 100.000000
/data/pdb_release/all/pdb1hrc.ent 100.000000
/data/pdb_release/all/pdb1cry.ent 100.000000
/data/pdb_release/all/pdb1cot.ent 100.000000
/data/pdb_release/all/pdb3c2c.ent 100.000000
/tmp/1c2rA0 100.000000
/data/pdb_release/all/pdb1cxc.ent 100.000000
/data/pdb_release/all/pdb1yea.ent 100.000000
/tmp/1hroA0 100.000000
/data/pdb_release/all/pdb1dvh.ent 100.000000
/data/pdb_release/all/pdb351c.ent 100.000000
/data/pdb_release/all/pdb1cor.ent 100.000000
/data/pdb_release/all/pdb1cch.ent 100.000000
/nfs/cathdata/dompdb/1fcdC1 100.000000
/data/pdb_release/all/pdb1cc5.ent 100.000000
/data/pdb_release/all/pdb1cyi.ent 100.000000
/data/pdb_release/all/pdb1ctj.ent 100.000000
/nfs/cathdata/dompdb/6gsvA2 100.000000
/nfs/cathdata/dompdb/1gta02 100.000000
/nfs/cathdata/dompdb/1hna02 100.000000
/nfs/cathdata/dompdb/2gsq02 100.000000
/nfs/cathdata/dompdb/1gseA2 100.000000
/nfs/cathdata/dompdb/1bpb01 100.000000
/nfs/cathdata/dompdb/1taq02 100.000000
/nfs/cathdata/dompdb/9icwA2 100.000000
/nfs/cathdata/dompdb/1ecl04 100.000000
/nfs/cathdata/dompdb/1adeA2 100.000000
/nfs/cathdata/dompdb/1atnA3 100.000000
/nfs/cathdata/dompdb/1oxa03 100.000000
/data/pdb_release/all/pdb1hmx.ent 100.000000
/nfs/cathdata/dompdb/2abk01 100.000000
/nfs/cathdata/dompdb/1gln04 100.000000
/nfs/cathdata/dompdb/2tct02 100.000000
/tmp/1hulA0 100.000000
/data/pdb_release/all/pdb1coo.ent 100.000000
/nfs/cathdata/dompdb/1wdcB2 100.000000
/data/pdb_release/all/pdb1bod.ent 100.000000
/data/pdb_release/all/pdb1cb1.ent 100.000000
/data/pdb_release/all/pdb4icb.ent 100.000000
/data/pdb_release/all/pdb1cmf.ent 100.000000
/nfs/cathdata/dompdb/1ncx01 100.000000
/data/pdb_release/all/pdb1cfc.ent 100.000000
/data/pdb_release/all/pdb1tnx.ent 100.000000
/data/pdb_release/all/pdb1rro.ent 100.000000
/data/pdb_release/all/pdb4cpv.ent 100.000000
/data/pdb_release/all/pdb5pal.ent 100.000000
/data/pdb_release/all/pdb1pal.ent 100.000000
/tmp/1rtp10 100.000000
/tmp/1pvaA0 100.000000
/nfs/cathdata/dompdb/1osa01 100.000000
/nfs/cathdata/dompdb/1avhA1 100.000000
/nfs/cathdata/dompdb/2ran01 100.000000
/nfs/cathdata/dompdb/1ala02 100.000000
/nfs/cathdata/dompdb/1hvd02 100.000000
/nfs/cathdata/dompdb/1ala04 100.000000
/nfs/cathdata/dompdb/1ann04 100.000000
/nfs/cathdata/dompdb/1avhA4 100.000000
/nfs/cathdata/dompdb/1axn01 100.000000
/nfs/cathdata/dompdb/1axn03 100.000000
/nfs/cathdata/dompdb/1axn02 100.000000
/nfs/cathdata/dompdb/1ala03 100.000000
/nfs/cathdata/dompdb/1ann03 100.000000
/nfs/cathdata/dompdb/1hvd03 100.000000
/nfs/cathdata/dompdb/2ran03 100.000000
/nfs/cathdata/dompdb/1axn04 100.000000
/nfs/cathdata/dompdb/1csc02 100.000000
/nfs/cathdata/dompdb/1csh02 100.000000
/nfs/cathdata/dompdb/2cts02 100.000000
/nfs/cathdata/dompdb/1tyaE2 100.000000
/nfs/cathdata/dompdb/1bvp11 100.000000
/data/pdb_release/all/pdb1neq.ent 100.000000
/nfs/cathdata/dompdb/1octC1 100.000000
/data/pdb_release/all/pdb1r69.ent 100.000000
/data/pdb_release/all/pdb2cro.ent 100.000000
/data/pdb_release/all/pdb1adr.ent 100.000000
/tmp/1lmb30 100.000000
/nfs/cathdata/dompdb/2yhx01 100.000000
/nfs/cathdata/dompdb/2bpfA1 100.000000
/nfs/cathdata/dompdb/1bgw03 100.000000
/nfs/cathdata/dompdb/1adt01 100.000000
/nfs/cathdata/dompdb/1glqA2 100.000000
/nfs/cathdata/dompdb/2gsrA2 100.000000
/nfs/cathdata/dompdb/1gssA2 100.000000
/data/pdb_release/all/pdb1erd.ent 90.000000
/nfs/cathdata/dompdb/1dtr02 90.000000
/tmp/1lccA0 100.000000
/nfs/cathdata/dompdb/1pnrA1 100.000000
/data/pdb_release/all/pdb1uxd.ent 100.000000
/nfs/cathdata/dompdb/2phlA1 100.000000
/nfs/cathdata/dompdb/2phlA4 100.000000
/tmp/6insE0 100.000000
/data/pdb_release/all/pdb2gf1.ent 100.000000
/data/pdb_release/all/pdb1igl.ent 90.000000
/data/pdb_release/all/pdb1bip.ent 100.000000
/data/pdb_release/all/pdb1c5a.ent 100.000000
/data/pdb_release/all/pdb1kjs.ent 100.000000
/tmp/1cmbA0 100.000000
/nfs/cathdata/dompdb/1gln03 100.000000
/nfs/cathdata/dompdb/1serA1 100.000000
/nfs/cathdata/dompdb/1bvp13 100.000000
/nfs/cathdata/dompdb/1dmb03 100.000000
/nfs/cathdata/dompdb/1dik02 100.000000
/nfs/cathdata/dompdb/9pap02 100.000000
/nfs/cathdata/dompdb/1aec02 100.000000
/nfs/cathdata/dompdb/1gecE2 100.000000
/nfs/cathdata/dompdb/2act02 100.000000
/nfs/cathdata/dompdb/1ppo02 100.000000
/nfs/cathdata/dompdb/1yal02 100.000000
/nfs/cathdata/dompdb/1theA2 100.000000
/nfs/cathdata/dompdb/1csbB1 100.000000
/nfs/cathdata/dompdb/2bltA2 100.000000
/data/pdb_release/all/pdb1utg.ent 100.000000
/data/pdb_release/all/pdb1ccd.ent 100.000000
/nfs/cathdata/dompdb/1ala01 100.000000
/nfs/cathdata/dompdb/1ann01 100.000000
/nfs/cathdata/dompdb/1ann02 100.000000
/tmp/1fliA0 100.000000
/data/pdb_release/all/pdb1etc.ent 100.000000
/tmp/1sttA0 100.000000
/data/pdb_release/all/pdb2hts.ent 100.000000
/data/pdb_release/all/pdb1hks.ent 100.000000
/data/pdb_release/all/pdb1enh.ent 100.000000
/data/pdb_release/all/pdb1ftz.ent 100.000000
/data/pdb_release/all/pdb1ftt.ent 100.000000
/tmp/1ahdP0 100.000000
/tmp/1fjlA0 100.000000
/data/pdb_release/all/pdb1vnd.ent 100.000000
/data/pdb_release/all/pdb1hdp.ent 100.000000
/data/pdb_release/all/pdb1ocp.ent 90.000000
/data/pdb_release/all/pdb1pog.ent 100.000000
/tmp/1yrnA0 100.000000
/tmp/1hcrA0 100.000000
/data/pdb_release/all/pdb1res.ent 100.000000
/data/pdb_release/all/pdb1lfb.ent 90.000000
/data/pdb_release/all/pdb2lfb.ent 100.000000
/tmp/1yrnB0 100.000000
/tmp/1fiaA0 100.000000
/data/pdb_release/all/pdb1mbe.ent 100.000000
/data/pdb_release/all/pdb1mbg.ent 100.000000
/data/pdb_release/all/pdb1mbj.ent 100.000000
/tmp/2wrpR0 100.000000
/nfs/cathdata/dompdb/2tct01 100.000000
/tmp/1bfmA0 100.000000
/tmp/1hryA0 100.000000
/data/pdb_release/all/pdb1hsm.ent 100.000000
/data/pdb_release/all/pdb1hma.ent 100.000000
/data/pdb_release/all/pdb1hme.ent 100.000000
/data/pdb_release/all/pdb1aab.ent 100.000000
/tmp/1trlA0 100.000000
/tmp/1mylA0 100.000000
/tmp/1parA0 100.000000
/tmp/1mntA0 100.000000
/data/pdb_release/all/pdb1lea.ent 100.000000
/tmp/1hstA0 100.000000
/data/pdb_release/all/pdb1ghc.ent 100.000000
/nfs/cathdata/dompdb/1dprA1 100.000000
/nfs/cathdata/dompdb/1bia01 100.000000
/nfs/cathdata/dompdb/1berA2 100.000000
/nfs/cathdata/dompdb/1pdnC1 100.000000
/nfs/cathdata/dompdb/1pdnC2 100.000000
