/tmp/2ltnB0 6.666667
/tmp/1lenB0 6.666667
/tmp/1lgcB0 0.000000
/nfs/cathdata/dompdb/1lyaB1 6.666667
/tmp/1aayA0 14.000000
/tmp/1ubdC0 16.000000
/tmp/1meyC0 15.333333
/tmp/2drpA0 20.000000
/tmp/1pyaA0 8.666667
/tmp/1hueA0 22.666667
/tmp/1wtuA0 26.666667
/tmp/1ihfA0 38.000000
/tmp/1ihfB0 37.333333
/nfs/cathdata/dompdb/1prcH1 44.666667
/nfs/cathdata/dompdb/1pcrH1 32.000000
/data/pdb_release/all/pdb4mt2.ent 0.000000
/data/pdb_release/all/pdb1tiv.ent 0.000000
/data/pdb_release/all/pdb1zaq.ent 0.000000
/data/pdb_release/all/pdb1iva.ent 0.000000
/data/pdb_release/all/pdb1agg.ent 13.333333
/data/pdb_release/all/pdb1cfh.ent 0.000000
/data/pdb_release/all/pdb1cfi.ent 0.000000
/data/pdb_release/all/pdb1aaf.ent 0.000000
/data/pdb_release/all/pdb2ech.ent 0.000000
/data/pdb_release/all/pdb1fvl.ent 6.666667
/data/pdb_release/all/pdb1kst.ent 12.000000
/tmp/1r0940 6.666667
/tmp/2plv40 18.666667
/tmp/1pvc40 20.000000
/tmp/1bbt40 8.666667
/tmp/1tme40 6.666667
/tmp/2mev40 6.666667
/tmp/1tabI0 12.000000
/data/pdb_release/all/pdb1pi2.ent 18.666667
/data/pdb_release/all/pdb1bbi.ent 22.666667
/nfs/cathdata/dompdb/1pcp01 6.666667
/nfs/cathdata/dompdb/2pspA2 6.666667
/nfs/cathdata/dompdb/1gcb01 68.666667
/nfs/cathdata/dompdb/1fieA2 70.000000
/nfs/cathdata/dompdb/1lgr01 60.666667
/nfs/cathdata/dompdb/1abbA1 72.666667
/nfs/cathdata/dompdb/1ygpA1 70.000000
/nfs/cathdata/dompdb/1pgd03 6.666667
/data/pdb_release/all/pdb1ldl.ent 13.333333
/data/pdb_release/all/pdb1ldr.ent 0.000000
/data/pdb_release/all/pdb1tap.ent 18.666667
/data/pdb_release/all/pdb5pti.ent 18.666667
/tmp/1aapA0 20.000000
/data/pdb_release/all/pdb1dtx.ent 18.666667
/data/pdb_release/all/pdb1dtk.ent 18.666667
/data/pdb_release/all/pdb1shp.ent 18.666667
/tmp/1brbI0 18.666667
/data/pdb_release/all/pdb1knt.ent 20.000000
/data/pdb_release/all/pdb1dem.ent 18.666667
/tmp/1bunB0 18.666667
/data/pdb_release/all/pdb1hnr.ent 6.666667
/tmp/1mhlA0 8.666667
/nfs/cathdata/dompdb/1gal02 8.666667
/nfs/cathdata/dompdb/1inp01 20.666667
/nfs/cathdata/dompdb/1rtc02 20.666667
/nfs/cathdata/dompdb/1apa02 22.000000
/nfs/cathdata/dompdb/1pafA2 22.000000
/nfs/cathdata/dompdb/1mrg02 22.666667
/nfs/cathdata/dompdb/1mrj02 24.000000
/nfs/cathdata/dompdb/1abrA2 23.333333
/tmp/1isuA0 6.666667
/data/pdb_release/all/pdb1hip.ent 20.666667
/tmp/2hipA0 13.333333
/data/pdb_release/all/pdb1hpi.ent 17.333333
/data/pdb_release/all/pdb1bbo.ent 8.000000
/nfs/cathdata/dompdb/1adt02 42.000000
/tmp/1abmA0 52.000000
/tmp/1idsA0 44.000000
/tmp/1isaA0 44.000000
/nfs/cathdata/dompdb/1vsgA1 44.000000
/tmp/1hmpA0 56.666667
/nfs/cathdata/dompdb/1adeA3 48.000000
/nfs/cathdata/dompdb/1qorA1 64.666667
/nfs/cathdata/dompdb/3btoA1 65.333333
/nfs/cathdata/dompdb/1dehA1 65.333333
/nfs/cathdata/dompdb/1cdoA1 62.666667
/nfs/cathdata/dompdb/1tehA1 61.333333
/nfs/cathdata/dompdb/1agnA1 64.000000
/tmp/1yptA0 70.000000
/data/pdb_release/all/pdb2hnp.ent 64.666667
/nfs/cathdata/dompdb/1yfoA1 53.333333
/tmp/1vhrA0 55.333333
/data/pdb_release/all/pdb1gpc.ent 48.666667
/nfs/cathdata/dompdb/1bgw05 46.666667
/nfs/cathdata/dompdb/1jetA1 60.000000
/nfs/cathdata/dompdb/1glaG1 60.666667
/nfs/cathdata/dompdb/1hgeA1 67.333333
/tmp/1ltsA0 51.333333
/tmp/1xtcA0 55.333333
/tmp/1tiiA0 48.000000
/tmp/1prtA0 56.666667
/nfs/cathdata/dompdb/1admA2 64.666667
/nfs/cathdata/dompdb/1chmA2 52.000000
/data/pdb_release/all/pdb1mat.ent 58.666667
/data/pdb_release/all/pdb1pbn.ent 72.666667
/data/pdb_release/all/pdb1ula.ent 74.666667
/tmp/1ecpA0 73.333333
/nfs/cathdata/dompdb/1dhx03 58.000000
/data/pdb_release/all/pdb2cyr.ent 26.666667
/data/pdb_release/all/pdb1wad.ent 24.666667
/data/pdb_release/all/pdb1czj.ent 31.333333
/tmp/1htmB0 14.000000
/nfs/cathdata/dompdb/1berA1 42.666667
/nfs/cathdata/dompdb/1dhx02 20.666667
/nfs/cathdata/dompdb/1gln02 36.000000
/nfs/cathdata/dompdb/1gtrA2 44.000000
/nfs/cathdata/dompdb/1prcH2 33.333333
/nfs/cathdata/dompdb/4rcrH2 31.333333
/nfs/cathdata/dompdb/1oxa01 37.333333
/nfs/cathdata/dompdb/1cpt01 37.333333
/nfs/cathdata/dompdb/1gcb02 34.666667
/data/pdb_release/all/pdb1mut.ent 35.333333
/data/pdb_release/all/pdb1pyp.ent 39.333333
/data/pdb_release/all/pdb2prd.ent 50.666667
/tmp/1eipA0 52.666667
/nfs/cathdata/dompdb/1ordA4 34.666667
/nfs/cathdata/dompdb/2cmd02 40.666667
/nfs/cathdata/dompdb/1mldA2 40.000000
/nfs/cathdata/dompdb/6ldh02 36.000000
/nfs/cathdata/dompdb/1llc02 31.333333
/nfs/cathdata/dompdb/1lldA2 32.000000
/nfs/cathdata/dompdb/2ldx02 41.333333
/nfs/cathdata/dompdb/3ldh02 40.000000
/nfs/cathdata/dompdb/5ldh02 25.333333
/nfs/cathdata/dompdb/9ldtA2 32.000000
/nfs/cathdata/dompdb/1ldb02 39.333333
/nfs/cathdata/dompdb/1hyhA2 32.000000
/nfs/cathdata/dompdb/4mdhA2 56.000000
/nfs/cathdata/dompdb/1bdmA2 45.333333
/nfs/cathdata/dompdb/1dctA2 21.333333
/tmp/1regX0 46.666667
/nfs/cathdata/dompdb/2bltA1 60.666667
/data/pdb_release/all/pdb1xaa.ent 76.000000
/data/pdb_release/all/pdb1xac.ent 76.666667
/tmp/1alkA0 74.666667
/data/pdb_release/all/pdb1lpp.ent 66.000000
/data/pdb_release/all/pdb1thg.ent 72.000000
/tmp/1cleA0 66.666667
/data/pdb_release/all/pdb1ace.ent 71.333333
/nfs/cathdata/dompdb/3ladA2 51.333333
/nfs/cathdata/dompdb/1lpfA2 48.000000
/nfs/cathdata/dompdb/1lvl02 44.000000
/nfs/cathdata/dompdb/1ebdA2 49.333333
/nfs/cathdata/dompdb/2tmdA3 49.333333
/nfs/cathdata/dompdb/1gerA2 46.666667
/nfs/cathdata/dompdb/1gesA2 46.666667
/nfs/cathdata/dompdb/3grs02 46.666667
/nfs/cathdata/dompdb/1tde02 50.666667
/nfs/cathdata/dompdb/1vdc02 48.000000
/nfs/cathdata/dompdb/1fecB2 48.000000
/nfs/cathdata/dompdb/1nhr02 55.333333
/nfs/cathdata/dompdb/1fcdA2 62.000000
/tmp/1pyaB0 53.333333
/nfs/cathdata/dompdb/1dik03 58.000000
/nfs/cathdata/dompdb/1aorA1 65.333333
/tmp/2dnjA0 71.333333
/tmp/1fjmA0 65.333333
/tmp/1tcoA0 66.666667
/nfs/cathdata/dompdb/1gph11 69.333333
/data/pdb_release/all/pdb1plq.ent 68.666667
/data/pdb_release/all/pdb1bnh.ent 82.000000
/data/pdb_release/all/pdb1cy3.ent 6.666667
/tmp/1cthA0 26.000000
/data/pdb_release/all/pdb2cdv.ent 26.000000
/nfs/cathdata/dompdb/1trkA1 74.000000
/tmp/1rvaA0 65.333333
/nfs/cathdata/dompdb/1atnA1 61.333333
/nfs/cathdata/dompdb/2btfA1 56.666667
/nfs/cathdata/dompdb/1olbA2 59.333333
/data/pdb_release/all/pdb2ctc.ent 58.666667
/data/pdb_release/all/pdb1amp.ent 62.666667
/nfs/cathdata/dompdb/1lam02 75.333333
/nfs/cathdata/dompdb/1tplA2 66.666667
/nfs/cathdata/dompdb/1dgd02 71.333333
/nfs/cathdata/dompdb/1aam02 58.666667
/nfs/cathdata/dompdb/1akaA2 64.000000
/nfs/cathdata/dompdb/2cstA2 64.000000
/nfs/cathdata/dompdb/1ordA2 64.000000
/data/pdb_release/all/pdb1rpa.ent 56.666667
/data/pdb_release/all/pdb1esc.ent 58.666667
/nfs/cathdata/dompdb/1gpb02 63.333333
/nfs/cathdata/dompdb/1ygpA2 72.666667
/tmp/1deaA0 80.000000
/tmp/1thtA0 74.000000
/tmp/1tahA0 66.666667
/tmp/1oilA0 68.666667
/nfs/cathdata/dompdb/1hplA1 66.666667
/nfs/cathdata/dompdb/1lpbB1 69.333333
/tmp/1ethA0 70.666667
/data/pdb_release/all/pdb1gpl.ent 70.666667
/data/pdb_release/all/pdb1tca.ent 58.666667
/data/pdb_release/all/pdb1ede.ent 68.666667
/data/pdb_release/all/pdb1ysc.ent 66.000000
/nfs/cathdata/dompdb/1asyA2 56.000000
/nfs/cathdata/dompdb/1lylA2 64.666667
/nfs/cathdata/dompdb/1serA2 70.000000
/data/pdb_release/all/pdb3pte.ent 52.000000
/nfs/cathdata/dompdb/1abrA1 60.666667
/nfs/cathdata/dompdb/1ahc01 69.333333
/nfs/cathdata/dompdb/1mrj01 64.000000
/nfs/cathdata/dompdb/1apa01 56.000000
/nfs/cathdata/dompdb/1pafA1 56.666667
/tmp/4dfrA0 60.666667
/data/pdb_release/all/pdb3dfr.ent 64.000000
/data/pdb_release/all/pdb8dfr.ent 63.333333
/data/pdb_release/all/pdb1drf.ent 60.000000
/data/pdb_release/all/pdb1dyr.ent 67.333333
/nfs/cathdata/dompdb/1adeA1 67.333333
/nfs/cathdata/dompdb/3pmgA1 60.000000
/data/pdb_release/all/pdb1udg.ent 62.000000
/nfs/cathdata/dompdb/3pgk02 63.333333
/nfs/cathdata/dompdb/1php02 72.666667
/nfs/cathdata/dompdb/1gpmA1 70.666667
/nfs/cathdata/dompdb/1powA3 64.000000
/nfs/cathdata/dompdb/1pvdA3 64.000000
/nfs/cathdata/dompdb/1pvdA1 66.666667
/nfs/cathdata/dompdb/1powA1 74.666667
/nfs/cathdata/dompdb/1trkA2 73.333333
/nfs/cathdata/dompdb/1tyaE1 60.000000
/nfs/cathdata/dompdb/2tysB2 68.666667
/nfs/cathdata/dompdb/1minA1 68.666667
/nfs/cathdata/dompdb/1mioA1 68.666667
/nfs/cathdata/dompdb/3ecaA1 60.000000
/nfs/cathdata/dompdb/1agx01 60.000000
/nfs/cathdata/dompdb/3pga11 58.000000
/tmp/1wsaA0 85.333333
/tmp/1nbaA0 68.666667
/nfs/cathdata/dompdb/2reb01 67.333333
/tmp/1smnA0 54.000000
/tmp/1eriA0 54.666667
/nfs/cathdata/dompdb/1lvl01 53.333333
/nfs/cathdata/dompdb/1ebdA1 54.000000
/nfs/cathdata/dompdb/1gal01 65.333333
/nfs/cathdata/dompdb/1fcdA1 80.666667
/nfs/cathdata/dompdb/1coy01 64.000000
/nfs/cathdata/dompdb/1pbe01 73.333333
/nfs/cathdata/dompdb/1aa8A1 62.666667
/nfs/cathdata/dompdb/1dob02 60.000000
/data/pdb_release/all/pdb1cge.ent 44.000000
/data/pdb_release/all/pdb1mnc.ent 43.333333
/data/pdb_release/all/pdb1srt.ent 44.000000
/nfs/cathdata/dompdb/1fbl01 42.666667
/data/pdb_release/all/pdb1mmq.ent 45.333333
/data/pdb_release/all/pdb1slm.ent 50.666667
/tmp/1atlA0 46.666667
/data/pdb_release/all/pdb1iag.ent 54.000000
/nfs/cathdata/dompdb/1kapP2 44.666667
/nfs/cathdata/dompdb/1sat02 53.333333
/data/pdb_release/all/pdb1iab.ent 54.666667
/nfs/cathdata/dompdb/1lcf01 60.666667
/nfs/cathdata/dompdb/1ovt01 61.333333
/nfs/cathdata/dompdb/1ovt03 54.666667
/nfs/cathdata/dompdb/1nnt01 43.333333
/nfs/cathdata/dompdb/1tfd01 28.000000
/nfs/cathdata/dompdb/1lcf03 66.666667
/nfs/cathdata/dompdb/1dot01 49.333333
/nfs/cathdata/dompdb/1dot03 68.000000
/nfs/cathdata/dompdb/1quk01 52.000000
/nfs/cathdata/dompdb/1sbp01 50.666667
/nfs/cathdata/dompdb/1dmb01 46.000000
/nfs/cathdata/dompdb/1pot01 45.333333
/nfs/cathdata/dompdb/3sc2A1 54.666667
/nfs/cathdata/dompdb/1rtc01 55.333333
/tmp/1pviA0 38.666667
/nfs/cathdata/dompdb/1bllE1 51.333333
/nfs/cathdata/dompdb/1scuB3 64.666667
/nfs/cathdata/dompdb/1ora01 42.666667
/nfs/cathdata/dompdb/1ora02 44.000000
/nfs/cathdata/dompdb/2glt01 53.333333
/nfs/cathdata/dompdb/1ttqB1 54.666667
/data/pdb_release/all/pdb3pgm.ent 47.333333
/nfs/cathdata/dompdb/1gtrA1 51.333333
/nfs/cathdata/dompdb/1gln01 55.333333
/tmp/1dsbA0 45.333333
/tmp/1gp1A0 38.000000
/nfs/cathdata/dompdb/1chmA1 68.666667
/nfs/cathdata/dompdb/1scuB1 47.333333
/nfs/cathdata/dompdb/1mla02 62.000000
/nfs/cathdata/dompdb/1glaG2 66.000000
/nfs/cathdata/dompdb/1ami01 52.000000
/data/pdb_release/all/pdb1ak2.ent 56.666667
/tmp/1ak3A0 62.666667
/tmp/1akeA0 60.666667
/data/pdb_release/all/pdb1aky.ent 65.333333
/data/pdb_release/all/pdb3adk.ent 64.000000
/data/pdb_release/all/pdb1ukz.ent 63.333333
/data/pdb_release/all/pdb1ukd.ent 62.000000
/nfs/cathdata/dompdb/2tmdA2 57.333333
/nfs/cathdata/dompdb/1nhp01 66.000000
/nfs/cathdata/dompdb/1trb01 54.666667
/nfs/cathdata/dompdb/1vdc01 53.333333
/nfs/cathdata/dompdb/1typA1 54.000000
/nfs/cathdata/dompdb/1gesA1 63.333333
/nfs/cathdata/dompdb/3grs01 52.666667
/nfs/cathdata/dompdb/3ladA1 56.000000
/nfs/cathdata/dompdb/1lpfA1 50.000000
/nfs/cathdata/dompdb/1pfkA2 52.000000
/nfs/cathdata/dompdb/3pfk02 52.000000
/nfs/cathdata/dompdb/3pgk01 43.333333
/nfs/cathdata/dompdb/1php01 44.666667
/nfs/cathdata/dompdb/3pmgA3 40.666667
/tmp/2rslA0 46.666667
/tmp/1gdtA0 53.333333
/nfs/cathdata/dompdb/1ctt02 42.000000
/nfs/cathdata/dompdb/1ctt01 48.000000
/tmp/1whtB0 42.666667
/nfs/cathdata/dompdb/1trkA3 44.000000
/nfs/cathdata/dompdb/1dmb02 31.333333
/nfs/cathdata/dompdb/1pda02 42.666667
/nfs/cathdata/dompdb/1hslA2 50.666667
/nfs/cathdata/dompdb/1lst02 50.000000
/nfs/cathdata/dompdb/1pbp02 52.666667
/nfs/cathdata/dompdb/1sbp02 56.666667
/data/pdb_release/all/pdb1ovb.ent 46.000000
/nfs/cathdata/dompdb/1lcf02 38.666667
/nfs/cathdata/dompdb/1lcf04 46.000000
/nfs/cathdata/dompdb/1ovt02 49.333333
/nfs/cathdata/dompdb/1ovt04 48.000000
/nfs/cathdata/dompdb/1tfd02 40.666667
/nfs/cathdata/dompdb/1dot04 30.000000
/nfs/cathdata/dompdb/1poy12 51.333333
/nfs/cathdata/dompdb/1inp03 50.666667
/nfs/cathdata/dompdb/1imbA2 46.000000
/nfs/cathdata/dompdb/1fbcA2 46.000000
/nfs/cathdata/dompdb/1ftaA2 36.666667
/nfs/cathdata/dompdb/1spiA2 38.666667
/nfs/cathdata/dompdb/1pda01 47.333333
/nfs/cathdata/dompdb/1hslA1 32.666667
/nfs/cathdata/dompdb/1lst01 34.666667
/nfs/cathdata/dompdb/2ldx01 61.333333
/nfs/cathdata/dompdb/3ldh01 54.666667
/nfs/cathdata/dompdb/5ldh01 46.666667
/nfs/cathdata/dompdb/9ldtA1 61.333333
/data/pdb_release/all/pdb5nll.ent 58.666667
/data/pdb_release/all/pdb2fx2.ent 52.000000
/data/pdb_release/all/pdb1ofv.ent 52.000000
/data/pdb_release/all/pdb2fcr.ent 47.333333
/data/pdb_release/all/pdb1rcf.ent 52.000000
/tmp/1lfaA0 54.666667
/data/pdb_release/all/pdb1ido.ent 64.000000
/nfs/cathdata/dompdb/1pfkA1 63.333333
/nfs/cathdata/dompdb/3pfk01 60.666667
/data/pdb_release/all/pdb1cus.ent 53.333333
/data/pdb_release/all/pdb1dad.ent 71.333333
/data/pdb_release/all/pdb1tib.ent 71.333333
/data/pdb_release/all/pdb3tgl.ent 74.666667
/tmp/1lgyA0 71.333333
/data/pdb_release/all/pdb1vid.ent 71.333333
/data/pdb_release/all/pdb1pdo.ent 48.000000
/nfs/cathdata/dompdb/1gpmA2 59.333333
/nfs/cathdata/dompdb/1dnpA1 54.666667
/nfs/cathdata/dompdb/1bgw02 45.333333
/nfs/cathdata/dompdb/1guhA1 46.000000
/nfs/cathdata/dompdb/1glqA1 45.333333
/nfs/cathdata/dompdb/2gsq01 40.000000
/nfs/cathdata/dompdb/2gsrA1 46.666667
/nfs/cathdata/dompdb/1gssA1 46.000000
/nfs/cathdata/dompdb/2gstA1 40.666667
/nfs/cathdata/dompdb/1gta01 36.666667
/nfs/cathdata/dompdb/1hna01 39.333333
/nfs/cathdata/dompdb/3pmgA2 30.666667
/data/pdb_release/all/pdb1lba.ent 42.666667
/tmp/1meeA0 63.333333
/nfs/cathdata/dompdb/1ordA1 49.333333
/data/pdb_release/all/pdb1ntr.ent 39.333333
/nfs/cathdata/dompdb/1gdhA2 59.333333
/nfs/cathdata/dompdb/2nacA2 60.666667
/nfs/cathdata/dompdb/2dldA2 61.333333
/nfs/cathdata/dompdb/2dldA1 41.333333
/nfs/cathdata/dompdb/1scuB2 41.333333
/nfs/cathdata/dompdb/1scuA1 56.666667
/nfs/cathdata/dompdb/1scuA2 56.000000
/data/pdb_release/all/pdb1phr.ent 49.333333
/nfs/cathdata/dompdb/1bmtA2 59.333333
/tmp/1iceA0 50.000000
/data/pdb_release/all/pdb1etu.ent 63.333333
/nfs/cathdata/dompdb/1eft01 60.666667
/data/pdb_release/all/pdb5p21.ent 60.666667
/tmp/1guaA0 63.333333
/tmp/1hurA0 69.333333
/tmp/1nipA0 79.333333
/nfs/cathdata/dompdb/1gky02 52.000000
/nfs/cathdata/dompdb/1dar01 75.333333
/nfs/cathdata/dompdb/1raaA1 52.000000
/nfs/cathdata/dompdb/1raaA2 54.666667
/nfs/cathdata/dompdb/2atcA2 42.666667
/nfs/cathdata/dompdb/4mdhA1 57.333333
/nfs/cathdata/dompdb/1bdmA1 57.333333
/nfs/cathdata/dompdb/2cmd01 61.333333
/nfs/cathdata/dompdb/1mldA1 64.000000
/nfs/cathdata/dompdb/1hyhA1 59.333333
/nfs/cathdata/dompdb/6ldh01 61.333333
/nfs/cathdata/dompdb/1ldb01 58.000000
/nfs/cathdata/dompdb/1llc01 44.666667
/nfs/cathdata/dompdb/1lldA1 57.333333
/nfs/cathdata/dompdb/1bdhA3 38.666667
/nfs/cathdata/dompdb/1tlfA2 46.666667
/nfs/cathdata/dompdb/1dbp01 50.666667
/data/pdb_release/all/pdb3chy.ent 55.333333
/nfs/cathdata/dompdb/1abe01 53.333333
/nfs/cathdata/dompdb/1gdhA1 56.000000
/nfs/cathdata/dompdb/1gca01 61.333333
/nfs/cathdata/dompdb/1gdd01 61.333333
/nfs/cathdata/dompdb/1tadA1 59.333333
/nfs/cathdata/dompdb/1gotA1 60.666667
/nfs/cathdata/dompdb/1gd1O1 64.000000
/nfs/cathdata/dompdb/4gpd11 44.000000
/nfs/cathdata/dompdb/1cerO1 69.333333
/nfs/cathdata/dompdb/1gadO1 66.000000
/nfs/cathdata/dompdb/1gypA1 68.000000
/nfs/cathdata/dompdb/1hdgO1 67.333333
/nfs/cathdata/dompdb/2lbp02 58.666667
/nfs/cathdata/dompdb/2liv02 58.666667
/nfs/cathdata/dompdb/2lbp01 58.666667
/nfs/cathdata/dompdb/2liv01 60.000000
/nfs/cathdata/dompdb/1pea02 52.666667
/nfs/cathdata/dompdb/1pea01 60.000000
/nfs/cathdata/dompdb/1ecl01 52.666667
/nfs/cathdata/dompdb/1admA1 68.000000
/nfs/cathdata/dompdb/1dctA1 60.666667
/nfs/cathdata/dompdb/1hmy01 58.000000
/tmp/1garA0 63.333333
/data/pdb_release/all/pdb1chd.ent 100.000000
/data/pdb_release/all/pdb1thm.ent 67.333333
/tmp/1cseE0 63.333333
/data/pdb_release/all/pdb1st3.ent 63.333333
/data/pdb_release/all/pdb2pkc.ent 60.666667
/data/pdb_release/all/pdb1s01.ent 64.666667
/nfs/cathdata/dompdb/1poxA2 48.000000
/nfs/cathdata/dompdb/1pvdA2 50.666667
/nfs/cathdata/dompdb/2pia02 49.333333
/nfs/cathdata/dompdb/1fnb02 53.333333
/nfs/cathdata/dompdb/1que02 51.333333
/nfs/cathdata/dompdb/1cnd02 54.666667
/nfs/cathdata/dompdb/1ndh02 65.333333
/nfs/cathdata/dompdb/1gph12 49.333333
/nfs/cathdata/dompdb/1ecgA2 50.666667
/data/pdb_release/all/pdb1sto.ent 68.000000
/nfs/cathdata/dompdb/2bgt02 52.666667
/nfs/cathdata/dompdb/2bgt01 52.000000
/nfs/cathdata/dompdb/2nacA1 58.666667
/data/pdb_release/all/pdb1dhr.ent 64.000000
/tmp/1hdcA0 70.666667
/data/pdb_release/all/pdb1eny.ent 70.666667
/nfs/cathdata/dompdb/1psdA1 50.666667
/nfs/cathdata/dompdb/1psdA2 56.666667
/nfs/cathdata/dompdb/1qorA2 60.666667
/nfs/cathdata/dompdb/3btoA2 63.333333
/nfs/cathdata/dompdb/1dehA2 64.666667
/nfs/cathdata/dompdb/1cdoA2 64.000000
/nfs/cathdata/dompdb/1tehA2 62.666667
/nfs/cathdata/dompdb/1agnA2 63.333333
/nfs/cathdata/dompdb/1dih01 50.666667
/nfs/cathdata/dompdb/2pgd01 66.666667
/nfs/cathdata/dompdb/1dpgA1 58.666667
/nfs/cathdata/dompdb/1dbqA1 53.333333
/nfs/cathdata/dompdb/1tlfA1 54.666667
/nfs/cathdata/dompdb/2dri02 58.000000
/nfs/cathdata/dompdb/1gca02 44.666667
/nfs/cathdata/dompdb/2gbp02 46.000000
/nfs/cathdata/dompdb/8abp02 56.666667
/data/pdb_release/all/pdb1ghu.ent 26.666667
/nfs/cathdata/dompdb/1ad5A2 26.000000
/tmp/1ayaA0 26.000000
/tmp/2pldA0 36.000000
/data/pdb_release/all/pdb1svq.ent 41.333333
/data/pdb_release/all/pdb1vil.ent 51.333333
/data/pdb_release/all/pdb1aba.ent 38.666667
/data/pdb_release/all/pdb1ego.ent 39.333333
/tmp/2trxA0 50.000000
/data/pdb_release/all/pdb1thx.ent 48.666667
/data/pdb_release/all/pdb3trx.ent 41.333333
/data/pdb_release/all/pdb1tof.ent 43.333333
/nfs/cathdata/dompdb/1pxtA1 54.666667
/nfs/cathdata/dompdb/1pxtA2 40.000000
/nfs/cathdata/dompdb/2yhx02 56.000000
/nfs/cathdata/dompdb/1dik01 40.000000
/nfs/cathdata/dompdb/2minA3 46.000000
/nfs/cathdata/dompdb/1mioA3 46.666667
/nfs/cathdata/dompdb/2minB2 40.000000
/nfs/cathdata/dompdb/2minB3 52.000000
/nfs/cathdata/dompdb/1mioB2 41.333333
/nfs/cathdata/dompdb/1mioB4 52.000000
/nfs/cathdata/dompdb/2minA2 38.000000
/nfs/cathdata/dompdb/1mioA2 45.333333
/nfs/cathdata/dompdb/2minB1 39.333333
/nfs/cathdata/dompdb/1mioB1 43.333333
/nfs/cathdata/dompdb/1iow01 26.666667
/nfs/cathdata/dompdb/1bncA1 41.333333
/nfs/cathdata/dompdb/3ecaA2 44.000000
/nfs/cathdata/dompdb/1agx02 42.666667
/nfs/cathdata/dompdb/3pga12 40.666667
/nfs/cathdata/dompdb/1pkyA1 48.666667
/nfs/cathdata/dompdb/1pkm01 54.000000
/nfs/cathdata/dompdb/1hsbA1 54.666667
/nfs/cathdata/dompdb/2clrA1 51.333333
/nfs/cathdata/dompdb/1mhcA1 54.666667
/tmp/1tmcA0 52.000000
/nfs/cathdata/dompdb/1fruA1 55.333333
/nfs/cathdata/dompdb/1tssA1 37.333333
/nfs/cathdata/dompdb/1se202 38.000000
/nfs/cathdata/dompdb/1sebD2 28.000000
/nfs/cathdata/dompdb/1esfA2 54.000000
/data/pdb_release/all/pdb1vhh.ent 38.000000
/nfs/cathdata/dompdb/3pmgA4 50.666667
/nfs/cathdata/dompdb/1imbA1 51.333333
/nfs/cathdata/dompdb/5fbpA1 46.000000
/nfs/cathdata/dompdb/1ftaA1 46.000000
/nfs/cathdata/dompdb/1spiA1 42.666667
/nfs/cathdata/dompdb/1inp02 42.666667
/nfs/cathdata/dompdb/1gd1O2 47.333333
/nfs/cathdata/dompdb/4gpd12 39.333333
/nfs/cathdata/dompdb/1cerO2 52.000000
/nfs/cathdata/dompdb/1gadO2 44.666667
/nfs/cathdata/dompdb/1gypA2 47.333333
/nfs/cathdata/dompdb/1hdgO2 46.000000
/data/pdb_release/all/pdb1cia.ent 66.000000
/nfs/cathdata/dompdb/1gal03 67.333333
/nfs/cathdata/dompdb/1dpgA2 68.000000
/data/pdb_release/all/pdb1dpb.ent 62.000000
/data/pdb_release/all/pdb1adn.ent 25.333333
/data/pdb_release/all/pdb2pna.ent 27.333333
/data/pdb_release/all/pdb1ab2.ent 27.333333
/tmp/1shaA0 32.666667
/tmp/1lcjA0 34.666667
/tmp/1csyA0 27.333333
/data/pdb_release/all/pdb1blj.ent 34.666667
/data/pdb_release/all/pdb1fim.ent 30.666667
/tmp/1mifA0 31.333333
/tmp/1kptA0 31.333333
/nfs/cathdata/dompdb/1dja01 38.666667
/nfs/cathdata/dompdb/1mblA1 36.000000
/nfs/cathdata/dompdb/1btl01 34.666667
/data/pdb_release/all/pdb2phy.ent 40.666667
/data/pdb_release/all/pdb1fil.ent 49.333333
/data/pdb_release/all/pdb1pne.ent 50.666667
/data/pdb_release/all/pdb1acf.ent 49.333333
/data/pdb_release/all/pdb2acg.ent 49.333333
/data/pdb_release/all/pdb1cqa.ent 46.000000
/nfs/cathdata/dompdb/1pnkB1 40.666667
/nfs/cathdata/dompdb/1oacA1 40.666667
/tmp/1otgA0 36.000000
/nfs/cathdata/dompdb/1ami02 41.333333
/nfs/cathdata/dompdb/1bpb02 38.666667
/nfs/cathdata/dompdb/9icwA3 40.000000
/nfs/cathdata/dompdb/1daaA1 37.333333
/nfs/cathdata/dompdb/1iov02 47.333333
/nfs/cathdata/dompdb/1glt02 40.000000
/tmp/1gtqA0 37.333333
/nfs/cathdata/dompdb/1bia02 53.333333
/nfs/cathdata/dompdb/1antI2 40.666667
/nfs/cathdata/dompdb/1hleA2 51.333333
/nfs/cathdata/dompdb/1ovaA2 50.000000
/nfs/cathdata/dompdb/2achA1 48.666667
/nfs/cathdata/dompdb/7apiA2 52.000000
/nfs/cathdata/dompdb/1pnkB2 43.333333
/nfs/cathdata/dompdb/1ami03 50.666667
/nfs/cathdata/dompdb/1hocA1 53.333333
/nfs/cathdata/dompdb/1hsaA1 54.666667
/nfs/cathdata/dompdb/1vaaA1 55.333333
/nfs/cathdata/dompdb/1dik06 33.333333
/nfs/cathdata/dompdb/1mdl01 33.333333
/nfs/cathdata/dompdb/4enl01 32.666667
/nfs/cathdata/dompdb/1pdz01 32.666667
/nfs/cathdata/dompdb/1nhp03 38.666667
/nfs/cathdata/dompdb/3ladA3 44.666667
/nfs/cathdata/dompdb/1lpfA3 46.666667
/nfs/cathdata/dompdb/1lvl03 44.000000
/nfs/cathdata/dompdb/1ebdA3 44.000000
/nfs/cathdata/dompdb/1tytA3 46.666667
/nfs/cathdata/dompdb/1gesA3 41.333333
/nfs/cathdata/dompdb/3grs03 36.000000
/nfs/cathdata/dompdb/1irk01 32.666667
/nfs/cathdata/dompdb/1apmE2 33.333333
/nfs/cathdata/dompdb/1ckiA1 40.000000
/nfs/cathdata/dompdb/1csn01 40.000000
/nfs/cathdata/dompdb/1coy02 46.666667
/nfs/cathdata/dompdb/1rthA4 42.666667
/tmp/1hrhA0 46.666667
/data/pdb_release/all/pdb2rn2.ent 55.333333
/data/pdb_release/all/pdb1ril.ent 57.333333
/tmp/1hjrA0 54.666667
/data/pdb_release/all/pdb1itg.ent 43.333333
/data/pdb_release/all/pdb1asu.ent 50.666667
/nfs/cathdata/dompdb/1bcmA1 52.000000
/nfs/cathdata/dompdb/1atr03 38.666667
/nfs/cathdata/dompdb/1atnA2 32.666667
/nfs/cathdata/dompdb/2btfA2 32.000000
/nfs/cathdata/dompdb/2yhx03 50.666667
/nfs/cathdata/dompdb/1atr01 52.000000
/nfs/cathdata/dompdb/1mngA2 35.333333
/nfs/cathdata/dompdb/3sdpA2 8.666667
/tmp/1kpaA0 42.000000
/nfs/cathdata/dompdb/1bpb03 22.000000
/nfs/cathdata/dompdb/1pkp02 29.333333
/nfs/cathdata/dompdb/1dar04 37.333333
/tmp/1copD0 30.000000
/data/pdb_release/all/pdb1orc.ent 28.666667
/nfs/cathdata/dompdb/2reb02 32.666667
/nfs/cathdata/dompdb/1derA2 31.333333
/tmp/1iceB0 22.000000
/tmp/2kauA0 28.000000
/nfs/cathdata/dompdb/1gpmA3 32.000000
/nfs/cathdata/dompdb/1mxa03 33.333333
/nfs/cathdata/dompdb/1mxa01 33.333333
/nfs/cathdata/dompdb/1mxa02 32.666667
/nfs/cathdata/dompdb/1xrb02 26.666667
/nfs/cathdata/dompdb/1ytbA2 36.666667
/nfs/cathdata/dompdb/1tghA2 44.000000
/nfs/cathdata/dompdb/1vokA2 36.000000
/nfs/cathdata/dompdb/1tbpA1 36.666667
/nfs/cathdata/dompdb/1tghA1 34.000000
/nfs/cathdata/dompdb/1vokA1 39.333333
/nfs/cathdata/dompdb/1pczA1 40.666667
/nfs/cathdata/dompdb/1pczA2 34.666667
/nfs/cathdata/dompdb/1bmc02 40.000000
/nfs/cathdata/dompdb/1sebA1 26.666667
/nfs/cathdata/dompdb/1sebB1 37.333333
/tmp/2sicI0 29.333333
/nfs/cathdata/dompdb/1dih02 33.333333
/tmp/1brsD0 32.666667
/data/pdb_release/all/pdb1msc.ent 38.000000
/tmp/1unaA0 39.333333
/nfs/cathdata/dompdb/1chkA2 25.333333
/nfs/cathdata/dompdb/1svb03 18.666667
/nfs/cathdata/dompdb/1oacA4 30.000000
/tmp/1latA0 20.666667
/tmp/2nllA0 8.666667
/tmp/2nllB0 15.333333
/data/pdb_release/all/pdb1tns.ent 15.333333
/data/pdb_release/all/pdb1ife.ent 20.000000
/data/pdb_release/all/pdb1tig.ent 34.666667
/nfs/cathdata/dompdb/1hpm04 22.666667
/nfs/cathdata/dompdb/1bncA2 24.000000
/nfs/cathdata/dompdb/1iow03 34.000000
/nfs/cathdata/dompdb/1glt03 32.666667
/tmp/1humA0 25.333333
/tmp/1hrjA0 18.666667
/tmp/1domA0 18.666667
/tmp/1plfA0 24.000000
/tmp/1mgsA0 24.000000
/data/pdb_release/all/pdb3il8.ent 24.000000
/tmp/1rhpA0 25.333333
/tmp/1napA0 24.000000
/tmp/1rodA0 22.666667
/data/pdb_release/all/pdb1stu.ent 27.333333
/nfs/cathdata/dompdb/1pkp01 25.333333
/nfs/cathdata/dompdb/1pda03 28.666667
/data/pdb_release/all/pdb1ncs.ent 18.666667
/tmp/1cksA0 8.666667
/tmp/1sceA0 8.666667
/tmp/1dktA0 24.000000
/tmp/1rblM0 28.000000
/tmp/3rubS0 26.666667
/tmp/8rubS0 26.666667
/tmp/8rucI0 26.666667
/tmp/1burS0 26.666667
/nfs/cathdata/dompdb/1amg02 26.000000
/nfs/cathdata/dompdb/1amy02 26.000000
/data/pdb_release/all/pdb1zer.ent 36.666667
/data/pdb_release/all/pdb1aps.ent 33.333333
/tmp/2bopA0 32.666667
/data/pdb_release/all/pdb2pii.ent 30.000000
/tmp/2chsA0 36.000000
/nfs/cathdata/dompdb/8atcB1 33.333333
/nfs/cathdata/dompdb/2atcB1 6.666667
/tmp/1nhkL0 45.333333
/data/pdb_release/all/pdb1ndk.ent 45.333333
/tmp/1nsqA0 45.333333
/tmp/1nskL0 44.000000
/nfs/cathdata/dompdb/1rbaA1 42.666667
/nfs/cathdata/dompdb/3rubL1 37.333333
/nfs/cathdata/dompdb/8rucA1 38.000000
/nfs/cathdata/dompdb/1rblA1 37.333333
/nfs/cathdata/dompdb/1ars01 34.000000
/nfs/cathdata/dompdb/7aatA1 36.666667
/nfs/cathdata/dompdb/2cstA1 36.666667
/nfs/cathdata/dompdb/1ordA3 36.000000
/nfs/cathdata/dompdb/2dkb01 48.000000
/nfs/cathdata/dompdb/1tplA1 30.000000
/tmp/1dcoA0 30.000000
/data/pdb_release/all/pdb1vig.ent 26.666667
/tmp/1xxaA0 29.333333
/nfs/cathdata/dompdb/1bgw04 50.666667
/nfs/cathdata/dompdb/1dar05 38.666667
/nfs/cathdata/dompdb/1mla01 31.333333
/nfs/cathdata/dompdb/1psdA3 31.333333
/nfs/cathdata/dompdb/1dloA2 25.333333
/nfs/cathdata/dompdb/1mml02 37.333333
/tmp/1gluA0 8.666667
/data/pdb_release/all/pdb1hra.ent 8.666667
/tmp/1hcqA0 20.666667
/nfs/cathdata/dompdb/1bgw01 26.666667
/data/pdb_release/all/pdb1nef.ent 22.000000
/tmp/1efnB0 22.000000
/nfs/cathdata/dompdb/1gky01 29.333333
/nfs/cathdata/dompdb/1yua01 24.000000
/data/pdb_release/all/pdb1vcc.ent 36.666667
/nfs/cathdata/dompdb/1svb02 32.666667
/nfs/cathdata/dompdb/1yua02 17.333333
/tmp/1otfA0 20.000000
/data/pdb_release/all/pdb1cbn.ent 8.666667
/data/pdb_release/all/pdb1bhp.ent 22.000000
/data/pdb_release/all/pdb2plh.ent 22.000000
/data/pdb_release/all/pdb1fdx.ent 6.666667
/data/pdb_release/all/pdb1clf.ent 13.333333
/data/pdb_release/all/pdb1fca.ent 18.666667
/data/pdb_release/all/pdb1fdn.ent 29.333333
/data/pdb_release/all/pdb1blu.ent 34.666667
/data/pdb_release/all/pdb1fxd.ent 30.000000
/data/pdb_release/all/pdb2fxb.ent 31.333333
/tmp/1fxrA0 31.333333
/data/pdb_release/all/pdb1rof.ent 6.666667
/data/pdb_release/all/pdb5fd1.ent 38.666667
/data/pdb_release/all/pdb1fwp.ent 30.666667
/data/pdb_release/all/pdb1sxl.ent 25.333333
/data/pdb_release/all/pdb1fht.ent 38.000000
/data/pdb_release/all/pdb1pba.ent 24.000000
/data/pdb_release/all/pdb1ris.ent 30.666667
/data/pdb_release/all/pdb1ctf.ent 32.666667
/tmp/1spbP0 30.666667
/data/pdb_release/all/pdb1ptf.ent 36.666667
/data/pdb_release/all/pdb1poh.ent 37.333333
/data/pdb_release/all/pdb2hpr.ent 36.666667
/data/pdb_release/all/pdb1pch.ent 36.666667
/data/pdb_release/all/pdb1sxm.ent 17.333333
/data/pdb_release/all/pdb2sn3.ent 17.333333
/data/pdb_release/all/pdb1vna.ent 22.666667
/data/pdb_release/all/pdb1nra.ent 22.666667
/data/pdb_release/all/pdb1ptx.ent 24.000000
/data/pdb_release/all/pdb1lqh.ent 22.666667
/data/pdb_release/all/pdb1snb.ent 24.000000
/data/pdb_release/all/pdb1gps.ent 24.000000
/data/pdb_release/all/pdb1gpt.ent 24.000000
/data/pdb_release/all/pdb1chc.ent 18.666667
/data/pdb_release/all/pdb1caa.ent 18.666667
/data/pdb_release/all/pdb1iro.ent 12.000000
/data/pdb_release/all/pdb1rdg.ent 13.333333
/data/pdb_release/all/pdb4rxn.ent 12.000000
/data/pdb_release/all/pdb6rxn.ent 13.333333
/tmp/8rxnA0 13.333333
/tmp/1gatA0 18.666667
/data/pdb_release/all/pdb1bus.ent 6.666667
/data/pdb_release/all/pdb2ovo.ent 18.666667
/data/pdb_release/all/pdb3ovo.ent 20.000000
/nfs/cathdata/dompdb/1tbrR1 18.666667
/nfs/cathdata/dompdb/1tbrR2 25.333333
/data/pdb_release/all/pdb1ptq.ent 18.666667
/nfs/cathdata/dompdb/9wgaA1 6.666667
/nfs/cathdata/dompdb/9wgaA2 6.666667
/nfs/cathdata/dompdb/9wgaA3 6.666667
/nfs/cathdata/dompdb/9wgaA4 6.666667
/nfs/cathdata/dompdb/2cwgA2 6.666667
/nfs/cathdata/dompdb/1wgtA3 6.666667
/tmp/1tgsI0 18.666667
/tmp/1cgiI0 18.666667
/data/pdb_release/all/pdb1pce.ent 18.666667
/data/pdb_release/all/pdb1hev.ent 6.666667
/data/pdb_release/all/pdb2alr.ent 76.666667
/data/pdb_release/all/pdb1frb.ent 76.666667
/nfs/cathdata/dompdb/1rlcL2 77.333333
/nfs/cathdata/dompdb/1rblA2 76.666667
/nfs/cathdata/dompdb/1rbaA2 73.333333
/nfs/cathdata/dompdb/1oneA2 74.000000
/nfs/cathdata/dompdb/1pdz02 70.666667
/tmp/1chrA0 78.666667
/tmp/1mucA0 68.666667
/data/pdb_release/all/pdb2mnr.ent 76.000000
/nfs/cathdata/dompdb/1mdr02 66.666667
/data/pdb_release/all/pdb1gox.ent 78.000000
/tmp/1fcbB0 79.333333
/nfs/cathdata/dompdb/2tmdA1 81.333333
/data/pdb_release/all/pdb1oya.ent 80.666667
/data/pdb_release/all/pdb1add.ent 70.666667
/data/pdb_release/all/pdb1pta.ent 76.000000
/data/pdb_release/all/pdb1xis.ent 73.333333
/tmp/1ximA0 72.000000
/tmp/1xlaA0 70.666667
/tmp/1dxiA0 72.666667
/data/pdb_release/all/pdb1dtp.ent 66.000000
/tmp/1dmaA0 70.000000
/nfs/cathdata/dompdb/1dik04 69.333333
/nfs/cathdata/dompdb/1kauC2 75.333333
/nfs/cathdata/dompdb/1aa8A2 50.000000
/tmp/1hymA0 6.666667
/tmp/1cseI0 20.000000
/tmp/1ypcI0 20.000000
/data/pdb_release/all/pdb1cis.ent 18.666667
/data/pdb_release/all/pdb1mit.ent 26.666667
/nfs/cathdata/dompdb/2baa02 6.666667
/data/pdb_release/all/pdb1ica.ent 6.666667
/data/pdb_release/all/pdb1cnv.ent 75.333333
/tmp/1xyzA0 66.000000
/data/pdb_release/all/pdb1exp.ent 69.333333
/tmp/1clxA0 76.000000
/data/pdb_release/all/pdb2ebn.ent 66.000000
/data/pdb_release/all/pdb1edt.ent 66.000000
/nfs/cathdata/dompdb/1ctn02 75.333333
/data/pdb_release/all/pdb1cec.ent 74.000000
/tmp/1ghsA0 78.666667
/data/pdb_release/all/pdb1ghr.ent 76.666667
/data/pdb_release/all/pdb1cbg.ent 70.000000
/nfs/cathdata/dompdb/1amg01 70.000000
/nfs/cathdata/dompdb/1amy01 79.333333
/nfs/cathdata/dompdb/2aaa01 70.666667
/nfs/cathdata/dompdb/2taaA1 80.666667
/nfs/cathdata/dompdb/1ppi01 78.000000
/data/pdb_release/all/pdb1hny.ent 78.000000
/nfs/cathdata/dompdb/1cgt01 80.666667
/nfs/cathdata/dompdb/1cdg01 79.333333
/nfs/cathdata/dompdb/1cyg01 85.333333
/nfs/cathdata/dompdb/1ciu01 80.000000
/nfs/cathdata/dompdb/1pamA1 82.666667
/data/pdb_release/all/pdb1btc.ent 73.333333
/nfs/cathdata/dompdb/1bglA3 72.000000
/tmp/1pbgA0 73.333333
/tmp/1tpfA0 74.000000
/tmp/1ypiA0 66.666667
/tmp/1timA0 73.333333
/tmp/1treA0 78.666667
/tmp/1htiA0 73.333333
/tmp/1btmA0 73.333333
/data/pdb_release/all/pdb1ads.ent 76.666667
/data/pdb_release/all/pdb1ral.ent 75.333333
/nfs/cathdata/dompdb/1csbB2 46.666667
/nfs/cathdata/dompdb/1bmc01 51.333333
/nfs/cathdata/dompdb/1ezm01 46.000000
/nfs/cathdata/dompdb/1esp01 50.666667
/nfs/cathdata/dompdb/2tmnE1 46.000000
/nfs/cathdata/dompdb/1dhy01 50.666667
/nfs/cathdata/dompdb/1han01 50.666667
/nfs/cathdata/dompdb/1dhy02 56.000000
/nfs/cathdata/dompdb/1han02 62.666667
/data/pdb_release/all/pdb1std.ent 61.333333
/data/pdb_release/all/pdb2cba.ent 65.333333
/data/pdb_release/all/pdb1crm.ent 68.666667
/tmp/1dmxA0 63.333333
/nfs/cathdata/dompdb/1bncA3 66.000000
/nfs/cathdata/dompdb/1daaA2 58.666667
/data/pdb_release/all/pdb1gym.ent 74.000000
/nfs/cathdata/dompdb/1ami04 56.000000
/tmp/1fvpA0 64.666667
/data/pdb_release/all/pdb1nfp.ent 66.000000
/tmp/1brlB0 80.000000
/tmp/1lucA0 69.333333
/data/pdb_release/all/pdb1tml.ent 63.333333
/nfs/cathdata/dompdb/1pii02 62.666667
/nfs/cathdata/dompdb/1pii01 82.000000
/data/pdb_release/all/pdb1igs.ent 79.333333
/tmp/1wsyA0 78.000000
/nfs/cathdata/dompdb/1pkm02 72.666667
/nfs/cathdata/dompdb/1pkyA2 73.333333
/tmp/1nal10 79.333333
/tmp/1fbaA0 75.333333
/data/pdb_release/all/pdb1ald.ent 76.666667
/data/pdb_release/all/pdb1nar.ent 72.666667
/data/pdb_release/all/pdb2hvm.ent 75.333333
/data/pdb_release/all/pdb1fkb.ent 36.666667
/data/pdb_release/all/pdb1yat.ent 36.666667
/data/pdb_release/all/pdb1pbk.ent 39.333333
/data/pdb_release/all/pdb1rot.ent 43.333333
/nfs/cathdata/dompdb/1hmy02 26.000000
/tmp/2msbA0 34.666667
/data/pdb_release/all/pdb1hup.ent 37.333333
/tmp/1rtm10 37.333333
/tmp/1rdl10 34.666667
/data/pdb_release/all/pdb1aak.ent 42.000000
/data/pdb_release/all/pdb2uce.ent 40.666667
/data/pdb_release/all/pdb1ucz.ent 40.666667
/tmp/1u9aA0 39.333333
/nfs/cathdata/dompdb/1fcbA1 28.666667
/data/pdb_release/all/pdb1b5m.ent 34.666667
/data/pdb_release/all/pdb1iet.ent 16.000000
/data/pdb_release/all/pdb1cyo.ent 33.333333
/tmp/1mkaA0 40.666667
/data/pdb_release/all/pdb1onc.ent 42.000000
/data/pdb_release/all/pdb7rsa.ent 46.666667
/tmp/1bsrA0 48.000000
/data/pdb_release/all/pdb1ang.ent 48.000000
/data/pdb_release/all/pdb1agi.ent 49.333333
/nfs/cathdata/dompdb/1hpm02 40.000000
/nfs/cathdata/dompdb/2polA3 55.333333
/nfs/cathdata/dompdb/2polA2 40.000000
/nfs/cathdata/dompdb/2polA1 55.333333
/nfs/cathdata/dompdb/9pap01 34.666667
/nfs/cathdata/dompdb/1aec01 36.000000
/nfs/cathdata/dompdb/1gecE1 33.333333
/nfs/cathdata/dompdb/1ppo01 34.666667
/nfs/cathdata/dompdb/1yal01 34.666667
/nfs/cathdata/dompdb/1theA1 32.666667
/data/pdb_release/all/pdb1pgb.ent 26.000000
/data/pdb_release/all/pdb2igg.ent 26.000000
/data/pdb_release/all/pdb3fxc.ent 24.000000
/tmp/1frrA0 36.666667
/tmp/1fxiA0 31.333333
/tmp/1fxaA0 38.000000
/data/pdb_release/all/pdb1frd.ent 36.666667
/data/pdb_release/all/pdb1dox.ent 18.666667
/data/pdb_release/all/pdb1cjn.ent 34.666667
/data/pdb_release/all/pdb1doi.ent 49.333333
/data/pdb_release/all/pdb1put.ent 36.000000
/nfs/cathdata/dompdb/2pia03 32.666667
/data/pdb_release/all/pdb1ubi.ent 26.000000
/nfs/cathdata/dompdb/1lgr02 32.666667
/data/pdb_release/all/pdb1tif.ent 30.000000
/data/pdb_release/all/pdb1rfa.ent 24.666667
/tmp/1molA0 34.666667
/tmp/1stfI0 30.000000
/data/pdb_release/all/pdb1cyu.ent 36.000000
/tmp/1cewI0 28.666667
/tmp/1udiI0 41.333333
/data/pdb_release/all/pdb1fus.ent 36.666667
/data/pdb_release/all/pdb9rnt.ent 36.666667
/data/pdb_release/all/pdb1rds.ent 36.666667
/tmp/1gmpA0 34.666667
/tmp/1brnL0 36.666667
/tmp/2rbiA0 38.666667
/nfs/cathdata/dompdb/1oacA2 34.666667
/nfs/cathdata/dompdb/1prtB1 26.000000
/nfs/cathdata/dompdb/1prtC1 24.666667
/nfs/cathdata/dompdb/1ctn03 34.000000
/nfs/cathdata/dompdb/1gtrA3 27.333333
/nfs/cathdata/dompdb/1grj02 29.333333
/data/pdb_release/all/pdb1tsp.ent 68.666667
/nfs/cathdata/dompdb/1dhx01 24.000000
/nfs/cathdata/dompdb/2psg01 44.666667
/nfs/cathdata/dompdb/1mpp01 50.000000
/nfs/cathdata/dompdb/1bbs01 59.333333
/nfs/cathdata/dompdb/4cms01 60.000000
/nfs/cathdata/dompdb/1smrA1 55.333333
/nfs/cathdata/dompdb/1epmE1 56.000000
/nfs/cathdata/dompdb/1pplE1 62.000000
/nfs/cathdata/dompdb/2apr01 56.000000
/nfs/cathdata/dompdb/1psoE1 58.666667
/nfs/cathdata/dompdb/1htrB1 52.000000
/nfs/cathdata/dompdb/1jxrA1 57.333333
/nfs/cathdata/dompdb/2asi01 51.333333
/nfs/cathdata/dompdb/1smeA1 54.000000
/nfs/cathdata/dompdb/1epmE2 62.000000
/nfs/cathdata/dompdb/1pplE2 65.333333
/nfs/cathdata/dompdb/1mpp02 60.000000
/nfs/cathdata/dompdb/2asi02 59.333333
/nfs/cathdata/dompdb/2apr02 60.666667
/nfs/cathdata/dompdb/1psaA2 62.000000
/nfs/cathdata/dompdb/1lyaB2 62.666667
/nfs/cathdata/dompdb/1rne02 58.666667
/nfs/cathdata/dompdb/1cms02 62.666667
/nfs/cathdata/dompdb/1smrA2 70.000000
/nfs/cathdata/dompdb/1psoE2 65.333333
/nfs/cathdata/dompdb/1htrB2 60.000000
/nfs/cathdata/dompdb/1jxrA2 60.666667
/data/pdb_release/all/pdb2cas.ent 68.666667
/nfs/cathdata/dompdb/1rthA1 33.333333
/data/pdb_release/all/pdb1har.ent 50.666667
/nfs/cathdata/dompdb/1mml01 32.666667
/data/pdb_release/all/pdb1pgx.ent 27.333333
/data/pdb_release/all/pdb4fgf.ent 44.666667
/tmp/1afgA0 44.666667
/data/pdb_release/all/pdb1i1b.ent 50.666667
/data/pdb_release/all/pdb8i1b.ent 52.000000
/tmp/1ilr10 53.333333
/data/pdb_release/all/pdb1hcd.ent 53.333333
/data/pdb_release/all/pdb1tie.ent 50.666667
/data/pdb_release/all/pdb1wbc.ent 54.000000
/nfs/cathdata/dompdb/2aaiB2 44.666667
/nfs/cathdata/dompdb/1abrB2 46.000000
/nfs/cathdata/dompdb/2aaiB1 42.000000
/nfs/cathdata/dompdb/1abrB1 40.666667
/tmp/1msaA0 44.666667
/nfs/cathdata/dompdb/1dlc03 57.333333
/tmp/1vmoA0 39.333333
/data/pdb_release/all/pdb1hxn.ent 60.000000
/nfs/cathdata/dompdb/1fbl02 63.333333
/data/pdb_release/all/pdb1rtg.ent 68.000000
/data/pdb_release/all/pdb1pex.ent 66.666667
/data/pdb_release/all/pdb2nn9.ent 60.666667
/data/pdb_release/all/pdb2bat.ent 64.666667
/tmp/1nscA0 61.333333
/data/pdb_release/all/pdb1inv.ent 60.000000
/data/pdb_release/all/pdb1sim.ent 66.666667
/tmp/2bbkH0 68.000000
/tmp/1mdaH0 64.000000
/tmp/2madH0 0.000000
/nfs/cathdata/dompdb/1gof02 66.000000
/tmp/3aahA0 66.000000
/nfs/cathdata/dompdb/1kapP1 66.666667
/nfs/cathdata/dompdb/1sat01 67.333333
/nfs/cathdata/dompdb/1lxa01 30.000000
/data/pdb_release/all/pdb2pec.ent 66.000000
/nfs/cathdata/dompdb/2taaA2 32.666667
/nfs/cathdata/dompdb/1ppi02 37.333333
/nfs/cathdata/dompdb/1bvp12 46.666667
/data/pdb_release/all/pdb1bcx.ent 58.666667
/tmp/1enxA0 60.666667
/data/pdb_release/all/pdb1xnd.ent 60.666667
/data/pdb_release/all/pdb1xyn.ent 58.666667
/data/pdb_release/all/pdb1yna.ent 60.666667
/tmp/2pcdA0 53.333333
/tmp/2pcdM0 65.333333
/nfs/cathdata/dompdb/1dlc02 46.000000
/nfs/cathdata/dompdb/1ciy03 48.666667
/nfs/cathdata/dompdb/1ddt03 54.666667
/tmp/1gff10 65.333333
/tmp/2bpa10 66.000000
/data/pdb_release/all/pdb1jbc.ent 54.666667
/data/pdb_release/all/pdb2cna.ent 52.000000
/nfs/cathdata/dompdb/1dhx04 43.333333
/tmp/4htcI0 13.333333
/data/pdb_release/all/pdb1hic.ent 18.666667
/nfs/cathdata/dompdb/1ecl03 38.000000
/data/pdb_release/all/pdb1htp.ent 52.666667
/tmp/1dupA0 48.000000
/nfs/cathdata/dompdb/1ggtA1 51.333333
/tmp/1tsrA0 54.666667
/data/pdb_release/all/pdb1gpr.ent 57.333333
/data/pdb_release/all/pdb1f3g.ent 57.333333
/nfs/cathdata/dompdb/1aozA3 68.666667
/nfs/cathdata/dompdb/1oacA3 70.000000
/nfs/cathdata/dompdb/1bglA5 60.000000
/nfs/cathdata/dompdb/1bglA1 58.000000
/tmp/1celA0 69.333333
/tmp/1afcA0 38.666667
/tmp/2plv20 52.666667
/tmp/1rhi20 46.666667
/data/pdb_release/all/pdb1pov.ent 68.000000
/tmp/1bmv10 51.333333
/tmp/4sbvA0 48.666667
/tmp/1smvA0 58.000000
/tmp/2tbvA0 60.000000
/tmp/2bbvA0 67.333333
/tmp/1bmv20 72.000000
/tmp/1tnfA0 34.666667
/tmp/1tnrA0 44.666667
/tmp/1hlcA0 42.000000
/tmp/1sltA0 46.000000
/tmp/2ltnA0 43.333333
/tmp/1lenA0 49.333333
/tmp/1lgcA0 52.000000
/data/pdb_release/all/pdb1lte.ent 58.000000
/data/pdb_release/all/pdb1sba.ent 56.666667
/data/pdb_release/all/pdb1gsl.ent 68.000000
/tmp/2pelA0 57.333333
/tmp/1fatA0 57.333333
/tmp/1ioaA0 60.000000
/tmp/1sacA0 57.333333
/tmp/1gnhA0 60.000000
/data/pdb_release/all/pdb2ayh.ent 62.666667
/data/pdb_release/all/pdb1cpm.ent 57.333333
/data/pdb_release/all/pdb1gbg.ent 68.666667
/nfs/cathdata/dompdb/1cgt02 42.666667
/nfs/cathdata/dompdb/1cdg02 42.666667
/nfs/cathdata/dompdb/1cyg02 45.333333
/nfs/cathdata/dompdb/1ciu02 46.666667
/nfs/cathdata/dompdb/1pamA2 46.666667
/nfs/cathdata/dompdb/2aaa02 45.333333
/nfs/cathdata/dompdb/1pnf02 46.000000
/data/pdb_release/all/pdb1knb.ent 42.000000
/tmp/1sluA0 41.333333
/nfs/cathdata/dompdb/1lla02 58.000000
/nfs/cathdata/dompdb/1svb01 48.000000
/data/pdb_release/all/pdb1cyw.ent 62.000000
/nfs/cathdata/dompdb/1hcz01 49.333333
/data/pdb_release/all/pdb1thw.ent 60.666667
/tmp/1cauB0 60.666667
/nfs/cathdata/dompdb/2phlA3 53.333333
/nfs/cathdata/dompdb/2phlA2 61.333333
/data/pdb_release/all/pdb2stv.ent 51.333333
/tmp/1bbt10 38.000000
/tmp/1pov10 44.000000
/tmp/1pvc10 44.000000
/tmp/1r0910 50.000000
/tmp/1rhi10 58.000000
/tmp/1tme10 45.333333
/tmp/2mev10 45.333333
/tmp/2bpa20 40.666667
/tmp/1gff20 51.333333
/tmp/1bbt30 53.333333
/tmp/1tme30 52.666667
/tmp/2mev30 48.666667
/tmp/1r0930 56.666667
/tmp/1pov30 52.666667
/tmp/1pvc30 54.666667
/tmp/1rhi30 50.000000
/tmp/1bbt20 48.666667
/tmp/1tme20 54.666667
/tmp/2mev20 50.666667
/tmp/1r0920 48.666667
/tmp/1pvc20 47.333333
/data/pdb_release/all/pdb1arn.ent 48.666667
/tmp/1aizA0 48.000000
/data/pdb_release/all/pdb1aaj.ent 32.666667
/nfs/cathdata/dompdb/1aozA1 40.000000
/nfs/cathdata/dompdb/1aozA2 64.666667
/nfs/cathdata/dompdb/1gof03 40.000000
/nfs/cathdata/dompdb/1nif01 43.333333
/nfs/cathdata/dompdb/1afnA1 44.666667
/nfs/cathdata/dompdb/1nif02 58.666667
/nfs/cathdata/dompdb/1ntd02 58.666667
/tmp/1eta10 43.333333
/tmp/1tfpA0 34.666667
/tmp/1sxaA0 43.333333
/tmp/1srdA0 38.666667
/data/pdb_release/all/pdb1jcv.ent 44.666667
/tmp/1sosA0 45.333333
/tmp/1xsoA0 44.666667
/data/pdb_release/all/pdb1akp.ent 33.333333
/data/pdb_release/all/pdb1acx.ent 37.333333
/data/pdb_release/all/pdb1noa.ent 42.000000
/data/pdb_release/all/pdb2mcm.ent 48.666667
/nfs/cathdata/dompdb/1clc01 33.333333
/nfs/cathdata/dompdb/1ctn01 46.666667
/data/pdb_release/all/pdb1exg.ent 48.666667
/nfs/cathdata/dompdb/1bglA4 32.666667
/nfs/cathdata/dompdb/1bglA2 33.333333
/nfs/cathdata/dompdb/1svcP3 42.666667
/nfs/cathdata/dompdb/1svb04 34.666667
/nfs/cathdata/dompdb/1gof01 31.333333
/nfs/cathdata/dompdb/2sblB1 31.333333
/nfs/cathdata/dompdb/1hplA2 38.666667
/nfs/cathdata/dompdb/1lpbB2 37.333333
/nfs/cathdata/dompdb/1pgs01 42.000000
/data/pdb_release/all/pdb1ten.ent 34.666667
/nfs/cathdata/dompdb/1fnf01 34.666667
/nfs/cathdata/dompdb/1fnf02 32.666667
/nfs/cathdata/dompdb/1fnf03 32.666667
/nfs/cathdata/dompdb/1cfb01 30.000000
/nfs/cathdata/dompdb/1cfb02 33.333333
/tmp/1wapA0 34.000000
/data/pdb_release/all/pdb1ncg.ent 34.666667
/data/pdb_release/all/pdb1suh.ent 33.333333
/nfs/cathdata/dompdb/1ggtA4 34.666667
/nfs/cathdata/dompdb/1cgt04 33.333333
/nfs/cathdata/dompdb/1cdg04 34.666667
/nfs/cathdata/dompdb/1cyg04 32.000000
/data/pdb_release/all/pdb1kul.ent 26.000000
/nfs/cathdata/dompdb/1ciu04 34.666667
/nfs/cathdata/dompdb/1pamA4 34.000000
/nfs/cathdata/dompdb/1cgt03 40.000000
/nfs/cathdata/dompdb/1cdg03 40.000000
/nfs/cathdata/dompdb/1cyg03 34.666667
/nfs/cathdata/dompdb/1ciu03 34.666667
/nfs/cathdata/dompdb/1pamA3 40.000000
/data/pdb_release/all/pdb1rsy.ent 46.000000
/data/pdb_release/all/pdb1plc.ent 38.000000
/data/pdb_release/all/pdb9pcy.ent 32.666667
/data/pdb_release/all/pdb2plt.ent 39.333333
/data/pdb_release/all/pdb7pcy.ent 42.000000
/data/pdb_release/all/pdb1pla.ent 37.333333
/data/pdb_release/all/pdb1nin.ent 31.333333
/data/pdb_release/all/pdb1paz.ent 42.000000
/data/pdb_release/all/pdb1pmy.ent 43.333333
/data/pdb_release/all/pdb1zia.ent 40.666667
/tmp/1adwA0 40.666667
/tmp/1vlxA0 48.666667
/nfs/cathdata/dompdb/1vgeH1 47.333333
/nfs/cathdata/dompdb/1yuhB1 40.000000
/nfs/cathdata/dompdb/1clyH1 40.666667
/nfs/cathdata/dompdb/1kelH1 48.666667
/nfs/cathdata/dompdb/1nldH1 44.666667
/nfs/cathdata/dompdb/1ghfH1 40.666667
/nfs/cathdata/dompdb/1ospH1 43.333333
/nfs/cathdata/dompdb/1mimH1 51.333333
/nfs/cathdata/dompdb/1cloH1 47.333333
/nfs/cathdata/dompdb/1plgL1 40.000000
/nfs/cathdata/dompdb/1ghfL1 40.000000
/nfs/cathdata/dompdb/1clzL1 41.333333
/nfs/cathdata/dompdb/1kelL1 40.000000
/nfs/cathdata/dompdb/1gafL1 40.666667
/nfs/cathdata/dompdb/1iaiL1 32.666667
/nfs/cathdata/dompdb/1aifA1 32.666667
/nfs/cathdata/dompdb/1vgeL1 40.666667
/nfs/cathdata/dompdb/1nldL1 42.000000
/nfs/cathdata/dompdb/1ospL1 38.666667
/nfs/cathdata/dompdb/1mimL1 38.666667
/nfs/cathdata/dompdb/1lilA1 40.000000
/nfs/cathdata/dompdb/1cloL1 43.333333
/nfs/cathdata/dompdb/1bec01 47.333333
/nfs/cathdata/dompdb/1tcrB1 45.333333
/data/pdb_release/all/pdb1tit.ent 32.666667
/data/pdb_release/all/pdb1cid.ent 66.000000
/data/pdb_release/all/pdb3cd4.ent 53.333333
/data/pdb_release/all/pdb1hoe.ent 31.333333
/nfs/cathdata/dompdb/3hhrB1 32.666667
/nfs/cathdata/dompdb/3hhrB2 32.666667
/nfs/cathdata/dompdb/1fieA3 38.666667
/nfs/cathdata/dompdb/1hft01 36.666667
/data/pdb_release/all/pdb1ttf.ent 34.666667
/nfs/cathdata/dompdb/1hilA1 40.000000
/nfs/cathdata/dompdb/1ggbL1 40.000000
/nfs/cathdata/dompdb/1gigL1 44.666667
/nfs/cathdata/dompdb/1mfeL1 40.000000
/nfs/cathdata/dompdb/1igfL1 40.000000
/nfs/cathdata/dompdb/1lmkA2 42.000000
/nfs/cathdata/dompdb/1mcbA1 42.666667
/nfs/cathdata/dompdb/1mlbA1 40.666667
/nfs/cathdata/dompdb/3hfmL1 40.000000
/nfs/cathdata/dompdb/1opgL1 34.000000
/nfs/cathdata/dompdb/1ncaL1 40.666667
/nfs/cathdata/dompdb/1tetL1 40.000000
/nfs/cathdata/dompdb/2fb4L1 40.000000
/nfs/cathdata/dompdb/2fbjL1 44.666667
/nfs/cathdata/dompdb/6fabL1 41.333333
/nfs/cathdata/dompdb/7fabL1 36.000000
/nfs/cathdata/dompdb/8fabA1 40.666667
/nfs/cathdata/dompdb/1eapA1 40.000000
/nfs/cathdata/dompdb/1figL1 32.666667
/nfs/cathdata/dompdb/1forL1 40.000000
/nfs/cathdata/dompdb/1ibgL1 42.000000
/nfs/cathdata/dompdb/1igcL1 41.333333
/nfs/cathdata/dompdb/1jelL1 40.000000
/nfs/cathdata/dompdb/1nsnL1 38.666667
/nfs/cathdata/dompdb/2gfbA1 40.000000
/tmp/1dvfC0 40.000000
/tmp/1dvfD0 42.000000
/data/pdb_release/all/pdb1vhp.ent 30.000000
/nfs/cathdata/dompdb/1gafH1 47.333333
/nfs/cathdata/dompdb/1iaiH1 43.333333
/nfs/cathdata/dompdb/1aifB1 40.000000
/nfs/cathdata/dompdb/1ngpH1 47.333333
/nfs/cathdata/dompdb/1plgH1 42.000000
/nfs/cathdata/dompdb/1mlbB1 46.000000
/nfs/cathdata/dompdb/2cgrH1 48.666667
/nfs/cathdata/dompdb/1eapB1 48.666667
/nfs/cathdata/dompdb/1faiH1 52.666667
/nfs/cathdata/dompdb/1fbiH1 43.333333
/nfs/cathdata/dompdb/1figH1 39.333333
/nfs/cathdata/dompdb/1forH1 44.666667
/nfs/cathdata/dompdb/1fptH1 46.666667
/nfs/cathdata/dompdb/1frgH1 42.000000
/nfs/cathdata/dompdb/1gigH1 42.666667
/nfs/cathdata/dompdb/1ibgH1 47.333333
/nfs/cathdata/dompdb/1igcH1 47.333333
/nfs/cathdata/dompdb/1igjB1 38.666667
/nfs/cathdata/dompdb/1ikfH1 50.000000
/nfs/cathdata/dompdb/1jelH1 50.000000
/nfs/cathdata/dompdb/1mrcH1 43.333333
/nfs/cathdata/dompdb/1nsnH1 44.666667
/nfs/cathdata/dompdb/1opgH1 37.333333
/nfs/cathdata/dompdb/1rmfH1 46.000000
/nfs/cathdata/dompdb/2fgwH1 42.000000
/nfs/cathdata/dompdb/2gfbB1 42.000000
/nfs/cathdata/dompdb/6fabH1 43.333333
/nfs/cathdata/dompdb/1acyL1 42.000000
/nfs/cathdata/dompdb/1bafL1 42.000000
/nfs/cathdata/dompdb/1bbdL1 41.333333
/nfs/cathdata/dompdb/1bqlL1 41.333333
/nfs/cathdata/dompdb/2cgrL1 40.666667
/nfs/cathdata/dompdb/1dbbL1 34.000000
/nfs/cathdata/dompdb/1dfbL1 41.333333
/nfs/cathdata/dompdb/1faiL1 37.333333
/nfs/cathdata/dompdb/1mamL1 37.333333
/nfs/cathdata/dompdb/1ikfL1 41.333333
/nfs/cathdata/dompdb/1frgL1 41.333333
/tmp/1wtlA0 41.333333
/tmp/1breA0 40.000000
/tmp/1fvcB0 44.000000
/tmp/1jhlH0 47.333333
/tmp/1vfaB0 43.333333
/tmp/1igmH0 47.333333
/tmp/1mfaL0 0.000000
/tmp/1fgvH0 46.666667
/tmp/1nmaH0 48.000000
/tmp/2bjl10 56.666667
/nfs/cathdata/dompdb/8fabB1 48.666667
/nfs/cathdata/dompdb/2fb4H1 40.000000
/nfs/cathdata/dompdb/1acyH1 46.000000
/nfs/cathdata/dompdb/1bbdH1 48.666667
/nfs/cathdata/dompdb/2hflH1 48.666667
/nfs/cathdata/dompdb/2fbjH1 47.333333
/nfs/cathdata/dompdb/1hilB1 37.333333
/nfs/cathdata/dompdb/1nbvH1 41.333333
/nfs/cathdata/dompdb/7fabH1 43.333333
/nfs/cathdata/dompdb/1indH1 42.000000
/nfs/cathdata/dompdb/1tetH1 46.000000
/nfs/cathdata/dompdb/1mamH1 46.000000
/nfs/cathdata/dompdb/1ncaH1 44.666667
/nfs/cathdata/dompdb/1dbbH1 46.666667
/nfs/cathdata/dompdb/1dfbH1 48.666667
/nfs/cathdata/dompdb/1flrH1 40.666667
/nfs/cathdata/dompdb/1ggbH1 42.666667
/nfs/cathdata/dompdb/1igfH1 40.000000
/nfs/cathdata/dompdb/1bafH1 42.000000
/nfs/cathdata/dompdb/3hfmH1 40.666667
/nfs/cathdata/dompdb/1mcpH1 42.000000
/nfs/cathdata/dompdb/1lmkA1 46.000000
/nfs/cathdata/dompdb/1mfbH1 48.000000
/nfs/cathdata/dompdb/1fc2D2 37.333333
/nfs/cathdata/dompdb/1gigL2 49.333333
/nfs/cathdata/dompdb/1kelL2 47.333333
/nfs/cathdata/dompdb/1gafL2 46.000000
/nfs/cathdata/dompdb/2fb4L2 44.666667
/nfs/cathdata/dompdb/1yuhB2 18.666667
/nfs/cathdata/dompdb/1clzH2 34.666667
/nfs/cathdata/dompdb/1fc2D1 44.666667
/nfs/cathdata/dompdb/1fruA2 40.000000
/tmp/1hsbB0 31.333333
/tmp/1mhcB0 32.666667
/tmp/1fruB0 32.666667
/data/pdb_release/all/pdb1bmg.ent 33.333333
/nfs/cathdata/dompdb/1dlhA2 32.666667
/nfs/cathdata/dompdb/1sebB2 31.333333
/nfs/cathdata/dompdb/1bec02 46.000000
/nfs/cathdata/dompdb/1vcaA2 34.666667
/data/pdb_release/all/pdb1tnm.ent 37.333333
/nfs/cathdata/dompdb/1vcaA1 40.000000
/data/pdb_release/all/pdb1tlk.ent 40.000000
/nfs/cathdata/dompdb/1hft02 44.000000
/data/pdb_release/all/pdb1cd8.ent 40.666667
/nfs/cathdata/dompdb/1igjA1 41.333333
/tmp/1nmbL0 40.000000
/data/pdb_release/all/pdb2rhe.ent 40.666667
/tmp/1fgvL0 40.000000
/data/pdb_release/all/pdb2imn.ent 40.666667
/tmp/1reiA0 40.000000
/tmp/1fvcA0 42.000000
/tmp/1igmL0 41.333333
/tmp/1jhlL0 40.000000
/tmp/1ivlA0 41.333333
/tmp/1vfaA0 41.333333
/data/pdb_release/all/pdb1pho.ent 68.000000
/data/pdb_release/all/pdb1omf.ent 61.333333
/data/pdb_release/all/pdb3bcl.ent 68.666667
/nfs/cathdata/dompdb/1amm01 34.666667
/nfs/cathdata/dompdb/1amm02 38.666667
/nfs/cathdata/dompdb/2bb202 33.333333
/nfs/cathdata/dompdb/2gcr01 34.666667
/nfs/cathdata/dompdb/2gcr02 33.333333
/nfs/cathdata/dompdb/1elpA1 34.666667
/nfs/cathdata/dompdb/1elpA2 38.000000
/nfs/cathdata/dompdb/2bb201 33.333333
/nfs/cathdata/dompdb/1prr01 42.000000
/nfs/cathdata/dompdb/1prr02 38.000000
/tmp/1mdaL0 32.666667
/tmp/2bbkL0 31.333333
/data/pdb_release/all/pdb1cdb.ent 26.000000
/nfs/cathdata/dompdb/1hngA1 38.666667
/tmp/1cdcA0 30.000000
/nfs/cathdata/dompdb/1hnf02 36.000000
/nfs/cathdata/dompdb/1hngA2 34.666667
/tmp/1mfaH0 0.000000
/nfs/cathdata/dompdb/2fbjH2 24.000000
/nfs/cathdata/dompdb/1mcpH2 36.000000
/nfs/cathdata/dompdb/1hocA2 22.666667
/nfs/cathdata/dompdb/1hsaA2 32.666667
/nfs/cathdata/dompdb/1vaaA2 32.666667
/nfs/cathdata/dompdb/1hsbA2 33.333333
/nfs/cathdata/dompdb/1mhcA2 32.666667
/nfs/cathdata/dompdb/8fabB2 38.000000
/nfs/cathdata/dompdb/1kelH2 38.666667
/nfs/cathdata/dompdb/1bbdH2 37.333333
/nfs/cathdata/dompdb/1ospH2 33.333333
/nfs/cathdata/dompdb/1eapB2 34.666667
/tmp/1lopA0 54.666667
/data/pdb_release/all/pdb2cpl.ent 49.333333
/tmp/1cynA0 48.666667
/tmp/2rmcA0 48.666667
/nfs/cathdata/dompdb/1bucA2 38.000000
/nfs/cathdata/dompdb/3mddA2 47.333333
/nfs/cathdata/dompdb/1kxf02 34.666667
/nfs/cathdata/dompdb/1vcpA2 33.333333
/tmp/1smpI0 44.666667
/nfs/cathdata/dompdb/1svcP1 40.000000
/tmp/1sriA0 42.666667
/tmp/1avdA0 37.333333
/data/pdb_release/all/pdb1hbq.ent 42.666667
/data/pdb_release/all/pdb1rbp.ent 42.666667
/tmp/1epaA0 56.000000
/tmp/1bbpA0 46.666667
/data/pdb_release/all/pdb1mup.ent 56.666667
/data/pdb_release/all/pdb1ifc.ent 54.000000
/data/pdb_release/all/pdb1hmr.ent 54.666667
/tmp/1opaA0 52.000000
/data/pdb_release/all/pdb1adl.ent 52.000000
/data/pdb_release/all/pdb1crb.ent 53.333333
/tmp/1cbiA0 52.000000
/tmp/1ftpA0 52.000000
/data/pdb_release/all/pdb1cbs.ent 51.333333
/tmp/1pmpA0 53.333333
/data/pdb_release/all/pdb1mdc.ent 54.000000
/nfs/cathdata/dompdb/7catA1 69.333333
/data/pdb_release/all/pdb1cae.ent 63.333333
/nfs/cathdata/dompdb/1dar02 44.000000
/nfs/cathdata/dompdb/1gtrA4 33.333333
/data/pdb_release/all/pdb1prn.ent 68.666667
/data/pdb_release/all/pdb2por.ent 64.666667
/nfs/cathdata/dompdb/1ppfE1 30.000000
/nfs/cathdata/dompdb/1svpA1 27.333333
/nfs/cathdata/dompdb/1vcpA1 23.333333
/nfs/cathdata/dompdb/1sgt02 34.000000
/nfs/cathdata/dompdb/1hylA1 38.666667
/nfs/cathdata/dompdb/1try02 31.333333
/nfs/cathdata/dompdb/1sgpE1 37.333333
/nfs/cathdata/dompdb/1hpgA1 32.666667
/nfs/cathdata/dompdb/2sga01 31.333333
/nfs/cathdata/dompdb/2alp01 35.333333
/nfs/cathdata/dompdb/1tal01 36.666667
/nfs/cathdata/dompdb/2sfa01 54.000000
/nfs/cathdata/dompdb/1arb02 46.000000
/nfs/cathdata/dompdb/1hylA2 36.666667
/nfs/cathdata/dompdb/1sgpE2 30.000000
/nfs/cathdata/dompdb/1gbaA2 30.000000
/nfs/cathdata/dompdb/1hpgA2 31.333333
/nfs/cathdata/dompdb/2sga02 31.333333
/nfs/cathdata/dompdb/1tal02 32.666667
/nfs/cathdata/dompdb/2sfa02 38.666667
/nfs/cathdata/dompdb/1arb01 34.666667
/nfs/cathdata/dompdb/1cnd01 36.666667
/nfs/cathdata/dompdb/1ndh01 38.666667
/nfs/cathdata/dompdb/2pia01 38.666667
/nfs/cathdata/dompdb/1fnb01 42.666667
/nfs/cathdata/dompdb/1que01 36.666667
/nfs/cathdata/dompdb/1pkm03 36.000000
/nfs/cathdata/dompdb/1pkn03 27.333333
/nfs/cathdata/dompdb/1pkyA3 42.000000
/nfs/cathdata/dompdb/1pkyC3 24.000000
/nfs/cathdata/dompdb/1eft02 40.666667
/nfs/cathdata/dompdb/1efuA2 44.666667
/data/pdb_release/all/pdb1clh.ent 43.333333
/tmp/1tcwA0 34.000000
/tmp/1cpiA0 34.000000
/tmp/2rspA0 44.666667
/nfs/cathdata/dompdb/1pnkB3 34.666667
/nfs/cathdata/dompdb/1eft03 30.000000
/nfs/cathdata/dompdb/1efuA3 31.333333
/tmp/1ucyE0 34.666667
/tmp/1aksB0 37.333333
/tmp/2pkaB0 43.333333
/nfs/cathdata/dompdb/1hcgA1 33.333333
/nfs/cathdata/dompdb/1thsH1 38.000000
/nfs/cathdata/dompdb/1brbE1 36.666667
/nfs/cathdata/dompdb/4ptp01 36.666667
/nfs/cathdata/dompdb/1mctA1 36.666667
/nfs/cathdata/dompdb/1etrH1 36.666667
/nfs/cathdata/dompdb/1bit01 36.666667
/nfs/cathdata/dompdb/1trnA1 38.000000
/nfs/cathdata/dompdb/1try01 36.666667
/nfs/cathdata/dompdb/5chaA1 39.333333
/nfs/cathdata/dompdb/1sgt01 36.666667
/nfs/cathdata/dompdb/1lmwB1 38.000000
/nfs/cathdata/dompdb/1elg01 39.333333
/nfs/cathdata/dompdb/1elt01 38.000000
/nfs/cathdata/dompdb/1ton01 31.333333
/tmp/1mtnC0 36.000000
/nfs/cathdata/dompdb/1tbs01 38.000000
/nfs/cathdata/dompdb/1pfxC1 40.000000
/nfs/cathdata/dompdb/1fonA1 36.666667
/nfs/cathdata/dompdb/1pytD1 35.333333
/nfs/cathdata/dompdb/1rtfB1 31.333333
/nfs/cathdata/dompdb/1fujA1 31.333333
/nfs/cathdata/dompdb/1dst01 36.666667
/nfs/cathdata/dompdb/3rp2A1 37.333333
/tmp/1ceaA0 12.000000
/tmp/1pmlA0 16.000000
/data/pdb_release/all/pdb1kdu.ent 17.333333
/data/pdb_release/all/pdb1krn.ent 12.000000
/data/pdb_release/all/pdb1bw3.ent 37.333333
/tmp/1ihvA0 26.000000
/nfs/cathdata/dompdb/1hcz02 18.666667
/data/pdb_release/all/pdb1lab.ent 18.666667
/data/pdb_release/all/pdb1bdo.ent 31.333333
/data/pdb_release/all/pdb1afp.ent 18.666667
/tmp/1bovA0 32.666667
/data/pdb_release/all/pdb1mjc.ent 26.000000
/data/pdb_release/all/pdb1csp.ent 27.333333
/data/pdb_release/all/pdb1krs.ent 31.333333
/nfs/cathdata/dompdb/1lylA1 41.333333
/nfs/cathdata/dompdb/1asyA1 38.000000
/data/pdb_release/all/pdb1bgh.ent 37.333333
/data/pdb_release/all/pdb1rip.ent 0.000000
/tmp/1prtD0 31.333333
/tmp/1prtF0 32.666667
/nfs/cathdata/dompdb/1tssA2 32.666667
/nfs/cathdata/dompdb/1prtB2 31.333333
/nfs/cathdata/dompdb/1prtC2 39.333333
/tmp/1ltsD0 43.333333
/tmp/1chbD0 42.000000
/data/pdb_release/all/pdb2sns.ent 42.666667
/nfs/cathdata/dompdb/1bco02 26.000000
/nfs/cathdata/dompdb/1esfA1 35.333333
/nfs/cathdata/dompdb/1sebD1 40.666667
/nfs/cathdata/dompdb/1se201 36.666667
/tmp/1fivA0 35.333333
/tmp/1idaA0 32.666667
/tmp/1hivA0 36.666667
/data/pdb_release/all/pdb1dro.ent 30.666667
/nfs/cathdata/dompdb/1hleA1 36.000000
/nfs/cathdata/dompdb/1ovaA1 49.333333
/nfs/cathdata/dompdb/1kauC1 52.666667
/nfs/cathdata/dompdb/2kauC1 35.333333
/tmp/1ucyH0 35.333333
/nfs/cathdata/dompdb/3rp2A2 38.000000
/nfs/cathdata/dompdb/1ihsH2 36.666667
/nfs/cathdata/dompdb/1gctA2 35.333333
/nfs/cathdata/dompdb/1elg02 35.333333
/nfs/cathdata/dompdb/1brbE2 36.666667
/nfs/cathdata/dompdb/4ptp02 30.000000
/nfs/cathdata/dompdb/1elt02 34.666667
/nfs/cathdata/dompdb/1hneE2 30.000000
/nfs/cathdata/dompdb/1mctA2 36.666667
/nfs/cathdata/dompdb/1etrH2 38.000000
/nfs/cathdata/dompdb/1bit02 34.000000
/nfs/cathdata/dompdb/1trnA2 36.666667
/nfs/cathdata/dompdb/1ton02 37.333333
/tmp/2pkaA0 26.000000
/tmp/1mtnB0 30.000000
/tmp/1aksA0 32.666667
/nfs/cathdata/dompdb/1tbs02 35.333333
/nfs/cathdata/dompdb/1pfxC2 38.000000
/nfs/cathdata/dompdb/1fonA2 42.666667
/nfs/cathdata/dompdb/1pytD2 36.666667
/nfs/cathdata/dompdb/1fujA2 34.000000
/nfs/cathdata/dompdb/1rtfB2 36.666667
/nfs/cathdata/dompdb/1dst02 40.666667
/nfs/cathdata/dompdb/1hcgA2 34.666667
/nfs/cathdata/dompdb/1lmwB2 31.333333
/data/pdb_release/all/pdb1pk4.ent 12.000000
/data/pdb_release/all/pdb2pf1.ent 19.333333
/data/pdb_release/all/pdb1ahl.ent 13.333333
/data/pdb_release/all/pdb1atx.ent 22.666667
/data/pdb_release/all/pdb1sh1.ent 24.000000
/data/pdb_release/all/pdb1apf.ent 13.333333
/nfs/cathdata/dompdb/1dar03 18.666667
/nfs/cathdata/dompdb/1elo03 6.666667
/data/pdb_release/all/pdb1tfi.ent 18.666667
/tmp/4sgbI0 18.666667
/data/pdb_release/all/pdb1tih.ent 18.666667
/nfs/cathdata/dompdb/1raaB2 30.666667
/nfs/cathdata/dompdb/2atcB2 0.000000
/nfs/cathdata/dompdb/1ytfD2 18.666667
/tmp/1ytfC0 18.666667
/data/pdb_release/all/pdb1sso.ent 25.333333
/data/pdb_release/all/pdb1sap.ent 31.333333
/data/pdb_release/all/pdb1hsp.ent 0.000000
/data/pdb_release/all/pdb1gfc.ent 12.000000
/tmp/1aboA0 26.000000
/tmp/1cskA0 25.333333
/tmp/1ckaA0 24.000000
/tmp/1gbrA0 24.000000
/data/pdb_release/all/pdb1shg.ent 27.333333
/tmp/1shfA0 26.000000
/tmp/1nloC0 18.666667
/data/pdb_release/all/pdb1pnj.ent 26.000000
/tmp/1semA0 27.333333
/nfs/cathdata/dompdb/1lckA1 26.000000
/data/pdb_release/all/pdb1tud.ent 26.000000
/data/pdb_release/all/pdb1tuc.ent 26.000000
/nfs/cathdata/dompdb/1ad5A1 26.000000
/data/pdb_release/all/pdb1pls.ent 36.666667
/tmp/1dynA0 38.666667
/data/pdb_release/all/pdb1btn.ent 43.333333
/tmp/1tgxA0 24.666667
/data/pdb_release/all/pdb1nea.ent 26.000000
/data/pdb_release/all/pdb1nor.ent 26.000000
/data/pdb_release/all/pdb1ntx.ent 24.666667
/data/pdb_release/all/pdb1fas.ent 26.000000
/tmp/1cdtA0 26.000000
/data/pdb_release/all/pdb2crs.ent 26.000000
/data/pdb_release/all/pdb1ntn.ent 30.000000
/data/pdb_release/all/pdb1tfs.ent 26.000000
/data/pdb_release/all/pdb1lsi.ent 18.666667
/nfs/cathdata/dompdb/1psi01 40.666667
/nfs/cathdata/dompdb/2achA2 43.333333
/tmp/1bi6H0 13.333333
/data/pdb_release/all/pdb1tpm.ent 26.000000
/nfs/cathdata/dompdb/1hfh01 18.666667
/data/pdb_release/all/pdb1hcc.ent 24.000000
/tmp/1lpbA0 25.333333
/nfs/cathdata/dompdb/1antI1 39.333333
/tmp/1hcnB0 24.000000
/tmp/1hcnA0 38.000000
/tmp/1pdgA0 31.333333
/data/pdb_release/all/pdb2tgi.ent 51.333333
/tmp/1klaA0 26.000000
/data/pdb_release/all/pdb1tgj.ent 49.333333
/data/pdb_release/all/pdb1bet.ent 39.333333
/tmp/1bndA0 43.333333
/tmp/1bndB0 31.333333
/data/pdb_release/all/pdb1fbr.ent 27.333333
/tmp/1umuA0 36.000000
/data/pdb_release/all/pdb1ctl.ent 29.333333
/data/pdb_release/all/pdb1iml.ent 30.666667
/nfs/cathdata/dompdb/1extB1 26.000000
/tmp/2kauB0 26.000000
/tmp/1rprA0 8.666667
/tmp/1fc2C0 8.666667
/tmp/1spzZ0 15.333333
/data/pdb_release/all/pdb1edi.ent 15.333333
/data/pdb_release/all/pdb2pdd.ent 8.000000
/data/pdb_release/all/pdb1bal.ent 8.666667
/tmp/1csbA0 8.000000
/tmp/1htrP0 8.666667
/nfs/cathdata/dompdb/1ilk02 14.000000
/data/pdb_release/all/pdb1bha.ent 14.000000
/nfs/cathdata/dompdb/1grj01 26.666667
/nfs/cathdata/dompdb/1sesA1 16.000000
/data/pdb_release/all/pdb1pdc.ent 12.000000
/tmp/2achB0 12.000000
/data/pdb_release/all/pdb1egf.ent 13.333333
/data/pdb_release/all/pdb1apo.ent 0.000000
/data/pdb_release/all/pdb1fsb.ent 12.000000
/data/pdb_release/all/pdb1hre.ent 0.000000
/data/pdb_release/all/pdb1yuf.ent 12.000000
/tmp/1hcgB0 25.333333
/data/pdb_release/all/pdb1ata.ent 24.000000
/nfs/cathdata/dompdb/1ncfA2 24.000000
/data/pdb_release/all/pdb1cdq.ent 24.000000
/tmp/1kbaA0 30.666667
/tmp/2abxA0 0.000000
/tmp/1abtA0 13.333333
/data/pdb_release/all/pdb3ebx.ent 26.000000
/data/pdb_release/all/pdb2ctx.ent 24.666667
/data/pdb_release/all/pdb2cdx.ent 18.666667
/tmp/1kxiA0 26.000000
/data/pdb_release/all/pdb1cre.ent 12.000000
/data/pdb_release/all/pdb1cod.ent 26.000000
/data/pdb_release/all/pdb1drs.ent 22.666667
/data/pdb_release/all/pdb1lki.ent 21.333333
/tmp/3inkC0 38.666667
/data/pdb_release/all/pdb1hgu.ent 22.000000
/data/pdb_release/all/pdb1huw.ent 26.000000
/tmp/3hhrA0 26.000000
/data/pdb_release/all/pdb1lpt.ent 22.666667
/data/pdb_release/all/pdb1lip.ent 21.333333
/data/pdb_release/all/pdb1mzm.ent 21.333333
/data/pdb_release/all/pdb1hyp.ent 14.000000
/nfs/cathdata/dompdb/1dlc01 32.000000
/nfs/cathdata/dompdb/1ciy01 32.666667
/tmp/1etrL0 6.666667
/tmp/1tbrJ0 8.666667
/tmp/3aahB0 6.666667
/tmp/4aahB0 6.666667
/tmp/1olgA0 6.666667
/tmp/2bbvD0 6.666667
/data/pdb_release/all/pdb2ifo.ent 6.666667
/tmp/1pfiA0 8.000000
/tmp/1junA0 6.666667
/data/pdb_release/all/pdb1tvs.ent 16.000000
/tmp/1ysaC0 6.666667
/data/pdb_release/all/pdb1aml.ent 8.666667
/data/pdb_release/all/pdb125d.ent 8.666667
/data/pdb_release/all/pdb1cld.ent 8.000000
/tmp/1d66A0 14.000000
/data/pdb_release/all/pdb1pyc.ent 8.000000
/nfs/cathdata/dompdb/1poxA4 8.666667
/tmp/1ltsC0 8.666667
/tmp/1xtcC0 8.666667
/tmp/1scmA0 8.666667
/tmp/1mdyB0 8.000000
/data/pdb_release/all/pdb1bct.ent 8.666667
/nfs/cathdata/dompdb/1pcrL2 17.333333
/nfs/cathdata/dompdb/1prcL2 20.000000
/nfs/cathdata/dompdb/1pcrM2 28.666667
/nfs/cathdata/dompdb/1prcM2 27.333333
/nfs/cathdata/dompdb/1dik05 17.333333
/tmp/1bcfA0 21.333333
/data/pdb_release/all/pdb1fha.ent 23.333333
/data/pdb_release/all/pdb1ier.ent 22.000000
/data/pdb_release/all/pdb1rcc.ent 22.666667
/tmp/2ccyA0 19.333333
/data/pdb_release/all/pdb1cpq.ent 20.666667
/tmp/1bbhA0 16.000000
/data/pdb_release/all/pdb1cgn.ent 22.666667
/data/pdb_release/all/pdb1lpe.ent 20.000000
/data/pdb_release/all/pdb2asr.ent 22.666667
/data/pdb_release/all/pdb1vls.ent 21.333333
/data/pdb_release/all/pdb1aep.ent 21.333333
/tmp/256bA0 22.666667
/tmp/2hmqA0 17.333333
/data/pdb_release/all/pdb2mhr.ent 17.333333
/tmp/2tmvP0 32.666667
/tmp/1rmvA0 17.333333
/nfs/cathdata/dompdb/2ilk01 21.333333
/nfs/cathdata/dompdb/1vlk01 20.000000
/nfs/cathdata/dompdb/1bucA3 24.000000
/nfs/cathdata/dompdb/3mddA3 24.000000
/nfs/cathdata/dompdb/1chkA1 30.666667
/data/pdb_release/all/pdb1lis.ent 20.000000
/data/pdb_release/all/pdb1rcb.ent 30.666667
/tmp/1gmfA0 31.333333
/tmp/1bgeA0 21.333333
/tmp/1rhgA0 20.000000
/data/pdb_release/all/pdb1bgc.ent 21.333333
/nfs/cathdata/dompdb/1whtA2 15.333333
/data/pdb_release/all/pdb2erl.ent 15.333333
/nfs/cathdata/dompdb/1ytfD1 8.666667
/nfs/cathdata/dompdb/1mtyG1 15.333333
/nfs/cathdata/dompdb/1mhyG1 15.333333
/tmp/1ecmA0 15.333333
/nfs/cathdata/dompdb/1lxa02 17.333333
/data/pdb_release/all/pdb1acp.ent 16.666667
/data/pdb_release/all/pdb1aca.ent 15.333333
/nfs/cathdata/dompdb/1pcrM1 16.666667
/nfs/cathdata/dompdb/1prcM1 14.000000
/nfs/cathdata/dompdb/1pcrL1 33.333333
/nfs/cathdata/dompdb/1prcL1 21.333333
/nfs/cathdata/dompdb/3sdpA1 14.000000
/nfs/cathdata/dompdb/1mngA1 20.000000
/nfs/cathdata/dompdb/1svcP2 14.000000
/nfs/cathdata/dompdb/1nfkA2 8.666667
/nfs/cathdata/dompdb/1mtyG2 16.000000
/nfs/cathdata/dompdb/1mhyG2 16.000000
/nfs/cathdata/dompdb/2minB4 14.000000
/nfs/cathdata/dompdb/1mioB3 17.333333
/data/pdb_release/all/pdb1poc.ent 31.333333
/data/pdb_release/all/pdb1ppa.ent 16.666667
/data/pdb_release/all/pdb1poa.ent 26.000000
/data/pdb_release/all/pdb4bp2.ent 26.666667
/data/pdb_release/all/pdb1pod.ent 26.666667
/tmp/3p2pA0 22.000000
/tmp/1pp2L0 26.666667
/tmp/1clpA0 26.666667
/tmp/1bunA0 28.666667
/data/pdb_release/all/pdb1psj.ent 28.000000
/data/pdb_release/all/pdb1ae7.ent 24.666667
/nfs/cathdata/dompdb/1bmtA1 20.000000
/data/pdb_release/all/pdb1lmq.ent 26.666667
/data/pdb_release/all/pdb1jug.ent 26.666667
/data/pdb_release/all/pdb119l.ent 49.333333
/nfs/cathdata/dompdb/1bucA1 29.333333
/nfs/cathdata/dompdb/3mddA1 22.666667
/nfs/cathdata/dompdb/1oxa02 34.000000
/nfs/cathdata/dompdb/1grl01 47.333333
/nfs/cathdata/dompdb/1aorA2 53.333333
/nfs/cathdata/dompdb/2pgd02 35.333333
/nfs/cathdata/dompdb/1dnpA3 30.000000
/nfs/cathdata/dompdb/1csc01 49.333333
/tmp/1csmA0 40.000000
/nfs/cathdata/dompdb/1aorA3 36.666667
/data/pdb_release/all/pdb1fps.ent 44.000000
/nfs/cathdata/dompdb/1clc02 56.666667
/tmp/1ribA0 46.666667
/tmp/1mmoB0 44.000000
/tmp/1mhyB0 44.666667
/nfs/cathdata/dompdb/1cpt02 50.000000
/data/pdb_release/all/pdb1phb.ent 50.666667
/tmp/2bmhA0 66.000000
/nfs/cathdata/dompdb/1lla01 46.000000
/tmp/1mhlC0 54.000000
/tmp/1mtyD0 46.666667
/tmp/1mhyD0 49.333333
/nfs/cathdata/dompdb/2sblB2 62.666667
/data/pdb_release/all/pdb1lnh.ent 68.666667
/data/pdb_release/all/pdb1ehs.ent 8.666667
/tmp/2spcA0 8.666667
/tmp/1ytfB0 8.666667
/nfs/cathdata/dompdb/1pnkA2 8.666667
/data/pdb_release/all/pdb1aty.ent 14.000000
/nfs/cathdata/dompdb/1dloA3 30.000000
/tmp/1ithA0 26.666667
/tmp/1cpcA0 30.000000
/tmp/1cpcB0 28.666667
/tmp/1allA0 30.000000
/tmp/1allB0 25.333333
/tmp/1colA0 34.666667
/nfs/cathdata/dompdb/1ddt02 34.666667
/nfs/cathdata/dompdb/3blm02 33.333333
/nfs/cathdata/dompdb/1mblA2 32.666667
/nfs/cathdata/dompdb/1btl02 22.000000
/nfs/cathdata/dompdb/1ckiA2 27.333333
/nfs/cathdata/dompdb/1csn02 24.666667
/nfs/cathdata/dompdb/1apmE1 41.333333
/nfs/cathdata/dompdb/1irk02 41.333333
/nfs/cathdata/dompdb/1ad5A4 40.000000
/nfs/cathdata/dompdb/1aru01 28.666667
/nfs/cathdata/dompdb/1llp01 30.000000
/nfs/cathdata/dompdb/1mnp01 22.666667
/nfs/cathdata/dompdb/1qpaA1 28.666667
/nfs/cathdata/dompdb/1cca01 30.666667
/nfs/cathdata/dompdb/1apxA1 23.333333
/nfs/cathdata/dompdb/1schA1 21.333333
/data/pdb_release/all/pdb153l.ent 28.666667
/data/pdb_release/all/pdb1baa.ent 39.333333
/nfs/cathdata/dompdb/1cnsA1 30.000000
/data/pdb_release/all/pdb135l.ent 26.666667
/data/pdb_release/all/pdb2ihl.ent 26.666667
/data/pdb_release/all/pdb1lz1.ent 25.333333
/data/pdb_release/all/pdb1hhl.ent 26.666667
/tmp/1ghlA0 26.666667
/data/pdb_release/all/pdb2eql.ent 29.333333
/data/pdb_release/all/pdb1alc.ent 26.666667
/data/pdb_release/all/pdb1hml.ent 26.666667
/tmp/1thbA0 26.000000
/tmp/1hdsA0 25.333333
/tmp/1hdsB0 27.333333
/tmp/2mhbA0 27.333333
/tmp/1fdhG0 27.333333
/tmp/1hbhA0 25.333333
/tmp/1hdaA0 26.000000
/tmp/1babB0 26.666667
/data/pdb_release/all/pdb2lhb.ent 27.333333
/tmp/1hbhB0 29.333333
/tmp/1hdaB0 27.333333
/tmp/1pghA0 27.333333
/tmp/1pghB0 26.666667
/tmp/1ibeB0 28.000000
/tmp/1outA0 26.000000
/tmp/1outB0 29.333333
/tmp/1spgA0 23.333333
/tmp/1spgB0 28.666667
/data/pdb_release/all/pdb1flp.ent 28.666667
/data/pdb_release/all/pdb1lhs.ent 28.000000
/data/pdb_release/all/pdb1bvd.ent 27.333333
/data/pdb_release/all/pdb1ymb.ent 27.333333
/data/pdb_release/all/pdb1mbs.ent 29.333333
/data/pdb_release/all/pdb2mm1.ent 28.666667
/data/pdb_release/all/pdb1emy.ent 27.333333
/tmp/1mygA0 27.333333
/data/pdb_release/all/pdb1myt.ent 28.666667
/data/pdb_release/all/pdb1eca.ent 28.666667
/tmp/1sctA0 28.666667
/tmp/1sctB0 30.666667
/tmp/3sdhA0 28.666667
/data/pdb_release/all/pdb1mba.ent 26.666667
/data/pdb_release/all/pdb1ash.ent 26.000000
/nfs/cathdata/dompdb/1fcdC2 22.666667
/tmp/2mtaC0 22.666667
/nfs/cathdata/dompdb/2abk02 15.333333
/nfs/cathdata/dompdb/1npc02 29.333333
/nfs/cathdata/dompdb/1ezm02 23.333333
/nfs/cathdata/dompdb/2tmnE2 35.333333
/nfs/cathdata/dompdb/1dnpA2 23.333333
/nfs/cathdata/dompdb/1gia02 30.000000
/nfs/cathdata/dompdb/1tadA2 30.000000
/nfs/cathdata/dompdb/7catA2 31.333333
/nfs/cathdata/dompdb/1cca02 35.333333
/nfs/cathdata/dompdb/1apxA2 22.666667
/nfs/cathdata/dompdb/1aru02 22.666667
/nfs/cathdata/dompdb/1llp02 22.666667
/nfs/cathdata/dompdb/1mnp02 22.666667
/nfs/cathdata/dompdb/1qpaA2 22.666667
/nfs/cathdata/dompdb/1schA2 39.333333
/tmp/1rfbA0 29.333333
/nfs/cathdata/dompdb/1pnkA1 38.000000
/data/pdb_release/all/pdb1end.ent 20.666667
/nfs/cathdata/dompdb/1gly01 37.333333
/nfs/cathdata/dompdb/1ecl02 39.333333
/data/pdb_release/all/pdb1sra.ent 22.000000
/nfs/cathdata/dompdb/1prcC2 22.666667
/nfs/cathdata/dompdb/1prcC1 22.000000
/nfs/cathdata/dompdb/1vsgA2 22.000000
/nfs/cathdata/dompdb/1gly02 32.666667
/nfs/cathdata/dompdb/1pnkB4 28.000000
/data/pdb_release/all/pdb1hlm.ent 24.666667
/data/pdb_release/all/pdb1hlb.ent 30.000000
/data/pdb_release/all/pdb1hbg.ent 27.333333
/data/pdb_release/all/pdb1gdj.ent 23.333333
/tmp/1binA0 27.333333
/nfs/cathdata/dompdb/1osa02 17.333333
/nfs/cathdata/dompdb/1wdcC2 30.666667
/nfs/cathdata/dompdb/1tnw02 16.000000
/tmp/1cnpA0 16.000000
/tmp/1symA0 16.666667
/tmp/1tcoB0 28.000000
/nfs/cathdata/dompdb/1scmC1 16.000000
/nfs/cathdata/dompdb/1wdcB1 15.333333
/nfs/cathdata/dompdb/1rec01 0.000000
/nfs/cathdata/dompdb/1rec02 26.666667
/data/pdb_release/all/pdb2sas.ent 27.333333
/tmp/2scpA0 29.333333
/data/pdb_release/all/pdb155c.ent 24.666667
/data/pdb_release/all/pdb1ycc.ent 21.333333
/data/pdb_release/all/pdb1ccr.ent 22.666667
/tmp/5cytR0 22.666667
/data/pdb_release/all/pdb1yeb.ent 22.666667
/data/pdb_release/all/pdb1hrc.ent 22.666667
/data/pdb_release/all/pdb1cry.ent 21.333333
/data/pdb_release/all/pdb1cot.ent 26.000000
/data/pdb_release/all/pdb3c2c.ent 21.333333
/tmp/1c2rA0 24.666667
/data/pdb_release/all/pdb1cxc.ent 26.000000
/data/pdb_release/all/pdb1yea.ent 22.000000
/tmp/1hroA0 22.666667
/data/pdb_release/all/pdb1dvh.ent 20.666667
/data/pdb_release/all/pdb351c.ent 16.666667
/data/pdb_release/all/pdb1cor.ent 20.000000
/data/pdb_release/all/pdb1cch.ent 20.000000
/nfs/cathdata/dompdb/1fcdC1 15.333333
/data/pdb_release/all/pdb1cc5.ent 21.333333
/data/pdb_release/all/pdb1cyi.ent 20.000000
/data/pdb_release/all/pdb1ctj.ent 20.666667
/nfs/cathdata/dompdb/6gsvA2 17.333333
/nfs/cathdata/dompdb/1gta02 21.333333
/nfs/cathdata/dompdb/1hna02 22.666667
/nfs/cathdata/dompdb/2gsq02 16.666667
/nfs/cathdata/dompdb/1gseA2 21.333333
/nfs/cathdata/dompdb/1bpb01 16.000000
/nfs/cathdata/dompdb/1taq02 8.666667
/nfs/cathdata/dompdb/9icwA2 16.000000
/nfs/cathdata/dompdb/1ecl04 17.333333
/nfs/cathdata/dompdb/1adeA2 17.333333
/nfs/cathdata/dompdb/1atnA3 28.666667
/nfs/cathdata/dompdb/1oxa03 21.333333
/data/pdb_release/all/pdb1hmx.ent 28.000000
/nfs/cathdata/dompdb/2abk01 23.333333
/nfs/cathdata/dompdb/1gln04 21.333333
/nfs/cathdata/dompdb/2tct02 22.000000
/tmp/1hulA0 21.333333
/data/pdb_release/all/pdb1coo.ent 20.000000
/nfs/cathdata/dompdb/1wdcB2 17.333333
/data/pdb_release/all/pdb1bod.ent 16.000000
/data/pdb_release/all/pdb1cb1.ent 17.333333
/data/pdb_release/all/pdb4icb.ent 21.333333
/data/pdb_release/all/pdb1cmf.ent 15.333333
/nfs/cathdata/dompdb/1ncx01 32.666667
/data/pdb_release/all/pdb1cfc.ent 43.333333
/data/pdb_release/all/pdb1tnx.ent 32.000000
/data/pdb_release/all/pdb1rro.ent 22.000000
/data/pdb_release/all/pdb4cpv.ent 22.000000
/data/pdb_release/all/pdb5pal.ent 27.333333
/data/pdb_release/all/pdb1pal.ent 22.666667
/tmp/1rtp10 30.000000
/tmp/1pvaA0 28.000000
/nfs/cathdata/dompdb/1osa01 15.333333
/nfs/cathdata/dompdb/1avhA1 20.000000
/nfs/cathdata/dompdb/2ran01 20.000000
/nfs/cathdata/dompdb/1ala02 20.000000
/nfs/cathdata/dompdb/1hvd02 20.000000
/nfs/cathdata/dompdb/1ala04 20.000000
/nfs/cathdata/dompdb/1ann04 22.666667
/nfs/cathdata/dompdb/1avhA4 20.000000
/nfs/cathdata/dompdb/1axn01 20.000000
/nfs/cathdata/dompdb/1axn03 20.000000
/nfs/cathdata/dompdb/1axn02 20.000000
/nfs/cathdata/dompdb/1ala03 17.333333
/nfs/cathdata/dompdb/1ann03 21.333333
/nfs/cathdata/dompdb/1hvd03 20.000000
/nfs/cathdata/dompdb/2ran03 20.000000
/nfs/cathdata/dompdb/1axn04 20.000000
/nfs/cathdata/dompdb/1csc02 20.000000
/nfs/cathdata/dompdb/1csh02 20.000000
/nfs/cathdata/dompdb/2cts02 20.000000
/nfs/cathdata/dompdb/1tyaE2 22.666667
/nfs/cathdata/dompdb/1bvp11 21.333333
/data/pdb_release/all/pdb1neq.ent 21.333333
/nfs/cathdata/dompdb/1octC1 16.000000
/data/pdb_release/all/pdb1r69.ent 20.000000
/data/pdb_release/all/pdb2cro.ent 20.000000
/data/pdb_release/all/pdb1adr.ent 20.666667
/tmp/1lmb30 20.000000
/nfs/cathdata/dompdb/2yhx01 22.666667
/nfs/cathdata/dompdb/2bpfA1 22.666667
/nfs/cathdata/dompdb/1bgw03 17.333333
/nfs/cathdata/dompdb/1adt01 22.666667
/nfs/cathdata/dompdb/1glqA2 16.666667
/nfs/cathdata/dompdb/2gsrA2 16.666667
/nfs/cathdata/dompdb/1gssA2 16.000000
/data/pdb_release/all/pdb1erd.ent 8.000000
/nfs/cathdata/dompdb/1dtr02 15.333333
/tmp/1lccA0 14.000000
/nfs/cathdata/dompdb/1pnrA1 16.666667
/data/pdb_release/all/pdb1uxd.ent 14.000000
/nfs/cathdata/dompdb/2phlA1 8.666667
/nfs/cathdata/dompdb/2phlA4 15.333333
/tmp/6insE0 15.333333
/data/pdb_release/all/pdb2gf1.ent 15.333333
/data/pdb_release/all/pdb1igl.ent 8.666667
/data/pdb_release/all/pdb1bip.ent 17.333333
/data/pdb_release/all/pdb1c5a.ent 16.000000
/data/pdb_release/all/pdb1kjs.ent 22.666667
/tmp/1cmbA0 14.000000
/nfs/cathdata/dompdb/1gln03 15.333333
/nfs/cathdata/dompdb/1serA1 17.333333
/nfs/cathdata/dompdb/1bvp13 16.000000
/nfs/cathdata/dompdb/1dmb03 28.000000
/nfs/cathdata/dompdb/1dik02 15.333333
/nfs/cathdata/dompdb/9pap02 14.000000
/nfs/cathdata/dompdb/1aec02 14.666667
/nfs/cathdata/dompdb/1gecE2 15.333333
/nfs/cathdata/dompdb/2act02 14.666667
/nfs/cathdata/dompdb/1ppo02 14.000000
/nfs/cathdata/dompdb/1yal02 15.333333
/nfs/cathdata/dompdb/1theA2 15.333333
/nfs/cathdata/dompdb/1csbB1 14.000000
/nfs/cathdata/dompdb/2bltA2 14.000000
/data/pdb_release/all/pdb1utg.ent 17.333333
/data/pdb_release/all/pdb1ccd.ent 17.333333
/nfs/cathdata/dompdb/1ala01 20.000000
/nfs/cathdata/dompdb/1ann01 20.000000
/nfs/cathdata/dompdb/1ann02 20.666667
/tmp/1fliA0 14.000000
/data/pdb_release/all/pdb1etc.ent 24.000000
/tmp/1sttA0 28.666667
/data/pdb_release/all/pdb2hts.ent 30.000000
/data/pdb_release/all/pdb1hks.ent 8.666667
/data/pdb_release/all/pdb1enh.ent 15.333333
/data/pdb_release/all/pdb1ftz.ent 15.333333
/data/pdb_release/all/pdb1ftt.ent 14.000000
/tmp/1ahdP0 15.333333
/tmp/1fjlA0 15.333333
/data/pdb_release/all/pdb1vnd.ent 15.333333
/data/pdb_release/all/pdb1hdp.ent 15.333333
/data/pdb_release/all/pdb1ocp.ent 15.333333
/data/pdb_release/all/pdb1pog.ent 14.000000
/tmp/1yrnA0 15.333333
/tmp/1hcrA0 15.333333
/data/pdb_release/all/pdb1res.ent 15.333333
/data/pdb_release/all/pdb1lfb.ent 15.333333
/data/pdb_release/all/pdb2lfb.ent 15.333333
/tmp/1yrnB0 16.000000
/tmp/1fiaA0 16.666667
/data/pdb_release/all/pdb1mbe.ent 14.000000
/data/pdb_release/all/pdb1mbg.ent 14.000000
/data/pdb_release/all/pdb1mbj.ent 15.333333
/tmp/2wrpR0 22.666667
/nfs/cathdata/dompdb/2tct01 15.333333
/tmp/1bfmA0 15.333333
/tmp/1hryA0 15.333333
/data/pdb_release/all/pdb1hsm.ent 15.333333
/data/pdb_release/all/pdb1hma.ent 14.000000
/data/pdb_release/all/pdb1hme.ent 15.333333
/data/pdb_release/all/pdb1aab.ent 15.333333
/tmp/1trlA0 15.333333
/tmp/1mylA0 8.666667
/tmp/1parA0 8.666667
/tmp/1mntA0 17.333333
/data/pdb_release/all/pdb1lea.ent 23.333333
/tmp/1hstA0 26.000000
/data/pdb_release/all/pdb1ghc.ent 14.000000
/nfs/cathdata/dompdb/1dprA1 17.333333
/nfs/cathdata/dompdb/1bia01 26.000000
/nfs/cathdata/dompdb/1berA2 31.333333
/nfs/cathdata/dompdb/1pdnC1 26.000000
/nfs/cathdata/dompdb/1pdnC2 14.000000
