/tmp/2ltnB0 12.500000
/tmp/1lenB0 12.500000
/tmp/1lgcB0 0.000000
/nfs/cathdata/dompdb/1lyaB1 12.500000
/tmp/1aayA0 37.500000
/tmp/1ubdC0 47.500000
/tmp/1meyC0 45.000000
/tmp/2drpA0 26.250000
/tmp/1pyaA0 25.000000
/tmp/1hueA0 37.500000
/tmp/1wtuA0 50.000000
/tmp/1ihfA0 45.000000
/tmp/1ihfB0 46.250000
/nfs/cathdata/dompdb/1prcH1 50.000000
/nfs/cathdata/dompdb/1pcrH1 30.000000
/data/pdb_release/all/pdb4mt2.ent 0.000000
/data/pdb_release/all/pdb1tiv.ent 0.000000
/data/pdb_release/all/pdb1zaq.ent 0.000000
/data/pdb_release/all/pdb1iva.ent 0.000000
/data/pdb_release/all/pdb1agg.ent 0.000000
/data/pdb_release/all/pdb1cfh.ent 0.000000
/data/pdb_release/all/pdb1cfi.ent 0.000000
/data/pdb_release/all/pdb1aaf.ent 0.000000
/data/pdb_release/all/pdb2ech.ent 0.000000
/data/pdb_release/all/pdb1fvl.ent 0.000000
/data/pdb_release/all/pdb1kst.ent 7.500000
/tmp/1r0940 12.500000
/tmp/2plv40 20.000000
/tmp/1pvc40 17.500000
/tmp/1bbt40 25.000000
/tmp/1tme40 12.500000
/tmp/2mev40 12.500000
/tmp/1tabI0 0.000000
/data/pdb_release/all/pdb1pi2.ent 3.750000
/data/pdb_release/all/pdb1bbi.ent 15.000000
/nfs/cathdata/dompdb/1pcp01 12.500000
/nfs/cathdata/dompdb/2pspA2 12.500000
/nfs/cathdata/dompdb/1gcb01 61.250000
/nfs/cathdata/dompdb/1fieA2 61.250000
/nfs/cathdata/dompdb/1lgr01 68.750000
/nfs/cathdata/dompdb/1abbA1 80.000000
/nfs/cathdata/dompdb/1ygpA1 80.000000
/nfs/cathdata/dompdb/1pgd03 12.500000
/data/pdb_release/all/pdb1ldl.ent 0.000000
/data/pdb_release/all/pdb1ldr.ent 0.000000
/data/pdb_release/all/pdb1tap.ent 17.500000
/data/pdb_release/all/pdb5pti.ent 17.500000
/tmp/1aapA0 17.500000
/data/pdb_release/all/pdb1dtx.ent 20.000000
/data/pdb_release/all/pdb1dtk.ent 17.500000
/data/pdb_release/all/pdb1shp.ent 17.500000
/tmp/1brbI0 17.500000
/data/pdb_release/all/pdb1knt.ent 17.500000
/data/pdb_release/all/pdb1dem.ent 20.000000
/tmp/1bunB0 17.500000
/data/pdb_release/all/pdb1hnr.ent 12.500000
/tmp/1mhlA0 25.000000
/nfs/cathdata/dompdb/1gal02 25.000000
/nfs/cathdata/dompdb/1inp01 25.000000
/nfs/cathdata/dompdb/1rtc02 32.500000
/nfs/cathdata/dompdb/1apa02 40.000000
/nfs/cathdata/dompdb/1pafA2 40.000000
/nfs/cathdata/dompdb/1mrg02 40.000000
/nfs/cathdata/dompdb/1mrj02 40.000000
/nfs/cathdata/dompdb/1abrA2 40.000000
/tmp/1isuA0 12.500000
/data/pdb_release/all/pdb1hip.ent 26.250000
/tmp/2hipA0 7.500000
/data/pdb_release/all/pdb1hpi.ent 16.250000
/data/pdb_release/all/pdb1bbo.ent 25.000000
/nfs/cathdata/dompdb/1adt02 32.500000
/tmp/1abmA0 82.500000
/tmp/1idsA0 80.000000
/tmp/1isaA0 77.500000
/nfs/cathdata/dompdb/1vsgA1 63.750000
/tmp/1hmpA0 47.500000
/nfs/cathdata/dompdb/1adeA3 41.250000
/nfs/cathdata/dompdb/1qorA1 51.250000
/nfs/cathdata/dompdb/3btoA1 57.500000
/nfs/cathdata/dompdb/1dehA1 51.250000
/nfs/cathdata/dompdb/1cdoA1 57.500000
/nfs/cathdata/dompdb/1tehA1 56.250000
/nfs/cathdata/dompdb/1agnA1 57.500000
/tmp/1yptA0 62.500000
/data/pdb_release/all/pdb2hnp.ent 66.250000
/nfs/cathdata/dompdb/1yfoA1 38.750000
/tmp/1vhrA0 63.750000
/data/pdb_release/all/pdb1gpc.ent 65.000000
/nfs/cathdata/dompdb/1bgw05 77.500000
/nfs/cathdata/dompdb/1jetA1 61.250000
/nfs/cathdata/dompdb/1glaG1 78.750000
/nfs/cathdata/dompdb/1hgeA1 37.500000
/tmp/1ltsA0 60.000000
/tmp/1xtcA0 55.000000
/tmp/1tiiA0 63.750000
/tmp/1prtA0 61.250000
/nfs/cathdata/dompdb/1admA2 60.000000
/nfs/cathdata/dompdb/1chmA2 50.000000
/data/pdb_release/all/pdb1mat.ent 51.250000
/data/pdb_release/all/pdb1pbn.ent 67.500000
/data/pdb_release/all/pdb1ula.ent 63.750000
/tmp/1ecpA0 62.500000
/nfs/cathdata/dompdb/1dhx03 61.250000
/data/pdb_release/all/pdb2cyr.ent 50.000000
/data/pdb_release/all/pdb1wad.ent 35.000000
/data/pdb_release/all/pdb1czj.ent 62.500000
/tmp/1htmB0 35.000000
/nfs/cathdata/dompdb/1berA1 43.750000
/nfs/cathdata/dompdb/1dhx02 30.000000
/nfs/cathdata/dompdb/1gln02 45.000000
/nfs/cathdata/dompdb/1gtrA2 61.250000
/nfs/cathdata/dompdb/1prcH2 33.750000
/nfs/cathdata/dompdb/4rcrH2 17.500000
/nfs/cathdata/dompdb/1oxa01 33.750000
/nfs/cathdata/dompdb/1cpt01 45.000000
/nfs/cathdata/dompdb/1gcb02 80.000000
/data/pdb_release/all/pdb1mut.ent 31.250000
/data/pdb_release/all/pdb1pyp.ent 50.000000
/data/pdb_release/all/pdb2prd.ent 37.500000
/tmp/1eipA0 35.000000
/nfs/cathdata/dompdb/1ordA4 61.250000
/nfs/cathdata/dompdb/2cmd02 53.750000
/nfs/cathdata/dompdb/1mldA2 51.250000
/nfs/cathdata/dompdb/6ldh02 63.750000
/nfs/cathdata/dompdb/1llc02 45.000000
/nfs/cathdata/dompdb/1lldA2 55.000000
/nfs/cathdata/dompdb/2ldx02 51.250000
/nfs/cathdata/dompdb/3ldh02 68.750000
/nfs/cathdata/dompdb/5ldh02 50.000000
/nfs/cathdata/dompdb/9ldtA2 51.250000
/nfs/cathdata/dompdb/1ldb02 63.750000
/nfs/cathdata/dompdb/1hyhA2 51.250000
/nfs/cathdata/dompdb/4mdhA2 63.750000
/nfs/cathdata/dompdb/1bdmA2 62.500000
/nfs/cathdata/dompdb/1dctA2 36.250000
/tmp/1regX0 43.750000
/nfs/cathdata/dompdb/2bltA1 77.500000
/data/pdb_release/all/pdb1xaa.ent 68.750000
/data/pdb_release/all/pdb1xac.ent 63.750000
/tmp/1alkA0 76.250000
/data/pdb_release/all/pdb1lpp.ent 83.750000
/data/pdb_release/all/pdb1thg.ent 78.750000
/tmp/1cleA0 81.250000
/data/pdb_release/all/pdb1ace.ent 80.000000
/nfs/cathdata/dompdb/3ladA2 45.000000
/nfs/cathdata/dompdb/1lpfA2 43.750000
/nfs/cathdata/dompdb/1lvl02 40.000000
/nfs/cathdata/dompdb/1ebdA2 45.000000
/nfs/cathdata/dompdb/2tmdA3 52.500000
/nfs/cathdata/dompdb/1gerA2 42.500000
/nfs/cathdata/dompdb/1gesA2 42.500000
/nfs/cathdata/dompdb/3grs02 42.500000
/nfs/cathdata/dompdb/1tde02 52.500000
/nfs/cathdata/dompdb/1vdc02 47.500000
/nfs/cathdata/dompdb/1fecB2 42.500000
/nfs/cathdata/dompdb/1nhr02 52.500000
/nfs/cathdata/dompdb/1fcdA2 55.000000
/tmp/1pyaB0 47.500000
/nfs/cathdata/dompdb/1dik03 52.500000
/nfs/cathdata/dompdb/1aorA1 55.000000
/tmp/2dnjA0 65.000000
/tmp/1fjmA0 80.000000
/tmp/1tcoA0 81.250000
/nfs/cathdata/dompdb/1gph11 62.500000
/data/pdb_release/all/pdb1plq.ent 37.500000
/data/pdb_release/all/pdb1bnh.ent 85.000000
/data/pdb_release/all/pdb1cy3.ent 12.500000
/tmp/1cthA0 47.500000
/data/pdb_release/all/pdb2cdv.ent 47.500000
/nfs/cathdata/dompdb/1trkA1 73.750000
/tmp/1rvaA0 61.250000
/nfs/cathdata/dompdb/1atnA1 61.250000
/nfs/cathdata/dompdb/2btfA1 52.500000
/nfs/cathdata/dompdb/1olbA2 71.250000
/data/pdb_release/all/pdb2ctc.ent 62.500000
/data/pdb_release/all/pdb1amp.ent 62.500000
/nfs/cathdata/dompdb/1lam02 68.750000
/nfs/cathdata/dompdb/1tplA2 66.250000
/nfs/cathdata/dompdb/1dgd02 63.750000
/nfs/cathdata/dompdb/1aam02 85.000000
/nfs/cathdata/dompdb/1akaA2 68.750000
/nfs/cathdata/dompdb/2cstA2 68.750000
/nfs/cathdata/dompdb/1ordA2 71.250000
/data/pdb_release/all/pdb1rpa.ent 87.500000
/data/pdb_release/all/pdb1esc.ent 73.750000
/nfs/cathdata/dompdb/1gpb02 83.750000
/nfs/cathdata/dompdb/1ygpA2 80.000000
/tmp/1deaA0 58.750000
/tmp/1thtA0 62.500000
/tmp/1tahA0 77.500000
/tmp/1oilA0 73.750000
/nfs/cathdata/dompdb/1hplA1 62.500000
/nfs/cathdata/dompdb/1lpbB1 65.000000
/tmp/1ethA0 63.750000
/data/pdb_release/all/pdb1gpl.ent 68.750000
/data/pdb_release/all/pdb1tca.ent 75.000000
/data/pdb_release/all/pdb1ede.ent 78.750000
/data/pdb_release/all/pdb1ysc.ent 80.000000
/nfs/cathdata/dompdb/1asyA2 77.500000
/nfs/cathdata/dompdb/1lylA2 67.500000
/nfs/cathdata/dompdb/1serA2 68.750000
/data/pdb_release/all/pdb3pte.ent 90.000000
/nfs/cathdata/dompdb/1abrA1 53.750000
/nfs/cathdata/dompdb/1ahc01 53.750000
/nfs/cathdata/dompdb/1mrj01 53.750000
/nfs/cathdata/dompdb/1apa01 55.000000
/nfs/cathdata/dompdb/1pafA1 56.250000
/tmp/4dfrA0 55.000000
/data/pdb_release/all/pdb3dfr.ent 52.500000
/data/pdb_release/all/pdb8dfr.ent 61.250000
/data/pdb_release/all/pdb1drf.ent 61.250000
/data/pdb_release/all/pdb1dyr.ent 57.500000
/nfs/cathdata/dompdb/1adeA1 55.000000
/nfs/cathdata/dompdb/3pmgA1 57.500000
/data/pdb_release/all/pdb1udg.ent 68.750000
/nfs/cathdata/dompdb/3pgk02 71.250000
/nfs/cathdata/dompdb/1php02 62.500000
/nfs/cathdata/dompdb/1gpmA1 47.500000
/nfs/cathdata/dompdb/1powA3 70.000000
/nfs/cathdata/dompdb/1pvdA3 70.000000
/nfs/cathdata/dompdb/1pvdA1 63.750000
/nfs/cathdata/dompdb/1powA1 62.500000
/nfs/cathdata/dompdb/1trkA2 70.000000
/nfs/cathdata/dompdb/1tyaE1 77.500000
/nfs/cathdata/dompdb/2tysB2 57.500000
/nfs/cathdata/dompdb/1minA1 72.500000
/nfs/cathdata/dompdb/1mioA1 65.000000
/nfs/cathdata/dompdb/3ecaA1 52.500000
/nfs/cathdata/dompdb/1agx01 61.250000
/nfs/cathdata/dompdb/3pga11 53.750000
/tmp/1wsaA0 62.500000
/tmp/1nbaA0 60.000000
/nfs/cathdata/dompdb/2reb01 65.000000
/tmp/1smnA0 55.000000
/tmp/1eriA0 66.250000
/nfs/cathdata/dompdb/1lvl01 52.500000
/nfs/cathdata/dompdb/1ebdA1 55.000000
/nfs/cathdata/dompdb/1gal01 51.250000
/nfs/cathdata/dompdb/1fcdA1 50.000000
/nfs/cathdata/dompdb/1coy01 61.250000
/nfs/cathdata/dompdb/1pbe01 71.250000
/nfs/cathdata/dompdb/1aa8A1 61.250000
/nfs/cathdata/dompdb/1dob02 61.250000
/data/pdb_release/all/pdb1cge.ent 43.750000
/data/pdb_release/all/pdb1mnc.ent 45.000000
/data/pdb_release/all/pdb1srt.ent 47.500000
/nfs/cathdata/dompdb/1fbl01 45.000000
/data/pdb_release/all/pdb1mmq.ent 45.000000
/data/pdb_release/all/pdb1slm.ent 63.750000
/tmp/1atlA0 65.000000
/data/pdb_release/all/pdb1iag.ent 62.500000
/nfs/cathdata/dompdb/1kapP2 53.750000
/nfs/cathdata/dompdb/1sat02 55.000000
/data/pdb_release/all/pdb1iab.ent 45.000000
/nfs/cathdata/dompdb/1lcf01 62.500000
/nfs/cathdata/dompdb/1ovt01 63.750000
/nfs/cathdata/dompdb/1ovt03 66.250000
/nfs/cathdata/dompdb/1nnt01 51.250000
/nfs/cathdata/dompdb/1tfd01 50.000000
/nfs/cathdata/dompdb/1lcf03 65.000000
/nfs/cathdata/dompdb/1dot01 65.000000
/nfs/cathdata/dompdb/1dot03 63.750000
/nfs/cathdata/dompdb/1quk01 62.500000
/nfs/cathdata/dompdb/1sbp01 72.500000
/nfs/cathdata/dompdb/1dmb01 71.250000
/nfs/cathdata/dompdb/1pot01 70.000000
/nfs/cathdata/dompdb/3sc2A1 47.500000
/nfs/cathdata/dompdb/1rtc01 56.250000
/tmp/1pviA0 63.750000
/nfs/cathdata/dompdb/1bllE1 57.500000
/nfs/cathdata/dompdb/1scuB3 57.500000
/nfs/cathdata/dompdb/1ora01 61.250000
/nfs/cathdata/dompdb/1ora02 62.500000
/nfs/cathdata/dompdb/2glt01 42.500000
/nfs/cathdata/dompdb/1ttqB1 72.500000
/data/pdb_release/all/pdb3pgm.ent 78.750000
/nfs/cathdata/dompdb/1gtrA1 65.000000
/nfs/cathdata/dompdb/1gln01 71.250000
/tmp/1dsbA0 76.250000
/tmp/1gp1A0 55.000000
/nfs/cathdata/dompdb/1chmA1 55.000000
/nfs/cathdata/dompdb/1scuB1 55.000000
/nfs/cathdata/dompdb/1mla02 82.500000
/nfs/cathdata/dompdb/1glaG2 61.250000
/nfs/cathdata/dompdb/1ami01 65.000000
/data/pdb_release/all/pdb1ak2.ent 70.000000
/tmp/1ak3A0 66.250000
/tmp/1akeA0 68.750000
/data/pdb_release/all/pdb1aky.ent 73.750000
/data/pdb_release/all/pdb3adk.ent 70.000000
/data/pdb_release/all/pdb1ukz.ent 71.250000
/data/pdb_release/all/pdb1ukd.ent 70.000000
/nfs/cathdata/dompdb/2tmdA2 67.500000
/nfs/cathdata/dompdb/1nhp01 37.500000
/nfs/cathdata/dompdb/1trb01 43.750000
/nfs/cathdata/dompdb/1vdc01 41.250000
/nfs/cathdata/dompdb/1typA1 55.000000
/nfs/cathdata/dompdb/1gesA1 60.000000
/nfs/cathdata/dompdb/3grs01 53.750000
/nfs/cathdata/dompdb/3ladA1 55.000000
/nfs/cathdata/dompdb/1lpfA1 53.750000
/nfs/cathdata/dompdb/1pfkA2 63.750000
/nfs/cathdata/dompdb/3pfk02 63.750000
/nfs/cathdata/dompdb/3pgk01 53.750000
/nfs/cathdata/dompdb/1php01 62.500000
/nfs/cathdata/dompdb/3pmgA3 56.250000
/tmp/2rslA0 53.750000
/tmp/1gdtA0 72.500000
/nfs/cathdata/dompdb/1ctt02 42.500000
/nfs/cathdata/dompdb/1ctt01 67.500000
/tmp/1whtB0 66.250000
/nfs/cathdata/dompdb/1trkA3 58.750000
/nfs/cathdata/dompdb/1dmb02 43.750000
/nfs/cathdata/dompdb/1pda02 38.750000
/nfs/cathdata/dompdb/1hslA2 42.500000
/nfs/cathdata/dompdb/1lst02 55.000000
/nfs/cathdata/dompdb/1pbp02 72.500000
/nfs/cathdata/dompdb/1sbp02 72.500000
/data/pdb_release/all/pdb1ovb.ent 51.250000
/nfs/cathdata/dompdb/1lcf02 70.000000
/nfs/cathdata/dompdb/1lcf04 45.000000
/nfs/cathdata/dompdb/1ovt02 51.250000
/nfs/cathdata/dompdb/1ovt04 45.000000
/nfs/cathdata/dompdb/1tfd02 66.250000
/nfs/cathdata/dompdb/1dot04 35.000000
/nfs/cathdata/dompdb/1poy12 61.250000
/nfs/cathdata/dompdb/1inp03 50.000000
/nfs/cathdata/dompdb/1imbA2 50.000000
/nfs/cathdata/dompdb/1fbcA2 47.500000
/nfs/cathdata/dompdb/1ftaA2 50.000000
/nfs/cathdata/dompdb/1spiA2 52.500000
/nfs/cathdata/dompdb/1pda01 55.000000
/nfs/cathdata/dompdb/1hslA1 60.000000
/nfs/cathdata/dompdb/1lst01 60.000000
/nfs/cathdata/dompdb/2ldx01 55.000000
/nfs/cathdata/dompdb/3ldh01 55.000000
/nfs/cathdata/dompdb/5ldh01 70.000000
/nfs/cathdata/dompdb/9ldtA1 52.500000
/data/pdb_release/all/pdb5nll.ent 55.000000
/data/pdb_release/all/pdb2fx2.ent 52.500000
/data/pdb_release/all/pdb1ofv.ent 55.000000
/data/pdb_release/all/pdb2fcr.ent 55.000000
/data/pdb_release/all/pdb1rcf.ent 52.500000
/tmp/1lfaA0 66.250000
/data/pdb_release/all/pdb1ido.ent 71.250000
/nfs/cathdata/dompdb/1pfkA1 56.250000
/nfs/cathdata/dompdb/3pfk01 55.000000
/data/pdb_release/all/pdb1cus.ent 62.500000
/data/pdb_release/all/pdb1dad.ent 72.500000
/data/pdb_release/all/pdb1tib.ent 62.500000
/data/pdb_release/all/pdb3tgl.ent 56.250000
/tmp/1lgyA0 60.000000
/data/pdb_release/all/pdb1vid.ent 66.250000
/data/pdb_release/all/pdb1pdo.ent 66.250000
/nfs/cathdata/dompdb/1gpmA2 67.500000
/nfs/cathdata/dompdb/1dnpA1 63.750000
/nfs/cathdata/dompdb/1bgw02 61.250000
/nfs/cathdata/dompdb/1guhA1 61.250000
/nfs/cathdata/dompdb/1glqA1 61.250000
/nfs/cathdata/dompdb/2gsq01 50.000000
/nfs/cathdata/dompdb/2gsrA1 63.750000
/nfs/cathdata/dompdb/1gssA1 66.250000
/nfs/cathdata/dompdb/2gstA1 55.000000
/nfs/cathdata/dompdb/1gta01 52.500000
/nfs/cathdata/dompdb/1hna01 52.500000
/nfs/cathdata/dompdb/3pmgA2 46.250000
/data/pdb_release/all/pdb1lba.ent 42.500000
/tmp/1meeA0 66.250000
/nfs/cathdata/dompdb/1ordA1 53.750000
/data/pdb_release/all/pdb1ntr.ent 63.750000
/nfs/cathdata/dompdb/1gdhA2 66.250000
/nfs/cathdata/dompdb/2nacA2 70.000000
/nfs/cathdata/dompdb/2dldA2 63.750000
/nfs/cathdata/dompdb/2dldA1 51.250000
/nfs/cathdata/dompdb/1scuB2 42.500000
/nfs/cathdata/dompdb/1scuA1 53.750000
/nfs/cathdata/dompdb/1scuA2 62.500000
/data/pdb_release/all/pdb1phr.ent 66.250000
/nfs/cathdata/dompdb/1bmtA2 61.250000
/tmp/1iceA0 52.500000
/data/pdb_release/all/pdb1etu.ent 62.500000
/nfs/cathdata/dompdb/1eft01 62.500000
/data/pdb_release/all/pdb5p21.ent 62.500000
/tmp/1guaA0 63.750000
/tmp/1hurA0 55.000000
/tmp/1nipA0 71.250000
/nfs/cathdata/dompdb/1gky02 63.750000
/nfs/cathdata/dompdb/1dar01 62.500000
/nfs/cathdata/dompdb/1raaA1 52.500000
/nfs/cathdata/dompdb/1raaA2 53.750000
/nfs/cathdata/dompdb/2atcA2 47.500000
/nfs/cathdata/dompdb/4mdhA1 53.750000
/nfs/cathdata/dompdb/1bdmA1 53.750000
/nfs/cathdata/dompdb/2cmd01 51.250000
/nfs/cathdata/dompdb/1mldA1 53.750000
/nfs/cathdata/dompdb/1hyhA1 52.500000
/nfs/cathdata/dompdb/6ldh01 52.500000
/nfs/cathdata/dompdb/1ldb01 50.000000
/nfs/cathdata/dompdb/1llc01 55.000000
/nfs/cathdata/dompdb/1lldA1 57.500000
/nfs/cathdata/dompdb/1bdhA3 51.250000
/nfs/cathdata/dompdb/1tlfA2 50.000000
/nfs/cathdata/dompdb/1dbp01 48.750000
/data/pdb_release/all/pdb3chy.ent 56.250000
/nfs/cathdata/dompdb/1abe01 51.250000
/nfs/cathdata/dompdb/1gdhA1 60.000000
/nfs/cathdata/dompdb/1gca01 55.000000
/nfs/cathdata/dompdb/1gdd01 57.500000
/nfs/cathdata/dompdb/1tadA1 63.750000
/nfs/cathdata/dompdb/1gotA1 63.750000
/nfs/cathdata/dompdb/1gd1O1 53.750000
/nfs/cathdata/dompdb/4gpd11 61.250000
/nfs/cathdata/dompdb/1cerO1 57.500000
/nfs/cathdata/dompdb/1gadO1 57.500000
/nfs/cathdata/dompdb/1gypA1 51.250000
/nfs/cathdata/dompdb/1hdgO1 57.500000
/nfs/cathdata/dompdb/2lbp02 56.250000
/nfs/cathdata/dompdb/2liv02 53.750000
/nfs/cathdata/dompdb/2lbp01 62.500000
/nfs/cathdata/dompdb/2liv01 61.250000
/nfs/cathdata/dompdb/1pea02 63.750000
/nfs/cathdata/dompdb/1pea01 63.750000
/nfs/cathdata/dompdb/1ecl01 80.000000
/nfs/cathdata/dompdb/1admA1 53.750000
/nfs/cathdata/dompdb/1dctA1 55.000000
/nfs/cathdata/dompdb/1hmy01 51.250000
/tmp/1garA0 51.250000
/data/pdb_release/all/pdb1chd.ent 56.250000
/data/pdb_release/all/pdb1thm.ent 65.000000
/tmp/1cseE0 66.250000
/data/pdb_release/all/pdb1st3.ent 66.250000
/data/pdb_release/all/pdb2pkc.ent 52.500000
/data/pdb_release/all/pdb1s01.ent 66.250000
/nfs/cathdata/dompdb/1poxA2 53.750000
/nfs/cathdata/dompdb/1pvdA2 45.000000
/nfs/cathdata/dompdb/2pia02 56.250000
/nfs/cathdata/dompdb/1fnb02 65.000000
/nfs/cathdata/dompdb/1que02 66.250000
/nfs/cathdata/dompdb/1cnd02 62.500000
/nfs/cathdata/dompdb/1ndh02 53.750000
/nfs/cathdata/dompdb/1gph12 67.500000
/nfs/cathdata/dompdb/1ecgA2 56.250000
/data/pdb_release/all/pdb1sto.ent 60.000000
/nfs/cathdata/dompdb/2bgt02 63.750000
/nfs/cathdata/dompdb/2bgt01 46.250000
/nfs/cathdata/dompdb/2nacA1 55.000000
/data/pdb_release/all/pdb1dhr.ent 61.250000
/tmp/1hdcA0 65.000000
/data/pdb_release/all/pdb1eny.ent 73.750000
/nfs/cathdata/dompdb/1psdA1 60.000000
/nfs/cathdata/dompdb/1psdA2 61.250000
/nfs/cathdata/dompdb/1qorA2 61.250000
/nfs/cathdata/dompdb/3btoA2 63.750000
/nfs/cathdata/dompdb/1dehA2 63.750000
/nfs/cathdata/dompdb/1cdoA2 63.750000
/nfs/cathdata/dompdb/1tehA2 63.750000
/nfs/cathdata/dompdb/1agnA2 61.250000
/nfs/cathdata/dompdb/1dih01 58.750000
/nfs/cathdata/dompdb/2pgd01 63.750000
/nfs/cathdata/dompdb/1dpgA1 62.500000
/nfs/cathdata/dompdb/1dbqA1 50.000000
/nfs/cathdata/dompdb/1tlfA1 51.250000
/nfs/cathdata/dompdb/2dri02 53.750000
/nfs/cathdata/dompdb/1gca02 60.000000
/nfs/cathdata/dompdb/2gbp02 58.750000
/nfs/cathdata/dompdb/8abp02 53.750000
/data/pdb_release/all/pdb1ghu.ent 31.250000
/nfs/cathdata/dompdb/1ad5A2 31.250000
/tmp/1ayaA0 31.250000
/tmp/2pldA0 31.250000
/data/pdb_release/all/pdb1svq.ent 38.750000
/data/pdb_release/all/pdb1vil.ent 30.000000
/data/pdb_release/all/pdb1aba.ent 40.000000
/data/pdb_release/all/pdb1ego.ent 52.500000
/tmp/2trxA0 55.000000
/data/pdb_release/all/pdb1thx.ent 52.500000
/data/pdb_release/all/pdb3trx.ent 58.750000
/data/pdb_release/all/pdb1tof.ent 52.500000
/nfs/cathdata/dompdb/1pxtA1 66.250000
/nfs/cathdata/dompdb/1pxtA2 70.000000
/nfs/cathdata/dompdb/2yhx02 65.000000
/nfs/cathdata/dompdb/1dik01 63.750000
/nfs/cathdata/dompdb/2minA3 48.750000
/nfs/cathdata/dompdb/1mioA3 51.250000
/nfs/cathdata/dompdb/2minB2 40.000000
/nfs/cathdata/dompdb/2minB3 51.250000
/nfs/cathdata/dompdb/1mioB2 43.750000
/nfs/cathdata/dompdb/1mioB4 53.750000
/nfs/cathdata/dompdb/2minA2 70.000000
/nfs/cathdata/dompdb/1mioA2 63.750000
/nfs/cathdata/dompdb/2minB1 70.000000
/nfs/cathdata/dompdb/1mioB1 77.500000
/nfs/cathdata/dompdb/1iow01 33.750000
/nfs/cathdata/dompdb/1bncA1 42.500000
/nfs/cathdata/dompdb/3ecaA2 61.250000
/nfs/cathdata/dompdb/1agx02 61.250000
/nfs/cathdata/dompdb/3pga12 61.250000
/nfs/cathdata/dompdb/1pkyA1 53.750000
/nfs/cathdata/dompdb/1pkm01 70.000000
/nfs/cathdata/dompdb/1hsbA1 61.250000
/nfs/cathdata/dompdb/2clrA1 62.500000
/nfs/cathdata/dompdb/1mhcA1 62.500000
/tmp/1tmcA0 53.750000
/nfs/cathdata/dompdb/1fruA1 55.000000
/nfs/cathdata/dompdb/1tssA1 36.250000
/nfs/cathdata/dompdb/1se202 46.250000
/nfs/cathdata/dompdb/1sebD2 41.250000
/nfs/cathdata/dompdb/1esfA2 48.750000
/data/pdb_release/all/pdb1vhh.ent 46.250000
/nfs/cathdata/dompdb/3pmgA4 48.750000
/nfs/cathdata/dompdb/1imbA1 52.500000
/nfs/cathdata/dompdb/5fbpA1 46.250000
/nfs/cathdata/dompdb/1ftaA1 52.500000
/nfs/cathdata/dompdb/1spiA1 55.000000
/nfs/cathdata/dompdb/1inp02 52.500000
/nfs/cathdata/dompdb/1gd1O2 35.000000
/nfs/cathdata/dompdb/4gpd12 42.500000
/nfs/cathdata/dompdb/1cerO2 47.500000
/nfs/cathdata/dompdb/1gadO2 46.250000
/nfs/cathdata/dompdb/1gypA2 45.000000
/nfs/cathdata/dompdb/1hdgO2 42.500000
/data/pdb_release/all/pdb1cia.ent 48.750000
/nfs/cathdata/dompdb/1gal03 76.250000
/nfs/cathdata/dompdb/1dpgA2 75.000000
/data/pdb_release/all/pdb1dpb.ent 60.000000
/data/pdb_release/all/pdb1adn.ent 30.000000
/data/pdb_release/all/pdb2pna.ent 28.750000
/data/pdb_release/all/pdb1ab2.ent 30.000000
/tmp/1shaA0 31.250000
/tmp/1lcjA0 31.250000
/tmp/1csyA0 30.000000
/data/pdb_release/all/pdb1blj.ent 31.250000
/data/pdb_release/all/pdb1fim.ent 32.500000
/tmp/1mifA0 30.000000
/tmp/1kptA0 45.000000
/nfs/cathdata/dompdb/1dja01 43.750000
/nfs/cathdata/dompdb/1mblA1 38.750000
/nfs/cathdata/dompdb/1btl01 36.250000
/data/pdb_release/all/pdb2phy.ent 62.500000
/data/pdb_release/all/pdb1fil.ent 43.750000
/data/pdb_release/all/pdb1pne.ent 43.750000
/data/pdb_release/all/pdb1acf.ent 46.250000
/data/pdb_release/all/pdb2acg.ent 46.250000
/data/pdb_release/all/pdb1cqa.ent 41.250000
/nfs/cathdata/dompdb/1pnkB1 53.750000
/nfs/cathdata/dompdb/1oacA1 36.250000
/tmp/1otgA0 52.500000
/nfs/cathdata/dompdb/1ami02 51.250000
/nfs/cathdata/dompdb/1bpb02 48.750000
/nfs/cathdata/dompdb/9icwA3 41.250000
/nfs/cathdata/dompdb/1daaA1 45.000000
/nfs/cathdata/dompdb/1iov02 60.000000
/nfs/cathdata/dompdb/1glt02 45.000000
/tmp/1gtqA0 63.750000
/nfs/cathdata/dompdb/1bia02 53.750000
/nfs/cathdata/dompdb/1antI2 72.500000
/nfs/cathdata/dompdb/1hleA2 73.750000
/nfs/cathdata/dompdb/1ovaA2 75.000000
/nfs/cathdata/dompdb/2achA1 72.500000
/nfs/cathdata/dompdb/7apiA2 75.000000
/nfs/cathdata/dompdb/1pnkB2 36.250000
/nfs/cathdata/dompdb/1ami03 52.500000
/nfs/cathdata/dompdb/1hocA1 50.000000
/nfs/cathdata/dompdb/1hsaA1 60.000000
/nfs/cathdata/dompdb/1vaaA1 63.750000
/nfs/cathdata/dompdb/1dik06 42.500000
/nfs/cathdata/dompdb/1mdl01 53.750000
/nfs/cathdata/dompdb/4enl01 53.750000
/nfs/cathdata/dompdb/1pdz01 52.500000
/nfs/cathdata/dompdb/1nhp03 55.000000
/nfs/cathdata/dompdb/3ladA3 66.250000
/nfs/cathdata/dompdb/1lpfA3 61.250000
/nfs/cathdata/dompdb/1lvl03 61.250000
/nfs/cathdata/dompdb/1ebdA3 66.250000
/nfs/cathdata/dompdb/1tytA3 55.000000
/nfs/cathdata/dompdb/1gesA3 55.000000
/nfs/cathdata/dompdb/3grs03 45.000000
/nfs/cathdata/dompdb/1irk01 26.250000
/nfs/cathdata/dompdb/1apmE2 36.250000
/nfs/cathdata/dompdb/1ckiA1 48.750000
/nfs/cathdata/dompdb/1csn01 45.000000
/nfs/cathdata/dompdb/1coy02 55.000000
/nfs/cathdata/dompdb/1rthA4 32.500000
/tmp/1hrhA0 52.500000
/data/pdb_release/all/pdb2rn2.ent 62.500000
/data/pdb_release/all/pdb1ril.ent 63.750000
/tmp/1hjrA0 57.500000
/data/pdb_release/all/pdb1itg.ent 58.750000
/data/pdb_release/all/pdb1asu.ent 60.000000
/nfs/cathdata/dompdb/1bcmA1 62.500000
/nfs/cathdata/dompdb/1atr03 42.500000
/nfs/cathdata/dompdb/1atnA2 56.250000
/nfs/cathdata/dompdb/2btfA2 53.750000
/nfs/cathdata/dompdb/2yhx03 46.250000
/nfs/cathdata/dompdb/1atr01 45.000000
/nfs/cathdata/dompdb/1mngA2 61.250000
/nfs/cathdata/dompdb/3sdpA2 25.000000
/tmp/1kpaA0 43.750000
/nfs/cathdata/dompdb/1bpb03 37.500000
/nfs/cathdata/dompdb/1pkp02 31.250000
/nfs/cathdata/dompdb/1dar04 32.500000
/tmp/1copD0 43.750000
/data/pdb_release/all/pdb1orc.ent 43.750000
/nfs/cathdata/dompdb/2reb02 40.000000
/nfs/cathdata/dompdb/1derA2 41.250000
/tmp/1iceB0 25.000000
/tmp/2kauA0 50.000000
/nfs/cathdata/dompdb/1gpmA3 35.000000
/nfs/cathdata/dompdb/1mxa03 35.000000
/nfs/cathdata/dompdb/1mxa01 51.250000
/nfs/cathdata/dompdb/1mxa02 42.500000
/nfs/cathdata/dompdb/1xrb02 31.250000
/nfs/cathdata/dompdb/1ytbA2 33.750000
/nfs/cathdata/dompdb/1tghA2 35.000000
/nfs/cathdata/dompdb/1vokA2 35.000000
/nfs/cathdata/dompdb/1tbpA1 38.750000
/nfs/cathdata/dompdb/1tghA1 36.250000
/nfs/cathdata/dompdb/1vokA1 36.250000
/nfs/cathdata/dompdb/1pczA1 35.000000
/nfs/cathdata/dompdb/1pczA2 31.250000
/nfs/cathdata/dompdb/1bmc02 36.250000
/nfs/cathdata/dompdb/1sebA1 22.500000
/nfs/cathdata/dompdb/1sebB1 53.750000
/tmp/2sicI0 32.500000
/nfs/cathdata/dompdb/1dih02 32.500000
/tmp/1brsD0 52.500000
/data/pdb_release/all/pdb1msc.ent 36.250000
/tmp/1unaA0 35.000000
/nfs/cathdata/dompdb/1chkA2 47.500000
/nfs/cathdata/dompdb/1svb03 11.250000
/nfs/cathdata/dompdb/1oacA4 32.500000
/tmp/1latA0 25.000000
/tmp/2nllA0 25.000000
/tmp/2nllB0 47.500000
/data/pdb_release/all/pdb1tns.ent 37.500000
/data/pdb_release/all/pdb1ife.ent 25.000000
/data/pdb_release/all/pdb1tig.ent 35.000000
/nfs/cathdata/dompdb/1hpm04 41.250000
/nfs/cathdata/dompdb/1bncA2 25.000000
/nfs/cathdata/dompdb/1iow03 43.750000
/nfs/cathdata/dompdb/1glt03 33.750000
/tmp/1humA0 21.250000
/tmp/1hrjA0 16.250000
/tmp/1domA0 17.500000
/tmp/1plfA0 20.000000
/tmp/1mgsA0 21.250000
/data/pdb_release/all/pdb3il8.ent 21.250000
/tmp/1rhpA0 20.000000
/tmp/1napA0 23.750000
/tmp/1rodA0 16.250000
/data/pdb_release/all/pdb1stu.ent 28.750000
/nfs/cathdata/dompdb/1pkp01 21.250000
/nfs/cathdata/dompdb/1pda03 41.250000
/data/pdb_release/all/pdb1ncs.ent 12.500000
/tmp/1cksA0 25.000000
/tmp/1sceA0 25.000000
/tmp/1dktA0 21.250000
/tmp/1rblM0 33.750000
/tmp/3rubS0 33.750000
/tmp/8rubS0 33.750000
/tmp/8rucI0 33.750000
/tmp/1burS0 33.750000
/nfs/cathdata/dompdb/1amg02 12.500000
/nfs/cathdata/dompdb/1amy02 16.250000
/data/pdb_release/all/pdb1zer.ent 43.750000
/data/pdb_release/all/pdb1aps.ent 31.250000
/tmp/2bopA0 35.000000
/data/pdb_release/all/pdb2pii.ent 32.500000
/tmp/2chsA0 31.250000
/nfs/cathdata/dompdb/8atcB1 33.750000
/nfs/cathdata/dompdb/2atcB1 12.500000
/tmp/1nhkL0 68.750000
/data/pdb_release/all/pdb1ndk.ent 70.000000
/tmp/1nsqA0 72.500000
/tmp/1nskL0 68.750000
/nfs/cathdata/dompdb/1rbaA1 48.750000
/nfs/cathdata/dompdb/3rubL1 55.000000
/nfs/cathdata/dompdb/8rucA1 55.000000
/nfs/cathdata/dompdb/1rblA1 55.000000
/nfs/cathdata/dompdb/1ars01 60.000000
/nfs/cathdata/dompdb/7aatA1 62.500000
/nfs/cathdata/dompdb/2cstA1 60.000000
/nfs/cathdata/dompdb/1ordA3 70.000000
/nfs/cathdata/dompdb/2dkb01 51.250000
/nfs/cathdata/dompdb/1tplA1 62.500000
/tmp/1dcoA0 41.250000
/data/pdb_release/all/pdb1vig.ent 40.000000
/tmp/1xxaA0 37.500000
/nfs/cathdata/dompdb/1bgw04 43.750000
/nfs/cathdata/dompdb/1dar05 46.250000
/nfs/cathdata/dompdb/1mla01 33.750000
/nfs/cathdata/dompdb/1psdA3 33.750000
/nfs/cathdata/dompdb/1dloA2 31.250000
/nfs/cathdata/dompdb/1mml02 61.250000
/tmp/1gluA0 25.000000
/data/pdb_release/all/pdb1hra.ent 25.000000
/tmp/1hcqA0 25.000000
/nfs/cathdata/dompdb/1bgw01 21.250000
/data/pdb_release/all/pdb1nef.ent 40.000000
/tmp/1efnB0 40.000000
/nfs/cathdata/dompdb/1gky01 30.000000
/nfs/cathdata/dompdb/1yua01 21.250000
/data/pdb_release/all/pdb1vcc.ent 33.750000
/nfs/cathdata/dompdb/1svb02 32.500000
/nfs/cathdata/dompdb/1yua02 20.000000
/tmp/1otfA0 17.500000
/data/pdb_release/all/pdb1cbn.ent 25.000000
/data/pdb_release/all/pdb1bhp.ent 25.000000
/data/pdb_release/all/pdb2plh.ent 25.000000
/data/pdb_release/all/pdb1fdx.ent 12.500000
/data/pdb_release/all/pdb1clf.ent 0.000000
/data/pdb_release/all/pdb1fca.ent 12.500000
/data/pdb_release/all/pdb1fdn.ent 12.500000
/data/pdb_release/all/pdb1blu.ent 25.000000
/data/pdb_release/all/pdb1fxd.ent 25.000000
/data/pdb_release/all/pdb2fxb.ent 27.500000
/tmp/1fxrA0 35.000000
/data/pdb_release/all/pdb1rof.ent 12.500000
/data/pdb_release/all/pdb5fd1.ent 47.500000
/data/pdb_release/all/pdb1fwp.ent 33.750000
/data/pdb_release/all/pdb1sxl.ent 30.000000
/data/pdb_release/all/pdb1fht.ent 41.250000
/data/pdb_release/all/pdb1pba.ent 28.750000
/data/pdb_release/all/pdb1ris.ent 32.500000
/data/pdb_release/all/pdb1ctf.ent 41.250000
/tmp/1spbP0 32.500000
/data/pdb_release/all/pdb1ptf.ent 45.000000
/data/pdb_release/all/pdb1poh.ent 45.000000
/data/pdb_release/all/pdb2hpr.ent 42.500000
/data/pdb_release/all/pdb1pch.ent 45.000000
/data/pdb_release/all/pdb1sxm.ent 20.000000
/data/pdb_release/all/pdb2sn3.ent 20.000000
/data/pdb_release/all/pdb1vna.ent 17.500000
/data/pdb_release/all/pdb1nra.ent 17.500000
/data/pdb_release/all/pdb1ptx.ent 21.250000
/data/pdb_release/all/pdb1lqh.ent 18.750000
/data/pdb_release/all/pdb1snb.ent 18.750000
/data/pdb_release/all/pdb1gps.ent 21.250000
/data/pdb_release/all/pdb1gpt.ent 18.750000
/data/pdb_release/all/pdb1chc.ent 12.500000
/data/pdb_release/all/pdb1caa.ent 3.750000
/data/pdb_release/all/pdb1iro.ent 0.000000
/data/pdb_release/all/pdb1rdg.ent 0.000000
/data/pdb_release/all/pdb4rxn.ent 0.000000
/data/pdb_release/all/pdb6rxn.ent 0.000000
/tmp/8rxnA0 0.000000
/tmp/1gatA0 20.000000
/data/pdb_release/all/pdb1bus.ent 12.500000
/data/pdb_release/all/pdb2ovo.ent 16.250000
/data/pdb_release/all/pdb3ovo.ent 16.250000
/nfs/cathdata/dompdb/1tbrR1 16.250000
/nfs/cathdata/dompdb/1tbrR2 16.250000
/data/pdb_release/all/pdb1ptq.ent 17.500000
/nfs/cathdata/dompdb/9wgaA1 12.500000
/nfs/cathdata/dompdb/9wgaA2 12.500000
/nfs/cathdata/dompdb/9wgaA3 12.500000
/nfs/cathdata/dompdb/9wgaA4 12.500000
/nfs/cathdata/dompdb/2cwgA2 12.500000
/nfs/cathdata/dompdb/1wgtA3 12.500000
/tmp/1tgsI0 16.250000
/tmp/1cgiI0 16.250000
/data/pdb_release/all/pdb1pce.ent 16.250000
/data/pdb_release/all/pdb1hev.ent 12.500000
/data/pdb_release/all/pdb2alr.ent 71.250000
/data/pdb_release/all/pdb1frb.ent 68.750000
/nfs/cathdata/dompdb/1rlcL2 73.750000
/nfs/cathdata/dompdb/1rblA2 78.750000
/nfs/cathdata/dompdb/1rbaA2 65.000000
/nfs/cathdata/dompdb/1oneA2 65.000000
/nfs/cathdata/dompdb/1pdz02 67.500000
/tmp/1chrA0 73.750000
/tmp/1mucA0 77.500000
/data/pdb_release/all/pdb2mnr.ent 77.500000
/nfs/cathdata/dompdb/1mdr02 68.750000
/data/pdb_release/all/pdb1gox.ent 76.250000
/tmp/1fcbB0 76.250000
/nfs/cathdata/dompdb/2tmdA1 73.750000
/data/pdb_release/all/pdb1oya.ent 77.500000
/data/pdb_release/all/pdb1add.ent 80.000000
/data/pdb_release/all/pdb1pta.ent 78.750000
/data/pdb_release/all/pdb1xis.ent 90.000000
/tmp/1ximA0 90.000000
/tmp/1xlaA0 87.500000
/tmp/1dxiA0 92.500000
/data/pdb_release/all/pdb1dtp.ent 61.250000
/tmp/1dmaA0 57.500000
/nfs/cathdata/dompdb/1dik04 83.750000
/nfs/cathdata/dompdb/1kauC2 87.500000
/nfs/cathdata/dompdb/1aa8A2 36.250000
/tmp/1hymA0 12.500000
/tmp/1cseI0 20.000000
/tmp/1ypcI0 20.000000
/data/pdb_release/all/pdb1cis.ent 17.500000
/data/pdb_release/all/pdb1mit.ent 20.000000
/nfs/cathdata/dompdb/2baa02 12.500000
/data/pdb_release/all/pdb1ica.ent 12.500000
/data/pdb_release/all/pdb1cnv.ent 65.000000
/tmp/1xyzA0 72.500000
/data/pdb_release/all/pdb1exp.ent 70.000000
/tmp/1clxA0 66.250000
/data/pdb_release/all/pdb2ebn.ent 65.000000
/data/pdb_release/all/pdb1edt.ent 65.000000
/nfs/cathdata/dompdb/1ctn02 66.250000
/data/pdb_release/all/pdb1cec.ent 68.750000
/tmp/1ghsA0 65.000000
/data/pdb_release/all/pdb1ghr.ent 65.000000
/data/pdb_release/all/pdb1cbg.ent 75.000000
/nfs/cathdata/dompdb/1amg01 83.750000
/nfs/cathdata/dompdb/1amy01 75.000000
/nfs/cathdata/dompdb/2aaa01 77.500000
/nfs/cathdata/dompdb/2taaA1 72.500000
/nfs/cathdata/dompdb/1ppi01 65.000000
/data/pdb_release/all/pdb1hny.ent 65.000000
/nfs/cathdata/dompdb/1cgt01 75.000000
/nfs/cathdata/dompdb/1cdg01 73.750000
/nfs/cathdata/dompdb/1cyg01 77.500000
/nfs/cathdata/dompdb/1ciu01 73.750000
/nfs/cathdata/dompdb/1pamA1 71.250000
/data/pdb_release/all/pdb1btc.ent 68.750000
/nfs/cathdata/dompdb/1bglA3 63.750000
/tmp/1pbgA0 75.000000
/tmp/1tpfA0 75.000000
/tmp/1ypiA0 72.500000
/tmp/1timA0 70.000000
/tmp/1treA0 66.250000
/tmp/1htiA0 72.500000
/tmp/1btmA0 72.500000
/data/pdb_release/all/pdb1ads.ent 72.500000
/data/pdb_release/all/pdb1ral.ent 70.000000
/nfs/cathdata/dompdb/1csbB2 36.250000
/nfs/cathdata/dompdb/1bmc01 51.250000
/nfs/cathdata/dompdb/1ezm01 33.750000
/nfs/cathdata/dompdb/1esp01 32.500000
/nfs/cathdata/dompdb/2tmnE1 30.000000
/nfs/cathdata/dompdb/1dhy01 43.750000
/nfs/cathdata/dompdb/1han01 43.750000
/nfs/cathdata/dompdb/1dhy02 38.750000
/nfs/cathdata/dompdb/1han02 38.750000
/data/pdb_release/all/pdb1std.ent 62.500000
/data/pdb_release/all/pdb2cba.ent 43.750000
/data/pdb_release/all/pdb1crm.ent 46.250000
/tmp/1dmxA0 42.500000
/nfs/cathdata/dompdb/1bncA3 72.500000
/nfs/cathdata/dompdb/1daaA2 51.250000
/data/pdb_release/all/pdb1gym.ent 57.500000
/nfs/cathdata/dompdb/1ami04 63.750000
/tmp/1fvpA0 70.000000
/data/pdb_release/all/pdb1nfp.ent 72.500000
/tmp/1brlB0 72.500000
/tmp/1lucA0 63.750000
/data/pdb_release/all/pdb1tml.ent 70.000000
/nfs/cathdata/dompdb/1pii02 55.000000
/nfs/cathdata/dompdb/1pii01 65.000000
/data/pdb_release/all/pdb1igs.ent 62.500000
/tmp/1wsyA0 73.750000
/nfs/cathdata/dompdb/1pkm02 66.250000
/nfs/cathdata/dompdb/1pkyA2 67.500000
/tmp/1nal10 71.250000
/tmp/1fbaA0 67.500000
/data/pdb_release/all/pdb1ald.ent 66.250000
/data/pdb_release/all/pdb1nar.ent 65.000000
/data/pdb_release/all/pdb2hvm.ent 63.750000
/data/pdb_release/all/pdb1fkb.ent 23.750000
/data/pdb_release/all/pdb1yat.ent 27.500000
/data/pdb_release/all/pdb1pbk.ent 27.500000
/data/pdb_release/all/pdb1rot.ent 36.250000
/nfs/cathdata/dompdb/1hmy02 28.750000
/tmp/2msbA0 36.250000
/data/pdb_release/all/pdb1hup.ent 50.000000
/tmp/1rtm10 48.750000
/tmp/1rdl10 41.250000
/data/pdb_release/all/pdb1aak.ent 53.750000
/data/pdb_release/all/pdb2uce.ent 52.500000
/data/pdb_release/all/pdb1ucz.ent 51.250000
/tmp/1u9aA0 51.250000
/nfs/cathdata/dompdb/1fcbA1 41.250000
/data/pdb_release/all/pdb1b5m.ent 56.250000
/data/pdb_release/all/pdb1iet.ent 12.500000
/data/pdb_release/all/pdb1cyo.ent 52.500000
/tmp/1mkaA0 35.000000
/data/pdb_release/all/pdb1onc.ent 45.000000
/data/pdb_release/all/pdb7rsa.ent 45.000000
/tmp/1bsrA0 45.000000
/data/pdb_release/all/pdb1ang.ent 43.750000
/data/pdb_release/all/pdb1agi.ent 43.750000
/nfs/cathdata/dompdb/1hpm02 43.750000
/nfs/cathdata/dompdb/2polA3 37.500000
/nfs/cathdata/dompdb/2polA2 36.250000
/nfs/cathdata/dompdb/2polA1 37.500000
/nfs/cathdata/dompdb/9pap01 32.500000
/nfs/cathdata/dompdb/1aec01 35.000000
/nfs/cathdata/dompdb/1gecE1 32.500000
/nfs/cathdata/dompdb/1ppo01 32.500000
/nfs/cathdata/dompdb/1yal01 33.750000
/nfs/cathdata/dompdb/1theA1 32.500000
/data/pdb_release/all/pdb1pgb.ent 23.750000
/data/pdb_release/all/pdb2igg.ent 25.000000
/data/pdb_release/all/pdb3fxc.ent 20.000000
/tmp/1frrA0 32.500000
/tmp/1fxiA0 22.500000
/tmp/1fxaA0 32.500000
/data/pdb_release/all/pdb1frd.ent 35.000000
/data/pdb_release/all/pdb1dox.ent 12.500000
/data/pdb_release/all/pdb1cjn.ent 31.250000
/data/pdb_release/all/pdb1doi.ent 55.000000
/data/pdb_release/all/pdb1put.ent 25.000000
/nfs/cathdata/dompdb/2pia03 22.500000
/data/pdb_release/all/pdb1ubi.ent 22.500000
/nfs/cathdata/dompdb/1lgr02 35.000000
/data/pdb_release/all/pdb1tif.ent 31.250000
/data/pdb_release/all/pdb1rfa.ent 18.750000
/tmp/1molA0 26.250000
/tmp/1stfI0 33.750000
/data/pdb_release/all/pdb1cyu.ent 22.500000
/tmp/1cewI0 46.250000
/tmp/1udiI0 35.000000
/data/pdb_release/all/pdb1fus.ent 21.250000
/data/pdb_release/all/pdb9rnt.ent 21.250000
/data/pdb_release/all/pdb1rds.ent 21.250000
/tmp/1gmpA0 22.500000
/tmp/1brnL0 45.000000
/tmp/2rbiA0 47.500000
/nfs/cathdata/dompdb/1oacA2 35.000000
/nfs/cathdata/dompdb/1prtB1 32.500000
/nfs/cathdata/dompdb/1prtC1 25.000000
/nfs/cathdata/dompdb/1ctn03 22.500000
/nfs/cathdata/dompdb/1gtrA3 18.750000
/nfs/cathdata/dompdb/1grj02 18.750000
/data/pdb_release/all/pdb1tsp.ent 55.000000
/nfs/cathdata/dompdb/1dhx01 7.500000
/nfs/cathdata/dompdb/2psg01 27.500000
/nfs/cathdata/dompdb/1mpp01 33.750000
/nfs/cathdata/dompdb/1bbs01 45.000000
/nfs/cathdata/dompdb/4cms01 42.500000
/nfs/cathdata/dompdb/1smrA1 37.500000
/nfs/cathdata/dompdb/1epmE1 36.250000
/nfs/cathdata/dompdb/1pplE1 52.500000
/nfs/cathdata/dompdb/2apr01 37.500000
/nfs/cathdata/dompdb/1psoE1 46.250000
/nfs/cathdata/dompdb/1htrB1 36.250000
/nfs/cathdata/dompdb/1jxrA1 37.500000
/nfs/cathdata/dompdb/2asi01 37.500000
/nfs/cathdata/dompdb/1smeA1 36.250000
/nfs/cathdata/dompdb/1epmE2 45.000000
/nfs/cathdata/dompdb/1pplE2 42.500000
/nfs/cathdata/dompdb/1mpp02 46.250000
/nfs/cathdata/dompdb/2asi02 38.750000
/nfs/cathdata/dompdb/2apr02 36.250000
/nfs/cathdata/dompdb/1psaA2 48.750000
/nfs/cathdata/dompdb/1lyaB2 33.750000
/nfs/cathdata/dompdb/1rne02 46.250000
/nfs/cathdata/dompdb/1cms02 46.250000
/nfs/cathdata/dompdb/1smrA2 46.250000
/nfs/cathdata/dompdb/1psoE2 43.750000
/nfs/cathdata/dompdb/1htrB2 48.750000
/nfs/cathdata/dompdb/1jxrA2 40.000000
/data/pdb_release/all/pdb2cas.ent 46.250000
/nfs/cathdata/dompdb/1rthA1 33.750000
/data/pdb_release/all/pdb1har.ent 52.500000
/nfs/cathdata/dompdb/1mml01 35.000000
/data/pdb_release/all/pdb1pgx.ent 25.000000
/data/pdb_release/all/pdb4fgf.ent 25.000000
/tmp/1afgA0 26.250000
/data/pdb_release/all/pdb1i1b.ent 22.500000
/data/pdb_release/all/pdb8i1b.ent 22.500000
/tmp/1ilr10 20.000000
/data/pdb_release/all/pdb1hcd.ent 22.500000
/data/pdb_release/all/pdb1tie.ent 22.500000
/data/pdb_release/all/pdb1wbc.ent 28.750000
/nfs/cathdata/dompdb/2aaiB2 21.250000
/nfs/cathdata/dompdb/1abrB2 15.000000
/nfs/cathdata/dompdb/2aaiB1 17.500000
/nfs/cathdata/dompdb/1abrB1 15.000000
/tmp/1msaA0 20.000000
/nfs/cathdata/dompdb/1dlc03 28.750000
/tmp/1vmoA0 16.250000
/data/pdb_release/all/pdb1hxn.ent 46.250000
/nfs/cathdata/dompdb/1fbl02 35.000000
/data/pdb_release/all/pdb1rtg.ent 37.500000
/data/pdb_release/all/pdb1pex.ent 35.000000
/data/pdb_release/all/pdb2nn9.ent 28.750000
/data/pdb_release/all/pdb2bat.ent 28.750000
/tmp/1nscA0 20.000000
/data/pdb_release/all/pdb1inv.ent 22.500000
/data/pdb_release/all/pdb1sim.ent 30.000000
/tmp/2bbkH0 31.250000
/tmp/1mdaH0 33.750000
/tmp/2madH0 0.000000
/nfs/cathdata/dompdb/1gof02 31.250000
/tmp/3aahA0 38.750000
/nfs/cathdata/dompdb/1kapP1 33.750000
/nfs/cathdata/dompdb/1sat01 31.250000
/nfs/cathdata/dompdb/1lxa01 12.500000
/data/pdb_release/all/pdb2pec.ent 46.250000
/nfs/cathdata/dompdb/2taaA2 12.500000
/nfs/cathdata/dompdb/1ppi02 18.750000
/nfs/cathdata/dompdb/1bvp12 17.500000
/data/pdb_release/all/pdb1bcx.ent 28.750000
/tmp/1enxA0 30.000000
/data/pdb_release/all/pdb1xnd.ent 30.000000
/data/pdb_release/all/pdb1xyn.ent 28.750000
/data/pdb_release/all/pdb1yna.ent 27.500000
/tmp/2pcdA0 47.500000
/tmp/2pcdM0 35.000000
/nfs/cathdata/dompdb/1dlc02 17.500000
/nfs/cathdata/dompdb/1ciy03 20.000000
/nfs/cathdata/dompdb/1ddt03 20.000000
/tmp/1gff10 77.500000
/tmp/2bpa10 77.500000
/data/pdb_release/all/pdb1jbc.ent 17.500000
/data/pdb_release/all/pdb2cna.ent 28.750000
/nfs/cathdata/dompdb/1dhx04 43.750000
/tmp/4htcI0 7.500000
/data/pdb_release/all/pdb1hic.ent 7.500000
/nfs/cathdata/dompdb/1ecl03 27.500000
/data/pdb_release/all/pdb1htp.ent 47.500000
/tmp/1dupA0 23.750000
/nfs/cathdata/dompdb/1ggtA1 26.250000
/tmp/1tsrA0 40.000000
/data/pdb_release/all/pdb1gpr.ent 35.000000
/data/pdb_release/all/pdb1f3g.ent 35.000000
/nfs/cathdata/dompdb/1aozA3 45.000000
/nfs/cathdata/dompdb/1oacA3 45.000000
/nfs/cathdata/dompdb/1bglA5 40.000000
/nfs/cathdata/dompdb/1bglA1 42.500000
/tmp/1celA0 66.250000
/tmp/1afcA0 16.250000
/tmp/2plv20 40.000000
/tmp/1rhi20 37.500000
/data/pdb_release/all/pdb1pov.ent 42.500000
/tmp/1bmv10 27.500000
/tmp/4sbvA0 55.000000
/tmp/1smvA0 62.500000
/tmp/2tbvA0 31.250000
/tmp/2bbvA0 37.500000
/tmp/1bmv20 47.500000
/tmp/1tnfA0 17.500000
/tmp/1tnrA0 17.500000
/tmp/1hlcA0 20.000000
/tmp/1sltA0 20.000000
/tmp/2ltnA0 17.500000
/tmp/1lenA0 22.500000
/tmp/1lgcA0 18.750000
/data/pdb_release/all/pdb1lte.ent 26.250000
/data/pdb_release/all/pdb1sba.ent 17.500000
/data/pdb_release/all/pdb1gsl.ent 37.500000
/tmp/2pelA0 28.750000
/tmp/1fatA0 26.250000
/tmp/1ioaA0 31.250000
/tmp/1sacA0 30.000000
/tmp/1gnhA0 28.750000
/data/pdb_release/all/pdb2ayh.ent 26.250000
/data/pdb_release/all/pdb1cpm.ent 27.500000
/data/pdb_release/all/pdb1gbg.ent 25.000000
/nfs/cathdata/dompdb/1cgt02 26.250000
/nfs/cathdata/dompdb/1cdg02 22.500000
/nfs/cathdata/dompdb/1cyg02 22.500000
/nfs/cathdata/dompdb/1ciu02 25.000000
/nfs/cathdata/dompdb/1pamA2 25.000000
/nfs/cathdata/dompdb/2aaa02 25.000000
/nfs/cathdata/dompdb/1pnf02 20.000000
/data/pdb_release/all/pdb1knb.ent 20.000000
/tmp/1sluA0 16.250000
/nfs/cathdata/dompdb/1lla02 52.500000
/nfs/cathdata/dompdb/1svb01 20.000000
/data/pdb_release/all/pdb1cyw.ent 45.000000
/nfs/cathdata/dompdb/1hcz01 43.750000
/data/pdb_release/all/pdb1thw.ent 55.000000
/tmp/1cauB0 41.250000
/nfs/cathdata/dompdb/2phlA3 18.750000
/nfs/cathdata/dompdb/2phlA2 32.500000
/data/pdb_release/all/pdb2stv.ent 42.500000
/tmp/1bbt10 30.000000
/tmp/1pov10 37.500000
/tmp/1pvc10 37.500000
/tmp/1r0910 35.000000
/tmp/1rhi10 48.750000
/tmp/1tme10 36.250000
/tmp/2mev10 37.500000
/tmp/2bpa20 20.000000
/tmp/1gff20 17.500000
/tmp/1bbt30 46.250000
/tmp/1tme30 42.500000
/tmp/2mev30 35.000000
/tmp/1r0930 46.250000
/tmp/1pov30 42.500000
/tmp/1pvc30 43.750000
/tmp/1rhi30 37.500000
/tmp/1bbt20 26.250000
/tmp/1tme20 28.750000
/tmp/2mev20 28.750000
/tmp/1r0920 26.250000
/tmp/1pvc20 37.500000
/data/pdb_release/all/pdb1arn.ent 37.500000
/tmp/1aizA0 38.750000
/data/pdb_release/all/pdb1aaj.ent 15.000000
/nfs/cathdata/dompdb/1aozA1 18.750000
/nfs/cathdata/dompdb/1aozA2 30.000000
/nfs/cathdata/dompdb/1gof03 18.750000
/nfs/cathdata/dompdb/1nif01 32.500000
/nfs/cathdata/dompdb/1afnA1 28.750000
/nfs/cathdata/dompdb/1nif02 30.000000
/nfs/cathdata/dompdb/1ntd02 30.000000
/tmp/1eta10 28.750000
/tmp/1tfpA0 18.750000
/tmp/1sxaA0 27.500000
/tmp/1srdA0 18.750000
/data/pdb_release/all/pdb1jcv.ent 27.500000
/tmp/1sosA0 27.500000
/tmp/1xsoA0 28.750000
/data/pdb_release/all/pdb1akp.ent 15.000000
/data/pdb_release/all/pdb1acx.ent 21.250000
/data/pdb_release/all/pdb1noa.ent 25.000000
/data/pdb_release/all/pdb2mcm.ent 22.500000
/nfs/cathdata/dompdb/1clc01 17.500000
/nfs/cathdata/dompdb/1ctn01 28.750000
/data/pdb_release/all/pdb1exg.ent 18.750000
/nfs/cathdata/dompdb/1bglA4 16.250000
/nfs/cathdata/dompdb/1bglA2 18.750000
/nfs/cathdata/dompdb/1svcP3 22.500000
/nfs/cathdata/dompdb/1svb04 15.000000
/nfs/cathdata/dompdb/1gof01 17.500000
/nfs/cathdata/dompdb/2sblB1 13.750000
/nfs/cathdata/dompdb/1hplA2 18.750000
/nfs/cathdata/dompdb/1lpbB2 17.500000
/nfs/cathdata/dompdb/1pgs01 16.250000
/data/pdb_release/all/pdb1ten.ent 16.250000
/nfs/cathdata/dompdb/1fnf01 15.000000
/nfs/cathdata/dompdb/1fnf02 17.500000
/nfs/cathdata/dompdb/1fnf03 17.500000
/nfs/cathdata/dompdb/1cfb01 15.000000
/nfs/cathdata/dompdb/1cfb02 15.000000
/tmp/1wapA0 18.750000
/data/pdb_release/all/pdb1ncg.ent 13.750000
/data/pdb_release/all/pdb1suh.ent 15.000000
/nfs/cathdata/dompdb/1ggtA4 13.750000
/nfs/cathdata/dompdb/1cgt04 17.500000
/nfs/cathdata/dompdb/1cdg04 18.750000
/nfs/cathdata/dompdb/1cyg04 15.000000
/data/pdb_release/all/pdb1kul.ent 12.500000
/nfs/cathdata/dompdb/1ciu04 17.500000
/nfs/cathdata/dompdb/1pamA4 16.250000
/nfs/cathdata/dompdb/1cgt03 13.750000
/nfs/cathdata/dompdb/1cdg03 13.750000
/nfs/cathdata/dompdb/1cyg03 15.000000
/nfs/cathdata/dompdb/1ciu03 16.250000
/nfs/cathdata/dompdb/1pamA3 16.250000
/data/pdb_release/all/pdb1rsy.ent 35.000000
/data/pdb_release/all/pdb1plc.ent 27.500000
/data/pdb_release/all/pdb9pcy.ent 15.000000
/data/pdb_release/all/pdb2plt.ent 26.250000
/data/pdb_release/all/pdb7pcy.ent 30.000000
/data/pdb_release/all/pdb1pla.ent 20.000000
/data/pdb_release/all/pdb1nin.ent 8.750000
/data/pdb_release/all/pdb1paz.ent 37.500000
/data/pdb_release/all/pdb1pmy.ent 35.000000
/data/pdb_release/all/pdb1zia.ent 35.000000
/tmp/1adwA0 35.000000
/tmp/1vlxA0 37.500000
/nfs/cathdata/dompdb/1vgeH1 18.750000
/nfs/cathdata/dompdb/1yuhB1 20.000000
/nfs/cathdata/dompdb/1clyH1 22.500000
/nfs/cathdata/dompdb/1kelH1 20.000000
/nfs/cathdata/dompdb/1nldH1 27.500000
/nfs/cathdata/dompdb/1ghfH1 16.250000
/nfs/cathdata/dompdb/1ospH1 22.500000
/nfs/cathdata/dompdb/1mimH1 18.750000
/nfs/cathdata/dompdb/1cloH1 25.000000
/nfs/cathdata/dompdb/1plgL1 20.000000
/nfs/cathdata/dompdb/1ghfL1 21.250000
/nfs/cathdata/dompdb/1clzL1 20.000000
/nfs/cathdata/dompdb/1kelL1 23.750000
/nfs/cathdata/dompdb/1gafL1 20.000000
/nfs/cathdata/dompdb/1iaiL1 17.500000
/nfs/cathdata/dompdb/1aifA1 15.000000
/nfs/cathdata/dompdb/1vgeL1 21.250000
/nfs/cathdata/dompdb/1nldL1 21.250000
/nfs/cathdata/dompdb/1ospL1 23.750000
/nfs/cathdata/dompdb/1mimL1 21.250000
/nfs/cathdata/dompdb/1lilA1 20.000000
/nfs/cathdata/dompdb/1cloL1 21.250000
/nfs/cathdata/dompdb/1bec01 21.250000
/nfs/cathdata/dompdb/1tcrB1 20.000000
/data/pdb_release/all/pdb1tit.ent 12.500000
/data/pdb_release/all/pdb1cid.ent 22.500000
/data/pdb_release/all/pdb3cd4.ent 21.250000
/data/pdb_release/all/pdb1hoe.ent 16.250000
/nfs/cathdata/dompdb/3hhrB1 15.000000
/nfs/cathdata/dompdb/3hhrB2 15.000000
/nfs/cathdata/dompdb/1fieA3 27.500000
/nfs/cathdata/dompdb/1hft01 27.500000
/data/pdb_release/all/pdb1ttf.ent 13.750000
/nfs/cathdata/dompdb/1hilA1 20.000000
/nfs/cathdata/dompdb/1ggbL1 23.750000
/nfs/cathdata/dompdb/1gigL1 20.000000
/nfs/cathdata/dompdb/1mfeL1 22.500000
/nfs/cathdata/dompdb/1igfL1 20.000000
/nfs/cathdata/dompdb/1lmkA2 17.500000
/nfs/cathdata/dompdb/1mcbA1 15.000000
/nfs/cathdata/dompdb/1mlbA1 21.250000
/nfs/cathdata/dompdb/3hfmL1 23.750000
/nfs/cathdata/dompdb/1opgL1 18.750000
/nfs/cathdata/dompdb/1ncaL1 20.000000
/nfs/cathdata/dompdb/1tetL1 20.000000
/nfs/cathdata/dompdb/2fb4L1 22.500000
/nfs/cathdata/dompdb/2fbjL1 17.500000
/nfs/cathdata/dompdb/6fabL1 20.000000
/nfs/cathdata/dompdb/7fabL1 13.750000
/nfs/cathdata/dompdb/8fabA1 20.000000
/nfs/cathdata/dompdb/1eapA1 18.750000
/nfs/cathdata/dompdb/1figL1 20.000000
/nfs/cathdata/dompdb/1forL1 22.500000
/nfs/cathdata/dompdb/1ibgL1 20.000000
/nfs/cathdata/dompdb/1igcL1 15.000000
/nfs/cathdata/dompdb/1jelL1 18.750000
/nfs/cathdata/dompdb/1nsnL1 22.500000
/nfs/cathdata/dompdb/2gfbA1 20.000000
/tmp/1dvfC0 20.000000
/tmp/1dvfD0 20.000000
/data/pdb_release/all/pdb1vhp.ent 13.750000
/nfs/cathdata/dompdb/1gafH1 18.750000
/nfs/cathdata/dompdb/1iaiH1 17.500000
/nfs/cathdata/dompdb/1aifB1 17.500000
/nfs/cathdata/dompdb/1ngpH1 21.250000
/nfs/cathdata/dompdb/1plgH1 20.000000
/nfs/cathdata/dompdb/1mlbB1 20.000000
/nfs/cathdata/dompdb/2cgrH1 16.250000
/nfs/cathdata/dompdb/1eapB1 21.250000
/nfs/cathdata/dompdb/1faiH1 31.250000
/nfs/cathdata/dompdb/1fbiH1 20.000000
/nfs/cathdata/dompdb/1figH1 13.750000
/nfs/cathdata/dompdb/1forH1 21.250000
/nfs/cathdata/dompdb/1fptH1 20.000000
/nfs/cathdata/dompdb/1frgH1 20.000000
/nfs/cathdata/dompdb/1gigH1 22.500000
/nfs/cathdata/dompdb/1ibgH1 18.750000
/nfs/cathdata/dompdb/1igcH1 21.250000
/nfs/cathdata/dompdb/1igjB1 20.000000
/nfs/cathdata/dompdb/1ikfH1 22.500000
/nfs/cathdata/dompdb/1jelH1 17.500000
/nfs/cathdata/dompdb/1mrcH1 25.000000
/nfs/cathdata/dompdb/1nsnH1 21.250000
/nfs/cathdata/dompdb/1opgH1 17.500000
/nfs/cathdata/dompdb/1rmfH1 23.750000
/nfs/cathdata/dompdb/2fgwH1 20.000000
/nfs/cathdata/dompdb/2gfbB1 20.000000
/nfs/cathdata/dompdb/6fabH1 22.500000
/nfs/cathdata/dompdb/1acyL1 20.000000
/nfs/cathdata/dompdb/1bafL1 20.000000
/nfs/cathdata/dompdb/1bbdL1 21.250000
/nfs/cathdata/dompdb/1bqlL1 20.000000
/nfs/cathdata/dompdb/2cgrL1 18.750000
/nfs/cathdata/dompdb/1dbbL1 15.000000
/nfs/cathdata/dompdb/1dfbL1 20.000000
/nfs/cathdata/dompdb/1faiL1 17.500000
/nfs/cathdata/dompdb/1mamL1 17.500000
/nfs/cathdata/dompdb/1ikfL1 20.000000
/nfs/cathdata/dompdb/1frgL1 21.250000
/tmp/1wtlA0 21.250000
/tmp/1breA0 20.000000
/tmp/1fvcB0 22.500000
/tmp/1jhlH0 22.500000
/tmp/1vfaB0 20.000000
/tmp/1igmH0 18.750000
/tmp/1mfaL0 0.000000
/tmp/1fgvH0 25.000000
/tmp/1nmaH0 21.250000
/tmp/2bjl10 20.000000
/nfs/cathdata/dompdb/8fabB1 17.500000
/nfs/cathdata/dompdb/2fb4H1 18.750000
/nfs/cathdata/dompdb/1acyH1 16.250000
/nfs/cathdata/dompdb/1bbdH1 18.750000
/nfs/cathdata/dompdb/2hflH1 20.000000
/nfs/cathdata/dompdb/2fbjH1 22.500000
/nfs/cathdata/dompdb/1hilB1 20.000000
/nfs/cathdata/dompdb/1nbvH1 18.750000
/nfs/cathdata/dompdb/7fabH1 20.000000
/nfs/cathdata/dompdb/1indH1 17.500000
/nfs/cathdata/dompdb/1tetH1 20.000000
/nfs/cathdata/dompdb/1mamH1 21.250000
/nfs/cathdata/dompdb/1ncaH1 20.000000
/nfs/cathdata/dompdb/1dbbH1 16.250000
/nfs/cathdata/dompdb/1dfbH1 20.000000
/nfs/cathdata/dompdb/1flrH1 25.000000
/nfs/cathdata/dompdb/1ggbH1 17.500000
/nfs/cathdata/dompdb/1igfH1 17.500000
/nfs/cathdata/dompdb/1bafH1 18.750000
/nfs/cathdata/dompdb/3hfmH1 18.750000
/nfs/cathdata/dompdb/1mcpH1 20.000000
/nfs/cathdata/dompdb/1lmkA1 17.500000
/nfs/cathdata/dompdb/1mfbH1 20.000000
/nfs/cathdata/dompdb/1fc2D2 27.500000
/nfs/cathdata/dompdb/1gigL2 36.250000
/nfs/cathdata/dompdb/1kelL2 36.250000
/nfs/cathdata/dompdb/1gafL2 36.250000
/nfs/cathdata/dompdb/2fb4L2 36.250000
/nfs/cathdata/dompdb/1yuhB2 7.500000
/nfs/cathdata/dompdb/1clzH2 15.000000
/nfs/cathdata/dompdb/1fc2D1 37.500000
/nfs/cathdata/dompdb/1fruA2 17.500000
/tmp/1hsbB0 17.500000
/tmp/1mhcB0 15.000000
/tmp/1fruB0 15.000000
/data/pdb_release/all/pdb1bmg.ent 20.000000
/nfs/cathdata/dompdb/1dlhA2 15.000000
/nfs/cathdata/dompdb/1sebB2 17.500000
/nfs/cathdata/dompdb/1bec02 30.000000
/nfs/cathdata/dompdb/1vcaA2 16.250000
/data/pdb_release/all/pdb1tnm.ent 17.500000
/nfs/cathdata/dompdb/1vcaA1 18.750000
/data/pdb_release/all/pdb1tlk.ent 17.500000
/nfs/cathdata/dompdb/1hft02 30.000000
/data/pdb_release/all/pdb1cd8.ent 21.250000
/nfs/cathdata/dompdb/1igjA1 21.250000
/tmp/1nmbL0 21.250000
/data/pdb_release/all/pdb2rhe.ent 20.000000
/tmp/1fgvL0 20.000000
/data/pdb_release/all/pdb2imn.ent 21.250000
/tmp/1reiA0 20.000000
/tmp/1fvcA0 20.000000
/tmp/1igmL0 21.250000
/tmp/1jhlL0 21.250000
/tmp/1ivlA0 20.000000
/tmp/1vfaA0 21.250000
/data/pdb_release/all/pdb1pho.ent 28.750000
/data/pdb_release/all/pdb1omf.ent 45.000000
/data/pdb_release/all/pdb3bcl.ent 61.250000
/nfs/cathdata/dompdb/1amm01 17.500000
/nfs/cathdata/dompdb/1amm02 25.000000
/nfs/cathdata/dompdb/2bb202 20.000000
/nfs/cathdata/dompdb/2gcr01 15.000000
/nfs/cathdata/dompdb/2gcr02 20.000000
/nfs/cathdata/dompdb/1elpA1 15.000000
/nfs/cathdata/dompdb/1elpA2 30.000000
/nfs/cathdata/dompdb/2bb201 15.000000
/nfs/cathdata/dompdb/1prr01 26.250000
/nfs/cathdata/dompdb/1prr02 21.250000
/tmp/1mdaL0 8.750000
/tmp/2bbkL0 12.500000
/data/pdb_release/all/pdb1cdb.ent 10.000000
/nfs/cathdata/dompdb/1hngA1 16.250000
/tmp/1cdcA0 15.000000
/nfs/cathdata/dompdb/1hnf02 16.250000
/nfs/cathdata/dompdb/1hngA2 18.750000
/tmp/1mfaH0 0.000000
/nfs/cathdata/dompdb/2fbjH2 12.500000
/nfs/cathdata/dompdb/1mcpH2 16.250000
/nfs/cathdata/dompdb/1hocA2 12.500000
/nfs/cathdata/dompdb/1hsaA2 16.250000
/nfs/cathdata/dompdb/1vaaA2 13.750000
/nfs/cathdata/dompdb/1hsbA2 16.250000
/nfs/cathdata/dompdb/1mhcA2 16.250000
/nfs/cathdata/dompdb/8fabB2 27.500000
/nfs/cathdata/dompdb/1kelH2 15.000000
/nfs/cathdata/dompdb/1bbdH2 25.000000
/nfs/cathdata/dompdb/1ospH2 18.750000
/nfs/cathdata/dompdb/1eapB2 16.250000
/tmp/1lopA0 36.250000
/data/pdb_release/all/pdb2cpl.ent 40.000000
/tmp/1cynA0 38.750000
/tmp/2rmcA0 40.000000
/nfs/cathdata/dompdb/1bucA2 27.500000
/nfs/cathdata/dompdb/3mddA2 37.500000
/nfs/cathdata/dompdb/1kxf02 17.500000
/nfs/cathdata/dompdb/1vcpA2 17.500000
/tmp/1smpI0 37.500000
/nfs/cathdata/dompdb/1svcP1 18.750000
/tmp/1sriA0 28.750000
/tmp/1avdA0 21.250000
/data/pdb_release/all/pdb1hbq.ent 28.750000
/data/pdb_release/all/pdb1rbp.ent 28.750000
/tmp/1epaA0 37.500000
/tmp/1bbpA0 38.750000
/data/pdb_release/all/pdb1mup.ent 32.500000
/data/pdb_release/all/pdb1ifc.ent 40.000000
/data/pdb_release/all/pdb1hmr.ent 35.000000
/tmp/1opaA0 37.500000
/data/pdb_release/all/pdb1adl.ent 37.500000
/data/pdb_release/all/pdb1crb.ent 41.250000
/tmp/1cbiA0 37.500000
/tmp/1ftpA0 40.000000
/data/pdb_release/all/pdb1cbs.ent 37.500000
/tmp/1pmpA0 37.500000
/data/pdb_release/all/pdb1mdc.ent 36.250000
/nfs/cathdata/dompdb/7catA1 62.500000
/data/pdb_release/all/pdb1cae.ent 85.000000
/nfs/cathdata/dompdb/1dar02 17.500000
/nfs/cathdata/dompdb/1gtrA4 20.000000
/data/pdb_release/all/pdb1prn.ent 31.250000
/data/pdb_release/all/pdb2por.ent 37.500000
/nfs/cathdata/dompdb/1ppfE1 13.750000
/nfs/cathdata/dompdb/1svpA1 12.500000
/nfs/cathdata/dompdb/1vcpA1 23.750000
/nfs/cathdata/dompdb/1sgt02 25.000000
/nfs/cathdata/dompdb/1hylA1 26.250000
/nfs/cathdata/dompdb/1try02 26.250000
/nfs/cathdata/dompdb/1sgpE1 21.250000
/nfs/cathdata/dompdb/1hpgA1 26.250000
/nfs/cathdata/dompdb/2sga01 26.250000
/nfs/cathdata/dompdb/2alp01 26.250000
/nfs/cathdata/dompdb/1tal01 30.000000
/nfs/cathdata/dompdb/2sfa01 33.750000
/nfs/cathdata/dompdb/1arb02 35.000000
/nfs/cathdata/dompdb/1hylA2 30.000000
/nfs/cathdata/dompdb/1sgpE2 16.250000
/nfs/cathdata/dompdb/1gbaA2 13.750000
/nfs/cathdata/dompdb/1hpgA2 13.750000
/nfs/cathdata/dompdb/2sga02 17.500000
/nfs/cathdata/dompdb/1tal02 12.500000
/nfs/cathdata/dompdb/2sfa02 17.500000
/nfs/cathdata/dompdb/1arb01 13.750000
/nfs/cathdata/dompdb/1cnd01 30.000000
/nfs/cathdata/dompdb/1ndh01 25.000000
/nfs/cathdata/dompdb/2pia01 27.500000
/nfs/cathdata/dompdb/1fnb01 25.000000
/nfs/cathdata/dompdb/1que01 27.500000
/nfs/cathdata/dompdb/1pkm03 25.000000
/nfs/cathdata/dompdb/1pkn03 15.000000
/nfs/cathdata/dompdb/1pkyA3 25.000000
/nfs/cathdata/dompdb/1pkyC3 21.250000
/nfs/cathdata/dompdb/1eft02 13.750000
/nfs/cathdata/dompdb/1efuA2 10.000000
/data/pdb_release/all/pdb1clh.ent 33.750000
/tmp/1tcwA0 28.750000
/tmp/1cpiA0 28.750000
/tmp/2rspA0 22.500000
/nfs/cathdata/dompdb/1pnkB3 21.250000
/nfs/cathdata/dompdb/1eft03 16.250000
/nfs/cathdata/dompdb/1efuA3 15.000000
/tmp/1ucyE0 32.500000
/tmp/1aksB0 32.500000
/tmp/2pkaB0 37.500000
/nfs/cathdata/dompdb/1hcgA1 35.000000
/nfs/cathdata/dompdb/1thsH1 30.000000
/nfs/cathdata/dompdb/1brbE1 30.000000
/nfs/cathdata/dompdb/4ptp01 27.500000
/nfs/cathdata/dompdb/1mctA1 22.500000
/nfs/cathdata/dompdb/1etrH1 27.500000
/nfs/cathdata/dompdb/1bit01 27.500000
/nfs/cathdata/dompdb/1trnA1 23.750000
/nfs/cathdata/dompdb/1try01 23.750000
/nfs/cathdata/dompdb/5chaA1 27.500000
/nfs/cathdata/dompdb/1sgt01 27.500000
/nfs/cathdata/dompdb/1lmwB1 28.750000
/nfs/cathdata/dompdb/1elg01 25.000000
/nfs/cathdata/dompdb/1elt01 27.500000
/nfs/cathdata/dompdb/1ton01 17.500000
/tmp/1mtnC0 32.500000
/nfs/cathdata/dompdb/1tbs01 30.000000
/nfs/cathdata/dompdb/1pfxC1 33.750000
/nfs/cathdata/dompdb/1fonA1 27.500000
/nfs/cathdata/dompdb/1pytD1 23.750000
/nfs/cathdata/dompdb/1rtfB1 17.500000
/nfs/cathdata/dompdb/1fujA1 16.250000
/nfs/cathdata/dompdb/1dst01 27.500000
/nfs/cathdata/dompdb/3rp2A1 12.500000
/tmp/1ceaA0 0.000000
/tmp/1pmlA0 17.500000
/data/pdb_release/all/pdb1kdu.ent 17.500000
/data/pdb_release/all/pdb1krn.ent 0.000000
/data/pdb_release/all/pdb1bw3.ent 56.250000
/tmp/1ihvA0 13.750000
/nfs/cathdata/dompdb/1hcz02 11.250000
/data/pdb_release/all/pdb1lab.ent 11.250000
/data/pdb_release/all/pdb1bdo.ent 15.000000
/data/pdb_release/all/pdb1afp.ent 7.500000
/tmp/1bovA0 26.250000
/data/pdb_release/all/pdb1mjc.ent 18.750000
/data/pdb_release/all/pdb1csp.ent 16.250000
/data/pdb_release/all/pdb1krs.ent 47.500000
/nfs/cathdata/dompdb/1lylA1 52.500000
/nfs/cathdata/dompdb/1asyA1 27.500000
/data/pdb_release/all/pdb1bgh.ent 15.000000
/data/pdb_release/all/pdb1rip.ent 0.000000
/tmp/1prtD0 23.750000
/tmp/1prtF0 26.250000
/nfs/cathdata/dompdb/1tssA2 15.000000
/nfs/cathdata/dompdb/1prtB2 25.000000
/nfs/cathdata/dompdb/1prtC2 23.750000
/tmp/1ltsD0 35.000000
/tmp/1chbD0 36.250000
/data/pdb_release/all/pdb2sns.ent 46.250000
/nfs/cathdata/dompdb/1bco02 16.250000
/nfs/cathdata/dompdb/1esfA1 26.250000
/nfs/cathdata/dompdb/1sebD1 22.500000
/nfs/cathdata/dompdb/1se201 23.750000
/tmp/1fivA0 28.750000
/tmp/1idaA0 26.250000
/tmp/1hivA0 28.750000
/data/pdb_release/all/pdb1dro.ent 35.000000
/nfs/cathdata/dompdb/1hleA1 33.750000
/nfs/cathdata/dompdb/1ovaA1 46.250000
/nfs/cathdata/dompdb/1kauC1 27.500000
/nfs/cathdata/dompdb/2kauC1 22.500000
/tmp/1ucyH0 27.500000
/nfs/cathdata/dompdb/3rp2A2 25.000000
/nfs/cathdata/dompdb/1ihsH2 27.500000
/nfs/cathdata/dompdb/1gctA2 28.750000
/nfs/cathdata/dompdb/1elg02 28.750000
/nfs/cathdata/dompdb/1brbE2 25.000000
/nfs/cathdata/dompdb/4ptp02 26.250000
/nfs/cathdata/dompdb/1elt02 35.000000
/nfs/cathdata/dompdb/1hneE2 25.000000
/nfs/cathdata/dompdb/1mctA2 27.500000
/nfs/cathdata/dompdb/1etrH2 27.500000
/nfs/cathdata/dompdb/1bit02 25.000000
/nfs/cathdata/dompdb/1trnA2 25.000000
/nfs/cathdata/dompdb/1ton02 25.000000
/tmp/2pkaA0 15.000000
/tmp/1mtnB0 16.250000
/tmp/1aksA0 16.250000
/nfs/cathdata/dompdb/1tbs02 27.500000
/nfs/cathdata/dompdb/1pfxC2 25.000000
/nfs/cathdata/dompdb/1fonA2 26.250000
/nfs/cathdata/dompdb/1pytD2 25.000000
/nfs/cathdata/dompdb/1fujA2 25.000000
/nfs/cathdata/dompdb/1rtfB2 27.500000
/nfs/cathdata/dompdb/1dst02 35.000000
/nfs/cathdata/dompdb/1hcgA2 26.250000
/nfs/cathdata/dompdb/1lmwB2 26.250000
/data/pdb_release/all/pdb1pk4.ent 0.000000
/data/pdb_release/all/pdb2pf1.ent 25.000000
/data/pdb_release/all/pdb1ahl.ent 0.000000
/data/pdb_release/all/pdb1atx.ent 7.500000
/data/pdb_release/all/pdb1sh1.ent 8.750000
/data/pdb_release/all/pdb1apf.ent 0.000000
/nfs/cathdata/dompdb/1dar03 3.750000
/nfs/cathdata/dompdb/1elo03 12.500000
/data/pdb_release/all/pdb1tfi.ent 7.500000
/tmp/4sgbI0 3.750000
/data/pdb_release/all/pdb1tih.ent 7.500000
/nfs/cathdata/dompdb/1raaB2 20.000000
/nfs/cathdata/dompdb/2atcB2 0.000000
/nfs/cathdata/dompdb/1ytfD2 11.250000
/tmp/1ytfC0 8.750000
/data/pdb_release/all/pdb1sso.ent 21.250000
/data/pdb_release/all/pdb1sap.ent 27.500000
/data/pdb_release/all/pdb1hsp.ent 0.000000
/data/pdb_release/all/pdb1gfc.ent 7.500000
/tmp/1aboA0 12.500000
/tmp/1cskA0 12.500000
/tmp/1ckaA0 12.500000
/tmp/1gbrA0 11.250000
/data/pdb_release/all/pdb1shg.ent 16.250000
/tmp/1shfA0 12.500000
/tmp/1nloC0 8.750000
/data/pdb_release/all/pdb1pnj.ent 12.500000
/tmp/1semA0 12.500000
/nfs/cathdata/dompdb/1lckA1 12.500000
/data/pdb_release/all/pdb1tud.ent 12.500000
/data/pdb_release/all/pdb1tuc.ent 12.500000
/nfs/cathdata/dompdb/1ad5A1 12.500000
/data/pdb_release/all/pdb1pls.ent 26.250000
/tmp/1dynA0 25.000000
/data/pdb_release/all/pdb1btn.ent 37.500000
/tmp/1tgxA0 11.250000
/data/pdb_release/all/pdb1nea.ent 11.250000
/data/pdb_release/all/pdb1nor.ent 11.250000
/data/pdb_release/all/pdb1ntx.ent 11.250000
/data/pdb_release/all/pdb1fas.ent 11.250000
/tmp/1cdtA0 11.250000
/data/pdb_release/all/pdb2crs.ent 7.500000
/data/pdb_release/all/pdb1ntn.ent 25.000000
/data/pdb_release/all/pdb1tfs.ent 11.250000
/data/pdb_release/all/pdb1lsi.ent 8.750000
/nfs/cathdata/dompdb/1psi01 36.250000
/nfs/cathdata/dompdb/2achA2 38.750000
/tmp/1bi6H0 7.500000
/data/pdb_release/all/pdb1tpm.ent 11.250000
/nfs/cathdata/dompdb/1hfh01 7.500000
/data/pdb_release/all/pdb1hcc.ent 3.750000
/tmp/1lpbA0 20.000000
/nfs/cathdata/dompdb/1antI1 37.500000
/tmp/1hcnB0 12.500000
/tmp/1hcnA0 26.250000
/tmp/1pdgA0 15.000000
/data/pdb_release/all/pdb2tgi.ent 40.000000
/tmp/1klaA0 20.000000
/data/pdb_release/all/pdb1tgj.ent 42.500000
/data/pdb_release/all/pdb1bet.ent 18.750000
/tmp/1bndA0 23.750000
/tmp/1bndB0 15.000000
/data/pdb_release/all/pdb1fbr.ent 16.250000
/tmp/1umuA0 22.500000
/data/pdb_release/all/pdb1ctl.ent 22.500000
/data/pdb_release/all/pdb1iml.ent 22.500000
/nfs/cathdata/dompdb/1extB1 7.500000
/tmp/2kauB0 12.500000
/tmp/1rprA0 25.000000
/tmp/1fc2C0 25.000000
/tmp/1spzZ0 35.000000
/data/pdb_release/all/pdb1edi.ent 37.500000
/data/pdb_release/all/pdb2pdd.ent 25.000000
/data/pdb_release/all/pdb1bal.ent 25.000000
/tmp/1csbA0 25.000000
/tmp/1htrP0 25.000000
/nfs/cathdata/dompdb/1ilk02 35.000000
/data/pdb_release/all/pdb1bha.ent 35.000000
/nfs/cathdata/dompdb/1grj01 37.500000
/nfs/cathdata/dompdb/1sesA1 47.500000
/data/pdb_release/all/pdb1pdc.ent 0.000000
/tmp/2achB0 0.000000
/data/pdb_release/all/pdb1egf.ent 7.500000
/data/pdb_release/all/pdb1apo.ent 0.000000
/data/pdb_release/all/pdb1fsb.ent 0.000000
/data/pdb_release/all/pdb1hre.ent 0.000000
/data/pdb_release/all/pdb1yuf.ent 0.000000
/tmp/1hcgB0 7.500000
/data/pdb_release/all/pdb1ata.ent 7.500000
/nfs/cathdata/dompdb/1ncfA2 12.500000
/data/pdb_release/all/pdb1cdq.ent 20.000000
/tmp/1kbaA0 25.000000
/tmp/2abxA0 0.000000
/tmp/1abtA0 7.500000
/data/pdb_release/all/pdb3ebx.ent 8.750000
/data/pdb_release/all/pdb2ctx.ent 11.250000
/data/pdb_release/all/pdb2cdx.ent 8.750000
/tmp/1kxiA0 11.250000
/data/pdb_release/all/pdb1cre.ent 7.500000
/data/pdb_release/all/pdb1cod.ent 15.000000
/data/pdb_release/all/pdb1drs.ent 0.000000
/data/pdb_release/all/pdb1lki.ent 57.500000
/tmp/3inkC0 67.500000
/data/pdb_release/all/pdb1hgu.ent 67.500000
/data/pdb_release/all/pdb1huw.ent 77.500000
/tmp/3hhrA0 77.500000
/data/pdb_release/all/pdb1lpt.ent 67.500000
/data/pdb_release/all/pdb1lip.ent 60.000000
/data/pdb_release/all/pdb1mzm.ent 60.000000
/data/pdb_release/all/pdb1hyp.ent 35.000000
/nfs/cathdata/dompdb/1dlc01 90.000000
/nfs/cathdata/dompdb/1ciy01 90.000000
/tmp/1etrL0 12.500000
/tmp/1tbrJ0 25.000000
/tmp/3aahB0 12.500000
/tmp/4aahB0 12.500000
/tmp/1olgA0 12.500000
/tmp/2bbvD0 12.500000
/data/pdb_release/all/pdb2ifo.ent 12.500000
/tmp/1pfiA0 25.000000
/tmp/1junA0 12.500000
/data/pdb_release/all/pdb1tvs.ent 47.500000
/tmp/1ysaC0 12.500000
/data/pdb_release/all/pdb1aml.ent 25.000000
/data/pdb_release/all/pdb125d.ent 25.000000
/data/pdb_release/all/pdb1cld.ent 25.000000
/tmp/1d66A0 35.000000
/data/pdb_release/all/pdb1pyc.ent 25.000000
/nfs/cathdata/dompdb/1poxA4 25.000000
/tmp/1ltsC0 25.000000
/tmp/1xtcC0 25.000000
/tmp/1scmA0 25.000000
/tmp/1mdyB0 25.000000
/data/pdb_release/all/pdb1bct.ent 25.000000
/nfs/cathdata/dompdb/1pcrL2 47.500000
/nfs/cathdata/dompdb/1prcL2 57.500000
/nfs/cathdata/dompdb/1pcrM2 87.500000
/nfs/cathdata/dompdb/1prcM2 85.000000
/nfs/cathdata/dompdb/1dik05 47.500000
/tmp/1bcfA0 57.500000
/data/pdb_release/all/pdb1fha.ent 70.000000
/data/pdb_release/all/pdb1ier.ent 72.500000
/data/pdb_release/all/pdb1rcc.ent 70.000000
/tmp/2ccyA0 60.000000
/data/pdb_release/all/pdb1cpq.ent 60.000000
/tmp/1bbhA0 50.000000
/data/pdb_release/all/pdb1cgn.ent 67.500000
/data/pdb_release/all/pdb1lpe.ent 57.500000
/data/pdb_release/all/pdb2asr.ent 55.000000
/data/pdb_release/all/pdb1vls.ent 57.500000
/data/pdb_release/all/pdb1aep.ent 57.500000
/tmp/256bA0 55.000000
/tmp/2hmqA0 45.000000
/data/pdb_release/all/pdb2mhr.ent 45.000000
/tmp/2tmvP0 67.500000
/tmp/1rmvA0 45.000000
/nfs/cathdata/dompdb/2ilk01 67.500000
/nfs/cathdata/dompdb/1vlk01 57.500000
/nfs/cathdata/dompdb/1bucA3 57.500000
/nfs/cathdata/dompdb/3mddA3 57.500000
/nfs/cathdata/dompdb/1chkA1 76.250000
/data/pdb_release/all/pdb1lis.ent 57.500000
/data/pdb_release/all/pdb1rcb.ent 47.500000
/tmp/1gmfA0 60.000000
/tmp/1bgeA0 57.500000
/tmp/1rhgA0 57.500000
/data/pdb_release/all/pdb1bgc.ent 67.500000
/nfs/cathdata/dompdb/1whtA2 35.000000
/data/pdb_release/all/pdb2erl.ent 35.000000
/nfs/cathdata/dompdb/1ytfD1 25.000000
/nfs/cathdata/dompdb/1mtyG1 35.000000
/nfs/cathdata/dompdb/1mhyG1 35.000000
/tmp/1ecmA0 37.500000
/nfs/cathdata/dompdb/1lxa02 45.000000
/data/pdb_release/all/pdb1acp.ent 47.500000
/data/pdb_release/all/pdb1aca.ent 47.500000
/nfs/cathdata/dompdb/1pcrM1 47.500000
/nfs/cathdata/dompdb/1prcM1 35.000000
/nfs/cathdata/dompdb/1pcrL1 57.500000
/nfs/cathdata/dompdb/1prcL1 57.500000
/nfs/cathdata/dompdb/3sdpA1 35.000000
/nfs/cathdata/dompdb/1mngA1 57.500000
/nfs/cathdata/dompdb/1svcP2 35.000000
/nfs/cathdata/dompdb/1nfkA2 25.000000
/nfs/cathdata/dompdb/1mtyG2 47.500000
/nfs/cathdata/dompdb/1mhyG2 47.500000
/nfs/cathdata/dompdb/2minB4 37.500000
/nfs/cathdata/dompdb/1mioB3 47.500000
/data/pdb_release/all/pdb1poc.ent 42.500000
/data/pdb_release/all/pdb1ppa.ent 47.500000
/data/pdb_release/all/pdb1poa.ent 51.250000
/data/pdb_release/all/pdb4bp2.ent 52.500000
/data/pdb_release/all/pdb1pod.ent 52.500000
/tmp/3p2pA0 40.000000
/tmp/1pp2L0 52.500000
/tmp/1clpA0 52.500000
/tmp/1bunA0 62.500000
/data/pdb_release/all/pdb1psj.ent 62.500000
/data/pdb_release/all/pdb1ae7.ent 50.000000
/nfs/cathdata/dompdb/1bmtA1 57.500000
/data/pdb_release/all/pdb1lmq.ent 47.500000
/data/pdb_release/all/pdb1jug.ent 47.500000
/data/pdb_release/all/pdb119l.ent 85.000000
/nfs/cathdata/dompdb/1bucA1 90.000000
/nfs/cathdata/dompdb/3mddA1 67.500000
/nfs/cathdata/dompdb/1oxa02 87.500000
/nfs/cathdata/dompdb/1grl01 90.000000
/nfs/cathdata/dompdb/1aorA2 78.750000
/nfs/cathdata/dompdb/2pgd02 90.000000
/nfs/cathdata/dompdb/1dnpA3 87.500000
/nfs/cathdata/dompdb/1csc01 90.000000
/tmp/1csmA0 90.000000
/nfs/cathdata/dompdb/1aorA3 90.000000
/data/pdb_release/all/pdb1fps.ent 92.500000
/nfs/cathdata/dompdb/1clc02 92.500000
/tmp/1ribA0 82.500000
/tmp/1mmoB0 90.000000
/tmp/1mhyB0 92.500000
/nfs/cathdata/dompdb/1cpt02 92.500000
/data/pdb_release/all/pdb1phb.ent 90.000000
/tmp/2bmhA0 92.500000
/nfs/cathdata/dompdb/1lla01 92.500000
/tmp/1mhlC0 92.500000
/tmp/1mtyD0 92.500000
/tmp/1mhyD0 90.000000
/nfs/cathdata/dompdb/2sblB2 92.500000
/data/pdb_release/all/pdb1lnh.ent 92.500000
/data/pdb_release/all/pdb1ehs.ent 25.000000
/tmp/2spcA0 25.000000
/tmp/1ytfB0 25.000000
/nfs/cathdata/dompdb/1pnkA2 25.000000
/data/pdb_release/all/pdb1aty.ent 35.000000
/nfs/cathdata/dompdb/1dloA3 38.750000
/tmp/1ithA0 80.000000
/tmp/1cpcA0 90.000000
/tmp/1cpcB0 87.500000
/tmp/1allA0 90.000000
/tmp/1allB0 70.000000
/tmp/1colA0 92.500000
/nfs/cathdata/dompdb/1ddt02 95.000000
/nfs/cathdata/dompdb/3blm02 67.500000
/nfs/cathdata/dompdb/1mblA2 67.500000
/nfs/cathdata/dompdb/1btl02 65.000000
/nfs/cathdata/dompdb/1ckiA2 77.500000
/nfs/cathdata/dompdb/1csn02 70.000000
/nfs/cathdata/dompdb/1apmE1 87.500000
/nfs/cathdata/dompdb/1irk02 87.500000
/nfs/cathdata/dompdb/1ad5A4 87.500000
/nfs/cathdata/dompdb/1aru01 90.000000
/nfs/cathdata/dompdb/1llp01 87.500000
/nfs/cathdata/dompdb/1mnp01 60.000000
/nfs/cathdata/dompdb/1qpaA1 90.000000
/nfs/cathdata/dompdb/1cca01 87.500000
/nfs/cathdata/dompdb/1apxA1 67.500000
/nfs/cathdata/dompdb/1schA1 55.000000
/data/pdb_release/all/pdb153l.ent 90.000000
/data/pdb_release/all/pdb1baa.ent 90.000000
/nfs/cathdata/dompdb/1cnsA1 87.500000
/data/pdb_release/all/pdb135l.ent 45.000000
/data/pdb_release/all/pdb2ihl.ent 47.500000
/data/pdb_release/all/pdb1lz1.ent 52.500000
/data/pdb_release/all/pdb1hhl.ent 45.000000
/tmp/1ghlA0 45.000000
/data/pdb_release/all/pdb2eql.ent 62.500000
/data/pdb_release/all/pdb1alc.ent 45.000000
/data/pdb_release/all/pdb1hml.ent 45.000000
/tmp/1thbA0 80.000000
/tmp/1hdsA0 77.500000
/tmp/1hdsB0 75.000000
/tmp/2mhbA0 80.000000
/tmp/1fdhG0 82.500000
/tmp/1hbhA0 77.500000
/tmp/1hdaA0 80.000000
/tmp/1babB0 75.000000
/data/pdb_release/all/pdb2lhb.ent 77.500000
/tmp/1hbhB0 90.000000
/tmp/1hdaB0 75.000000
/tmp/1pghA0 77.500000
/tmp/1pghB0 77.500000
/tmp/1ibeB0 87.500000
/tmp/1outA0 80.000000
/tmp/1outB0 87.500000
/tmp/1spgA0 70.000000
/tmp/1spgB0 87.500000
/data/pdb_release/all/pdb1flp.ent 75.000000
/data/pdb_release/all/pdb1lhs.ent 95.000000
/data/pdb_release/all/pdb1bvd.ent 77.500000
/data/pdb_release/all/pdb1ymb.ent 92.500000
/data/pdb_release/all/pdb1mbs.ent 92.500000
/data/pdb_release/all/pdb2mm1.ent 92.500000
/data/pdb_release/all/pdb1emy.ent 77.500000
/tmp/1mygA0 77.500000
/data/pdb_release/all/pdb1myt.ent 87.500000
/data/pdb_release/all/pdb1eca.ent 100.000000
/tmp/1sctA0 90.000000
/tmp/1sctB0 85.000000
/tmp/3sdhA0 90.000000
/data/pdb_release/all/pdb1mba.ent 80.000000
/data/pdb_release/all/pdb1ash.ent 80.000000
/nfs/cathdata/dompdb/1fcdC2 60.000000
/tmp/2mtaC0 65.000000
/nfs/cathdata/dompdb/2abk02 45.000000
/nfs/cathdata/dompdb/1npc02 57.500000
/nfs/cathdata/dompdb/1ezm02 67.500000
/nfs/cathdata/dompdb/2tmnE2 70.000000
/nfs/cathdata/dompdb/1dnpA2 67.500000
/nfs/cathdata/dompdb/1gia02 77.500000
/nfs/cathdata/dompdb/1tadA2 77.500000
/nfs/cathdata/dompdb/7catA2 77.500000
/nfs/cathdata/dompdb/1cca02 72.500000
/nfs/cathdata/dompdb/1apxA2 70.000000
/nfs/cathdata/dompdb/1aru02 70.000000
/nfs/cathdata/dompdb/1llp02 70.000000
/nfs/cathdata/dompdb/1mnp02 70.000000
/nfs/cathdata/dompdb/1qpaA2 72.500000
/nfs/cathdata/dompdb/1schA2 87.500000
/tmp/1rfbA0 85.000000
/nfs/cathdata/dompdb/1pnkA1 87.500000
/data/pdb_release/all/pdb1end.ent 55.000000
/nfs/cathdata/dompdb/1gly01 73.750000
/nfs/cathdata/dompdb/1ecl02 75.000000
/data/pdb_release/all/pdb1sra.ent 65.000000
/nfs/cathdata/dompdb/1prcC2 67.500000
/nfs/cathdata/dompdb/1prcC1 67.500000
/nfs/cathdata/dompdb/1vsgA2 67.500000
/nfs/cathdata/dompdb/1gly02 81.250000
/nfs/cathdata/dompdb/1pnkB4 70.000000
/data/pdb_release/all/pdb1hlm.ent 72.500000
/data/pdb_release/all/pdb1hlb.ent 90.000000
/data/pdb_release/all/pdb1hbg.ent 77.500000
/data/pdb_release/all/pdb1gdj.ent 70.000000
/tmp/1binA0 80.000000
/nfs/cathdata/dompdb/1osa02 47.500000
/nfs/cathdata/dompdb/1wdcC2 47.500000
/nfs/cathdata/dompdb/1tnw02 47.500000
/tmp/1cnpA0 47.500000
/tmp/1symA0 47.500000
/tmp/1tcoB0 85.000000
/nfs/cathdata/dompdb/1scmC1 45.000000
/nfs/cathdata/dompdb/1wdcB1 47.500000
/nfs/cathdata/dompdb/1rec01 0.000000
/nfs/cathdata/dompdb/1rec02 77.500000
/data/pdb_release/all/pdb2sas.ent 87.500000
/tmp/2scpA0 87.500000
/data/pdb_release/all/pdb155c.ent 47.500000
/data/pdb_release/all/pdb1ycc.ent 57.500000
/data/pdb_release/all/pdb1ccr.ent 55.000000
/tmp/5cytR0 57.500000
/data/pdb_release/all/pdb1yeb.ent 57.500000
/data/pdb_release/all/pdb1hrc.ent 57.500000
/data/pdb_release/all/pdb1cry.ent 60.000000
/data/pdb_release/all/pdb1cot.ent 57.500000
/data/pdb_release/all/pdb3c2c.ent 57.500000
/tmp/1c2rA0 57.500000
/data/pdb_release/all/pdb1cxc.ent 55.000000
/data/pdb_release/all/pdb1yea.ent 67.500000
/tmp/1hroA0 57.500000
/data/pdb_release/all/pdb1dvh.ent 57.500000
/data/pdb_release/all/pdb351c.ent 47.500000
/data/pdb_release/all/pdb1cor.ent 57.500000
/data/pdb_release/all/pdb1cch.ent 57.500000
/nfs/cathdata/dompdb/1fcdC1 47.500000
/data/pdb_release/all/pdb1cc5.ent 57.500000
/data/pdb_release/all/pdb1cyi.ent 57.500000
/data/pdb_release/all/pdb1ctj.ent 57.500000
/nfs/cathdata/dompdb/6gsvA2 47.500000
/nfs/cathdata/dompdb/1gta02 57.500000
/nfs/cathdata/dompdb/1hna02 60.000000
/nfs/cathdata/dompdb/2gsq02 47.500000
/nfs/cathdata/dompdb/1gseA2 57.500000
/nfs/cathdata/dompdb/1bpb01 47.500000
/nfs/cathdata/dompdb/1taq02 25.000000
/nfs/cathdata/dompdb/9icwA2 47.500000
/nfs/cathdata/dompdb/1ecl04 47.500000
/nfs/cathdata/dompdb/1adeA2 47.500000
/nfs/cathdata/dompdb/1atnA3 62.500000
/nfs/cathdata/dompdb/1oxa03 57.500000
/data/pdb_release/all/pdb1hmx.ent 57.500000
/nfs/cathdata/dompdb/2abk01 72.500000
/nfs/cathdata/dompdb/1gln04 67.500000
/nfs/cathdata/dompdb/2tct02 70.000000
/tmp/1hulA0 57.500000
/data/pdb_release/all/pdb1coo.ent 57.500000
/nfs/cathdata/dompdb/1wdcB2 47.500000
/data/pdb_release/all/pdb1bod.ent 47.500000
/data/pdb_release/all/pdb1cb1.ent 47.500000
/data/pdb_release/all/pdb4icb.ent 60.000000
/data/pdb_release/all/pdb1cmf.ent 47.500000
/nfs/cathdata/dompdb/1ncx01 60.000000
/data/pdb_release/all/pdb1cfc.ent 90.000000
/data/pdb_release/all/pdb1tnx.ent 87.500000
/data/pdb_release/all/pdb1rro.ent 67.500000
/data/pdb_release/all/pdb4cpv.ent 67.500000
/data/pdb_release/all/pdb5pal.ent 77.500000
/data/pdb_release/all/pdb1pal.ent 70.000000
/tmp/1rtp10 85.000000
/tmp/1pvaA0 80.000000
/nfs/cathdata/dompdb/1osa01 45.000000
/nfs/cathdata/dompdb/1avhA1 57.500000
/nfs/cathdata/dompdb/2ran01 57.500000
/nfs/cathdata/dompdb/1ala02 57.500000
/nfs/cathdata/dompdb/1hvd02 57.500000
/nfs/cathdata/dompdb/1ala04 57.500000
/nfs/cathdata/dompdb/1ann04 60.000000
/nfs/cathdata/dompdb/1avhA4 57.500000
/nfs/cathdata/dompdb/1axn01 57.500000
/nfs/cathdata/dompdb/1axn03 57.500000
/nfs/cathdata/dompdb/1axn02 57.500000
/nfs/cathdata/dompdb/1ala03 47.500000
/nfs/cathdata/dompdb/1ann03 57.500000
/nfs/cathdata/dompdb/1hvd03 57.500000
/nfs/cathdata/dompdb/2ran03 57.500000
/nfs/cathdata/dompdb/1axn04 57.500000
/nfs/cathdata/dompdb/1csc02 60.000000
/nfs/cathdata/dompdb/1csh02 60.000000
/nfs/cathdata/dompdb/2cts02 60.000000
/nfs/cathdata/dompdb/1tyaE2 57.500000
/nfs/cathdata/dompdb/1bvp11 60.000000
/data/pdb_release/all/pdb1neq.ent 55.000000
/nfs/cathdata/dompdb/1octC1 47.500000
/data/pdb_release/all/pdb1r69.ent 57.500000
/data/pdb_release/all/pdb2cro.ent 57.500000
/data/pdb_release/all/pdb1adr.ent 57.500000
/tmp/1lmb30 57.500000
/nfs/cathdata/dompdb/2yhx01 57.500000
/nfs/cathdata/dompdb/2bpfA1 57.500000
/nfs/cathdata/dompdb/1bgw03 45.000000
/nfs/cathdata/dompdb/1adt01 57.500000
/nfs/cathdata/dompdb/1glqA2 47.500000
/nfs/cathdata/dompdb/2gsrA2 47.500000
/nfs/cathdata/dompdb/1gssA2 47.500000
/data/pdb_release/all/pdb1erd.ent 25.000000
/nfs/cathdata/dompdb/1dtr02 35.000000
/tmp/1lccA0 35.000000
/nfs/cathdata/dompdb/1pnrA1 47.500000
/data/pdb_release/all/pdb1uxd.ent 35.000000
/nfs/cathdata/dompdb/2phlA1 25.000000
/nfs/cathdata/dompdb/2phlA4 37.500000
/tmp/6insE0 37.500000
/data/pdb_release/all/pdb2gf1.ent 37.500000
/data/pdb_release/all/pdb1igl.ent 25.000000
/data/pdb_release/all/pdb1bip.ent 47.500000
/data/pdb_release/all/pdb1c5a.ent 47.500000
/data/pdb_release/all/pdb1kjs.ent 57.500000
/tmp/1cmbA0 35.000000
/nfs/cathdata/dompdb/1gln03 47.500000
/nfs/cathdata/dompdb/1serA1 47.500000
/nfs/cathdata/dompdb/1bvp13 45.000000
/nfs/cathdata/dompdb/1dmb03 50.000000
/nfs/cathdata/dompdb/1dik02 35.000000
/nfs/cathdata/dompdb/9pap02 35.000000
/nfs/cathdata/dompdb/1aec02 47.500000
/nfs/cathdata/dompdb/1gecE2 47.500000
/nfs/cathdata/dompdb/2act02 47.500000
/nfs/cathdata/dompdb/1ppo02 35.000000
/nfs/cathdata/dompdb/1yal02 35.000000
/nfs/cathdata/dompdb/1theA2 35.000000
/nfs/cathdata/dompdb/1csbB1 37.500000
/nfs/cathdata/dompdb/2bltA2 35.000000
/data/pdb_release/all/pdb1utg.ent 47.500000
/data/pdb_release/all/pdb1ccd.ent 47.500000
/nfs/cathdata/dompdb/1ala01 57.500000
/nfs/cathdata/dompdb/1ann01 57.500000
/nfs/cathdata/dompdb/1ann02 57.500000
/tmp/1fliA0 35.000000
/data/pdb_release/all/pdb1etc.ent 51.250000
/tmp/1sttA0 38.750000
/data/pdb_release/all/pdb2hts.ent 48.750000
/data/pdb_release/all/pdb1hks.ent 25.000000
/data/pdb_release/all/pdb1enh.ent 37.500000
/data/pdb_release/all/pdb1ftz.ent 37.500000
/data/pdb_release/all/pdb1ftt.ent 35.000000
/tmp/1ahdP0 35.000000
/tmp/1fjlA0 37.500000
/data/pdb_release/all/pdb1vnd.ent 35.000000
/data/pdb_release/all/pdb1hdp.ent 37.500000
/data/pdb_release/all/pdb1ocp.ent 35.000000
/data/pdb_release/all/pdb1pog.ent 35.000000
/tmp/1yrnA0 37.500000
/tmp/1hcrA0 37.500000
/data/pdb_release/all/pdb1res.ent 37.500000
/data/pdb_release/all/pdb1lfb.ent 35.000000
/data/pdb_release/all/pdb2lfb.ent 37.500000
/tmp/1yrnB0 50.000000
/tmp/1fiaA0 47.500000
/data/pdb_release/all/pdb1mbe.ent 35.000000
/data/pdb_release/all/pdb1mbg.ent 35.000000
/data/pdb_release/all/pdb1mbj.ent 37.500000
/tmp/2wrpR0 70.000000
/nfs/cathdata/dompdb/2tct01 47.500000
/tmp/1bfmA0 35.000000
/tmp/1hryA0 37.500000
/data/pdb_release/all/pdb1hsm.ent 37.500000
/data/pdb_release/all/pdb1hma.ent 35.000000
/data/pdb_release/all/pdb1hme.ent 37.500000
/data/pdb_release/all/pdb1aab.ent 37.500000
/tmp/1trlA0 37.500000
/tmp/1mylA0 25.000000
/tmp/1parA0 25.000000
/tmp/1mntA0 47.500000
/data/pdb_release/all/pdb1lea.ent 37.500000
/tmp/1hstA0 42.500000
/data/pdb_release/all/pdb1ghc.ent 35.000000
/nfs/cathdata/dompdb/1dprA1 47.500000
/nfs/cathdata/dompdb/1bia01 37.500000
/nfs/cathdata/dompdb/1berA2 40.000000
/nfs/cathdata/dompdb/1pdnC1 37.500000
/nfs/cathdata/dompdb/1pdnC2 35.000000
