/tmp/2ltnB0 6.250000
/tmp/1lenB0 6.250000
/tmp/1lgcB0 0.000000
/nfs/cathdata/dompdb/1lyaB1 6.250000
/tmp/1aayA0 17.500000
/tmp/1ubdC0 18.750000
/tmp/1meyC0 19.375000
/tmp/2drpA0 17.500000
/tmp/1pyaA0 11.250000
/tmp/1hueA0 17.500000
/tmp/1wtuA0 25.000000
/tmp/1ihfA0 29.375000
/tmp/1ihfB0 30.625000
/nfs/cathdata/dompdb/1prcH1 27.500000
/nfs/cathdata/dompdb/1pcrH1 19.375000
/data/pdb_release/all/pdb4mt2.ent 0.000000
/data/pdb_release/all/pdb1tiv.ent 0.000000
/data/pdb_release/all/pdb1zaq.ent 0.000000
/data/pdb_release/all/pdb1iva.ent 0.000000
/data/pdb_release/all/pdb1agg.ent 0.000000
/data/pdb_release/all/pdb1cfh.ent 0.000000
/data/pdb_release/all/pdb1cfi.ent 0.000000
/data/pdb_release/all/pdb1aaf.ent 0.000000
/data/pdb_release/all/pdb2ech.ent 0.000000
/data/pdb_release/all/pdb1fvl.ent 0.000000
/data/pdb_release/all/pdb1kst.ent 12.500000
/tmp/1r0940 6.250000
/tmp/2plv40 18.750000
/tmp/1pvc40 17.500000
/tmp/1bbt40 12.500000
/tmp/1tme40 6.250000
/tmp/2mev40 6.250000
/tmp/1tabI0 0.000000
/data/pdb_release/all/pdb1pi2.ent 6.250000
/data/pdb_release/all/pdb1bbi.ent 18.750000
/nfs/cathdata/dompdb/1pcp01 6.250000
/nfs/cathdata/dompdb/2pspA2 6.250000
/nfs/cathdata/dompdb/1gcb01 62.500000
/nfs/cathdata/dompdb/1fieA2 65.625000
/nfs/cathdata/dompdb/1lgr01 57.500000
/nfs/cathdata/dompdb/1abbA1 63.125000
/nfs/cathdata/dompdb/1ygpA1 67.500000
/nfs/cathdata/dompdb/1pgd03 6.250000
/data/pdb_release/all/pdb1ldl.ent 0.000000
/data/pdb_release/all/pdb1ldr.ent 0.000000
/data/pdb_release/all/pdb1tap.ent 17.500000
/data/pdb_release/all/pdb5pti.ent 17.500000
/tmp/1aapA0 17.500000
/data/pdb_release/all/pdb1dtx.ent 17.500000
/data/pdb_release/all/pdb1dtk.ent 17.500000
/data/pdb_release/all/pdb1shp.ent 17.500000
/tmp/1brbI0 17.500000
/data/pdb_release/all/pdb1knt.ent 17.500000
/data/pdb_release/all/pdb1dem.ent 18.750000
/tmp/1bunB0 17.500000
/data/pdb_release/all/pdb1hnr.ent 6.250000
/tmp/1mhlA0 11.250000
/nfs/cathdata/dompdb/1gal02 12.500000
/nfs/cathdata/dompdb/1inp01 12.500000
/nfs/cathdata/dompdb/1rtc02 19.375000
/nfs/cathdata/dompdb/1apa02 23.125000
/nfs/cathdata/dompdb/1pafA2 23.125000
/nfs/cathdata/dompdb/1mrg02 24.375000
/nfs/cathdata/dompdb/1mrj02 25.625000
/nfs/cathdata/dompdb/1abrA2 22.500000
/tmp/1isuA0 6.250000
/data/pdb_release/all/pdb1hip.ent 16.250000
/tmp/2hipA0 12.500000
/data/pdb_release/all/pdb1hpi.ent 12.500000
/data/pdb_release/all/pdb1bbo.ent 11.250000
/nfs/cathdata/dompdb/1adt02 27.500000
/tmp/1abmA0 50.000000
/tmp/1idsA0 45.625000
/tmp/1isaA0 47.500000
/nfs/cathdata/dompdb/1vsgA1 30.625000
/tmp/1hmpA0 49.375000
/nfs/cathdata/dompdb/1adeA3 29.375000
/nfs/cathdata/dompdb/1qorA1 43.750000
/nfs/cathdata/dompdb/3btoA1 57.500000
/nfs/cathdata/dompdb/1dehA1 57.500000
/nfs/cathdata/dompdb/1cdoA1 59.375000
/nfs/cathdata/dompdb/1tehA1 57.500000
/nfs/cathdata/dompdb/1agnA1 56.250000
/tmp/1yptA0 48.125000
/data/pdb_release/all/pdb2hnp.ent 54.375000
/nfs/cathdata/dompdb/1yfoA1 46.875000
/tmp/1vhrA0 58.750000
/data/pdb_release/all/pdb1gpc.ent 53.750000
/nfs/cathdata/dompdb/1bgw05 48.125000
/nfs/cathdata/dompdb/1jetA1 52.500000
/nfs/cathdata/dompdb/1glaG1 59.375000
/nfs/cathdata/dompdb/1hgeA1 48.750000
/tmp/1ltsA0 48.750000
/tmp/1xtcA0 51.875000
/tmp/1tiiA0 46.250000
/tmp/1prtA0 50.000000
/nfs/cathdata/dompdb/1admA2 45.000000
/nfs/cathdata/dompdb/1chmA2 48.750000
/data/pdb_release/all/pdb1mat.ent 46.250000
/data/pdb_release/all/pdb1pbn.ent 63.125000
/data/pdb_release/all/pdb1ula.ent 63.750000
/tmp/1ecpA0 56.875000
/nfs/cathdata/dompdb/1dhx03 60.625000
/data/pdb_release/all/pdb2cyr.ent 29.375000
/data/pdb_release/all/pdb1wad.ent 16.250000
/data/pdb_release/all/pdb1czj.ent 35.000000
/tmp/1htmB0 16.250000
/nfs/cathdata/dompdb/1berA1 30.625000
/nfs/cathdata/dompdb/1dhx02 18.125000
/nfs/cathdata/dompdb/1gln02 30.625000
/nfs/cathdata/dompdb/1gtrA2 31.875000
/nfs/cathdata/dompdb/1prcH2 27.500000
/nfs/cathdata/dompdb/4rcrH2 17.500000
/nfs/cathdata/dompdb/1oxa01 24.375000
/nfs/cathdata/dompdb/1cpt01 30.625000
/nfs/cathdata/dompdb/1gcb02 41.250000
/data/pdb_release/all/pdb1mut.ent 22.500000
/data/pdb_release/all/pdb1pyp.ent 36.250000
/data/pdb_release/all/pdb2prd.ent 43.125000
/tmp/1eipA0 40.625000
/nfs/cathdata/dompdb/1ordA4 37.500000
/nfs/cathdata/dompdb/2cmd02 33.125000
/nfs/cathdata/dompdb/1mldA2 33.125000
/nfs/cathdata/dompdb/6ldh02 34.375000
/nfs/cathdata/dompdb/1llc02 30.625000
/nfs/cathdata/dompdb/1lldA2 27.500000
/nfs/cathdata/dompdb/2ldx02 33.125000
/nfs/cathdata/dompdb/3ldh02 31.250000
/nfs/cathdata/dompdb/5ldh02 27.500000
/nfs/cathdata/dompdb/9ldtA2 34.375000
/nfs/cathdata/dompdb/1ldb02 38.750000
/nfs/cathdata/dompdb/1hyhA2 34.375000
/nfs/cathdata/dompdb/4mdhA2 37.500000
/nfs/cathdata/dompdb/1bdmA2 37.500000
/nfs/cathdata/dompdb/1dctA2 20.000000
/tmp/1regX0 35.000000
/nfs/cathdata/dompdb/2bltA1 59.375000
/data/pdb_release/all/pdb1xaa.ent 78.125000
/data/pdb_release/all/pdb1xac.ent 74.375000
/tmp/1alkA0 64.375000
/data/pdb_release/all/pdb1lpp.ent 71.875000
/data/pdb_release/all/pdb1thg.ent 76.875000
/tmp/1cleA0 73.125000
/data/pdb_release/all/pdb1ace.ent 71.875000
/nfs/cathdata/dompdb/3ladA2 48.750000
/nfs/cathdata/dompdb/1lpfA2 40.625000
/nfs/cathdata/dompdb/1lvl02 36.250000
/nfs/cathdata/dompdb/1ebdA2 50.000000
/nfs/cathdata/dompdb/2tmdA3 46.875000
/nfs/cathdata/dompdb/1gerA2 41.250000
/nfs/cathdata/dompdb/1gesA2 40.000000
/nfs/cathdata/dompdb/3grs02 40.000000
/nfs/cathdata/dompdb/1tde02 48.125000
/nfs/cathdata/dompdb/1vdc02 47.500000
/nfs/cathdata/dompdb/1fecB2 40.000000
/nfs/cathdata/dompdb/1nhr02 49.375000
/nfs/cathdata/dompdb/1fcdA2 52.500000
/tmp/1pyaB0 50.000000
/nfs/cathdata/dompdb/1dik03 52.500000
/nfs/cathdata/dompdb/1aorA1 63.750000
/tmp/2dnjA0 63.125000
/tmp/1fjmA0 62.500000
/tmp/1tcoA0 61.875000
/nfs/cathdata/dompdb/1gph11 64.375000
/data/pdb_release/all/pdb1plq.ent 65.625000
/data/pdb_release/all/pdb1bnh.ent 55.625000
/data/pdb_release/all/pdb1cy3.ent 6.250000
/tmp/1cthA0 18.125000
/data/pdb_release/all/pdb2cdv.ent 18.125000
/nfs/cathdata/dompdb/1trkA1 72.500000
/tmp/1rvaA0 48.750000
/nfs/cathdata/dompdb/1atnA1 56.875000
/nfs/cathdata/dompdb/2btfA1 45.000000
/nfs/cathdata/dompdb/1olbA2 72.500000
/data/pdb_release/all/pdb2ctc.ent 65.625000
/data/pdb_release/all/pdb1amp.ent 59.375000
/nfs/cathdata/dompdb/1lam02 73.125000
/nfs/cathdata/dompdb/1tplA2 57.500000
/nfs/cathdata/dompdb/1dgd02 73.750000
/nfs/cathdata/dompdb/1aam02 50.000000
/nfs/cathdata/dompdb/1akaA2 73.750000
/nfs/cathdata/dompdb/2cstA2 73.750000
/nfs/cathdata/dompdb/1ordA2 63.125000
/data/pdb_release/all/pdb1rpa.ent 62.500000
/data/pdb_release/all/pdb1esc.ent 56.250000
/nfs/cathdata/dompdb/1gpb02 67.500000
/nfs/cathdata/dompdb/1ygpA2 68.750000
/tmp/1deaA0 70.000000
/tmp/1thtA0 79.375000
/tmp/1tahA0 61.875000
/tmp/1oilA0 63.125000
/nfs/cathdata/dompdb/1hplA1 64.375000
/nfs/cathdata/dompdb/1lpbB1 68.125000
/tmp/1ethA0 65.625000
/data/pdb_release/all/pdb1gpl.ent 66.250000
/data/pdb_release/all/pdb1tca.ent 60.000000
/data/pdb_release/all/pdb1ede.ent 66.875000
/data/pdb_release/all/pdb1ysc.ent 66.875000
/nfs/cathdata/dompdb/1asyA2 57.500000
/nfs/cathdata/dompdb/1lylA2 62.500000
/nfs/cathdata/dompdb/1serA2 64.375000
/data/pdb_release/all/pdb3pte.ent 63.125000
/nfs/cathdata/dompdb/1abrA1 41.875000
/nfs/cathdata/dompdb/1ahc01 48.750000
/nfs/cathdata/dompdb/1mrj01 51.875000
/nfs/cathdata/dompdb/1apa01 37.500000
/nfs/cathdata/dompdb/1pafA1 37.500000
/tmp/4dfrA0 51.875000
/data/pdb_release/all/pdb3dfr.ent 43.125000
/data/pdb_release/all/pdb8dfr.ent 49.375000
/data/pdb_release/all/pdb1drf.ent 48.125000
/data/pdb_release/all/pdb1dyr.ent 56.250000
/nfs/cathdata/dompdb/1adeA1 50.000000
/nfs/cathdata/dompdb/3pmgA1 65.625000
/data/pdb_release/all/pdb1udg.ent 64.375000
/nfs/cathdata/dompdb/3pgk02 54.375000
/nfs/cathdata/dompdb/1php02 59.375000
/nfs/cathdata/dompdb/1gpmA1 51.875000
/nfs/cathdata/dompdb/1powA3 52.500000
/nfs/cathdata/dompdb/1pvdA3 53.125000
/nfs/cathdata/dompdb/1pvdA1 56.250000
/nfs/cathdata/dompdb/1powA1 60.000000
/nfs/cathdata/dompdb/1trkA2 50.625000
/nfs/cathdata/dompdb/1tyaE1 59.375000
/nfs/cathdata/dompdb/2tysB2 61.250000
/nfs/cathdata/dompdb/1minA1 64.375000
/nfs/cathdata/dompdb/1mioA1 67.500000
/nfs/cathdata/dompdb/3ecaA1 55.625000
/nfs/cathdata/dompdb/1agx01 61.250000
/nfs/cathdata/dompdb/3pga11 53.750000
/tmp/1wsaA0 72.500000
/tmp/1nbaA0 54.375000
/nfs/cathdata/dompdb/2reb01 55.000000
/tmp/1smnA0 51.875000
/tmp/1eriA0 46.875000
/nfs/cathdata/dompdb/1lvl01 46.250000
/nfs/cathdata/dompdb/1ebdA1 52.500000
/nfs/cathdata/dompdb/1gal01 46.875000
/nfs/cathdata/dompdb/1fcdA1 50.000000
/nfs/cathdata/dompdb/1coy01 63.125000
/nfs/cathdata/dompdb/1pbe01 60.000000
/nfs/cathdata/dompdb/1aa8A1 61.250000
/nfs/cathdata/dompdb/1dob02 45.625000
/data/pdb_release/all/pdb1cge.ent 30.000000
/data/pdb_release/all/pdb1mnc.ent 31.250000
/data/pdb_release/all/pdb1srt.ent 30.625000
/nfs/cathdata/dompdb/1fbl01 31.250000
/data/pdb_release/all/pdb1mmq.ent 30.625000
/data/pdb_release/all/pdb1slm.ent 49.375000
/tmp/1atlA0 37.500000
/data/pdb_release/all/pdb1iag.ent 36.250000
/nfs/cathdata/dompdb/1kapP2 36.250000
/nfs/cathdata/dompdb/1sat02 42.500000
/data/pdb_release/all/pdb1iab.ent 30.625000
/nfs/cathdata/dompdb/1lcf01 45.625000
/nfs/cathdata/dompdb/1ovt01 46.875000
/nfs/cathdata/dompdb/1ovt03 51.875000
/nfs/cathdata/dompdb/1nnt01 27.500000
/nfs/cathdata/dompdb/1tfd01 26.250000
/nfs/cathdata/dompdb/1lcf03 50.625000
/nfs/cathdata/dompdb/1dot01 43.750000
/nfs/cathdata/dompdb/1dot03 50.625000
/nfs/cathdata/dompdb/1quk01 48.750000
/nfs/cathdata/dompdb/1sbp01 46.875000
/nfs/cathdata/dompdb/1dmb01 41.875000
/nfs/cathdata/dompdb/1pot01 40.625000
/nfs/cathdata/dompdb/3sc2A1 46.250000
/nfs/cathdata/dompdb/1rtc01 38.750000
/tmp/1pviA0 37.500000
/nfs/cathdata/dompdb/1bllE1 51.875000
/nfs/cathdata/dompdb/1scuB3 53.125000
/nfs/cathdata/dompdb/1ora01 38.750000
/nfs/cathdata/dompdb/1ora02 30.625000
/nfs/cathdata/dompdb/2glt01 38.750000
/nfs/cathdata/dompdb/1ttqB1 51.250000
/data/pdb_release/all/pdb3pgm.ent 37.500000
/nfs/cathdata/dompdb/1gtrA1 46.875000
/nfs/cathdata/dompdb/1gln01 49.375000
/tmp/1dsbA0 48.750000
/tmp/1gp1A0 36.250000
/nfs/cathdata/dompdb/1chmA1 57.500000
/nfs/cathdata/dompdb/1scuB1 41.875000
/nfs/cathdata/dompdb/1mla02 73.750000
/nfs/cathdata/dompdb/1glaG2 63.750000
/nfs/cathdata/dompdb/1ami01 55.000000
/data/pdb_release/all/pdb1ak2.ent 64.375000
/tmp/1ak3A0 78.125000
/tmp/1akeA0 64.375000
/data/pdb_release/all/pdb1aky.ent 68.125000
/data/pdb_release/all/pdb3adk.ent 68.125000
/data/pdb_release/all/pdb1ukz.ent 68.750000
/data/pdb_release/all/pdb1ukd.ent 64.375000
/nfs/cathdata/dompdb/2tmdA2 50.625000
/nfs/cathdata/dompdb/1nhp01 48.750000
/nfs/cathdata/dompdb/1trb01 30.625000
/nfs/cathdata/dompdb/1vdc01 28.125000
/nfs/cathdata/dompdb/1typA1 46.875000
/nfs/cathdata/dompdb/1gesA1 46.250000
/nfs/cathdata/dompdb/3grs01 45.000000
/nfs/cathdata/dompdb/3ladA1 48.750000
/nfs/cathdata/dompdb/1lpfA1 46.250000
/nfs/cathdata/dompdb/1pfkA2 42.500000
/nfs/cathdata/dompdb/3pfk02 43.750000
/nfs/cathdata/dompdb/3pgk01 40.000000
/nfs/cathdata/dompdb/1php01 36.875000
/nfs/cathdata/dompdb/3pmgA3 45.000000
/tmp/2rslA0 43.750000
/tmp/1gdtA0 50.625000
/nfs/cathdata/dompdb/1ctt02 36.875000
/nfs/cathdata/dompdb/1ctt01 35.000000
/tmp/1whtB0 46.875000
/nfs/cathdata/dompdb/1trkA3 38.125000
/nfs/cathdata/dompdb/1dmb02 31.250000
/nfs/cathdata/dompdb/1pda02 25.625000
/nfs/cathdata/dompdb/1hslA2 43.125000
/nfs/cathdata/dompdb/1lst02 43.750000
/nfs/cathdata/dompdb/1pbp02 42.500000
/nfs/cathdata/dompdb/1sbp02 49.375000
/data/pdb_release/all/pdb1ovb.ent 41.250000
/nfs/cathdata/dompdb/1lcf02 41.250000
/nfs/cathdata/dompdb/1lcf04 35.000000
/nfs/cathdata/dompdb/1ovt02 41.250000
/nfs/cathdata/dompdb/1ovt04 35.000000
/nfs/cathdata/dompdb/1tfd02 43.125000
/nfs/cathdata/dompdb/1dot04 16.250000
/nfs/cathdata/dompdb/1poy12 48.750000
/nfs/cathdata/dompdb/1inp03 45.000000
/nfs/cathdata/dompdb/1imbA2 33.750000
/nfs/cathdata/dompdb/1fbcA2 32.500000
/nfs/cathdata/dompdb/1ftaA2 32.500000
/nfs/cathdata/dompdb/1spiA2 33.750000
/nfs/cathdata/dompdb/1pda01 40.625000
/nfs/cathdata/dompdb/1hslA1 31.250000
/nfs/cathdata/dompdb/1lst01 33.750000
/nfs/cathdata/dompdb/2ldx01 54.375000
/nfs/cathdata/dompdb/3ldh01 53.750000
/nfs/cathdata/dompdb/5ldh01 36.875000
/nfs/cathdata/dompdb/9ldtA1 52.500000
/data/pdb_release/all/pdb5nll.ent 58.750000
/data/pdb_release/all/pdb2fx2.ent 46.250000
/data/pdb_release/all/pdb1ofv.ent 35.000000
/data/pdb_release/all/pdb2fcr.ent 46.250000
/data/pdb_release/all/pdb1rcf.ent 37.500000
/tmp/1lfaA0 53.750000
/data/pdb_release/all/pdb1ido.ent 58.125000
/nfs/cathdata/dompdb/1pfkA1 63.125000
/nfs/cathdata/dompdb/3pfk01 60.000000
/data/pdb_release/all/pdb1cus.ent 55.625000
/data/pdb_release/all/pdb1dad.ent 68.125000
/data/pdb_release/all/pdb1tib.ent 59.375000
/data/pdb_release/all/pdb3tgl.ent 57.500000
/tmp/1lgyA0 57.500000
/data/pdb_release/all/pdb1vid.ent 67.500000
/data/pdb_release/all/pdb1pdo.ent 45.625000
/nfs/cathdata/dompdb/1gpmA2 50.000000
/nfs/cathdata/dompdb/1dnpA1 46.875000
/nfs/cathdata/dompdb/1bgw02 43.125000
/nfs/cathdata/dompdb/1guhA1 41.875000
/nfs/cathdata/dompdb/1glqA1 39.375000
/nfs/cathdata/dompdb/2gsq01 35.625000
/nfs/cathdata/dompdb/2gsrA1 39.375000
/nfs/cathdata/dompdb/1gssA1 38.125000
/nfs/cathdata/dompdb/2gstA1 36.250000
/nfs/cathdata/dompdb/1gta01 28.125000
/nfs/cathdata/dompdb/1hna01 37.500000
/nfs/cathdata/dompdb/3pmgA2 26.875000
/data/pdb_release/all/pdb1lba.ent 33.750000
/tmp/1meeA0 62.500000
/nfs/cathdata/dompdb/1ordA1 46.250000
/data/pdb_release/all/pdb1ntr.ent 38.125000
/nfs/cathdata/dompdb/1gdhA2 58.750000
/nfs/cathdata/dompdb/2nacA2 65.000000
/nfs/cathdata/dompdb/2dldA2 68.750000
/nfs/cathdata/dompdb/2dldA1 30.000000
/nfs/cathdata/dompdb/1scuB2 38.750000
/nfs/cathdata/dompdb/1scuA1 46.250000
/nfs/cathdata/dompdb/1scuA2 51.875000
/data/pdb_release/all/pdb1phr.ent 46.250000
/nfs/cathdata/dompdb/1bmtA2 50.000000
/tmp/1iceA0 45.000000
/data/pdb_release/all/pdb1etu.ent 55.625000
/nfs/cathdata/dompdb/1eft01 58.750000
/data/pdb_release/all/pdb5p21.ent 44.375000
/tmp/1guaA0 54.375000
/tmp/1hurA0 57.500000
/tmp/1nipA0 67.500000
/nfs/cathdata/dompdb/1gky02 47.500000
/nfs/cathdata/dompdb/1dar01 70.000000
/nfs/cathdata/dompdb/1raaA1 53.750000
/nfs/cathdata/dompdb/1raaA2 43.125000
/nfs/cathdata/dompdb/2atcA2 19.375000
/nfs/cathdata/dompdb/4mdhA1 58.750000
/nfs/cathdata/dompdb/1bdmA1 58.750000
/nfs/cathdata/dompdb/2cmd01 57.500000
/nfs/cathdata/dompdb/1mldA1 58.750000
/nfs/cathdata/dompdb/1hyhA1 46.250000
/nfs/cathdata/dompdb/6ldh01 52.500000
/nfs/cathdata/dompdb/1ldb01 46.250000
/nfs/cathdata/dompdb/1llc01 23.125000
/nfs/cathdata/dompdb/1lldA1 46.250000
/nfs/cathdata/dompdb/1bdhA3 36.250000
/nfs/cathdata/dompdb/1tlfA2 45.000000
/nfs/cathdata/dompdb/1dbp01 37.500000
/data/pdb_release/all/pdb3chy.ent 56.250000
/nfs/cathdata/dompdb/1abe01 47.500000
/nfs/cathdata/dompdb/1gdhA1 46.875000
/nfs/cathdata/dompdb/1gca01 58.750000
/nfs/cathdata/dompdb/1gdd01 55.000000
/nfs/cathdata/dompdb/1tadA1 58.125000
/nfs/cathdata/dompdb/1gotA1 43.125000
/nfs/cathdata/dompdb/1gd1O1 52.500000
/nfs/cathdata/dompdb/4gpd11 48.125000
/nfs/cathdata/dompdb/1cerO1 55.000000
/nfs/cathdata/dompdb/1gadO1 60.000000
/nfs/cathdata/dompdb/1gypA1 59.375000
/nfs/cathdata/dompdb/1hdgO1 53.125000
/nfs/cathdata/dompdb/2lbp02 56.875000
/nfs/cathdata/dompdb/2liv02 56.875000
/nfs/cathdata/dompdb/2lbp01 51.875000
/nfs/cathdata/dompdb/2liv01 50.000000
/nfs/cathdata/dompdb/1pea02 55.000000
/nfs/cathdata/dompdb/1pea01 50.625000
/nfs/cathdata/dompdb/1ecl01 40.625000
/nfs/cathdata/dompdb/1admA1 54.375000
/nfs/cathdata/dompdb/1dctA1 50.625000
/nfs/cathdata/dompdb/1hmy01 56.875000
/tmp/1garA0 66.875000
/data/pdb_release/all/pdb1chd.ent 60.000000
/data/pdb_release/all/pdb1thm.ent 70.625000
/tmp/1cseE0 62.500000
/data/pdb_release/all/pdb1st3.ent 65.000000
/data/pdb_release/all/pdb2pkc.ent 61.250000
/data/pdb_release/all/pdb1s01.ent 62.500000
/nfs/cathdata/dompdb/1poxA2 35.625000
/nfs/cathdata/dompdb/1pvdA2 46.875000
/nfs/cathdata/dompdb/2pia02 51.250000
/nfs/cathdata/dompdb/1fnb02 46.875000
/nfs/cathdata/dompdb/1que02 50.000000
/nfs/cathdata/dompdb/1cnd02 51.875000
/nfs/cathdata/dompdb/1ndh02 43.125000
/nfs/cathdata/dompdb/1gph12 48.125000
/nfs/cathdata/dompdb/1ecgA2 51.250000
/data/pdb_release/all/pdb1sto.ent 53.750000
/nfs/cathdata/dompdb/2bgt02 46.875000
/nfs/cathdata/dompdb/2bgt01 44.375000
/nfs/cathdata/dompdb/2nacA1 57.500000
/data/pdb_release/all/pdb1dhr.ent 56.250000
/tmp/1hdcA0 62.500000
/data/pdb_release/all/pdb1eny.ent 70.000000
/nfs/cathdata/dompdb/1psdA1 35.625000
/nfs/cathdata/dompdb/1psdA2 63.750000
/nfs/cathdata/dompdb/1qorA2 62.500000
/nfs/cathdata/dompdb/3btoA2 51.875000
/nfs/cathdata/dompdb/1dehA2 53.125000
/nfs/cathdata/dompdb/1cdoA2 55.625000
/nfs/cathdata/dompdb/1tehA2 54.375000
/nfs/cathdata/dompdb/1agnA2 53.125000
/nfs/cathdata/dompdb/1dih01 41.875000
/nfs/cathdata/dompdb/2pgd01 64.375000
/nfs/cathdata/dompdb/1dpgA1 56.875000
/nfs/cathdata/dompdb/1dbqA1 50.000000
/nfs/cathdata/dompdb/1tlfA1 47.500000
/nfs/cathdata/dompdb/2dri02 56.250000
/nfs/cathdata/dompdb/1gca02 42.500000
/nfs/cathdata/dompdb/2gbp02 41.250000
/nfs/cathdata/dompdb/8abp02 58.125000
/data/pdb_release/all/pdb1ghu.ent 26.875000
/nfs/cathdata/dompdb/1ad5A2 25.000000
/tmp/1ayaA0 25.000000
/tmp/2pldA0 25.625000
/data/pdb_release/all/pdb1svq.ent 35.000000
/data/pdb_release/all/pdb1vil.ent 22.500000
/data/pdb_release/all/pdb1aba.ent 25.000000
/data/pdb_release/all/pdb1ego.ent 36.250000
/tmp/2trxA0 41.250000
/data/pdb_release/all/pdb1thx.ent 43.750000
/data/pdb_release/all/pdb3trx.ent 41.250000
/data/pdb_release/all/pdb1tof.ent 41.250000
/nfs/cathdata/dompdb/1pxtA1 47.500000
/nfs/cathdata/dompdb/1pxtA2 46.250000
/nfs/cathdata/dompdb/2yhx02 45.000000
/nfs/cathdata/dompdb/1dik01 35.000000
/nfs/cathdata/dompdb/2minA3 42.500000
/nfs/cathdata/dompdb/1mioA3 41.250000
/nfs/cathdata/dompdb/2minB2 25.000000
/nfs/cathdata/dompdb/2minB3 47.500000
/nfs/cathdata/dompdb/1mioB2 30.000000
/nfs/cathdata/dompdb/1mioB4 46.250000
/nfs/cathdata/dompdb/2minA2 43.125000
/nfs/cathdata/dompdb/1mioA2 42.500000
/nfs/cathdata/dompdb/2minB1 40.625000
/nfs/cathdata/dompdb/1mioB1 48.125000
/nfs/cathdata/dompdb/1iow01 25.000000
/nfs/cathdata/dompdb/1bncA1 36.250000
/nfs/cathdata/dompdb/3ecaA2 40.625000
/nfs/cathdata/dompdb/1agx02 41.250000
/nfs/cathdata/dompdb/3pga12 38.125000
/nfs/cathdata/dompdb/1pkyA1 48.125000
/nfs/cathdata/dompdb/1pkm01 58.750000
/nfs/cathdata/dompdb/1hsbA1 42.500000
/nfs/cathdata/dompdb/2clrA1 46.875000
/nfs/cathdata/dompdb/1mhcA1 46.875000
/tmp/1tmcA0 43.125000
/nfs/cathdata/dompdb/1fruA1 46.250000
/nfs/cathdata/dompdb/1tssA1 35.000000
/nfs/cathdata/dompdb/1se202 35.625000
/nfs/cathdata/dompdb/1sebD2 31.875000
/nfs/cathdata/dompdb/1esfA2 42.500000
/data/pdb_release/all/pdb1vhh.ent 29.375000
/nfs/cathdata/dompdb/3pmgA4 39.375000
/nfs/cathdata/dompdb/1imbA1 43.750000
/nfs/cathdata/dompdb/5fbpA1 39.375000
/nfs/cathdata/dompdb/1ftaA1 40.625000
/nfs/cathdata/dompdb/1spiA1 47.500000
/nfs/cathdata/dompdb/1inp02 38.125000
/nfs/cathdata/dompdb/1gd1O2 35.625000
/nfs/cathdata/dompdb/4gpd12 33.750000
/nfs/cathdata/dompdb/1cerO2 44.375000
/nfs/cathdata/dompdb/1gadO2 42.500000
/nfs/cathdata/dompdb/1gypA2 41.875000
/nfs/cathdata/dompdb/1hdgO2 38.125000
/data/pdb_release/all/pdb1cia.ent 51.250000
/nfs/cathdata/dompdb/1gal03 53.750000
/nfs/cathdata/dompdb/1dpgA2 61.250000
/data/pdb_release/all/pdb1dpb.ent 43.750000
/data/pdb_release/all/pdb1adn.ent 19.375000
/data/pdb_release/all/pdb2pna.ent 25.625000
/data/pdb_release/all/pdb1ab2.ent 18.750000
/tmp/1shaA0 26.875000
/tmp/1lcjA0 26.875000
/tmp/1csyA0 20.000000
/data/pdb_release/all/pdb1blj.ent 24.375000
/data/pdb_release/all/pdb1fim.ent 27.500000
/tmp/1mifA0 26.250000
/tmp/1kptA0 33.750000
/nfs/cathdata/dompdb/1dja01 40.000000
/nfs/cathdata/dompdb/1mblA1 30.000000
/nfs/cathdata/dompdb/1btl01 28.750000
/data/pdb_release/all/pdb2phy.ent 41.250000
/data/pdb_release/all/pdb1fil.ent 44.375000
/data/pdb_release/all/pdb1pne.ent 43.125000
/data/pdb_release/all/pdb1acf.ent 41.875000
/data/pdb_release/all/pdb2acg.ent 43.125000
/data/pdb_release/all/pdb1cqa.ent 37.500000
/nfs/cathdata/dompdb/1pnkB1 40.000000
/nfs/cathdata/dompdb/1oacA1 32.500000
/tmp/1otgA0 36.875000
/nfs/cathdata/dompdb/1ami02 35.625000
/nfs/cathdata/dompdb/1bpb02 40.625000
/nfs/cathdata/dompdb/9icwA3 37.500000
/nfs/cathdata/dompdb/1daaA1 34.375000
/nfs/cathdata/dompdb/1iov02 39.375000
/nfs/cathdata/dompdb/1glt02 34.375000
/tmp/1gtqA0 35.000000
/nfs/cathdata/dompdb/1bia02 40.000000
/nfs/cathdata/dompdb/1antI2 45.625000
/nfs/cathdata/dompdb/1hleA2 58.750000
/nfs/cathdata/dompdb/1ovaA2 54.375000
/nfs/cathdata/dompdb/2achA1 56.250000
/nfs/cathdata/dompdb/7apiA2 55.000000
/nfs/cathdata/dompdb/1pnkB2 35.625000
/nfs/cathdata/dompdb/1ami03 41.250000
/nfs/cathdata/dompdb/1hocA1 40.000000
/nfs/cathdata/dompdb/1hsaA1 45.625000
/nfs/cathdata/dompdb/1vaaA1 42.500000
/nfs/cathdata/dompdb/1dik06 36.250000
/nfs/cathdata/dompdb/1mdl01 36.250000
/nfs/cathdata/dompdb/4enl01 34.375000
/nfs/cathdata/dompdb/1pdz01 35.000000
/nfs/cathdata/dompdb/1nhp03 33.750000
/nfs/cathdata/dompdb/3ladA3 38.125000
/nfs/cathdata/dompdb/1lpfA3 38.125000
/nfs/cathdata/dompdb/1lvl03 38.125000
/nfs/cathdata/dompdb/1ebdA3 38.125000
/nfs/cathdata/dompdb/1tytA3 42.500000
/nfs/cathdata/dompdb/1gesA3 33.750000
/nfs/cathdata/dompdb/3grs03 28.750000
/nfs/cathdata/dompdb/1irk01 26.875000
/nfs/cathdata/dompdb/1apmE2 31.875000
/nfs/cathdata/dompdb/1ckiA1 35.000000
/nfs/cathdata/dompdb/1csn01 34.375000
/nfs/cathdata/dompdb/1coy02 35.625000
/nfs/cathdata/dompdb/1rthA4 30.625000
/tmp/1hrhA0 41.875000
/data/pdb_release/all/pdb2rn2.ent 49.375000
/data/pdb_release/all/pdb1ril.ent 39.375000
/tmp/1hjrA0 50.625000
/data/pdb_release/all/pdb1itg.ent 40.625000
/data/pdb_release/all/pdb1asu.ent 40.625000
/nfs/cathdata/dompdb/1bcmA1 39.375000
/nfs/cathdata/dompdb/1atr03 36.875000
/nfs/cathdata/dompdb/1atnA2 30.625000
/nfs/cathdata/dompdb/2btfA2 30.625000
/nfs/cathdata/dompdb/2yhx03 41.250000
/nfs/cathdata/dompdb/1atr01 42.500000
/nfs/cathdata/dompdb/1mngA2 35.000000
/nfs/cathdata/dompdb/3sdpA2 12.500000
/tmp/1kpaA0 40.625000
/nfs/cathdata/dompdb/1bpb03 16.250000
/nfs/cathdata/dompdb/1pkp02 23.750000
/nfs/cathdata/dompdb/1dar04 31.875000
/tmp/1copD0 28.125000
/data/pdb_release/all/pdb1orc.ent 26.875000
/nfs/cathdata/dompdb/2reb02 24.375000
/nfs/cathdata/dompdb/1derA2 29.375000
/tmp/1iceB0 12.500000
/tmp/2kauA0 25.625000
/nfs/cathdata/dompdb/1gpmA3 30.625000
/nfs/cathdata/dompdb/1mxa03 28.750000
/nfs/cathdata/dompdb/1mxa01 30.625000
/nfs/cathdata/dompdb/1mxa02 29.375000
/nfs/cathdata/dompdb/1xrb02 24.375000
/nfs/cathdata/dompdb/1ytbA2 30.625000
/nfs/cathdata/dompdb/1tghA2 30.625000
/nfs/cathdata/dompdb/1vokA2 30.625000
/nfs/cathdata/dompdb/1tbpA1 31.250000
/nfs/cathdata/dompdb/1tghA1 30.625000
/nfs/cathdata/dompdb/1vokA1 30.625000
/nfs/cathdata/dompdb/1pczA1 33.125000
/nfs/cathdata/dompdb/1pczA2 24.375000
/nfs/cathdata/dompdb/1bmc02 36.250000
/nfs/cathdata/dompdb/1sebA1 23.125000
/nfs/cathdata/dompdb/1sebB1 35.625000
/tmp/2sicI0 26.875000
/nfs/cathdata/dompdb/1dih02 33.125000
/tmp/1brsD0 32.500000
/data/pdb_release/all/pdb1msc.ent 33.125000
/tmp/1unaA0 31.875000
/nfs/cathdata/dompdb/1chkA2 19.375000
/nfs/cathdata/dompdb/1svb03 18.750000
/nfs/cathdata/dompdb/1oacA4 26.250000
/tmp/1latA0 12.500000
/tmp/2nllA0 12.500000
/tmp/2nllB0 18.750000
/data/pdb_release/all/pdb1tns.ent 17.500000
/data/pdb_release/all/pdb1ife.ent 11.250000
/data/pdb_release/all/pdb1tig.ent 31.875000
/nfs/cathdata/dompdb/1hpm04 24.375000
/nfs/cathdata/dompdb/1bncA2 12.500000
/nfs/cathdata/dompdb/1iow03 28.750000
/nfs/cathdata/dompdb/1glt03 27.500000
/tmp/1humA0 23.750000
/tmp/1hrjA0 11.250000
/tmp/1domA0 17.500000
/tmp/1plfA0 18.750000
/tmp/1mgsA0 22.500000
/data/pdb_release/all/pdb3il8.ent 22.500000
/tmp/1rhpA0 18.750000
/tmp/1napA0 22.500000
/tmp/1rodA0 12.500000
/data/pdb_release/all/pdb1stu.ent 25.625000
/nfs/cathdata/dompdb/1pkp01 23.750000
/nfs/cathdata/dompdb/1pda03 28.750000
/data/pdb_release/all/pdb1ncs.ent 6.250000
/tmp/1cksA0 12.500000
/tmp/1sceA0 12.500000
/tmp/1dktA0 18.125000
/tmp/1rblM0 23.125000
/tmp/3rubS0 23.125000
/tmp/8rubS0 23.125000
/tmp/8rucI0 23.125000
/tmp/1burS0 23.125000
/nfs/cathdata/dompdb/1amg02 17.500000
/nfs/cathdata/dompdb/1amy02 20.625000
/data/pdb_release/all/pdb1zer.ent 32.500000
/data/pdb_release/all/pdb1aps.ent 29.375000
/tmp/2bopA0 27.500000
/data/pdb_release/all/pdb2pii.ent 27.500000
/tmp/2chsA0 31.875000
/nfs/cathdata/dompdb/8atcB1 28.750000
/nfs/cathdata/dompdb/2atcB1 6.250000
/tmp/1nhkL0 41.875000
/data/pdb_release/all/pdb1ndk.ent 43.125000
/tmp/1nsqA0 43.125000
/tmp/1nskL0 45.625000
/nfs/cathdata/dompdb/1rbaA1 38.750000
/nfs/cathdata/dompdb/3rubL1 40.625000
/nfs/cathdata/dompdb/8rucA1 40.625000
/nfs/cathdata/dompdb/1rblA1 40.625000
/nfs/cathdata/dompdb/1ars01 23.125000
/nfs/cathdata/dompdb/7aatA1 23.125000
/nfs/cathdata/dompdb/2cstA1 23.125000
/nfs/cathdata/dompdb/1ordA3 40.000000
/nfs/cathdata/dompdb/2dkb01 39.375000
/nfs/cathdata/dompdb/1tplA1 32.500000
/tmp/1dcoA0 26.250000
/data/pdb_release/all/pdb1vig.ent 23.750000
/tmp/1xxaA0 25.625000
/nfs/cathdata/dompdb/1bgw04 42.500000
/nfs/cathdata/dompdb/1dar05 33.750000
/nfs/cathdata/dompdb/1mla01 28.750000
/nfs/cathdata/dompdb/1psdA3 28.750000
/nfs/cathdata/dompdb/1dloA2 23.750000
/nfs/cathdata/dompdb/1mml02 41.250000
/tmp/1gluA0 12.500000
/data/pdb_release/all/pdb1hra.ent 12.500000
/tmp/1hcqA0 12.500000
/nfs/cathdata/dompdb/1bgw01 20.625000
/data/pdb_release/all/pdb1nef.ent 23.750000
/tmp/1efnB0 23.125000
/nfs/cathdata/dompdb/1gky01 19.375000
/nfs/cathdata/dompdb/1yua01 22.500000
/data/pdb_release/all/pdb1vcc.ent 28.750000
/nfs/cathdata/dompdb/1svb02 30.625000
/nfs/cathdata/dompdb/1yua02 14.375000
/tmp/1otfA0 18.750000
/data/pdb_release/all/pdb1cbn.ent 11.250000
/data/pdb_release/all/pdb1bhp.ent 12.500000
/data/pdb_release/all/pdb2plh.ent 12.500000
/data/pdb_release/all/pdb1fdx.ent 6.250000
/data/pdb_release/all/pdb1clf.ent 0.000000
/data/pdb_release/all/pdb1fca.ent 6.250000
/data/pdb_release/all/pdb1fdn.ent 6.250000
/data/pdb_release/all/pdb1blu.ent 12.500000
/data/pdb_release/all/pdb1fxd.ent 11.250000
/data/pdb_release/all/pdb2fxb.ent 19.375000
/tmp/1fxrA0 28.750000
/data/pdb_release/all/pdb1rof.ent 6.250000
/data/pdb_release/all/pdb5fd1.ent 19.375000
/data/pdb_release/all/pdb1fwp.ent 28.750000
/data/pdb_release/all/pdb1sxl.ent 23.750000
/data/pdb_release/all/pdb1fht.ent 25.000000
/data/pdb_release/all/pdb1pba.ent 17.500000
/data/pdb_release/all/pdb1ris.ent 27.500000
/data/pdb_release/all/pdb1ctf.ent 29.375000
/tmp/1spbP0 28.750000
/data/pdb_release/all/pdb1ptf.ent 32.500000
/data/pdb_release/all/pdb1poh.ent 32.500000
/data/pdb_release/all/pdb2hpr.ent 32.500000
/data/pdb_release/all/pdb1pch.ent 32.500000
/data/pdb_release/all/pdb1sxm.ent 14.375000
/data/pdb_release/all/pdb2sn3.ent 14.375000
/data/pdb_release/all/pdb1vna.ent 14.375000
/data/pdb_release/all/pdb1nra.ent 14.375000
/data/pdb_release/all/pdb1ptx.ent 19.375000
/data/pdb_release/all/pdb1lqh.ent 20.625000
/data/pdb_release/all/pdb1snb.ent 19.375000
/data/pdb_release/all/pdb1gps.ent 20.625000
/data/pdb_release/all/pdb1gpt.ent 19.375000
/data/pdb_release/all/pdb1chc.ent 6.250000
/data/pdb_release/all/pdb1caa.ent 6.250000
/data/pdb_release/all/pdb1iro.ent 0.000000
/data/pdb_release/all/pdb1rdg.ent 0.000000
/data/pdb_release/all/pdb4rxn.ent 0.000000
/data/pdb_release/all/pdb6rxn.ent 0.000000
/tmp/8rxnA0 0.000000
/tmp/1gatA0 18.750000
/data/pdb_release/all/pdb1bus.ent 6.250000
/data/pdb_release/all/pdb2ovo.ent 12.500000
/data/pdb_release/all/pdb3ovo.ent 12.500000
/nfs/cathdata/dompdb/1tbrR1 12.500000
/nfs/cathdata/dompdb/1tbrR2 12.500000
/data/pdb_release/all/pdb1ptq.ent 17.500000
/nfs/cathdata/dompdb/9wgaA1 6.250000
/nfs/cathdata/dompdb/9wgaA2 6.250000
/nfs/cathdata/dompdb/9wgaA3 6.250000
/nfs/cathdata/dompdb/9wgaA4 6.250000
/nfs/cathdata/dompdb/2cwgA2 6.250000
/nfs/cathdata/dompdb/1wgtA3 6.250000
/tmp/1tgsI0 12.500000
/tmp/1cgiI0 12.500000
/data/pdb_release/all/pdb1pce.ent 12.500000
/data/pdb_release/all/pdb1hev.ent 6.250000
/data/pdb_release/all/pdb2alr.ent 68.750000
/data/pdb_release/all/pdb1frb.ent 68.750000
/nfs/cathdata/dompdb/1rlcL2 70.625000
/nfs/cathdata/dompdb/1rblA2 63.125000
/nfs/cathdata/dompdb/1rbaA2 70.625000
/nfs/cathdata/dompdb/1oneA2 71.875000
/nfs/cathdata/dompdb/1pdz02 71.875000
/tmp/1chrA0 70.625000
/tmp/1mucA0 73.125000
/data/pdb_release/all/pdb2mnr.ent 75.000000
/nfs/cathdata/dompdb/1mdr02 52.500000
/data/pdb_release/all/pdb1gox.ent 71.875000
/tmp/1fcbB0 70.625000
/nfs/cathdata/dompdb/2tmdA1 60.625000
/data/pdb_release/all/pdb1oya.ent 79.375000
/data/pdb_release/all/pdb1add.ent 76.250000
/data/pdb_release/all/pdb1pta.ent 71.875000
/data/pdb_release/all/pdb1xis.ent 63.750000
/tmp/1ximA0 65.625000
/tmp/1xlaA0 66.250000
/tmp/1dxiA0 59.375000
/data/pdb_release/all/pdb1dtp.ent 55.000000
/tmp/1dmaA0 54.375000
/nfs/cathdata/dompdb/1dik04 70.000000
/nfs/cathdata/dompdb/1kauC2 71.250000
/nfs/cathdata/dompdb/1aa8A2 42.500000
/tmp/1hymA0 6.250000
/tmp/1cseI0 13.750000
/tmp/1ypcI0 13.750000
/data/pdb_release/all/pdb1cis.ent 13.750000
/data/pdb_release/all/pdb1mit.ent 13.750000
/nfs/cathdata/dompdb/2baa02 6.250000
/data/pdb_release/all/pdb1ica.ent 6.250000
/data/pdb_release/all/pdb1cnv.ent 75.625000
/tmp/1xyzA0 70.625000
/data/pdb_release/all/pdb1exp.ent 73.125000
/tmp/1clxA0 75.000000
/data/pdb_release/all/pdb2ebn.ent 87.500000
/data/pdb_release/all/pdb1edt.ent 100.000000
/nfs/cathdata/dompdb/1ctn02 80.000000
/data/pdb_release/all/pdb1cec.ent 69.375000
/tmp/1ghsA0 68.750000
/data/pdb_release/all/pdb1ghr.ent 68.750000
/data/pdb_release/all/pdb1cbg.ent 69.375000
/nfs/cathdata/dompdb/1amg01 59.375000
/nfs/cathdata/dompdb/1amy01 58.125000
/nfs/cathdata/dompdb/2aaa01 67.500000
/nfs/cathdata/dompdb/2taaA1 63.125000
/nfs/cathdata/dompdb/1ppi01 59.375000
/data/pdb_release/all/pdb1hny.ent 65.625000
/nfs/cathdata/dompdb/1cgt01 63.125000
/nfs/cathdata/dompdb/1cdg01 65.000000
/nfs/cathdata/dompdb/1cyg01 66.250000
/nfs/cathdata/dompdb/1ciu01 67.500000
/nfs/cathdata/dompdb/1pamA1 66.250000
/data/pdb_release/all/pdb1btc.ent 69.375000
/nfs/cathdata/dompdb/1bglA3 69.375000
/tmp/1pbgA0 68.125000
/tmp/1tpfA0 67.500000
/tmp/1ypiA0 61.875000
/tmp/1timA0 68.125000
/tmp/1treA0 74.375000
/tmp/1htiA0 68.750000
/tmp/1btmA0 70.625000
/data/pdb_release/all/pdb1ads.ent 67.500000
/data/pdb_release/all/pdb1ral.ent 73.750000
/nfs/cathdata/dompdb/1csbB2 36.250000
/nfs/cathdata/dompdb/1bmc01 41.250000
/nfs/cathdata/dompdb/1ezm01 31.875000
/nfs/cathdata/dompdb/1esp01 31.875000
/nfs/cathdata/dompdb/2tmnE1 30.625000
/nfs/cathdata/dompdb/1dhy01 38.125000
/nfs/cathdata/dompdb/1han01 38.125000
/nfs/cathdata/dompdb/1dhy02 40.000000
/nfs/cathdata/dompdb/1han02 40.000000
/data/pdb_release/all/pdb1std.ent 50.625000
/data/pdb_release/all/pdb2cba.ent 53.750000
/data/pdb_release/all/pdb1crm.ent 51.875000
/tmp/1dmxA0 48.125000
/nfs/cathdata/dompdb/1bncA3 56.250000
/nfs/cathdata/dompdb/1daaA2 42.500000
/data/pdb_release/all/pdb1gym.ent 68.750000
/nfs/cathdata/dompdb/1ami04 63.125000
/tmp/1fvpA0 53.125000
/data/pdb_release/all/pdb1nfp.ent 54.375000
/tmp/1brlB0 65.625000
/tmp/1lucA0 61.875000
/data/pdb_release/all/pdb1tml.ent 56.875000
/nfs/cathdata/dompdb/1pii02 60.000000
/nfs/cathdata/dompdb/1pii01 82.500000
/data/pdb_release/all/pdb1igs.ent 78.750000
/tmp/1wsyA0 58.125000
/nfs/cathdata/dompdb/1pkm02 70.000000
/nfs/cathdata/dompdb/1pkyA2 70.625000
/tmp/1nal10 71.250000
/tmp/1fbaA0 70.000000
/data/pdb_release/all/pdb1ald.ent 69.375000
/data/pdb_release/all/pdb1nar.ent 80.000000
/data/pdb_release/all/pdb2hvm.ent 76.875000
/data/pdb_release/all/pdb1fkb.ent 31.250000
/data/pdb_release/all/pdb1yat.ent 31.250000
/data/pdb_release/all/pdb1pbk.ent 31.250000
/data/pdb_release/all/pdb1rot.ent 35.000000
/nfs/cathdata/dompdb/1hmy02 18.750000
/tmp/2msbA0 30.000000
/data/pdb_release/all/pdb1hup.ent 32.500000
/tmp/1rtm10 31.875000
/tmp/1rdl10 31.250000
/data/pdb_release/all/pdb1aak.ent 35.625000
/data/pdb_release/all/pdb2uce.ent 35.000000
/data/pdb_release/all/pdb1ucz.ent 31.250000
/tmp/1u9aA0 35.000000
/nfs/cathdata/dompdb/1fcbA1 32.500000
/data/pdb_release/all/pdb1b5m.ent 35.625000
/data/pdb_release/all/pdb1iet.ent 6.250000
/data/pdb_release/all/pdb1cyo.ent 34.375000
/tmp/1mkaA0 31.875000
/data/pdb_release/all/pdb1onc.ent 41.250000
/data/pdb_release/all/pdb7rsa.ent 34.375000
/tmp/1bsrA0 34.375000
/data/pdb_release/all/pdb1ang.ent 42.500000
/data/pdb_release/all/pdb1agi.ent 42.500000
/nfs/cathdata/dompdb/1hpm02 29.375000
/nfs/cathdata/dompdb/2polA3 39.375000
/nfs/cathdata/dompdb/2polA2 33.125000
/nfs/cathdata/dompdb/2polA1 39.375000
/nfs/cathdata/dompdb/9pap01 31.875000
/nfs/cathdata/dompdb/1aec01 30.625000
/nfs/cathdata/dompdb/1gecE1 33.125000
/nfs/cathdata/dompdb/1ppo01 29.375000
/nfs/cathdata/dompdb/1yal01 31.875000
/nfs/cathdata/dompdb/1theA1 25.625000
/data/pdb_release/all/pdb1pgb.ent 21.250000
/data/pdb_release/all/pdb2igg.ent 21.250000
/data/pdb_release/all/pdb3fxc.ent 18.750000
/tmp/1frrA0 30.625000
/tmp/1fxiA0 21.250000
/tmp/1fxaA0 31.250000
/data/pdb_release/all/pdb1frd.ent 30.000000
/data/pdb_release/all/pdb1dox.ent 6.250000
/data/pdb_release/all/pdb1cjn.ent 25.000000
/data/pdb_release/all/pdb1doi.ent 40.000000
/data/pdb_release/all/pdb1put.ent 12.500000
/nfs/cathdata/dompdb/2pia03 22.500000
/data/pdb_release/all/pdb1ubi.ent 20.625000
/nfs/cathdata/dompdb/1lgr02 25.625000
/data/pdb_release/all/pdb1tif.ent 25.625000
/data/pdb_release/all/pdb1rfa.ent 18.750000
/tmp/1molA0 27.500000
/tmp/1stfI0 26.250000
/data/pdb_release/all/pdb1cyu.ent 22.500000
/tmp/1cewI0 31.250000
/tmp/1udiI0 32.500000
/data/pdb_release/all/pdb1fus.ent 20.625000
/data/pdb_release/all/pdb9rnt.ent 20.625000
/data/pdb_release/all/pdb1rds.ent 20.625000
/tmp/1gmpA0 22.500000
/tmp/1brnL0 30.625000
/tmp/2rbiA0 31.875000
/nfs/cathdata/dompdb/1oacA2 28.125000
/nfs/cathdata/dompdb/1prtB1 19.375000
/nfs/cathdata/dompdb/1prtC1 12.500000
/nfs/cathdata/dompdb/1ctn03 24.375000
/nfs/cathdata/dompdb/1gtrA3 20.625000
/nfs/cathdata/dompdb/1grj02 19.375000
/data/pdb_release/all/pdb1tsp.ent 65.625000
/nfs/cathdata/dompdb/1dhx01 12.500000
/nfs/cathdata/dompdb/2psg01 37.500000
/nfs/cathdata/dompdb/1mpp01 40.000000
/nfs/cathdata/dompdb/1bbs01 60.000000
/nfs/cathdata/dompdb/4cms01 60.000000
/nfs/cathdata/dompdb/1smrA1 51.250000
/nfs/cathdata/dompdb/1epmE1 46.250000
/nfs/cathdata/dompdb/1pplE1 58.750000
/nfs/cathdata/dompdb/2apr01 51.250000
/nfs/cathdata/dompdb/1psoE1 55.000000
/nfs/cathdata/dompdb/1htrB1 42.500000
/nfs/cathdata/dompdb/1jxrA1 47.500000
/nfs/cathdata/dompdb/2asi01 38.750000
/nfs/cathdata/dompdb/1smeA1 41.875000
/nfs/cathdata/dompdb/1epmE2 35.000000
/nfs/cathdata/dompdb/1pplE2 55.000000
/nfs/cathdata/dompdb/1mpp02 55.000000
/nfs/cathdata/dompdb/2asi02 46.250000
/nfs/cathdata/dompdb/2apr02 55.625000
/nfs/cathdata/dompdb/1psaA2 51.250000
/nfs/cathdata/dompdb/1lyaB2 55.000000
/nfs/cathdata/dompdb/1rne02 41.875000
/nfs/cathdata/dompdb/1cms02 56.250000
/nfs/cathdata/dompdb/1smrA2 46.875000
/nfs/cathdata/dompdb/1psoE2 51.875000
/nfs/cathdata/dompdb/1htrB2 51.875000
/nfs/cathdata/dompdb/1jxrA2 50.625000
/data/pdb_release/all/pdb2cas.ent 60.625000
/nfs/cathdata/dompdb/1rthA1 24.375000
/data/pdb_release/all/pdb1har.ent 34.375000
/nfs/cathdata/dompdb/1mml01 30.000000
/data/pdb_release/all/pdb1pgx.ent 21.875000
/data/pdb_release/all/pdb4fgf.ent 38.125000
/tmp/1afgA0 38.125000
/data/pdb_release/all/pdb1i1b.ent 36.875000
/data/pdb_release/all/pdb8i1b.ent 36.875000
/tmp/1ilr10 39.375000
/data/pdb_release/all/pdb1hcd.ent 38.125000
/data/pdb_release/all/pdb1tie.ent 40.625000
/data/pdb_release/all/pdb1wbc.ent 52.500000
/nfs/cathdata/dompdb/2aaiB2 27.500000
/nfs/cathdata/dompdb/1abrB2 24.375000
/nfs/cathdata/dompdb/2aaiB1 28.750000
/nfs/cathdata/dompdb/1abrB1 20.625000
/tmp/1msaA0 33.125000
/nfs/cathdata/dompdb/1dlc03 41.250000
/tmp/1vmoA0 25.625000
/data/pdb_release/all/pdb1hxn.ent 51.250000
/nfs/cathdata/dompdb/1fbl02 60.625000
/data/pdb_release/all/pdb1rtg.ent 57.500000
/data/pdb_release/all/pdb1pex.ent 57.500000
/data/pdb_release/all/pdb2nn9.ent 53.125000
/data/pdb_release/all/pdb2bat.ent 60.000000
/tmp/1nscA0 54.375000
/data/pdb_release/all/pdb1inv.ent 58.750000
/data/pdb_release/all/pdb1sim.ent 61.250000
/tmp/2bbkH0 58.125000
/tmp/1mdaH0 58.750000
/tmp/2madH0 0.000000
/nfs/cathdata/dompdb/1gof02 61.875000
/tmp/3aahA0 61.875000
/nfs/cathdata/dompdb/1kapP1 25.625000
/nfs/cathdata/dompdb/1sat01 25.625000
/nfs/cathdata/dompdb/1lxa01 18.125000
/data/pdb_release/all/pdb2pec.ent 56.875000
/nfs/cathdata/dompdb/2taaA2 19.375000
/nfs/cathdata/dompdb/1ppi02 32.500000
/nfs/cathdata/dompdb/1bvp12 25.625000
/data/pdb_release/all/pdb1bcx.ent 53.125000
/tmp/1enxA0 53.125000
/data/pdb_release/all/pdb1xnd.ent 50.625000
/data/pdb_release/all/pdb1xyn.ent 48.750000
/data/pdb_release/all/pdb1yna.ent 56.875000
/tmp/2pcdA0 45.625000
/tmp/2pcdM0 41.250000
/nfs/cathdata/dompdb/1dlc02 33.125000
/nfs/cathdata/dompdb/1ciy03 36.250000
/nfs/cathdata/dompdb/1ddt03 33.125000
/tmp/1gff10 68.750000
/tmp/2bpa10 68.750000
/data/pdb_release/all/pdb1jbc.ent 50.000000
/data/pdb_release/all/pdb2cna.ent 50.625000
/nfs/cathdata/dompdb/1dhx04 30.625000
/tmp/4htcI0 12.500000
/data/pdb_release/all/pdb1hic.ent 12.500000
/nfs/cathdata/dompdb/1ecl03 27.500000
/data/pdb_release/all/pdb1htp.ent 44.375000
/tmp/1dupA0 30.625000
/nfs/cathdata/dompdb/1ggtA1 36.875000
/tmp/1tsrA0 48.750000
/data/pdb_release/all/pdb1gpr.ent 40.000000
/data/pdb_release/all/pdb1f3g.ent 45.625000
/nfs/cathdata/dompdb/1aozA3 50.625000
/nfs/cathdata/dompdb/1oacA3 67.500000
/nfs/cathdata/dompdb/1bglA5 63.750000
/nfs/cathdata/dompdb/1bglA1 45.000000
/tmp/1celA0 65.000000
/tmp/1afcA0 26.875000
/tmp/2plv20 47.500000
/tmp/1rhi20 41.250000
/data/pdb_release/all/pdb1pov.ent 65.000000
/tmp/1bmv10 39.375000
/tmp/4sbvA0 41.875000
/tmp/1smvA0 51.875000
/tmp/2tbvA0 46.250000
/tmp/2bbvA0 56.250000
/tmp/1bmv20 65.000000
/tmp/1tnfA0 28.125000
/tmp/1tnrA0 26.875000
/tmp/1hlcA0 33.125000
/tmp/1sltA0 34.375000
/tmp/2ltnA0 35.625000
/tmp/1lenA0 34.375000
/tmp/1lgcA0 30.625000
/data/pdb_release/all/pdb1lte.ent 50.625000
/data/pdb_release/all/pdb1sba.ent 44.375000
/data/pdb_release/all/pdb1gsl.ent 53.750000
/tmp/2pelA0 48.750000
/tmp/1fatA0 50.000000
/tmp/1ioaA0 48.750000
/tmp/1sacA0 48.125000
/tmp/1gnhA0 50.000000
/data/pdb_release/all/pdb2ayh.ent 48.125000
/data/pdb_release/all/pdb1cpm.ent 46.250000
/data/pdb_release/all/pdb1gbg.ent 49.375000
/nfs/cathdata/dompdb/1cgt02 26.250000
/nfs/cathdata/dompdb/1cdg02 22.500000
/nfs/cathdata/dompdb/1cyg02 22.500000
/nfs/cathdata/dompdb/1ciu02 21.250000
/nfs/cathdata/dompdb/1pamA2 21.250000
/nfs/cathdata/dompdb/2aaa02 37.500000
/nfs/cathdata/dompdb/1pnf02 37.500000
/data/pdb_release/all/pdb1knb.ent 31.250000
/tmp/1sluA0 28.125000
/nfs/cathdata/dompdb/1lla02 51.250000
/nfs/cathdata/dompdb/1svb01 35.625000
/data/pdb_release/all/pdb1cyw.ent 50.000000
/nfs/cathdata/dompdb/1hcz01 40.625000
/data/pdb_release/all/pdb1thw.ent 50.000000
/tmp/1cauB0 41.875000
/nfs/cathdata/dompdb/2phlA3 41.875000
/nfs/cathdata/dompdb/2phlA2 44.375000
/data/pdb_release/all/pdb2stv.ent 45.625000
/tmp/1bbt10 26.250000
/tmp/1pov10 37.500000
/tmp/1pvc10 37.500000
/tmp/1r0910 36.250000
/tmp/1rhi10 45.000000
/tmp/1tme10 39.375000
/tmp/2mev10 39.375000
/tmp/2bpa20 25.625000
/tmp/1gff20 33.750000
/tmp/1bbt30 46.250000
/tmp/1tme30 46.875000
/tmp/2mev30 46.250000
/tmp/1r0930 46.875000
/tmp/1pov30 46.875000
/tmp/1pvc30 46.250000
/tmp/1rhi30 46.875000
/tmp/1bbt20 44.375000
/tmp/1tme20 46.250000
/tmp/2mev20 45.625000
/tmp/1r0920 44.375000
/tmp/1pvc20 46.250000
/data/pdb_release/all/pdb1arn.ent 43.125000
/tmp/1aizA0 41.250000
/data/pdb_release/all/pdb1aaj.ent 24.375000
/nfs/cathdata/dompdb/1aozA1 30.000000
/nfs/cathdata/dompdb/1aozA2 38.750000
/nfs/cathdata/dompdb/1gof03 28.125000
/nfs/cathdata/dompdb/1nif01 35.000000
/nfs/cathdata/dompdb/1afnA1 35.625000
/nfs/cathdata/dompdb/1nif02 43.125000
/nfs/cathdata/dompdb/1ntd02 44.375000
/tmp/1eta10 35.625000
/tmp/1tfpA0 26.875000
/tmp/1sxaA0 38.750000
/tmp/1srdA0 27.500000
/data/pdb_release/all/pdb1jcv.ent 38.750000
/tmp/1sosA0 39.375000
/tmp/1xsoA0 38.125000
/data/pdb_release/all/pdb1akp.ent 23.125000
/data/pdb_release/all/pdb1acx.ent 27.500000
/data/pdb_release/all/pdb1noa.ent 33.125000
/data/pdb_release/all/pdb2mcm.ent 38.125000
/nfs/cathdata/dompdb/1clc01 25.625000
/nfs/cathdata/dompdb/1ctn01 30.625000
/data/pdb_release/all/pdb1exg.ent 33.750000
/nfs/cathdata/dompdb/1bglA4 28.125000
/nfs/cathdata/dompdb/1bglA2 28.750000
/nfs/cathdata/dompdb/1svcP3 32.500000
/nfs/cathdata/dompdb/1svb04 25.625000
/nfs/cathdata/dompdb/1gof01 25.625000
/nfs/cathdata/dompdb/2sblB1 21.250000
/nfs/cathdata/dompdb/1hplA2 32.500000
/nfs/cathdata/dompdb/1lpbB2 28.125000
/nfs/cathdata/dompdb/1pgs01 31.250000
/data/pdb_release/all/pdb1ten.ent 28.750000
/nfs/cathdata/dompdb/1fnf01 24.375000
/nfs/cathdata/dompdb/1fnf02 26.875000
/nfs/cathdata/dompdb/1fnf03 28.125000
/nfs/cathdata/dompdb/1cfb01 25.625000
/nfs/cathdata/dompdb/1cfb02 25.625000
/tmp/1wapA0 30.000000
/data/pdb_release/all/pdb1ncg.ent 20.625000
/data/pdb_release/all/pdb1suh.ent 25.625000
/nfs/cathdata/dompdb/1ggtA4 29.375000
/nfs/cathdata/dompdb/1cgt04 25.625000
/nfs/cathdata/dompdb/1cdg04 27.500000
/nfs/cathdata/dompdb/1cyg04 25.625000
/data/pdb_release/all/pdb1kul.ent 18.125000
/nfs/cathdata/dompdb/1ciu04 24.375000
/nfs/cathdata/dompdb/1pamA4 27.500000
/nfs/cathdata/dompdb/1cgt03 29.375000
/nfs/cathdata/dompdb/1cdg03 29.375000
/nfs/cathdata/dompdb/1cyg03 25.625000
/nfs/cathdata/dompdb/1ciu03 27.500000
/nfs/cathdata/dompdb/1pamA3 28.750000
/data/pdb_release/all/pdb1rsy.ent 35.000000
/data/pdb_release/all/pdb1plc.ent 30.625000
/data/pdb_release/all/pdb9pcy.ent 25.625000
/data/pdb_release/all/pdb2plt.ent 34.375000
/data/pdb_release/all/pdb7pcy.ent 37.500000
/data/pdb_release/all/pdb1pla.ent 31.250000
/data/pdb_release/all/pdb1nin.ent 17.500000
/data/pdb_release/all/pdb1paz.ent 33.125000
/data/pdb_release/all/pdb1pmy.ent 34.375000
/data/pdb_release/all/pdb1zia.ent 34.375000
/tmp/1adwA0 34.375000
/tmp/1vlxA0 42.500000
/nfs/cathdata/dompdb/1vgeH1 28.750000
/nfs/cathdata/dompdb/1yuhB1 32.500000
/nfs/cathdata/dompdb/1clyH1 33.750000
/nfs/cathdata/dompdb/1kelH1 30.000000
/nfs/cathdata/dompdb/1nldH1 30.625000
/nfs/cathdata/dompdb/1ghfH1 26.875000
/nfs/cathdata/dompdb/1ospH1 32.500000
/nfs/cathdata/dompdb/1mimH1 31.250000
/nfs/cathdata/dompdb/1cloH1 32.500000
/nfs/cathdata/dompdb/1plgL1 33.125000
/nfs/cathdata/dompdb/1ghfL1 32.500000
/nfs/cathdata/dompdb/1clzL1 33.125000
/nfs/cathdata/dompdb/1kelL1 33.125000
/nfs/cathdata/dompdb/1gafL1 32.500000
/nfs/cathdata/dompdb/1iaiL1 25.625000
/nfs/cathdata/dompdb/1aifA1 25.625000
/nfs/cathdata/dompdb/1vgeL1 33.125000
/nfs/cathdata/dompdb/1nldL1 30.000000
/nfs/cathdata/dompdb/1ospL1 31.250000
/nfs/cathdata/dompdb/1mimL1 31.875000
/nfs/cathdata/dompdb/1lilA1 33.750000
/nfs/cathdata/dompdb/1cloL1 32.500000
/nfs/cathdata/dompdb/1bec01 31.250000
/nfs/cathdata/dompdb/1tcrB1 33.750000
/data/pdb_release/all/pdb1tit.ent 18.125000
/data/pdb_release/all/pdb1cid.ent 49.375000
/data/pdb_release/all/pdb3cd4.ent 35.000000
/data/pdb_release/all/pdb1hoe.ent 19.375000
/nfs/cathdata/dompdb/3hhrB1 25.625000
/nfs/cathdata/dompdb/3hhrB2 25.625000
/nfs/cathdata/dompdb/1fieA3 32.500000
/nfs/cathdata/dompdb/1hft01 31.250000
/data/pdb_release/all/pdb1ttf.ent 29.375000
/nfs/cathdata/dompdb/1hilA1 35.000000
/nfs/cathdata/dompdb/1ggbL1 33.125000
/nfs/cathdata/dompdb/1gigL1 31.250000
/nfs/cathdata/dompdb/1mfeL1 33.750000
/nfs/cathdata/dompdb/1igfL1 33.750000
/nfs/cathdata/dompdb/1lmkA2 33.750000
/nfs/cathdata/dompdb/1mcbA1 25.625000
/nfs/cathdata/dompdb/1mlbA1 33.750000
/nfs/cathdata/dompdb/3hfmL1 33.125000
/nfs/cathdata/dompdb/1opgL1 27.500000
/nfs/cathdata/dompdb/1ncaL1 31.250000
/nfs/cathdata/dompdb/1tetL1 32.500000
/nfs/cathdata/dompdb/2fb4L1 31.250000
/nfs/cathdata/dompdb/2fbjL1 34.375000
/nfs/cathdata/dompdb/6fabL1 33.125000
/nfs/cathdata/dompdb/7fabL1 30.000000
/nfs/cathdata/dompdb/8fabA1 31.875000
/nfs/cathdata/dompdb/1eapA1 30.000000
/nfs/cathdata/dompdb/1figL1 28.750000
/nfs/cathdata/dompdb/1forL1 31.250000
/nfs/cathdata/dompdb/1ibgL1 33.750000
/nfs/cathdata/dompdb/1igcL1 25.625000
/nfs/cathdata/dompdb/1jelL1 30.000000
/nfs/cathdata/dompdb/1nsnL1 31.250000
/nfs/cathdata/dompdb/2gfbA1 32.500000
/tmp/1dvfC0 33.125000
/tmp/1dvfD0 31.250000
/data/pdb_release/all/pdb1vhp.ent 22.500000
/nfs/cathdata/dompdb/1gafH1 35.625000
/nfs/cathdata/dompdb/1iaiH1 32.500000
/nfs/cathdata/dompdb/1aifB1 24.375000
/nfs/cathdata/dompdb/1ngpH1 31.250000
/nfs/cathdata/dompdb/1plgH1 31.875000
/nfs/cathdata/dompdb/1mlbB1 31.250000
/nfs/cathdata/dompdb/2cgrH1 36.875000
/nfs/cathdata/dompdb/1eapB1 32.500000
/nfs/cathdata/dompdb/1faiH1 44.375000
/nfs/cathdata/dompdb/1fbiH1 33.125000
/nfs/cathdata/dompdb/1figH1 25.625000
/nfs/cathdata/dompdb/1forH1 30.000000
/nfs/cathdata/dompdb/1fptH1 33.125000
/nfs/cathdata/dompdb/1frgH1 31.250000
/nfs/cathdata/dompdb/1gigH1 32.500000
/nfs/cathdata/dompdb/1ibgH1 30.000000
/nfs/cathdata/dompdb/1igcH1 31.250000
/nfs/cathdata/dompdb/1igjB1 25.625000
/nfs/cathdata/dompdb/1ikfH1 35.000000
/nfs/cathdata/dompdb/1jelH1 30.000000
/nfs/cathdata/dompdb/1mrcH1 34.375000
/nfs/cathdata/dompdb/1nsnH1 30.000000
/nfs/cathdata/dompdb/1opgH1 30.000000
/nfs/cathdata/dompdb/1rmfH1 31.250000
/nfs/cathdata/dompdb/2fgwH1 34.375000
/nfs/cathdata/dompdb/2gfbB1 31.250000
/nfs/cathdata/dompdb/6fabH1 32.500000
/nfs/cathdata/dompdb/1acyL1 33.750000
/nfs/cathdata/dompdb/1bafL1 33.750000
/nfs/cathdata/dompdb/1bbdL1 31.250000
/nfs/cathdata/dompdb/1bqlL1 33.750000
/nfs/cathdata/dompdb/2cgrL1 33.750000
/nfs/cathdata/dompdb/1dbbL1 25.625000
/nfs/cathdata/dompdb/1dfbL1 33.125000
/nfs/cathdata/dompdb/1faiL1 30.000000
/nfs/cathdata/dompdb/1mamL1 30.000000
/nfs/cathdata/dompdb/1ikfL1 31.250000
/nfs/cathdata/dompdb/1frgL1 33.750000
/tmp/1wtlA0 33.750000
/tmp/1breA0 33.125000
/tmp/1fvcB0 31.875000
/tmp/1jhlH0 36.875000
/tmp/1vfaB0 31.875000
/tmp/1igmH0 26.875000
/tmp/1mfaL0 0.000000
/tmp/1fgvH0 33.750000
/tmp/1nmaH0 38.125000
/tmp/2bjl10 38.125000
/nfs/cathdata/dompdb/8fabB1 30.000000
/nfs/cathdata/dompdb/2fb4H1 31.250000
/nfs/cathdata/dompdb/1acyH1 24.375000
/nfs/cathdata/dompdb/1bbdH1 36.875000
/nfs/cathdata/dompdb/2hflH1 34.375000
/nfs/cathdata/dompdb/2fbjH1 33.750000
/nfs/cathdata/dompdb/1hilB1 30.000000
/nfs/cathdata/dompdb/1nbvH1 26.250000
/nfs/cathdata/dompdb/7fabH1 31.875000
/nfs/cathdata/dompdb/1indH1 28.750000
/nfs/cathdata/dompdb/1tetH1 31.250000
/nfs/cathdata/dompdb/1mamH1 32.500000
/nfs/cathdata/dompdb/1ncaH1 32.500000
/nfs/cathdata/dompdb/1dbbH1 25.625000
/nfs/cathdata/dompdb/1dfbH1 31.875000
/nfs/cathdata/dompdb/1flrH1 31.875000
/nfs/cathdata/dompdb/1ggbH1 26.875000
/nfs/cathdata/dompdb/1igfH1 27.500000
/nfs/cathdata/dompdb/1bafH1 28.750000
/nfs/cathdata/dompdb/3hfmH1 31.250000
/nfs/cathdata/dompdb/1mcpH1 31.875000
/nfs/cathdata/dompdb/1lmkA1 35.625000
/nfs/cathdata/dompdb/1mfbH1 38.125000
/nfs/cathdata/dompdb/1fc2D2 30.625000
/nfs/cathdata/dompdb/1gigL2 33.750000
/nfs/cathdata/dompdb/1kelL2 35.000000
/nfs/cathdata/dompdb/1gafL2 33.750000
/nfs/cathdata/dompdb/2fb4L2 33.750000
/nfs/cathdata/dompdb/1yuhB2 12.500000
/nfs/cathdata/dompdb/1clzH2 25.625000
/nfs/cathdata/dompdb/1fc2D1 33.750000
/nfs/cathdata/dompdb/1fruA2 26.875000
/tmp/1hsbB0 24.375000
/tmp/1mhcB0 25.625000
/tmp/1fruB0 25.625000
/data/pdb_release/all/pdb1bmg.ent 25.625000
/nfs/cathdata/dompdb/1dlhA2 25.625000
/nfs/cathdata/dompdb/1sebB2 25.625000
/nfs/cathdata/dompdb/1bec02 32.500000
/nfs/cathdata/dompdb/1vcaA2 28.750000
/data/pdb_release/all/pdb1tnm.ent 25.625000
/nfs/cathdata/dompdb/1vcaA1 33.750000
/data/pdb_release/all/pdb1tlk.ent 32.500000
/nfs/cathdata/dompdb/1hft02 38.750000
/data/pdb_release/all/pdb1cd8.ent 31.250000
/nfs/cathdata/dompdb/1igjA1 33.750000
/tmp/1nmbL0 30.625000
/data/pdb_release/all/pdb2rhe.ent 31.875000
/tmp/1fgvL0 35.000000
/data/pdb_release/all/pdb2imn.ent 33.750000
/tmp/1reiA0 33.125000
/tmp/1fvcA0 33.750000
/tmp/1igmL0 33.750000
/tmp/1jhlL0 33.125000
/tmp/1ivlA0 33.125000
/tmp/1vfaA0 33.750000
/data/pdb_release/all/pdb1pho.ent 60.625000
/data/pdb_release/all/pdb1omf.ent 61.250000
/data/pdb_release/all/pdb3bcl.ent 65.625000
/nfs/cathdata/dompdb/1amm01 24.375000
/nfs/cathdata/dompdb/1amm02 28.750000
/nfs/cathdata/dompdb/2bb202 24.375000
/nfs/cathdata/dompdb/2gcr01 25.625000
/nfs/cathdata/dompdb/2gcr02 24.375000
/nfs/cathdata/dompdb/1elpA1 25.625000
/nfs/cathdata/dompdb/1elpA2 28.750000
/nfs/cathdata/dompdb/2bb201 24.375000
/nfs/cathdata/dompdb/1prr01 25.625000
/nfs/cathdata/dompdb/1prr02 19.375000
/tmp/1mdaL0 17.500000
/tmp/2bbkL0 18.750000
/data/pdb_release/all/pdb1cdb.ent 18.125000
/nfs/cathdata/dompdb/1hngA1 20.625000
/tmp/1cdcA0 18.750000
/nfs/cathdata/dompdb/1hnf02 28.125000
/nfs/cathdata/dompdb/1hngA2 28.750000
/tmp/1mfaH0 0.000000
/nfs/cathdata/dompdb/2fbjH2 18.750000
/nfs/cathdata/dompdb/1mcpH2 28.125000
/nfs/cathdata/dompdb/1hocA2 17.500000
/nfs/cathdata/dompdb/1hsaA2 20.625000
/nfs/cathdata/dompdb/1vaaA2 19.375000
/nfs/cathdata/dompdb/1hsbA2 19.375000
/nfs/cathdata/dompdb/1mhcA2 20.625000
/nfs/cathdata/dompdb/8fabB2 30.000000
/nfs/cathdata/dompdb/1kelH2 25.625000
/nfs/cathdata/dompdb/1bbdH2 31.250000
/nfs/cathdata/dompdb/1ospH2 27.500000
/nfs/cathdata/dompdb/1eapB2 28.750000
/tmp/1lopA0 43.125000
/data/pdb_release/all/pdb2cpl.ent 37.500000
/tmp/1cynA0 44.375000
/tmp/2rmcA0 40.000000
/nfs/cathdata/dompdb/1bucA2 30.625000
/nfs/cathdata/dompdb/3mddA2 37.500000
/nfs/cathdata/dompdb/1kxf02 26.875000
/nfs/cathdata/dompdb/1vcpA2 25.625000
/tmp/1smpI0 40.625000
/nfs/cathdata/dompdb/1svcP1 28.750000
/tmp/1sriA0 35.000000
/tmp/1avdA0 32.500000
/data/pdb_release/all/pdb1hbq.ent 37.500000
/data/pdb_release/all/pdb1rbp.ent 37.500000
/tmp/1epaA0 40.625000
/tmp/1bbpA0 39.375000
/data/pdb_release/all/pdb1mup.ent 40.625000
/data/pdb_release/all/pdb1ifc.ent 44.375000
/data/pdb_release/all/pdb1hmr.ent 46.875000
/tmp/1opaA0 43.750000
/data/pdb_release/all/pdb1adl.ent 45.625000
/data/pdb_release/all/pdb1crb.ent 45.000000
/tmp/1cbiA0 45.000000
/tmp/1ftpA0 42.500000
/data/pdb_release/all/pdb1cbs.ent 46.875000
/tmp/1pmpA0 44.375000
/data/pdb_release/all/pdb1mdc.ent 44.375000
/nfs/cathdata/dompdb/7catA1 54.375000
/data/pdb_release/all/pdb1cae.ent 70.625000
/nfs/cathdata/dompdb/1dar02 30.000000
/nfs/cathdata/dompdb/1gtrA4 28.125000
/data/pdb_release/all/pdb1prn.ent 61.250000
/data/pdb_release/all/pdb2por.ent 61.875000
/nfs/cathdata/dompdb/1ppfE1 24.375000
/nfs/cathdata/dompdb/1svpA1 19.375000
/nfs/cathdata/dompdb/1vcpA1 20.000000
/nfs/cathdata/dompdb/1sgt02 29.375000
/nfs/cathdata/dompdb/1hylA1 32.500000
/nfs/cathdata/dompdb/1try02 26.250000
/nfs/cathdata/dompdb/1sgpE1 19.375000
/nfs/cathdata/dompdb/1hpgA1 26.875000
/nfs/cathdata/dompdb/2sga01 26.875000
/nfs/cathdata/dompdb/2alp01 28.125000
/nfs/cathdata/dompdb/1tal01 30.625000
/nfs/cathdata/dompdb/2sfa01 30.625000
/nfs/cathdata/dompdb/1arb02 35.000000
/nfs/cathdata/dompdb/1hylA2 27.500000
/nfs/cathdata/dompdb/1sgpE2 25.625000
/nfs/cathdata/dompdb/1gbaA2 20.625000
/nfs/cathdata/dompdb/1hpgA2 21.250000
/nfs/cathdata/dompdb/2sga02 26.875000
/nfs/cathdata/dompdb/1tal02 18.125000
/nfs/cathdata/dompdb/2sfa02 25.625000
/nfs/cathdata/dompdb/1arb01 20.625000
/nfs/cathdata/dompdb/1cnd01 31.250000
/nfs/cathdata/dompdb/1ndh01 30.000000
/nfs/cathdata/dompdb/2pia01 31.250000
/nfs/cathdata/dompdb/1fnb01 31.875000
/nfs/cathdata/dompdb/1que01 31.250000
/nfs/cathdata/dompdb/1pkm03 24.375000
/nfs/cathdata/dompdb/1pkn03 18.750000
/nfs/cathdata/dompdb/1pkyA3 24.375000
/nfs/cathdata/dompdb/1pkyC3 19.375000
/nfs/cathdata/dompdb/1eft02 21.250000
/nfs/cathdata/dompdb/1efuA2 19.375000
/data/pdb_release/all/pdb1clh.ent 25.000000
/tmp/1tcwA0 26.875000
/tmp/1cpiA0 26.875000
/tmp/2rspA0 24.375000
/nfs/cathdata/dompdb/1pnkB3 27.500000
/nfs/cathdata/dompdb/1eft03 25.625000
/nfs/cathdata/dompdb/1efuA3 24.375000
/tmp/1ucyE0 25.000000
/tmp/1aksB0 25.625000
/tmp/2pkaB0 32.500000
/nfs/cathdata/dompdb/1hcgA1 32.500000
/nfs/cathdata/dompdb/1thsH1 28.750000
/nfs/cathdata/dompdb/1brbE1 27.500000
/nfs/cathdata/dompdb/4ptp01 28.750000
/nfs/cathdata/dompdb/1mctA1 27.500000
/nfs/cathdata/dompdb/1etrH1 27.500000
/nfs/cathdata/dompdb/1bit01 28.750000
/nfs/cathdata/dompdb/1trnA1 27.500000
/nfs/cathdata/dompdb/1try01 26.875000
/nfs/cathdata/dompdb/5chaA1 27.500000
/nfs/cathdata/dompdb/1sgt01 26.875000
/nfs/cathdata/dompdb/1lmwB1 25.625000
/nfs/cathdata/dompdb/1elg01 26.875000
/nfs/cathdata/dompdb/1elt01 28.750000
/nfs/cathdata/dompdb/1ton01 25.625000
/tmp/1mtnC0 25.625000
/nfs/cathdata/dompdb/1tbs01 28.750000
/nfs/cathdata/dompdb/1pfxC1 36.250000
/nfs/cathdata/dompdb/1fonA1 27.500000
/nfs/cathdata/dompdb/1pytD1 25.000000
/nfs/cathdata/dompdb/1rtfB1 25.625000
/nfs/cathdata/dompdb/1fujA1 24.375000
/nfs/cathdata/dompdb/1dst01 28.750000
/nfs/cathdata/dompdb/3rp2A1 24.375000
/tmp/1ceaA0 0.000000
/tmp/1pmlA0 14.375000
/data/pdb_release/all/pdb1kdu.ent 14.375000
/data/pdb_release/all/pdb1krn.ent 0.000000
/data/pdb_release/all/pdb1bw3.ent 34.375000
/tmp/1ihvA0 20.625000
/nfs/cathdata/dompdb/1hcz02 18.750000
/data/pdb_release/all/pdb1lab.ent 17.500000
/data/pdb_release/all/pdb1bdo.ent 24.375000
/data/pdb_release/all/pdb1afp.ent 12.500000
/tmp/1bovA0 26.875000
/data/pdb_release/all/pdb1mjc.ent 20.625000
/data/pdb_release/all/pdb1csp.ent 21.250000
/data/pdb_release/all/pdb1krs.ent 31.250000
/nfs/cathdata/dompdb/1lylA1 41.250000
/nfs/cathdata/dompdb/1asyA1 26.250000
/data/pdb_release/all/pdb1bgh.ent 19.375000
/data/pdb_release/all/pdb1rip.ent 0.000000
/tmp/1prtD0 26.875000
/tmp/1prtF0 26.250000
/nfs/cathdata/dompdb/1tssA2 24.375000
/nfs/cathdata/dompdb/1prtB2 26.250000
/nfs/cathdata/dompdb/1prtC2 27.500000
/tmp/1ltsD0 34.375000
/tmp/1chbD0 33.750000
/data/pdb_release/all/pdb2sns.ent 35.000000
/nfs/cathdata/dompdb/1bco02 21.875000
/nfs/cathdata/dompdb/1esfA1 25.625000
/nfs/cathdata/dompdb/1sebD1 23.750000
/nfs/cathdata/dompdb/1se201 26.250000
/tmp/1fivA0 25.625000
/tmp/1idaA0 26.875000
/tmp/1hivA0 26.875000
/data/pdb_release/all/pdb1dro.ent 26.875000
/nfs/cathdata/dompdb/1hleA1 34.375000
/nfs/cathdata/dompdb/1ovaA1 45.000000
/nfs/cathdata/dompdb/1kauC1 36.250000
/nfs/cathdata/dompdb/2kauC1 20.625000
/tmp/1ucyH0 29.375000
/nfs/cathdata/dompdb/3rp2A2 30.625000
/nfs/cathdata/dompdb/1ihsH2 30.625000
/nfs/cathdata/dompdb/1gctA2 29.375000
/nfs/cathdata/dompdb/1elg02 29.375000
/nfs/cathdata/dompdb/1brbE2 31.875000
/nfs/cathdata/dompdb/4ptp02 25.000000
/nfs/cathdata/dompdb/1elt02 30.625000
/nfs/cathdata/dompdb/1hneE2 26.250000
/nfs/cathdata/dompdb/1mctA2 31.875000
/nfs/cathdata/dompdb/1etrH2 31.875000
/nfs/cathdata/dompdb/1bit02 29.375000
/nfs/cathdata/dompdb/1trnA2 31.875000
/nfs/cathdata/dompdb/1ton02 30.625000
/tmp/2pkaA0 18.750000
/tmp/1mtnB0 25.625000
/tmp/1aksA0 25.625000
/nfs/cathdata/dompdb/1tbs02 29.375000
/nfs/cathdata/dompdb/1pfxC2 30.625000
/nfs/cathdata/dompdb/1fonA2 32.500000
/nfs/cathdata/dompdb/1pytD2 29.375000
/nfs/cathdata/dompdb/1fujA2 29.375000
/nfs/cathdata/dompdb/1rtfB2 29.375000
/nfs/cathdata/dompdb/1dst02 35.625000
/nfs/cathdata/dompdb/1hcgA2 29.375000
/nfs/cathdata/dompdb/1lmwB2 25.000000
/data/pdb_release/all/pdb1pk4.ent 0.000000
/data/pdb_release/all/pdb2pf1.ent 12.500000
/data/pdb_release/all/pdb1ahl.ent 0.000000
/data/pdb_release/all/pdb1atx.ent 12.500000
/data/pdb_release/all/pdb1sh1.ent 17.500000
/data/pdb_release/all/pdb1apf.ent 0.000000
/nfs/cathdata/dompdb/1dar03 6.250000
/nfs/cathdata/dompdb/1elo03 6.250000
/data/pdb_release/all/pdb1tfi.ent 12.500000
/tmp/4sgbI0 6.250000
/data/pdb_release/all/pdb1tih.ent 12.500000
/nfs/cathdata/dompdb/1raaB2 17.500000
/nfs/cathdata/dompdb/2atcB2 0.000000
/nfs/cathdata/dompdb/1ytfD2 17.500000
/tmp/1ytfC0 17.500000
/data/pdb_release/all/pdb1sso.ent 23.750000
/data/pdb_release/all/pdb1sap.ent 26.875000
/data/pdb_release/all/pdb1hsp.ent 0.000000
/data/pdb_release/all/pdb1gfc.ent 12.500000
/tmp/1aboA0 18.750000
/tmp/1cskA0 20.000000
/tmp/1ckaA0 18.750000
/tmp/1gbrA0 17.500000
/data/pdb_release/all/pdb1shg.ent 21.875000
/tmp/1shfA0 20.000000
/tmp/1nloC0 17.500000
/data/pdb_release/all/pdb1pnj.ent 19.375000
/tmp/1semA0 18.750000
/nfs/cathdata/dompdb/1lckA1 18.750000
/data/pdb_release/all/pdb1tud.ent 18.750000
/data/pdb_release/all/pdb1tuc.ent 18.125000
/nfs/cathdata/dompdb/1ad5A1 18.750000
/data/pdb_release/all/pdb1pls.ent 30.625000
/tmp/1dynA0 34.375000
/data/pdb_release/all/pdb1btn.ent 39.375000
/tmp/1tgxA0 16.250000
/data/pdb_release/all/pdb1nea.ent 16.250000
/data/pdb_release/all/pdb1nor.ent 16.250000
/data/pdb_release/all/pdb1ntx.ent 16.250000
/data/pdb_release/all/pdb1fas.ent 17.500000
/tmp/1cdtA0 17.500000
/data/pdb_release/all/pdb2crs.ent 12.500000
/data/pdb_release/all/pdb1ntn.ent 25.625000
/data/pdb_release/all/pdb1tfs.ent 16.250000
/data/pdb_release/all/pdb1lsi.ent 17.500000
/nfs/cathdata/dompdb/1psi01 33.125000
/nfs/cathdata/dompdb/2achA2 28.125000
/tmp/1bi6H0 12.500000
/data/pdb_release/all/pdb1tpm.ent 17.500000
/nfs/cathdata/dompdb/1hfh01 12.500000
/data/pdb_release/all/pdb1hcc.ent 6.250000
/tmp/1lpbA0 18.750000
/nfs/cathdata/dompdb/1antI1 35.625000
/tmp/1hcnB0 19.375000
/tmp/1hcnA0 30.625000
/tmp/1pdgA0 25.625000
/data/pdb_release/all/pdb2tgi.ent 24.375000
/tmp/1klaA0 14.375000
/data/pdb_release/all/pdb1tgj.ent 23.750000
/data/pdb_release/all/pdb1bet.ent 27.500000
/tmp/1bndA0 26.250000
/tmp/1bndB0 20.625000
/data/pdb_release/all/pdb1fbr.ent 21.875000
/tmp/1umuA0 26.250000
/data/pdb_release/all/pdb1ctl.ent 24.375000
/data/pdb_release/all/pdb1iml.ent 24.375000
/nfs/cathdata/dompdb/1extB1 12.500000
/tmp/2kauB0 19.375000
/tmp/1rprA0 11.250000
/tmp/1fc2C0 12.500000
/tmp/1spzZ0 17.500000
/data/pdb_release/all/pdb1edi.ent 17.500000
/data/pdb_release/all/pdb2pdd.ent 11.250000
/data/pdb_release/all/pdb1bal.ent 12.500000
/tmp/1csbA0 11.250000
/tmp/1htrP0 12.500000
/nfs/cathdata/dompdb/1ilk02 16.250000
/data/pdb_release/all/pdb1bha.ent 16.250000
/nfs/cathdata/dompdb/1grj01 17.500000
/nfs/cathdata/dompdb/1sesA1 19.375000
/data/pdb_release/all/pdb1pdc.ent 0.000000
/tmp/2achB0 0.000000
/data/pdb_release/all/pdb1egf.ent 12.500000
/data/pdb_release/all/pdb1apo.ent 0.000000
/data/pdb_release/all/pdb1fsb.ent 0.000000
/data/pdb_release/all/pdb1hre.ent 0.000000
/data/pdb_release/all/pdb1yuf.ent 0.000000
/tmp/1hcgB0 12.500000
/data/pdb_release/all/pdb1ata.ent 12.500000
/nfs/cathdata/dompdb/1ncfA2 19.375000
/data/pdb_release/all/pdb1cdq.ent 18.750000
/tmp/1kbaA0 25.625000
/tmp/2abxA0 0.000000
/tmp/1abtA0 12.500000
/data/pdb_release/all/pdb3ebx.ent 17.500000
/data/pdb_release/all/pdb2ctx.ent 16.250000
/data/pdb_release/all/pdb2cdx.ent 17.500000
/tmp/1kxiA0 17.500000
/data/pdb_release/all/pdb1cre.ent 12.500000
/data/pdb_release/all/pdb1cod.ent 18.750000
/data/pdb_release/all/pdb1drs.ent 0.000000
/data/pdb_release/all/pdb1lki.ent 25.625000
/tmp/3inkC0 41.875000
/data/pdb_release/all/pdb1hgu.ent 25.000000
/data/pdb_release/all/pdb1huw.ent 27.500000
/tmp/3hhrA0 28.750000
/data/pdb_release/all/pdb1lpt.ent 25.000000
/data/pdb_release/all/pdb1lip.ent 23.125000
/data/pdb_release/all/pdb1mzm.ent 23.125000
/data/pdb_release/all/pdb1hyp.ent 17.500000
/nfs/cathdata/dompdb/1dlc01 35.625000
/nfs/cathdata/dompdb/1ciy01 36.875000
/tmp/1etrL0 6.250000
/tmp/1tbrJ0 12.500000
/tmp/3aahB0 6.250000
/tmp/4aahB0 6.250000
/tmp/1olgA0 6.250000
/tmp/2bbvD0 6.250000
/data/pdb_release/all/pdb2ifo.ent 6.250000
/tmp/1pfiA0 11.250000
/tmp/1junA0 6.250000
/data/pdb_release/all/pdb1tvs.ent 19.375000
/tmp/1ysaC0 6.250000
/data/pdb_release/all/pdb1aml.ent 12.500000
/data/pdb_release/all/pdb125d.ent 12.500000
/data/pdb_release/all/pdb1cld.ent 11.250000
/tmp/1d66A0 17.500000
/data/pdb_release/all/pdb1pyc.ent 11.250000
/nfs/cathdata/dompdb/1poxA4 11.250000
/tmp/1ltsC0 12.500000
/tmp/1xtcC0 12.500000
/tmp/1scmA0 12.500000
/tmp/1mdyB0 11.250000
/data/pdb_release/all/pdb1bct.ent 12.500000
/nfs/cathdata/dompdb/1pcrL2 19.375000
/nfs/cathdata/dompdb/1prcL2 23.125000
/nfs/cathdata/dompdb/1pcrM2 31.250000
/nfs/cathdata/dompdb/1prcM2 33.750000
/nfs/cathdata/dompdb/1dik05 20.625000
/tmp/1bcfA0 24.375000
/data/pdb_release/all/pdb1fha.ent 25.000000
/data/pdb_release/all/pdb1ier.ent 26.250000
/data/pdb_release/all/pdb1rcc.ent 26.250000
/tmp/2ccyA0 23.125000
/data/pdb_release/all/pdb1cpq.ent 24.375000
/tmp/1bbhA0 19.375000
/data/pdb_release/all/pdb1cgn.ent 26.875000
/data/pdb_release/all/pdb1lpe.ent 24.375000
/data/pdb_release/all/pdb2asr.ent 24.375000
/data/pdb_release/all/pdb1vls.ent 24.375000
/data/pdb_release/all/pdb1aep.ent 23.125000
/tmp/256bA0 24.375000
/tmp/2hmqA0 19.375000
/data/pdb_release/all/pdb2mhr.ent 19.375000
/tmp/2tmvP0 26.250000
/tmp/1rmvA0 19.375000
/nfs/cathdata/dompdb/2ilk01 25.000000
/nfs/cathdata/dompdb/1vlk01 24.375000
/nfs/cathdata/dompdb/1bucA3 25.625000
/nfs/cathdata/dompdb/3mddA3 25.625000
/nfs/cathdata/dompdb/1chkA1 34.375000
/data/pdb_release/all/pdb1lis.ent 23.750000
/data/pdb_release/all/pdb1rcb.ent 18.125000
/tmp/1gmfA0 32.500000
/tmp/1bgeA0 25.625000
/tmp/1rhgA0 24.375000
/data/pdb_release/all/pdb1bgc.ent 25.625000
/nfs/cathdata/dompdb/1whtA2 17.500000
/data/pdb_release/all/pdb2erl.ent 17.500000
/nfs/cathdata/dompdb/1ytfD1 11.250000
/nfs/cathdata/dompdb/1mtyG1 17.500000
/nfs/cathdata/dompdb/1mhyG1 17.500000
/tmp/1ecmA0 17.500000
/nfs/cathdata/dompdb/1lxa02 19.375000
/data/pdb_release/all/pdb1acp.ent 19.375000
/data/pdb_release/all/pdb1aca.ent 18.125000
/nfs/cathdata/dompdb/1pcrM1 19.375000
/nfs/cathdata/dompdb/1prcM1 17.500000
/nfs/cathdata/dompdb/1pcrL1 24.375000
/nfs/cathdata/dompdb/1prcL1 23.125000
/nfs/cathdata/dompdb/3sdpA1 16.250000
/nfs/cathdata/dompdb/1mngA1 24.375000
/nfs/cathdata/dompdb/1svcP2 17.500000
/nfs/cathdata/dompdb/1nfkA2 12.500000
/nfs/cathdata/dompdb/1mtyG2 20.625000
/nfs/cathdata/dompdb/1mhyG2 19.375000
/nfs/cathdata/dompdb/2minB4 16.250000
/nfs/cathdata/dompdb/1mioB3 19.375000
/data/pdb_release/all/pdb1poc.ent 24.375000
/data/pdb_release/all/pdb1ppa.ent 19.375000
/data/pdb_release/all/pdb1poa.ent 26.250000
/data/pdb_release/all/pdb4bp2.ent 28.750000
/data/pdb_release/all/pdb1pod.ent 27.500000
/tmp/3p2pA0 23.125000
/tmp/1pp2L0 27.500000
/tmp/1clpA0 27.500000
/tmp/1bunA0 28.750000
/data/pdb_release/all/pdb1psj.ent 28.125000
/data/pdb_release/all/pdb1ae7.ent 25.000000
/nfs/cathdata/dompdb/1bmtA1 24.375000
/data/pdb_release/all/pdb1lmq.ent 18.125000
/data/pdb_release/all/pdb1jug.ent 18.125000
/data/pdb_release/all/pdb119l.ent 50.000000
/nfs/cathdata/dompdb/1bucA1 31.875000
/nfs/cathdata/dompdb/3mddA1 25.000000
/nfs/cathdata/dompdb/1oxa02 36.875000
/nfs/cathdata/dompdb/1grl01 48.125000
/nfs/cathdata/dompdb/1aorA2 50.000000
/nfs/cathdata/dompdb/2pgd02 41.250000
/nfs/cathdata/dompdb/1dnpA3 35.625000
/nfs/cathdata/dompdb/1csc01 48.125000
/tmp/1csmA0 46.250000
/nfs/cathdata/dompdb/1aorA3 43.750000
/data/pdb_release/all/pdb1fps.ent 49.375000
/nfs/cathdata/dompdb/1clc02 61.250000
/tmp/1ribA0 50.000000
/tmp/1mmoB0 50.000000
/tmp/1mhyB0 50.000000
/nfs/cathdata/dompdb/1cpt02 49.375000
/data/pdb_release/all/pdb1phb.ent 65.625000
/tmp/2bmhA0 59.375000
/nfs/cathdata/dompdb/1lla01 51.250000
/tmp/1mhlC0 54.375000
/tmp/1mtyD0 55.000000
/tmp/1mhyD0 55.625000
/nfs/cathdata/dompdb/2sblB2 63.125000
/data/pdb_release/all/pdb1lnh.ent 73.125000
/data/pdb_release/all/pdb1ehs.ent 12.500000
/tmp/2spcA0 11.250000
/tmp/1ytfB0 12.500000
/nfs/cathdata/dompdb/1pnkA2 11.250000
/data/pdb_release/all/pdb1aty.ent 16.250000
/nfs/cathdata/dompdb/1dloA3 23.750000
/tmp/1ithA0 29.375000
/tmp/1cpcA0 35.625000
/tmp/1cpcB0 36.250000
/tmp/1allA0 35.625000
/tmp/1allB0 26.875000
/tmp/1colA0 39.375000
/nfs/cathdata/dompdb/1ddt02 41.250000
/nfs/cathdata/dompdb/3blm02 26.250000
/nfs/cathdata/dompdb/1mblA2 27.500000
/nfs/cathdata/dompdb/1btl02 25.000000
/nfs/cathdata/dompdb/1ckiA2 28.750000
/nfs/cathdata/dompdb/1csn02 26.250000
/nfs/cathdata/dompdb/1apmE1 37.500000
/nfs/cathdata/dompdb/1irk02 33.750000
/nfs/cathdata/dompdb/1ad5A4 30.000000
/nfs/cathdata/dompdb/1aru01 32.500000
/nfs/cathdata/dompdb/1llp01 31.875000
/nfs/cathdata/dompdb/1mnp01 24.375000
/nfs/cathdata/dompdb/1qpaA1 31.875000
/nfs/cathdata/dompdb/1cca01 33.125000
/nfs/cathdata/dompdb/1apxA1 25.000000
/nfs/cathdata/dompdb/1schA1 23.125000
/data/pdb_release/all/pdb153l.ent 31.875000
/data/pdb_release/all/pdb1baa.ent 35.625000
/nfs/cathdata/dompdb/1cnsA1 34.375000
/data/pdb_release/all/pdb135l.ent 19.375000
/data/pdb_release/all/pdb2ihl.ent 18.125000
/data/pdb_release/all/pdb1lz1.ent 25.625000
/data/pdb_release/all/pdb1hhl.ent 19.375000
/tmp/1ghlA0 19.375000
/data/pdb_release/all/pdb2eql.ent 23.125000
/data/pdb_release/all/pdb1alc.ent 19.375000
/data/pdb_release/all/pdb1hml.ent 19.375000
/tmp/1thbA0 30.000000
/tmp/1hdsA0 29.375000
/tmp/1hdsB0 31.250000
/tmp/2mhbA0 31.250000
/tmp/1fdhG0 30.000000
/tmp/1hbhA0 29.375000
/tmp/1hdaA0 30.000000
/tmp/1babB0 30.000000
/data/pdb_release/all/pdb2lhb.ent 30.000000
/tmp/1hbhB0 31.875000
/tmp/1hdaB0 31.250000
/tmp/1pghA0 31.250000
/tmp/1pghB0 30.625000
/tmp/1ibeB0 33.750000
/tmp/1outA0 30.000000
/tmp/1outB0 35.625000
/tmp/1spgA0 25.625000
/tmp/1spgB0 31.250000
/data/pdb_release/all/pdb1flp.ent 32.500000
/data/pdb_release/all/pdb1lhs.ent 31.250000
/data/pdb_release/all/pdb1bvd.ent 31.250000
/data/pdb_release/all/pdb1ymb.ent 31.250000
/data/pdb_release/all/pdb1mbs.ent 31.875000
/data/pdb_release/all/pdb2mm1.ent 32.500000
/data/pdb_release/all/pdb1emy.ent 31.250000
/tmp/1mygA0 30.000000
/data/pdb_release/all/pdb1myt.ent 30.625000
/data/pdb_release/all/pdb1eca.ent 32.500000
/tmp/1sctA0 31.250000
/tmp/1sctB0 34.375000
/tmp/3sdhA0 30.625000
/data/pdb_release/all/pdb1mba.ent 30.625000
/data/pdb_release/all/pdb1ash.ent 30.000000
/nfs/cathdata/dompdb/1fcdC2 24.375000
/tmp/2mtaC0 26.250000
/nfs/cathdata/dompdb/2abk02 19.375000
/nfs/cathdata/dompdb/1npc02 21.875000
/nfs/cathdata/dompdb/1ezm02 26.250000
/nfs/cathdata/dompdb/2tmnE2 25.000000
/nfs/cathdata/dompdb/1dnpA2 25.000000
/nfs/cathdata/dompdb/1gia02 31.250000
/nfs/cathdata/dompdb/1tadA2 32.500000
/nfs/cathdata/dompdb/7catA2 32.500000
/nfs/cathdata/dompdb/1cca02 36.875000
/nfs/cathdata/dompdb/1apxA2 25.000000
/nfs/cathdata/dompdb/1aru02 25.000000
/nfs/cathdata/dompdb/1llp02 25.000000
/nfs/cathdata/dompdb/1mnp02 25.000000
/nfs/cathdata/dompdb/1qpaA2 25.000000
/nfs/cathdata/dompdb/1schA2 32.500000
/tmp/1rfbA0 31.875000
/nfs/cathdata/dompdb/1pnkA1 41.250000
/data/pdb_release/all/pdb1end.ent 24.375000
/nfs/cathdata/dompdb/1gly01 40.625000
/nfs/cathdata/dompdb/1ecl02 39.375000
/data/pdb_release/all/pdb1sra.ent 25.000000
/nfs/cathdata/dompdb/1prcC2 26.250000
/nfs/cathdata/dompdb/1prcC1 25.000000
/nfs/cathdata/dompdb/1vsgA2 25.000000
/nfs/cathdata/dompdb/1gly02 35.625000
/nfs/cathdata/dompdb/1pnkB4 25.000000
/data/pdb_release/all/pdb1hlm.ent 25.625000
/data/pdb_release/all/pdb1hlb.ent 35.625000
/data/pdb_release/all/pdb1hbg.ent 30.000000
/data/pdb_release/all/pdb1gdj.ent 25.625000
/tmp/1binA0 30.000000
/nfs/cathdata/dompdb/1osa02 19.375000
/nfs/cathdata/dompdb/1wdcC2 19.375000
/nfs/cathdata/dompdb/1tnw02 19.375000
/tmp/1cnpA0 19.375000
/tmp/1symA0 19.375000
/tmp/1tcoB0 31.875000
/nfs/cathdata/dompdb/1scmC1 19.375000
/nfs/cathdata/dompdb/1wdcB1 18.125000
/nfs/cathdata/dompdb/1rec01 0.000000
/nfs/cathdata/dompdb/1rec02 28.750000
/data/pdb_release/all/pdb2sas.ent 31.250000
/tmp/2scpA0 38.125000
/data/pdb_release/all/pdb155c.ent 19.375000
/data/pdb_release/all/pdb1ycc.ent 23.125000
/data/pdb_release/all/pdb1ccr.ent 24.375000
/tmp/5cytR0 24.375000
/data/pdb_release/all/pdb1yeb.ent 24.375000
/data/pdb_release/all/pdb1hrc.ent 24.375000
/data/pdb_release/all/pdb1cry.ent 23.125000
/data/pdb_release/all/pdb1cot.ent 24.375000
/data/pdb_release/all/pdb3c2c.ent 24.375000
/tmp/1c2rA0 24.375000
/data/pdb_release/all/pdb1cxc.ent 24.375000
/data/pdb_release/all/pdb1yea.ent 26.250000
/tmp/1hroA0 24.375000
/data/pdb_release/all/pdb1dvh.ent 24.375000
/data/pdb_release/all/pdb351c.ent 19.375000
/data/pdb_release/all/pdb1cor.ent 24.375000
/data/pdb_release/all/pdb1cch.ent 23.125000
/nfs/cathdata/dompdb/1fcdC1 18.125000
/data/pdb_release/all/pdb1cc5.ent 23.125000
/data/pdb_release/all/pdb1cyi.ent 23.750000
/data/pdb_release/all/pdb1ctj.ent 23.750000
/nfs/cathdata/dompdb/6gsvA2 19.375000
/nfs/cathdata/dompdb/1gta02 21.250000
/nfs/cathdata/dompdb/1hna02 24.375000
/nfs/cathdata/dompdb/2gsq02 19.375000
/nfs/cathdata/dompdb/1gseA2 21.875000
/nfs/cathdata/dompdb/1bpb01 18.125000
/nfs/cathdata/dompdb/1taq02 12.500000
/nfs/cathdata/dompdb/9icwA2 19.375000
/nfs/cathdata/dompdb/1ecl04 20.625000
/nfs/cathdata/dompdb/1adeA2 19.375000
/nfs/cathdata/dompdb/1atnA3 29.375000
/nfs/cathdata/dompdb/1oxa03 23.125000
/data/pdb_release/all/pdb1hmx.ent 26.875000
/nfs/cathdata/dompdb/2abk01 26.250000
/nfs/cathdata/dompdb/1gln04 25.000000
/nfs/cathdata/dompdb/2tct02 26.250000
/tmp/1hulA0 24.375000
/data/pdb_release/all/pdb1coo.ent 23.125000
/nfs/cathdata/dompdb/1wdcB2 19.375000
/data/pdb_release/all/pdb1bod.ent 18.750000
/data/pdb_release/all/pdb1cb1.ent 19.375000
/data/pdb_release/all/pdb4icb.ent 25.625000
/data/pdb_release/all/pdb1cmf.ent 18.125000
/nfs/cathdata/dompdb/1ncx01 25.625000
/data/pdb_release/all/pdb1cfc.ent 32.500000
/data/pdb_release/all/pdb1tnx.ent 36.875000
/data/pdb_release/all/pdb1rro.ent 26.250000
/data/pdb_release/all/pdb4cpv.ent 26.250000
/data/pdb_release/all/pdb5pal.ent 30.000000
/data/pdb_release/all/pdb1pal.ent 25.625000
/tmp/1rtp10 33.125000
/tmp/1pvaA0 29.375000
/nfs/cathdata/dompdb/1osa01 17.500000
/nfs/cathdata/dompdb/1avhA1 24.375000
/nfs/cathdata/dompdb/2ran01 24.375000
/nfs/cathdata/dompdb/1ala02 24.375000
/nfs/cathdata/dompdb/1hvd02 24.375000
/nfs/cathdata/dompdb/1ala04 24.375000
/nfs/cathdata/dompdb/1ann04 24.375000
/nfs/cathdata/dompdb/1avhA4 24.375000
/nfs/cathdata/dompdb/1axn01 24.375000
/nfs/cathdata/dompdb/1axn03 24.375000
/nfs/cathdata/dompdb/1axn02 24.375000
/nfs/cathdata/dompdb/1ala03 19.375000
/nfs/cathdata/dompdb/1ann03 25.625000
/nfs/cathdata/dompdb/1hvd03 24.375000
/nfs/cathdata/dompdb/2ran03 24.375000
/nfs/cathdata/dompdb/1axn04 24.375000
/nfs/cathdata/dompdb/1csc02 24.375000
/nfs/cathdata/dompdb/1csh02 24.375000
/nfs/cathdata/dompdb/2cts02 24.375000
/nfs/cathdata/dompdb/1tyaE2 24.375000
/nfs/cathdata/dompdb/1bvp11 23.125000
/data/pdb_release/all/pdb1neq.ent 21.875000
/nfs/cathdata/dompdb/1octC1 18.125000
/data/pdb_release/all/pdb1r69.ent 21.875000
/data/pdb_release/all/pdb2cro.ent 22.500000
/data/pdb_release/all/pdb1adr.ent 23.125000
/tmp/1lmb30 24.375000
/nfs/cathdata/dompdb/2yhx01 23.125000
/nfs/cathdata/dompdb/2bpfA1 23.125000
/nfs/cathdata/dompdb/1bgw03 20.625000
/nfs/cathdata/dompdb/1adt01 24.375000
/nfs/cathdata/dompdb/1glqA2 19.375000
/nfs/cathdata/dompdb/2gsrA2 19.375000
/nfs/cathdata/dompdb/1gssA2 18.125000
/data/pdb_release/all/pdb1erd.ent 11.250000
/nfs/cathdata/dompdb/1dtr02 17.500000
/tmp/1lccA0 17.500000
/nfs/cathdata/dompdb/1pnrA1 19.375000
/data/pdb_release/all/pdb1uxd.ent 17.500000
/nfs/cathdata/dompdb/2phlA1 12.500000
/nfs/cathdata/dompdb/2phlA4 17.500000
/tmp/6insE0 17.500000
/data/pdb_release/all/pdb2gf1.ent 17.500000
/data/pdb_release/all/pdb1igl.ent 11.250000
/data/pdb_release/all/pdb1bip.ent 19.375000
/data/pdb_release/all/pdb1c5a.ent 18.125000
/data/pdb_release/all/pdb1kjs.ent 24.375000
/tmp/1cmbA0 17.500000
/nfs/cathdata/dompdb/1gln03 18.125000
/nfs/cathdata/dompdb/1serA1 19.375000
/nfs/cathdata/dompdb/1bvp13 19.375000
/nfs/cathdata/dompdb/1dmb03 30.625000
/nfs/cathdata/dompdb/1dik02 18.750000
/nfs/cathdata/dompdb/9pap02 17.500000
/nfs/cathdata/dompdb/1aec02 18.125000
/nfs/cathdata/dompdb/1gecE2 18.125000
/nfs/cathdata/dompdb/2act02 18.125000
/nfs/cathdata/dompdb/1ppo02 17.500000
/nfs/cathdata/dompdb/1yal02 18.750000
/nfs/cathdata/dompdb/1theA2 18.750000
/nfs/cathdata/dompdb/1csbB1 17.500000
/nfs/cathdata/dompdb/2bltA2 16.250000
/data/pdb_release/all/pdb1utg.ent 19.375000
/data/pdb_release/all/pdb1ccd.ent 19.375000
/nfs/cathdata/dompdb/1ala01 24.375000
/nfs/cathdata/dompdb/1ann01 24.375000
/nfs/cathdata/dompdb/1ann02 24.375000
/tmp/1fliA0 17.500000
/data/pdb_release/all/pdb1etc.ent 23.125000
/tmp/1sttA0 22.500000
/data/pdb_release/all/pdb2hts.ent 23.750000
/data/pdb_release/all/pdb1hks.ent 12.500000
/data/pdb_release/all/pdb1enh.ent 17.500000
/data/pdb_release/all/pdb1ftz.ent 17.500000
/data/pdb_release/all/pdb1ftt.ent 17.500000
/tmp/1ahdP0 18.750000
/tmp/1fjlA0 17.500000
/data/pdb_release/all/pdb1vnd.ent 18.750000
/data/pdb_release/all/pdb1hdp.ent 17.500000
/data/pdb_release/all/pdb1ocp.ent 17.500000
/data/pdb_release/all/pdb1pog.ent 17.500000
/tmp/1yrnA0 17.500000
/tmp/1hcrA0 17.500000
/data/pdb_release/all/pdb1res.ent 17.500000
/data/pdb_release/all/pdb1lfb.ent 17.500000
/data/pdb_release/all/pdb2lfb.ent 17.500000
/tmp/1yrnB0 19.375000
/tmp/1fiaA0 19.375000
/data/pdb_release/all/pdb1mbe.ent 17.500000
/data/pdb_release/all/pdb1mbg.ent 17.500000
/data/pdb_release/all/pdb1mbj.ent 17.500000
/tmp/2wrpR0 26.250000
/nfs/cathdata/dompdb/2tct01 18.750000
/tmp/1bfmA0 18.750000
/tmp/1hryA0 17.500000
/data/pdb_release/all/pdb1hsm.ent 17.500000
/data/pdb_release/all/pdb1hma.ent 16.250000
/data/pdb_release/all/pdb1hme.ent 17.500000
/data/pdb_release/all/pdb1aab.ent 17.500000
/tmp/1trlA0 17.500000
/tmp/1mylA0 12.500000
/tmp/1parA0 12.500000
/tmp/1mntA0 19.375000
/data/pdb_release/all/pdb1lea.ent 17.500000
/tmp/1hstA0 25.000000
/data/pdb_release/all/pdb1ghc.ent 17.500000
/nfs/cathdata/dompdb/1dprA1 19.375000
/nfs/cathdata/dompdb/1bia01 17.500000
/nfs/cathdata/dompdb/1berA2 23.750000
/nfs/cathdata/dompdb/1pdnC1 17.500000
/nfs/cathdata/dompdb/1pdnC2 17.500000
