/tmp/2ltnB0 5.263158
/tmp/1lenB0 5.263158
/tmp/1lgcB0 0.000000
/nfs/cathdata/dompdb/1lyaB1 5.263158
/tmp/1aayA0 14.736842
/tmp/1ubdC0 15.789474
/tmp/1meyC0 16.315789
/tmp/2drpA0 20.000000
/tmp/1pyaA0 9.473684
/tmp/1hueA0 18.947368
/tmp/1wtuA0 21.052632
/tmp/1ihfA0 28.947368
/tmp/1ihfB0 31.052632
/nfs/cathdata/dompdb/1prcH1 34.210526
/nfs/cathdata/dompdb/1pcrH1 24.736842
/data/pdb_release/all/pdb4mt2.ent 0.000000
/data/pdb_release/all/pdb1tiv.ent 0.000000
/data/pdb_release/all/pdb1zaq.ent 0.000000
/data/pdb_release/all/pdb1iva.ent 0.000000
/data/pdb_release/all/pdb1agg.ent 10.526316
/data/pdb_release/all/pdb1cfh.ent 0.000000
/data/pdb_release/all/pdb1cfi.ent 0.000000
/data/pdb_release/all/pdb1aaf.ent 0.000000
/data/pdb_release/all/pdb2ech.ent 0.000000
/data/pdb_release/all/pdb1fvl.ent 5.263158
/data/pdb_release/all/pdb1kst.ent 10.526316
/tmp/1r0940 5.263158
/tmp/2plv40 15.789474
/tmp/1pvc40 14.736842
/tmp/1bbt40 10.526316
/tmp/1tme40 5.263158
/tmp/2mev40 5.263158
/tmp/1tabI0 10.526316
/data/pdb_release/all/pdb1pi2.ent 14.736842
/data/pdb_release/all/pdb1bbi.ent 20.000000
/nfs/cathdata/dompdb/1pcp01 5.263158
/nfs/cathdata/dompdb/2pspA2 5.263158
/nfs/cathdata/dompdb/1gcb01 61.578947
/nfs/cathdata/dompdb/1fieA2 59.473684
/nfs/cathdata/dompdb/1lgr01 52.105263
/nfs/cathdata/dompdb/1abbA1 66.315789
/nfs/cathdata/dompdb/1ygpA1 68.421053
/nfs/cathdata/dompdb/1pgd03 5.263158
/data/pdb_release/all/pdb1ldl.ent 10.526316
/data/pdb_release/all/pdb1ldr.ent 0.000000
/data/pdb_release/all/pdb1tap.ent 14.736842
/data/pdb_release/all/pdb5pti.ent 14.736842
/tmp/1aapA0 14.736842
/data/pdb_release/all/pdb1dtx.ent 14.736842
/data/pdb_release/all/pdb1dtk.ent 14.736842
/data/pdb_release/all/pdb1shp.ent 14.736842
/tmp/1brbI0 14.736842
/data/pdb_release/all/pdb1knt.ent 14.736842
/data/pdb_release/all/pdb1dem.ent 15.789474
/tmp/1bunB0 14.736842
/data/pdb_release/all/pdb1hnr.ent 5.263158
/tmp/1mhlA0 9.473684
/nfs/cathdata/dompdb/1gal02 10.526316
/nfs/cathdata/dompdb/1inp01 21.052632
/nfs/cathdata/dompdb/1rtc02 16.315789
/nfs/cathdata/dompdb/1apa02 19.473684
/nfs/cathdata/dompdb/1pafA2 19.473684
/nfs/cathdata/dompdb/1mrg02 20.526316
/nfs/cathdata/dompdb/1mrj02 21.578947
/nfs/cathdata/dompdb/1abrA2 19.473684
/tmp/1isuA0 5.263158
/data/pdb_release/all/pdb1hip.ent 15.263158
/tmp/2hipA0 10.526316
/data/pdb_release/all/pdb1hpi.ent 14.736842
/data/pdb_release/all/pdb1bbo.ent 9.473684
/nfs/cathdata/dompdb/1adt02 35.263158
/tmp/1abmA0 40.000000
/tmp/1idsA0 38.947368
/tmp/1isaA0 38.421053
/nfs/cathdata/dompdb/1vsgA1 41.052632
/tmp/1hmpA0 41.578947
/nfs/cathdata/dompdb/1adeA3 40.000000
/nfs/cathdata/dompdb/1qorA1 44.736842
/nfs/cathdata/dompdb/3btoA1 54.210526
/nfs/cathdata/dompdb/1dehA1 55.263158
/nfs/cathdata/dompdb/1cdoA1 54.210526
/nfs/cathdata/dompdb/1tehA1 54.210526
/nfs/cathdata/dompdb/1agnA1 56.315789
/tmp/1yptA0 50.000000
/data/pdb_release/all/pdb2hnp.ent 50.000000
/nfs/cathdata/dompdb/1yfoA1 40.000000
/tmp/1vhrA0 47.894737
/data/pdb_release/all/pdb1gpc.ent 48.947368
/nfs/cathdata/dompdb/1bgw05 45.263158
/nfs/cathdata/dompdb/1jetA1 52.631579
/nfs/cathdata/dompdb/1glaG1 62.105263
/nfs/cathdata/dompdb/1hgeA1 54.210526
/tmp/1ltsA0 43.684211
/tmp/1xtcA0 42.105263
/tmp/1tiiA0 42.631579
/tmp/1prtA0 52.631579
/nfs/cathdata/dompdb/1admA2 48.421053
/nfs/cathdata/dompdb/1chmA2 46.842105
/data/pdb_release/all/pdb1mat.ent 56.315789
/data/pdb_release/all/pdb1pbn.ent 61.578947
/data/pdb_release/all/pdb1ula.ent 62.105263
/tmp/1ecpA0 54.210526
/nfs/cathdata/dompdb/1dhx03 55.789474
/data/pdb_release/all/pdb2cyr.ent 24.736842
/data/pdb_release/all/pdb1wad.ent 22.105263
/data/pdb_release/all/pdb1czj.ent 29.473684
/tmp/1htmB0 13.684211
/nfs/cathdata/dompdb/1berA1 31.052632
/nfs/cathdata/dompdb/1dhx02 15.263158
/nfs/cathdata/dompdb/1gln02 30.000000
/nfs/cathdata/dompdb/1gtrA2 31.052632
/nfs/cathdata/dompdb/1prcH2 28.421053
/nfs/cathdata/dompdb/4rcrH2 25.263158
/nfs/cathdata/dompdb/1oxa01 28.947368
/nfs/cathdata/dompdb/1cpt01 33.157895
/nfs/cathdata/dompdb/1gcb02 34.736842
/data/pdb_release/all/pdb1mut.ent 25.789474
/data/pdb_release/all/pdb1pyp.ent 35.789474
/data/pdb_release/all/pdb2prd.ent 38.421053
/tmp/1eipA0 39.473684
/nfs/cathdata/dompdb/1ordA4 33.157895
/nfs/cathdata/dompdb/2cmd02 31.052632
/nfs/cathdata/dompdb/1mldA2 31.578947
/nfs/cathdata/dompdb/6ldh02 28.947368
/nfs/cathdata/dompdb/1llc02 27.368421
/nfs/cathdata/dompdb/1lldA2 28.947368
/nfs/cathdata/dompdb/2ldx02 32.631579
/nfs/cathdata/dompdb/3ldh02 37.368421
/nfs/cathdata/dompdb/5ldh02 23.684211
/nfs/cathdata/dompdb/9ldtA2 28.947368
/nfs/cathdata/dompdb/1ldb02 31.052632
/nfs/cathdata/dompdb/1hyhA2 28.947368
/nfs/cathdata/dompdb/4mdhA2 46.842105
/nfs/cathdata/dompdb/1bdmA2 39.473684
/nfs/cathdata/dompdb/1dctA2 21.052632
/tmp/1regX0 32.105263
/nfs/cathdata/dompdb/2bltA1 58.947368
/data/pdb_release/all/pdb1xaa.ent 68.421053
/data/pdb_release/all/pdb1xac.ent 67.894737
/tmp/1alkA0 71.052632
/data/pdb_release/all/pdb1lpp.ent 68.947368
/data/pdb_release/all/pdb1thg.ent 70.526316
/tmp/1cleA0 70.000000
/data/pdb_release/all/pdb1ace.ent 68.947368
/nfs/cathdata/dompdb/3ladA2 44.736842
/nfs/cathdata/dompdb/1lpfA2 40.526316
/nfs/cathdata/dompdb/1lvl02 40.526316
/nfs/cathdata/dompdb/1ebdA2 41.578947
/nfs/cathdata/dompdb/2tmdA3 41.578947
/nfs/cathdata/dompdb/1gerA2 41.578947
/nfs/cathdata/dompdb/1gesA2 42.631579
/nfs/cathdata/dompdb/3grs02 42.631579
/nfs/cathdata/dompdb/1tde02 44.210526
/nfs/cathdata/dompdb/1vdc02 39.473684
/nfs/cathdata/dompdb/1fecB2 43.684211
/nfs/cathdata/dompdb/1nhr02 51.052632
/nfs/cathdata/dompdb/1fcdA2 51.578947
/tmp/1pyaB0 45.789474
/nfs/cathdata/dompdb/1dik03 55.263158
/nfs/cathdata/dompdb/1aorA1 60.526316
/tmp/2dnjA0 65.263158
/tmp/1fjmA0 64.736842
/tmp/1tcoA0 62.631579
/nfs/cathdata/dompdb/1gph11 62.105263
/data/pdb_release/all/pdb1plq.ent 59.473684
/data/pdb_release/all/pdb1bnh.ent 77.894737
/data/pdb_release/all/pdb1cy3.ent 5.263158
/tmp/1cthA0 25.789474
/data/pdb_release/all/pdb2cdv.ent 24.736842
/nfs/cathdata/dompdb/1trkA1 62.105263
/tmp/1rvaA0 53.684211
/nfs/cathdata/dompdb/1atnA1 48.947368
/nfs/cathdata/dompdb/2btfA1 42.631579
/nfs/cathdata/dompdb/1olbA2 56.315789
/data/pdb_release/all/pdb2ctc.ent 56.315789
/data/pdb_release/all/pdb1amp.ent 60.000000
/nfs/cathdata/dompdb/1lam02 70.000000
/nfs/cathdata/dompdb/1tplA2 50.526316
/nfs/cathdata/dompdb/1dgd02 60.000000
/nfs/cathdata/dompdb/1aam02 58.421053
/nfs/cathdata/dompdb/1akaA2 60.000000
/nfs/cathdata/dompdb/2cstA2 60.526316
/nfs/cathdata/dompdb/1ordA2 61.052632
/data/pdb_release/all/pdb1rpa.ent 55.789474
/data/pdb_release/all/pdb1esc.ent 50.000000
/nfs/cathdata/dompdb/1gpb02 58.421053
/nfs/cathdata/dompdb/1ygpA2 63.684211
/tmp/1deaA0 59.473684
/tmp/1thtA0 66.842105
/tmp/1tahA0 57.894737
/tmp/1oilA0 60.000000
/nfs/cathdata/dompdb/1hplA1 67.894737
/nfs/cathdata/dompdb/1lpbB1 68.947368
/tmp/1ethA0 65.789474
/data/pdb_release/all/pdb1gpl.ent 68.947368
/data/pdb_release/all/pdb1tca.ent 61.052632
/data/pdb_release/all/pdb1ede.ent 66.842105
/data/pdb_release/all/pdb1ysc.ent 65.263158
/nfs/cathdata/dompdb/1asyA2 52.105263
/nfs/cathdata/dompdb/1lylA2 59.473684
/nfs/cathdata/dompdb/1serA2 58.947368
/data/pdb_release/all/pdb3pte.ent 58.421053
/nfs/cathdata/dompdb/1abrA1 37.894737
/nfs/cathdata/dompdb/1ahc01 43.684211
/nfs/cathdata/dompdb/1mrj01 44.736842
/nfs/cathdata/dompdb/1apa01 36.842105
/nfs/cathdata/dompdb/1pafA1 37.894737
/tmp/4dfrA0 47.368421
/data/pdb_release/all/pdb3dfr.ent 50.526316
/data/pdb_release/all/pdb8dfr.ent 50.526316
/data/pdb_release/all/pdb1drf.ent 49.473684
/data/pdb_release/all/pdb1dyr.ent 54.210526
/nfs/cathdata/dompdb/1adeA1 50.000000
/nfs/cathdata/dompdb/3pmgA1 59.473684
/data/pdb_release/all/pdb1udg.ent 51.052632
/nfs/cathdata/dompdb/3pgk02 60.526316
/nfs/cathdata/dompdb/1php02 53.157895
/nfs/cathdata/dompdb/1gpmA1 48.947368
/nfs/cathdata/dompdb/1powA3 57.894737
/nfs/cathdata/dompdb/1pvdA3 56.315789
/nfs/cathdata/dompdb/1pvdA1 56.315789
/nfs/cathdata/dompdb/1powA1 58.421053
/nfs/cathdata/dompdb/1trkA2 60.000000
/nfs/cathdata/dompdb/1tyaE1 53.684211
/nfs/cathdata/dompdb/2tysB2 56.842105
/nfs/cathdata/dompdb/1minA1 54.736842
/nfs/cathdata/dompdb/1mioA1 56.315789
/nfs/cathdata/dompdb/3ecaA1 56.315789
/nfs/cathdata/dompdb/1agx01 56.315789
/nfs/cathdata/dompdb/3pga11 50.526316
/tmp/1wsaA0 66.315789
/tmp/1nbaA0 50.000000
/nfs/cathdata/dompdb/2reb01 57.368421
/tmp/1smnA0 44.736842
/tmp/1eriA0 48.421053
/nfs/cathdata/dompdb/1lvl01 47.368421
/nfs/cathdata/dompdb/1ebdA1 47.894737
/nfs/cathdata/dompdb/1gal01 45.263158
/nfs/cathdata/dompdb/1fcdA1 60.526316
/nfs/cathdata/dompdb/1coy01 57.894737
/nfs/cathdata/dompdb/1pbe01 58.421053
/nfs/cathdata/dompdb/1aa8A1 50.526316
/nfs/cathdata/dompdb/1dob02 40.526316
/data/pdb_release/all/pdb1cge.ent 30.526316
/data/pdb_release/all/pdb1mnc.ent 30.526316
/data/pdb_release/all/pdb1srt.ent 30.526316
/nfs/cathdata/dompdb/1fbl01 30.526316
/data/pdb_release/all/pdb1mmq.ent 30.526316
/data/pdb_release/all/pdb1slm.ent 44.210526
/tmp/1atlA0 42.105263
/data/pdb_release/all/pdb1iag.ent 41.578947
/nfs/cathdata/dompdb/1kapP2 36.842105
/nfs/cathdata/dompdb/1sat02 37.894737
/data/pdb_release/all/pdb1iab.ent 36.842105
/nfs/cathdata/dompdb/1lcf01 48.947368
/nfs/cathdata/dompdb/1ovt01 51.052632
/nfs/cathdata/dompdb/1ovt03 43.684211
/nfs/cathdata/dompdb/1nnt01 35.789474
/nfs/cathdata/dompdb/1tfd01 23.157895
/nfs/cathdata/dompdb/1lcf03 51.052632
/nfs/cathdata/dompdb/1dot01 42.631579
/nfs/cathdata/dompdb/1dot03 51.052632
/nfs/cathdata/dompdb/1quk01 45.789474
/nfs/cathdata/dompdb/1sbp01 45.789474
/nfs/cathdata/dompdb/1dmb01 38.421053
/nfs/cathdata/dompdb/1pot01 39.473684
/nfs/cathdata/dompdb/3sc2A1 40.000000
/nfs/cathdata/dompdb/1rtc01 38.947368
/tmp/1pviA0 34.210526
/nfs/cathdata/dompdb/1bllE1 43.684211
/nfs/cathdata/dompdb/1scuB3 50.000000
/nfs/cathdata/dompdb/1ora01 32.105263
/nfs/cathdata/dompdb/1ora02 34.210526
/nfs/cathdata/dompdb/2glt01 38.421053
/nfs/cathdata/dompdb/1ttqB1 48.421053
/data/pdb_release/all/pdb3pgm.ent 44.736842
/nfs/cathdata/dompdb/1gtrA1 41.052632
/nfs/cathdata/dompdb/1gln01 43.157895
/tmp/1dsbA0 49.473684
/tmp/1gp1A0 32.631579
/nfs/cathdata/dompdb/1chmA1 44.210526
/nfs/cathdata/dompdb/1scuB1 38.421053
/nfs/cathdata/dompdb/1mla02 56.842105
/nfs/cathdata/dompdb/1glaG2 59.473684
/nfs/cathdata/dompdb/1ami01 52.105263
/data/pdb_release/all/pdb1ak2.ent 53.157895
/tmp/1ak3A0 65.789474
/tmp/1akeA0 62.105263
/data/pdb_release/all/pdb1aky.ent 63.157895
/data/pdb_release/all/pdb3adk.ent 54.736842
/data/pdb_release/all/pdb1ukz.ent 52.631579
/data/pdb_release/all/pdb1ukd.ent 53.157895
/nfs/cathdata/dompdb/2tmdA2 47.894737
/nfs/cathdata/dompdb/1nhp01 46.842105
/nfs/cathdata/dompdb/1trb01 38.421053
/nfs/cathdata/dompdb/1vdc01 38.421053
/nfs/cathdata/dompdb/1typA1 45.263158
/nfs/cathdata/dompdb/1gesA1 52.105263
/nfs/cathdata/dompdb/3grs01 43.157895
/nfs/cathdata/dompdb/3ladA1 48.421053
/nfs/cathdata/dompdb/1lpfA1 43.157895
/nfs/cathdata/dompdb/1pfkA2 42.105263
/nfs/cathdata/dompdb/3pfk02 43.157895
/nfs/cathdata/dompdb/3pgk01 36.315789
/nfs/cathdata/dompdb/1php01 36.842105
/nfs/cathdata/dompdb/3pmgA3 41.052632
/tmp/2rslA0 34.736842
/tmp/1gdtA0 44.210526
/nfs/cathdata/dompdb/1ctt02 31.578947
/nfs/cathdata/dompdb/1ctt01 36.315789
/tmp/1whtB0 43.684211
/nfs/cathdata/dompdb/1trkA3 35.263158
/nfs/cathdata/dompdb/1dmb02 26.315789
/nfs/cathdata/dompdb/1pda02 31.052632
/nfs/cathdata/dompdb/1hslA2 35.263158
/nfs/cathdata/dompdb/1lst02 39.473684
/nfs/cathdata/dompdb/1pbp02 43.684211
/nfs/cathdata/dompdb/1sbp02 48.947368
/data/pdb_release/all/pdb1ovb.ent 41.578947
/nfs/cathdata/dompdb/1lcf02 39.473684
/nfs/cathdata/dompdb/1lcf04 39.473684
/nfs/cathdata/dompdb/1ovt02 42.105263
/nfs/cathdata/dompdb/1ovt04 35.263158
/nfs/cathdata/dompdb/1tfd02 39.473684
/nfs/cathdata/dompdb/1dot04 24.210526
/nfs/cathdata/dompdb/1poy12 42.631579
/nfs/cathdata/dompdb/1inp03 36.842105
/nfs/cathdata/dompdb/1imbA2 43.157895
/nfs/cathdata/dompdb/1fbcA2 41.052632
/nfs/cathdata/dompdb/1ftaA2 32.631579
/nfs/cathdata/dompdb/1spiA2 29.473684
/nfs/cathdata/dompdb/1pda01 34.736842
/nfs/cathdata/dompdb/1hslA1 24.736842
/nfs/cathdata/dompdb/1lst01 26.315789
/nfs/cathdata/dompdb/2ldx01 51.052632
/nfs/cathdata/dompdb/3ldh01 49.473684
/nfs/cathdata/dompdb/5ldh01 44.210526
/nfs/cathdata/dompdb/9ldtA1 53.684211
/data/pdb_release/all/pdb5nll.ent 46.315789
/data/pdb_release/all/pdb2fx2.ent 37.894737
/data/pdb_release/all/pdb1ofv.ent 37.894737
/data/pdb_release/all/pdb2fcr.ent 43.157895
/data/pdb_release/all/pdb1rcf.ent 40.000000
/tmp/1lfaA0 51.052632
/data/pdb_release/all/pdb1ido.ent 57.368421
/nfs/cathdata/dompdb/1pfkA1 59.473684
/nfs/cathdata/dompdb/3pfk01 55.263158
/data/pdb_release/all/pdb1cus.ent 46.315789
/data/pdb_release/all/pdb1dad.ent 60.526316
/data/pdb_release/all/pdb1tib.ent 57.894737
/data/pdb_release/all/pdb3tgl.ent 58.947368
/tmp/1lgyA0 56.315789
/data/pdb_release/all/pdb1vid.ent 66.842105
/data/pdb_release/all/pdb1pdo.ent 38.421053
/nfs/cathdata/dompdb/1gpmA2 51.578947
/nfs/cathdata/dompdb/1dnpA1 43.684211
/nfs/cathdata/dompdb/1bgw02 41.578947
/nfs/cathdata/dompdb/1guhA1 37.368421
/nfs/cathdata/dompdb/1glqA1 36.315789
/nfs/cathdata/dompdb/2gsq01 33.157895
/nfs/cathdata/dompdb/2gsrA1 36.315789
/nfs/cathdata/dompdb/1gssA1 36.315789
/nfs/cathdata/dompdb/2gstA1 32.105263
/nfs/cathdata/dompdb/1gta01 32.105263
/nfs/cathdata/dompdb/1hna01 33.157895
/nfs/cathdata/dompdb/3pmgA2 25.263158
/data/pdb_release/all/pdb1lba.ent 34.736842
/tmp/1meeA0 55.789474
/nfs/cathdata/dompdb/1ordA1 34.736842
/data/pdb_release/all/pdb1ntr.ent 32.105263
/nfs/cathdata/dompdb/1gdhA2 49.473684
/nfs/cathdata/dompdb/2nacA2 56.842105
/nfs/cathdata/dompdb/2dldA2 54.736842
/nfs/cathdata/dompdb/2dldA1 36.315789
/nfs/cathdata/dompdb/1scuB2 31.578947
/nfs/cathdata/dompdb/1scuA1 40.526316
/nfs/cathdata/dompdb/1scuA2 44.210526
/data/pdb_release/all/pdb1phr.ent 38.947368
/nfs/cathdata/dompdb/1bmtA2 46.842105
/tmp/1iceA0 42.105263
/data/pdb_release/all/pdb1etu.ent 47.368421
/nfs/cathdata/dompdb/1eft01 54.736842
/data/pdb_release/all/pdb5p21.ent 46.315789
/tmp/1guaA0 46.315789
/tmp/1hurA0 47.894737
/tmp/1nipA0 61.578947
/nfs/cathdata/dompdb/1gky02 41.578947
/nfs/cathdata/dompdb/1dar01 68.421053
/nfs/cathdata/dompdb/1raaA1 42.105263
/nfs/cathdata/dompdb/1raaA2 49.473684
/nfs/cathdata/dompdb/2atcA2 30.526316
/nfs/cathdata/dompdb/4mdhA1 46.315789
/nfs/cathdata/dompdb/1bdmA1 46.315789
/nfs/cathdata/dompdb/2cmd01 50.526316
/nfs/cathdata/dompdb/1mldA1 50.526316
/nfs/cathdata/dompdb/1hyhA1 49.473684
/nfs/cathdata/dompdb/6ldh01 53.684211
/nfs/cathdata/dompdb/1ldb01 49.473684
/nfs/cathdata/dompdb/1llc01 41.578947
/nfs/cathdata/dompdb/1lldA1 49.473684
/nfs/cathdata/dompdb/1bdhA3 31.578947
/nfs/cathdata/dompdb/1tlfA2 44.210526
/nfs/cathdata/dompdb/1dbp01 37.894737
/data/pdb_release/all/pdb3chy.ent 43.684211
/nfs/cathdata/dompdb/1abe01 49.473684
/nfs/cathdata/dompdb/1gdhA1 44.736842
/nfs/cathdata/dompdb/1gca01 52.105263
/nfs/cathdata/dompdb/1gdd01 50.526316
/nfs/cathdata/dompdb/1tadA1 48.947368
/nfs/cathdata/dompdb/1gotA1 41.052632
/nfs/cathdata/dompdb/1gd1O1 45.789474
/nfs/cathdata/dompdb/4gpd11 40.526316
/nfs/cathdata/dompdb/1cerO1 54.736842
/nfs/cathdata/dompdb/1gadO1 50.526316
/nfs/cathdata/dompdb/1gypA1 53.684211
/nfs/cathdata/dompdb/1hdgO1 50.526316
/nfs/cathdata/dompdb/2lbp02 49.473684
/nfs/cathdata/dompdb/2liv02 50.526316
/nfs/cathdata/dompdb/2lbp01 54.736842
/nfs/cathdata/dompdb/2liv01 53.684211
/nfs/cathdata/dompdb/1pea02 55.789474
/nfs/cathdata/dompdb/1pea01 51.052632
/nfs/cathdata/dompdb/1ecl01 38.947368
/nfs/cathdata/dompdb/1admA1 52.105263
/nfs/cathdata/dompdb/1dctA1 50.000000
/nfs/cathdata/dompdb/1hmy01 52.631579
/tmp/1garA0 56.842105
/data/pdb_release/all/pdb1chd.ent 52.105263
/data/pdb_release/all/pdb1thm.ent 60.526316
/tmp/1cseE0 55.789474
/data/pdb_release/all/pdb1st3.ent 55.789474
/data/pdb_release/all/pdb2pkc.ent 52.631579
/data/pdb_release/all/pdb1s01.ent 54.736842
/nfs/cathdata/dompdb/1poxA2 41.578947
/nfs/cathdata/dompdb/1pvdA2 44.736842
/nfs/cathdata/dompdb/2pia02 40.000000
/nfs/cathdata/dompdb/1fnb02 43.684211
/nfs/cathdata/dompdb/1que02 46.842105
/nfs/cathdata/dompdb/1cnd02 42.105263
/nfs/cathdata/dompdb/1ndh02 48.947368
/nfs/cathdata/dompdb/1gph12 43.684211
/nfs/cathdata/dompdb/1ecgA2 41.578947
/data/pdb_release/all/pdb1sto.ent 56.315789
/nfs/cathdata/dompdb/2bgt02 38.947368
/nfs/cathdata/dompdb/2bgt01 44.210526
/nfs/cathdata/dompdb/2nacA1 49.473684
/data/pdb_release/all/pdb1dhr.ent 53.157895
/tmp/1hdcA0 57.368421
/data/pdb_release/all/pdb1eny.ent 57.894737
/nfs/cathdata/dompdb/1psdA1 38.421053
/nfs/cathdata/dompdb/1psdA2 51.578947
/nfs/cathdata/dompdb/1qorA2 53.684211
/nfs/cathdata/dompdb/3btoA2 53.684211
/nfs/cathdata/dompdb/1dehA2 51.578947
/nfs/cathdata/dompdb/1cdoA2 54.736842
/nfs/cathdata/dompdb/1tehA2 55.789474
/nfs/cathdata/dompdb/1agnA2 52.631579
/nfs/cathdata/dompdb/1dih01 40.526316
/nfs/cathdata/dompdb/2pgd01 50.000000
/nfs/cathdata/dompdb/1dpgA1 44.736842
/nfs/cathdata/dompdb/1dbqA1 50.526316
/nfs/cathdata/dompdb/1tlfA1 49.473684
/nfs/cathdata/dompdb/2dri02 47.894737
/nfs/cathdata/dompdb/1gca02 43.684211
/nfs/cathdata/dompdb/2gbp02 41.578947
/nfs/cathdata/dompdb/8abp02 51.052632
/data/pdb_release/all/pdb1ghu.ent 20.526316
/nfs/cathdata/dompdb/1ad5A2 21.578947
/tmp/1ayaA0 21.578947
/tmp/2pldA0 25.789474
/data/pdb_release/all/pdb1svq.ent 31.052632
/data/pdb_release/all/pdb1vil.ent 40.000000
/data/pdb_release/all/pdb1aba.ent 31.578947
/data/pdb_release/all/pdb1ego.ent 34.736842
/tmp/2trxA0 41.052632
/data/pdb_release/all/pdb1thx.ent 41.052632
/data/pdb_release/all/pdb3trx.ent 38.947368
/data/pdb_release/all/pdb1tof.ent 35.789474
/nfs/cathdata/dompdb/1pxtA1 45.263158
/nfs/cathdata/dompdb/1pxtA2 43.684211
/nfs/cathdata/dompdb/2yhx02 41.578947
/nfs/cathdata/dompdb/1dik01 32.105263
/nfs/cathdata/dompdb/2minA3 41.052632
/nfs/cathdata/dompdb/1mioA3 38.947368
/nfs/cathdata/dompdb/2minB2 29.473684
/nfs/cathdata/dompdb/2minB3 42.105263
/nfs/cathdata/dompdb/1mioB2 34.736842
/nfs/cathdata/dompdb/1mioB4 41.052632
/nfs/cathdata/dompdb/2minA2 36.315789
/nfs/cathdata/dompdb/1mioA2 42.631579
/nfs/cathdata/dompdb/2minB1 34.210526
/nfs/cathdata/dompdb/1mioB1 40.526316
/nfs/cathdata/dompdb/1iow01 25.263158
/nfs/cathdata/dompdb/1bncA1 35.789474
/nfs/cathdata/dompdb/3ecaA2 33.684211
/nfs/cathdata/dompdb/1agx02 32.631579
/nfs/cathdata/dompdb/3pga12 34.736842
/nfs/cathdata/dompdb/1pkyA1 44.210526
/nfs/cathdata/dompdb/1pkm01 53.157895
/nfs/cathdata/dompdb/1hsbA1 39.473684
/nfs/cathdata/dompdb/2clrA1 47.368421
/nfs/cathdata/dompdb/1mhcA1 44.210526
/tmp/1tmcA0 40.000000
/nfs/cathdata/dompdb/1fruA1 39.473684
/nfs/cathdata/dompdb/1tssA1 30.000000
/nfs/cathdata/dompdb/1se202 32.631579
/nfs/cathdata/dompdb/1sebD2 26.842105
/nfs/cathdata/dompdb/1esfA2 47.368421
/data/pdb_release/all/pdb1vhh.ent 32.631579
/nfs/cathdata/dompdb/3pmgA4 36.842105
/nfs/cathdata/dompdb/1imbA1 46.315789
/nfs/cathdata/dompdb/5fbpA1 37.894737
/nfs/cathdata/dompdb/1ftaA1 38.421053
/nfs/cathdata/dompdb/1spiA1 38.947368
/nfs/cathdata/dompdb/1inp02 37.368421
/nfs/cathdata/dompdb/1gd1O2 35.263158
/nfs/cathdata/dompdb/4gpd12 33.157895
/nfs/cathdata/dompdb/1cerO2 42.105263
/nfs/cathdata/dompdb/1gadO2 38.421053
/nfs/cathdata/dompdb/1gypA2 41.578947
/nfs/cathdata/dompdb/1hdgO2 37.368421
/data/pdb_release/all/pdb1cia.ent 52.631579
/nfs/cathdata/dompdb/1gal03 54.210526
/nfs/cathdata/dompdb/1dpgA2 53.684211
/data/pdb_release/all/pdb1dpb.ent 56.315789
/data/pdb_release/all/pdb1adn.ent 19.473684
/data/pdb_release/all/pdb2pna.ent 21.578947
/data/pdb_release/all/pdb1ab2.ent 20.526316
/tmp/1shaA0 26.842105
/tmp/1lcjA0 26.842105
/tmp/1csyA0 21.578947
/data/pdb_release/all/pdb1blj.ent 25.263158
/data/pdb_release/all/pdb1fim.ent 27.368421
/tmp/1mifA0 26.315789
/tmp/1kptA0 28.421053
/nfs/cathdata/dompdb/1dja01 33.684211
/nfs/cathdata/dompdb/1mblA1 25.789474
/nfs/cathdata/dompdb/1btl01 24.736842
/data/pdb_release/all/pdb2phy.ent 35.263158
/data/pdb_release/all/pdb1fil.ent 36.315789
/data/pdb_release/all/pdb1pne.ent 35.789474
/data/pdb_release/all/pdb1acf.ent 37.368421
/data/pdb_release/all/pdb2acg.ent 38.421053
/data/pdb_release/all/pdb1cqa.ent 35.789474
/nfs/cathdata/dompdb/1pnkB1 35.789474
/nfs/cathdata/dompdb/1oacA1 31.578947
/tmp/1otgA0 31.052632
/nfs/cathdata/dompdb/1ami02 35.263158
/nfs/cathdata/dompdb/1bpb02 34.210526
/nfs/cathdata/dompdb/9icwA3 31.578947
/nfs/cathdata/dompdb/1daaA1 29.473684
/nfs/cathdata/dompdb/1iov02 41.578947
/nfs/cathdata/dompdb/1glt02 33.157895
/tmp/1gtqA0 33.157895
/nfs/cathdata/dompdb/1bia02 43.157895
/nfs/cathdata/dompdb/1antI2 42.631579
/nfs/cathdata/dompdb/1hleA2 53.157895
/nfs/cathdata/dompdb/1ovaA2 50.000000
/nfs/cathdata/dompdb/2achA1 51.578947
/nfs/cathdata/dompdb/7apiA2 52.105263
/nfs/cathdata/dompdb/1pnkB2 35.789474
/nfs/cathdata/dompdb/1ami03 45.263158
/nfs/cathdata/dompdb/1hocA1 37.894737
/nfs/cathdata/dompdb/1hsaA1 40.526316
/nfs/cathdata/dompdb/1vaaA1 39.473684
/nfs/cathdata/dompdb/1dik06 30.526316
/nfs/cathdata/dompdb/1mdl01 29.473684
/nfs/cathdata/dompdb/4enl01 28.947368
/nfs/cathdata/dompdb/1pdz01 28.947368
/nfs/cathdata/dompdb/1nhp03 28.947368
/nfs/cathdata/dompdb/3ladA3 37.368421
/nfs/cathdata/dompdb/1lpfA3 38.421053
/nfs/cathdata/dompdb/1lvl03 38.421053
/nfs/cathdata/dompdb/1ebdA3 37.368421
/nfs/cathdata/dompdb/1tytA3 40.000000
/nfs/cathdata/dompdb/1gesA3 33.157895
/nfs/cathdata/dompdb/3grs03 27.894737
/nfs/cathdata/dompdb/1irk01 25.263158
/nfs/cathdata/dompdb/1apmE2 28.421053
/nfs/cathdata/dompdb/1ckiA1 31.052632
/nfs/cathdata/dompdb/1csn01 31.578947
/nfs/cathdata/dompdb/1coy02 33.684211
/nfs/cathdata/dompdb/1rthA4 31.052632
/tmp/1hrhA0 34.736842
/data/pdb_release/all/pdb2rn2.ent 40.526316
/data/pdb_release/all/pdb1ril.ent 38.947368
/tmp/1hjrA0 38.947368
/data/pdb_release/all/pdb1itg.ent 31.578947
/data/pdb_release/all/pdb1asu.ent 38.421053
/nfs/cathdata/dompdb/1bcmA1 37.368421
/nfs/cathdata/dompdb/1atr03 28.947368
/nfs/cathdata/dompdb/1atnA2 25.789474
/nfs/cathdata/dompdb/2btfA2 25.789474
/nfs/cathdata/dompdb/2yhx03 35.789474
/nfs/cathdata/dompdb/1atr01 34.736842
/nfs/cathdata/dompdb/1mngA2 29.473684
/nfs/cathdata/dompdb/3sdpA2 10.526316
/tmp/1kpaA0 32.631579
/nfs/cathdata/dompdb/1bpb03 20.526316
/nfs/cathdata/dompdb/1pkp02 23.157895
/nfs/cathdata/dompdb/1dar04 26.315789
/tmp/1copD0 23.684211
/data/pdb_release/all/pdb1orc.ent 23.157895
/nfs/cathdata/dompdb/2reb02 25.789474
/nfs/cathdata/dompdb/1derA2 24.736842
/tmp/1iceB0 17.368421
/tmp/2kauA0 23.157895
/nfs/cathdata/dompdb/1gpmA3 24.210526
/nfs/cathdata/dompdb/1mxa03 28.421053
/nfs/cathdata/dompdb/1mxa01 30.000000
/nfs/cathdata/dompdb/1mxa02 28.421053
/nfs/cathdata/dompdb/1xrb02 23.157895
/nfs/cathdata/dompdb/1ytbA2 28.947368
/nfs/cathdata/dompdb/1tghA2 34.210526
/nfs/cathdata/dompdb/1vokA2 27.894737
/nfs/cathdata/dompdb/1tbpA1 26.315789
/nfs/cathdata/dompdb/1tghA1 26.842105
/nfs/cathdata/dompdb/1vokA1 31.052632
/nfs/cathdata/dompdb/1pczA1 32.105263
/nfs/cathdata/dompdb/1pczA2 28.947368
/nfs/cathdata/dompdb/1bmc02 31.052632
/nfs/cathdata/dompdb/1sebA1 23.157895
/nfs/cathdata/dompdb/1sebB1 33.684211
/tmp/2sicI0 24.210526
/nfs/cathdata/dompdb/1dih02 25.789474
/tmp/1brsD0 27.368421
/data/pdb_release/all/pdb1msc.ent 30.000000
/tmp/1unaA0 28.947368
/nfs/cathdata/dompdb/1chkA2 24.210526
/nfs/cathdata/dompdb/1svb03 15.789474
/nfs/cathdata/dompdb/1oacA4 22.631579
/tmp/1latA0 17.894737
/tmp/2nllA0 10.526316
/tmp/2nllB0 15.789474
/data/pdb_release/all/pdb1tns.ent 14.736842
/data/pdb_release/all/pdb1ife.ent 15.789474
/data/pdb_release/all/pdb1tig.ent 28.421053
/nfs/cathdata/dompdb/1hpm04 20.526316
/nfs/cathdata/dompdb/1bncA2 18.947368
/nfs/cathdata/dompdb/1iow03 28.947368
/nfs/cathdata/dompdb/1glt03 27.368421
/tmp/1humA0 20.000000
/tmp/1hrjA0 14.736842
/tmp/1domA0 14.736842
/tmp/1plfA0 18.947368
/tmp/1mgsA0 18.947368
/data/pdb_release/all/pdb3il8.ent 18.947368
/tmp/1rhpA0 20.000000
/tmp/1napA0 18.947368
/tmp/1rodA0 20.000000
/data/pdb_release/all/pdb1stu.ent 21.578947
/nfs/cathdata/dompdb/1pkp01 20.000000
/nfs/cathdata/dompdb/1pda03 23.684211
/data/pdb_release/all/pdb1ncs.ent 14.736842
/tmp/1cksA0 10.526316
/tmp/1sceA0 10.526316
/tmp/1dktA0 18.947368
/tmp/1rblM0 22.105263
/tmp/3rubS0 22.631579
/tmp/8rubS0 23.157895
/tmp/8rucI0 23.157895
/tmp/1burS0 23.157895
/nfs/cathdata/dompdb/1amg02 20.000000
/nfs/cathdata/dompdb/1amy02 20.000000
/data/pdb_release/all/pdb1zer.ent 31.578947
/data/pdb_release/all/pdb1aps.ent 26.842105
/tmp/2bopA0 27.368421
/data/pdb_release/all/pdb2pii.ent 26.315789
/tmp/2chsA0 28.421053
/nfs/cathdata/dompdb/8atcB1 28.947368
/nfs/cathdata/dompdb/2atcB1 5.263158
/tmp/1nhkL0 40.526316
/data/pdb_release/all/pdb1ndk.ent 40.526316
/tmp/1nsqA0 40.526316
/tmp/1nskL0 44.736842
/nfs/cathdata/dompdb/1rbaA1 35.789474
/nfs/cathdata/dompdb/3rubL1 34.210526
/nfs/cathdata/dompdb/8rucA1 34.210526
/nfs/cathdata/dompdb/1rblA1 34.210526
/nfs/cathdata/dompdb/1ars01 30.526316
/nfs/cathdata/dompdb/7aatA1 31.578947
/nfs/cathdata/dompdb/2cstA1 31.578947
/nfs/cathdata/dompdb/1ordA3 33.157895
/nfs/cathdata/dompdb/2dkb01 42.105263
/nfs/cathdata/dompdb/1tplA1 26.315789
/tmp/1dcoA0 26.315789
/data/pdb_release/all/pdb1vig.ent 23.684211
/tmp/1xxaA0 25.263158
/nfs/cathdata/dompdb/1bgw04 38.947368
/nfs/cathdata/dompdb/1dar05 32.631579
/nfs/cathdata/dompdb/1mla01 28.421053
/nfs/cathdata/dompdb/1psdA3 28.421053
/nfs/cathdata/dompdb/1dloA2 24.210526
/nfs/cathdata/dompdb/1mml02 35.789474
/tmp/1gluA0 10.526316
/data/pdb_release/all/pdb1hra.ent 10.526316
/tmp/1hcqA0 18.947368
/nfs/cathdata/dompdb/1bgw01 17.894737
/data/pdb_release/all/pdb1nef.ent 20.526316
/tmp/1efnB0 19.473684
/nfs/cathdata/dompdb/1gky01 25.263158
/nfs/cathdata/dompdb/1yua01 18.947368
/data/pdb_release/all/pdb1vcc.ent 29.473684
/nfs/cathdata/dompdb/1svb02 27.368421
/nfs/cathdata/dompdb/1yua02 14.736842
/tmp/1otfA0 15.789474
/data/pdb_release/all/pdb1cbn.ent 9.473684
/data/pdb_release/all/pdb1bhp.ent 17.368421
/data/pdb_release/all/pdb2plh.ent 17.368421
/data/pdb_release/all/pdb1fdx.ent 5.263158
/data/pdb_release/all/pdb1clf.ent 10.526316
/data/pdb_release/all/pdb1fca.ent 14.736842
/data/pdb_release/all/pdb1fdn.ent 20.526316
/data/pdb_release/all/pdb1blu.ent 25.263158
/data/pdb_release/all/pdb1fxd.ent 26.315789
/data/pdb_release/all/pdb2fxb.ent 27.368421
/tmp/1fxrA0 27.368421
/data/pdb_release/all/pdb1rof.ent 5.263158
/data/pdb_release/all/pdb5fd1.ent 33.157895
/data/pdb_release/all/pdb1fwp.ent 24.210526
/data/pdb_release/all/pdb1sxl.ent 24.210526
/data/pdb_release/all/pdb1fht.ent 32.631579
/data/pdb_release/all/pdb1pba.ent 18.947368
/data/pdb_release/all/pdb1ris.ent 27.368421
/data/pdb_release/all/pdb1ctf.ent 24.736842
/tmp/1spbP0 28.421053
/data/pdb_release/all/pdb1ptf.ent 30.526316
/data/pdb_release/all/pdb1poh.ent 30.526316
/data/pdb_release/all/pdb2hpr.ent 31.578947
/data/pdb_release/all/pdb1pch.ent 30.526316
/data/pdb_release/all/pdb1sxm.ent 14.736842
/data/pdb_release/all/pdb2sn3.ent 14.736842
/data/pdb_release/all/pdb1vna.ent 20.000000
/data/pdb_release/all/pdb1nra.ent 20.000000
/data/pdb_release/all/pdb1ptx.ent 18.947368
/data/pdb_release/all/pdb1lqh.ent 20.000000
/data/pdb_release/all/pdb1snb.ent 18.947368
/data/pdb_release/all/pdb1gps.ent 18.947368
/data/pdb_release/all/pdb1gpt.ent 18.947368
/data/pdb_release/all/pdb1chc.ent 14.736842
/data/pdb_release/all/pdb1caa.ent 14.736842
/data/pdb_release/all/pdb1iro.ent 10.526316
/data/pdb_release/all/pdb1rdg.ent 10.526316
/data/pdb_release/all/pdb4rxn.ent 10.526316
/data/pdb_release/all/pdb6rxn.ent 10.526316
/tmp/8rxnA0 10.526316
/tmp/1gatA0 15.789474
/data/pdb_release/all/pdb1bus.ent 5.263158
/data/pdb_release/all/pdb2ovo.ent 14.736842
/data/pdb_release/all/pdb3ovo.ent 15.789474
/nfs/cathdata/dompdb/1tbrR1 14.736842
/nfs/cathdata/dompdb/1tbrR2 17.894737
/data/pdb_release/all/pdb1ptq.ent 14.736842
/nfs/cathdata/dompdb/9wgaA1 5.263158
/nfs/cathdata/dompdb/9wgaA2 5.263158
/nfs/cathdata/dompdb/9wgaA3 5.263158
/nfs/cathdata/dompdb/9wgaA4 5.263158
/nfs/cathdata/dompdb/2cwgA2 5.263158
/nfs/cathdata/dompdb/1wgtA3 5.263158
/tmp/1tgsI0 14.736842
/tmp/1cgiI0 14.736842
/data/pdb_release/all/pdb1pce.ent 14.736842
/data/pdb_release/all/pdb1hev.ent 5.263158
/data/pdb_release/all/pdb2alr.ent 74.736842
/data/pdb_release/all/pdb1frb.ent 71.578947
/nfs/cathdata/dompdb/1rlcL2 63.684211
/nfs/cathdata/dompdb/1rblA2 64.736842
/nfs/cathdata/dompdb/1rbaA2 68.947368
/nfs/cathdata/dompdb/1oneA2 74.210526
/nfs/cathdata/dompdb/1pdz02 68.421053
/tmp/1chrA0 68.947368
/tmp/1mucA0 73.684211
/data/pdb_release/all/pdb2mnr.ent 74.210526
/nfs/cathdata/dompdb/1mdr02 57.894737
/data/pdb_release/all/pdb1gox.ent 76.315789
/tmp/1fcbB0 66.315789
/nfs/cathdata/dompdb/2tmdA1 66.315789
/data/pdb_release/all/pdb1oya.ent 73.684211
/data/pdb_release/all/pdb1add.ent 66.842105
/data/pdb_release/all/pdb1pta.ent 74.736842
/data/pdb_release/all/pdb1xis.ent 63.157895
/tmp/1ximA0 60.000000
/tmp/1xlaA0 61.052632
/tmp/1dxiA0 63.157895
/data/pdb_release/all/pdb1dtp.ent 46.315789
/tmp/1dmaA0 59.473684
/nfs/cathdata/dompdb/1dik04 68.947368
/nfs/cathdata/dompdb/1kauC2 65.263158
/nfs/cathdata/dompdb/1aa8A2 36.315789
/tmp/1hymA0 5.263158
/tmp/1cseI0 14.736842
/tmp/1ypcI0 14.736842
/data/pdb_release/all/pdb1cis.ent 14.736842
/data/pdb_release/all/pdb1mit.ent 16.842105
/nfs/cathdata/dompdb/2baa02 5.263158
/data/pdb_release/all/pdb1ica.ent 5.263158
/data/pdb_release/all/pdb1cnv.ent 69.473684
/tmp/1xyzA0 70.000000
/data/pdb_release/all/pdb1exp.ent 68.421053
/tmp/1clxA0 66.842105
/data/pdb_release/all/pdb2ebn.ent 85.263158
/data/pdb_release/all/pdb1edt.ent 100.000000
/nfs/cathdata/dompdb/1ctn02 74.210526
/data/pdb_release/all/pdb1cec.ent 67.894737
/tmp/1ghsA0 63.157895
/data/pdb_release/all/pdb1ghr.ent 66.842105
/data/pdb_release/all/pdb1cbg.ent 65.789474
/nfs/cathdata/dompdb/1amg01 62.631579
/nfs/cathdata/dompdb/1amy01 62.631579
/nfs/cathdata/dompdb/2aaa01 62.105263
/nfs/cathdata/dompdb/2taaA1 58.421053
/nfs/cathdata/dompdb/1ppi01 66.842105
/data/pdb_release/all/pdb1hny.ent 66.842105
/nfs/cathdata/dompdb/1cgt01 68.421053
/nfs/cathdata/dompdb/1cdg01 68.421053
/nfs/cathdata/dompdb/1cyg01 66.842105
/nfs/cathdata/dompdb/1ciu01 67.368421
/nfs/cathdata/dompdb/1pamA1 69.473684
/data/pdb_release/all/pdb1btc.ent 63.684211
/nfs/cathdata/dompdb/1bglA3 62.105263
/tmp/1pbgA0 62.105263
/tmp/1tpfA0 62.631579
/tmp/1ypiA0 55.789474
/tmp/1timA0 63.684211
/tmp/1treA0 62.631579
/tmp/1htiA0 63.157895
/tmp/1btmA0 58.421053
/data/pdb_release/all/pdb1ads.ent 69.473684
/data/pdb_release/all/pdb1ral.ent 72.105263
/nfs/cathdata/dompdb/1csbB2 34.210526
/nfs/cathdata/dompdb/1bmc01 45.263158
/nfs/cathdata/dompdb/1ezm01 32.105263
/nfs/cathdata/dompdb/1esp01 42.631579
/nfs/cathdata/dompdb/2tmnE1 31.578947
/nfs/cathdata/dompdb/1dhy01 35.263158
/nfs/cathdata/dompdb/1han01 35.263158
/nfs/cathdata/dompdb/1dhy02 41.052632
/nfs/cathdata/dompdb/1han02 41.052632
/data/pdb_release/all/pdb1std.ent 52.105263
/data/pdb_release/all/pdb2cba.ent 52.631579
/data/pdb_release/all/pdb1crm.ent 52.105263
/tmp/1dmxA0 57.894737
/nfs/cathdata/dompdb/1bncA3 55.789474
/nfs/cathdata/dompdb/1daaA2 40.526316
/data/pdb_release/all/pdb1gym.ent 58.421053
/nfs/cathdata/dompdb/1ami04 56.315789
/tmp/1fvpA0 50.526316
/data/pdb_release/all/pdb1nfp.ent 58.421053
/tmp/1brlB0 71.052632
/tmp/1lucA0 58.947368
/data/pdb_release/all/pdb1tml.ent 55.263158
/nfs/cathdata/dompdb/1pii02 54.736842
/nfs/cathdata/dompdb/1pii01 67.368421
/data/pdb_release/all/pdb1igs.ent 66.315789
/tmp/1wsyA0 65.789474
/nfs/cathdata/dompdb/1pkm02 64.210526
/nfs/cathdata/dompdb/1pkyA2 63.684211
/tmp/1nal10 66.315789
/tmp/1fbaA0 62.105263
/data/pdb_release/all/pdb1ald.ent 62.105263
/data/pdb_release/all/pdb1nar.ent 71.052632
/data/pdb_release/all/pdb2hvm.ent 69.473684
/data/pdb_release/all/pdb1fkb.ent 28.421053
/data/pdb_release/all/pdb1yat.ent 29.473684
/data/pdb_release/all/pdb1pbk.ent 28.421053
/data/pdb_release/all/pdb1rot.ent 33.157895
/nfs/cathdata/dompdb/1hmy02 20.526316
/tmp/2msbA0 27.894737
/data/pdb_release/all/pdb1hup.ent 32.631579
/tmp/1rtm10 30.000000
/tmp/1rdl10 26.315789
/data/pdb_release/all/pdb1aak.ent 34.210526
/data/pdb_release/all/pdb2uce.ent 33.684211
/data/pdb_release/all/pdb1ucz.ent 32.631579
/tmp/1u9aA0 33.684211
/nfs/cathdata/dompdb/1fcbA1 27.368421
/data/pdb_release/all/pdb1b5m.ent 30.000000
/data/pdb_release/all/pdb1iet.ent 14.736842
/data/pdb_release/all/pdb1cyo.ent 28.947368
/tmp/1mkaA0 31.578947
/data/pdb_release/all/pdb1onc.ent 35.263158
/data/pdb_release/all/pdb7rsa.ent 36.842105
/tmp/1bsrA0 36.315789
/data/pdb_release/all/pdb1ang.ent 36.842105
/data/pdb_release/all/pdb1agi.ent 37.894737
/nfs/cathdata/dompdb/1hpm02 30.000000
/nfs/cathdata/dompdb/2polA3 35.789474
/nfs/cathdata/dompdb/2polA2 32.105263
/nfs/cathdata/dompdb/2polA1 35.789474
/nfs/cathdata/dompdb/9pap01 24.736842
/nfs/cathdata/dompdb/1aec01 25.789474
/nfs/cathdata/dompdb/1gecE1 25.789474
/nfs/cathdata/dompdb/1ppo01 24.736842
/nfs/cathdata/dompdb/1yal01 26.842105
/nfs/cathdata/dompdb/1theA1 21.578947
/data/pdb_release/all/pdb1pgb.ent 21.052632
/data/pdb_release/all/pdb2igg.ent 21.578947
/data/pdb_release/all/pdb3fxc.ent 18.947368
/tmp/1frrA0 29.473684
/tmp/1fxiA0 23.684211
/tmp/1fxaA0 30.526316
/data/pdb_release/all/pdb1frd.ent 28.421053
/data/pdb_release/all/pdb1dox.ent 15.789474
/data/pdb_release/all/pdb1cjn.ent 27.368421
/data/pdb_release/all/pdb1doi.ent 42.631579
/data/pdb_release/all/pdb1put.ent 27.368421
/nfs/cathdata/dompdb/2pia03 23.684211
/data/pdb_release/all/pdb1ubi.ent 20.526316
/nfs/cathdata/dompdb/1lgr02 28.947368
/data/pdb_release/all/pdb1tif.ent 24.736842
/data/pdb_release/all/pdb1rfa.ent 20.000000
/tmp/1molA0 24.736842
/tmp/1stfI0 22.105263
/data/pdb_release/all/pdb1cyu.ent 23.684211
/tmp/1cewI0 27.368421
/tmp/1udiI0 30.000000
/data/pdb_release/all/pdb1fus.ent 25.789474
/data/pdb_release/all/pdb9rnt.ent 25.789474
/data/pdb_release/all/pdb1rds.ent 25.263158
/tmp/1gmpA0 24.736842
/tmp/1brnL0 26.842105
/tmp/2rbiA0 32.105263
/nfs/cathdata/dompdb/1oacA2 23.157895
/nfs/cathdata/dompdb/1prtB1 20.526316
/nfs/cathdata/dompdb/1prtC1 21.578947
/nfs/cathdata/dompdb/1ctn03 25.789474
/nfs/cathdata/dompdb/1gtrA3 20.000000
/nfs/cathdata/dompdb/1grj02 20.526316
/data/pdb_release/all/pdb1tsp.ent 67.894737
/nfs/cathdata/dompdb/1dhx01 18.947368
/nfs/cathdata/dompdb/2psg01 37.368421
/nfs/cathdata/dompdb/1mpp01 41.052632
/nfs/cathdata/dompdb/1bbs01 54.210526
/nfs/cathdata/dompdb/4cms01 54.210526
/nfs/cathdata/dompdb/1smrA1 46.842105
/nfs/cathdata/dompdb/1epmE1 45.789474
/nfs/cathdata/dompdb/1pplE1 51.052632
/nfs/cathdata/dompdb/2apr01 48.947368
/nfs/cathdata/dompdb/1psoE1 54.210526
/nfs/cathdata/dompdb/1htrB1 42.105263
/nfs/cathdata/dompdb/1jxrA1 53.157895
/nfs/cathdata/dompdb/2asi01 40.000000
/nfs/cathdata/dompdb/1smeA1 42.631579
/nfs/cathdata/dompdb/1epmE2 55.263158
/nfs/cathdata/dompdb/1pplE2 60.000000
/nfs/cathdata/dompdb/1mpp02 57.894737
/nfs/cathdata/dompdb/2asi02 44.210526
/nfs/cathdata/dompdb/2apr02 54.736842
/nfs/cathdata/dompdb/1psaA2 59.473684
/nfs/cathdata/dompdb/1lyaB2 58.421053
/nfs/cathdata/dompdb/1rne02 53.157895
/nfs/cathdata/dompdb/1cms02 60.000000
/nfs/cathdata/dompdb/1smrA2 53.157895
/nfs/cathdata/dompdb/1psoE2 61.578947
/nfs/cathdata/dompdb/1htrB2 61.052632
/nfs/cathdata/dompdb/1jxrA2 53.684211
/data/pdb_release/all/pdb2cas.ent 62.631579
/nfs/cathdata/dompdb/1rthA1 28.947368
/data/pdb_release/all/pdb1har.ent 43.684211
/nfs/cathdata/dompdb/1mml01 30.000000
/data/pdb_release/all/pdb1pgx.ent 21.578947
/data/pdb_release/all/pdb4fgf.ent 36.842105
/tmp/1afgA0 34.736842
/data/pdb_release/all/pdb1i1b.ent 40.526316
/data/pdb_release/all/pdb8i1b.ent 40.526316
/tmp/1ilr10 42.631579
/data/pdb_release/all/pdb1hcd.ent 40.526316
/data/pdb_release/all/pdb1tie.ent 40.526316
/data/pdb_release/all/pdb1wbc.ent 44.210526
/nfs/cathdata/dompdb/2aaiB2 36.842105
/nfs/cathdata/dompdb/1abrB2 35.789474
/nfs/cathdata/dompdb/2aaiB1 32.631579
/nfs/cathdata/dompdb/1abrB1 32.631579
/tmp/1msaA0 35.789474
/nfs/cathdata/dompdb/1dlc03 40.000000
/tmp/1vmoA0 30.000000
/data/pdb_release/all/pdb1hxn.ent 51.578947
/nfs/cathdata/dompdb/1fbl02 57.368421
/data/pdb_release/all/pdb1rtg.ent 57.368421
/data/pdb_release/all/pdb1pex.ent 53.157895
/data/pdb_release/all/pdb2nn9.ent 60.526316
/data/pdb_release/all/pdb2bat.ent 57.894737
/tmp/1nscA0 59.473684
/data/pdb_release/all/pdb1inv.ent 57.894737
/data/pdb_release/all/pdb1sim.ent 59.473684
/tmp/2bbkH0 59.473684
/tmp/1mdaH0 61.578947
/tmp/2madH0 0.000000
/nfs/cathdata/dompdb/1gof02 61.578947
/tmp/3aahA0 64.736842
/nfs/cathdata/dompdb/1kapP1 57.368421
/nfs/cathdata/dompdb/1sat01 58.421053
/nfs/cathdata/dompdb/1lxa01 24.210526
/data/pdb_release/all/pdb2pec.ent 57.368421
/nfs/cathdata/dompdb/2taaA2 24.210526
/nfs/cathdata/dompdb/1ppi02 30.000000
/nfs/cathdata/dompdb/1bvp12 36.315789
/data/pdb_release/all/pdb1bcx.ent 46.842105
/tmp/1enxA0 51.052632
/data/pdb_release/all/pdb1xnd.ent 50.000000
/data/pdb_release/all/pdb1xyn.ent 46.842105
/data/pdb_release/all/pdb1yna.ent 51.578947
/tmp/2pcdA0 39.473684
/tmp/2pcdM0 44.210526
/nfs/cathdata/dompdb/1dlc02 34.736842
/nfs/cathdata/dompdb/1ciy03 36.842105
/nfs/cathdata/dompdb/1ddt03 44.210526
/tmp/1gff10 66.842105
/tmp/2bpa10 67.894737
/data/pdb_release/all/pdb1jbc.ent 51.052632
/data/pdb_release/all/pdb2cna.ent 46.842105
/nfs/cathdata/dompdb/1dhx04 33.684211
/tmp/4htcI0 10.526316
/data/pdb_release/all/pdb1hic.ent 15.789474
/nfs/cathdata/dompdb/1ecl03 26.842105
/data/pdb_release/all/pdb1htp.ent 38.421053
/tmp/1dupA0 39.473684
/nfs/cathdata/dompdb/1ggtA1 36.315789
/tmp/1tsrA0 46.315789
/data/pdb_release/all/pdb1gpr.ent 44.210526
/data/pdb_release/all/pdb1f3g.ent 47.368421
/nfs/cathdata/dompdb/1aozA3 51.052632
/nfs/cathdata/dompdb/1oacA3 68.947368
/nfs/cathdata/dompdb/1bglA5 63.157895
/nfs/cathdata/dompdb/1bglA1 47.368421
/tmp/1celA0 64.210526
/tmp/1afcA0 28.947368
/tmp/2plv20 46.842105
/tmp/1rhi20 42.105263
/data/pdb_release/all/pdb1pov.ent 68.947368
/tmp/1bmv10 43.157895
/tmp/4sbvA0 39.473684
/tmp/1smvA0 55.263158
/tmp/2tbvA0 46.842105
/tmp/2bbvA0 56.842105
/tmp/1bmv20 62.631579
/tmp/1tnfA0 26.842105
/tmp/1tnrA0 34.736842
/tmp/1hlcA0 34.736842
/tmp/1sltA0 34.736842
/tmp/2ltnA0 32.631579
/tmp/1lenA0 37.368421
/tmp/1lgcA0 39.473684
/data/pdb_release/all/pdb1lte.ent 50.526316
/data/pdb_release/all/pdb1sba.ent 43.157895
/data/pdb_release/all/pdb1gsl.ent 54.736842
/tmp/2pelA0 48.421053
/tmp/1fatA0 50.526316
/tmp/1ioaA0 47.368421
/tmp/1sacA0 47.894737
/tmp/1gnhA0 46.315789
/data/pdb_release/all/pdb2ayh.ent 54.210526
/data/pdb_release/all/pdb1cpm.ent 51.052632
/data/pdb_release/all/pdb1gbg.ent 55.789474
/nfs/cathdata/dompdb/1cgt02 31.052632
/nfs/cathdata/dompdb/1cdg02 32.105263
/nfs/cathdata/dompdb/1cyg02 32.105263
/nfs/cathdata/dompdb/1ciu02 31.052632
/nfs/cathdata/dompdb/1pamA2 32.105263
/nfs/cathdata/dompdb/2aaa02 33.157895
/nfs/cathdata/dompdb/1pnf02 36.842105
/data/pdb_release/all/pdb1knb.ent 32.631579
/tmp/1sluA0 28.947368
/nfs/cathdata/dompdb/1lla02 47.368421
/nfs/cathdata/dompdb/1svb01 37.894737
/data/pdb_release/all/pdb1cyw.ent 48.421053
/nfs/cathdata/dompdb/1hcz01 44.210526
/data/pdb_release/all/pdb1thw.ent 45.263158
/tmp/1cauB0 48.421053
/nfs/cathdata/dompdb/2phlA3 41.578947
/nfs/cathdata/dompdb/2phlA2 46.842105
/data/pdb_release/all/pdb2stv.ent 41.578947
/tmp/1bbt10 30.000000
/tmp/1pov10 37.368421
/tmp/1pvc10 37.368421
/tmp/1r0910 37.894737
/tmp/1rhi10 46.315789
/tmp/1tme10 35.263158
/tmp/2mev10 34.210526
/tmp/2bpa20 31.578947
/tmp/1gff20 41.578947
/tmp/1bbt30 42.105263
/tmp/1tme30 43.157895
/tmp/2mev30 39.473684
/tmp/1r0930 43.684211
/tmp/1pov30 43.157895
/tmp/1pvc30 43.684211
/tmp/1rhi30 40.000000
/tmp/1bbt20 37.894737
/tmp/1tme20 44.210526
/tmp/2mev20 43.157895
/tmp/1r0920 37.894737
/tmp/1pvc20 43.157895
/data/pdb_release/all/pdb1arn.ent 36.315789
/tmp/1aizA0 38.421053
/data/pdb_release/all/pdb1aaj.ent 24.210526
/nfs/cathdata/dompdb/1aozA1 30.000000
/nfs/cathdata/dompdb/1aozA2 41.052632
/nfs/cathdata/dompdb/1gof03 31.052632
/nfs/cathdata/dompdb/1nif01 35.263158
/nfs/cathdata/dompdb/1afnA1 34.210526
/nfs/cathdata/dompdb/1nif02 42.631579
/nfs/cathdata/dompdb/1ntd02 44.736842
/tmp/1eta10 30.000000
/tmp/1tfpA0 26.842105
/tmp/1sxaA0 34.210526
/tmp/1srdA0 30.000000
/data/pdb_release/all/pdb1jcv.ent 37.368421
/tmp/1sosA0 34.210526
/tmp/1xsoA0 34.210526
/data/pdb_release/all/pdb1akp.ent 26.842105
/data/pdb_release/all/pdb1acx.ent 30.000000
/data/pdb_release/all/pdb1noa.ent 33.684211
/data/pdb_release/all/pdb2mcm.ent 36.842105
/nfs/cathdata/dompdb/1clc01 26.842105
/nfs/cathdata/dompdb/1ctn01 34.736842
/data/pdb_release/all/pdb1exg.ent 36.842105
/nfs/cathdata/dompdb/1bglA4 27.894737
/nfs/cathdata/dompdb/1bglA2 26.842105
/nfs/cathdata/dompdb/1svcP3 36.842105
/nfs/cathdata/dompdb/1svb04 25.789474
/nfs/cathdata/dompdb/1gof01 24.210526
/nfs/cathdata/dompdb/2sblB1 24.210526
/nfs/cathdata/dompdb/1hplA2 31.052632
/nfs/cathdata/dompdb/1lpbB2 30.000000
/nfs/cathdata/dompdb/1pgs01 32.631579
/data/pdb_release/all/pdb1ten.ent 26.842105
/nfs/cathdata/dompdb/1fnf01 25.789474
/nfs/cathdata/dompdb/1fnf02 26.842105
/nfs/cathdata/dompdb/1fnf03 28.947368
/nfs/cathdata/dompdb/1cfb01 25.263158
/nfs/cathdata/dompdb/1cfb02 25.789474
/tmp/1wapA0 25.789474
/data/pdb_release/all/pdb1ncg.ent 25.789474
/data/pdb_release/all/pdb1suh.ent 27.368421
/nfs/cathdata/dompdb/1ggtA4 25.789474
/nfs/cathdata/dompdb/1cgt04 25.789474
/nfs/cathdata/dompdb/1cdg04 25.789474
/nfs/cathdata/dompdb/1cyg04 26.842105
/data/pdb_release/all/pdb1kul.ent 19.473684
/nfs/cathdata/dompdb/1ciu04 26.842105
/nfs/cathdata/dompdb/1pamA4 26.842105
/nfs/cathdata/dompdb/1cgt03 30.000000
/nfs/cathdata/dompdb/1cdg03 30.000000
/nfs/cathdata/dompdb/1cyg03 26.842105
/nfs/cathdata/dompdb/1ciu03 26.842105
/nfs/cathdata/dompdb/1pamA3 28.947368
/data/pdb_release/all/pdb1rsy.ent 31.578947
/data/pdb_release/all/pdb1plc.ent 26.315789
/data/pdb_release/all/pdb9pcy.ent 23.157895
/data/pdb_release/all/pdb2plt.ent 30.000000
/data/pdb_release/all/pdb7pcy.ent 33.157895
/data/pdb_release/all/pdb1pla.ent 30.000000
/data/pdb_release/all/pdb1nin.ent 23.157895
/data/pdb_release/all/pdb1paz.ent 31.578947
/data/pdb_release/all/pdb1pmy.ent 31.578947
/data/pdb_release/all/pdb1zia.ent 29.473684
/tmp/1adwA0 29.473684
/tmp/1vlxA0 35.789474
/nfs/cathdata/dompdb/1vgeH1 34.736842
/nfs/cathdata/dompdb/1yuhB1 32.631579
/nfs/cathdata/dompdb/1clyH1 31.578947
/nfs/cathdata/dompdb/1kelH1 34.736842
/nfs/cathdata/dompdb/1nldH1 38.421053
/nfs/cathdata/dompdb/1ghfH1 30.526316
/nfs/cathdata/dompdb/1ospH1 35.789474
/nfs/cathdata/dompdb/1mimH1 40.526316
/nfs/cathdata/dompdb/1cloH1 36.842105
/nfs/cathdata/dompdb/1plgL1 32.105263
/nfs/cathdata/dompdb/1ghfL1 30.000000
/nfs/cathdata/dompdb/1clzL1 32.631579
/nfs/cathdata/dompdb/1kelL1 31.578947
/nfs/cathdata/dompdb/1gafL1 31.578947
/nfs/cathdata/dompdb/1iaiL1 23.157895
/nfs/cathdata/dompdb/1aifA1 23.157895
/nfs/cathdata/dompdb/1vgeL1 31.052632
/nfs/cathdata/dompdb/1nldL1 31.578947
/nfs/cathdata/dompdb/1ospL1 32.105263
/nfs/cathdata/dompdb/1mimL1 31.578947
/nfs/cathdata/dompdb/1lilA1 31.578947
/nfs/cathdata/dompdb/1cloL1 30.526316
/nfs/cathdata/dompdb/1bec01 35.789474
/nfs/cathdata/dompdb/1tcrB1 34.736842
/data/pdb_release/all/pdb1tit.ent 24.210526
/data/pdb_release/all/pdb1cid.ent 46.315789
/data/pdb_release/all/pdb3cd4.ent 43.157895
/data/pdb_release/all/pdb1hoe.ent 23.157895
/nfs/cathdata/dompdb/3hhrB1 23.157895
/nfs/cathdata/dompdb/3hhrB2 23.157895
/nfs/cathdata/dompdb/1fieA3 31.578947
/nfs/cathdata/dompdb/1hft01 32.631579
/data/pdb_release/all/pdb1ttf.ent 25.789474
/nfs/cathdata/dompdb/1hilA1 31.578947
/nfs/cathdata/dompdb/1ggbL1 31.578947
/nfs/cathdata/dompdb/1gigL1 34.736842
/nfs/cathdata/dompdb/1mfeL1 32.631579
/nfs/cathdata/dompdb/1igfL1 32.631579
/nfs/cathdata/dompdb/1lmkA2 31.578947
/nfs/cathdata/dompdb/1mcbA1 32.105263
/nfs/cathdata/dompdb/1mlbA1 32.631579
/nfs/cathdata/dompdb/3hfmL1 31.578947
/nfs/cathdata/dompdb/1opgL1 25.789474
/nfs/cathdata/dompdb/1ncaL1 32.631579
/nfs/cathdata/dompdb/1tetL1 32.631579
/nfs/cathdata/dompdb/2fb4L1 31.052632
/nfs/cathdata/dompdb/2fbjL1 34.210526
/nfs/cathdata/dompdb/6fabL1 32.631579
/nfs/cathdata/dompdb/7fabL1 30.000000
/nfs/cathdata/dompdb/8fabA1 31.578947
/nfs/cathdata/dompdb/1eapA1 32.105263
/nfs/cathdata/dompdb/1figL1 26.842105
/nfs/cathdata/dompdb/1forL1 28.421053
/nfs/cathdata/dompdb/1ibgL1 30.526316
/nfs/cathdata/dompdb/1igcL1 31.052632
/nfs/cathdata/dompdb/1jelL1 32.631579
/nfs/cathdata/dompdb/1nsnL1 28.947368
/nfs/cathdata/dompdb/2gfbA1 32.631579
/tmp/1dvfC0 32.105263
/tmp/1dvfD0 32.631579
/data/pdb_release/all/pdb1vhp.ent 24.210526
/nfs/cathdata/dompdb/1gafH1 36.842105
/nfs/cathdata/dompdb/1iaiH1 35.789474
/nfs/cathdata/dompdb/1aifB1 31.578947
/nfs/cathdata/dompdb/1ngpH1 35.789474
/nfs/cathdata/dompdb/1plgH1 34.736842
/nfs/cathdata/dompdb/1mlbB1 34.736842
/nfs/cathdata/dompdb/2cgrH1 39.473684
/nfs/cathdata/dompdb/1eapB1 35.789474
/nfs/cathdata/dompdb/1faiH1 42.105263
/nfs/cathdata/dompdb/1fbiH1 35.789474
/nfs/cathdata/dompdb/1figH1 31.052632
/nfs/cathdata/dompdb/1forH1 35.789474
/nfs/cathdata/dompdb/1fptH1 37.368421
/nfs/cathdata/dompdb/1frgH1 33.684211
/nfs/cathdata/dompdb/1gigH1 37.894737
/nfs/cathdata/dompdb/1ibgH1 33.684211
/nfs/cathdata/dompdb/1igcH1 34.736842
/nfs/cathdata/dompdb/1igjB1 29.473684
/nfs/cathdata/dompdb/1ikfH1 38.421053
/nfs/cathdata/dompdb/1jelH1 36.842105
/nfs/cathdata/dompdb/1mrcH1 35.789474
/nfs/cathdata/dompdb/1nsnH1 34.736842
/nfs/cathdata/dompdb/1opgH1 28.947368
/nfs/cathdata/dompdb/1rmfH1 34.736842
/nfs/cathdata/dompdb/2fgwH1 34.736842
/nfs/cathdata/dompdb/2gfbB1 33.684211
/nfs/cathdata/dompdb/6fabH1 34.736842
/nfs/cathdata/dompdb/1acyL1 30.526316
/nfs/cathdata/dompdb/1bafL1 30.526316
/nfs/cathdata/dompdb/1bbdL1 32.105263
/nfs/cathdata/dompdb/1bqlL1 30.000000
/nfs/cathdata/dompdb/2cgrL1 32.631579
/nfs/cathdata/dompdb/1dbbL1 27.894737
/nfs/cathdata/dompdb/1dfbL1 32.631579
/nfs/cathdata/dompdb/1faiL1 28.947368
/nfs/cathdata/dompdb/1mamL1 28.947368
/nfs/cathdata/dompdb/1ikfL1 32.631579
/nfs/cathdata/dompdb/1frgL1 32.631579
/tmp/1wtlA0 33.684211
/tmp/1breA0 32.105263
/tmp/1fvcB0 36.842105
/tmp/1jhlH0 34.736842
/tmp/1vfaB0 35.789474
/tmp/1igmH0 36.842105
/tmp/1mfaL0 0.000000
/tmp/1fgvH0 37.368421
/tmp/1nmaH0 37.368421
/tmp/2bjl10 44.210526
/nfs/cathdata/dompdb/8fabB1 35.789474
/nfs/cathdata/dompdb/2fb4H1 31.578947
/nfs/cathdata/dompdb/1acyH1 36.842105
/nfs/cathdata/dompdb/1bbdH1 37.368421
/nfs/cathdata/dompdb/2hflH1 35.789474
/nfs/cathdata/dompdb/2fbjH1 36.842105
/nfs/cathdata/dompdb/1hilB1 30.000000
/nfs/cathdata/dompdb/1nbvH1 28.947368
/nfs/cathdata/dompdb/7fabH1 35.789474
/nfs/cathdata/dompdb/1indH1 32.631579
/nfs/cathdata/dompdb/1tetH1 35.263158
/nfs/cathdata/dompdb/1mamH1 34.736842
/nfs/cathdata/dompdb/1ncaH1 34.210526
/nfs/cathdata/dompdb/1dbbH1 37.894737
/nfs/cathdata/dompdb/1dfbH1 38.421053
/nfs/cathdata/dompdb/1flrH1 32.631579
/nfs/cathdata/dompdb/1ggbH1 33.684211
/nfs/cathdata/dompdb/1igfH1 30.000000
/nfs/cathdata/dompdb/1bafH1 31.578947
/nfs/cathdata/dompdb/3hfmH1 32.631579
/nfs/cathdata/dompdb/1mcpH1 30.526316
/nfs/cathdata/dompdb/1lmkA1 35.263158
/nfs/cathdata/dompdb/1mfbH1 37.368421
/nfs/cathdata/dompdb/1fc2D2 32.631579
/nfs/cathdata/dompdb/1gigL2 34.210526
/nfs/cathdata/dompdb/1kelL2 35.263158
/nfs/cathdata/dompdb/1gafL2 33.157895
/nfs/cathdata/dompdb/2fb4L2 33.684211
/nfs/cathdata/dompdb/1yuhB2 14.736842
/nfs/cathdata/dompdb/1clzH2 26.842105
/nfs/cathdata/dompdb/1fc2D1 33.684211
/nfs/cathdata/dompdb/1fruA2 31.052632
/tmp/1hsbB0 23.157895
/tmp/1mhcB0 23.157895
/tmp/1fruB0 23.157895
/data/pdb_release/all/pdb1bmg.ent 25.789474
/nfs/cathdata/dompdb/1dlhA2 23.157895
/nfs/cathdata/dompdb/1sebB2 24.210526
/nfs/cathdata/dompdb/1bec02 36.315789
/nfs/cathdata/dompdb/1vcaA2 26.842105
/data/pdb_release/all/pdb1tnm.ent 31.052632
/nfs/cathdata/dompdb/1vcaA1 30.000000
/data/pdb_release/all/pdb1tlk.ent 28.421053
/nfs/cathdata/dompdb/1hft02 35.263158
/data/pdb_release/all/pdb1cd8.ent 34.210526
/nfs/cathdata/dompdb/1igjA1 32.631579
/tmp/1nmbL0 30.000000
/data/pdb_release/all/pdb2rhe.ent 31.578947
/tmp/1fgvL0 31.578947
/data/pdb_release/all/pdb2imn.ent 32.631579
/tmp/1reiA0 32.105263
/tmp/1fvcA0 30.526316
/tmp/1igmL0 32.631579
/tmp/1jhlL0 31.578947
/tmp/1ivlA0 32.631579
/tmp/1vfaA0 32.631579
/data/pdb_release/all/pdb1pho.ent 60.000000
/data/pdb_release/all/pdb1omf.ent 66.842105
/data/pdb_release/all/pdb3bcl.ent 68.421053
/nfs/cathdata/dompdb/1amm01 25.789474
/nfs/cathdata/dompdb/1amm02 28.421053
/nfs/cathdata/dompdb/2bb202 25.789474
/nfs/cathdata/dompdb/2gcr01 26.842105
/nfs/cathdata/dompdb/2gcr02 25.789474
/nfs/cathdata/dompdb/1elpA1 26.842105
/nfs/cathdata/dompdb/1elpA2 28.421053
/nfs/cathdata/dompdb/2bb201 25.789474
/nfs/cathdata/dompdb/1prr01 30.000000
/nfs/cathdata/dompdb/1prr02 27.894737
/tmp/1mdaL0 25.789474
/tmp/2bbkL0 23.157895
/data/pdb_release/all/pdb1cdb.ent 18.947368
/nfs/cathdata/dompdb/1hngA1 30.000000
/tmp/1cdcA0 24.210526
/nfs/cathdata/dompdb/1hnf02 25.789474
/nfs/cathdata/dompdb/1hngA2 25.789474
/tmp/1mfaH0 0.000000
/nfs/cathdata/dompdb/2fbjH2 21.052632
/nfs/cathdata/dompdb/1mcpH2 25.789474
/nfs/cathdata/dompdb/1hocA2 18.947368
/nfs/cathdata/dompdb/1hsaA2 23.157895
/nfs/cathdata/dompdb/1vaaA2 23.157895
/nfs/cathdata/dompdb/1hsbA2 25.789474
/nfs/cathdata/dompdb/1mhcA2 23.157895
/nfs/cathdata/dompdb/8fabB2 32.631579
/nfs/cathdata/dompdb/1kelH2 28.947368
/nfs/cathdata/dompdb/1bbdH2 33.684211
/nfs/cathdata/dompdb/1ospH2 26.842105
/nfs/cathdata/dompdb/1eapB2 26.842105
/tmp/1lopA0 40.000000
/data/pdb_release/all/pdb2cpl.ent 35.789474
/tmp/1cynA0 36.842105
/tmp/2rmcA0 34.210526
/nfs/cathdata/dompdb/1bucA2 32.105263
/nfs/cathdata/dompdb/3mddA2 35.263158
/nfs/cathdata/dompdb/1kxf02 26.842105
/nfs/cathdata/dompdb/1vcpA2 26.842105
/tmp/1smpI0 34.736842
/nfs/cathdata/dompdb/1svcP1 31.052632
/tmp/1sriA0 32.105263
/tmp/1avdA0 31.052632
/data/pdb_release/all/pdb1hbq.ent 33.157895
/data/pdb_release/all/pdb1rbp.ent 33.157895
/tmp/1epaA0 43.684211
/tmp/1bbpA0 37.894737
/data/pdb_release/all/pdb1mup.ent 41.052632
/data/pdb_release/all/pdb1ifc.ent 41.052632
/data/pdb_release/all/pdb1hmr.ent 41.052632
/tmp/1opaA0 40.000000
/data/pdb_release/all/pdb1adl.ent 41.052632
/data/pdb_release/all/pdb1crb.ent 38.947368
/tmp/1cbiA0 41.052632
/tmp/1ftpA0 38.947368
/data/pdb_release/all/pdb1cbs.ent 43.157895
/tmp/1pmpA0 39.473684
/data/pdb_release/all/pdb1mdc.ent 38.947368
/nfs/cathdata/dompdb/7catA1 55.263158
/data/pdb_release/all/pdb1cae.ent 66.842105
/nfs/cathdata/dompdb/1dar02 36.842105
/nfs/cathdata/dompdb/1gtrA4 26.842105
/data/pdb_release/all/pdb1prn.ent 56.315789
/data/pdb_release/all/pdb2por.ent 60.526316
/nfs/cathdata/dompdb/1ppfE1 23.157895
/nfs/cathdata/dompdb/1svpA1 20.000000
/nfs/cathdata/dompdb/1vcpA1 20.526316
/nfs/cathdata/dompdb/1sgt02 28.421053
/nfs/cathdata/dompdb/1hylA1 31.578947
/nfs/cathdata/dompdb/1try02 24.736842
/nfs/cathdata/dompdb/1sgpE1 25.789474
/nfs/cathdata/dompdb/1hpgA1 24.736842
/nfs/cathdata/dompdb/2sga01 24.210526
/nfs/cathdata/dompdb/2alp01 28.421053
/nfs/cathdata/dompdb/1tal01 28.421053
/nfs/cathdata/dompdb/2sfa01 39.473684
/nfs/cathdata/dompdb/1arb02 34.736842
/nfs/cathdata/dompdb/1hylA2 26.842105
/nfs/cathdata/dompdb/1sgpE2 24.210526
/nfs/cathdata/dompdb/1gbaA2 24.210526
/nfs/cathdata/dompdb/1hpgA2 24.210526
/nfs/cathdata/dompdb/2sga02 24.210526
/nfs/cathdata/dompdb/1tal02 26.842105
/nfs/cathdata/dompdb/2sfa02 30.000000
/nfs/cathdata/dompdb/1arb01 25.789474
/nfs/cathdata/dompdb/1cnd01 30.526316
/nfs/cathdata/dompdb/1ndh01 30.526316
/nfs/cathdata/dompdb/2pia01 30.526316
/nfs/cathdata/dompdb/1fnb01 35.263158
/nfs/cathdata/dompdb/1que01 29.473684
/nfs/cathdata/dompdb/1pkm03 25.789474
/nfs/cathdata/dompdb/1pkn03 20.000000
/nfs/cathdata/dompdb/1pkyA3 30.000000
/nfs/cathdata/dompdb/1pkyC3 17.368421
/nfs/cathdata/dompdb/1eft02 31.578947
/nfs/cathdata/dompdb/1efuA2 35.789474
/data/pdb_release/all/pdb1clh.ent 30.000000
/tmp/1tcwA0 24.736842
/tmp/1cpiA0 24.736842
/tmp/2rspA0 34.736842
/nfs/cathdata/dompdb/1pnkB3 25.789474
/nfs/cathdata/dompdb/1eft03 25.263158
/nfs/cathdata/dompdb/1efuA3 24.210526
/tmp/1ucyE0 25.263158
/tmp/1aksB0 25.263158
/tmp/2pkaB0 31.052632
/nfs/cathdata/dompdb/1hcgA1 28.947368
/nfs/cathdata/dompdb/1thsH1 26.842105
/nfs/cathdata/dompdb/1brbE1 26.842105
/nfs/cathdata/dompdb/4ptp01 25.789474
/nfs/cathdata/dompdb/1mctA1 25.263158
/nfs/cathdata/dompdb/1etrH1 25.263158
/nfs/cathdata/dompdb/1bit01 25.789474
/nfs/cathdata/dompdb/1trnA1 27.894737
/nfs/cathdata/dompdb/1try01 25.789474
/nfs/cathdata/dompdb/5chaA1 26.315789
/nfs/cathdata/dompdb/1sgt01 26.315789
/nfs/cathdata/dompdb/1lmwB1 25.789474
/nfs/cathdata/dompdb/1elg01 26.315789
/nfs/cathdata/dompdb/1elt01 26.842105
/nfs/cathdata/dompdb/1ton01 23.157895
/tmp/1mtnC0 24.210526
/nfs/cathdata/dompdb/1tbs01 26.842105
/nfs/cathdata/dompdb/1pfxC1 31.578947
/nfs/cathdata/dompdb/1fonA1 25.263158
/nfs/cathdata/dompdb/1pytD1 26.315789
/nfs/cathdata/dompdb/1rtfB1 23.157895
/nfs/cathdata/dompdb/1fujA1 24.210526
/nfs/cathdata/dompdb/1dst01 25.789474
/nfs/cathdata/dompdb/3rp2A1 28.947368
/tmp/1ceaA0 10.526316
/tmp/1pmlA0 14.736842
/data/pdb_release/all/pdb1kdu.ent 14.736842
/data/pdb_release/all/pdb1krn.ent 10.526316
/data/pdb_release/all/pdb1bw3.ent 28.947368
/tmp/1ihvA0 21.052632
/nfs/cathdata/dompdb/1hcz02 15.789474
/data/pdb_release/all/pdb1lab.ent 14.736842
/data/pdb_release/all/pdb1bdo.ent 23.157895
/data/pdb_release/all/pdb1afp.ent 14.736842
/tmp/1bovA0 24.736842
/data/pdb_release/all/pdb1mjc.ent 20.526316
/data/pdb_release/all/pdb1csp.ent 20.000000
/data/pdb_release/all/pdb1krs.ent 27.368421
/nfs/cathdata/dompdb/1lylA1 35.789474
/nfs/cathdata/dompdb/1asyA1 30.526316
/data/pdb_release/all/pdb1bgh.ent 30.526316
/data/pdb_release/all/pdb1rip.ent 0.000000
/tmp/1prtD0 27.894737
/tmp/1prtF0 25.789474
/nfs/cathdata/dompdb/1tssA2 24.210526
/nfs/cathdata/dompdb/1prtB2 25.789474
/nfs/cathdata/dompdb/1prtC2 28.421053
/tmp/1ltsD0 30.000000
/tmp/1chbD0 32.105263
/data/pdb_release/all/pdb2sns.ent 34.736842
/nfs/cathdata/dompdb/1bco02 20.526316
/nfs/cathdata/dompdb/1esfA1 25.789474
/nfs/cathdata/dompdb/1sebD1 31.052632
/nfs/cathdata/dompdb/1se201 26.842105
/tmp/1fivA0 28.421053
/tmp/1idaA0 25.263158
/tmp/1hivA0 28.421053
/data/pdb_release/all/pdb1dro.ent 24.210526
/nfs/cathdata/dompdb/1hleA1 28.421053
/nfs/cathdata/dompdb/1ovaA1 43.684211
/nfs/cathdata/dompdb/1kauC1 38.947368
/nfs/cathdata/dompdb/2kauC1 26.315789
/tmp/1ucyH0 28.421053
/nfs/cathdata/dompdb/3rp2A2 28.421053
/nfs/cathdata/dompdb/1ihsH2 27.368421
/nfs/cathdata/dompdb/1gctA2 28.421053
/nfs/cathdata/dompdb/1elg02 28.421053
/nfs/cathdata/dompdb/1brbE2 28.421053
/nfs/cathdata/dompdb/4ptp02 24.210526
/nfs/cathdata/dompdb/1elt02 28.947368
/nfs/cathdata/dompdb/1hneE2 25.263158
/nfs/cathdata/dompdb/1mctA2 27.894737
/nfs/cathdata/dompdb/1etrH2 31.052632
/nfs/cathdata/dompdb/1bit02 28.421053
/nfs/cathdata/dompdb/1trnA2 28.421053
/nfs/cathdata/dompdb/1ton02 30.000000
/tmp/2pkaA0 21.052632
/tmp/1mtnB0 23.157895
/tmp/1aksA0 24.210526
/nfs/cathdata/dompdb/1tbs02 29.473684
/nfs/cathdata/dompdb/1pfxC2 28.421053
/nfs/cathdata/dompdb/1fonA2 33.684211
/nfs/cathdata/dompdb/1pytD2 27.368421
/nfs/cathdata/dompdb/1fujA2 28.421053
/nfs/cathdata/dompdb/1rtfB2 29.473684
/nfs/cathdata/dompdb/1dst02 30.526316
/nfs/cathdata/dompdb/1hcgA2 27.368421
/nfs/cathdata/dompdb/1lmwB2 25.263158
/data/pdb_release/all/pdb1pk4.ent 10.526316
/data/pdb_release/all/pdb2pf1.ent 15.263158
/data/pdb_release/all/pdb1ahl.ent 10.526316
/data/pdb_release/all/pdb1atx.ent 18.947368
/data/pdb_release/all/pdb1sh1.ent 20.000000
/data/pdb_release/all/pdb1apf.ent 10.526316
/nfs/cathdata/dompdb/1dar03 14.736842
/nfs/cathdata/dompdb/1elo03 5.263158
/data/pdb_release/all/pdb1tfi.ent 15.789474
/tmp/4sgbI0 14.736842
/data/pdb_release/all/pdb1tih.ent 14.736842
/nfs/cathdata/dompdb/1raaB2 23.157895
/nfs/cathdata/dompdb/2atcB2 0.000000
/nfs/cathdata/dompdb/1ytfD2 14.736842
/tmp/1ytfC0 14.736842
/data/pdb_release/all/pdb1sso.ent 20.000000
/data/pdb_release/all/pdb1sap.ent 25.789474
/data/pdb_release/all/pdb1hsp.ent 0.000000
/data/pdb_release/all/pdb1gfc.ent 10.526316
/tmp/1aboA0 21.052632
/tmp/1cskA0 18.947368
/tmp/1ckaA0 20.000000
/tmp/1gbrA0 18.947368
/data/pdb_release/all/pdb1shg.ent 22.105263
/tmp/1shfA0 21.052632
/tmp/1nloC0 14.736842
/data/pdb_release/all/pdb1pnj.ent 20.526316
/tmp/1semA0 21.052632
/nfs/cathdata/dompdb/1lckA1 21.052632
/data/pdb_release/all/pdb1tud.ent 20.526316
/data/pdb_release/all/pdb1tuc.ent 21.052632
/nfs/cathdata/dompdb/1ad5A1 20.526316
/data/pdb_release/all/pdb1pls.ent 28.421053
/tmp/1dynA0 30.000000
/data/pdb_release/all/pdb1btn.ent 33.157895
/tmp/1tgxA0 19.473684
/data/pdb_release/all/pdb1nea.ent 20.526316
/data/pdb_release/all/pdb1nor.ent 20.526316
/data/pdb_release/all/pdb1ntx.ent 19.473684
/data/pdb_release/all/pdb1fas.ent 20.526316
/tmp/1cdtA0 20.526316
/data/pdb_release/all/pdb2crs.ent 19.473684
/data/pdb_release/all/pdb1ntn.ent 26.315789
/data/pdb_release/all/pdb1tfs.ent 20.526316
/data/pdb_release/all/pdb1lsi.ent 14.736842
/nfs/cathdata/dompdb/1psi01 33.157895
/nfs/cathdata/dompdb/2achA2 33.157895
/tmp/1bi6H0 10.526316
/data/pdb_release/all/pdb1tpm.ent 20.526316
/nfs/cathdata/dompdb/1hfh01 15.789474
/data/pdb_release/all/pdb1hcc.ent 20.000000
/tmp/1lpbA0 20.000000
/nfs/cathdata/dompdb/1antI1 36.315789
/tmp/1hcnB0 20.000000
/tmp/1hcnA0 26.315789
/tmp/1pdgA0 22.105263
/data/pdb_release/all/pdb2tgi.ent 43.684211
/tmp/1klaA0 21.052632
/data/pdb_release/all/pdb1tgj.ent 41.578947
/data/pdb_release/all/pdb1bet.ent 27.894737
/tmp/1bndA0 30.526316
/tmp/1bndB0 22.631579
/data/pdb_release/all/pdb1fbr.ent 21.052632
/tmp/1umuA0 25.263158
/data/pdb_release/all/pdb1ctl.ent 24.210526
/data/pdb_release/all/pdb1iml.ent 23.157895
/nfs/cathdata/dompdb/1extB1 20.526316
/tmp/2kauB0 20.000000
/tmp/1rprA0 9.473684
/tmp/1fc2C0 10.526316
/tmp/1spzZ0 14.736842
/data/pdb_release/all/pdb1edi.ent 14.736842
/data/pdb_release/all/pdb2pdd.ent 9.473684
/data/pdb_release/all/pdb1bal.ent 10.526316
/tmp/1csbA0 9.473684
/tmp/1htrP0 10.526316
/nfs/cathdata/dompdb/1ilk02 13.684211
/data/pdb_release/all/pdb1bha.ent 13.684211
/nfs/cathdata/dompdb/1grj01 23.157895
/nfs/cathdata/dompdb/1sesA1 16.315789
/data/pdb_release/all/pdb1pdc.ent 10.526316
/tmp/2achB0 10.526316
/data/pdb_release/all/pdb1egf.ent 10.526316
/data/pdb_release/all/pdb1apo.ent 0.000000
/data/pdb_release/all/pdb1fsb.ent 10.526316
/data/pdb_release/all/pdb1hre.ent 0.000000
/data/pdb_release/all/pdb1yuf.ent 10.526316
/tmp/1hcgB0 18.947368
/data/pdb_release/all/pdb1ata.ent 18.947368
/nfs/cathdata/dompdb/1ncfA2 20.000000
/data/pdb_release/all/pdb1cdq.ent 18.947368
/tmp/1kbaA0 24.210526
/tmp/2abxA0 0.000000
/tmp/1abtA0 10.526316
/data/pdb_release/all/pdb3ebx.ent 19.473684
/data/pdb_release/all/pdb2ctx.ent 19.473684
/data/pdb_release/all/pdb2cdx.ent 14.736842
/tmp/1kxiA0 21.578947
/data/pdb_release/all/pdb1cre.ent 10.526316
/data/pdb_release/all/pdb1cod.ent 20.526316
/data/pdb_release/all/pdb1drs.ent 20.000000
/data/pdb_release/all/pdb1lki.ent 21.578947
/tmp/3inkC0 35.263158
/data/pdb_release/all/pdb1hgu.ent 21.052632
/data/pdb_release/all/pdb1huw.ent 23.157895
/tmp/3hhrA0 24.210526
/data/pdb_release/all/pdb1lpt.ent 21.052632
/data/pdb_release/all/pdb1lip.ent 19.473684
/data/pdb_release/all/pdb1mzm.ent 19.473684
/data/pdb_release/all/pdb1hyp.ent 14.736842
/nfs/cathdata/dompdb/1dlc01 30.000000
/nfs/cathdata/dompdb/1ciy01 31.052632
/tmp/1etrL0 5.263158
/tmp/1tbrJ0 10.526316
/tmp/3aahB0 5.263158
/tmp/4aahB0 5.263158
/tmp/1olgA0 5.263158
/tmp/2bbvD0 5.263158
/data/pdb_release/all/pdb2ifo.ent 5.263158
/tmp/1pfiA0 9.473684
/tmp/1junA0 5.263158
/data/pdb_release/all/pdb1tvs.ent 16.315789
/tmp/1ysaC0 5.263158
/data/pdb_release/all/pdb1aml.ent 10.526316
/data/pdb_release/all/pdb125d.ent 10.526316
/data/pdb_release/all/pdb1cld.ent 9.473684
/tmp/1d66A0 14.736842
/data/pdb_release/all/pdb1pyc.ent 9.473684
/nfs/cathdata/dompdb/1poxA4 9.473684
/tmp/1ltsC0 10.526316
/tmp/1xtcC0 10.526316
/tmp/1scmA0 10.526316
/tmp/1mdyB0 9.473684
/data/pdb_release/all/pdb1bct.ent 10.526316
/nfs/cathdata/dompdb/1pcrL2 16.315789
/nfs/cathdata/dompdb/1prcL2 19.473684
/nfs/cathdata/dompdb/1pcrM2 26.315789
/nfs/cathdata/dompdb/1prcM2 27.368421
/nfs/cathdata/dompdb/1dik05 17.368421
/tmp/1bcfA0 20.526316
/data/pdb_release/all/pdb1fha.ent 21.052632
/data/pdb_release/all/pdb1ier.ent 22.105263
/data/pdb_release/all/pdb1rcc.ent 22.105263
/tmp/2ccyA0 19.473684
/data/pdb_release/all/pdb1cpq.ent 20.526316
/tmp/1bbhA0 16.315789
/data/pdb_release/all/pdb1cgn.ent 22.631579
/data/pdb_release/all/pdb1lpe.ent 20.526316
/data/pdb_release/all/pdb2asr.ent 20.526316
/data/pdb_release/all/pdb1vls.ent 20.526316
/data/pdb_release/all/pdb1aep.ent 19.473684
/tmp/256bA0 20.526316
/tmp/2hmqA0 16.315789
/data/pdb_release/all/pdb2mhr.ent 16.315789
/tmp/2tmvP0 28.421053
/tmp/1rmvA0 16.315789
/nfs/cathdata/dompdb/2ilk01 21.052632
/nfs/cathdata/dompdb/1vlk01 20.526316
/nfs/cathdata/dompdb/1bucA3 21.578947
/nfs/cathdata/dompdb/3mddA3 21.578947
/nfs/cathdata/dompdb/1chkA1 32.631579
/data/pdb_release/all/pdb1lis.ent 20.000000
/data/pdb_release/all/pdb1rcb.ent 23.684211
/tmp/1gmfA0 27.368421
/tmp/1bgeA0 21.578947
/tmp/1rhgA0 20.526316
/data/pdb_release/all/pdb1bgc.ent 21.578947
/nfs/cathdata/dompdb/1whtA2 14.736842
/data/pdb_release/all/pdb2erl.ent 14.736842
/nfs/cathdata/dompdb/1ytfD1 9.473684
/nfs/cathdata/dompdb/1mtyG1 14.736842
/nfs/cathdata/dompdb/1mhyG1 14.736842
/tmp/1ecmA0 14.736842
/nfs/cathdata/dompdb/1lxa02 16.315789
/data/pdb_release/all/pdb1acp.ent 16.315789
/data/pdb_release/all/pdb1aca.ent 15.263158
/nfs/cathdata/dompdb/1pcrM1 16.315789
/nfs/cathdata/dompdb/1prcM1 14.736842
/nfs/cathdata/dompdb/1pcrL1 28.947368
/nfs/cathdata/dompdb/1prcL1 19.473684
/nfs/cathdata/dompdb/3sdpA1 13.684211
/nfs/cathdata/dompdb/1mngA1 20.526316
/nfs/cathdata/dompdb/1svcP2 14.736842
/nfs/cathdata/dompdb/1nfkA2 10.526316
/nfs/cathdata/dompdb/1mtyG2 17.368421
/nfs/cathdata/dompdb/1mhyG2 16.315789
/nfs/cathdata/dompdb/2minB4 13.684211
/nfs/cathdata/dompdb/1mioB3 16.315789
/data/pdb_release/all/pdb1poc.ent 24.736842
/data/pdb_release/all/pdb1ppa.ent 16.315789
/data/pdb_release/all/pdb1poa.ent 22.105263
/data/pdb_release/all/pdb4bp2.ent 24.736842
/data/pdb_release/all/pdb1pod.ent 23.684211
/tmp/3p2pA0 19.473684
/tmp/1pp2L0 23.157895
/tmp/1clpA0 23.684211
/tmp/1bunA0 25.263158
/data/pdb_release/all/pdb1psj.ent 24.210526
/data/pdb_release/all/pdb1ae7.ent 21.052632
/nfs/cathdata/dompdb/1bmtA1 20.526316
/data/pdb_release/all/pdb1lmq.ent 22.105263
/data/pdb_release/all/pdb1jug.ent 21.052632
/data/pdb_release/all/pdb119l.ent 42.631579
/nfs/cathdata/dompdb/1bucA1 26.842105
/nfs/cathdata/dompdb/3mddA1 21.052632
/nfs/cathdata/dompdb/1oxa02 30.526316
/nfs/cathdata/dompdb/1grl01 55.789474
/nfs/cathdata/dompdb/1aorA2 40.526316
/nfs/cathdata/dompdb/2pgd02 32.631579
/nfs/cathdata/dompdb/1dnpA3 30.000000
/nfs/cathdata/dompdb/1csc01 49.473684
/tmp/1csmA0 38.421053
/nfs/cathdata/dompdb/1aorA3 35.263158
/data/pdb_release/all/pdb1fps.ent 45.263158
/nfs/cathdata/dompdb/1clc02 53.684211
/tmp/1ribA0 41.578947
/tmp/1mmoB0 43.157895
/tmp/1mhyB0 45.789474
/nfs/cathdata/dompdb/1cpt02 49.473684
/data/pdb_release/all/pdb1phb.ent 62.631579
/tmp/2bmhA0 65.263158
/nfs/cathdata/dompdb/1lla01 52.631579
/tmp/1mhlC0 51.052632
/tmp/1mtyD0 55.263158
/tmp/1mhyD0 54.210526
/nfs/cathdata/dompdb/2sblB2 59.473684
/data/pdb_release/all/pdb1lnh.ent 69.473684
/data/pdb_release/all/pdb1ehs.ent 10.526316
/tmp/2spcA0 9.473684
/tmp/1ytfB0 10.526316
/nfs/cathdata/dompdb/1pnkA2 9.473684
/data/pdb_release/all/pdb1aty.ent 13.684211
/nfs/cathdata/dompdb/1dloA3 27.368421
/tmp/1ithA0 24.736842
/tmp/1cpcA0 30.000000
/tmp/1cpcB0 30.526316
/tmp/1allA0 30.000000
/tmp/1allB0 22.631579
/tmp/1colA0 30.526316
/nfs/cathdata/dompdb/1ddt02 33.684211
/nfs/cathdata/dompdb/3blm02 30.526316
/nfs/cathdata/dompdb/1mblA2 31.052632
/nfs/cathdata/dompdb/1btl02 21.052632
/nfs/cathdata/dompdb/1ckiA2 24.210526
/nfs/cathdata/dompdb/1csn02 22.105263
/nfs/cathdata/dompdb/1apmE1 35.263158
/nfs/cathdata/dompdb/1irk02 33.157895
/nfs/cathdata/dompdb/1ad5A4 31.052632
/nfs/cathdata/dompdb/1aru01 27.368421
/nfs/cathdata/dompdb/1llp01 26.842105
/nfs/cathdata/dompdb/1mnp01 20.526316
/nfs/cathdata/dompdb/1qpaA1 26.842105
/nfs/cathdata/dompdb/1cca01 27.894737
/nfs/cathdata/dompdb/1apxA1 21.052632
/nfs/cathdata/dompdb/1schA1 19.473684
/data/pdb_release/all/pdb153l.ent 26.842105
/data/pdb_release/all/pdb1baa.ent 35.263158
/nfs/cathdata/dompdb/1cnsA1 28.947368
/data/pdb_release/all/pdb135l.ent 21.578947
/data/pdb_release/all/pdb2ihl.ent 21.052632
/data/pdb_release/all/pdb1lz1.ent 21.578947
/data/pdb_release/all/pdb1hhl.ent 21.052632
/tmp/1ghlA0 21.052632
/data/pdb_release/all/pdb2eql.ent 25.789474
/data/pdb_release/all/pdb1alc.ent 21.578947
/data/pdb_release/all/pdb1hml.ent 21.578947
/tmp/1thbA0 25.263158
/tmp/1hdsA0 24.736842
/tmp/1hdsB0 26.315789
/tmp/2mhbA0 26.315789
/tmp/1fdhG0 25.263158
/tmp/1hbhA0 24.736842
/tmp/1hdaA0 25.263158
/tmp/1babB0 25.263158
/data/pdb_release/all/pdb2lhb.ent 25.263158
/tmp/1hbhB0 26.842105
/tmp/1hdaB0 26.315789
/tmp/1pghA0 26.315789
/tmp/1pghB0 25.789474
/tmp/1ibeB0 27.368421
/tmp/1outA0 25.263158
/tmp/1outB0 30.000000
/tmp/1spgA0 21.578947
/tmp/1spgB0 25.789474
/data/pdb_release/all/pdb1flp.ent 27.368421
/data/pdb_release/all/pdb1lhs.ent 25.789474
/data/pdb_release/all/pdb1bvd.ent 26.315789
/data/pdb_release/all/pdb1ymb.ent 25.789474
/data/pdb_release/all/pdb1mbs.ent 26.842105
/data/pdb_release/all/pdb2mm1.ent 26.842105
/data/pdb_release/all/pdb1emy.ent 26.315789
/tmp/1mygA0 25.263158
/data/pdb_release/all/pdb1myt.ent 25.789474
/data/pdb_release/all/pdb1eca.ent 26.842105
/tmp/1sctA0 26.315789
/tmp/1sctB0 28.947368
/tmp/3sdhA0 25.789474
/data/pdb_release/all/pdb1mba.ent 25.789474
/data/pdb_release/all/pdb1ash.ent 25.263158
/nfs/cathdata/dompdb/1fcdC2 20.526316
/tmp/2mtaC0 22.105263
/nfs/cathdata/dompdb/2abk02 16.315789
/nfs/cathdata/dompdb/1npc02 26.315789
/nfs/cathdata/dompdb/1ezm02 22.105263
/nfs/cathdata/dompdb/2tmnE2 30.000000
/nfs/cathdata/dompdb/1dnpA2 21.052632
/nfs/cathdata/dompdb/1gia02 26.315789
/nfs/cathdata/dompdb/1tadA2 27.368421
/nfs/cathdata/dompdb/7catA2 27.368421
/nfs/cathdata/dompdb/1cca02 33.157895
/nfs/cathdata/dompdb/1apxA2 21.052632
/nfs/cathdata/dompdb/1aru02 21.052632
/nfs/cathdata/dompdb/1llp02 21.052632
/nfs/cathdata/dompdb/1mnp02 21.052632
/nfs/cathdata/dompdb/1qpaA2 21.052632
/nfs/cathdata/dompdb/1schA2 32.631579
/tmp/1rfbA0 26.842105
/nfs/cathdata/dompdb/1pnkA1 33.684211
/data/pdb_release/all/pdb1end.ent 20.526316
/nfs/cathdata/dompdb/1gly01 35.263158
/nfs/cathdata/dompdb/1ecl02 34.736842
/data/pdb_release/all/pdb1sra.ent 21.052632
/nfs/cathdata/dompdb/1prcC2 22.105263
/nfs/cathdata/dompdb/1prcC1 21.052632
/nfs/cathdata/dompdb/1vsgA2 21.052632
/nfs/cathdata/dompdb/1gly02 30.526316
/nfs/cathdata/dompdb/1pnkB4 28.947368
/data/pdb_release/all/pdb1hlm.ent 21.578947
/data/pdb_release/all/pdb1hlb.ent 30.000000
/data/pdb_release/all/pdb1hbg.ent 25.263158
/data/pdb_release/all/pdb1gdj.ent 21.578947
/tmp/1binA0 25.263158
/nfs/cathdata/dompdb/1osa02 16.315789
/nfs/cathdata/dompdb/1wdcC2 24.736842
/nfs/cathdata/dompdb/1tnw02 16.315789
/tmp/1cnpA0 16.315789
/tmp/1symA0 16.315789
/tmp/1tcoB0 26.842105
/nfs/cathdata/dompdb/1scmC1 16.315789
/nfs/cathdata/dompdb/1wdcB1 15.263158
/nfs/cathdata/dompdb/1rec01 0.000000
/nfs/cathdata/dompdb/1rec02 24.210526
/data/pdb_release/all/pdb2sas.ent 26.315789
/tmp/2scpA0 32.105263
/data/pdb_release/all/pdb155c.ent 19.473684
/data/pdb_release/all/pdb1ycc.ent 19.473684
/data/pdb_release/all/pdb1ccr.ent 20.526316
/tmp/5cytR0 20.526316
/data/pdb_release/all/pdb1yeb.ent 20.526316
/data/pdb_release/all/pdb1hrc.ent 20.526316
/data/pdb_release/all/pdb1cry.ent 19.473684
/data/pdb_release/all/pdb1cot.ent 20.526316
/data/pdb_release/all/pdb3c2c.ent 20.526316
/tmp/1c2rA0 21.578947
/data/pdb_release/all/pdb1cxc.ent 21.052632
/data/pdb_release/all/pdb1yea.ent 22.105263
/tmp/1hroA0 20.526316
/data/pdb_release/all/pdb1dvh.ent 20.526316
/data/pdb_release/all/pdb351c.ent 16.315789
/data/pdb_release/all/pdb1cor.ent 20.526316
/data/pdb_release/all/pdb1cch.ent 19.473684
/nfs/cathdata/dompdb/1fcdC1 15.263158
/data/pdb_release/all/pdb1cc5.ent 19.473684
/data/pdb_release/all/pdb1cyi.ent 20.000000
/data/pdb_release/all/pdb1ctj.ent 20.000000
/nfs/cathdata/dompdb/6gsvA2 16.315789
/nfs/cathdata/dompdb/1gta02 17.894737
/nfs/cathdata/dompdb/1hna02 20.526316
/nfs/cathdata/dompdb/2gsq02 16.315789
/nfs/cathdata/dompdb/1gseA2 18.421053
/nfs/cathdata/dompdb/1bpb01 15.263158
/nfs/cathdata/dompdb/1taq02 10.526316
/nfs/cathdata/dompdb/9icwA2 16.315789
/nfs/cathdata/dompdb/1ecl04 17.368421
/nfs/cathdata/dompdb/1adeA2 16.315789
/nfs/cathdata/dompdb/1atnA3 24.736842
/nfs/cathdata/dompdb/1oxa03 19.473684
/data/pdb_release/all/pdb1hmx.ent 24.736842
/nfs/cathdata/dompdb/2abk01 22.105263
/nfs/cathdata/dompdb/1gln04 21.052632
/nfs/cathdata/dompdb/2tct02 22.105263
/tmp/1hulA0 20.526316
/data/pdb_release/all/pdb1coo.ent 19.473684
/nfs/cathdata/dompdb/1wdcB2 16.315789
/data/pdb_release/all/pdb1bod.ent 15.789474
/data/pdb_release/all/pdb1cb1.ent 16.315789
/data/pdb_release/all/pdb4icb.ent 21.578947
/data/pdb_release/all/pdb1cmf.ent 15.263158
/nfs/cathdata/dompdb/1ncx01 28.421053
/data/pdb_release/all/pdb1cfc.ent 31.578947
/data/pdb_release/all/pdb1tnx.ent 31.052632
/data/pdb_release/all/pdb1rro.ent 22.105263
/data/pdb_release/all/pdb4cpv.ent 22.105263
/data/pdb_release/all/pdb5pal.ent 25.263158
/data/pdb_release/all/pdb1pal.ent 21.578947
/tmp/1rtp10 27.894737
/tmp/1pvaA0 24.736842
/nfs/cathdata/dompdb/1osa01 14.736842
/nfs/cathdata/dompdb/1avhA1 20.526316
/nfs/cathdata/dompdb/2ran01 20.526316
/nfs/cathdata/dompdb/1ala02 20.526316
/nfs/cathdata/dompdb/1hvd02 20.526316
/nfs/cathdata/dompdb/1ala04 20.526316
/nfs/cathdata/dompdb/1ann04 20.526316
/nfs/cathdata/dompdb/1avhA4 20.526316
/nfs/cathdata/dompdb/1axn01 20.526316
/nfs/cathdata/dompdb/1axn03 20.526316
/nfs/cathdata/dompdb/1axn02 20.526316
/nfs/cathdata/dompdb/1ala03 16.315789
/nfs/cathdata/dompdb/1ann03 21.578947
/nfs/cathdata/dompdb/1hvd03 20.526316
/nfs/cathdata/dompdb/2ran03 20.526316
/nfs/cathdata/dompdb/1axn04 20.526316
/nfs/cathdata/dompdb/1csc02 20.526316
/nfs/cathdata/dompdb/1csh02 20.526316
/nfs/cathdata/dompdb/2cts02 20.526316
/nfs/cathdata/dompdb/1tyaE2 20.526316
/nfs/cathdata/dompdb/1bvp11 19.473684
/data/pdb_release/all/pdb1neq.ent 18.421053
/nfs/cathdata/dompdb/1octC1 15.263158
/data/pdb_release/all/pdb1r69.ent 18.421053
/data/pdb_release/all/pdb2cro.ent 18.947368
/data/pdb_release/all/pdb1adr.ent 19.473684
/tmp/1lmb30 20.526316
/nfs/cathdata/dompdb/2yhx01 19.473684
/nfs/cathdata/dompdb/2bpfA1 19.473684
/nfs/cathdata/dompdb/1bgw03 17.368421
/nfs/cathdata/dompdb/1adt01 20.526316
/nfs/cathdata/dompdb/1glqA2 16.315789
/nfs/cathdata/dompdb/2gsrA2 16.315789
/nfs/cathdata/dompdb/1gssA2 15.263158
/data/pdb_release/all/pdb1erd.ent 9.473684
/nfs/cathdata/dompdb/1dtr02 14.736842
/tmp/1lccA0 14.736842
/nfs/cathdata/dompdb/1pnrA1 16.315789
/data/pdb_release/all/pdb1uxd.ent 14.736842
/nfs/cathdata/dompdb/2phlA1 10.526316
/nfs/cathdata/dompdb/2phlA4 14.736842
/tmp/6insE0 14.736842
/data/pdb_release/all/pdb2gf1.ent 14.736842
/data/pdb_release/all/pdb1igl.ent 9.473684
/data/pdb_release/all/pdb1bip.ent 16.315789
/data/pdb_release/all/pdb1c5a.ent 15.263158
/data/pdb_release/all/pdb1kjs.ent 20.526316
/tmp/1cmbA0 14.736842
/nfs/cathdata/dompdb/1gln03 15.263158
/nfs/cathdata/dompdb/1serA1 16.315789
/nfs/cathdata/dompdb/1bvp13 16.315789
/nfs/cathdata/dompdb/1dmb03 26.842105
/nfs/cathdata/dompdb/1dik02 15.789474
/nfs/cathdata/dompdb/9pap02 14.736842
/nfs/cathdata/dompdb/1aec02 15.263158
/nfs/cathdata/dompdb/1gecE2 15.263158
/nfs/cathdata/dompdb/2act02 15.263158
/nfs/cathdata/dompdb/1ppo02 14.736842
/nfs/cathdata/dompdb/1yal02 15.789474
/nfs/cathdata/dompdb/1theA2 15.789474
/nfs/cathdata/dompdb/1csbB1 14.736842
/nfs/cathdata/dompdb/2bltA2 13.684211
/data/pdb_release/all/pdb1utg.ent 16.315789
/data/pdb_release/all/pdb1ccd.ent 16.315789
/nfs/cathdata/dompdb/1ala01 20.526316
/nfs/cathdata/dompdb/1ann01 20.526316
/nfs/cathdata/dompdb/1ann02 20.526316
/tmp/1fliA0 14.736842
/data/pdb_release/all/pdb1etc.ent 19.473684
/tmp/1sttA0 26.842105
/data/pdb_release/all/pdb2hts.ent 23.684211
/data/pdb_release/all/pdb1hks.ent 10.526316
/data/pdb_release/all/pdb1enh.ent 14.736842
/data/pdb_release/all/pdb1ftz.ent 14.736842
/data/pdb_release/all/pdb1ftt.ent 14.736842
/tmp/1ahdP0 15.789474
/tmp/1fjlA0 14.736842
/data/pdb_release/all/pdb1vnd.ent 15.789474
/data/pdb_release/all/pdb1hdp.ent 14.736842
/data/pdb_release/all/pdb1ocp.ent 14.736842
/data/pdb_release/all/pdb1pog.ent 14.736842
/tmp/1yrnA0 14.736842
/tmp/1hcrA0 14.736842
/data/pdb_release/all/pdb1res.ent 14.736842
/data/pdb_release/all/pdb1lfb.ent 14.736842
/data/pdb_release/all/pdb2lfb.ent 14.736842
/tmp/1yrnB0 16.315789
/tmp/1fiaA0 16.315789
/data/pdb_release/all/pdb1mbe.ent 14.736842
/data/pdb_release/all/pdb1mbg.ent 14.736842
/data/pdb_release/all/pdb1mbj.ent 14.736842
/tmp/2wrpR0 22.105263
/nfs/cathdata/dompdb/2tct01 15.789474
/tmp/1bfmA0 15.789474
/tmp/1hryA0 14.736842
/data/pdb_release/all/pdb1hsm.ent 14.736842
/data/pdb_release/all/pdb1hma.ent 13.684211
/data/pdb_release/all/pdb1hme.ent 14.736842
/data/pdb_release/all/pdb1aab.ent 14.736842
/tmp/1trlA0 14.736842
/tmp/1mylA0 10.526316
/tmp/1parA0 10.526316
/tmp/1mntA0 16.315789
/data/pdb_release/all/pdb1lea.ent 20.526316
/tmp/1hstA0 21.052632
/data/pdb_release/all/pdb1ghc.ent 14.736842
/nfs/cathdata/dompdb/1dprA1 16.315789
/nfs/cathdata/dompdb/1bia01 21.052632
/nfs/cathdata/dompdb/1berA2 25.263158
/nfs/cathdata/dompdb/1pdnC1 24.210526
/nfs/cathdata/dompdb/1pdnC2 14.736842
