/tmp/2ltnB0 11.111111
/tmp/1lenB0 11.111111
/tmp/1lgcB0 0.000000
/nfs/cathdata/dompdb/1lyaB1 11.111111
/tmp/1aayA0 15.555556
/tmp/1ubdC0 18.888889
/tmp/1meyC0 16.666667
/tmp/2drpA0 32.222222
/tmp/1pyaA0 12.222222
/tmp/1hueA0 33.333333
/tmp/1wtuA0 38.888889
/tmp/1ihfA0 64.444444
/tmp/1ihfB0 62.222222
/nfs/cathdata/dompdb/1prcH1 54.444444
/nfs/cathdata/dompdb/1pcrH1 54.444444
/data/pdb_release/all/pdb4mt2.ent 0.000000
/data/pdb_release/all/pdb1tiv.ent 0.000000
/data/pdb_release/all/pdb1zaq.ent 0.000000
/data/pdb_release/all/pdb1iva.ent 0.000000
/data/pdb_release/all/pdb1agg.ent 22.222222
/data/pdb_release/all/pdb1cfh.ent 0.000000
/data/pdb_release/all/pdb1cfi.ent 0.000000
/data/pdb_release/all/pdb1aaf.ent 0.000000
/data/pdb_release/all/pdb2ech.ent 0.000000
/data/pdb_release/all/pdb1fvl.ent 11.111111
/data/pdb_release/all/pdb1kst.ent 22.222222
/tmp/1r0940 11.111111
/tmp/2plv40 31.111111
/tmp/1pvc40 28.888889
/tmp/1bbt40 14.444444
/tmp/1tme40 11.111111
/tmp/2mev40 11.111111
/tmp/1tabI0 22.222222
/data/pdb_release/all/pdb1pi2.ent 31.111111
/data/pdb_release/all/pdb1bbi.ent 42.222222
/nfs/cathdata/dompdb/1pcp01 11.111111
/nfs/cathdata/dompdb/2pspA2 11.111111
/nfs/cathdata/dompdb/1gcb01 72.222222
/nfs/cathdata/dompdb/1fieA2 71.111111
/nfs/cathdata/dompdb/1lgr01 73.333333
/nfs/cathdata/dompdb/1abbA1 82.222222
/nfs/cathdata/dompdb/1ygpA1 80.000000
/nfs/cathdata/dompdb/1pgd03 11.111111
/data/pdb_release/all/pdb1ldl.ent 22.222222
/data/pdb_release/all/pdb1ldr.ent 0.000000
/data/pdb_release/all/pdb1tap.ent 28.888889
/data/pdb_release/all/pdb5pti.ent 28.888889
/tmp/1aapA0 28.888889
/data/pdb_release/all/pdb1dtx.ent 31.111111
/data/pdb_release/all/pdb1dtk.ent 28.888889
/data/pdb_release/all/pdb1shp.ent 28.888889
/tmp/1brbI0 31.111111
/data/pdb_release/all/pdb1knt.ent 28.888889
/data/pdb_release/all/pdb1dem.ent 31.111111
/tmp/1bunB0 31.111111
/data/pdb_release/all/pdb1hnr.ent 11.111111
/tmp/1mhlA0 12.222222
/nfs/cathdata/dompdb/1gal02 14.444444
/nfs/cathdata/dompdb/1inp01 32.222222
/nfs/cathdata/dompdb/1rtc02 26.666667
/nfs/cathdata/dompdb/1apa02 31.111111
/nfs/cathdata/dompdb/1pafA2 32.222222
/nfs/cathdata/dompdb/1mrg02 32.222222
/nfs/cathdata/dompdb/1mrj02 32.222222
/nfs/cathdata/dompdb/1abrA2 27.777778
/tmp/1isuA0 11.111111
/data/pdb_release/all/pdb1hip.ent 26.666667
/tmp/2hipA0 22.222222
/data/pdb_release/all/pdb1hpi.ent 25.555556
/data/pdb_release/all/pdb1bbo.ent 12.222222
/nfs/cathdata/dompdb/1adt02 67.777778
/tmp/1abmA0 50.000000
/tmp/1idsA0 51.111111
/tmp/1isaA0 51.111111
/nfs/cathdata/dompdb/1vsgA1 50.000000
/tmp/1hmpA0 64.444444
/nfs/cathdata/dompdb/1adeA3 71.111111
/nfs/cathdata/dompdb/1qorA1 74.444444
/nfs/cathdata/dompdb/3btoA1 72.222222
/nfs/cathdata/dompdb/1dehA1 77.777778
/nfs/cathdata/dompdb/1cdoA1 74.444444
/nfs/cathdata/dompdb/1tehA1 72.222222
/nfs/cathdata/dompdb/1agnA1 74.444444
/tmp/1yptA0 70.000000
/data/pdb_release/all/pdb2hnp.ent 78.888889
/nfs/cathdata/dompdb/1yfoA1 78.888889
/tmp/1vhrA0 62.222222
/data/pdb_release/all/pdb1gpc.ent 65.555556
/nfs/cathdata/dompdb/1bgw05 56.666667
/nfs/cathdata/dompdb/1jetA1 74.444444
/nfs/cathdata/dompdb/1glaG1 70.000000
/nfs/cathdata/dompdb/1hgeA1 82.222222
/tmp/1ltsA0 63.333333
/tmp/1xtcA0 64.444444
/tmp/1tiiA0 57.777778
/tmp/1prtA0 72.222222
/nfs/cathdata/dompdb/1admA2 74.444444
/nfs/cathdata/dompdb/1chmA2 68.888889
/data/pdb_release/all/pdb1mat.ent 78.888889
/data/pdb_release/all/pdb1pbn.ent 68.888889
/data/pdb_release/all/pdb1ula.ent 72.222222
/tmp/1ecpA0 72.222222
/nfs/cathdata/dompdb/1dhx03 64.444444
/data/pdb_release/all/pdb2cyr.ent 36.666667
/data/pdb_release/all/pdb1wad.ent 35.555556
/data/pdb_release/all/pdb1czj.ent 37.777778
/tmp/1htmB0 17.777778
/nfs/cathdata/dompdb/1berA1 75.555556
/nfs/cathdata/dompdb/1dhx02 26.666667
/nfs/cathdata/dompdb/1gln02 53.333333
/nfs/cathdata/dompdb/1gtrA2 56.666667
/nfs/cathdata/dompdb/1prcH2 61.111111
/nfs/cathdata/dompdb/4rcrH2 62.222222
/nfs/cathdata/dompdb/1oxa01 58.888889
/nfs/cathdata/dompdb/1cpt01 63.333333
/nfs/cathdata/dompdb/1gcb02 38.888889
/data/pdb_release/all/pdb1mut.ent 56.666667
/data/pdb_release/all/pdb1pyp.ent 63.333333
/data/pdb_release/all/pdb2prd.ent 88.888889
/tmp/1eipA0 86.666667
/nfs/cathdata/dompdb/1ordA4 51.111111
/nfs/cathdata/dompdb/2cmd02 64.444444
/nfs/cathdata/dompdb/1mldA2 63.333333
/nfs/cathdata/dompdb/6ldh02 46.666667
/nfs/cathdata/dompdb/1llc02 53.333333
/nfs/cathdata/dompdb/1lldA2 43.333333
/nfs/cathdata/dompdb/2ldx02 64.444444
/nfs/cathdata/dompdb/3ldh02 50.000000
/nfs/cathdata/dompdb/5ldh02 36.666667
/nfs/cathdata/dompdb/9ldtA2 43.333333
/nfs/cathdata/dompdb/1ldb02 48.888889
/nfs/cathdata/dompdb/1hyhA2 43.333333
/nfs/cathdata/dompdb/4mdhA2 68.888889
/nfs/cathdata/dompdb/1bdmA2 55.555556
/nfs/cathdata/dompdb/1dctA2 35.555556
/tmp/1regX0 71.111111
/nfs/cathdata/dompdb/2bltA1 66.666667
/data/pdb_release/all/pdb1xaa.ent 65.555556
/data/pdb_release/all/pdb1xac.ent 71.111111
/tmp/1alkA0 65.555556
/data/pdb_release/all/pdb1lpp.ent 73.333333
/data/pdb_release/all/pdb1thg.ent 68.888889
/tmp/1cleA0 72.222222
/data/pdb_release/all/pdb1ace.ent 81.111111
/nfs/cathdata/dompdb/3ladA2 63.333333
/nfs/cathdata/dompdb/1lpfA2 63.333333
/nfs/cathdata/dompdb/1lvl02 55.555556
/nfs/cathdata/dompdb/1ebdA2 63.333333
/nfs/cathdata/dompdb/2tmdA3 58.888889
/nfs/cathdata/dompdb/1gerA2 60.000000
/nfs/cathdata/dompdb/1gesA2 60.000000
/nfs/cathdata/dompdb/3grs02 60.000000
/nfs/cathdata/dompdb/1tde02 63.333333
/nfs/cathdata/dompdb/1vdc02 63.333333
/nfs/cathdata/dompdb/1fecB2 58.888889
/nfs/cathdata/dompdb/1nhr02 58.888889
/nfs/cathdata/dompdb/1fcdA2 77.777778
/tmp/1pyaB0 67.777778
/nfs/cathdata/dompdb/1dik03 65.555556
/nfs/cathdata/dompdb/1aorA1 78.888889
/tmp/2dnjA0 77.777778
/tmp/1fjmA0 67.777778
/tmp/1tcoA0 67.777778
/nfs/cathdata/dompdb/1gph11 74.444444
/data/pdb_release/all/pdb1plq.ent 83.333333
/data/pdb_release/all/pdb1bnh.ent 64.444444
/data/pdb_release/all/pdb1cy3.ent 11.111111
/tmp/1cthA0 36.666667
/data/pdb_release/all/pdb2cdv.ent 36.666667
/nfs/cathdata/dompdb/1trkA1 55.555556
/tmp/1rvaA0 76.666667
/nfs/cathdata/dompdb/1atnA1 71.111111
/nfs/cathdata/dompdb/2btfA1 75.555556
/nfs/cathdata/dompdb/1olbA2 57.777778
/data/pdb_release/all/pdb2ctc.ent 67.777778
/data/pdb_release/all/pdb1amp.ent 73.333333
/nfs/cathdata/dompdb/1lam02 76.666667
/nfs/cathdata/dompdb/1tplA2 65.555556
/nfs/cathdata/dompdb/1dgd02 64.444444
/nfs/cathdata/dompdb/1aam02 52.222222
/nfs/cathdata/dompdb/1akaA2 64.444444
/nfs/cathdata/dompdb/2cstA2 64.444444
/nfs/cathdata/dompdb/1ordA2 66.666667
/data/pdb_release/all/pdb1rpa.ent 52.222222
/data/pdb_release/all/pdb1esc.ent 61.111111
/nfs/cathdata/dompdb/1gpb02 65.555556
/nfs/cathdata/dompdb/1ygpA2 63.333333
/tmp/1deaA0 66.666667
/tmp/1thtA0 74.444444
/tmp/1tahA0 64.444444
/tmp/1oilA0 66.666667
/nfs/cathdata/dompdb/1hplA1 73.333333
/nfs/cathdata/dompdb/1lpbB1 72.222222
/tmp/1ethA0 81.111111
/data/pdb_release/all/pdb1gpl.ent 81.111111
/data/pdb_release/all/pdb1tca.ent 63.333333
/data/pdb_release/all/pdb1ede.ent 71.111111
/data/pdb_release/all/pdb1ysc.ent 71.111111
/nfs/cathdata/dompdb/1asyA2 62.222222
/nfs/cathdata/dompdb/1lylA2 67.777778
/nfs/cathdata/dompdb/1serA2 78.888889
/data/pdb_release/all/pdb3pte.ent 71.111111
/nfs/cathdata/dompdb/1abrA1 67.777778
/nfs/cathdata/dompdb/1ahc01 81.111111
/nfs/cathdata/dompdb/1mrj01 76.666667
/nfs/cathdata/dompdb/1apa01 72.222222
/nfs/cathdata/dompdb/1pafA1 72.222222
/tmp/4dfrA0 67.777778
/data/pdb_release/all/pdb3dfr.ent 66.666667
/data/pdb_release/all/pdb8dfr.ent 64.444444
/data/pdb_release/all/pdb1drf.ent 65.555556
/data/pdb_release/all/pdb1dyr.ent 68.888889
/nfs/cathdata/dompdb/1adeA1 73.333333
/nfs/cathdata/dompdb/3pmgA1 64.444444
/data/pdb_release/all/pdb1udg.ent 56.666667
/nfs/cathdata/dompdb/3pgk02 58.888889
/nfs/cathdata/dompdb/1php02 74.444444
/nfs/cathdata/dompdb/1gpmA1 77.777778
/nfs/cathdata/dompdb/1powA3 58.888889
/nfs/cathdata/dompdb/1pvdA3 58.888889
/nfs/cathdata/dompdb/1pvdA1 56.666667
/nfs/cathdata/dompdb/1powA1 58.888889
/nfs/cathdata/dompdb/1trkA2 57.777778
/nfs/cathdata/dompdb/1tyaE1 56.666667
/nfs/cathdata/dompdb/2tysB2 67.777778
/nfs/cathdata/dompdb/1minA1 56.666667
/nfs/cathdata/dompdb/1mioA1 57.777778
/nfs/cathdata/dompdb/3ecaA1 64.444444
/nfs/cathdata/dompdb/1agx01 56.666667
/nfs/cathdata/dompdb/3pga11 65.555556
/tmp/1wsaA0 81.111111
/tmp/1nbaA0 64.444444
/nfs/cathdata/dompdb/2reb01 61.111111
/tmp/1smnA0 67.777778
/tmp/1eriA0 76.666667
/nfs/cathdata/dompdb/1lvl01 67.777778
/nfs/cathdata/dompdb/1ebdA1 70.000000
/nfs/cathdata/dompdb/1gal01 71.111111
/nfs/cathdata/dompdb/1fcdA1 78.888889
/nfs/cathdata/dompdb/1coy01 80.000000
/nfs/cathdata/dompdb/1pbe01 77.777778
/nfs/cathdata/dompdb/1aa8A1 54.444444
/nfs/cathdata/dompdb/1dob02 71.111111
/data/pdb_release/all/pdb1cge.ent 62.222222
/data/pdb_release/all/pdb1mnc.ent 62.222222
/data/pdb_release/all/pdb1srt.ent 62.222222
/nfs/cathdata/dompdb/1fbl01 62.222222
/data/pdb_release/all/pdb1mmq.ent 61.111111
/data/pdb_release/all/pdb1slm.ent 60.000000
/tmp/1atlA0 58.888889
/data/pdb_release/all/pdb1iag.ent 62.222222
/nfs/cathdata/dompdb/1kapP2 61.111111
/nfs/cathdata/dompdb/1sat02 68.888889
/data/pdb_release/all/pdb1iab.ent 70.000000
/nfs/cathdata/dompdb/1lcf01 73.333333
/nfs/cathdata/dompdb/1ovt01 62.222222
/nfs/cathdata/dompdb/1ovt03 61.111111
/nfs/cathdata/dompdb/1nnt01 62.222222
/nfs/cathdata/dompdb/1tfd01 35.555556
/nfs/cathdata/dompdb/1lcf03 66.666667
/nfs/cathdata/dompdb/1dot01 63.333333
/nfs/cathdata/dompdb/1dot03 62.222222
/nfs/cathdata/dompdb/1quk01 56.666667
/nfs/cathdata/dompdb/1sbp01 55.555556
/nfs/cathdata/dompdb/1dmb01 50.000000
/nfs/cathdata/dompdb/1pot01 57.777778
/nfs/cathdata/dompdb/3sc2A1 68.888889
/nfs/cathdata/dompdb/1rtc01 65.555556
/tmp/1pviA0 55.555556
/nfs/cathdata/dompdb/1bllE1 63.333333
/nfs/cathdata/dompdb/1scuB3 63.333333
/nfs/cathdata/dompdb/1ora01 45.555556
/nfs/cathdata/dompdb/1ora02 46.666667
/nfs/cathdata/dompdb/2glt01 77.777778
/nfs/cathdata/dompdb/1ttqB1 57.777778
/data/pdb_release/all/pdb3pgm.ent 50.000000
/nfs/cathdata/dompdb/1gtrA1 60.000000
/nfs/cathdata/dompdb/1gln01 54.444444
/tmp/1dsbA0 51.111111
/tmp/1gp1A0 54.444444
/nfs/cathdata/dompdb/1chmA1 65.555556
/nfs/cathdata/dompdb/1scuB1 60.000000
/nfs/cathdata/dompdb/1mla02 48.888889
/nfs/cathdata/dompdb/1glaG2 74.444444
/nfs/cathdata/dompdb/1ami01 67.777778
/data/pdb_release/all/pdb1ak2.ent 53.333333
/tmp/1ak3A0 65.555556
/tmp/1akeA0 62.222222
/data/pdb_release/all/pdb1aky.ent 65.555556
/data/pdb_release/all/pdb3adk.ent 55.555556
/data/pdb_release/all/pdb1ukz.ent 54.444444
/data/pdb_release/all/pdb1ukd.ent 55.555556
/nfs/cathdata/dompdb/2tmdA2 55.555556
/nfs/cathdata/dompdb/1nhp01 77.777778
/nfs/cathdata/dompdb/1trb01 70.000000
/nfs/cathdata/dompdb/1vdc01 72.222222
/nfs/cathdata/dompdb/1typA1 63.333333
/nfs/cathdata/dompdb/1gesA1 65.555556
/nfs/cathdata/dompdb/3grs01 61.111111
/nfs/cathdata/dompdb/3ladA1 70.000000
/nfs/cathdata/dompdb/1lpfA1 61.111111
/nfs/cathdata/dompdb/1pfkA2 55.555556
/nfs/cathdata/dompdb/3pfk02 55.555556
/nfs/cathdata/dompdb/3pgk01 56.666667
/nfs/cathdata/dompdb/1php01 57.777778
/nfs/cathdata/dompdb/3pmgA3 51.111111
/tmp/2rslA0 52.222222
/tmp/1gdtA0 55.555556
/nfs/cathdata/dompdb/1ctt02 52.222222
/nfs/cathdata/dompdb/1ctt01 54.444444
/tmp/1whtB0 56.666667
/nfs/cathdata/dompdb/1trkA3 57.777778
/nfs/cathdata/dompdb/1dmb02 44.444444
/nfs/cathdata/dompdb/1pda02 52.222222
/nfs/cathdata/dompdb/1hslA2 61.111111
/nfs/cathdata/dompdb/1lst02 62.222222
/nfs/cathdata/dompdb/1pbp02 60.000000
/nfs/cathdata/dompdb/1sbp02 65.555556
/data/pdb_release/all/pdb1ovb.ent 54.444444
/nfs/cathdata/dompdb/1lcf02 51.111111
/nfs/cathdata/dompdb/1lcf04 62.222222
/nfs/cathdata/dompdb/1ovt02 63.333333
/nfs/cathdata/dompdb/1ovt04 62.222222
/nfs/cathdata/dompdb/1tfd02 47.777778
/nfs/cathdata/dompdb/1dot04 35.555556
/nfs/cathdata/dompdb/1poy12 63.333333
/nfs/cathdata/dompdb/1inp03 61.111111
/nfs/cathdata/dompdb/1imbA2 54.444444
/nfs/cathdata/dompdb/1fbcA2 55.555556
/nfs/cathdata/dompdb/1ftaA2 54.444444
/nfs/cathdata/dompdb/1spiA2 43.333333
/nfs/cathdata/dompdb/1pda01 54.444444
/nfs/cathdata/dompdb/1hslA1 44.444444
/nfs/cathdata/dompdb/1lst01 40.000000
/nfs/cathdata/dompdb/2ldx01 65.555556
/nfs/cathdata/dompdb/3ldh01 63.333333
/nfs/cathdata/dompdb/5ldh01 52.222222
/nfs/cathdata/dompdb/9ldtA1 65.555556
/data/pdb_release/all/pdb5nll.ent 60.000000
/data/pdb_release/all/pdb2fx2.ent 60.000000
/data/pdb_release/all/pdb1ofv.ent 60.000000
/data/pdb_release/all/pdb2fcr.ent 54.444444
/data/pdb_release/all/pdb1rcf.ent 57.777778
/tmp/1lfaA0 66.666667
/data/pdb_release/all/pdb1ido.ent 60.000000
/nfs/cathdata/dompdb/1pfkA1 63.333333
/nfs/cathdata/dompdb/3pfk01 62.222222
/data/pdb_release/all/pdb1cus.ent 60.000000
/data/pdb_release/all/pdb1dad.ent 64.444444
/data/pdb_release/all/pdb1tib.ent 72.222222
/data/pdb_release/all/pdb3tgl.ent 74.444444
/tmp/1lgyA0 71.111111
/data/pdb_release/all/pdb1vid.ent 60.000000
/data/pdb_release/all/pdb1pdo.ent 55.555556
/nfs/cathdata/dompdb/1gpmA2 56.666667
/nfs/cathdata/dompdb/1dnpA1 56.666667
/nfs/cathdata/dompdb/1bgw02 54.444444
/nfs/cathdata/dompdb/1guhA1 53.333333
/nfs/cathdata/dompdb/1glqA1 52.222222
/nfs/cathdata/dompdb/2gsq01 56.666667
/nfs/cathdata/dompdb/2gsrA1 53.333333
/nfs/cathdata/dompdb/1gssA1 53.333333
/nfs/cathdata/dompdb/2gstA1 52.222222
/nfs/cathdata/dompdb/1gta01 46.666667
/nfs/cathdata/dompdb/1hna01 54.444444
/nfs/cathdata/dompdb/3pmgA2 37.777778
/data/pdb_release/all/pdb1lba.ent 61.111111
/tmp/1meeA0 71.111111
/nfs/cathdata/dompdb/1ordA1 53.333333
/data/pdb_release/all/pdb1ntr.ent 45.555556
/nfs/cathdata/dompdb/1gdhA2 56.666667
/nfs/cathdata/dompdb/2nacA2 56.666667
/nfs/cathdata/dompdb/2dldA2 65.555556
/nfs/cathdata/dompdb/2dldA1 51.111111
/nfs/cathdata/dompdb/1scuB2 55.555556
/nfs/cathdata/dompdb/1scuA1 64.444444
/nfs/cathdata/dompdb/1scuA2 70.000000
/data/pdb_release/all/pdb1phr.ent 56.666667
/nfs/cathdata/dompdb/1bmtA2 57.777778
/tmp/1iceA0 75.555556
/data/pdb_release/all/pdb1etu.ent 66.666667
/nfs/cathdata/dompdb/1eft01 64.444444
/data/pdb_release/all/pdb5p21.ent 65.555556
/tmp/1guaA0 70.000000
/tmp/1hurA0 71.111111
/tmp/1nipA0 65.555556
/nfs/cathdata/dompdb/1gky02 60.000000
/nfs/cathdata/dompdb/1dar01 73.333333
/nfs/cathdata/dompdb/1raaA1 55.555556
/nfs/cathdata/dompdb/1raaA2 67.777778
/nfs/cathdata/dompdb/2atcA2 51.111111
/nfs/cathdata/dompdb/4mdhA1 62.222222
/nfs/cathdata/dompdb/1bdmA1 62.222222
/nfs/cathdata/dompdb/2cmd01 63.333333
/nfs/cathdata/dompdb/1mldA1 62.222222
/nfs/cathdata/dompdb/1hyhA1 64.444444
/nfs/cathdata/dompdb/6ldh01 65.555556
/nfs/cathdata/dompdb/1ldb01 64.444444
/nfs/cathdata/dompdb/1llc01 54.444444
/nfs/cathdata/dompdb/1lldA1 65.555556
/nfs/cathdata/dompdb/1bdhA3 43.333333
/nfs/cathdata/dompdb/1tlfA2 52.222222
/nfs/cathdata/dompdb/1dbp01 53.333333
/data/pdb_release/all/pdb3chy.ent 61.111111
/nfs/cathdata/dompdb/1abe01 64.444444
/nfs/cathdata/dompdb/1gdhA1 65.555556
/nfs/cathdata/dompdb/1gca01 64.444444
/nfs/cathdata/dompdb/1gdd01 65.555556
/nfs/cathdata/dompdb/1tadA1 65.555556
/nfs/cathdata/dompdb/1gotA1 76.666667
/nfs/cathdata/dompdb/1gd1O1 71.111111
/nfs/cathdata/dompdb/4gpd11 54.444444
/nfs/cathdata/dompdb/1cerO1 71.111111
/nfs/cathdata/dompdb/1gadO1 68.888889
/nfs/cathdata/dompdb/1gypA1 68.888889
/nfs/cathdata/dompdb/1hdgO1 68.888889
/nfs/cathdata/dompdb/2lbp02 63.333333
/nfs/cathdata/dompdb/2liv02 63.333333
/nfs/cathdata/dompdb/2lbp01 60.000000
/nfs/cathdata/dompdb/2liv01 61.111111
/nfs/cathdata/dompdb/1pea02 56.666667
/nfs/cathdata/dompdb/1pea01 62.222222
/nfs/cathdata/dompdb/1ecl01 58.888889
/nfs/cathdata/dompdb/1admA1 64.444444
/nfs/cathdata/dompdb/1dctA1 64.444444
/nfs/cathdata/dompdb/1hmy01 62.222222
/tmp/1garA0 73.333333
/data/pdb_release/all/pdb1chd.ent 71.111111
/data/pdb_release/all/pdb1thm.ent 71.111111
/tmp/1cseE0 71.111111
/data/pdb_release/all/pdb1st3.ent 71.111111
/data/pdb_release/all/pdb2pkc.ent 73.333333
/data/pdb_release/all/pdb1s01.ent 71.111111
/nfs/cathdata/dompdb/1poxA2 65.555556
/nfs/cathdata/dompdb/1pvdA2 70.000000
/nfs/cathdata/dompdb/2pia02 63.333333
/nfs/cathdata/dompdb/1fnb02 57.777778
/nfs/cathdata/dompdb/1que02 55.555556
/nfs/cathdata/dompdb/1cnd02 62.222222
/nfs/cathdata/dompdb/1ndh02 72.222222
/nfs/cathdata/dompdb/1gph12 57.777778
/nfs/cathdata/dompdb/1ecgA2 54.444444
/data/pdb_release/all/pdb1sto.ent 72.222222
/nfs/cathdata/dompdb/2bgt02 64.444444
/nfs/cathdata/dompdb/2bgt01 71.111111
/nfs/cathdata/dompdb/2nacA1 61.111111
/data/pdb_release/all/pdb1dhr.ent 65.555556
/tmp/1hdcA0 57.777778
/data/pdb_release/all/pdb1eny.ent 56.666667
/nfs/cathdata/dompdb/1psdA1 57.777778
/nfs/cathdata/dompdb/1psdA2 64.444444
/nfs/cathdata/dompdb/1qorA2 63.333333
/nfs/cathdata/dompdb/3btoA2 62.222222
/nfs/cathdata/dompdb/1dehA2 63.333333
/nfs/cathdata/dompdb/1cdoA2 64.444444
/nfs/cathdata/dompdb/1tehA2 64.444444
/nfs/cathdata/dompdb/1agnA2 63.333333
/nfs/cathdata/dompdb/1dih01 57.777778
/nfs/cathdata/dompdb/2pgd01 58.888889
/nfs/cathdata/dompdb/1dpgA1 56.666667
/nfs/cathdata/dompdb/1dbqA1 64.444444
/nfs/cathdata/dompdb/1tlfA1 64.444444
/nfs/cathdata/dompdb/2dri02 63.333333
/nfs/cathdata/dompdb/1gca02 55.555556
/nfs/cathdata/dompdb/2gbp02 60.000000
/nfs/cathdata/dompdb/8abp02 65.555556
/data/pdb_release/all/pdb1ghu.ent 38.888889
/nfs/cathdata/dompdb/1ad5A2 41.111111
/tmp/1ayaA0 41.111111
/tmp/2pldA0 50.000000
/data/pdb_release/all/pdb1svq.ent 58.888889
/data/pdb_release/all/pdb1vil.ent 77.777778
/data/pdb_release/all/pdb1aba.ent 51.111111
/data/pdb_release/all/pdb1ego.ent 54.444444
/tmp/2trxA0 54.444444
/data/pdb_release/all/pdb1thx.ent 56.666667
/data/pdb_release/all/pdb3trx.ent 54.444444
/data/pdb_release/all/pdb1tof.ent 52.222222
/nfs/cathdata/dompdb/1pxtA1 56.666667
/nfs/cathdata/dompdb/1pxtA2 48.888889
/nfs/cathdata/dompdb/2yhx02 62.222222
/nfs/cathdata/dompdb/1dik01 55.555556
/nfs/cathdata/dompdb/2minA3 53.333333
/nfs/cathdata/dompdb/1mioA3 56.666667
/nfs/cathdata/dompdb/2minB2 44.444444
/nfs/cathdata/dompdb/2minB3 62.222222
/nfs/cathdata/dompdb/1mioB2 53.333333
/nfs/cathdata/dompdb/1mioB4 60.000000
/nfs/cathdata/dompdb/2minA2 52.222222
/nfs/cathdata/dompdb/1mioA2 56.666667
/nfs/cathdata/dompdb/2minB1 42.222222
/nfs/cathdata/dompdb/1mioB1 50.000000
/nfs/cathdata/dompdb/1iow01 41.111111
/nfs/cathdata/dompdb/1bncA1 52.222222
/nfs/cathdata/dompdb/3ecaA2 48.888889
/nfs/cathdata/dompdb/1agx02 48.888889
/nfs/cathdata/dompdb/3pga12 48.888889
/nfs/cathdata/dompdb/1pkyA1 54.444444
/nfs/cathdata/dompdb/1pkm01 54.444444
/nfs/cathdata/dompdb/1hsbA1 70.000000
/nfs/cathdata/dompdb/2clrA1 67.777778
/nfs/cathdata/dompdb/1mhcA1 71.111111
/tmp/1tmcA0 73.333333
/nfs/cathdata/dompdb/1fruA1 68.888889
/nfs/cathdata/dompdb/1tssA1 63.333333
/nfs/cathdata/dompdb/1se202 62.222222
/nfs/cathdata/dompdb/1sebD2 42.222222
/nfs/cathdata/dompdb/1esfA2 81.111111
/data/pdb_release/all/pdb1vhh.ent 61.111111
/nfs/cathdata/dompdb/3pmgA4 68.888889
/nfs/cathdata/dompdb/1imbA1 65.555556
/nfs/cathdata/dompdb/5fbpA1 66.666667
/nfs/cathdata/dompdb/1ftaA1 66.666667
/nfs/cathdata/dompdb/1spiA1 61.111111
/nfs/cathdata/dompdb/1inp02 56.666667
/nfs/cathdata/dompdb/1gd1O2 73.333333
/nfs/cathdata/dompdb/4gpd12 51.111111
/nfs/cathdata/dompdb/1cerO2 68.888889
/nfs/cathdata/dompdb/1gadO2 65.555556
/nfs/cathdata/dompdb/1gypA2 73.333333
/nfs/cathdata/dompdb/1hdgO2 67.777778
/data/pdb_release/all/pdb1cia.ent 75.555556
/nfs/cathdata/dompdb/1gal03 70.000000
/nfs/cathdata/dompdb/1dpgA2 75.555556
/data/pdb_release/all/pdb1dpb.ent 75.555556
/data/pdb_release/all/pdb1adn.ent 43.333333
/data/pdb_release/all/pdb2pna.ent 36.666667
/data/pdb_release/all/pdb1ab2.ent 41.111111
/tmp/1shaA0 50.000000
/tmp/1lcjA0 50.000000
/tmp/1csyA0 43.333333
/data/pdb_release/all/pdb1blj.ent 50.000000
/data/pdb_release/all/pdb1fim.ent 52.222222
/tmp/1mifA0 47.777778
/tmp/1kptA0 43.333333
/nfs/cathdata/dompdb/1dja01 60.000000
/nfs/cathdata/dompdb/1mblA1 58.888889
/nfs/cathdata/dompdb/1btl01 61.111111
/data/pdb_release/all/pdb2phy.ent 47.777778
/data/pdb_release/all/pdb1fil.ent 65.555556
/data/pdb_release/all/pdb1pne.ent 66.666667
/data/pdb_release/all/pdb1acf.ent 66.666667
/data/pdb_release/all/pdb2acg.ent 70.000000
/data/pdb_release/all/pdb1cqa.ent 70.000000
/nfs/cathdata/dompdb/1pnkB1 65.555556
/nfs/cathdata/dompdb/1oacA1 72.222222
/tmp/1otgA0 53.333333
/nfs/cathdata/dompdb/1ami02 52.222222
/nfs/cathdata/dompdb/1bpb02 52.222222
/nfs/cathdata/dompdb/9icwA3 60.000000
/nfs/cathdata/dompdb/1daaA1 55.555556
/nfs/cathdata/dompdb/1iov02 62.222222
/nfs/cathdata/dompdb/1glt02 63.333333
/tmp/1gtqA0 52.222222
/nfs/cathdata/dompdb/1bia02 72.222222
/nfs/cathdata/dompdb/1antI2 54.444444
/nfs/cathdata/dompdb/1hleA2 65.555556
/nfs/cathdata/dompdb/1ovaA2 67.777778
/nfs/cathdata/dompdb/2achA1 65.555556
/nfs/cathdata/dompdb/7apiA2 62.222222
/nfs/cathdata/dompdb/1pnkB2 64.444444
/nfs/cathdata/dompdb/1ami03 62.222222
/nfs/cathdata/dompdb/1hocA1 68.888889
/nfs/cathdata/dompdb/1hsaA1 68.888889
/nfs/cathdata/dompdb/1vaaA1 67.777778
/nfs/cathdata/dompdb/1dik06 43.333333
/nfs/cathdata/dompdb/1mdl01 46.666667
/nfs/cathdata/dompdb/4enl01 45.555556
/nfs/cathdata/dompdb/1pdz01 45.555556
/nfs/cathdata/dompdb/1nhp03 54.444444
/nfs/cathdata/dompdb/3ladA3 67.777778
/nfs/cathdata/dompdb/1lpfA3 63.333333
/nfs/cathdata/dompdb/1lvl03 61.111111
/nfs/cathdata/dompdb/1ebdA3 61.111111
/nfs/cathdata/dompdb/1tytA3 61.111111
/nfs/cathdata/dompdb/1gesA3 58.888889
/nfs/cathdata/dompdb/3grs03 60.000000
/nfs/cathdata/dompdb/1irk01 51.111111
/nfs/cathdata/dompdb/1apmE2 52.222222
/nfs/cathdata/dompdb/1ckiA1 62.222222
/nfs/cathdata/dompdb/1csn01 62.222222
/nfs/cathdata/dompdb/1coy02 57.777778
/nfs/cathdata/dompdb/1rthA4 58.888889
/tmp/1hrhA0 62.222222
/data/pdb_release/all/pdb2rn2.ent 65.555556
/data/pdb_release/all/pdb1ril.ent 65.555556
/tmp/1hjrA0 64.444444
/data/pdb_release/all/pdb1itg.ent 55.555556
/data/pdb_release/all/pdb1asu.ent 61.111111
/nfs/cathdata/dompdb/1bcmA1 64.444444
/nfs/cathdata/dompdb/1atr03 54.444444
/nfs/cathdata/dompdb/1atnA2 46.666667
/nfs/cathdata/dompdb/2btfA2 46.666667
/nfs/cathdata/dompdb/2yhx03 63.333333
/nfs/cathdata/dompdb/1atr01 62.222222
/nfs/cathdata/dompdb/1mngA2 50.000000
/nfs/cathdata/dompdb/3sdpA2 14.444444
/tmp/1kpaA0 62.222222
/nfs/cathdata/dompdb/1bpb03 32.222222
/nfs/cathdata/dompdb/1pkp02 43.333333
/nfs/cathdata/dompdb/1dar04 51.111111
/tmp/1copD0 37.777778
/data/pdb_release/all/pdb1orc.ent 35.555556
/nfs/cathdata/dompdb/2reb02 41.111111
/nfs/cathdata/dompdb/1derA2 40.000000
/tmp/1iceB0 32.222222
/tmp/2kauA0 33.333333
/nfs/cathdata/dompdb/1gpmA3 50.000000
/nfs/cathdata/dompdb/1mxa03 51.111111
/nfs/cathdata/dompdb/1mxa01 43.333333
/nfs/cathdata/dompdb/1mxa02 53.333333
/nfs/cathdata/dompdb/1xrb02 42.222222
/nfs/cathdata/dompdb/1ytbA2 58.888889
/nfs/cathdata/dompdb/1tghA2 70.000000
/nfs/cathdata/dompdb/1vokA2 61.111111
/nfs/cathdata/dompdb/1tbpA1 61.111111
/nfs/cathdata/dompdb/1tghA1 63.333333
/nfs/cathdata/dompdb/1vokA1 70.000000
/nfs/cathdata/dompdb/1pczA1 65.555556
/nfs/cathdata/dompdb/1pczA2 61.111111
/nfs/cathdata/dompdb/1bmc02 58.888889
/nfs/cathdata/dompdb/1sebA1 48.888889
/nfs/cathdata/dompdb/1sebB1 57.777778
/tmp/2sicI0 47.777778
/nfs/cathdata/dompdb/1dih02 44.444444
/tmp/1brsD0 45.555556
/data/pdb_release/all/pdb1msc.ent 70.000000
/tmp/1unaA0 70.000000
/nfs/cathdata/dompdb/1chkA2 36.666667
/nfs/cathdata/dompdb/1svb03 33.333333
/nfs/cathdata/dompdb/1oacA4 44.444444
/tmp/1latA0 33.333333
/tmp/2nllA0 14.444444
/tmp/2nllB0 16.666667
/data/pdb_release/all/pdb1tns.ent 15.555556
/data/pdb_release/all/pdb1ife.ent 21.111111
/data/pdb_release/all/pdb1tig.ent 42.222222
/nfs/cathdata/dompdb/1hpm04 31.111111
/nfs/cathdata/dompdb/1bncA2 32.222222
/nfs/cathdata/dompdb/1iow03 51.111111
/nfs/cathdata/dompdb/1glt03 50.000000
/tmp/1humA0 37.777778
/tmp/1hrjA0 28.888889
/tmp/1domA0 31.111111
/tmp/1plfA0 40.000000
/tmp/1mgsA0 40.000000
/data/pdb_release/all/pdb3il8.ent 40.000000
/tmp/1rhpA0 37.777778
/tmp/1napA0 40.000000
/tmp/1rodA0 42.222222
/data/pdb_release/all/pdb1stu.ent 36.666667
/nfs/cathdata/dompdb/1pkp01 37.777778
/nfs/cathdata/dompdb/1pda03 41.111111
/data/pdb_release/all/pdb1ncs.ent 31.111111
/tmp/1cksA0 14.444444
/tmp/1sceA0 14.444444
/tmp/1dktA0 34.444444
/tmp/1rblM0 35.555556
/tmp/3rubS0 44.444444
/tmp/8rubS0 43.333333
/tmp/8rucI0 43.333333
/tmp/1burS0 43.333333
/nfs/cathdata/dompdb/1amg02 53.333333
/nfs/cathdata/dompdb/1amy02 53.333333
/data/pdb_release/all/pdb1zer.ent 53.333333
/data/pdb_release/all/pdb1aps.ent 48.888889
/tmp/2bopA0 51.111111
/data/pdb_release/all/pdb2pii.ent 52.222222
/tmp/2chsA0 44.444444
/nfs/cathdata/dompdb/8atcB1 52.222222
/nfs/cathdata/dompdb/2atcB1 11.111111
/tmp/1nhkL0 48.888889
/data/pdb_release/all/pdb1ndk.ent 53.333333
/tmp/1nsqA0 50.000000
/tmp/1nskL0 52.222222
/nfs/cathdata/dompdb/1rbaA1 52.222222
/nfs/cathdata/dompdb/3rubL1 54.444444
/nfs/cathdata/dompdb/8rucA1 52.222222
/nfs/cathdata/dompdb/1rblA1 54.444444
/nfs/cathdata/dompdb/1ars01 40.000000
/nfs/cathdata/dompdb/7aatA1 40.000000
/nfs/cathdata/dompdb/2cstA1 42.222222
/nfs/cathdata/dompdb/1ordA3 40.000000
/nfs/cathdata/dompdb/2dkb01 71.111111
/nfs/cathdata/dompdb/1tplA1 36.666667
/tmp/1dcoA0 38.888889
/data/pdb_release/all/pdb1vig.ent 41.111111
/tmp/1xxaA0 51.111111
/nfs/cathdata/dompdb/1bgw04 73.333333
/nfs/cathdata/dompdb/1dar05 53.333333
/nfs/cathdata/dompdb/1mla01 52.222222
/nfs/cathdata/dompdb/1psdA3 52.222222
/nfs/cathdata/dompdb/1dloA2 40.000000
/nfs/cathdata/dompdb/1mml02 55.555556
/tmp/1gluA0 14.444444
/data/pdb_release/all/pdb1hra.ent 14.444444
/tmp/1hcqA0 32.222222
/nfs/cathdata/dompdb/1bgw01 40.000000
/data/pdb_release/all/pdb1nef.ent 33.333333
/tmp/1efnB0 32.222222
/nfs/cathdata/dompdb/1gky01 52.222222
/nfs/cathdata/dompdb/1yua01 40.000000
/data/pdb_release/all/pdb1vcc.ent 53.333333
/nfs/cathdata/dompdb/1svb02 52.222222
/nfs/cathdata/dompdb/1yua02 25.555556
/tmp/1otfA0 31.111111
/data/pdb_release/all/pdb1cbn.ent 12.222222
/data/pdb_release/all/pdb1bhp.ent 32.222222
/data/pdb_release/all/pdb2plh.ent 32.222222
/data/pdb_release/all/pdb1fdx.ent 11.111111
/data/pdb_release/all/pdb1clf.ent 22.222222
/data/pdb_release/all/pdb1fca.ent 31.111111
/data/pdb_release/all/pdb1fdn.ent 51.111111
/data/pdb_release/all/pdb1blu.ent 51.111111
/data/pdb_release/all/pdb1fxd.ent 52.222222
/data/pdb_release/all/pdb2fxb.ent 52.222222
/tmp/1fxrA0 52.222222
/data/pdb_release/all/pdb1rof.ent 11.111111
/data/pdb_release/all/pdb5fd1.ent 52.222222
/data/pdb_release/all/pdb1fwp.ent 41.111111
/data/pdb_release/all/pdb1sxl.ent 41.111111
/data/pdb_release/all/pdb1fht.ent 62.222222
/data/pdb_release/all/pdb1pba.ent 34.444444
/data/pdb_release/all/pdb1ris.ent 48.888889
/data/pdb_release/all/pdb1ctf.ent 42.222222
/tmp/1spbP0 47.777778
/data/pdb_release/all/pdb1ptf.ent 53.333333
/data/pdb_release/all/pdb1poh.ent 51.111111
/data/pdb_release/all/pdb2hpr.ent 50.000000
/data/pdb_release/all/pdb1pch.ent 53.333333
/data/pdb_release/all/pdb1sxm.ent 25.555556
/data/pdb_release/all/pdb2sn3.ent 25.555556
/data/pdb_release/all/pdb1vna.ent 32.222222
/data/pdb_release/all/pdb1nra.ent 32.222222
/data/pdb_release/all/pdb1ptx.ent 36.666667
/data/pdb_release/all/pdb1lqh.ent 32.222222
/data/pdb_release/all/pdb1snb.ent 34.444444
/data/pdb_release/all/pdb1gps.ent 34.444444
/data/pdb_release/all/pdb1gpt.ent 34.444444
/data/pdb_release/all/pdb1chc.ent 28.888889
/data/pdb_release/all/pdb1caa.ent 33.333333
/data/pdb_release/all/pdb1iro.ent 22.222222
/data/pdb_release/all/pdb1rdg.ent 22.222222
/data/pdb_release/all/pdb4rxn.ent 22.222222
/data/pdb_release/all/pdb6rxn.ent 22.222222
/tmp/8rxnA0 22.222222
/tmp/1gatA0 31.111111
/data/pdb_release/all/pdb1bus.ent 11.111111
/data/pdb_release/all/pdb2ovo.ent 31.111111
/data/pdb_release/all/pdb3ovo.ent 31.111111
/nfs/cathdata/dompdb/1tbrR1 31.111111
/nfs/cathdata/dompdb/1tbrR2 40.000000
/data/pdb_release/all/pdb1ptq.ent 31.111111
/nfs/cathdata/dompdb/9wgaA1 11.111111
/nfs/cathdata/dompdb/9wgaA2 11.111111
/nfs/cathdata/dompdb/9wgaA3 11.111111
/nfs/cathdata/dompdb/9wgaA4 11.111111
/nfs/cathdata/dompdb/2cwgA2 11.111111
/nfs/cathdata/dompdb/1wgtA3 11.111111
/tmp/1tgsI0 28.888889
/tmp/1cgiI0 28.888889
/data/pdb_release/all/pdb1pce.ent 31.111111
/data/pdb_release/all/pdb1hev.ent 11.111111
/data/pdb_release/all/pdb2alr.ent 66.666667
/data/pdb_release/all/pdb1frb.ent 66.666667
/nfs/cathdata/dompdb/1rlcL2 56.666667
/nfs/cathdata/dompdb/1rblA2 56.666667
/nfs/cathdata/dompdb/1rbaA2 64.444444
/nfs/cathdata/dompdb/1oneA2 64.444444
/nfs/cathdata/dompdb/1pdz02 62.222222
/tmp/1chrA0 64.444444
/tmp/1mucA0 66.666667
/data/pdb_release/all/pdb2mnr.ent 73.333333
/nfs/cathdata/dompdb/1mdr02 63.333333
/data/pdb_release/all/pdb1gox.ent 71.111111
/tmp/1fcbB0 68.888889
/nfs/cathdata/dompdb/2tmdA1 75.555556
/data/pdb_release/all/pdb1oya.ent 65.555556
/data/pdb_release/all/pdb1add.ent 63.333333
/data/pdb_release/all/pdb1pta.ent 64.444444
/data/pdb_release/all/pdb1xis.ent 57.777778
/tmp/1ximA0 60.000000
/tmp/1xlaA0 57.777778
/tmp/1dxiA0 56.666667
/data/pdb_release/all/pdb1dtp.ent 64.444444
/tmp/1dmaA0 71.111111
/nfs/cathdata/dompdb/1dik04 56.666667
/nfs/cathdata/dompdb/1kauC2 58.888889
/nfs/cathdata/dompdb/1aa8A2 80.000000
/tmp/1hymA0 11.111111
/tmp/1cseI0 23.333333
/tmp/1ypcI0 23.333333
/data/pdb_release/all/pdb1cis.ent 25.555556
/data/pdb_release/all/pdb1mit.ent 34.444444
/nfs/cathdata/dompdb/2baa02 11.111111
/data/pdb_release/all/pdb1ica.ent 11.111111
/data/pdb_release/all/pdb1cnv.ent 63.333333
/tmp/1xyzA0 62.222222
/data/pdb_release/all/pdb1exp.ent 63.333333
/tmp/1clxA0 67.777778
/data/pdb_release/all/pdb2ebn.ent 76.666667
/data/pdb_release/all/pdb1edt.ent 74.444444
/nfs/cathdata/dompdb/1ctn02 60.000000
/data/pdb_release/all/pdb1cec.ent 63.333333
/tmp/1ghsA0 57.777778
/data/pdb_release/all/pdb1ghr.ent 65.555556
/data/pdb_release/all/pdb1cbg.ent 65.555556
/nfs/cathdata/dompdb/1amg01 57.777778
/nfs/cathdata/dompdb/1amy01 65.555556
/nfs/cathdata/dompdb/2aaa01 66.666667
/nfs/cathdata/dompdb/2taaA1 75.555556
/nfs/cathdata/dompdb/1ppi01 66.666667
/data/pdb_release/all/pdb1hny.ent 74.444444
/nfs/cathdata/dompdb/1cgt01 83.333333
/nfs/cathdata/dompdb/1cdg01 81.111111
/nfs/cathdata/dompdb/1cyg01 78.888889
/nfs/cathdata/dompdb/1ciu01 81.111111
/nfs/cathdata/dompdb/1pamA1 81.111111
/data/pdb_release/all/pdb1btc.ent 60.000000
/nfs/cathdata/dompdb/1bglA3 70.000000
/tmp/1pbgA0 71.111111
/tmp/1tpfA0 56.666667
/tmp/1ypiA0 56.666667
/tmp/1timA0 57.777778
/tmp/1treA0 56.666667
/tmp/1htiA0 56.666667
/tmp/1btmA0 57.777778
/data/pdb_release/all/pdb1ads.ent 64.444444
/data/pdb_release/all/pdb1ral.ent 68.888889
/nfs/cathdata/dompdb/1csbB2 56.666667
/nfs/cathdata/dompdb/1bmc01 72.222222
/nfs/cathdata/dompdb/1ezm01 67.777778
/nfs/cathdata/dompdb/1esp01 68.888889
/nfs/cathdata/dompdb/2tmnE1 65.555556
/nfs/cathdata/dompdb/1dhy01 73.333333
/nfs/cathdata/dompdb/1han01 73.333333
/nfs/cathdata/dompdb/1dhy02 70.000000
/nfs/cathdata/dompdb/1han02 70.000000
/data/pdb_release/all/pdb1std.ent 75.555556
/data/pdb_release/all/pdb2cba.ent 83.333333
/data/pdb_release/all/pdb1crm.ent 81.111111
/tmp/1dmxA0 93.333333
/nfs/cathdata/dompdb/1bncA3 80.000000
/nfs/cathdata/dompdb/1daaA2 73.333333
/data/pdb_release/all/pdb1gym.ent 72.222222
/nfs/cathdata/dompdb/1ami04 64.444444
/tmp/1fvpA0 71.111111
/data/pdb_release/all/pdb1nfp.ent 71.111111
/tmp/1brlB0 57.777778
/tmp/1lucA0 64.444444
/data/pdb_release/all/pdb1tml.ent 57.777778
/nfs/cathdata/dompdb/1pii02 73.333333
/nfs/cathdata/dompdb/1pii01 65.555556
/data/pdb_release/all/pdb1igs.ent 67.777778
/tmp/1wsyA0 60.000000
/nfs/cathdata/dompdb/1pkm02 62.222222
/nfs/cathdata/dompdb/1pkyA2 64.444444
/tmp/1nal10 62.222222
/tmp/1fbaA0 66.666667
/data/pdb_release/all/pdb1ald.ent 68.888889
/data/pdb_release/all/pdb1nar.ent 65.555556
/data/pdb_release/all/pdb2hvm.ent 63.333333
/data/pdb_release/all/pdb1fkb.ent 60.000000
/data/pdb_release/all/pdb1yat.ent 60.000000
/data/pdb_release/all/pdb1pbk.ent 57.777778
/data/pdb_release/all/pdb1rot.ent 61.111111
/nfs/cathdata/dompdb/1hmy02 41.111111
/tmp/2msbA0 53.333333
/data/pdb_release/all/pdb1hup.ent 58.888889
/tmp/1rtm10 55.555556
/tmp/1rdl10 53.333333
/data/pdb_release/all/pdb1aak.ent 56.666667
/data/pdb_release/all/pdb2uce.ent 58.888889
/data/pdb_release/all/pdb1ucz.ent 56.666667
/tmp/1u9aA0 56.666667
/nfs/cathdata/dompdb/1fcbA1 42.222222
/data/pdb_release/all/pdb1b5m.ent 44.444444
/data/pdb_release/all/pdb1iet.ent 23.333333
/data/pdb_release/all/pdb1cyo.ent 43.333333
/tmp/1mkaA0 65.555556
/data/pdb_release/all/pdb1onc.ent 58.888889
/data/pdb_release/all/pdb7rsa.ent 65.555556
/tmp/1bsrA0 63.333333
/data/pdb_release/all/pdb1ang.ent 64.444444
/data/pdb_release/all/pdb1agi.ent 63.333333
/nfs/cathdata/dompdb/1hpm02 64.444444
/nfs/cathdata/dompdb/2polA3 70.000000
/nfs/cathdata/dompdb/2polA2 57.777778
/nfs/cathdata/dompdb/2polA1 70.000000
/nfs/cathdata/dompdb/9pap01 43.333333
/nfs/cathdata/dompdb/1aec01 43.333333
/nfs/cathdata/dompdb/1gecE1 44.444444
/nfs/cathdata/dompdb/1ppo01 45.555556
/nfs/cathdata/dompdb/1yal01 43.333333
/nfs/cathdata/dompdb/1theA1 43.333333
/data/pdb_release/all/pdb1pgb.ent 45.555556
/data/pdb_release/all/pdb2igg.ent 43.333333
/data/pdb_release/all/pdb3fxc.ent 40.000000
/tmp/1frrA0 52.222222
/tmp/1fxiA0 51.111111
/tmp/1fxaA0 51.111111
/data/pdb_release/all/pdb1frd.ent 53.333333
/data/pdb_release/all/pdb1dox.ent 31.111111
/data/pdb_release/all/pdb1cjn.ent 52.222222
/data/pdb_release/all/pdb1doi.ent 63.333333
/data/pdb_release/all/pdb1put.ent 46.666667
/nfs/cathdata/dompdb/2pia03 54.444444
/data/pdb_release/all/pdb1ubi.ent 43.333333
/nfs/cathdata/dompdb/1lgr02 55.555556
/data/pdb_release/all/pdb1tif.ent 48.888889
/data/pdb_release/all/pdb1rfa.ent 43.333333
/tmp/1molA0 50.000000
/tmp/1stfI0 43.333333
/data/pdb_release/all/pdb1cyu.ent 50.000000
/tmp/1cewI0 47.777778
/tmp/1udiI0 51.111111
/data/pdb_release/all/pdb1fus.ent 61.111111
/data/pdb_release/all/pdb9rnt.ent 61.111111
/data/pdb_release/all/pdb1rds.ent 58.888889
/tmp/1gmpA0 52.222222
/tmp/1brnL0 45.555556
/tmp/2rbiA0 54.444444
/nfs/cathdata/dompdb/1oacA2 44.444444
/nfs/cathdata/dompdb/1prtB1 35.555556
/nfs/cathdata/dompdb/1prtC1 35.555556
/nfs/cathdata/dompdb/1ctn03 50.000000
/nfs/cathdata/dompdb/1gtrA3 51.111111
/nfs/cathdata/dompdb/1grj02 48.888889
/data/pdb_release/all/pdb1tsp.ent 83.333333
/nfs/cathdata/dompdb/1dhx01 42.222222
/nfs/cathdata/dompdb/2psg01 84.444444
/nfs/cathdata/dompdb/1mpp01 88.888889
/nfs/cathdata/dompdb/1bbs01 78.888889
/nfs/cathdata/dompdb/4cms01 84.444444
/nfs/cathdata/dompdb/1smrA1 86.666667
/nfs/cathdata/dompdb/1epmE1 84.444444
/nfs/cathdata/dompdb/1pplE1 71.111111
/nfs/cathdata/dompdb/2apr01 86.666667
/nfs/cathdata/dompdb/1psoE1 84.444444
/nfs/cathdata/dompdb/1htrB1 80.000000
/nfs/cathdata/dompdb/1jxrA1 82.222222
/nfs/cathdata/dompdb/2asi01 80.000000
/nfs/cathdata/dompdb/1smeA1 86.666667
/nfs/cathdata/dompdb/1epmE2 81.111111
/nfs/cathdata/dompdb/1pplE2 83.333333
/nfs/cathdata/dompdb/1mpp02 77.777778
/nfs/cathdata/dompdb/2asi02 82.222222
/nfs/cathdata/dompdb/2apr02 84.444444
/nfs/cathdata/dompdb/1psaA2 81.111111
/nfs/cathdata/dompdb/1lyaB2 86.666667
/nfs/cathdata/dompdb/1rne02 83.333333
/nfs/cathdata/dompdb/1cms02 81.111111
/nfs/cathdata/dompdb/1smrA2 80.000000
/nfs/cathdata/dompdb/1psoE2 83.333333
/nfs/cathdata/dompdb/1htrB2 81.111111
/nfs/cathdata/dompdb/1jxrA2 84.444444
/data/pdb_release/all/pdb2cas.ent 82.222222
/nfs/cathdata/dompdb/1rthA1 53.333333
/data/pdb_release/all/pdb1har.ent 81.111111
/nfs/cathdata/dompdb/1mml01 53.333333
/data/pdb_release/all/pdb1pgx.ent 43.333333
/data/pdb_release/all/pdb4fgf.ent 81.111111
/tmp/1afgA0 83.333333
/data/pdb_release/all/pdb1i1b.ent 81.111111
/data/pdb_release/all/pdb8i1b.ent 81.111111
/tmp/1ilr10 81.111111
/data/pdb_release/all/pdb1hcd.ent 81.111111
/data/pdb_release/all/pdb1tie.ent 83.333333
/data/pdb_release/all/pdb1wbc.ent 84.444444
/nfs/cathdata/dompdb/2aaiB2 81.111111
/nfs/cathdata/dompdb/1abrB2 78.888889
/nfs/cathdata/dompdb/2aaiB1 81.111111
/nfs/cathdata/dompdb/1abrB1 83.333333
/tmp/1msaA0 83.333333
/nfs/cathdata/dompdb/1dlc03 84.444444
/tmp/1vmoA0 71.111111
/data/pdb_release/all/pdb1hxn.ent 81.111111
/nfs/cathdata/dompdb/1fbl02 81.111111
/data/pdb_release/all/pdb1rtg.ent 81.111111
/data/pdb_release/all/pdb1pex.ent 81.111111
/data/pdb_release/all/pdb2nn9.ent 83.333333
/data/pdb_release/all/pdb2bat.ent 83.333333
/tmp/1nscA0 81.111111
/data/pdb_release/all/pdb1inv.ent 83.333333
/data/pdb_release/all/pdb1sim.ent 88.888889
/tmp/2bbkH0 86.666667
/tmp/1mdaH0 86.666667
/tmp/2madH0 0.000000
/nfs/cathdata/dompdb/1gof02 86.666667
/tmp/3aahA0 84.444444
/nfs/cathdata/dompdb/1kapP1 84.444444
/nfs/cathdata/dompdb/1sat01 84.444444
/nfs/cathdata/dompdb/1lxa01 60.000000
/data/pdb_release/all/pdb2pec.ent 85.555556
/nfs/cathdata/dompdb/2taaA2 60.000000
/nfs/cathdata/dompdb/1ppi02 70.000000
/nfs/cathdata/dompdb/1bvp12 78.888889
/data/pdb_release/all/pdb1bcx.ent 84.444444
/tmp/1enxA0 86.666667
/data/pdb_release/all/pdb1xnd.ent 88.888889
/data/pdb_release/all/pdb1xyn.ent 84.444444
/data/pdb_release/all/pdb1yna.ent 84.444444
/tmp/2pcdA0 83.333333
/tmp/2pcdM0 84.444444
/nfs/cathdata/dompdb/1dlc02 81.111111
/nfs/cathdata/dompdb/1ciy03 76.666667
/nfs/cathdata/dompdb/1ddt03 85.555556
/tmp/1gff10 74.444444
/tmp/2bpa10 80.000000
/data/pdb_release/all/pdb1jbc.ent 81.111111
/data/pdb_release/all/pdb2cna.ent 75.555556
/nfs/cathdata/dompdb/1dhx04 67.777778
/tmp/4htcI0 22.222222
/data/pdb_release/all/pdb1hic.ent 33.333333
/nfs/cathdata/dompdb/1ecl03 58.888889
/data/pdb_release/all/pdb1htp.ent 75.555556
/tmp/1dupA0 73.333333
/nfs/cathdata/dompdb/1ggtA1 81.111111
/tmp/1tsrA0 75.555556
/data/pdb_release/all/pdb1gpr.ent 86.666667
/data/pdb_release/all/pdb1f3g.ent 88.888889
/nfs/cathdata/dompdb/1aozA3 86.666667
/nfs/cathdata/dompdb/1oacA3 82.222222
/nfs/cathdata/dompdb/1bglA5 86.666667
/nfs/cathdata/dompdb/1bglA1 75.555556
/tmp/1celA0 83.333333
/tmp/1afcA0 73.333333
/tmp/2plv20 80.000000
/tmp/1rhi20 78.888889
/data/pdb_release/all/pdb1pov.ent 84.444444
/tmp/1bmv10 72.222222
/tmp/4sbvA0 65.555556
/tmp/1smvA0 65.555556
/tmp/2tbvA0 76.666667
/tmp/2bbvA0 82.222222
/tmp/1bmv20 81.111111
/tmp/1tnfA0 66.666667
/tmp/1tnrA0 78.888889
/tmp/1hlcA0 81.111111
/tmp/1sltA0 81.111111
/tmp/2ltnA0 74.444444
/tmp/1lenA0 81.111111
/tmp/1lgcA0 78.888889
/data/pdb_release/all/pdb1lte.ent 84.444444
/data/pdb_release/all/pdb1sba.ent 81.111111
/data/pdb_release/all/pdb1gsl.ent 86.666667
/tmp/2pelA0 86.666667
/tmp/1fatA0 86.666667
/tmp/1ioaA0 84.444444
/tmp/1sacA0 86.666667
/tmp/1gnhA0 86.666667
/data/pdb_release/all/pdb2ayh.ent 88.888889
/data/pdb_release/all/pdb1cpm.ent 86.666667
/data/pdb_release/all/pdb1gbg.ent 88.888889
/nfs/cathdata/dompdb/1cgt02 70.000000
/nfs/cathdata/dompdb/1cdg02 73.333333
/nfs/cathdata/dompdb/1cyg02 68.888889
/nfs/cathdata/dompdb/1ciu02 72.222222
/nfs/cathdata/dompdb/1pamA2 68.888889
/nfs/cathdata/dompdb/2aaa02 75.555556
/nfs/cathdata/dompdb/1pnf02 78.888889
/data/pdb_release/all/pdb1knb.ent 80.000000
/tmp/1sluA0 72.222222
/nfs/cathdata/dompdb/1lla02 77.777778
/nfs/cathdata/dompdb/1svb01 78.888889
/data/pdb_release/all/pdb1cyw.ent 78.888889
/nfs/cathdata/dompdb/1hcz01 73.333333
/data/pdb_release/all/pdb1thw.ent 83.333333
/tmp/1cauB0 81.111111
/nfs/cathdata/dompdb/2phlA3 81.111111
/nfs/cathdata/dompdb/2phlA2 80.000000
/data/pdb_release/all/pdb2stv.ent 70.000000
/tmp/1bbt10 64.444444
/tmp/1pov10 70.000000
/tmp/1pvc10 70.000000
/tmp/1r0910 68.888889
/tmp/1rhi10 63.333333
/tmp/1tme10 71.111111
/tmp/2mev10 66.666667
/tmp/2bpa20 81.111111
/tmp/1gff20 81.111111
/tmp/1bbt30 73.333333
/tmp/1tme30 72.222222
/tmp/2mev30 71.111111
/tmp/1r0930 71.111111
/tmp/1pov30 72.222222
/tmp/1pvc30 72.222222
/tmp/1rhi30 71.111111
/tmp/1bbt20 70.000000
/tmp/1tme20 73.333333
/tmp/2mev20 75.555556
/tmp/1r0920 70.000000
/tmp/1pvc20 81.111111
/data/pdb_release/all/pdb1arn.ent 65.555556
/tmp/1aizA0 65.555556
/data/pdb_release/all/pdb1aaj.ent 57.777778
/nfs/cathdata/dompdb/1aozA1 71.111111
/nfs/cathdata/dompdb/1aozA2 78.888889
/nfs/cathdata/dompdb/1gof03 70.000000
/nfs/cathdata/dompdb/1nif01 84.444444
/nfs/cathdata/dompdb/1afnA1 86.666667
/nfs/cathdata/dompdb/1nif02 86.666667
/nfs/cathdata/dompdb/1ntd02 88.888889
/tmp/1eta10 63.333333
/tmp/1tfpA0 66.666667
/tmp/1sxaA0 86.666667
/tmp/1srdA0 73.333333
/data/pdb_release/all/pdb1jcv.ent 86.666667
/tmp/1sosA0 86.666667
/tmp/1xsoA0 86.666667
/data/pdb_release/all/pdb1akp.ent 68.888889
/data/pdb_release/all/pdb1acx.ent 72.222222
/data/pdb_release/all/pdb1noa.ent 76.666667
/data/pdb_release/all/pdb2mcm.ent 78.888889
/nfs/cathdata/dompdb/1clc01 68.888889
/nfs/cathdata/dompdb/1ctn01 71.111111
/data/pdb_release/all/pdb1exg.ent 78.888889
/nfs/cathdata/dompdb/1bglA4 66.666667
/nfs/cathdata/dompdb/1bglA2 66.666667
/nfs/cathdata/dompdb/1svcP3 81.111111
/nfs/cathdata/dompdb/1svb04 64.444444
/nfs/cathdata/dompdb/1gof01 62.222222
/nfs/cathdata/dompdb/2sblB1 57.777778
/nfs/cathdata/dompdb/1hplA2 73.333333
/nfs/cathdata/dompdb/1lpbB2 72.222222
/nfs/cathdata/dompdb/1pgs01 78.888889
/data/pdb_release/all/pdb1ten.ent 66.666667
/nfs/cathdata/dompdb/1fnf01 64.444444
/nfs/cathdata/dompdb/1fnf02 66.666667
/nfs/cathdata/dompdb/1fnf03 73.333333
/nfs/cathdata/dompdb/1cfb01 57.777778
/nfs/cathdata/dompdb/1cfb02 66.666667
/tmp/1wapA0 66.666667
/data/pdb_release/all/pdb1ncg.ent 64.444444
/data/pdb_release/all/pdb1suh.ent 68.888889
/nfs/cathdata/dompdb/1ggtA4 64.444444
/nfs/cathdata/dompdb/1cgt04 71.111111
/nfs/cathdata/dompdb/1cdg04 71.111111
/nfs/cathdata/dompdb/1cyg04 71.111111
/data/pdb_release/all/pdb1kul.ent 48.888889
/nfs/cathdata/dompdb/1ciu04 68.888889
/nfs/cathdata/dompdb/1pamA4 68.888889
/nfs/cathdata/dompdb/1cgt03 71.111111
/nfs/cathdata/dompdb/1cdg03 71.111111
/nfs/cathdata/dompdb/1cyg03 66.666667
/nfs/cathdata/dompdb/1ciu03 64.444444
/nfs/cathdata/dompdb/1pamA3 70.000000
/data/pdb_release/all/pdb1rsy.ent 65.555556
/data/pdb_release/all/pdb1plc.ent 58.888889
/data/pdb_release/all/pdb9pcy.ent 57.777778
/data/pdb_release/all/pdb2plt.ent 66.666667
/data/pdb_release/all/pdb7pcy.ent 73.333333
/data/pdb_release/all/pdb1pla.ent 68.888889
/data/pdb_release/all/pdb1nin.ent 57.777778
/data/pdb_release/all/pdb1paz.ent 76.666667
/data/pdb_release/all/pdb1pmy.ent 78.888889
/data/pdb_release/all/pdb1zia.ent 76.666667
/tmp/1adwA0 76.666667
/tmp/1vlxA0 63.333333
/nfs/cathdata/dompdb/1vgeH1 78.888889
/nfs/cathdata/dompdb/1yuhB1 78.888889
/nfs/cathdata/dompdb/1clyH1 76.666667
/nfs/cathdata/dompdb/1kelH1 76.666667
/nfs/cathdata/dompdb/1nldH1 73.333333
/nfs/cathdata/dompdb/1ghfH1 81.111111
/nfs/cathdata/dompdb/1ospH1 81.111111
/nfs/cathdata/dompdb/1mimH1 78.888889
/nfs/cathdata/dompdb/1cloH1 81.111111
/nfs/cathdata/dompdb/1plgL1 76.666667
/nfs/cathdata/dompdb/1ghfL1 70.000000
/nfs/cathdata/dompdb/1clzL1 80.000000
/nfs/cathdata/dompdb/1kelL1 81.111111
/nfs/cathdata/dompdb/1gafL1 81.111111
/nfs/cathdata/dompdb/1iaiL1 57.777778
/nfs/cathdata/dompdb/1aifA1 60.000000
/nfs/cathdata/dompdb/1vgeL1 81.111111
/nfs/cathdata/dompdb/1nldL1 80.000000
/nfs/cathdata/dompdb/1ospL1 70.000000
/nfs/cathdata/dompdb/1mimL1 77.777778
/nfs/cathdata/dompdb/1lilA1 77.777778
/nfs/cathdata/dompdb/1cloL1 82.222222
/nfs/cathdata/dompdb/1bec01 76.666667
/nfs/cathdata/dompdb/1tcrB1 81.111111
/data/pdb_release/all/pdb1tit.ent 55.555556
/data/pdb_release/all/pdb1cid.ent 83.333333
/data/pdb_release/all/pdb3cd4.ent 81.111111
/data/pdb_release/all/pdb1hoe.ent 57.777778
/nfs/cathdata/dompdb/3hhrB1 60.000000
/nfs/cathdata/dompdb/3hhrB2 60.000000
/nfs/cathdata/dompdb/1fieA3 66.666667
/nfs/cathdata/dompdb/1hft01 68.888889
/data/pdb_release/all/pdb1ttf.ent 64.444444
/nfs/cathdata/dompdb/1hilA1 78.888889
/nfs/cathdata/dompdb/1ggbL1 77.777778
/nfs/cathdata/dompdb/1gigL1 80.000000
/nfs/cathdata/dompdb/1mfeL1 81.111111
/nfs/cathdata/dompdb/1igfL1 80.000000
/nfs/cathdata/dompdb/1lmkA2 81.111111
/nfs/cathdata/dompdb/1mcbA1 78.888889
/nfs/cathdata/dompdb/1mlbA1 77.777778
/nfs/cathdata/dompdb/3hfmL1 81.111111
/nfs/cathdata/dompdb/1opgL1 66.666667
/nfs/cathdata/dompdb/1ncaL1 77.777778
/nfs/cathdata/dompdb/1tetL1 78.888889
/nfs/cathdata/dompdb/2fb4L1 76.666667
/nfs/cathdata/dompdb/2fbjL1 80.000000
/nfs/cathdata/dompdb/6fabL1 80.000000
/nfs/cathdata/dompdb/7fabL1 68.888889
/nfs/cathdata/dompdb/8fabA1 81.111111
/nfs/cathdata/dompdb/1eapA1 78.888889
/nfs/cathdata/dompdb/1figL1 68.888889
/nfs/cathdata/dompdb/1forL1 72.222222
/nfs/cathdata/dompdb/1ibgL1 80.000000
/nfs/cathdata/dompdb/1igcL1 76.666667
/nfs/cathdata/dompdb/1jelL1 78.888889
/nfs/cathdata/dompdb/1nsnL1 73.333333
/nfs/cathdata/dompdb/2gfbA1 78.888889
/tmp/1dvfC0 76.666667
/tmp/1dvfD0 76.666667
/data/pdb_release/all/pdb1vhp.ent 60.000000
/nfs/cathdata/dompdb/1gafH1 76.666667
/nfs/cathdata/dompdb/1iaiH1 81.111111
/nfs/cathdata/dompdb/1aifB1 80.000000
/nfs/cathdata/dompdb/1ngpH1 74.444444
/nfs/cathdata/dompdb/1plgH1 81.111111
/nfs/cathdata/dompdb/1mlbB1 81.111111
/nfs/cathdata/dompdb/2cgrH1 78.888889
/nfs/cathdata/dompdb/1eapB1 78.888889
/nfs/cathdata/dompdb/1faiH1 86.666667
/nfs/cathdata/dompdb/1fbiH1 83.333333
/nfs/cathdata/dompdb/1figH1 81.111111
/nfs/cathdata/dompdb/1forH1 83.333333
/nfs/cathdata/dompdb/1fptH1 81.111111
/nfs/cathdata/dompdb/1frgH1 72.222222
/nfs/cathdata/dompdb/1gigH1 81.111111
/nfs/cathdata/dompdb/1ibgH1 81.111111
/nfs/cathdata/dompdb/1igcH1 76.666667
/nfs/cathdata/dompdb/1igjB1 68.888889
/nfs/cathdata/dompdb/1ikfH1 81.111111
/nfs/cathdata/dompdb/1jelH1 76.666667
/nfs/cathdata/dompdb/1mrcH1 81.111111
/nfs/cathdata/dompdb/1nsnH1 81.111111
/nfs/cathdata/dompdb/1opgH1 71.111111
/nfs/cathdata/dompdb/1rmfH1 78.888889
/nfs/cathdata/dompdb/2fgwH1 74.444444
/nfs/cathdata/dompdb/2gfbB1 72.222222
/nfs/cathdata/dompdb/6fabH1 81.111111
/nfs/cathdata/dompdb/1acyL1 80.000000
/nfs/cathdata/dompdb/1bafL1 80.000000
/nfs/cathdata/dompdb/1bbdL1 78.888889
/nfs/cathdata/dompdb/1bqlL1 70.000000
/nfs/cathdata/dompdb/2cgrL1 77.777778
/nfs/cathdata/dompdb/1dbbL1 64.444444
/nfs/cathdata/dompdb/1dfbL1 78.888889
/nfs/cathdata/dompdb/1faiL1 71.111111
/nfs/cathdata/dompdb/1mamL1 71.111111
/nfs/cathdata/dompdb/1ikfL1 80.000000
/nfs/cathdata/dompdb/1frgL1 78.888889
/tmp/1wtlA0 77.777778
/tmp/1breA0 76.666667
/tmp/1fvcB0 78.888889
/tmp/1jhlH0 78.888889
/tmp/1vfaB0 78.888889
/tmp/1igmH0 76.666667
/tmp/1mfaL0 0.000000
/tmp/1fgvH0 81.111111
/tmp/1nmaH0 80.000000
/tmp/2bjl10 83.333333
/nfs/cathdata/dompdb/8fabB1 74.444444
/nfs/cathdata/dompdb/2fb4H1 74.444444
/nfs/cathdata/dompdb/1acyH1 87.777778
/nfs/cathdata/dompdb/1bbdH1 81.111111
/nfs/cathdata/dompdb/2hflH1 76.666667
/nfs/cathdata/dompdb/2fbjH1 81.111111
/nfs/cathdata/dompdb/1hilB1 72.222222
/nfs/cathdata/dompdb/1nbvH1 67.777778
/nfs/cathdata/dompdb/7fabH1 78.888889
/nfs/cathdata/dompdb/1indH1 72.222222
/nfs/cathdata/dompdb/1tetH1 78.888889
/nfs/cathdata/dompdb/1mamH1 81.111111
/nfs/cathdata/dompdb/1ncaH1 78.888889
/nfs/cathdata/dompdb/1dbbH1 80.000000
/nfs/cathdata/dompdb/1dfbH1 78.888889
/nfs/cathdata/dompdb/1flrH1 78.888889
/nfs/cathdata/dompdb/1ggbH1 75.555556
/nfs/cathdata/dompdb/1igfH1 70.000000
/nfs/cathdata/dompdb/1bafH1 78.888889
/nfs/cathdata/dompdb/3hfmH1 76.666667
/nfs/cathdata/dompdb/1mcpH1 78.888889
/nfs/cathdata/dompdb/1lmkA1 78.888889
/nfs/cathdata/dompdb/1mfbH1 78.888889
/nfs/cathdata/dompdb/1fc2D2 66.666667
/nfs/cathdata/dompdb/1gigL2 70.000000
/nfs/cathdata/dompdb/1kelL2 81.111111
/nfs/cathdata/dompdb/1gafL2 70.000000
/nfs/cathdata/dompdb/2fb4L2 67.777778
/nfs/cathdata/dompdb/1yuhB2 31.111111
/nfs/cathdata/dompdb/1clzH2 66.666667
/nfs/cathdata/dompdb/1fc2D1 67.777778
/nfs/cathdata/dompdb/1fruA2 73.333333
/tmp/1hsbB0 60.000000
/tmp/1mhcB0 60.000000
/tmp/1fruB0 60.000000
/data/pdb_release/all/pdb1bmg.ent 68.888889
/nfs/cathdata/dompdb/1dlhA2 60.000000
/nfs/cathdata/dompdb/1sebB2 62.222222
/nfs/cathdata/dompdb/1bec02 86.666667
/nfs/cathdata/dompdb/1vcaA2 66.666667
/data/pdb_release/all/pdb1tnm.ent 71.111111
/nfs/cathdata/dompdb/1vcaA1 67.777778
/data/pdb_release/all/pdb1tlk.ent 65.555556
/nfs/cathdata/dompdb/1hft02 68.888889
/data/pdb_release/all/pdb1cd8.ent 81.111111
/nfs/cathdata/dompdb/1igjA1 78.888889
/tmp/1nmbL0 71.111111
/data/pdb_release/all/pdb2rhe.ent 81.111111
/tmp/1fgvL0 78.888889
/data/pdb_release/all/pdb2imn.ent 77.777778
/tmp/1reiA0 76.666667
/tmp/1fvcA0 80.000000
/tmp/1igmL0 78.888889
/tmp/1jhlL0 78.888889
/tmp/1ivlA0 78.888889
/tmp/1vfaA0 78.888889
/data/pdb_release/all/pdb1pho.ent 75.555556
/data/pdb_release/all/pdb1omf.ent 83.333333
/data/pdb_release/all/pdb3bcl.ent 88.888889
/nfs/cathdata/dompdb/1amm01 64.444444
/nfs/cathdata/dompdb/1amm02 62.222222
/nfs/cathdata/dompdb/2bb202 68.888889
/nfs/cathdata/dompdb/2gcr01 66.666667
/nfs/cathdata/dompdb/2gcr02 68.888889
/nfs/cathdata/dompdb/1elpA1 66.666667
/nfs/cathdata/dompdb/1elpA2 63.333333
/nfs/cathdata/dompdb/2bb201 68.888889
/nfs/cathdata/dompdb/1prr01 64.444444
/nfs/cathdata/dompdb/1prr02 58.888889
/tmp/1mdaL0 68.888889
/tmp/2bbkL0 57.777778
/data/pdb_release/all/pdb1cdb.ent 51.111111
/nfs/cathdata/dompdb/1hngA1 71.111111
/tmp/1cdcA0 60.000000
/nfs/cathdata/dompdb/1hnf02 62.222222
/nfs/cathdata/dompdb/1hngA2 64.444444
/tmp/1mfaH0 0.000000
/nfs/cathdata/dompdb/2fbjH2 44.444444
/nfs/cathdata/dompdb/1mcpH2 62.222222
/nfs/cathdata/dompdb/1hocA2 42.222222
/nfs/cathdata/dompdb/1hsaA2 60.000000
/nfs/cathdata/dompdb/1vaaA2 60.000000
/nfs/cathdata/dompdb/1hsbA2 71.111111
/nfs/cathdata/dompdb/1mhcA2 64.444444
/nfs/cathdata/dompdb/8fabB2 71.111111
/nfs/cathdata/dompdb/1kelH2 70.000000
/nfs/cathdata/dompdb/1bbdH2 68.888889
/nfs/cathdata/dompdb/1ospH2 68.888889
/nfs/cathdata/dompdb/1eapB2 66.666667
/tmp/1lopA0 83.333333
/data/pdb_release/all/pdb2cpl.ent 84.444444
/tmp/1cynA0 84.444444
/tmp/2rmcA0 83.333333
/nfs/cathdata/dompdb/1bucA2 75.555556
/nfs/cathdata/dompdb/3mddA2 67.777778
/nfs/cathdata/dompdb/1kxf02 66.666667
/nfs/cathdata/dompdb/1vcpA2 68.888889
/tmp/1smpI0 70.000000
/nfs/cathdata/dompdb/1svcP1 70.000000
/tmp/1sriA0 70.000000
/tmp/1avdA0 71.111111
/data/pdb_release/all/pdb1hbq.ent 75.555556
/data/pdb_release/all/pdb1rbp.ent 75.555556
/tmp/1epaA0 86.666667
/tmp/1bbpA0 80.000000
/data/pdb_release/all/pdb1mup.ent 86.666667
/data/pdb_release/all/pdb1ifc.ent 78.888889
/data/pdb_release/all/pdb1hmr.ent 74.444444
/tmp/1opaA0 77.777778
/data/pdb_release/all/pdb1adl.ent 78.888889
/data/pdb_release/all/pdb1crb.ent 78.888889
/tmp/1cbiA0 78.888889
/tmp/1ftpA0 76.666667
/data/pdb_release/all/pdb1cbs.ent 72.222222
/tmp/1pmpA0 78.888889
/data/pdb_release/all/pdb1mdc.ent 75.555556
/nfs/cathdata/dompdb/7catA1 76.666667
/data/pdb_release/all/pdb1cae.ent 68.888889
/nfs/cathdata/dompdb/1dar02 81.111111
/nfs/cathdata/dompdb/1gtrA4 68.888889
/data/pdb_release/all/pdb1prn.ent 75.555556
/data/pdb_release/all/pdb2por.ent 77.777778
/nfs/cathdata/dompdb/1ppfE1 60.000000
/nfs/cathdata/dompdb/1svpA1 51.111111
/nfs/cathdata/dompdb/1vcpA1 45.555556
/nfs/cathdata/dompdb/1sgt02 66.666667
/nfs/cathdata/dompdb/1hylA1 77.777778
/nfs/cathdata/dompdb/1try02 60.000000
/nfs/cathdata/dompdb/1sgpE1 61.111111
/nfs/cathdata/dompdb/1hpgA1 52.222222
/nfs/cathdata/dompdb/2sga01 51.111111
/nfs/cathdata/dompdb/2alp01 68.888889
/nfs/cathdata/dompdb/1tal01 68.888889
/nfs/cathdata/dompdb/2sfa01 78.888889
/nfs/cathdata/dompdb/1arb02 71.111111
/nfs/cathdata/dompdb/1hylA2 61.111111
/nfs/cathdata/dompdb/1sgpE2 62.222222
/nfs/cathdata/dompdb/1gbaA2 60.000000
/nfs/cathdata/dompdb/1hpgA2 62.222222
/nfs/cathdata/dompdb/2sga02 62.222222
/nfs/cathdata/dompdb/1tal02 68.888889
/nfs/cathdata/dompdb/2sfa02 72.222222
/nfs/cathdata/dompdb/1arb01 68.888889
/nfs/cathdata/dompdb/1cnd01 68.888889
/nfs/cathdata/dompdb/1ndh01 71.111111
/nfs/cathdata/dompdb/2pia01 71.111111
/nfs/cathdata/dompdb/1fnb01 100.000000
/nfs/cathdata/dompdb/1que01 68.888889
/nfs/cathdata/dompdb/1pkm03 58.888889
/nfs/cathdata/dompdb/1pkn03 48.888889
/nfs/cathdata/dompdb/1pkyA3 62.222222
/nfs/cathdata/dompdb/1pkyC3 36.666667
/nfs/cathdata/dompdb/1eft02 81.111111
/nfs/cathdata/dompdb/1efuA2 81.111111
/data/pdb_release/all/pdb1clh.ent 74.444444
/tmp/1tcwA0 60.000000
/tmp/1cpiA0 60.000000
/tmp/2rspA0 76.666667
/nfs/cathdata/dompdb/1pnkB3 65.555556
/nfs/cathdata/dompdb/1eft03 60.000000
/nfs/cathdata/dompdb/1efuA3 64.444444
/tmp/1ucyE0 54.444444
/tmp/1aksB0 50.000000
/tmp/2pkaB0 70.000000
/nfs/cathdata/dompdb/1hcgA1 53.333333
/nfs/cathdata/dompdb/1thsH1 61.111111
/nfs/cathdata/dompdb/1brbE1 61.111111
/nfs/cathdata/dompdb/4ptp01 61.111111
/nfs/cathdata/dompdb/1mctA1 57.777778
/nfs/cathdata/dompdb/1etrH1 57.777778
/nfs/cathdata/dompdb/1bit01 61.111111
/nfs/cathdata/dompdb/1trnA1 61.111111
/nfs/cathdata/dompdb/1try01 61.111111
/nfs/cathdata/dompdb/5chaA1 61.111111
/nfs/cathdata/dompdb/1sgt01 61.111111
/nfs/cathdata/dompdb/1lmwB1 61.111111
/nfs/cathdata/dompdb/1elg01 61.111111
/nfs/cathdata/dompdb/1elt01 61.111111
/nfs/cathdata/dompdb/1ton01 60.000000
/tmp/1mtnC0 52.222222
/nfs/cathdata/dompdb/1tbs01 61.111111
/nfs/cathdata/dompdb/1pfxC1 63.333333
/nfs/cathdata/dompdb/1fonA1 57.777778
/nfs/cathdata/dompdb/1pytD1 60.000000
/nfs/cathdata/dompdb/1rtfB1 60.000000
/nfs/cathdata/dompdb/1fujA1 57.777778
/nfs/cathdata/dompdb/1dst01 61.111111
/nfs/cathdata/dompdb/3rp2A1 73.333333
/tmp/1ceaA0 22.222222
/tmp/1pmlA0 23.333333
/data/pdb_release/all/pdb1kdu.ent 23.333333
/data/pdb_release/all/pdb1krn.ent 22.222222
/data/pdb_release/all/pdb1bw3.ent 56.666667
/tmp/1ihvA0 51.111111
/nfs/cathdata/dompdb/1hcz02 33.333333
/data/pdb_release/all/pdb1lab.ent 33.333333
/data/pdb_release/all/pdb1bdo.ent 60.000000
/data/pdb_release/all/pdb1afp.ent 33.333333
/tmp/1bovA0 52.222222
/data/pdb_release/all/pdb1mjc.ent 51.111111
/data/pdb_release/all/pdb1csp.ent 51.111111
/data/pdb_release/all/pdb1krs.ent 45.555556
/nfs/cathdata/dompdb/1lylA1 55.555556
/nfs/cathdata/dompdb/1asyA1 61.111111
/data/pdb_release/all/pdb1bgh.ent 72.222222
/data/pdb_release/all/pdb1rip.ent 0.000000
/tmp/1prtD0 52.222222
/tmp/1prtF0 52.222222
/nfs/cathdata/dompdb/1tssA2 64.444444
/nfs/cathdata/dompdb/1prtB2 54.444444
/nfs/cathdata/dompdb/1prtC2 60.000000
/tmp/1ltsD0 58.888889
/tmp/1chbD0 61.111111
/data/pdb_release/all/pdb2sns.ent 71.111111
/nfs/cathdata/dompdb/1bco02 51.111111
/nfs/cathdata/dompdb/1esfA1 63.333333
/nfs/cathdata/dompdb/1sebD1 67.777778
/nfs/cathdata/dompdb/1se201 63.333333
/tmp/1fivA0 68.888889
/tmp/1idaA0 57.777778
/tmp/1hivA0 68.888889
/data/pdb_release/all/pdb1dro.ent 50.000000
/nfs/cathdata/dompdb/1hleA1 63.333333
/nfs/cathdata/dompdb/1ovaA1 71.111111
/nfs/cathdata/dompdb/1kauC1 83.333333
/nfs/cathdata/dompdb/2kauC1 63.333333
/tmp/1ucyH0 71.111111
/nfs/cathdata/dompdb/3rp2A2 68.888889
/nfs/cathdata/dompdb/1ihsH2 71.111111
/nfs/cathdata/dompdb/1gctA2 66.666667
/nfs/cathdata/dompdb/1elg02 66.666667
/nfs/cathdata/dompdb/1brbE2 71.111111
/nfs/cathdata/dompdb/4ptp02 62.222222
/nfs/cathdata/dompdb/1elt02 61.111111
/nfs/cathdata/dompdb/1hneE2 60.000000
/nfs/cathdata/dompdb/1mctA2 66.666667
/nfs/cathdata/dompdb/1etrH2 82.222222
/nfs/cathdata/dompdb/1bit02 66.666667
/nfs/cathdata/dompdb/1trnA2 71.111111
/nfs/cathdata/dompdb/1ton02 77.777778
/tmp/2pkaA0 51.111111
/tmp/1mtnB0 60.000000
/tmp/1aksA0 57.777778
/nfs/cathdata/dompdb/1tbs02 68.888889
/nfs/cathdata/dompdb/1pfxC2 68.888889
/nfs/cathdata/dompdb/1fonA2 77.777778
/nfs/cathdata/dompdb/1pytD2 68.888889
/nfs/cathdata/dompdb/1fujA2 66.666667
/nfs/cathdata/dompdb/1rtfB2 71.111111
/nfs/cathdata/dompdb/1dst02 72.222222
/nfs/cathdata/dompdb/1hcgA2 68.888889
/nfs/cathdata/dompdb/1lmwB2 57.777778
/data/pdb_release/all/pdb1pk4.ent 22.222222
/data/pdb_release/all/pdb2pf1.ent 26.666667
/data/pdb_release/all/pdb1ahl.ent 22.222222
/data/pdb_release/all/pdb1atx.ent 42.222222
/data/pdb_release/all/pdb1sh1.ent 42.222222
/data/pdb_release/all/pdb1apf.ent 22.222222
/nfs/cathdata/dompdb/1dar03 31.111111
/nfs/cathdata/dompdb/1elo03 11.111111
/data/pdb_release/all/pdb1tfi.ent 33.333333
/tmp/4sgbI0 33.333333
/data/pdb_release/all/pdb1tih.ent 33.333333
/nfs/cathdata/dompdb/1raaB2 46.666667
/nfs/cathdata/dompdb/2atcB2 0.000000
/nfs/cathdata/dompdb/1ytfD2 33.333333
/tmp/1ytfC0 31.111111
/data/pdb_release/all/pdb1sso.ent 37.777778
/data/pdb_release/all/pdb1sap.ent 60.000000
/data/pdb_release/all/pdb1hsp.ent 0.000000
/data/pdb_release/all/pdb1gfc.ent 22.222222
/tmp/1aboA0 51.111111
/tmp/1cskA0 42.222222
/tmp/1ckaA0 42.222222
/tmp/1gbrA0 42.222222
/data/pdb_release/all/pdb1shg.ent 51.111111
/tmp/1shfA0 51.111111
/tmp/1nloC0 33.333333
/data/pdb_release/all/pdb1pnj.ent 51.111111
/tmp/1semA0 51.111111
/nfs/cathdata/dompdb/1lckA1 51.111111
/data/pdb_release/all/pdb1tud.ent 51.111111
/data/pdb_release/all/pdb1tuc.ent 51.111111
/nfs/cathdata/dompdb/1ad5A1 51.111111
/data/pdb_release/all/pdb1pls.ent 68.888889
/tmp/1dynA0 75.555556
/data/pdb_release/all/pdb1btn.ent 67.777778
/tmp/1tgxA0 51.111111
/data/pdb_release/all/pdb1nea.ent 51.111111
/data/pdb_release/all/pdb1nor.ent 51.111111
/data/pdb_release/all/pdb1ntx.ent 51.111111
/data/pdb_release/all/pdb1fas.ent 51.111111
/tmp/1cdtA0 51.111111
/data/pdb_release/all/pdb2crs.ent 53.333333
/data/pdb_release/all/pdb1ntn.ent 54.444444
/data/pdb_release/all/pdb1tfs.ent 51.111111
/data/pdb_release/all/pdb1lsi.ent 33.333333
/nfs/cathdata/dompdb/1psi01 70.000000
/nfs/cathdata/dompdb/2achA2 78.888889
/tmp/1bi6H0 22.222222
/data/pdb_release/all/pdb1tpm.ent 51.111111
/nfs/cathdata/dompdb/1hfh01 33.333333
/data/pdb_release/all/pdb1hcc.ent 42.222222
/tmp/1lpbA0 42.222222
/nfs/cathdata/dompdb/1antI1 65.555556
/tmp/1hcnB0 42.222222
/tmp/1hcnA0 63.333333
/tmp/1pdgA0 57.777778
/data/pdb_release/all/pdb2tgi.ent 71.111111
/tmp/1klaA0 43.333333
/data/pdb_release/all/pdb1tgj.ent 71.111111
/data/pdb_release/all/pdb1bet.ent 70.000000
/tmp/1bndA0 73.333333
/tmp/1bndB0 62.222222
/data/pdb_release/all/pdb1fbr.ent 51.111111
/tmp/1umuA0 63.333333
/data/pdb_release/all/pdb1ctl.ent 48.888889
/data/pdb_release/all/pdb1iml.ent 48.888889
/nfs/cathdata/dompdb/1extB1 48.888889
/tmp/2kauB0 51.111111
/tmp/1rprA0 12.222222
/tmp/1fc2C0 14.444444
/tmp/1spzZ0 13.333333
/data/pdb_release/all/pdb1edi.ent 15.555556
/data/pdb_release/all/pdb2pdd.ent 12.222222
/data/pdb_release/all/pdb1bal.ent 14.444444
/tmp/1csbA0 12.222222
/tmp/1htrP0 14.444444
/nfs/cathdata/dompdb/1ilk02 17.777778
/data/pdb_release/all/pdb1bha.ent 17.777778
/nfs/cathdata/dompdb/1grj01 35.555556
/nfs/cathdata/dompdb/1sesA1 18.888889
/data/pdb_release/all/pdb1pdc.ent 22.222222
/tmp/2achB0 22.222222
/data/pdb_release/all/pdb1egf.ent 22.222222
/data/pdb_release/all/pdb1apo.ent 0.000000
/data/pdb_release/all/pdb1fsb.ent 22.222222
/data/pdb_release/all/pdb1hre.ent 0.000000
/data/pdb_release/all/pdb1yuf.ent 22.222222
/tmp/1hcgB0 40.000000
/data/pdb_release/all/pdb1ata.ent 40.000000
/nfs/cathdata/dompdb/1ncfA2 42.222222
/data/pdb_release/all/pdb1cdq.ent 40.000000
/tmp/1kbaA0 52.222222
/tmp/2abxA0 0.000000
/tmp/1abtA0 22.222222
/data/pdb_release/all/pdb3ebx.ent 53.333333
/data/pdb_release/all/pdb2ctx.ent 51.111111
/data/pdb_release/all/pdb2cdx.ent 33.333333
/tmp/1kxiA0 51.111111
/data/pdb_release/all/pdb1cre.ent 22.222222
/data/pdb_release/all/pdb1cod.ent 53.333333
/data/pdb_release/all/pdb1drs.ent 42.222222
/data/pdb_release/all/pdb1lki.ent 18.888889
/tmp/3inkC0 40.000000
/data/pdb_release/all/pdb1hgu.ent 21.111111
/data/pdb_release/all/pdb1huw.ent 24.444444
/tmp/3hhrA0 26.666667
/data/pdb_release/all/pdb1lpt.ent 21.111111
/data/pdb_release/all/pdb1lip.ent 22.222222
/data/pdb_release/all/pdb1mzm.ent 22.222222
/data/pdb_release/all/pdb1hyp.ent 17.777778
/nfs/cathdata/dompdb/1dlc01 25.555556
/nfs/cathdata/dompdb/1ciy01 25.555556
/tmp/1etrL0 11.111111
/tmp/1tbrJ0 14.444444
/tmp/3aahB0 11.111111
/tmp/4aahB0 11.111111
/tmp/1olgA0 11.111111
/tmp/2bbvD0 11.111111
/data/pdb_release/all/pdb2ifo.ent 11.111111
/tmp/1pfiA0 12.222222
/tmp/1junA0 11.111111
/data/pdb_release/all/pdb1tvs.ent 16.666667
/tmp/1ysaC0 11.111111
/data/pdb_release/all/pdb1aml.ent 14.444444
/data/pdb_release/all/pdb125d.ent 14.444444
/data/pdb_release/all/pdb1cld.ent 12.222222
/tmp/1d66A0 15.555556
/data/pdb_release/all/pdb1pyc.ent 12.222222
/nfs/cathdata/dompdb/1poxA4 12.222222
/tmp/1ltsC0 14.444444
/tmp/1xtcC0 14.444444
/tmp/1scmA0 14.444444
/tmp/1mdyB0 12.222222
/data/pdb_release/all/pdb1bct.ent 14.444444
/nfs/cathdata/dompdb/1pcrL2 16.666667
/nfs/cathdata/dompdb/1prcL2 22.222222
/nfs/cathdata/dompdb/1pcrM2 25.555556
/nfs/cathdata/dompdb/1prcM2 23.333333
/nfs/cathdata/dompdb/1dik05 16.666667
/tmp/1bcfA0 20.000000
/data/pdb_release/all/pdb1fha.ent 21.111111
/data/pdb_release/all/pdb1ier.ent 23.333333
/data/pdb_release/all/pdb1rcc.ent 23.333333
/tmp/2ccyA0 17.777778
/data/pdb_release/all/pdb1cpq.ent 20.000000
/tmp/1bbhA0 16.666667
/data/pdb_release/all/pdb1cgn.ent 21.111111
/data/pdb_release/all/pdb1lpe.ent 20.000000
/data/pdb_release/all/pdb2asr.ent 16.666667
/data/pdb_release/all/pdb1vls.ent 18.888889
/data/pdb_release/all/pdb1aep.ent 17.777778
/tmp/256bA0 16.666667
/tmp/2hmqA0 14.444444
/data/pdb_release/all/pdb2mhr.ent 14.444444
/tmp/2tmvP0 30.000000
/tmp/1rmvA0 14.444444
/nfs/cathdata/dompdb/2ilk01 23.333333
/nfs/cathdata/dompdb/1vlk01 20.000000
/nfs/cathdata/dompdb/1bucA3 16.666667
/nfs/cathdata/dompdb/3mddA3 16.666667
/nfs/cathdata/dompdb/1chkA1 30.000000
/data/pdb_release/all/pdb1lis.ent 18.888889
/data/pdb_release/all/pdb1rcb.ent 37.777778
/tmp/1gmfA0 36.666667
/tmp/1bgeA0 18.888889
/tmp/1rhgA0 17.777778
/data/pdb_release/all/pdb1bgc.ent 21.111111
/nfs/cathdata/dompdb/1whtA2 13.333333
/data/pdb_release/all/pdb2erl.ent 13.333333
/nfs/cathdata/dompdb/1ytfD1 12.222222
/nfs/cathdata/dompdb/1mtyG1 13.333333
/nfs/cathdata/dompdb/1mhyG1 13.333333
/tmp/1ecmA0 15.555556
/nfs/cathdata/dompdb/1lxa02 14.444444
/data/pdb_release/all/pdb1acp.ent 17.777778
/data/pdb_release/all/pdb1aca.ent 16.666667
/nfs/cathdata/dompdb/1pcrM1 18.888889
/nfs/cathdata/dompdb/1prcM1 15.555556
/nfs/cathdata/dompdb/1pcrL1 37.777778
/nfs/cathdata/dompdb/1prcL1 20.000000
/nfs/cathdata/dompdb/3sdpA1 15.555556
/nfs/cathdata/dompdb/1mngA1 20.000000
/nfs/cathdata/dompdb/1svcP2 15.555556
/nfs/cathdata/dompdb/1nfkA2 14.444444
/nfs/cathdata/dompdb/1mtyG2 16.666667
/nfs/cathdata/dompdb/1mhyG2 16.666667
/nfs/cathdata/dompdb/2minB4 15.555556
/nfs/cathdata/dompdb/1mioB3 16.666667
/data/pdb_release/all/pdb1poc.ent 38.888889
/data/pdb_release/all/pdb1ppa.ent 17.777778
/data/pdb_release/all/pdb1poa.ent 33.333333
/data/pdb_release/all/pdb4bp2.ent 34.444444
/data/pdb_release/all/pdb1pod.ent 33.333333
/tmp/3p2pA0 32.222222
/tmp/1pp2L0 36.666667
/tmp/1clpA0 33.333333
/tmp/1bunA0 34.444444
/data/pdb_release/all/pdb1psj.ent 34.444444
/data/pdb_release/all/pdb1ae7.ent 33.333333
/nfs/cathdata/dompdb/1bmtA1 20.000000
/data/pdb_release/all/pdb1lmq.ent 38.888889
/data/pdb_release/all/pdb1jug.ent 35.555556
/data/pdb_release/all/pdb119l.ent 48.888889
/nfs/cathdata/dompdb/1bucA1 27.777778
/nfs/cathdata/dompdb/3mddA1 20.000000
/nfs/cathdata/dompdb/1oxa02 25.555556
/nfs/cathdata/dompdb/1grl01 47.777778
/nfs/cathdata/dompdb/1aorA2 50.000000
/nfs/cathdata/dompdb/2pgd02 26.666667
/nfs/cathdata/dompdb/1dnpA3 24.444444
/nfs/cathdata/dompdb/1csc01 40.000000
/tmp/1csmA0 27.777778
/nfs/cathdata/dompdb/1aorA3 28.888889
/data/pdb_release/all/pdb1fps.ent 27.777778
/nfs/cathdata/dompdb/1clc02 55.555556
/tmp/1ribA0 44.444444
/tmp/1mmoB0 30.000000
/tmp/1mhyB0 27.777778
/nfs/cathdata/dompdb/1cpt02 40.000000
/data/pdb_release/all/pdb1phb.ent 70.000000
/tmp/2bmhA0 66.666667
/nfs/cathdata/dompdb/1lla01 44.444444
/tmp/1mhlC0 44.444444
/tmp/1mtyD0 44.444444
/tmp/1mhyD0 43.333333
/nfs/cathdata/dompdb/2sblB2 64.444444
/data/pdb_release/all/pdb1lnh.ent 78.888889
/data/pdb_release/all/pdb1ehs.ent 14.444444
/tmp/2spcA0 12.222222
/tmp/1ytfB0 14.444444
/nfs/cathdata/dompdb/1pnkA2 12.222222
/data/pdb_release/all/pdb1aty.ent 17.777778
/nfs/cathdata/dompdb/1dloA3 43.333333
/tmp/1ithA0 25.555556
/tmp/1cpcA0 27.777778
/tmp/1cpcB0 26.666667
/tmp/1allA0 27.777778
/tmp/1allB0 21.111111
/tmp/1colA0 26.666667
/nfs/cathdata/dompdb/1ddt02 26.666667
/nfs/cathdata/dompdb/3blm02 41.111111
/nfs/cathdata/dompdb/1mblA2 41.111111
/nfs/cathdata/dompdb/1btl02 23.333333
/nfs/cathdata/dompdb/1ckiA2 23.333333
/nfs/cathdata/dompdb/1csn02 23.333333
/nfs/cathdata/dompdb/1apmE1 44.444444
/nfs/cathdata/dompdb/1irk02 42.222222
/nfs/cathdata/dompdb/1ad5A4 44.444444
/nfs/cathdata/dompdb/1aru01 26.666667
/nfs/cathdata/dompdb/1llp01 24.444444
/nfs/cathdata/dompdb/1mnp01 20.000000
/nfs/cathdata/dompdb/1qpaA1 24.444444
/nfs/cathdata/dompdb/1cca01 24.444444
/nfs/cathdata/dompdb/1apxA1 21.111111
/nfs/cathdata/dompdb/1schA1 17.777778
/data/pdb_release/all/pdb153l.ent 23.333333
/data/pdb_release/all/pdb1baa.ent 34.444444
/nfs/cathdata/dompdb/1cnsA1 27.777778
/data/pdb_release/all/pdb135l.ent 35.555556
/data/pdb_release/all/pdb2ihl.ent 34.444444
/data/pdb_release/all/pdb1lz1.ent 36.666667
/data/pdb_release/all/pdb1hhl.ent 36.666667
/tmp/1ghlA0 36.666667
/data/pdb_release/all/pdb2eql.ent 37.777778
/data/pdb_release/all/pdb1alc.ent 35.555556
/data/pdb_release/all/pdb1hml.ent 35.555556
/tmp/1thbA0 23.333333
/tmp/1hdsA0 24.444444
/tmp/1hdsB0 26.666667
/tmp/2mhbA0 23.333333
/tmp/1fdhG0 23.333333
/tmp/1hbhA0 23.333333
/tmp/1hdaA0 23.333333
/tmp/1babB0 25.555556
/data/pdb_release/all/pdb2lhb.ent 24.444444
/tmp/1hbhB0 27.777778
/tmp/1hdaB0 24.444444
/tmp/1pghA0 25.555556
/tmp/1pghB0 24.444444
/tmp/1ibeB0 27.777778
/tmp/1outA0 26.666667
/tmp/1outB0 25.555556
/tmp/1spgA0 20.000000
/tmp/1spgB0 27.777778
/data/pdb_release/all/pdb1flp.ent 24.444444
/data/pdb_release/all/pdb1lhs.ent 27.777778
/data/pdb_release/all/pdb1bvd.ent 24.444444
/data/pdb_release/all/pdb1ymb.ent 27.777778
/data/pdb_release/all/pdb1mbs.ent 25.555556
/data/pdb_release/all/pdb2mm1.ent 23.333333
/data/pdb_release/all/pdb1emy.ent 24.444444
/tmp/1mygA0 24.444444
/data/pdb_release/all/pdb1myt.ent 25.555556
/data/pdb_release/all/pdb1eca.ent 27.777778
/tmp/1sctA0 25.555556
/tmp/1sctB0 28.888889
/tmp/3sdhA0 25.555556
/data/pdb_release/all/pdb1mba.ent 23.333333
/data/pdb_release/all/pdb1ash.ent 20.000000
/nfs/cathdata/dompdb/1fcdC2 17.777778
/tmp/2mtaC0 18.888889
/nfs/cathdata/dompdb/2abk02 18.888889
/nfs/cathdata/dompdb/1npc02 37.777778
/nfs/cathdata/dompdb/1ezm02 20.000000
/nfs/cathdata/dompdb/2tmnE2 40.000000
/nfs/cathdata/dompdb/1dnpA2 20.000000
/nfs/cathdata/dompdb/1gia02 23.333333
/nfs/cathdata/dompdb/1tadA2 22.222222
/nfs/cathdata/dompdb/7catA2 24.444444
/nfs/cathdata/dompdb/1cca02 43.333333
/nfs/cathdata/dompdb/1apxA2 23.333333
/nfs/cathdata/dompdb/1aru02 25.555556
/nfs/cathdata/dompdb/1llp02 25.555556
/nfs/cathdata/dompdb/1mnp02 25.555556
/nfs/cathdata/dompdb/1qpaA2 23.333333
/nfs/cathdata/dompdb/1schA2 42.222222
/tmp/1rfbA0 27.777778
/nfs/cathdata/dompdb/1pnkA1 43.333333
/data/pdb_release/all/pdb1end.ent 17.777778
/nfs/cathdata/dompdb/1gly01 43.333333
/nfs/cathdata/dompdb/1ecl02 42.222222
/data/pdb_release/all/pdb1sra.ent 21.111111
/nfs/cathdata/dompdb/1prcC2 18.888889
/nfs/cathdata/dompdb/1prcC1 21.111111
/nfs/cathdata/dompdb/1vsgA2 21.111111
/nfs/cathdata/dompdb/1gly02 36.666667
/nfs/cathdata/dompdb/1pnkB4 32.222222
/data/pdb_release/all/pdb1hlm.ent 20.000000
/data/pdb_release/all/pdb1hlb.ent 25.555556
/data/pdb_release/all/pdb1hbg.ent 24.444444
/data/pdb_release/all/pdb1gdj.ent 22.222222
/tmp/1binA0 24.444444
/nfs/cathdata/dompdb/1osa02 16.666667
/nfs/cathdata/dompdb/1wdcC2 36.666667
/nfs/cathdata/dompdb/1tnw02 16.666667
/tmp/1cnpA0 16.666667
/tmp/1symA0 17.777778
/tmp/1tcoB0 25.555556
/nfs/cathdata/dompdb/1scmC1 17.777778
/nfs/cathdata/dompdb/1wdcB1 18.888889
/nfs/cathdata/dompdb/1rec01 0.000000
/nfs/cathdata/dompdb/1rec02 24.444444
/data/pdb_release/all/pdb2sas.ent 25.555556
/tmp/2scpA0 26.666667
/data/pdb_release/all/pdb155c.ent 27.777778
/data/pdb_release/all/pdb1ycc.ent 20.000000
/data/pdb_release/all/pdb1ccr.ent 18.888889
/tmp/5cytR0 18.888889
/data/pdb_release/all/pdb1yeb.ent 18.888889
/data/pdb_release/all/pdb1hrc.ent 17.777778
/data/pdb_release/all/pdb1cry.ent 17.777778
/data/pdb_release/all/pdb1cot.ent 26.666667
/data/pdb_release/all/pdb3c2c.ent 18.888889
/tmp/1c2rA0 27.777778
/data/pdb_release/all/pdb1cxc.ent 30.000000
/data/pdb_release/all/pdb1yea.ent 23.333333
/tmp/1hroA0 18.888889
/data/pdb_release/all/pdb1dvh.ent 22.222222
/data/pdb_release/all/pdb351c.ent 17.777778
/data/pdb_release/all/pdb1cor.ent 20.000000
/data/pdb_release/all/pdb1cch.ent 18.888889
/nfs/cathdata/dompdb/1fcdC1 18.888889
/data/pdb_release/all/pdb1cc5.ent 20.000000
/data/pdb_release/all/pdb1cyi.ent 18.888889
/data/pdb_release/all/pdb1ctj.ent 18.888889
/nfs/cathdata/dompdb/6gsvA2 16.666667
/nfs/cathdata/dompdb/1gta02 20.000000
/nfs/cathdata/dompdb/1hna02 17.777778
/nfs/cathdata/dompdb/2gsq02 17.777778
/nfs/cathdata/dompdb/1gseA2 20.000000
/nfs/cathdata/dompdb/1bpb01 16.666667
/nfs/cathdata/dompdb/1taq02 14.444444
/nfs/cathdata/dompdb/9icwA2 16.666667
/nfs/cathdata/dompdb/1ecl04 16.666667
/nfs/cathdata/dompdb/1adeA2 16.666667
/nfs/cathdata/dompdb/1atnA3 40.000000
/nfs/cathdata/dompdb/1oxa03 20.000000
/data/pdb_release/all/pdb1hmx.ent 40.000000
/nfs/cathdata/dompdb/2abk01 20.000000
/nfs/cathdata/dompdb/1gln04 23.333333
/nfs/cathdata/dompdb/2tct02 22.222222
/tmp/1hulA0 20.000000
/data/pdb_release/all/pdb1coo.ent 18.888889
/nfs/cathdata/dompdb/1wdcB2 16.666667
/data/pdb_release/all/pdb1bod.ent 18.888889
/data/pdb_release/all/pdb1cb1.ent 16.666667
/data/pdb_release/all/pdb4icb.ent 17.777778
/data/pdb_release/all/pdb1cmf.ent 18.888889
/nfs/cathdata/dompdb/1ncx01 35.555556
/data/pdb_release/all/pdb1cfc.ent 42.222222
/data/pdb_release/all/pdb1tnx.ent 28.888889
/data/pdb_release/all/pdb1rro.ent 21.111111
/data/pdb_release/all/pdb4cpv.ent 22.222222
/data/pdb_release/all/pdb5pal.ent 23.333333
/data/pdb_release/all/pdb1pal.ent 21.111111
/tmp/1rtp10 23.333333
/tmp/1pvaA0 24.444444
/nfs/cathdata/dompdb/1osa01 18.888889
/nfs/cathdata/dompdb/1avhA1 20.000000
/nfs/cathdata/dompdb/2ran01 20.000000
/nfs/cathdata/dompdb/1ala02 20.000000
/nfs/cathdata/dompdb/1hvd02 20.000000
/nfs/cathdata/dompdb/1ala04 20.000000
/nfs/cathdata/dompdb/1ann04 17.777778
/nfs/cathdata/dompdb/1avhA4 20.000000
/nfs/cathdata/dompdb/1axn01 20.000000
/nfs/cathdata/dompdb/1axn03 20.000000
/nfs/cathdata/dompdb/1axn02 20.000000
/nfs/cathdata/dompdb/1ala03 16.666667
/nfs/cathdata/dompdb/1ann03 18.888889
/nfs/cathdata/dompdb/1hvd03 20.000000
/nfs/cathdata/dompdb/2ran03 20.000000
/nfs/cathdata/dompdb/1axn04 20.000000
/nfs/cathdata/dompdb/1csc02 20.000000
/nfs/cathdata/dompdb/1csh02 20.000000
/nfs/cathdata/dompdb/2cts02 20.000000
/nfs/cathdata/dompdb/1tyaE2 17.777778
/nfs/cathdata/dompdb/1bvp11 18.888889
/data/pdb_release/all/pdb1neq.ent 18.888889
/nfs/cathdata/dompdb/1octC1 18.888889
/data/pdb_release/all/pdb1r69.ent 20.000000
/data/pdb_release/all/pdb2cro.ent 17.777778
/data/pdb_release/all/pdb1adr.ent 20.000000
/tmp/1lmb30 20.000000
/nfs/cathdata/dompdb/2yhx01 20.000000
/nfs/cathdata/dompdb/2bpfA1 20.000000
/nfs/cathdata/dompdb/1bgw03 15.555556
/nfs/cathdata/dompdb/1adt01 17.777778
/nfs/cathdata/dompdb/1glqA2 17.777778
/nfs/cathdata/dompdb/2gsrA2 17.777778
/nfs/cathdata/dompdb/1gssA2 18.888889
/data/pdb_release/all/pdb1erd.ent 12.222222
/nfs/cathdata/dompdb/1dtr02 13.333333
/tmp/1lccA0 17.777778
/nfs/cathdata/dompdb/1pnrA1 17.777778
/data/pdb_release/all/pdb1uxd.ent 17.777778
/nfs/cathdata/dompdb/2phlA1 14.444444
/nfs/cathdata/dompdb/2phlA4 15.555556
/tmp/6insE0 15.555556
/data/pdb_release/all/pdb2gf1.ent 15.555556
/data/pdb_release/all/pdb1igl.ent 12.222222
/data/pdb_release/all/pdb1bip.ent 16.666667
/data/pdb_release/all/pdb1c5a.ent 18.888889
/data/pdb_release/all/pdb1kjs.ent 18.888889
/tmp/1cmbA0 15.555556
/nfs/cathdata/dompdb/1gln03 16.666667
/nfs/cathdata/dompdb/1serA1 16.666667
/nfs/cathdata/dompdb/1bvp13 17.777778
/nfs/cathdata/dompdb/1dmb03 35.555556
/nfs/cathdata/dompdb/1dik02 15.555556
/nfs/cathdata/dompdb/9pap02 15.555556
/nfs/cathdata/dompdb/1aec02 18.888889
/nfs/cathdata/dompdb/1gecE2 18.888889
/nfs/cathdata/dompdb/2act02 18.888889
/nfs/cathdata/dompdb/1ppo02 15.555556
/nfs/cathdata/dompdb/1yal02 15.555556
/nfs/cathdata/dompdb/1theA2 15.555556
/nfs/cathdata/dompdb/1csbB1 15.555556
/nfs/cathdata/dompdb/2bltA2 17.777778
/data/pdb_release/all/pdb1utg.ent 16.666667
/data/pdb_release/all/pdb1ccd.ent 16.666667
/nfs/cathdata/dompdb/1ala01 20.000000
/nfs/cathdata/dompdb/1ann01 20.000000
/nfs/cathdata/dompdb/1ann02 20.000000
/tmp/1fliA0 17.777778
/data/pdb_release/all/pdb1etc.ent 30.000000
/tmp/1sttA0 46.666667
/data/pdb_release/all/pdb2hts.ent 34.444444
/data/pdb_release/all/pdb1hks.ent 14.444444
/data/pdb_release/all/pdb1enh.ent 15.555556
/data/pdb_release/all/pdb1ftz.ent 15.555556
/data/pdb_release/all/pdb1ftt.ent 17.777778
/tmp/1ahdP0 15.555556
/tmp/1fjlA0 15.555556
/data/pdb_release/all/pdb1vnd.ent 15.555556
/data/pdb_release/all/pdb1hdp.ent 15.555556
/data/pdb_release/all/pdb1ocp.ent 13.333333
/data/pdb_release/all/pdb1pog.ent 17.777778
/tmp/1yrnA0 15.555556
/tmp/1hcrA0 15.555556
/data/pdb_release/all/pdb1res.ent 15.555556
/data/pdb_release/all/pdb1lfb.ent 13.333333
/data/pdb_release/all/pdb2lfb.ent 15.555556
/tmp/1yrnB0 16.666667
/tmp/1fiaA0 18.888889
/data/pdb_release/all/pdb1mbe.ent 17.777778
/data/pdb_release/all/pdb1mbg.ent 17.777778
/data/pdb_release/all/pdb1mbj.ent 15.555556
/tmp/2wrpR0 21.111111
/nfs/cathdata/dompdb/2tct01 18.888889
/tmp/1bfmA0 15.555556
/tmp/1hryA0 15.555556
/data/pdb_release/all/pdb1hsm.ent 15.555556
/data/pdb_release/all/pdb1hma.ent 17.777778
/data/pdb_release/all/pdb1hme.ent 15.555556
/data/pdb_release/all/pdb1aab.ent 15.555556
/tmp/1trlA0 15.555556
/tmp/1mylA0 14.444444
/tmp/1parA0 14.444444
/tmp/1mntA0 16.666667
/data/pdb_release/all/pdb1lea.ent 27.777778
/tmp/1hstA0 28.888889
/data/pdb_release/all/pdb1ghc.ent 15.555556
/nfs/cathdata/dompdb/1dprA1 16.666667
/nfs/cathdata/dompdb/1bia01 27.777778
/nfs/cathdata/dompdb/1berA2 36.666667
/nfs/cathdata/dompdb/1pdnC1 33.333333
/nfs/cathdata/dompdb/1pdnC2 17.777778
