/tmp/2ltnB0 25.000000
/tmp/1lenB0 25.000000
/tmp/1lgcB0 0.000000
/nfs/cathdata/dompdb/1lyaB1 25.000000
/tmp/1aayA0 35.000000
/tmp/1ubdC0 42.500000
/tmp/1meyC0 37.500000
/tmp/2drpA0 30.000000
/tmp/1pyaA0 27.500000
/tmp/1hueA0 40.000000
/tmp/1wtuA0 77.500000
/tmp/1ihfA0 90.000000
/tmp/1ihfB0 95.000000
/nfs/cathdata/dompdb/1prcH1 77.500000
/nfs/cathdata/dompdb/1pcrH1 72.500000
/data/pdb_release/all/pdb4mt2.ent 0.000000
/data/pdb_release/all/pdb1tiv.ent 0.000000
/data/pdb_release/all/pdb1zaq.ent 0.000000
/data/pdb_release/all/pdb1iva.ent 0.000000
/data/pdb_release/all/pdb1agg.ent 0.000000
/data/pdb_release/all/pdb1cfh.ent 0.000000
/data/pdb_release/all/pdb1cfi.ent 0.000000
/data/pdb_release/all/pdb1aaf.ent 0.000000
/data/pdb_release/all/pdb2ech.ent 0.000000
/data/pdb_release/all/pdb1fvl.ent 0.000000
/data/pdb_release/all/pdb1kst.ent 50.000000
/tmp/1r0940 25.000000
/tmp/2plv40 52.500000
/tmp/1pvc40 52.500000
/tmp/1bbt40 32.500000
/tmp/1tme40 25.000000
/tmp/2mev40 25.000000
/tmp/1tabI0 0.000000
/data/pdb_release/all/pdb1pi2.ent 25.000000
/data/pdb_release/all/pdb1bbi.ent 77.500000
/nfs/cathdata/dompdb/1pcp01 25.000000
/nfs/cathdata/dompdb/2pspA2 25.000000
/nfs/cathdata/dompdb/1gcb01 95.000000
/nfs/cathdata/dompdb/1fieA2 90.000000
/nfs/cathdata/dompdb/1lgr01 95.000000
/nfs/cathdata/dompdb/1abbA1 90.000000
/nfs/cathdata/dompdb/1ygpA1 95.000000
/nfs/cathdata/dompdb/1pgd03 25.000000
/data/pdb_release/all/pdb1ldl.ent 0.000000
/data/pdb_release/all/pdb1ldr.ent 0.000000
/data/pdb_release/all/pdb1tap.ent 57.500000
/data/pdb_release/all/pdb5pti.ent 57.500000
/tmp/1aapA0 52.500000
/data/pdb_release/all/pdb1dtx.ent 52.500000
/data/pdb_release/all/pdb1dtk.ent 57.500000
/data/pdb_release/all/pdb1shp.ent 57.500000
/tmp/1brbI0 47.500000
/data/pdb_release/all/pdb1knt.ent 52.500000
/data/pdb_release/all/pdb1dem.ent 52.500000
/tmp/1bunB0 47.500000
/data/pdb_release/all/pdb1hnr.ent 25.000000
/tmp/1mhlA0 27.500000
/nfs/cathdata/dompdb/1gal02 32.500000
/nfs/cathdata/dompdb/1inp01 32.500000
/nfs/cathdata/dompdb/1rtc02 77.500000
/nfs/cathdata/dompdb/1apa02 72.500000
/nfs/cathdata/dompdb/1pafA2 82.500000
/nfs/cathdata/dompdb/1mrg02 72.500000
/nfs/cathdata/dompdb/1mrj02 77.500000
/nfs/cathdata/dompdb/1abrA2 82.500000
/tmp/1isuA0 25.000000
/data/pdb_release/all/pdb1hip.ent 50.000000
/tmp/2hipA0 45.000000
/data/pdb_release/all/pdb1hpi.ent 50.000000
/data/pdb_release/all/pdb1bbo.ent 27.500000
/nfs/cathdata/dompdb/1adt02 75.000000
/tmp/1abmA0 82.500000
/tmp/1idsA0 90.000000
/tmp/1isaA0 90.000000
/nfs/cathdata/dompdb/1vsgA1 60.000000
/tmp/1hmpA0 90.000000
/nfs/cathdata/dompdb/1adeA3 82.500000
/nfs/cathdata/dompdb/1qorA1 95.000000
/nfs/cathdata/dompdb/3btoA1 82.500000
/nfs/cathdata/dompdb/1dehA1 82.500000
/nfs/cathdata/dompdb/1cdoA1 77.500000
/nfs/cathdata/dompdb/1tehA1 82.500000
/nfs/cathdata/dompdb/1agnA1 82.500000
/tmp/1yptA0 100.000000
/data/pdb_release/all/pdb2hnp.ent 90.000000
/nfs/cathdata/dompdb/1yfoA1 95.000000
/tmp/1vhrA0 77.500000
/data/pdb_release/all/pdb1gpc.ent 75.000000
/nfs/cathdata/dompdb/1bgw05 82.500000
/nfs/cathdata/dompdb/1jetA1 90.000000
/nfs/cathdata/dompdb/1glaG1 77.500000
/nfs/cathdata/dompdb/1hgeA1 95.000000
/tmp/1ltsA0 77.500000
/tmp/1xtcA0 90.000000
/tmp/1tiiA0 72.500000
/tmp/1prtA0 100.000000
/nfs/cathdata/dompdb/1admA2 85.000000
/nfs/cathdata/dompdb/1chmA2 95.000000
/data/pdb_release/all/pdb1mat.ent 95.000000
/data/pdb_release/all/pdb1pbn.ent 95.000000
/data/pdb_release/all/pdb1ula.ent 100.000000
/tmp/1ecpA0 95.000000
/nfs/cathdata/dompdb/1dhx03 75.000000
/data/pdb_release/all/pdb2cyr.ent 57.500000
/data/pdb_release/all/pdb1wad.ent 35.000000
/data/pdb_release/all/pdb1czj.ent 57.500000
/tmp/1htmB0 35.000000
/nfs/cathdata/dompdb/1berA1 95.000000
/nfs/cathdata/dompdb/1dhx02 70.000000
/nfs/cathdata/dompdb/1gln02 95.000000
/nfs/cathdata/dompdb/1gtrA2 80.000000
/nfs/cathdata/dompdb/1prcH2 70.000000
/nfs/cathdata/dompdb/4rcrH2 52.500000
/nfs/cathdata/dompdb/1oxa01 77.500000
/nfs/cathdata/dompdb/1cpt01 77.500000
/nfs/cathdata/dompdb/1gcb02 72.500000
/data/pdb_release/all/pdb1mut.ent 72.500000
/data/pdb_release/all/pdb1pyp.ent 77.500000
/data/pdb_release/all/pdb2prd.ent 82.500000
/tmp/1eipA0 82.500000
/nfs/cathdata/dompdb/1ordA4 72.500000
/nfs/cathdata/dompdb/2cmd02 95.000000
/nfs/cathdata/dompdb/1mldA2 90.000000
/nfs/cathdata/dompdb/6ldh02 90.000000
/nfs/cathdata/dompdb/1llc02 77.500000
/nfs/cathdata/dompdb/1lldA2 77.500000
/nfs/cathdata/dompdb/2ldx02 90.000000
/nfs/cathdata/dompdb/3ldh02 55.000000
/nfs/cathdata/dompdb/5ldh02 77.500000
/nfs/cathdata/dompdb/9ldtA2 95.000000
/nfs/cathdata/dompdb/1ldb02 90.000000
/nfs/cathdata/dompdb/1hyhA2 95.000000
/nfs/cathdata/dompdb/4mdhA2 90.000000
/nfs/cathdata/dompdb/1bdmA2 95.000000
/nfs/cathdata/dompdb/1dctA2 55.000000
/tmp/1regX0 90.000000
/nfs/cathdata/dompdb/2bltA1 95.000000
/data/pdb_release/all/pdb1xaa.ent 82.500000
/data/pdb_release/all/pdb1xac.ent 82.500000
/tmp/1alkA0 95.000000
/data/pdb_release/all/pdb1lpp.ent 77.500000
/data/pdb_release/all/pdb1thg.ent 82.500000
/tmp/1cleA0 77.500000
/data/pdb_release/all/pdb1ace.ent 82.500000
/nfs/cathdata/dompdb/3ladA2 95.000000
/nfs/cathdata/dompdb/1lpfA2 90.000000
/nfs/cathdata/dompdb/1lvl02 77.500000
/nfs/cathdata/dompdb/1ebdA2 95.000000
/nfs/cathdata/dompdb/2tmdA3 95.000000
/nfs/cathdata/dompdb/1gerA2 90.000000
/nfs/cathdata/dompdb/1gesA2 90.000000
/nfs/cathdata/dompdb/3grs02 90.000000
/nfs/cathdata/dompdb/1tde02 90.000000
/nfs/cathdata/dompdb/1vdc02 95.000000
/nfs/cathdata/dompdb/1fecB2 90.000000
/nfs/cathdata/dompdb/1nhr02 95.000000
/nfs/cathdata/dompdb/1fcdA2 95.000000
/tmp/1pyaB0 100.000000
/nfs/cathdata/dompdb/1dik03 90.000000
/nfs/cathdata/dompdb/1aorA1 95.000000
/tmp/2dnjA0 95.000000
/tmp/1fjmA0 100.000000
/tmp/1tcoA0 85.000000
/nfs/cathdata/dompdb/1gph11 95.000000
/data/pdb_release/all/pdb1plq.ent 100.000000
/data/pdb_release/all/pdb1bnh.ent 57.500000
/data/pdb_release/all/pdb1cy3.ent 25.000000
/tmp/1cthA0 40.000000
/data/pdb_release/all/pdb2cdv.ent 40.000000
/nfs/cathdata/dompdb/1trkA1 77.500000
/tmp/1rvaA0 95.000000
/nfs/cathdata/dompdb/1atnA1 82.500000
/nfs/cathdata/dompdb/2btfA1 72.500000
/nfs/cathdata/dompdb/1olbA2 77.500000
/data/pdb_release/all/pdb2ctc.ent 90.000000
/data/pdb_release/all/pdb1amp.ent 95.000000
/nfs/cathdata/dompdb/1lam02 95.000000
/nfs/cathdata/dompdb/1tplA2 77.500000
/nfs/cathdata/dompdb/1dgd02 82.500000
/nfs/cathdata/dompdb/1aam02 77.500000
/nfs/cathdata/dompdb/1akaA2 82.500000
/nfs/cathdata/dompdb/2cstA2 82.500000
/nfs/cathdata/dompdb/1ordA2 82.500000
/data/pdb_release/all/pdb1rpa.ent 80.000000
/data/pdb_release/all/pdb1esc.ent 72.500000
/nfs/cathdata/dompdb/1gpb02 82.500000
/nfs/cathdata/dompdb/1ygpA2 82.500000
/tmp/1deaA0 77.500000
/tmp/1thtA0 77.500000
/tmp/1tahA0 90.000000
/tmp/1oilA0 90.000000
/nfs/cathdata/dompdb/1hplA1 82.500000
/nfs/cathdata/dompdb/1lpbB1 85.000000
/tmp/1ethA0 100.000000
/data/pdb_release/all/pdb1gpl.ent 90.000000
/data/pdb_release/all/pdb1tca.ent 77.500000
/data/pdb_release/all/pdb1ede.ent 77.500000
/data/pdb_release/all/pdb1ysc.ent 90.000000
/nfs/cathdata/dompdb/1asyA2 100.000000
/nfs/cathdata/dompdb/1lylA2 95.000000
/nfs/cathdata/dompdb/1serA2 95.000000
/data/pdb_release/all/pdb3pte.ent 90.000000
/nfs/cathdata/dompdb/1abrA1 95.000000
/nfs/cathdata/dompdb/1ahc01 90.000000
/nfs/cathdata/dompdb/1mrj01 95.000000
/nfs/cathdata/dompdb/1apa01 90.000000
/nfs/cathdata/dompdb/1pafA1 90.000000
/tmp/4dfrA0 85.000000
/data/pdb_release/all/pdb3dfr.ent 95.000000
/data/pdb_release/all/pdb8dfr.ent 82.500000
/data/pdb_release/all/pdb1drf.ent 77.500000
/data/pdb_release/all/pdb1dyr.ent 77.500000
/nfs/cathdata/dompdb/1adeA1 95.000000
/nfs/cathdata/dompdb/3pmgA1 95.000000
/data/pdb_release/all/pdb1udg.ent 77.500000
/nfs/cathdata/dompdb/3pgk02 77.500000
/nfs/cathdata/dompdb/1php02 90.000000
/nfs/cathdata/dompdb/1gpmA1 95.000000
/nfs/cathdata/dompdb/1powA3 72.500000
/nfs/cathdata/dompdb/1pvdA3 82.500000
/nfs/cathdata/dompdb/1pvdA1 77.500000
/nfs/cathdata/dompdb/1powA1 82.500000
/nfs/cathdata/dompdb/1trkA2 65.000000
/nfs/cathdata/dompdb/1tyaE1 82.500000
/nfs/cathdata/dompdb/2tysB2 82.500000
/nfs/cathdata/dompdb/1minA1 77.500000
/nfs/cathdata/dompdb/1mioA1 82.500000
/nfs/cathdata/dompdb/3ecaA1 95.000000
/nfs/cathdata/dompdb/1agx01 90.000000
/nfs/cathdata/dompdb/3pga11 95.000000
/tmp/1wsaA0 95.000000
/tmp/1nbaA0 77.500000
/nfs/cathdata/dompdb/2reb01 100.000000
/tmp/1smnA0 95.000000
/tmp/1eriA0 85.000000
/nfs/cathdata/dompdb/1lvl01 95.000000
/nfs/cathdata/dompdb/1ebdA1 90.000000
/nfs/cathdata/dompdb/1gal01 85.000000
/nfs/cathdata/dompdb/1fcdA1 90.000000
/nfs/cathdata/dompdb/1coy01 95.000000
/nfs/cathdata/dompdb/1pbe01 100.000000
/nfs/cathdata/dompdb/1aa8A1 95.000000
/nfs/cathdata/dompdb/1dob02 90.000000
/data/pdb_release/all/pdb1cge.ent 85.000000
/data/pdb_release/all/pdb1mnc.ent 85.000000
/data/pdb_release/all/pdb1srt.ent 90.000000
/nfs/cathdata/dompdb/1fbl01 85.000000
/data/pdb_release/all/pdb1mmq.ent 90.000000
/data/pdb_release/all/pdb1slm.ent 85.000000
/tmp/1atlA0 77.500000
/data/pdb_release/all/pdb1iag.ent 77.500000
/nfs/cathdata/dompdb/1kapP2 90.000000
/nfs/cathdata/dompdb/1sat02 85.000000
/data/pdb_release/all/pdb1iab.ent 90.000000
/nfs/cathdata/dompdb/1lcf01 77.500000
/nfs/cathdata/dompdb/1ovt01 77.500000
/nfs/cathdata/dompdb/1ovt03 77.500000
/nfs/cathdata/dompdb/1nnt01 55.000000
/nfs/cathdata/dompdb/1tfd01 72.500000
/nfs/cathdata/dompdb/1lcf03 82.500000
/nfs/cathdata/dompdb/1dot01 77.500000
/nfs/cathdata/dompdb/1dot03 77.500000
/nfs/cathdata/dompdb/1quk01 77.500000
/nfs/cathdata/dompdb/1sbp01 77.500000
/nfs/cathdata/dompdb/1dmb01 77.500000
/nfs/cathdata/dompdb/1pot01 60.000000
/nfs/cathdata/dompdb/3sc2A1 82.500000
/nfs/cathdata/dompdb/1rtc01 95.000000
/tmp/1pviA0 77.500000
/nfs/cathdata/dompdb/1bllE1 77.500000
/nfs/cathdata/dompdb/1scuB3 77.500000
/nfs/cathdata/dompdb/1ora01 72.500000
/nfs/cathdata/dompdb/1ora02 60.000000
/nfs/cathdata/dompdb/2glt01 90.000000
/nfs/cathdata/dompdb/1ttqB1 82.500000
/data/pdb_release/all/pdb3pgm.ent 65.000000
/nfs/cathdata/dompdb/1gtrA1 82.500000
/nfs/cathdata/dompdb/1gln01 82.500000
/tmp/1dsbA0 60.000000
/tmp/1gp1A0 77.500000
/nfs/cathdata/dompdb/1chmA1 82.500000
/nfs/cathdata/dompdb/1scuB1 77.500000
/nfs/cathdata/dompdb/1mla02 77.500000
/nfs/cathdata/dompdb/1glaG2 90.000000
/nfs/cathdata/dompdb/1ami01 72.500000
/data/pdb_release/all/pdb1ak2.ent 77.500000
/tmp/1ak3A0 77.500000
/tmp/1akeA0 77.500000
/data/pdb_release/all/pdb1aky.ent 82.500000
/data/pdb_release/all/pdb3adk.ent 82.500000
/data/pdb_release/all/pdb1ukz.ent 77.500000
/data/pdb_release/all/pdb1ukd.ent 82.500000
/nfs/cathdata/dompdb/2tmdA2 60.000000
/nfs/cathdata/dompdb/1nhp01 95.000000
/nfs/cathdata/dompdb/1trb01 95.000000
/nfs/cathdata/dompdb/1vdc01 72.500000
/nfs/cathdata/dompdb/1typA1 95.000000
/nfs/cathdata/dompdb/1gesA1 95.000000
/nfs/cathdata/dompdb/3grs01 90.000000
/nfs/cathdata/dompdb/3ladA1 90.000000
/nfs/cathdata/dompdb/1lpfA1 95.000000
/nfs/cathdata/dompdb/1pfkA2 77.500000
/nfs/cathdata/dompdb/3pfk02 77.500000
/nfs/cathdata/dompdb/3pgk01 72.500000
/nfs/cathdata/dompdb/1php01 60.000000
/nfs/cathdata/dompdb/3pmgA3 77.500000
/tmp/2rslA0 82.500000
/tmp/1gdtA0 77.500000
/nfs/cathdata/dompdb/1ctt02 77.500000
/nfs/cathdata/dompdb/1ctt01 77.500000
/tmp/1whtB0 95.000000
/nfs/cathdata/dompdb/1trkA3 65.000000
/nfs/cathdata/dompdb/1dmb02 77.500000
/nfs/cathdata/dompdb/1pda02 60.000000
/nfs/cathdata/dompdb/1hslA2 77.500000
/nfs/cathdata/dompdb/1lst02 82.500000
/nfs/cathdata/dompdb/1pbp02 65.000000
/nfs/cathdata/dompdb/1sbp02 72.500000
/data/pdb_release/all/pdb1ovb.ent 72.500000
/nfs/cathdata/dompdb/1lcf02 60.000000
/nfs/cathdata/dompdb/1lcf04 77.500000
/nfs/cathdata/dompdb/1ovt02 72.500000
/nfs/cathdata/dompdb/1ovt04 72.500000
/nfs/cathdata/dompdb/1tfd02 75.000000
/nfs/cathdata/dompdb/1dot04 35.000000
/nfs/cathdata/dompdb/1poy12 77.500000
/nfs/cathdata/dompdb/1inp03 72.500000
/nfs/cathdata/dompdb/1imbA2 67.500000
/nfs/cathdata/dompdb/1fbcA2 67.500000
/nfs/cathdata/dompdb/1ftaA2 72.500000
/nfs/cathdata/dompdb/1spiA2 72.500000
/nfs/cathdata/dompdb/1pda01 95.000000
/nfs/cathdata/dompdb/1hslA1 57.500000
/nfs/cathdata/dompdb/1lst01 57.500000
/nfs/cathdata/dompdb/2ldx01 77.500000
/nfs/cathdata/dompdb/3ldh01 77.500000
/nfs/cathdata/dompdb/5ldh01 60.000000
/nfs/cathdata/dompdb/9ldtA1 77.500000
/data/pdb_release/all/pdb5nll.ent 82.500000
/data/pdb_release/all/pdb2fx2.ent 77.500000
/data/pdb_release/all/pdb1ofv.ent 72.500000
/data/pdb_release/all/pdb2fcr.ent 77.500000
/data/pdb_release/all/pdb1rcf.ent 67.500000
/tmp/1lfaA0 72.500000
/data/pdb_release/all/pdb1ido.ent 77.500000
/nfs/cathdata/dompdb/1pfkA1 82.500000
/nfs/cathdata/dompdb/3pfk01 82.500000
/data/pdb_release/all/pdb1cus.ent 82.500000
/data/pdb_release/all/pdb1dad.ent 77.500000
/data/pdb_release/all/pdb1tib.ent 95.000000
/data/pdb_release/all/pdb3tgl.ent 100.000000
/tmp/1lgyA0 100.000000
/data/pdb_release/all/pdb1vid.ent 82.500000
/data/pdb_release/all/pdb1pdo.ent 77.500000
/nfs/cathdata/dompdb/1gpmA2 77.500000
/nfs/cathdata/dompdb/1dnpA1 82.500000
/nfs/cathdata/dompdb/1bgw02 77.500000
/nfs/cathdata/dompdb/1guhA1 72.500000
/nfs/cathdata/dompdb/1glqA1 72.500000
/nfs/cathdata/dompdb/2gsq01 67.500000
/nfs/cathdata/dompdb/2gsrA1 77.500000
/nfs/cathdata/dompdb/1gssA1 82.500000
/nfs/cathdata/dompdb/2gstA1 82.500000
/nfs/cathdata/dompdb/1gta01 57.500000
/nfs/cathdata/dompdb/1hna01 77.500000
/nfs/cathdata/dompdb/3pmgA2 82.500000
/data/pdb_release/all/pdb1lba.ent 77.500000
/tmp/1meeA0 85.000000
/nfs/cathdata/dompdb/1ordA1 77.500000
/data/pdb_release/all/pdb1ntr.ent 77.500000
/nfs/cathdata/dompdb/1gdhA2 82.500000
/nfs/cathdata/dompdb/2nacA2 82.500000
/nfs/cathdata/dompdb/2dldA2 82.500000
/nfs/cathdata/dompdb/2dldA1 57.500000
/nfs/cathdata/dompdb/1scuB2 82.500000
/nfs/cathdata/dompdb/1scuA1 77.500000
/nfs/cathdata/dompdb/1scuA2 77.500000
/data/pdb_release/all/pdb1phr.ent 82.500000
/nfs/cathdata/dompdb/1bmtA2 77.500000
/tmp/1iceA0 82.500000
/data/pdb_release/all/pdb1etu.ent 77.500000
/nfs/cathdata/dompdb/1eft01 77.500000
/data/pdb_release/all/pdb5p21.ent 82.500000
/tmp/1guaA0 82.500000
/tmp/1hurA0 77.500000
/tmp/1nipA0 82.500000
/nfs/cathdata/dompdb/1gky02 77.500000
/nfs/cathdata/dompdb/1dar01 95.000000
/nfs/cathdata/dompdb/1raaA1 82.500000
/nfs/cathdata/dompdb/1raaA2 82.500000
/nfs/cathdata/dompdb/2atcA2 35.000000
/nfs/cathdata/dompdb/4mdhA1 77.500000
/nfs/cathdata/dompdb/1bdmA1 77.500000
/nfs/cathdata/dompdb/2cmd01 77.500000
/nfs/cathdata/dompdb/1mldA1 77.500000
/nfs/cathdata/dompdb/1hyhA1 77.500000
/nfs/cathdata/dompdb/6ldh01 77.500000
/nfs/cathdata/dompdb/1ldb01 77.500000
/nfs/cathdata/dompdb/1llc01 37.500000
/nfs/cathdata/dompdb/1lldA1 77.500000
/nfs/cathdata/dompdb/1bdhA3 77.500000
/nfs/cathdata/dompdb/1tlfA2 77.500000
/nfs/cathdata/dompdb/1dbp01 77.500000
/data/pdb_release/all/pdb3chy.ent 77.500000
/nfs/cathdata/dompdb/1abe01 77.500000
/nfs/cathdata/dompdb/1gdhA1 77.500000
/nfs/cathdata/dompdb/1gca01 77.500000
/nfs/cathdata/dompdb/1gdd01 95.000000
/nfs/cathdata/dompdb/1tadA1 82.500000
/nfs/cathdata/dompdb/1gotA1 77.500000
/nfs/cathdata/dompdb/1gd1O1 90.000000
/nfs/cathdata/dompdb/4gpd11 90.000000
/nfs/cathdata/dompdb/1cerO1 77.500000
/nfs/cathdata/dompdb/1gadO1 90.000000
/nfs/cathdata/dompdb/1gypA1 90.000000
/nfs/cathdata/dompdb/1hdgO1 72.500000
/nfs/cathdata/dompdb/2lbp02 82.500000
/nfs/cathdata/dompdb/2liv02 77.500000
/nfs/cathdata/dompdb/2lbp01 77.500000
/nfs/cathdata/dompdb/2liv01 77.500000
/nfs/cathdata/dompdb/1pea02 90.000000
/nfs/cathdata/dompdb/1pea01 77.500000
/nfs/cathdata/dompdb/1ecl01 60.000000
/nfs/cathdata/dompdb/1admA1 90.000000
/nfs/cathdata/dompdb/1dctA1 77.500000
/nfs/cathdata/dompdb/1hmy01 77.500000
/tmp/1garA0 100.000000
/data/pdb_release/all/pdb1chd.ent 90.000000
/data/pdb_release/all/pdb1thm.ent 90.000000
/tmp/1cseE0 85.000000
/data/pdb_release/all/pdb1st3.ent 85.000000
/data/pdb_release/all/pdb2pkc.ent 85.000000
/data/pdb_release/all/pdb1s01.ent 90.000000
/nfs/cathdata/dompdb/1poxA2 85.000000
/nfs/cathdata/dompdb/1pvdA2 85.000000
/nfs/cathdata/dompdb/2pia02 82.500000
/nfs/cathdata/dompdb/1fnb02 77.500000
/nfs/cathdata/dompdb/1que02 72.500000
/nfs/cathdata/dompdb/1cnd02 77.500000
/nfs/cathdata/dompdb/1ndh02 77.500000
/nfs/cathdata/dompdb/1gph12 82.500000
/nfs/cathdata/dompdb/1ecgA2 82.500000
/data/pdb_release/all/pdb1sto.ent 82.500000
/nfs/cathdata/dompdb/2bgt02 77.500000
/nfs/cathdata/dompdb/2bgt01 77.500000
/nfs/cathdata/dompdb/2nacA1 82.500000
/data/pdb_release/all/pdb1dhr.ent 82.500000
/tmp/1hdcA0 77.500000
/data/pdb_release/all/pdb1eny.ent 82.500000
/nfs/cathdata/dompdb/1psdA1 72.500000
/nfs/cathdata/dompdb/1psdA2 82.500000
/nfs/cathdata/dompdb/1qorA2 82.500000
/nfs/cathdata/dompdb/3btoA2 77.500000
/nfs/cathdata/dompdb/1dehA2 82.500000
/nfs/cathdata/dompdb/1cdoA2 82.500000
/nfs/cathdata/dompdb/1tehA2 82.500000
/nfs/cathdata/dompdb/1agnA2 82.500000
/nfs/cathdata/dompdb/1dih01 82.500000
/nfs/cathdata/dompdb/2pgd01 77.500000
/nfs/cathdata/dompdb/1dpgA1 82.500000
/nfs/cathdata/dompdb/1dbqA1 77.500000
/nfs/cathdata/dompdb/1tlfA1 77.500000
/nfs/cathdata/dompdb/2dri02 82.500000
/nfs/cathdata/dompdb/1gca02 77.500000
/nfs/cathdata/dompdb/2gbp02 82.500000
/nfs/cathdata/dompdb/8abp02 77.500000
/data/pdb_release/all/pdb1ghu.ent 90.000000
/nfs/cathdata/dompdb/1ad5A2 95.000000
/tmp/1ayaA0 95.000000
/tmp/2pldA0 95.000000
/data/pdb_release/all/pdb1svq.ent 77.500000
/data/pdb_release/all/pdb1vil.ent 57.500000
/data/pdb_release/all/pdb1aba.ent 57.500000
/data/pdb_release/all/pdb1ego.ent 72.500000
/tmp/2trxA0 82.500000
/data/pdb_release/all/pdb1thx.ent 82.500000
/data/pdb_release/all/pdb3trx.ent 82.500000
/data/pdb_release/all/pdb1tof.ent 82.500000
/nfs/cathdata/dompdb/1pxtA1 72.500000
/nfs/cathdata/dompdb/1pxtA2 77.500000
/nfs/cathdata/dompdb/2yhx02 82.500000
/nfs/cathdata/dompdb/1dik01 57.500000
/nfs/cathdata/dompdb/2minA3 77.500000
/nfs/cathdata/dompdb/1mioA3 77.500000
/nfs/cathdata/dompdb/2minB2 57.500000
/nfs/cathdata/dompdb/2minB3 77.500000
/nfs/cathdata/dompdb/1mioB2 82.500000
/nfs/cathdata/dompdb/1mioB4 82.500000
/nfs/cathdata/dompdb/2minA2 62.500000
/nfs/cathdata/dompdb/1mioA2 72.500000
/nfs/cathdata/dompdb/2minB1 60.000000
/nfs/cathdata/dompdb/1mioB1 65.000000
/nfs/cathdata/dompdb/1iow01 77.500000
/nfs/cathdata/dompdb/1bncA1 77.500000
/nfs/cathdata/dompdb/3ecaA2 77.500000
/nfs/cathdata/dompdb/1agx02 72.500000
/nfs/cathdata/dompdb/3pga12 77.500000
/nfs/cathdata/dompdb/1pkyA1 82.500000
/nfs/cathdata/dompdb/1pkm01 82.500000
/nfs/cathdata/dompdb/1hsbA1 95.000000
/nfs/cathdata/dompdb/2clrA1 95.000000
/nfs/cathdata/dompdb/1mhcA1 100.000000
/tmp/1tmcA0 90.000000
/nfs/cathdata/dompdb/1fruA1 100.000000
/nfs/cathdata/dompdb/1tssA1 85.000000
/nfs/cathdata/dompdb/1se202 82.500000
/nfs/cathdata/dompdb/1sebD2 82.500000
/nfs/cathdata/dompdb/1esfA2 90.000000
/data/pdb_release/all/pdb1vhh.ent 75.000000
/nfs/cathdata/dompdb/3pmgA4 90.000000
/nfs/cathdata/dompdb/1imbA1 95.000000
/nfs/cathdata/dompdb/5fbpA1 90.000000
/nfs/cathdata/dompdb/1ftaA1 85.000000
/nfs/cathdata/dompdb/1spiA1 95.000000
/nfs/cathdata/dompdb/1inp02 95.000000
/nfs/cathdata/dompdb/1gd1O2 95.000000
/nfs/cathdata/dompdb/4gpd12 82.500000
/nfs/cathdata/dompdb/1cerO2 77.500000
/nfs/cathdata/dompdb/1gadO2 90.000000
/nfs/cathdata/dompdb/1gypA2 80.000000
/nfs/cathdata/dompdb/1hdgO2 85.000000
/data/pdb_release/all/pdb1cia.ent 95.000000
/nfs/cathdata/dompdb/1gal03 77.500000
/nfs/cathdata/dompdb/1dpgA2 95.000000
/data/pdb_release/all/pdb1dpb.ent 90.000000
/data/pdb_release/all/pdb1adn.ent 82.500000
/data/pdb_release/all/pdb2pna.ent 95.000000
/data/pdb_release/all/pdb1ab2.ent 70.000000
/tmp/1shaA0 100.000000
/tmp/1lcjA0 90.000000
/tmp/1csyA0 72.500000
/data/pdb_release/all/pdb1blj.ent 95.000000
/data/pdb_release/all/pdb1fim.ent 72.500000
/tmp/1mifA0 77.500000
/tmp/1kptA0 80.000000
/nfs/cathdata/dompdb/1dja01 100.000000
/nfs/cathdata/dompdb/1mblA1 95.000000
/nfs/cathdata/dompdb/1btl01 85.000000
/data/pdb_release/all/pdb2phy.ent 90.000000
/data/pdb_release/all/pdb1fil.ent 95.000000
/data/pdb_release/all/pdb1pne.ent 95.000000
/data/pdb_release/all/pdb1acf.ent 90.000000
/data/pdb_release/all/pdb2acg.ent 95.000000
/data/pdb_release/all/pdb1cqa.ent 90.000000
/nfs/cathdata/dompdb/1pnkB1 77.500000
/nfs/cathdata/dompdb/1oacA1 95.000000
/tmp/1otgA0 82.500000
/nfs/cathdata/dompdb/1ami02 60.000000
/nfs/cathdata/dompdb/1bpb02 90.000000
/nfs/cathdata/dompdb/9icwA3 90.000000
/nfs/cathdata/dompdb/1daaA1 72.500000
/nfs/cathdata/dompdb/1iov02 82.500000
/nfs/cathdata/dompdb/1glt02 95.000000
/tmp/1gtqA0 77.500000
/nfs/cathdata/dompdb/1bia02 100.000000
/nfs/cathdata/dompdb/1antI2 80.000000
/nfs/cathdata/dompdb/1hleA2 77.500000
/nfs/cathdata/dompdb/1ovaA2 82.500000
/nfs/cathdata/dompdb/2achA1 75.000000
/nfs/cathdata/dompdb/7apiA2 82.500000
/nfs/cathdata/dompdb/1pnkB2 77.500000
/nfs/cathdata/dompdb/1ami03 72.500000
/nfs/cathdata/dompdb/1hocA1 95.000000
/nfs/cathdata/dompdb/1hsaA1 95.000000
/nfs/cathdata/dompdb/1vaaA1 95.000000
/nfs/cathdata/dompdb/1dik06 77.500000
/nfs/cathdata/dompdb/1mdl01 70.000000
/nfs/cathdata/dompdb/4enl01 70.000000
/nfs/cathdata/dompdb/1pdz01 75.000000
/nfs/cathdata/dompdb/1nhp03 95.000000
/nfs/cathdata/dompdb/3ladA3 77.500000
/nfs/cathdata/dompdb/1lpfA3 77.500000
/nfs/cathdata/dompdb/1lvl03 80.000000
/nfs/cathdata/dompdb/1ebdA3 82.500000
/nfs/cathdata/dompdb/1tytA3 77.500000
/nfs/cathdata/dompdb/1gesA3 77.500000
/nfs/cathdata/dompdb/3grs03 95.000000
/nfs/cathdata/dompdb/1irk01 70.000000
/nfs/cathdata/dompdb/1apmE2 75.000000
/nfs/cathdata/dompdb/1ckiA1 72.500000
/nfs/cathdata/dompdb/1csn01 75.000000
/nfs/cathdata/dompdb/1coy02 95.000000
/nfs/cathdata/dompdb/1rthA4 75.000000
/tmp/1hrhA0 75.000000
/data/pdb_release/all/pdb2rn2.ent 70.000000
/data/pdb_release/all/pdb1ril.ent 70.000000
/tmp/1hjrA0 75.000000
/data/pdb_release/all/pdb1itg.ent 75.000000
/data/pdb_release/all/pdb1asu.ent 70.000000
/nfs/cathdata/dompdb/1bcmA1 75.000000
/nfs/cathdata/dompdb/1atr03 90.000000
/nfs/cathdata/dompdb/1atnA2 70.000000
/nfs/cathdata/dompdb/2btfA2 75.000000
/nfs/cathdata/dompdb/2yhx03 77.500000
/nfs/cathdata/dompdb/1atr01 77.500000
/nfs/cathdata/dompdb/1mngA2 90.000000
/nfs/cathdata/dompdb/3sdpA2 32.500000
/tmp/1kpaA0 90.000000
/nfs/cathdata/dompdb/1bpb03 30.000000
/nfs/cathdata/dompdb/1pkp02 55.000000
/nfs/cathdata/dompdb/1dar04 70.000000
/tmp/1copD0 77.500000
/data/pdb_release/all/pdb1orc.ent 95.000000
/nfs/cathdata/dompdb/2reb02 72.500000
/nfs/cathdata/dompdb/1derA2 100.000000
/tmp/1iceB0 32.500000
/tmp/2kauA0 72.500000
/nfs/cathdata/dompdb/1gpmA3 100.000000
/nfs/cathdata/dompdb/1mxa03 72.500000
/nfs/cathdata/dompdb/1mxa01 72.500000
/nfs/cathdata/dompdb/1mxa02 72.500000
/nfs/cathdata/dompdb/1xrb02 72.500000
/nfs/cathdata/dompdb/1ytbA2 95.000000
/nfs/cathdata/dompdb/1tghA2 95.000000
/nfs/cathdata/dompdb/1vokA2 90.000000
/nfs/cathdata/dompdb/1tbpA1 95.000000
/nfs/cathdata/dompdb/1tghA1 90.000000
/nfs/cathdata/dompdb/1vokA1 90.000000
/nfs/cathdata/dompdb/1pczA1 95.000000
/nfs/cathdata/dompdb/1pczA2 95.000000
/nfs/cathdata/dompdb/1bmc02 75.000000
/nfs/cathdata/dompdb/1sebA1 72.500000
/nfs/cathdata/dompdb/1sebB1 70.000000
/tmp/2sicI0 82.500000
/nfs/cathdata/dompdb/1dih02 90.000000
/tmp/1brsD0 60.000000
/data/pdb_release/all/pdb1msc.ent 77.500000
/tmp/1unaA0 82.500000
/nfs/cathdata/dompdb/1chkA2 37.500000
/nfs/cathdata/dompdb/1svb03 70.000000
/nfs/cathdata/dompdb/1oacA4 100.000000
/tmp/1latA0 32.500000
/tmp/2nllA0 32.500000
/tmp/2nllB0 37.500000
/data/pdb_release/all/pdb1tns.ent 40.000000
/data/pdb_release/all/pdb1ife.ent 27.500000
/data/pdb_release/all/pdb1tig.ent 82.500000
/nfs/cathdata/dompdb/1hpm04 82.500000
/nfs/cathdata/dompdb/1bncA2 32.500000
/nfs/cathdata/dompdb/1iow03 67.500000
/nfs/cathdata/dompdb/1glt03 67.500000
/tmp/1humA0 70.000000
/tmp/1hrjA0 25.000000
/tmp/1domA0 47.500000
/tmp/1plfA0 52.500000
/tmp/1mgsA0 70.000000
/data/pdb_release/all/pdb3il8.ent 70.000000
/tmp/1rhpA0 52.500000
/tmp/1napA0 70.000000
/tmp/1rodA0 32.500000
/data/pdb_release/all/pdb1stu.ent 95.000000
/nfs/cathdata/dompdb/1pkp01 75.000000
/nfs/cathdata/dompdb/1pda03 95.000000
/data/pdb_release/all/pdb1ncs.ent 25.000000
/tmp/1cksA0 32.500000
/tmp/1sceA0 32.500000
/tmp/1dktA0 70.000000
/tmp/1rblM0 75.000000
/tmp/3rubS0 75.000000
/tmp/8rubS0 75.000000
/tmp/8rucI0 75.000000
/tmp/1burS0 75.000000
/nfs/cathdata/dompdb/1amg02 67.500000
/nfs/cathdata/dompdb/1amy02 70.000000
/data/pdb_release/all/pdb1zer.ent 72.500000
/data/pdb_release/all/pdb1aps.ent 77.500000
/tmp/2bopA0 72.500000
/data/pdb_release/all/pdb2pii.ent 72.500000
/tmp/2chsA0 77.500000
/nfs/cathdata/dompdb/8atcB1 77.500000
/nfs/cathdata/dompdb/2atcB1 25.000000
/tmp/1nhkL0 60.000000
/data/pdb_release/all/pdb1ndk.ent 65.000000
/tmp/1nsqA0 65.000000
/tmp/1nskL0 65.000000
/nfs/cathdata/dompdb/1rbaA1 77.500000
/nfs/cathdata/dompdb/3rubL1 82.500000
/nfs/cathdata/dompdb/8rucA1 82.500000
/nfs/cathdata/dompdb/1rblA1 82.500000
/nfs/cathdata/dompdb/1ars01 42.500000
/nfs/cathdata/dompdb/7aatA1 42.500000
/nfs/cathdata/dompdb/2cstA1 42.500000
/nfs/cathdata/dompdb/1ordA3 67.500000
/nfs/cathdata/dompdb/2dkb01 82.500000
/nfs/cathdata/dompdb/1tplA1 55.000000
/tmp/1dcoA0 77.500000
/data/pdb_release/all/pdb1vig.ent 57.500000
/tmp/1xxaA0 72.500000
/nfs/cathdata/dompdb/1bgw04 77.500000
/nfs/cathdata/dompdb/1dar05 72.500000
/nfs/cathdata/dompdb/1mla01 77.500000
/nfs/cathdata/dompdb/1psdA3 77.500000
/nfs/cathdata/dompdb/1dloA2 72.500000
/nfs/cathdata/dompdb/1mml02 77.500000
/tmp/1gluA0 32.500000
/data/pdb_release/all/pdb1hra.ent 32.500000
/tmp/1hcqA0 32.500000
/nfs/cathdata/dompdb/1bgw01 55.000000
/data/pdb_release/all/pdb1nef.ent 77.500000
/tmp/1efnB0 82.500000
/nfs/cathdata/dompdb/1gky01 77.500000
/nfs/cathdata/dompdb/1yua01 70.000000
/data/pdb_release/all/pdb1vcc.ent 80.000000
/nfs/cathdata/dompdb/1svb02 75.000000
/nfs/cathdata/dompdb/1yua02 75.000000
/tmp/1otfA0 52.500000
/data/pdb_release/all/pdb1cbn.ent 27.500000
/data/pdb_release/all/pdb1bhp.ent 32.500000
/data/pdb_release/all/pdb2plh.ent 32.500000
/data/pdb_release/all/pdb1fdx.ent 25.000000
/data/pdb_release/all/pdb1clf.ent 0.000000
/data/pdb_release/all/pdb1fca.ent 25.000000
/data/pdb_release/all/pdb1fdn.ent 25.000000
/data/pdb_release/all/pdb1blu.ent 32.500000
/data/pdb_release/all/pdb1fxd.ent 27.500000
/data/pdb_release/all/pdb2fxb.ent 72.500000
/tmp/1fxrA0 77.500000
/data/pdb_release/all/pdb1rof.ent 25.000000
/data/pdb_release/all/pdb5fd1.ent 42.500000
/data/pdb_release/all/pdb1fwp.ent 77.500000
/data/pdb_release/all/pdb1sxl.ent 52.500000
/data/pdb_release/all/pdb1fht.ent 72.500000
/data/pdb_release/all/pdb1pba.ent 35.000000
/data/pdb_release/all/pdb1ris.ent 77.500000
/data/pdb_release/all/pdb1ctf.ent 82.500000
/tmp/1spbP0 72.500000
/data/pdb_release/all/pdb1ptf.ent 82.500000
/data/pdb_release/all/pdb1poh.ent 82.500000
/data/pdb_release/all/pdb2hpr.ent 77.500000
/data/pdb_release/all/pdb1pch.ent 82.500000
/data/pdb_release/all/pdb1sxm.ent 75.000000
/data/pdb_release/all/pdb2sn3.ent 75.000000
/data/pdb_release/all/pdb1vna.ent 70.000000
/data/pdb_release/all/pdb1nra.ent 70.000000
/data/pdb_release/all/pdb1ptx.ent 75.000000
/data/pdb_release/all/pdb1lqh.ent 70.000000
/data/pdb_release/all/pdb1snb.ent 70.000000
/data/pdb_release/all/pdb1gps.ent 75.000000
/data/pdb_release/all/pdb1gpt.ent 70.000000
/data/pdb_release/all/pdb1chc.ent 25.000000
/data/pdb_release/all/pdb1caa.ent 25.000000
/data/pdb_release/all/pdb1iro.ent 0.000000
/data/pdb_release/all/pdb1rdg.ent 0.000000
/data/pdb_release/all/pdb4rxn.ent 0.000000
/data/pdb_release/all/pdb6rxn.ent 0.000000
/tmp/8rxnA0 0.000000
/tmp/1gatA0 52.500000
/data/pdb_release/all/pdb1bus.ent 25.000000
/data/pdb_release/all/pdb2ovo.ent 50.000000
/data/pdb_release/all/pdb3ovo.ent 45.000000
/nfs/cathdata/dompdb/1tbrR1 50.000000
/nfs/cathdata/dompdb/1tbrR2 50.000000
/data/pdb_release/all/pdb1ptq.ent 47.500000
/nfs/cathdata/dompdb/9wgaA1 25.000000
/nfs/cathdata/dompdb/9wgaA2 25.000000
/nfs/cathdata/dompdb/9wgaA3 25.000000
/nfs/cathdata/dompdb/9wgaA4 25.000000
/nfs/cathdata/dompdb/2cwgA2 25.000000
/nfs/cathdata/dompdb/1wgtA3 25.000000
/tmp/1tgsI0 45.000000
/tmp/1cgiI0 45.000000
/data/pdb_release/all/pdb1pce.ent 50.000000
/data/pdb_release/all/pdb1hev.ent 25.000000
/data/pdb_release/all/pdb2alr.ent 77.500000
/data/pdb_release/all/pdb1frb.ent 77.500000
/nfs/cathdata/dompdb/1rlcL2 77.500000
/nfs/cathdata/dompdb/1rblA2 77.500000
/nfs/cathdata/dompdb/1rbaA2 77.500000
/nfs/cathdata/dompdb/1oneA2 82.500000
/nfs/cathdata/dompdb/1pdz02 82.500000
/tmp/1chrA0 82.500000
/tmp/1mucA0 72.500000
/data/pdb_release/all/pdb2mnr.ent 82.500000
/nfs/cathdata/dompdb/1mdr02 82.500000
/data/pdb_release/all/pdb1gox.ent 77.500000
/tmp/1fcbB0 82.500000
/nfs/cathdata/dompdb/2tmdA1 77.500000
/data/pdb_release/all/pdb1oya.ent 77.500000
/data/pdb_release/all/pdb1add.ent 82.500000
/data/pdb_release/all/pdb1pta.ent 77.500000
/data/pdb_release/all/pdb1xis.ent 77.500000
/tmp/1ximA0 72.500000
/tmp/1xlaA0 72.500000
/tmp/1dxiA0 60.000000
/data/pdb_release/all/pdb1dtp.ent 95.000000
/tmp/1dmaA0 77.500000
/nfs/cathdata/dompdb/1dik04 77.500000
/nfs/cathdata/dompdb/1kauC2 77.500000
/nfs/cathdata/dompdb/1aa8A2 95.000000
/tmp/1hymA0 25.000000
/tmp/1cseI0 65.000000
/tmp/1ypcI0 65.000000
/data/pdb_release/all/pdb1cis.ent 70.000000
/data/pdb_release/all/pdb1mit.ent 65.000000
/nfs/cathdata/dompdb/2baa02 25.000000
/data/pdb_release/all/pdb1ica.ent 25.000000
/data/pdb_release/all/pdb1cnv.ent 82.500000
/tmp/1xyzA0 82.500000
/data/pdb_release/all/pdb1exp.ent 77.500000
/tmp/1clxA0 82.500000
/data/pdb_release/all/pdb2ebn.ent 90.000000
/data/pdb_release/all/pdb1edt.ent 82.500000
/nfs/cathdata/dompdb/1ctn02 82.500000
/data/pdb_release/all/pdb1cec.ent 82.500000
/tmp/1ghsA0 82.500000
/data/pdb_release/all/pdb1ghr.ent 77.500000
/data/pdb_release/all/pdb1cbg.ent 85.000000
/nfs/cathdata/dompdb/1amg01 77.500000
/nfs/cathdata/dompdb/1amy01 82.500000
/nfs/cathdata/dompdb/2aaa01 77.500000
/nfs/cathdata/dompdb/2taaA1 82.500000
/nfs/cathdata/dompdb/1ppi01 77.500000
/data/pdb_release/all/pdb1hny.ent 95.000000
/nfs/cathdata/dompdb/1cgt01 90.000000
/nfs/cathdata/dompdb/1cdg01 90.000000
/nfs/cathdata/dompdb/1cyg01 90.000000
/nfs/cathdata/dompdb/1ciu01 90.000000
/nfs/cathdata/dompdb/1pamA1 90.000000
/data/pdb_release/all/pdb1btc.ent 77.500000
/nfs/cathdata/dompdb/1bglA3 90.000000
/tmp/1pbgA0 85.000000
/tmp/1tpfA0 82.500000
/tmp/1ypiA0 77.500000
/tmp/1timA0 77.500000
/tmp/1treA0 82.500000
/tmp/1htiA0 77.500000
/tmp/1btmA0 77.500000
/data/pdb_release/all/pdb1ads.ent 77.500000
/data/pdb_release/all/pdb1ral.ent 82.500000
/nfs/cathdata/dompdb/1csbB2 90.000000
/nfs/cathdata/dompdb/1bmc01 75.000000
/nfs/cathdata/dompdb/1ezm01 75.000000
/nfs/cathdata/dompdb/1esp01 70.000000
/nfs/cathdata/dompdb/2tmnE1 70.000000
/nfs/cathdata/dompdb/1dhy01 95.000000
/nfs/cathdata/dompdb/1han01 95.000000
/nfs/cathdata/dompdb/1dhy02 95.000000
/nfs/cathdata/dompdb/1han02 95.000000
/data/pdb_release/all/pdb1std.ent 95.000000
/data/pdb_release/all/pdb2cba.ent 90.000000
/data/pdb_release/all/pdb1crm.ent 95.000000
/tmp/1dmxA0 82.500000
/nfs/cathdata/dompdb/1bncA3 95.000000
/nfs/cathdata/dompdb/1daaA2 95.000000
/data/pdb_release/all/pdb1gym.ent 95.000000
/nfs/cathdata/dompdb/1ami04 90.000000
/tmp/1fvpA0 95.000000
/data/pdb_release/all/pdb1nfp.ent 95.000000
/tmp/1brlB0 77.500000
/tmp/1lucA0 82.500000
/data/pdb_release/all/pdb1tml.ent 77.500000
/nfs/cathdata/dompdb/1pii02 85.000000
/nfs/cathdata/dompdb/1pii01 82.500000
/data/pdb_release/all/pdb1igs.ent 82.500000
/tmp/1wsyA0 82.500000
/nfs/cathdata/dompdb/1pkm02 82.500000
/nfs/cathdata/dompdb/1pkyA2 82.500000
/tmp/1nal10 82.500000
/tmp/1fbaA0 77.500000
/data/pdb_release/all/pdb1ald.ent 82.500000
/data/pdb_release/all/pdb1nar.ent 82.500000
/data/pdb_release/all/pdb2hvm.ent 82.500000
/data/pdb_release/all/pdb1fkb.ent 70.000000
/data/pdb_release/all/pdb1yat.ent 77.500000
/data/pdb_release/all/pdb1pbk.ent 72.500000
/data/pdb_release/all/pdb1rot.ent 77.500000
/nfs/cathdata/dompdb/1hmy02 57.500000
/tmp/2msbA0 100.000000
/data/pdb_release/all/pdb1hup.ent 95.000000
/tmp/1rtm10 95.000000
/tmp/1rdl10 95.000000
/data/pdb_release/all/pdb1aak.ent 95.000000
/data/pdb_release/all/pdb2uce.ent 95.000000
/data/pdb_release/all/pdb1ucz.ent 95.000000
/tmp/1u9aA0 100.000000
/nfs/cathdata/dompdb/1fcbA1 55.000000
/data/pdb_release/all/pdb1b5m.ent 72.500000
/data/pdb_release/all/pdb1iet.ent 25.000000
/data/pdb_release/all/pdb1cyo.ent 77.500000
/tmp/1mkaA0 90.000000
/data/pdb_release/all/pdb1onc.ent 95.000000
/data/pdb_release/all/pdb7rsa.ent 90.000000
/tmp/1bsrA0 90.000000
/data/pdb_release/all/pdb1ang.ent 95.000000
/data/pdb_release/all/pdb1agi.ent 100.000000
/nfs/cathdata/dompdb/1hpm02 90.000000
/nfs/cathdata/dompdb/2polA3 95.000000
/nfs/cathdata/dompdb/2polA2 95.000000
/nfs/cathdata/dompdb/2polA1 95.000000
/nfs/cathdata/dompdb/9pap01 90.000000
/nfs/cathdata/dompdb/1aec01 100.000000
/nfs/cathdata/dompdb/1gecE1 90.000000
/nfs/cathdata/dompdb/1ppo01 90.000000
/nfs/cathdata/dompdb/1yal01 100.000000
/nfs/cathdata/dompdb/1theA1 95.000000
/data/pdb_release/all/pdb1pgb.ent 70.000000
/data/pdb_release/all/pdb2igg.ent 75.000000
/data/pdb_release/all/pdb3fxc.ent 52.500000
/tmp/1frrA0 72.500000
/tmp/1fxiA0 70.000000
/tmp/1fxaA0 67.500000
/data/pdb_release/all/pdb1frd.ent 72.500000
/data/pdb_release/all/pdb1dox.ent 25.000000
/data/pdb_release/all/pdb1cjn.ent 52.500000
/data/pdb_release/all/pdb1doi.ent 77.500000
/data/pdb_release/all/pdb1put.ent 32.500000
/nfs/cathdata/dompdb/2pia03 70.000000
/data/pdb_release/all/pdb1ubi.ent 70.000000
/nfs/cathdata/dompdb/1lgr02 72.500000
/data/pdb_release/all/pdb1tif.ent 72.500000
/data/pdb_release/all/pdb1rfa.ent 70.000000
/tmp/1molA0 100.000000
/tmp/1stfI0 100.000000
/data/pdb_release/all/pdb1cyu.ent 100.000000
/tmp/1cewI0 77.500000
/tmp/1udiI0 100.000000
/data/pdb_release/all/pdb1fus.ent 100.000000
/data/pdb_release/all/pdb9rnt.ent 90.000000
/data/pdb_release/all/pdb1rds.ent 90.000000
/tmp/1gmpA0 90.000000
/tmp/1brnL0 90.000000
/tmp/2rbiA0 95.000000
/nfs/cathdata/dompdb/1oacA2 100.000000
/nfs/cathdata/dompdb/1prtB1 77.500000
/nfs/cathdata/dompdb/1prtC1 32.500000
/nfs/cathdata/dompdb/1ctn03 95.000000
/nfs/cathdata/dompdb/1gtrA3 77.500000
/nfs/cathdata/dompdb/1grj02 55.000000
/data/pdb_release/all/pdb1tsp.ent 90.000000
/nfs/cathdata/dompdb/1dhx01 50.000000
/nfs/cathdata/dompdb/2psg01 77.500000
/nfs/cathdata/dompdb/1mpp01 82.500000
/nfs/cathdata/dompdb/1bbs01 95.000000
/nfs/cathdata/dompdb/4cms01 90.000000
/nfs/cathdata/dompdb/1smrA1 80.000000
/nfs/cathdata/dompdb/1epmE1 75.000000
/nfs/cathdata/dompdb/1pplE1 90.000000
/nfs/cathdata/dompdb/2apr01 77.500000
/nfs/cathdata/dompdb/1psoE1 90.000000
/nfs/cathdata/dompdb/1htrB1 90.000000
/nfs/cathdata/dompdb/1jxrA1 95.000000
/nfs/cathdata/dompdb/2asi01 77.500000
/nfs/cathdata/dompdb/1smeA1 72.500000
/nfs/cathdata/dompdb/1epmE2 77.500000
/nfs/cathdata/dompdb/1pplE2 95.000000
/nfs/cathdata/dompdb/1mpp02 90.000000
/nfs/cathdata/dompdb/2asi02 95.000000
/nfs/cathdata/dompdb/2apr02 85.000000
/nfs/cathdata/dompdb/1psaA2 77.500000
/nfs/cathdata/dompdb/1lyaB2 90.000000
/nfs/cathdata/dompdb/1rne02 80.000000
/nfs/cathdata/dompdb/1cms02 85.000000
/nfs/cathdata/dompdb/1smrA2 90.000000
/nfs/cathdata/dompdb/1psoE2 80.000000
/nfs/cathdata/dompdb/1htrB2 77.500000
/nfs/cathdata/dompdb/1jxrA2 85.000000
/data/pdb_release/all/pdb2cas.ent 90.000000
/nfs/cathdata/dompdb/1rthA1 75.000000
/data/pdb_release/all/pdb1har.ent 75.000000
/nfs/cathdata/dompdb/1mml01 95.000000
/data/pdb_release/all/pdb1pgx.ent 70.000000
/data/pdb_release/all/pdb4fgf.ent 82.500000
/tmp/1afgA0 82.500000
/data/pdb_release/all/pdb1i1b.ent 77.500000
/data/pdb_release/all/pdb8i1b.ent 77.500000
/tmp/1ilr10 82.500000
/data/pdb_release/all/pdb1hcd.ent 82.500000
/data/pdb_release/all/pdb1tie.ent 77.500000
/data/pdb_release/all/pdb1wbc.ent 90.000000
/nfs/cathdata/dompdb/2aaiB2 77.500000
/nfs/cathdata/dompdb/1abrB2 77.500000
/nfs/cathdata/dompdb/2aaiB1 82.500000
/nfs/cathdata/dompdb/1abrB1 77.500000
/tmp/1msaA0 77.500000
/nfs/cathdata/dompdb/1dlc03 90.000000
/tmp/1vmoA0 77.500000
/data/pdb_release/all/pdb1hxn.ent 90.000000
/nfs/cathdata/dompdb/1fbl02 95.000000
/data/pdb_release/all/pdb1rtg.ent 95.000000
/data/pdb_release/all/pdb1pex.ent 95.000000
/data/pdb_release/all/pdb2nn9.ent 90.000000
/data/pdb_release/all/pdb2bat.ent 95.000000
/tmp/1nscA0 82.500000
/data/pdb_release/all/pdb1inv.ent 82.500000
/data/pdb_release/all/pdb1sim.ent 95.000000
/tmp/2bbkH0 90.000000
/tmp/1mdaH0 100.000000
/tmp/2madH0 0.000000
/nfs/cathdata/dompdb/1gof02 95.000000
/tmp/3aahA0 100.000000
/nfs/cathdata/dompdb/1kapP1 95.000000
/nfs/cathdata/dompdb/1sat01 95.000000
/nfs/cathdata/dompdb/1lxa01 75.000000
/data/pdb_release/all/pdb2pec.ent 95.000000
/nfs/cathdata/dompdb/2taaA2 82.500000
/nfs/cathdata/dompdb/1ppi02 77.500000
/nfs/cathdata/dompdb/1bvp12 77.500000
/data/pdb_release/all/pdb1bcx.ent 77.500000
/tmp/1enxA0 82.500000
/data/pdb_release/all/pdb1xnd.ent 82.500000
/data/pdb_release/all/pdb1xyn.ent 77.500000
/data/pdb_release/all/pdb1yna.ent 82.500000
/tmp/2pcdA0 90.000000
/tmp/2pcdM0 90.000000
/nfs/cathdata/dompdb/1dlc02 77.500000
/nfs/cathdata/dompdb/1ciy03 82.500000
/nfs/cathdata/dompdb/1ddt03 77.500000
/tmp/1gff10 85.000000
/tmp/2bpa10 85.000000
/data/pdb_release/all/pdb1jbc.ent 82.500000
/data/pdb_release/all/pdb2cna.ent 100.000000
/nfs/cathdata/dompdb/1dhx04 72.500000
/tmp/4htcI0 45.000000
/data/pdb_release/all/pdb1hic.ent 50.000000
/nfs/cathdata/dompdb/1ecl03 100.000000
/data/pdb_release/all/pdb1htp.ent 90.000000
/tmp/1dupA0 77.500000
/nfs/cathdata/dompdb/1ggtA1 90.000000
/tmp/1tsrA0 90.000000
/data/pdb_release/all/pdb1gpr.ent 85.000000
/data/pdb_release/all/pdb1f3g.ent 100.000000
/nfs/cathdata/dompdb/1aozA3 90.000000
/nfs/cathdata/dompdb/1oacA3 95.000000
/nfs/cathdata/dompdb/1bglA5 100.000000
/nfs/cathdata/dompdb/1bglA1 95.000000
/tmp/1celA0 90.000000
/tmp/1afcA0 77.500000
/tmp/2plv20 95.000000
/tmp/1rhi20 95.000000
/data/pdb_release/all/pdb1pov.ent 95.000000
/tmp/1bmv10 95.000000
/tmp/4sbvA0 77.500000
/tmp/1smvA0 77.500000
/tmp/2tbvA0 95.000000
/tmp/2bbvA0 95.000000
/tmp/1bmv20 100.000000
/tmp/1tnfA0 82.500000
/tmp/1tnrA0 77.500000
/tmp/1hlcA0 77.500000
/tmp/1sltA0 82.500000
/tmp/2ltnA0 82.500000
/tmp/1lenA0 82.500000
/tmp/1lgcA0 82.500000
/data/pdb_release/all/pdb1lte.ent 82.500000
/data/pdb_release/all/pdb1sba.ent 82.500000
/data/pdb_release/all/pdb1gsl.ent 100.000000
/tmp/2pelA0 82.500000
/tmp/1fatA0 82.500000
/tmp/1ioaA0 95.000000
/tmp/1sacA0 82.500000
/tmp/1gnhA0 77.500000
/data/pdb_release/all/pdb2ayh.ent 82.500000
/data/pdb_release/all/pdb1cpm.ent 82.500000
/data/pdb_release/all/pdb1gbg.ent 82.500000
/nfs/cathdata/dompdb/1cgt02 100.000000
/nfs/cathdata/dompdb/1cdg02 100.000000
/nfs/cathdata/dompdb/1cyg02 100.000000
/nfs/cathdata/dompdb/1ciu02 95.000000
/nfs/cathdata/dompdb/1pamA2 95.000000
/nfs/cathdata/dompdb/2aaa02 77.500000
/nfs/cathdata/dompdb/1pnf02 77.500000
/data/pdb_release/all/pdb1knb.ent 82.500000
/tmp/1sluA0 82.500000
/nfs/cathdata/dompdb/1lla02 85.000000
/nfs/cathdata/dompdb/1svb01 82.500000
/data/pdb_release/all/pdb1cyw.ent 82.500000
/nfs/cathdata/dompdb/1hcz01 100.000000
/data/pdb_release/all/pdb1thw.ent 82.500000
/tmp/1cauB0 100.000000
/nfs/cathdata/dompdb/2phlA3 82.500000
/nfs/cathdata/dompdb/2phlA2 100.000000
/data/pdb_release/all/pdb2stv.ent 100.000000
/tmp/1bbt10 85.000000
/tmp/1pov10 95.000000
/tmp/1pvc10 95.000000
/tmp/1r0910 100.000000
/tmp/1rhi10 100.000000
/tmp/1tme10 95.000000
/tmp/2mev10 95.000000
/tmp/2bpa20 77.500000
/tmp/1gff20 82.500000
/tmp/1bbt30 95.000000
/tmp/1tme30 95.000000
/tmp/2mev30 95.000000
/tmp/1r0930 100.000000
/tmp/1pov30 95.000000
/tmp/1pvc30 95.000000
/tmp/1rhi30 100.000000
/tmp/1bbt20 95.000000
/tmp/1tme20 95.000000
/tmp/2mev20 100.000000
/tmp/1r0920 95.000000
/tmp/1pvc20 95.000000
/data/pdb_release/all/pdb1arn.ent 90.000000
/tmp/1aizA0 95.000000
/data/pdb_release/all/pdb1aaj.ent 82.500000
/nfs/cathdata/dompdb/1aozA1 82.500000
/nfs/cathdata/dompdb/1aozA2 100.000000
/nfs/cathdata/dompdb/1gof03 82.500000
/nfs/cathdata/dompdb/1nif01 82.500000
/nfs/cathdata/dompdb/1afnA1 77.500000
/nfs/cathdata/dompdb/1nif02 85.000000
/nfs/cathdata/dompdb/1ntd02 85.000000
/tmp/1eta10 90.000000
/tmp/1tfpA0 77.500000
/tmp/1sxaA0 77.500000
/tmp/1srdA0 82.500000
/data/pdb_release/all/pdb1jcv.ent 82.500000
/tmp/1sosA0 77.500000
/tmp/1xsoA0 77.500000
/data/pdb_release/all/pdb1akp.ent 72.500000
/data/pdb_release/all/pdb1acx.ent 77.500000
/data/pdb_release/all/pdb1noa.ent 82.500000
/data/pdb_release/all/pdb2mcm.ent 82.500000
/nfs/cathdata/dompdb/1clc01 77.500000
/nfs/cathdata/dompdb/1ctn01 90.000000
/data/pdb_release/all/pdb1exg.ent 82.500000
/nfs/cathdata/dompdb/1bglA4 77.500000
/nfs/cathdata/dompdb/1bglA2 82.500000
/nfs/cathdata/dompdb/1svcP3 77.500000
/nfs/cathdata/dompdb/1svb04 77.500000
/nfs/cathdata/dompdb/1gof01 77.500000
/nfs/cathdata/dompdb/2sblB1 82.500000
/nfs/cathdata/dompdb/1hplA2 82.500000
/nfs/cathdata/dompdb/1lpbB2 77.500000
/nfs/cathdata/dompdb/1pgs01 82.500000
/data/pdb_release/all/pdb1ten.ent 82.500000
/nfs/cathdata/dompdb/1fnf01 77.500000
/nfs/cathdata/dompdb/1fnf02 77.500000
/nfs/cathdata/dompdb/1fnf03 77.500000
/nfs/cathdata/dompdb/1cfb01 77.500000
/nfs/cathdata/dompdb/1cfb02 77.500000
/tmp/1wapA0 77.500000
/data/pdb_release/all/pdb1ncg.ent 77.500000
/data/pdb_release/all/pdb1suh.ent 77.500000
/nfs/cathdata/dompdb/1ggtA4 77.500000
/nfs/cathdata/dompdb/1cgt04 77.500000
/nfs/cathdata/dompdb/1cdg04 77.500000
/nfs/cathdata/dompdb/1cyg04 77.500000
/data/pdb_release/all/pdb1kul.ent 75.000000
/nfs/cathdata/dompdb/1ciu04 77.500000
/nfs/cathdata/dompdb/1pamA4 77.500000
/nfs/cathdata/dompdb/1cgt03 77.500000
/nfs/cathdata/dompdb/1cdg03 77.500000
/nfs/cathdata/dompdb/1cyg03 77.500000
/nfs/cathdata/dompdb/1ciu03 77.500000
/nfs/cathdata/dompdb/1pamA3 82.500000
/data/pdb_release/all/pdb1rsy.ent 90.000000
/data/pdb_release/all/pdb1plc.ent 100.000000
/data/pdb_release/all/pdb9pcy.ent 82.500000
/data/pdb_release/all/pdb2plt.ent 85.000000
/data/pdb_release/all/pdb7pcy.ent 90.000000
/data/pdb_release/all/pdb1pla.ent 82.500000
/data/pdb_release/all/pdb1nin.ent 60.000000
/data/pdb_release/all/pdb1paz.ent 82.500000
/data/pdb_release/all/pdb1pmy.ent 82.500000
/data/pdb_release/all/pdb1zia.ent 77.500000
/tmp/1adwA0 77.500000
/tmp/1vlxA0 95.000000
/nfs/cathdata/dompdb/1vgeH1 77.500000
/nfs/cathdata/dompdb/1yuhB1 77.500000
/nfs/cathdata/dompdb/1clyH1 82.500000
/nfs/cathdata/dompdb/1kelH1 77.500000
/nfs/cathdata/dompdb/1nldH1 95.000000
/nfs/cathdata/dompdb/1ghfH1 77.500000
/nfs/cathdata/dompdb/1ospH1 77.500000
/nfs/cathdata/dompdb/1mimH1 77.500000
/nfs/cathdata/dompdb/1cloH1 77.500000
/nfs/cathdata/dompdb/1plgL1 77.500000
/nfs/cathdata/dompdb/1ghfL1 82.500000
/nfs/cathdata/dompdb/1clzL1 82.500000
/nfs/cathdata/dompdb/1kelL1 82.500000
/nfs/cathdata/dompdb/1gafL1 77.500000
/nfs/cathdata/dompdb/1iaiL1 72.500000
/nfs/cathdata/dompdb/1aifA1 77.500000
/nfs/cathdata/dompdb/1vgeL1 77.500000
/nfs/cathdata/dompdb/1nldL1 77.500000
/nfs/cathdata/dompdb/1ospL1 77.500000
/nfs/cathdata/dompdb/1mimL1 77.500000
/nfs/cathdata/dompdb/1lilA1 82.500000
/nfs/cathdata/dompdb/1cloL1 77.500000
/nfs/cathdata/dompdb/1bec01 77.500000
/nfs/cathdata/dompdb/1tcrB1 82.500000
/data/pdb_release/all/pdb1tit.ent 67.500000
/data/pdb_release/all/pdb1cid.ent 82.500000
/data/pdb_release/all/pdb3cd4.ent 77.500000
/data/pdb_release/all/pdb1hoe.ent 70.000000
/nfs/cathdata/dompdb/3hhrB1 77.500000
/nfs/cathdata/dompdb/3hhrB2 77.500000
/nfs/cathdata/dompdb/1fieA3 77.500000
/nfs/cathdata/dompdb/1hft01 75.000000
/data/pdb_release/all/pdb1ttf.ent 77.500000
/nfs/cathdata/dompdb/1hilA1 77.500000
/nfs/cathdata/dompdb/1ggbL1 77.500000
/nfs/cathdata/dompdb/1gigL1 77.500000
/nfs/cathdata/dompdb/1mfeL1 82.500000
/nfs/cathdata/dompdb/1igfL1 82.500000
/nfs/cathdata/dompdb/1lmkA2 82.500000
/nfs/cathdata/dompdb/1mcbA1 77.500000
/nfs/cathdata/dompdb/1mlbA1 82.500000
/nfs/cathdata/dompdb/3hfmL1 82.500000
/nfs/cathdata/dompdb/1opgL1 82.500000
/nfs/cathdata/dompdb/1ncaL1 82.500000
/nfs/cathdata/dompdb/1tetL1 77.500000
/nfs/cathdata/dompdb/2fb4L1 77.500000
/nfs/cathdata/dompdb/2fbjL1 82.500000
/nfs/cathdata/dompdb/6fabL1 82.500000
/nfs/cathdata/dompdb/7fabL1 77.500000
/nfs/cathdata/dompdb/8fabA1 82.500000
/nfs/cathdata/dompdb/1eapA1 77.500000
/nfs/cathdata/dompdb/1figL1 77.500000
/nfs/cathdata/dompdb/1forL1 82.500000
/nfs/cathdata/dompdb/1ibgL1 77.500000
/nfs/cathdata/dompdb/1igcL1 77.500000
/nfs/cathdata/dompdb/1jelL1 77.500000
/nfs/cathdata/dompdb/1nsnL1 77.500000
/nfs/cathdata/dompdb/2gfbA1 77.500000
/tmp/1dvfC0 77.500000
/tmp/1dvfD0 77.500000
/data/pdb_release/all/pdb1vhp.ent 77.500000
/nfs/cathdata/dompdb/1gafH1 82.500000
/nfs/cathdata/dompdb/1iaiH1 82.500000
/nfs/cathdata/dompdb/1aifB1 77.500000
/nfs/cathdata/dompdb/1ngpH1 77.500000
/nfs/cathdata/dompdb/1plgH1 77.500000
/nfs/cathdata/dompdb/1mlbB1 77.500000
/nfs/cathdata/dompdb/2cgrH1 77.500000
/nfs/cathdata/dompdb/1eapB1 82.500000
/nfs/cathdata/dompdb/1faiH1 100.000000
/nfs/cathdata/dompdb/1fbiH1 77.500000
/nfs/cathdata/dompdb/1figH1 75.000000
/nfs/cathdata/dompdb/1forH1 82.500000
/nfs/cathdata/dompdb/1fptH1 82.500000
/nfs/cathdata/dompdb/1frgH1 82.500000
/nfs/cathdata/dompdb/1gigH1 77.500000
/nfs/cathdata/dompdb/1ibgH1 77.500000
/nfs/cathdata/dompdb/1igcH1 77.500000
/nfs/cathdata/dompdb/1igjB1 77.500000
/nfs/cathdata/dompdb/1ikfH1 82.500000
/nfs/cathdata/dompdb/1jelH1 82.500000
/nfs/cathdata/dompdb/1mrcH1 82.500000
/nfs/cathdata/dompdb/1nsnH1 82.500000
/nfs/cathdata/dompdb/1opgH1 82.500000
/nfs/cathdata/dompdb/1rmfH1 77.500000
/nfs/cathdata/dompdb/2fgwH1 82.500000
/nfs/cathdata/dompdb/2gfbB1 82.500000
/nfs/cathdata/dompdb/6fabH1 77.500000
/nfs/cathdata/dompdb/1acyL1 77.500000
/nfs/cathdata/dompdb/1bafL1 77.500000
/nfs/cathdata/dompdb/1bbdL1 77.500000
/nfs/cathdata/dompdb/1bqlL1 82.500000
/nfs/cathdata/dompdb/2cgrL1 82.500000
/nfs/cathdata/dompdb/1dbbL1 77.500000
/nfs/cathdata/dompdb/1dfbL1 77.500000
/nfs/cathdata/dompdb/1faiL1 82.500000
/nfs/cathdata/dompdb/1mamL1 82.500000
/nfs/cathdata/dompdb/1ikfL1 82.500000
/nfs/cathdata/dompdb/1frgL1 82.500000
/tmp/1wtlA0 82.500000
/tmp/1breA0 77.500000
/tmp/1fvcB0 77.500000
/tmp/1jhlH0 82.500000
/tmp/1vfaB0 77.500000
/tmp/1igmH0 77.500000
/tmp/1mfaL0 0.000000
/tmp/1fgvH0 82.500000
/tmp/1nmaH0 82.500000
/tmp/2bjl10 77.500000
/nfs/cathdata/dompdb/8fabB1 82.500000
/nfs/cathdata/dompdb/2fb4H1 77.500000
/nfs/cathdata/dompdb/1acyH1 72.500000
/nfs/cathdata/dompdb/1bbdH1 82.500000
/nfs/cathdata/dompdb/2hflH1 82.500000
/nfs/cathdata/dompdb/2fbjH1 82.500000
/nfs/cathdata/dompdb/1hilB1 77.500000
/nfs/cathdata/dompdb/1nbvH1 77.500000
/nfs/cathdata/dompdb/7fabH1 77.500000
/nfs/cathdata/dompdb/1indH1 77.500000
/nfs/cathdata/dompdb/1tetH1 82.500000
/nfs/cathdata/dompdb/1mamH1 82.500000
/nfs/cathdata/dompdb/1ncaH1 82.500000
/nfs/cathdata/dompdb/1dbbH1 77.500000
/nfs/cathdata/dompdb/1dfbH1 82.500000
/nfs/cathdata/dompdb/1flrH1 77.500000
/nfs/cathdata/dompdb/1ggbH1 82.500000
/nfs/cathdata/dompdb/1igfH1 82.500000
/nfs/cathdata/dompdb/1bafH1 77.500000
/nfs/cathdata/dompdb/3hfmH1 77.500000
/nfs/cathdata/dompdb/1mcpH1 77.500000
/nfs/cathdata/dompdb/1lmkA1 82.500000
/nfs/cathdata/dompdb/1mfbH1 82.500000
/nfs/cathdata/dompdb/1fc2D2 75.000000
/nfs/cathdata/dompdb/1gigL2 90.000000
/nfs/cathdata/dompdb/1kelL2 95.000000
/nfs/cathdata/dompdb/1gafL2 90.000000
/nfs/cathdata/dompdb/2fb4L2 85.000000
/nfs/cathdata/dompdb/1yuhB2 50.000000
/nfs/cathdata/dompdb/1clzH2 77.500000
/nfs/cathdata/dompdb/1fc2D1 95.000000
/nfs/cathdata/dompdb/1fruA2 82.500000
/tmp/1hsbB0 77.500000
/tmp/1mhcB0 77.500000
/tmp/1fruB0 77.500000
/data/pdb_release/all/pdb1bmg.ent 77.500000
/nfs/cathdata/dompdb/1dlhA2 77.500000
/nfs/cathdata/dompdb/1sebB2 75.000000
/nfs/cathdata/dompdb/1bec02 82.500000
/nfs/cathdata/dompdb/1vcaA2 82.500000
/data/pdb_release/all/pdb1tnm.ent 82.500000
/nfs/cathdata/dompdb/1vcaA1 82.500000
/data/pdb_release/all/pdb1tlk.ent 77.500000
/nfs/cathdata/dompdb/1hft02 100.000000
/data/pdb_release/all/pdb1cd8.ent 77.500000
/nfs/cathdata/dompdb/1igjA1 82.500000
/tmp/1nmbL0 77.500000
/data/pdb_release/all/pdb2rhe.ent 82.500000
/tmp/1fgvL0 77.500000
/data/pdb_release/all/pdb2imn.ent 82.500000
/tmp/1reiA0 77.500000
/tmp/1fvcA0 77.500000
/tmp/1igmL0 82.500000
/tmp/1jhlL0 82.500000
/tmp/1ivlA0 77.500000
/tmp/1vfaA0 82.500000
/data/pdb_release/all/pdb1pho.ent 100.000000
/data/pdb_release/all/pdb1omf.ent 100.000000
/data/pdb_release/all/pdb3bcl.ent 95.000000
/nfs/cathdata/dompdb/1amm01 82.500000
/nfs/cathdata/dompdb/1amm02 95.000000
/nfs/cathdata/dompdb/2bb202 77.500000
/nfs/cathdata/dompdb/2gcr01 82.500000
/nfs/cathdata/dompdb/2gcr02 77.500000
/nfs/cathdata/dompdb/1elpA1 82.500000
/nfs/cathdata/dompdb/1elpA2 95.000000
/nfs/cathdata/dompdb/2bb201 77.500000
/nfs/cathdata/dompdb/1prr01 85.000000
/nfs/cathdata/dompdb/1prr02 85.000000
/tmp/1mdaL0 75.000000
/tmp/2bbkL0 72.500000
/data/pdb_release/all/pdb1cdb.ent 77.500000
/nfs/cathdata/dompdb/1hngA1 70.000000
/tmp/1cdcA0 77.500000
/nfs/cathdata/dompdb/1hnf02 82.500000
/nfs/cathdata/dompdb/1hngA2 82.500000
/tmp/1mfaH0 0.000000
/nfs/cathdata/dompdb/2fbjH2 77.500000
/nfs/cathdata/dompdb/1mcpH2 82.500000
/nfs/cathdata/dompdb/1hocA2 67.500000
/nfs/cathdata/dompdb/1hsaA2 70.000000
/nfs/cathdata/dompdb/1vaaA2 75.000000
/nfs/cathdata/dompdb/1hsbA2 70.000000
/nfs/cathdata/dompdb/1mhcA2 70.000000
/nfs/cathdata/dompdb/8fabB2 75.000000
/nfs/cathdata/dompdb/1kelH2 77.500000
/nfs/cathdata/dompdb/1bbdH2 70.000000
/nfs/cathdata/dompdb/1ospH2 77.500000
/nfs/cathdata/dompdb/1eapB2 82.500000
/tmp/1lopA0 90.000000
/data/pdb_release/all/pdb2cpl.ent 85.000000
/tmp/1cynA0 90.000000
/tmp/2rmcA0 90.000000
/nfs/cathdata/dompdb/1bucA2 77.500000
/nfs/cathdata/dompdb/3mddA2 95.000000
/nfs/cathdata/dompdb/1kxf02 82.500000
/nfs/cathdata/dompdb/1vcpA2 77.500000
/tmp/1smpI0 100.000000
/nfs/cathdata/dompdb/1svcP1 82.500000
/tmp/1sriA0 95.000000
/tmp/1avdA0 82.500000
/data/pdb_release/all/pdb1hbq.ent 77.500000
/data/pdb_release/all/pdb1rbp.ent 77.500000
/tmp/1epaA0 82.500000
/tmp/1bbpA0 82.500000
/data/pdb_release/all/pdb1mup.ent 90.000000
/data/pdb_release/all/pdb1ifc.ent 95.000000
/data/pdb_release/all/pdb1hmr.ent 90.000000
/tmp/1opaA0 100.000000
/data/pdb_release/all/pdb1adl.ent 100.000000
/data/pdb_release/all/pdb1crb.ent 100.000000
/tmp/1cbiA0 100.000000
/tmp/1ftpA0 95.000000
/data/pdb_release/all/pdb1cbs.ent 90.000000
/tmp/1pmpA0 100.000000
/data/pdb_release/all/pdb1mdc.ent 85.000000
/nfs/cathdata/dompdb/7catA1 100.000000
/data/pdb_release/all/pdb1cae.ent 100.000000
/nfs/cathdata/dompdb/1dar02 77.500000
/nfs/cathdata/dompdb/1gtrA4 77.500000
/data/pdb_release/all/pdb1prn.ent 100.000000
/data/pdb_release/all/pdb2por.ent 100.000000
/nfs/cathdata/dompdb/1ppfE1 72.500000
/nfs/cathdata/dompdb/1svpA1 75.000000
/nfs/cathdata/dompdb/1vcpA1 60.000000
/nfs/cathdata/dompdb/1sgt02 77.500000
/nfs/cathdata/dompdb/1hylA1 77.500000
/nfs/cathdata/dompdb/1try02 77.500000
/nfs/cathdata/dompdb/1sgpE1 70.000000
/nfs/cathdata/dompdb/1hpgA1 70.000000
/nfs/cathdata/dompdb/2sga01 75.000000
/nfs/cathdata/dompdb/2alp01 77.500000
/nfs/cathdata/dompdb/1tal01 72.500000
/nfs/cathdata/dompdb/2sfa01 77.500000
/nfs/cathdata/dompdb/1arb02 95.000000
/nfs/cathdata/dompdb/1hylA2 90.000000
/nfs/cathdata/dompdb/1sgpE2 77.500000
/nfs/cathdata/dompdb/1gbaA2 77.500000
/nfs/cathdata/dompdb/1hpgA2 77.500000
/nfs/cathdata/dompdb/2sga02 77.500000
/nfs/cathdata/dompdb/1tal02 72.500000
/nfs/cathdata/dompdb/2sfa02 77.500000
/nfs/cathdata/dompdb/1arb01 72.500000
/nfs/cathdata/dompdb/1cnd01 77.500000
/nfs/cathdata/dompdb/1ndh01 72.500000
/nfs/cathdata/dompdb/2pia01 72.500000
/nfs/cathdata/dompdb/1fnb01 77.500000
/nfs/cathdata/dompdb/1que01 72.500000
/nfs/cathdata/dompdb/1pkm03 95.000000
/nfs/cathdata/dompdb/1pkn03 77.500000
/nfs/cathdata/dompdb/1pkyA3 95.000000
/nfs/cathdata/dompdb/1pkyC3 95.000000
/nfs/cathdata/dompdb/1eft02 72.500000
/nfs/cathdata/dompdb/1efuA2 72.500000
/data/pdb_release/all/pdb1clh.ent 52.500000
/tmp/1tcwA0 77.500000
/tmp/1cpiA0 77.500000
/tmp/2rspA0 72.500000
/nfs/cathdata/dompdb/1pnkB3 77.500000
/nfs/cathdata/dompdb/1eft03 77.500000
/nfs/cathdata/dompdb/1efuA3 72.500000
/tmp/1ucyE0 90.000000
/tmp/1aksB0 90.000000
/tmp/2pkaB0 90.000000
/nfs/cathdata/dompdb/1hcgA1 95.000000
/nfs/cathdata/dompdb/1thsH1 90.000000
/nfs/cathdata/dompdb/1brbE1 90.000000
/nfs/cathdata/dompdb/4ptp01 90.000000
/nfs/cathdata/dompdb/1mctA1 90.000000
/nfs/cathdata/dompdb/1etrH1 90.000000
/nfs/cathdata/dompdb/1bit01 90.000000
/nfs/cathdata/dompdb/1trnA1 90.000000
/nfs/cathdata/dompdb/1try01 85.000000
/nfs/cathdata/dompdb/5chaA1 90.000000
/nfs/cathdata/dompdb/1sgt01 90.000000
/nfs/cathdata/dompdb/1lmwB1 90.000000
/nfs/cathdata/dompdb/1elg01 85.000000
/nfs/cathdata/dompdb/1elt01 85.000000
/nfs/cathdata/dompdb/1ton01 77.500000
/tmp/1mtnC0 90.000000
/nfs/cathdata/dompdb/1tbs01 90.000000
/nfs/cathdata/dompdb/1pfxC1 95.000000
/nfs/cathdata/dompdb/1fonA1 90.000000
/nfs/cathdata/dompdb/1pytD1 90.000000
/nfs/cathdata/dompdb/1rtfB1 82.500000
/nfs/cathdata/dompdb/1fujA1 77.500000
/nfs/cathdata/dompdb/1dst01 90.000000
/nfs/cathdata/dompdb/3rp2A1 72.500000
/tmp/1ceaA0 0.000000
/tmp/1pmlA0 70.000000
/data/pdb_release/all/pdb1kdu.ent 70.000000
/data/pdb_release/all/pdb1krn.ent 0.000000
/data/pdb_release/all/pdb1bw3.ent 75.000000
/tmp/1ihvA0 77.500000
/nfs/cathdata/dompdb/1hcz02 70.000000
/data/pdb_release/all/pdb1lab.ent 70.000000
/data/pdb_release/all/pdb1bdo.ent 82.500000
/data/pdb_release/all/pdb1afp.ent 45.000000
/tmp/1bovA0 70.000000
/data/pdb_release/all/pdb1mjc.ent 77.500000
/data/pdb_release/all/pdb1csp.ent 77.500000
/data/pdb_release/all/pdb1krs.ent 77.500000
/nfs/cathdata/dompdb/1lylA1 90.000000
/nfs/cathdata/dompdb/1asyA1 75.000000
/data/pdb_release/all/pdb1bgh.ent 77.500000
/data/pdb_release/all/pdb1rip.ent 0.000000
/tmp/1prtD0 75.000000
/tmp/1prtF0 75.000000
/nfs/cathdata/dompdb/1tssA2 77.500000
/nfs/cathdata/dompdb/1prtB2 75.000000
/nfs/cathdata/dompdb/1prtC2 70.000000
/tmp/1ltsD0 100.000000
/tmp/1chbD0 95.000000
/data/pdb_release/all/pdb2sns.ent 77.500000
/nfs/cathdata/dompdb/1bco02 82.500000
/nfs/cathdata/dompdb/1esfA1 70.000000
/nfs/cathdata/dompdb/1sebD1 65.000000
/nfs/cathdata/dompdb/1se201 70.000000
/tmp/1fivA0 77.500000
/tmp/1idaA0 77.500000
/tmp/1hivA0 77.500000
/data/pdb_release/all/pdb1dro.ent 77.500000
/nfs/cathdata/dompdb/1hleA1 72.500000
/nfs/cathdata/dompdb/1ovaA1 77.500000
/nfs/cathdata/dompdb/1kauC1 95.000000
/nfs/cathdata/dompdb/2kauC1 95.000000
/tmp/1ucyH0 77.500000
/nfs/cathdata/dompdb/3rp2A2 77.500000
/nfs/cathdata/dompdb/1ihsH2 77.500000
/nfs/cathdata/dompdb/1gctA2 77.500000
/nfs/cathdata/dompdb/1elg02 77.500000
/nfs/cathdata/dompdb/1brbE2 77.500000
/nfs/cathdata/dompdb/4ptp02 70.000000
/nfs/cathdata/dompdb/1elt02 72.500000
/nfs/cathdata/dompdb/1hneE2 77.500000
/nfs/cathdata/dompdb/1mctA2 82.500000
/nfs/cathdata/dompdb/1etrH2 77.500000
/nfs/cathdata/dompdb/1bit02 77.500000
/nfs/cathdata/dompdb/1trnA2 77.500000
/nfs/cathdata/dompdb/1ton02 77.500000
/tmp/2pkaA0 77.500000
/tmp/1mtnB0 77.500000
/tmp/1aksA0 77.500000
/nfs/cathdata/dompdb/1tbs02 77.500000
/nfs/cathdata/dompdb/1pfxC2 77.500000
/nfs/cathdata/dompdb/1fonA2 77.500000
/nfs/cathdata/dompdb/1pytD2 77.500000
/nfs/cathdata/dompdb/1fujA2 77.500000
/nfs/cathdata/dompdb/1rtfB2 77.500000
/nfs/cathdata/dompdb/1dst02 90.000000
/nfs/cathdata/dompdb/1hcgA2 72.500000
/nfs/cathdata/dompdb/1lmwB2 72.500000
/data/pdb_release/all/pdb1pk4.ent 0.000000
/data/pdb_release/all/pdb2pf1.ent 32.500000
/data/pdb_release/all/pdb1ahl.ent 0.000000
/data/pdb_release/all/pdb1atx.ent 50.000000
/data/pdb_release/all/pdb1sh1.ent 65.000000
/data/pdb_release/all/pdb1apf.ent 0.000000
/nfs/cathdata/dompdb/1dar03 25.000000
/nfs/cathdata/dompdb/1elo03 25.000000
/data/pdb_release/all/pdb1tfi.ent 45.000000
/tmp/4sgbI0 25.000000
/data/pdb_release/all/pdb1tih.ent 45.000000
/nfs/cathdata/dompdb/1raaB2 50.000000
/nfs/cathdata/dompdb/2atcB2 0.000000
/nfs/cathdata/dompdb/1ytfD2 70.000000
/tmp/1ytfC0 75.000000
/data/pdb_release/all/pdb1sso.ent 70.000000
/data/pdb_release/all/pdb1sap.ent 77.500000
/data/pdb_release/all/pdb1hsp.ent 0.000000
/data/pdb_release/all/pdb1gfc.ent 50.000000
/tmp/1aboA0 72.500000
/tmp/1cskA0 77.500000
/tmp/1ckaA0 72.500000
/tmp/1gbrA0 70.000000
/data/pdb_release/all/pdb1shg.ent 77.500000
/tmp/1shfA0 77.500000
/tmp/1nloC0 65.000000
/data/pdb_release/all/pdb1pnj.ent 82.500000
/tmp/1semA0 72.500000
/nfs/cathdata/dompdb/1lckA1 72.500000
/data/pdb_release/all/pdb1tud.ent 77.500000
/data/pdb_release/all/pdb1tuc.ent 72.500000
/nfs/cathdata/dompdb/1ad5A1 72.500000
/data/pdb_release/all/pdb1pls.ent 77.500000
/tmp/1dynA0 82.500000
/data/pdb_release/all/pdb1btn.ent 100.000000
/tmp/1tgxA0 60.000000
/data/pdb_release/all/pdb1nea.ent 60.000000
/data/pdb_release/all/pdb1nor.ent 60.000000
/data/pdb_release/all/pdb1ntx.ent 60.000000
/data/pdb_release/all/pdb1fas.ent 70.000000
/tmp/1cdtA0 70.000000
/data/pdb_release/all/pdb2crs.ent 50.000000
/data/pdb_release/all/pdb1ntn.ent 70.000000
/data/pdb_release/all/pdb1tfs.ent 60.000000
/data/pdb_release/all/pdb1lsi.ent 65.000000
/nfs/cathdata/dompdb/1psi01 77.500000
/nfs/cathdata/dompdb/2achA2 77.500000
/tmp/1bi6H0 45.000000
/data/pdb_release/all/pdb1tpm.ent 70.000000
/nfs/cathdata/dompdb/1hfh01 50.000000
/data/pdb_release/all/pdb1hcc.ent 25.000000
/tmp/1lpbA0 52.500000
/nfs/cathdata/dompdb/1antI1 95.000000
/tmp/1hcnB0 82.500000
/tmp/1hcnA0 85.000000
/tmp/1pdgA0 72.500000
/data/pdb_release/all/pdb2tgi.ent 72.500000
/tmp/1klaA0 75.000000
/data/pdb_release/all/pdb1tgj.ent 77.500000
/data/pdb_release/all/pdb1bet.ent 77.500000
/tmp/1bndA0 95.000000
/tmp/1bndB0 77.500000
/data/pdb_release/all/pdb1fbr.ent 77.500000
/tmp/1umuA0 90.000000
/data/pdb_release/all/pdb1ctl.ent 75.000000
/data/pdb_release/all/pdb1iml.ent 77.500000
/nfs/cathdata/dompdb/1extB1 45.000000
/tmp/2kauB0 82.500000
/tmp/1rprA0 27.500000
/tmp/1fc2C0 32.500000
/tmp/1spzZ0 35.000000
/data/pdb_release/all/pdb1edi.ent 35.000000
/data/pdb_release/all/pdb2pdd.ent 27.500000
/data/pdb_release/all/pdb1bal.ent 32.500000
/tmp/1csbA0 27.500000
/tmp/1htrP0 32.500000
/nfs/cathdata/dompdb/1ilk02 35.000000
/data/pdb_release/all/pdb1bha.ent 35.000000
/nfs/cathdata/dompdb/1grj01 35.000000
/nfs/cathdata/dompdb/1sesA1 42.500000
/data/pdb_release/all/pdb1pdc.ent 0.000000
/tmp/2achB0 0.000000
/data/pdb_release/all/pdb1egf.ent 45.000000
/data/pdb_release/all/pdb1apo.ent 0.000000
/data/pdb_release/all/pdb1fsb.ent 0.000000
/data/pdb_release/all/pdb1hre.ent 0.000000
/data/pdb_release/all/pdb1yuf.ent 0.000000
/tmp/1hcgB0 45.000000
/data/pdb_release/all/pdb1ata.ent 50.000000
/nfs/cathdata/dompdb/1ncfA2 82.500000
/data/pdb_release/all/pdb1cdq.ent 52.500000
/tmp/1kbaA0 70.000000
/tmp/2abxA0 0.000000
/tmp/1abtA0 45.000000
/data/pdb_release/all/pdb3ebx.ent 65.000000
/data/pdb_release/all/pdb2ctx.ent 60.000000
/data/pdb_release/all/pdb2cdx.ent 65.000000
/tmp/1kxiA0 70.000000
/data/pdb_release/all/pdb1cre.ent 50.000000
/data/pdb_release/all/pdb1cod.ent 77.500000
/data/pdb_release/all/pdb1drs.ent 0.000000
/data/pdb_release/all/pdb1lki.ent 40.000000
/tmp/3inkC0 60.000000
/data/pdb_release/all/pdb1hgu.ent 40.000000
/data/pdb_release/all/pdb1huw.ent 42.500000
/tmp/3hhrA0 37.500000
/data/pdb_release/all/pdb1lpt.ent 47.500000
/data/pdb_release/all/pdb1lip.ent 42.500000
/data/pdb_release/all/pdb1mzm.ent 42.500000
/data/pdb_release/all/pdb1hyp.ent 35.000000
/nfs/cathdata/dompdb/1dlc01 42.500000
/nfs/cathdata/dompdb/1ciy01 47.500000
/tmp/1etrL0 25.000000
/tmp/1tbrJ0 32.500000
/tmp/3aahB0 25.000000
/tmp/4aahB0 25.000000
/tmp/1olgA0 25.000000
/tmp/2bbvD0 25.000000
/data/pdb_release/all/pdb2ifo.ent 25.000000
/tmp/1pfiA0 27.500000
/tmp/1junA0 25.000000
/data/pdb_release/all/pdb1tvs.ent 37.500000
/tmp/1ysaC0 25.000000
/data/pdb_release/all/pdb1aml.ent 32.500000
/data/pdb_release/all/pdb125d.ent 32.500000
/data/pdb_release/all/pdb1cld.ent 27.500000
/tmp/1d66A0 32.500000
/data/pdb_release/all/pdb1pyc.ent 27.500000
/nfs/cathdata/dompdb/1poxA4 27.500000
/tmp/1ltsC0 32.500000
/tmp/1xtcC0 32.500000
/tmp/1scmA0 32.500000
/tmp/1mdyB0 27.500000
/data/pdb_release/all/pdb1bct.ent 32.500000
/nfs/cathdata/dompdb/1pcrL2 37.500000
/nfs/cathdata/dompdb/1prcL2 37.500000
/nfs/cathdata/dompdb/1pcrM2 40.000000
/nfs/cathdata/dompdb/1prcM2 42.500000
/nfs/cathdata/dompdb/1dik05 40.000000
/tmp/1bcfA0 42.500000
/data/pdb_release/all/pdb1fha.ent 42.500000
/data/pdb_release/all/pdb1ier.ent 42.500000
/data/pdb_release/all/pdb1rcc.ent 42.500000
/tmp/2ccyA0 42.500000
/data/pdb_release/all/pdb1cpq.ent 40.000000
/tmp/1bbhA0 42.500000
/data/pdb_release/all/pdb1cgn.ent 42.500000
/data/pdb_release/all/pdb1lpe.ent 40.000000
/data/pdb_release/all/pdb2asr.ent 42.500000
/data/pdb_release/all/pdb1vls.ent 37.500000
/data/pdb_release/all/pdb1aep.ent 47.500000
/tmp/256bA0 42.500000
/tmp/2hmqA0 42.500000
/data/pdb_release/all/pdb2mhr.ent 42.500000
/tmp/2tmvP0 42.500000
/tmp/1rmvA0 42.500000
/nfs/cathdata/dompdb/2ilk01 40.000000
/nfs/cathdata/dompdb/1vlk01 40.000000
/nfs/cathdata/dompdb/1bucA3 42.500000
/nfs/cathdata/dompdb/3mddA3 42.500000
/nfs/cathdata/dompdb/1chkA1 72.500000
/data/pdb_release/all/pdb1lis.ent 40.000000
/data/pdb_release/all/pdb1rcb.ent 35.000000
/tmp/1gmfA0 60.000000
/tmp/1bgeA0 40.000000
/tmp/1rhgA0 37.500000
/data/pdb_release/all/pdb1bgc.ent 40.000000
/nfs/cathdata/dompdb/1whtA2 35.000000
/data/pdb_release/all/pdb2erl.ent 35.000000
/nfs/cathdata/dompdb/1ytfD1 27.500000
/nfs/cathdata/dompdb/1mtyG1 35.000000
/nfs/cathdata/dompdb/1mhyG1 35.000000
/tmp/1ecmA0 40.000000
/nfs/cathdata/dompdb/1lxa02 42.500000
/data/pdb_release/all/pdb1acp.ent 42.500000
/data/pdb_release/all/pdb1aca.ent 35.000000
/nfs/cathdata/dompdb/1pcrM1 37.500000
/nfs/cathdata/dompdb/1prcM1 35.000000
/nfs/cathdata/dompdb/1pcrL1 37.500000
/nfs/cathdata/dompdb/1prcL1 42.500000
/nfs/cathdata/dompdb/3sdpA1 35.000000
/nfs/cathdata/dompdb/1mngA1 42.500000
/nfs/cathdata/dompdb/1svcP2 32.500000
/nfs/cathdata/dompdb/1nfkA2 32.500000
/nfs/cathdata/dompdb/1mtyG2 42.500000
/nfs/cathdata/dompdb/1mhyG2 37.500000
/nfs/cathdata/dompdb/2minB4 30.000000
/nfs/cathdata/dompdb/1mioB3 37.500000
/data/pdb_release/all/pdb1poc.ent 77.500000
/data/pdb_release/all/pdb1ppa.ent 42.500000
/data/pdb_release/all/pdb1poa.ent 82.500000
/data/pdb_release/all/pdb4bp2.ent 82.500000
/data/pdb_release/all/pdb1pod.ent 82.500000
/tmp/3p2pA0 82.500000
/tmp/1pp2L0 77.500000
/tmp/1clpA0 82.500000
/tmp/1bunA0 82.500000
/data/pdb_release/all/pdb1psj.ent 77.500000
/data/pdb_release/all/pdb1ae7.ent 77.500000
/nfs/cathdata/dompdb/1bmtA1 40.000000
/data/pdb_release/all/pdb1lmq.ent 37.500000
/data/pdb_release/all/pdb1jug.ent 37.500000
/data/pdb_release/all/pdb119l.ent 95.000000
/nfs/cathdata/dompdb/1bucA1 42.500000
/nfs/cathdata/dompdb/3mddA1 42.500000
/nfs/cathdata/dompdb/1oxa02 42.500000
/nfs/cathdata/dompdb/1grl01 77.500000
/nfs/cathdata/dompdb/1aorA2 100.000000
/nfs/cathdata/dompdb/2pgd02 47.500000
/nfs/cathdata/dompdb/1dnpA3 42.500000
/nfs/cathdata/dompdb/1csc01 42.500000
/tmp/1csmA0 42.500000
/nfs/cathdata/dompdb/1aorA3 47.500000
/data/pdb_release/all/pdb1fps.ent 47.500000
/nfs/cathdata/dompdb/1clc02 77.500000
/tmp/1ribA0 72.500000
/tmp/1mmoB0 42.500000
/tmp/1mhyB0 42.500000
/nfs/cathdata/dompdb/1cpt02 77.500000
/data/pdb_release/all/pdb1phb.ent 77.500000
/tmp/2bmhA0 80.000000
/nfs/cathdata/dompdb/1lla01 42.500000
/tmp/1mhlC0 42.500000
/tmp/1mtyD0 77.500000
/tmp/1mhyD0 77.500000
/nfs/cathdata/dompdb/2sblB2 95.000000
/data/pdb_release/all/pdb1lnh.ent 95.000000
/data/pdb_release/all/pdb1ehs.ent 32.500000
/tmp/2spcA0 27.500000
/tmp/1ytfB0 32.500000
/nfs/cathdata/dompdb/1pnkA2 27.500000
/data/pdb_release/all/pdb1aty.ent 35.000000
/nfs/cathdata/dompdb/1dloA3 35.000000
/tmp/1ithA0 40.000000
/tmp/1cpcA0 42.500000
/tmp/1cpcB0 42.500000
/tmp/1allA0 42.500000
/tmp/1allB0 40.000000
/tmp/1colA0 47.500000
/nfs/cathdata/dompdb/1ddt02 47.500000
/nfs/cathdata/dompdb/3blm02 37.500000
/nfs/cathdata/dompdb/1mblA2 40.000000
/nfs/cathdata/dompdb/1btl02 37.500000
/nfs/cathdata/dompdb/1ckiA2 47.500000
/nfs/cathdata/dompdb/1csn02 42.500000
/nfs/cathdata/dompdb/1apmE1 42.500000
/nfs/cathdata/dompdb/1irk02 47.500000
/nfs/cathdata/dompdb/1ad5A4 40.000000
/nfs/cathdata/dompdb/1aru01 42.500000
/nfs/cathdata/dompdb/1llp01 42.500000
/nfs/cathdata/dompdb/1mnp01 42.500000
/nfs/cathdata/dompdb/1qpaA1 42.500000
/nfs/cathdata/dompdb/1cca01 47.500000
/nfs/cathdata/dompdb/1apxA1 42.500000
/nfs/cathdata/dompdb/1schA1 37.500000
/data/pdb_release/all/pdb153l.ent 42.500000
/data/pdb_release/all/pdb1baa.ent 37.500000
/nfs/cathdata/dompdb/1cnsA1 40.000000
/data/pdb_release/all/pdb135l.ent 37.500000
/data/pdb_release/all/pdb2ihl.ent 37.500000
/data/pdb_release/all/pdb1lz1.ent 77.500000
/data/pdb_release/all/pdb1hhl.ent 37.500000
/tmp/1ghlA0 37.500000
/data/pdb_release/all/pdb2eql.ent 42.500000
/data/pdb_release/all/pdb1alc.ent 37.500000
/data/pdb_release/all/pdb1hml.ent 37.500000
/tmp/1thbA0 47.500000
/tmp/1hdsA0 42.500000
/tmp/1hdsB0 42.500000
/tmp/2mhbA0 42.500000
/tmp/1fdhG0 42.500000
/tmp/1hbhA0 42.500000
/tmp/1hdaA0 47.500000
/tmp/1babB0 42.500000
/data/pdb_release/all/pdb2lhb.ent 42.500000
/tmp/1hbhB0 42.500000
/tmp/1hdaB0 42.500000
/tmp/1pghA0 42.500000
/tmp/1pghB0 42.500000
/tmp/1ibeB0 42.500000
/tmp/1outA0 42.500000
/tmp/1outB0 42.500000
/tmp/1spgA0 47.500000
/tmp/1spgB0 37.500000
/data/pdb_release/all/pdb1flp.ent 42.500000
/data/pdb_release/all/pdb1lhs.ent 42.500000
/data/pdb_release/all/pdb1bvd.ent 42.500000
/data/pdb_release/all/pdb1ymb.ent 37.500000
/data/pdb_release/all/pdb1mbs.ent 47.500000
/data/pdb_release/all/pdb2mm1.ent 42.500000
/data/pdb_release/all/pdb1emy.ent 42.500000
/tmp/1mygA0 42.500000
/data/pdb_release/all/pdb1myt.ent 40.000000
/data/pdb_release/all/pdb1eca.ent 42.500000
/tmp/1sctA0 42.500000
/tmp/1sctB0 42.500000
/tmp/3sdhA0 42.500000
/data/pdb_release/all/pdb1mba.ent 42.500000
/data/pdb_release/all/pdb1ash.ent 47.500000
/nfs/cathdata/dompdb/1fcdC2 42.500000
/tmp/2mtaC0 42.500000
/nfs/cathdata/dompdb/2abk02 37.500000
/nfs/cathdata/dompdb/1npc02 40.000000
/nfs/cathdata/dompdb/1ezm02 42.500000
/nfs/cathdata/dompdb/2tmnE2 42.500000
/nfs/cathdata/dompdb/1dnpA2 47.500000
/nfs/cathdata/dompdb/1gia02 42.500000
/nfs/cathdata/dompdb/1tadA2 42.500000
/nfs/cathdata/dompdb/7catA2 42.500000
/nfs/cathdata/dompdb/1cca02 77.500000
/nfs/cathdata/dompdb/1apxA2 42.500000
/nfs/cathdata/dompdb/1aru02 37.500000
/nfs/cathdata/dompdb/1llp02 37.500000
/nfs/cathdata/dompdb/1mnp02 37.500000
/nfs/cathdata/dompdb/1qpaA2 42.500000
/nfs/cathdata/dompdb/1schA2 42.500000
/tmp/1rfbA0 42.500000
/nfs/cathdata/dompdb/1pnkA1 47.500000
/data/pdb_release/all/pdb1end.ent 35.000000
/nfs/cathdata/dompdb/1gly01 72.500000
/nfs/cathdata/dompdb/1ecl02 77.500000
/data/pdb_release/all/pdb1sra.ent 42.500000
/nfs/cathdata/dompdb/1prcC2 42.500000
/nfs/cathdata/dompdb/1prcC1 42.500000
/nfs/cathdata/dompdb/1vsgA2 42.500000
/nfs/cathdata/dompdb/1gly02 52.500000
/nfs/cathdata/dompdb/1pnkB4 40.000000
/data/pdb_release/all/pdb1hlm.ent 47.500000
/data/pdb_release/all/pdb1hlb.ent 42.500000
/data/pdb_release/all/pdb1hbg.ent 42.500000
/data/pdb_release/all/pdb1gdj.ent 42.500000
/tmp/1binA0 42.500000
/nfs/cathdata/dompdb/1osa02 37.500000
/nfs/cathdata/dompdb/1wdcC2 42.500000
/nfs/cathdata/dompdb/1tnw02 42.500000
/tmp/1cnpA0 42.500000
/tmp/1symA0 42.500000
/tmp/1tcoB0 42.500000
/nfs/cathdata/dompdb/1scmC1 37.500000
/nfs/cathdata/dompdb/1wdcB1 37.500000
/nfs/cathdata/dompdb/1rec01 0.000000
/nfs/cathdata/dompdb/1rec02 42.500000
/data/pdb_release/all/pdb2sas.ent 42.500000
/tmp/2scpA0 42.500000
/data/pdb_release/all/pdb155c.ent 42.500000
/data/pdb_release/all/pdb1ycc.ent 37.500000
/data/pdb_release/all/pdb1ccr.ent 47.500000
/tmp/5cytR0 37.500000
/data/pdb_release/all/pdb1yeb.ent 37.500000
/data/pdb_release/all/pdb1hrc.ent 37.500000
/data/pdb_release/all/pdb1cry.ent 42.500000
/data/pdb_release/all/pdb1cot.ent 37.500000
/data/pdb_release/all/pdb3c2c.ent 37.500000
/tmp/1c2rA0 37.500000
/data/pdb_release/all/pdb1cxc.ent 42.500000
/data/pdb_release/all/pdb1yea.ent 42.500000
/tmp/1hroA0 37.500000
/data/pdb_release/all/pdb1dvh.ent 37.500000
/data/pdb_release/all/pdb351c.ent 37.500000
/data/pdb_release/all/pdb1cor.ent 42.500000
/data/pdb_release/all/pdb1cch.ent 42.500000
/nfs/cathdata/dompdb/1fcdC1 37.500000
/data/pdb_release/all/pdb1cc5.ent 37.500000
/data/pdb_release/all/pdb1cyi.ent 40.000000
/data/pdb_release/all/pdb1ctj.ent 37.500000
/nfs/cathdata/dompdb/6gsvA2 37.500000
/nfs/cathdata/dompdb/1gta02 42.500000
/nfs/cathdata/dompdb/1hna02 42.500000
/nfs/cathdata/dompdb/2gsq02 37.500000
/nfs/cathdata/dompdb/1gseA2 37.500000
/nfs/cathdata/dompdb/1bpb01 37.500000
/nfs/cathdata/dompdb/1taq02 32.500000
/nfs/cathdata/dompdb/9icwA2 42.500000
/nfs/cathdata/dompdb/1ecl04 40.000000
/nfs/cathdata/dompdb/1adeA2 37.500000
/nfs/cathdata/dompdb/1atnA3 72.500000
/nfs/cathdata/dompdb/1oxa03 42.500000
/data/pdb_release/all/pdb1hmx.ent 42.500000
/nfs/cathdata/dompdb/2abk01 42.500000
/nfs/cathdata/dompdb/1gln04 37.500000
/nfs/cathdata/dompdb/2tct02 42.500000
/tmp/1hulA0 42.500000
/data/pdb_release/all/pdb1coo.ent 42.500000
/nfs/cathdata/dompdb/1wdcB2 37.500000
/data/pdb_release/all/pdb1bod.ent 42.500000
/data/pdb_release/all/pdb1cb1.ent 37.500000
/data/pdb_release/all/pdb4icb.ent 42.500000
/data/pdb_release/all/pdb1cmf.ent 37.500000
/nfs/cathdata/dompdb/1ncx01 42.500000
/data/pdb_release/all/pdb1cfc.ent 37.500000
/data/pdb_release/all/pdb1tnx.ent 42.500000
/data/pdb_release/all/pdb1rro.ent 42.500000
/data/pdb_release/all/pdb4cpv.ent 42.500000
/data/pdb_release/all/pdb5pal.ent 42.500000
/data/pdb_release/all/pdb1pal.ent 47.500000
/tmp/1rtp10 42.500000
/tmp/1pvaA0 42.500000
/nfs/cathdata/dompdb/1osa01 37.500000
/nfs/cathdata/dompdb/1avhA1 40.000000
/nfs/cathdata/dompdb/2ran01 40.000000
/nfs/cathdata/dompdb/1ala02 40.000000
/nfs/cathdata/dompdb/1hvd02 40.000000
/nfs/cathdata/dompdb/1ala04 40.000000
/nfs/cathdata/dompdb/1ann04 42.500000
/nfs/cathdata/dompdb/1avhA4 40.000000
/nfs/cathdata/dompdb/1axn01 40.000000
/nfs/cathdata/dompdb/1axn03 40.000000
/nfs/cathdata/dompdb/1axn02 37.500000
/nfs/cathdata/dompdb/1ala03 37.500000
/nfs/cathdata/dompdb/1ann03 40.000000
/nfs/cathdata/dompdb/1hvd03 40.000000
/nfs/cathdata/dompdb/2ran03 40.000000
/nfs/cathdata/dompdb/1axn04 40.000000
/nfs/cathdata/dompdb/1csc02 47.500000
/nfs/cathdata/dompdb/1csh02 47.500000
/nfs/cathdata/dompdb/2cts02 47.500000
/nfs/cathdata/dompdb/1tyaE2 42.500000
/nfs/cathdata/dompdb/1bvp11 42.500000
/data/pdb_release/all/pdb1neq.ent 37.500000
/nfs/cathdata/dompdb/1octC1 37.500000
/data/pdb_release/all/pdb1r69.ent 47.500000
/data/pdb_release/all/pdb2cro.ent 42.500000
/data/pdb_release/all/pdb1adr.ent 42.500000
/tmp/1lmb30 37.500000
/nfs/cathdata/dompdb/2yhx01 42.500000
/nfs/cathdata/dompdb/2bpfA1 42.500000
/nfs/cathdata/dompdb/1bgw03 42.500000
/nfs/cathdata/dompdb/1adt01 37.500000
/nfs/cathdata/dompdb/1glqA2 37.500000
/nfs/cathdata/dompdb/2gsrA2 37.500000
/nfs/cathdata/dompdb/1gssA2 37.500000
/data/pdb_release/all/pdb1erd.ent 27.500000
/nfs/cathdata/dompdb/1dtr02 35.000000
/tmp/1lccA0 35.000000
/nfs/cathdata/dompdb/1pnrA1 42.500000
/data/pdb_release/all/pdb1uxd.ent 35.000000
/nfs/cathdata/dompdb/2phlA1 32.500000
/nfs/cathdata/dompdb/2phlA4 35.000000
/tmp/6insE0 40.000000
/data/pdb_release/all/pdb2gf1.ent 40.000000
/data/pdb_release/all/pdb1igl.ent 27.500000
/data/pdb_release/all/pdb1bip.ent 37.500000
/data/pdb_release/all/pdb1c5a.ent 37.500000
/data/pdb_release/all/pdb1kjs.ent 37.500000
/tmp/1cmbA0 32.500000
/nfs/cathdata/dompdb/1gln03 37.500000
/nfs/cathdata/dompdb/1serA1 47.500000
/nfs/cathdata/dompdb/1bvp13 42.500000
/nfs/cathdata/dompdb/1dmb03 77.500000
/nfs/cathdata/dompdb/1dik02 35.000000
/nfs/cathdata/dompdb/9pap02 35.000000
/nfs/cathdata/dompdb/1aec02 37.500000
/nfs/cathdata/dompdb/1gecE2 37.500000
/nfs/cathdata/dompdb/2act02 37.500000
/nfs/cathdata/dompdb/1ppo02 32.500000
/nfs/cathdata/dompdb/1yal02 35.000000
/nfs/cathdata/dompdb/1theA2 35.000000
/nfs/cathdata/dompdb/1csbB1 35.000000
/nfs/cathdata/dompdb/2bltA2 35.000000
/data/pdb_release/all/pdb1utg.ent 37.500000
/data/pdb_release/all/pdb1ccd.ent 37.500000
/nfs/cathdata/dompdb/1ala01 40.000000
/nfs/cathdata/dompdb/1ann01 40.000000
/nfs/cathdata/dompdb/1ann02 40.000000
/tmp/1fliA0 35.000000
/data/pdb_release/all/pdb1etc.ent 52.500000
/tmp/1sttA0 55.000000
/data/pdb_release/all/pdb2hts.ent 55.000000
/data/pdb_release/all/pdb1hks.ent 32.500000
/data/pdb_release/all/pdb1enh.ent 35.000000
/data/pdb_release/all/pdb1ftz.ent 40.000000
/data/pdb_release/all/pdb1ftt.ent 35.000000
/tmp/1ahdP0 35.000000
/tmp/1fjlA0 35.000000
/data/pdb_release/all/pdb1vnd.ent 35.000000
/data/pdb_release/all/pdb1hdp.ent 40.000000
/data/pdb_release/all/pdb1ocp.ent 35.000000
/data/pdb_release/all/pdb1pog.ent 35.000000
/tmp/1yrnA0 35.000000
/tmp/1hcrA0 40.000000
/data/pdb_release/all/pdb1res.ent 35.000000
/data/pdb_release/all/pdb1lfb.ent 35.000000
/data/pdb_release/all/pdb2lfb.ent 35.000000
/tmp/1yrnB0 42.500000
/tmp/1fiaA0 37.500000
/data/pdb_release/all/pdb1mbe.ent 35.000000
/data/pdb_release/all/pdb1mbg.ent 35.000000
/data/pdb_release/all/pdb1mbj.ent 40.000000
/tmp/2wrpR0 42.500000
/nfs/cathdata/dompdb/2tct01 37.500000
/tmp/1bfmA0 35.000000
/tmp/1hryA0 35.000000
/data/pdb_release/all/pdb1hsm.ent 35.000000
/data/pdb_release/all/pdb1hma.ent 35.000000
/data/pdb_release/all/pdb1hme.ent 40.000000
/data/pdb_release/all/pdb1aab.ent 40.000000
/tmp/1trlA0 40.000000
/tmp/1mylA0 32.500000
/tmp/1parA0 32.500000
/tmp/1mntA0 47.500000
/data/pdb_release/all/pdb1lea.ent 35.000000
/tmp/1hstA0 77.500000
/data/pdb_release/all/pdb1ghc.ent 32.500000
/nfs/cathdata/dompdb/1dprA1 47.500000
/nfs/cathdata/dompdb/1bia01 35.000000
/nfs/cathdata/dompdb/1berA2 55.000000
/nfs/cathdata/dompdb/1pdnC1 40.000000
/nfs/cathdata/dompdb/1pdnC2 35.000000
