/tmp/2ltnB0 16.666667
/tmp/1lenB0 16.666667
/tmp/1lgcB0 0.000000
/nfs/cathdata/dompdb/1lyaB1 16.666667
/tmp/1aayA0 23.333333
/tmp/1ubdC0 28.333333
/tmp/1meyC0 28.333333
/tmp/2drpA0 51.666667
/tmp/1pyaA0 18.333333
/tmp/1hueA0 65.000000
/tmp/1wtuA0 68.333333
/tmp/1ihfA0 75.000000
/tmp/1ihfB0 75.000000
/nfs/cathdata/dompdb/1prcH1 70.000000
/nfs/cathdata/dompdb/1pcrH1 66.666667
/data/pdb_release/all/pdb4mt2.ent 0.000000
/data/pdb_release/all/pdb1tiv.ent 0.000000
/data/pdb_release/all/pdb1zaq.ent 0.000000
/data/pdb_release/all/pdb1iva.ent 0.000000
/data/pdb_release/all/pdb1agg.ent 30.000000
/data/pdb_release/all/pdb1cfh.ent 0.000000
/data/pdb_release/all/pdb1cfi.ent 0.000000
/data/pdb_release/all/pdb1aaf.ent 0.000000
/data/pdb_release/all/pdb2ech.ent 0.000000
/data/pdb_release/all/pdb1fvl.ent 16.666667
/data/pdb_release/all/pdb1kst.ent 33.333333
/tmp/1r0940 16.666667
/tmp/2plv40 50.000000
/tmp/1pvc40 46.666667
/tmp/1bbt40 21.666667
/tmp/1tme40 16.666667
/tmp/2mev40 16.666667
/tmp/1tabI0 33.333333
/data/pdb_release/all/pdb1pi2.ent 40.000000
/data/pdb_release/all/pdb1bbi.ent 51.666667
/nfs/cathdata/dompdb/1pcp01 16.666667
/nfs/cathdata/dompdb/2pspA2 16.666667
/nfs/cathdata/dompdb/1gcb01 90.000000
/nfs/cathdata/dompdb/1fieA2 81.666667
/nfs/cathdata/dompdb/1lgr01 90.000000
/nfs/cathdata/dompdb/1abbA1 76.666667
/nfs/cathdata/dompdb/1ygpA1 83.333333
/nfs/cathdata/dompdb/1pgd03 16.666667
/data/pdb_release/all/pdb1ldl.ent 30.000000
/data/pdb_release/all/pdb1ldr.ent 0.000000
/data/pdb_release/all/pdb1tap.ent 46.666667
/data/pdb_release/all/pdb5pti.ent 46.666667
/tmp/1aapA0 46.666667
/data/pdb_release/all/pdb1dtx.ent 46.666667
/data/pdb_release/all/pdb1dtk.ent 46.666667
/data/pdb_release/all/pdb1shp.ent 46.666667
/tmp/1brbI0 46.666667
/data/pdb_release/all/pdb1knt.ent 46.666667
/data/pdb_release/all/pdb1dem.ent 50.000000
/tmp/1bunB0 46.666667
/data/pdb_release/all/pdb1hnr.ent 16.666667
/tmp/1mhlA0 18.333333
/nfs/cathdata/dompdb/1gal02 21.666667
/nfs/cathdata/dompdb/1inp01 50.000000
/nfs/cathdata/dompdb/1rtc02 51.666667
/nfs/cathdata/dompdb/1apa02 61.666667
/nfs/cathdata/dompdb/1pafA2 68.333333
/nfs/cathdata/dompdb/1mrg02 65.000000
/nfs/cathdata/dompdb/1mrj02 68.333333
/nfs/cathdata/dompdb/1abrA2 55.000000
/tmp/1isuA0 16.666667
/data/pdb_release/all/pdb1hip.ent 46.666667
/tmp/2hipA0 30.000000
/data/pdb_release/all/pdb1hpi.ent 50.000000
/data/pdb_release/all/pdb1bbo.ent 18.333333
/nfs/cathdata/dompdb/1adt02 76.666667
/tmp/1abmA0 75.000000
/tmp/1idsA0 75.000000
/tmp/1isaA0 75.000000
/nfs/cathdata/dompdb/1vsgA1 80.000000
/tmp/1hmpA0 73.333333
/nfs/cathdata/dompdb/1adeA3 90.000000
/nfs/cathdata/dompdb/1qorA1 80.000000
/nfs/cathdata/dompdb/3btoA1 83.333333
/nfs/cathdata/dompdb/1dehA1 83.333333
/nfs/cathdata/dompdb/1cdoA1 83.333333
/nfs/cathdata/dompdb/1tehA1 76.666667
/nfs/cathdata/dompdb/1agnA1 80.000000
/tmp/1yptA0 80.000000
/data/pdb_release/all/pdb2hnp.ent 80.000000
/nfs/cathdata/dompdb/1yfoA1 76.666667
/tmp/1vhrA0 78.333333
/data/pdb_release/all/pdb1gpc.ent 76.666667
/nfs/cathdata/dompdb/1bgw05 81.666667
/nfs/cathdata/dompdb/1jetA1 80.000000
/nfs/cathdata/dompdb/1glaG1 76.666667
/nfs/cathdata/dompdb/1hgeA1 83.333333
/tmp/1ltsA0 76.666667
/tmp/1xtcA0 80.000000
/tmp/1tiiA0 78.333333
/tmp/1prtA0 80.000000
/nfs/cathdata/dompdb/1admA2 81.666667
/nfs/cathdata/dompdb/1chmA2 80.000000
/data/pdb_release/all/pdb1mat.ent 80.000000
/data/pdb_release/all/pdb1pbn.ent 83.333333
/data/pdb_release/all/pdb1ula.ent 81.666667
/tmp/1ecpA0 93.333333
/nfs/cathdata/dompdb/1dhx03 75.000000
/data/pdb_release/all/pdb2cyr.ent 56.666667
/data/pdb_release/all/pdb1wad.ent 50.000000
/data/pdb_release/all/pdb1czj.ent 56.666667
/tmp/1htmB0 26.666667
/nfs/cathdata/dompdb/1berA1 81.666667
/nfs/cathdata/dompdb/1dhx02 46.666667
/nfs/cathdata/dompdb/1gln02 65.000000
/nfs/cathdata/dompdb/1gtrA2 78.333333
/nfs/cathdata/dompdb/1prcH2 66.666667
/nfs/cathdata/dompdb/4rcrH2 65.000000
/nfs/cathdata/dompdb/1oxa01 70.000000
/nfs/cathdata/dompdb/1cpt01 75.000000
/nfs/cathdata/dompdb/1gcb02 65.000000
/data/pdb_release/all/pdb1mut.ent 73.333333
/data/pdb_release/all/pdb1pyp.ent 73.333333
/data/pdb_release/all/pdb2prd.ent 75.000000
/tmp/1eipA0 75.000000
/nfs/cathdata/dompdb/1ordA4 63.333333
/nfs/cathdata/dompdb/2cmd02 76.666667
/nfs/cathdata/dompdb/1mldA2 78.333333
/nfs/cathdata/dompdb/6ldh02 73.333333
/nfs/cathdata/dompdb/1llc02 68.333333
/nfs/cathdata/dompdb/1lldA2 73.333333
/nfs/cathdata/dompdb/2ldx02 78.333333
/nfs/cathdata/dompdb/3ldh02 70.000000
/nfs/cathdata/dompdb/5ldh02 65.000000
/nfs/cathdata/dompdb/9ldtA2 73.333333
/nfs/cathdata/dompdb/1ldb02 76.666667
/nfs/cathdata/dompdb/1hyhA2 73.333333
/nfs/cathdata/dompdb/4mdhA2 76.666667
/nfs/cathdata/dompdb/1bdmA2 73.333333
/nfs/cathdata/dompdb/1dctA2 65.000000
/tmp/1regX0 76.666667
/nfs/cathdata/dompdb/2bltA1 78.333333
/data/pdb_release/all/pdb1xaa.ent 78.333333
/data/pdb_release/all/pdb1xac.ent 86.666667
/tmp/1alkA0 78.333333
/data/pdb_release/all/pdb1lpp.ent 76.666667
/data/pdb_release/all/pdb1thg.ent 75.000000
/tmp/1cleA0 73.333333
/data/pdb_release/all/pdb1ace.ent 75.000000
/nfs/cathdata/dompdb/3ladA2 78.333333
/nfs/cathdata/dompdb/1lpfA2 78.333333
/nfs/cathdata/dompdb/1lvl02 78.333333
/nfs/cathdata/dompdb/1ebdA2 78.333333
/nfs/cathdata/dompdb/2tmdA3 78.333333
/nfs/cathdata/dompdb/1gerA2 81.666667
/nfs/cathdata/dompdb/1gesA2 78.333333
/nfs/cathdata/dompdb/3grs02 78.333333
/nfs/cathdata/dompdb/1tde02 78.333333
/nfs/cathdata/dompdb/1vdc02 81.666667
/nfs/cathdata/dompdb/1fecB2 75.000000
/nfs/cathdata/dompdb/1nhr02 75.000000
/nfs/cathdata/dompdb/1fcdA2 76.666667
/tmp/1pyaB0 86.666667
/nfs/cathdata/dompdb/1dik03 78.333333
/nfs/cathdata/dompdb/1aorA1 90.000000
/tmp/2dnjA0 83.333333
/tmp/1fjmA0 80.000000
/tmp/1tcoA0 80.000000
/nfs/cathdata/dompdb/1gph11 85.000000
/data/pdb_release/all/pdb1plq.ent 81.666667
/data/pdb_release/all/pdb1bnh.ent 81.666667
/data/pdb_release/all/pdb1cy3.ent 16.666667
/tmp/1cthA0 56.666667
/data/pdb_release/all/pdb2cdv.ent 53.333333
/nfs/cathdata/dompdb/1trkA1 73.333333
/tmp/1rvaA0 83.333333
/nfs/cathdata/dompdb/1atnA1 81.666667
/nfs/cathdata/dompdb/2btfA1 78.333333
/nfs/cathdata/dompdb/1olbA2 75.000000
/data/pdb_release/all/pdb2ctc.ent 78.333333
/data/pdb_release/all/pdb1amp.ent 90.000000
/nfs/cathdata/dompdb/1lam02 86.666667
/nfs/cathdata/dompdb/1tplA2 76.666667
/nfs/cathdata/dompdb/1dgd02 81.666667
/nfs/cathdata/dompdb/1aam02 66.666667
/nfs/cathdata/dompdb/1akaA2 81.666667
/nfs/cathdata/dompdb/2cstA2 78.333333
/nfs/cathdata/dompdb/1ordA2 78.333333
/data/pdb_release/all/pdb1rpa.ent 71.666667
/data/pdb_release/all/pdb1esc.ent 76.666667
/nfs/cathdata/dompdb/1gpb02 78.333333
/nfs/cathdata/dompdb/1ygpA2 78.333333
/tmp/1deaA0 80.000000
/tmp/1thtA0 78.333333
/tmp/1tahA0 81.666667
/tmp/1oilA0 78.333333
/nfs/cathdata/dompdb/1hplA1 73.333333
/nfs/cathdata/dompdb/1lpbB1 75.000000
/tmp/1ethA0 81.666667
/data/pdb_release/all/pdb1gpl.ent 80.000000
/data/pdb_release/all/pdb1tca.ent 85.000000
/data/pdb_release/all/pdb1ede.ent 75.000000
/data/pdb_release/all/pdb1ysc.ent 78.333333
/nfs/cathdata/dompdb/1asyA2 83.333333
/nfs/cathdata/dompdb/1lylA2 81.666667
/nfs/cathdata/dompdb/1serA2 90.000000
/data/pdb_release/all/pdb3pte.ent 78.333333
/nfs/cathdata/dompdb/1abrA1 85.000000
/nfs/cathdata/dompdb/1ahc01 81.666667
/nfs/cathdata/dompdb/1mrj01 76.666667
/nfs/cathdata/dompdb/1apa01 75.000000
/nfs/cathdata/dompdb/1pafA1 75.000000
/tmp/4dfrA0 73.333333
/data/pdb_release/all/pdb3dfr.ent 76.666667
/data/pdb_release/all/pdb8dfr.ent 78.333333
/data/pdb_release/all/pdb1drf.ent 75.000000
/data/pdb_release/all/pdb1dyr.ent 73.333333
/nfs/cathdata/dompdb/1adeA1 80.000000
/nfs/cathdata/dompdb/3pmgA1 81.666667
/data/pdb_release/all/pdb1udg.ent 75.000000
/nfs/cathdata/dompdb/3pgk02 85.000000
/nfs/cathdata/dompdb/1php02 80.000000
/nfs/cathdata/dompdb/1gpmA1 78.333333
/nfs/cathdata/dompdb/1powA3 71.666667
/nfs/cathdata/dompdb/1pvdA3 78.333333
/nfs/cathdata/dompdb/1pvdA1 71.666667
/nfs/cathdata/dompdb/1powA1 75.000000
/nfs/cathdata/dompdb/1trkA2 75.000000
/nfs/cathdata/dompdb/1tyaE1 78.333333
/nfs/cathdata/dompdb/2tysB2 78.333333
/nfs/cathdata/dompdb/1minA1 81.666667
/nfs/cathdata/dompdb/1mioA1 71.666667
/nfs/cathdata/dompdb/3ecaA1 78.333333
/nfs/cathdata/dompdb/1agx01 78.333333
/nfs/cathdata/dompdb/3pga11 81.666667
/tmp/1wsaA0 81.666667
/tmp/1nbaA0 78.333333
/nfs/cathdata/dompdb/2reb01 78.333333
/tmp/1smnA0 81.666667
/tmp/1eriA0 76.666667
/nfs/cathdata/dompdb/1lvl01 75.000000
/nfs/cathdata/dompdb/1ebdA1 78.333333
/nfs/cathdata/dompdb/1gal01 75.000000
/nfs/cathdata/dompdb/1fcdA1 76.666667
/nfs/cathdata/dompdb/1coy01 78.333333
/nfs/cathdata/dompdb/1pbe01 80.000000
/nfs/cathdata/dompdb/1aa8A1 76.666667
/nfs/cathdata/dompdb/1dob02 76.666667
/data/pdb_release/all/pdb1cge.ent 73.333333
/data/pdb_release/all/pdb1mnc.ent 73.333333
/data/pdb_release/all/pdb1srt.ent 73.333333
/nfs/cathdata/dompdb/1fbl01 76.666667
/data/pdb_release/all/pdb1mmq.ent 66.666667
/data/pdb_release/all/pdb1slm.ent 73.333333
/tmp/1atlA0 78.333333
/data/pdb_release/all/pdb1iag.ent 90.000000
/nfs/cathdata/dompdb/1kapP2 70.000000
/nfs/cathdata/dompdb/1sat02 78.333333
/data/pdb_release/all/pdb1iab.ent 80.000000
/nfs/cathdata/dompdb/1lcf01 86.666667
/nfs/cathdata/dompdb/1ovt01 78.333333
/nfs/cathdata/dompdb/1ovt03 73.333333
/nfs/cathdata/dompdb/1nnt01 76.666667
/nfs/cathdata/dompdb/1tfd01 61.666667
/nfs/cathdata/dompdb/1lcf03 78.333333
/nfs/cathdata/dompdb/1dot01 81.666667
/nfs/cathdata/dompdb/1dot03 78.333333
/nfs/cathdata/dompdb/1quk01 75.000000
/nfs/cathdata/dompdb/1sbp01 68.333333
/nfs/cathdata/dompdb/1dmb01 66.666667
/nfs/cathdata/dompdb/1pot01 70.000000
/nfs/cathdata/dompdb/3sc2A1 85.000000
/nfs/cathdata/dompdb/1rtc01 78.333333
/tmp/1pviA0 75.000000
/nfs/cathdata/dompdb/1bllE1 78.333333
/nfs/cathdata/dompdb/1scuB3 78.333333
/nfs/cathdata/dompdb/1ora01 68.333333
/nfs/cathdata/dompdb/1ora02 68.333333
/nfs/cathdata/dompdb/2glt01 76.666667
/nfs/cathdata/dompdb/1ttqB1 73.333333
/data/pdb_release/all/pdb3pgm.ent 66.666667
/nfs/cathdata/dompdb/1gtrA1 81.666667
/nfs/cathdata/dompdb/1gln01 73.333333
/tmp/1dsbA0 65.000000
/tmp/1gp1A0 63.333333
/nfs/cathdata/dompdb/1chmA1 78.333333
/nfs/cathdata/dompdb/1scuB1 76.666667
/nfs/cathdata/dompdb/1mla02 66.666667
/nfs/cathdata/dompdb/1glaG2 83.333333
/nfs/cathdata/dompdb/1ami01 78.333333
/data/pdb_release/all/pdb1ak2.ent 73.333333
/tmp/1ak3A0 81.666667
/tmp/1akeA0 78.333333
/data/pdb_release/all/pdb1aky.ent 81.666667
/data/pdb_release/all/pdb3adk.ent 73.333333
/data/pdb_release/all/pdb1ukz.ent 70.000000
/data/pdb_release/all/pdb1ukd.ent 73.333333
/nfs/cathdata/dompdb/2tmdA2 76.666667
/nfs/cathdata/dompdb/1nhp01 78.333333
/nfs/cathdata/dompdb/1trb01 75.000000
/nfs/cathdata/dompdb/1vdc01 78.333333
/nfs/cathdata/dompdb/1typA1 78.333333
/nfs/cathdata/dompdb/1gesA1 76.666667
/nfs/cathdata/dompdb/3grs01 75.000000
/nfs/cathdata/dompdb/3ladA1 75.000000
/nfs/cathdata/dompdb/1lpfA1 70.000000
/nfs/cathdata/dompdb/1pfkA2 75.000000
/nfs/cathdata/dompdb/3pfk02 75.000000
/nfs/cathdata/dompdb/3pgk01 65.000000
/nfs/cathdata/dompdb/1php01 66.666667
/nfs/cathdata/dompdb/3pmgA3 78.333333
/tmp/2rslA0 78.333333
/tmp/1gdtA0 78.333333
/nfs/cathdata/dompdb/1ctt02 73.333333
/nfs/cathdata/dompdb/1ctt01 78.333333
/tmp/1whtB0 81.666667
/nfs/cathdata/dompdb/1trkA3 66.666667
/nfs/cathdata/dompdb/1dmb02 55.000000
/nfs/cathdata/dompdb/1pda02 63.333333
/nfs/cathdata/dompdb/1hslA2 81.666667
/nfs/cathdata/dompdb/1lst02 81.666667
/nfs/cathdata/dompdb/1pbp02 78.333333
/nfs/cathdata/dompdb/1sbp02 81.666667
/data/pdb_release/all/pdb1ovb.ent 66.666667
/nfs/cathdata/dompdb/1lcf02 66.666667
/nfs/cathdata/dompdb/1lcf04 78.333333
/nfs/cathdata/dompdb/1ovt02 78.333333
/nfs/cathdata/dompdb/1ovt04 78.333333
/nfs/cathdata/dompdb/1tfd02 66.666667
/nfs/cathdata/dompdb/1dot04 56.666667
/nfs/cathdata/dompdb/1poy12 81.666667
/nfs/cathdata/dompdb/1inp03 81.666667
/nfs/cathdata/dompdb/1imbA2 78.333333
/nfs/cathdata/dompdb/1fbcA2 75.000000
/nfs/cathdata/dompdb/1ftaA2 60.000000
/nfs/cathdata/dompdb/1spiA2 65.000000
/nfs/cathdata/dompdb/1pda01 76.666667
/nfs/cathdata/dompdb/1hslA1 60.000000
/nfs/cathdata/dompdb/1lst01 53.333333
/nfs/cathdata/dompdb/2ldx01 78.333333
/nfs/cathdata/dompdb/3ldh01 71.666667
/nfs/cathdata/dompdb/5ldh01 73.333333
/nfs/cathdata/dompdb/9ldtA1 73.333333
/data/pdb_release/all/pdb5nll.ent 78.333333
/data/pdb_release/all/pdb2fx2.ent 73.333333
/data/pdb_release/all/pdb1ofv.ent 73.333333
/data/pdb_release/all/pdb2fcr.ent 78.333333
/data/pdb_release/all/pdb1rcf.ent 70.000000
/tmp/1lfaA0 75.000000
/data/pdb_release/all/pdb1ido.ent 73.333333
/nfs/cathdata/dompdb/1pfkA1 75.000000
/nfs/cathdata/dompdb/3pfk01 75.000000
/data/pdb_release/all/pdb1cus.ent 75.000000
/data/pdb_release/all/pdb1dad.ent 78.333333
/data/pdb_release/all/pdb1tib.ent 93.333333
/data/pdb_release/all/pdb3tgl.ent 93.333333
/tmp/1lgyA0 93.333333
/data/pdb_release/all/pdb1vid.ent 75.000000
/data/pdb_release/all/pdb1pdo.ent 78.333333
/nfs/cathdata/dompdb/1gpmA2 78.333333
/nfs/cathdata/dompdb/1dnpA1 78.333333
/nfs/cathdata/dompdb/1bgw02 70.000000
/nfs/cathdata/dompdb/1guhA1 71.666667
/nfs/cathdata/dompdb/1glqA1 70.000000
/nfs/cathdata/dompdb/2gsq01 68.333333
/nfs/cathdata/dompdb/2gsrA1 71.666667
/nfs/cathdata/dompdb/1gssA1 71.666667
/nfs/cathdata/dompdb/2gstA1 71.666667
/nfs/cathdata/dompdb/1gta01 65.000000
/nfs/cathdata/dompdb/1hna01 68.333333
/nfs/cathdata/dompdb/3pmgA2 55.000000
/data/pdb_release/all/pdb1lba.ent 90.000000
/tmp/1meeA0 78.333333
/nfs/cathdata/dompdb/1ordA1 75.000000
/data/pdb_release/all/pdb1ntr.ent 66.666667
/nfs/cathdata/dompdb/1gdhA2 78.333333
/nfs/cathdata/dompdb/2nacA2 78.333333
/nfs/cathdata/dompdb/2dldA2 81.666667
/nfs/cathdata/dompdb/2dldA1 65.000000
/nfs/cathdata/dompdb/1scuB2 73.333333
/nfs/cathdata/dompdb/1scuA1 81.666667
/nfs/cathdata/dompdb/1scuA2 81.666667
/data/pdb_release/all/pdb1phr.ent 68.333333
/nfs/cathdata/dompdb/1bmtA2 75.000000
/tmp/1iceA0 83.333333
/data/pdb_release/all/pdb1etu.ent 81.666667
/nfs/cathdata/dompdb/1eft01 78.333333
/data/pdb_release/all/pdb5p21.ent 73.333333
/tmp/1guaA0 73.333333
/tmp/1hurA0 86.666667
/tmp/1nipA0 85.000000
/nfs/cathdata/dompdb/1gky02 68.333333
/nfs/cathdata/dompdb/1dar01 76.666667
/nfs/cathdata/dompdb/1raaA1 75.000000
/nfs/cathdata/dompdb/1raaA2 75.000000
/nfs/cathdata/dompdb/2atcA2 73.333333
/nfs/cathdata/dompdb/4mdhA1 71.666667
/nfs/cathdata/dompdb/1bdmA1 71.666667
/nfs/cathdata/dompdb/2cmd01 78.333333
/nfs/cathdata/dompdb/1mldA1 75.000000
/nfs/cathdata/dompdb/1hyhA1 73.333333
/nfs/cathdata/dompdb/6ldh01 73.333333
/nfs/cathdata/dompdb/1ldb01 73.333333
/nfs/cathdata/dompdb/1llc01 73.333333
/nfs/cathdata/dompdb/1lldA1 73.333333
/nfs/cathdata/dompdb/1bdhA3 58.333333
/nfs/cathdata/dompdb/1tlfA2 75.000000
/nfs/cathdata/dompdb/1dbp01 71.666667
/data/pdb_release/all/pdb3chy.ent 81.666667
/nfs/cathdata/dompdb/1abe01 71.666667
/nfs/cathdata/dompdb/1gdhA1 81.666667
/nfs/cathdata/dompdb/1gca01 78.333333
/nfs/cathdata/dompdb/1gdd01 86.666667
/nfs/cathdata/dompdb/1tadA1 73.333333
/nfs/cathdata/dompdb/1gotA1 76.666667
/nfs/cathdata/dompdb/1gd1O1 76.666667
/nfs/cathdata/dompdb/4gpd11 90.000000
/nfs/cathdata/dompdb/1cerO1 90.000000
/nfs/cathdata/dompdb/1gadO1 90.000000
/nfs/cathdata/dompdb/1gypA1 90.000000
/nfs/cathdata/dompdb/1hdgO1 90.000000
/nfs/cathdata/dompdb/2lbp02 78.333333
/nfs/cathdata/dompdb/2liv02 78.333333
/nfs/cathdata/dompdb/2lbp01 75.000000
/nfs/cathdata/dompdb/2liv01 75.000000
/nfs/cathdata/dompdb/1pea02 78.333333
/nfs/cathdata/dompdb/1pea01 75.000000
/nfs/cathdata/dompdb/1ecl01 66.666667
/nfs/cathdata/dompdb/1admA1 73.333333
/nfs/cathdata/dompdb/1dctA1 73.333333
/nfs/cathdata/dompdb/1hmy01 71.666667
/tmp/1garA0 96.666667
/data/pdb_release/all/pdb1chd.ent 80.000000
/data/pdb_release/all/pdb1thm.ent 78.333333
/tmp/1cseE0 78.333333
/data/pdb_release/all/pdb1st3.ent 75.000000
/data/pdb_release/all/pdb2pkc.ent 75.000000
/data/pdb_release/all/pdb1s01.ent 78.333333
/nfs/cathdata/dompdb/1poxA2 75.000000
/nfs/cathdata/dompdb/1pvdA2 70.000000
/nfs/cathdata/dompdb/2pia02 81.666667
/nfs/cathdata/dompdb/1fnb02 70.000000
/nfs/cathdata/dompdb/1que02 71.666667
/nfs/cathdata/dompdb/1cnd02 75.000000
/nfs/cathdata/dompdb/1ndh02 78.333333
/nfs/cathdata/dompdb/1gph12 73.333333
/nfs/cathdata/dompdb/1ecgA2 78.333333
/data/pdb_release/all/pdb1sto.ent 90.000000
/nfs/cathdata/dompdb/2bgt02 73.333333
/nfs/cathdata/dompdb/2bgt01 70.000000
/nfs/cathdata/dompdb/2nacA1 85.000000
/data/pdb_release/all/pdb1dhr.ent 75.000000
/tmp/1hdcA0 71.666667
/data/pdb_release/all/pdb1eny.ent 70.000000
/nfs/cathdata/dompdb/1psdA1 81.666667
/nfs/cathdata/dompdb/1psdA2 78.333333
/nfs/cathdata/dompdb/1qorA2 78.333333
/nfs/cathdata/dompdb/3btoA2 78.333333
/nfs/cathdata/dompdb/1dehA2 78.333333
/nfs/cathdata/dompdb/1cdoA2 75.000000
/nfs/cathdata/dompdb/1tehA2 78.333333
/nfs/cathdata/dompdb/1agnA2 78.333333
/nfs/cathdata/dompdb/1dih01 71.666667
/nfs/cathdata/dompdb/2pgd01 81.666667
/nfs/cathdata/dompdb/1dpgA1 78.333333
/nfs/cathdata/dompdb/1dbqA1 71.666667
/nfs/cathdata/dompdb/1tlfA1 73.333333
/nfs/cathdata/dompdb/2dri02 78.333333
/nfs/cathdata/dompdb/1gca02 73.333333
/nfs/cathdata/dompdb/2gbp02 78.333333
/nfs/cathdata/dompdb/8abp02 75.000000
/data/pdb_release/all/pdb1ghu.ent 73.333333
/nfs/cathdata/dompdb/1ad5A2 73.333333
/tmp/1ayaA0 73.333333
/tmp/2pldA0 66.666667
/data/pdb_release/all/pdb1svq.ent 75.000000
/data/pdb_release/all/pdb1vil.ent 75.000000
/data/pdb_release/all/pdb1aba.ent 71.666667
/data/pdb_release/all/pdb1ego.ent 61.666667
/tmp/2trxA0 78.333333
/data/pdb_release/all/pdb1thx.ent 85.000000
/data/pdb_release/all/pdb3trx.ent 68.333333
/data/pdb_release/all/pdb1tof.ent 85.000000
/nfs/cathdata/dompdb/1pxtA1 85.000000
/nfs/cathdata/dompdb/1pxtA2 68.333333
/nfs/cathdata/dompdb/2yhx02 85.000000
/nfs/cathdata/dompdb/1dik01 61.666667
/nfs/cathdata/dompdb/2minA3 71.666667
/nfs/cathdata/dompdb/1mioA3 75.000000
/nfs/cathdata/dompdb/2minB2 61.666667
/nfs/cathdata/dompdb/2minB3 81.666667
/nfs/cathdata/dompdb/1mioB2 78.333333
/nfs/cathdata/dompdb/1mioB4 78.333333
/nfs/cathdata/dompdb/2minA2 66.666667
/nfs/cathdata/dompdb/1mioA2 70.000000
/nfs/cathdata/dompdb/2minB1 66.666667
/nfs/cathdata/dompdb/1mioB1 66.666667
/nfs/cathdata/dompdb/1iow01 53.333333
/nfs/cathdata/dompdb/1bncA1 75.000000
/nfs/cathdata/dompdb/3ecaA2 73.333333
/nfs/cathdata/dompdb/1agx02 70.000000
/nfs/cathdata/dompdb/3pga12 73.333333
/nfs/cathdata/dompdb/1pkyA1 75.000000
/nfs/cathdata/dompdb/1pkm01 81.666667
/nfs/cathdata/dompdb/1hsbA1 83.333333
/nfs/cathdata/dompdb/2clrA1 71.666667
/nfs/cathdata/dompdb/1mhcA1 85.000000
/tmp/1tmcA0 80.000000
/nfs/cathdata/dompdb/1fruA1 80.000000
/nfs/cathdata/dompdb/1tssA1 90.000000
/nfs/cathdata/dompdb/1se202 76.666667
/nfs/cathdata/dompdb/1sebD2 75.000000
/nfs/cathdata/dompdb/1esfA2 80.000000
/data/pdb_release/all/pdb1vhh.ent 70.000000
/nfs/cathdata/dompdb/3pmgA4 76.666667
/nfs/cathdata/dompdb/1imbA1 80.000000
/nfs/cathdata/dompdb/5fbpA1 75.000000
/nfs/cathdata/dompdb/1ftaA1 71.666667
/nfs/cathdata/dompdb/1spiA1 78.333333
/nfs/cathdata/dompdb/1inp02 73.333333
/nfs/cathdata/dompdb/1gd1O2 81.666667
/nfs/cathdata/dompdb/4gpd12 73.333333
/nfs/cathdata/dompdb/1cerO2 83.333333
/nfs/cathdata/dompdb/1gadO2 71.666667
/nfs/cathdata/dompdb/1gypA2 73.333333
/nfs/cathdata/dompdb/1hdgO2 73.333333
/data/pdb_release/all/pdb1cia.ent 81.666667
/nfs/cathdata/dompdb/1gal03 76.666667
/nfs/cathdata/dompdb/1dpgA2 76.666667
/data/pdb_release/all/pdb1dpb.ent 80.000000
/data/pdb_release/all/pdb1adn.ent 73.333333
/data/pdb_release/all/pdb2pna.ent 76.666667
/data/pdb_release/all/pdb1ab2.ent 76.666667
/tmp/1shaA0 80.000000
/tmp/1lcjA0 70.000000
/tmp/1csyA0 76.666667
/data/pdb_release/all/pdb1blj.ent 65.000000
/data/pdb_release/all/pdb1fim.ent 63.333333
/tmp/1mifA0 63.333333
/tmp/1kptA0 73.333333
/nfs/cathdata/dompdb/1dja01 80.000000
/nfs/cathdata/dompdb/1mblA1 78.333333
/nfs/cathdata/dompdb/1btl01 71.666667
/data/pdb_release/all/pdb2phy.ent 71.666667
/data/pdb_release/all/pdb1fil.ent 78.333333
/data/pdb_release/all/pdb1pne.ent 78.333333
/data/pdb_release/all/pdb1acf.ent 78.333333
/data/pdb_release/all/pdb2acg.ent 78.333333
/data/pdb_release/all/pdb1cqa.ent 78.333333
/nfs/cathdata/dompdb/1pnkB1 68.333333
/nfs/cathdata/dompdb/1oacA1 78.333333
/tmp/1otgA0 78.333333
/nfs/cathdata/dompdb/1ami02 70.000000
/nfs/cathdata/dompdb/1bpb02 75.000000
/nfs/cathdata/dompdb/9icwA3 76.666667
/nfs/cathdata/dompdb/1daaA1 63.333333
/nfs/cathdata/dompdb/1iov02 80.000000
/nfs/cathdata/dompdb/1glt02 90.000000
/tmp/1gtqA0 53.333333
/nfs/cathdata/dompdb/1bia02 73.333333
/nfs/cathdata/dompdb/1antI2 81.666667
/nfs/cathdata/dompdb/1hleA2 78.333333
/nfs/cathdata/dompdb/1ovaA2 85.000000
/nfs/cathdata/dompdb/2achA1 83.333333
/nfs/cathdata/dompdb/7apiA2 85.000000
/nfs/cathdata/dompdb/1pnkB2 68.333333
/nfs/cathdata/dompdb/1ami03 70.000000
/nfs/cathdata/dompdb/1hocA1 83.333333
/nfs/cathdata/dompdb/1hsaA1 80.000000
/nfs/cathdata/dompdb/1vaaA1 83.333333
/nfs/cathdata/dompdb/1dik06 55.000000
/nfs/cathdata/dompdb/1mdl01 61.666667
/nfs/cathdata/dompdb/4enl01 65.000000
/nfs/cathdata/dompdb/1pdz01 65.000000
/nfs/cathdata/dompdb/1nhp03 78.333333
/nfs/cathdata/dompdb/3ladA3 70.000000
/nfs/cathdata/dompdb/1lpfA3 68.333333
/nfs/cathdata/dompdb/1lvl03 68.333333
/nfs/cathdata/dompdb/1ebdA3 73.333333
/nfs/cathdata/dompdb/1tytA3 81.666667
/nfs/cathdata/dompdb/1gesA3 68.333333
/nfs/cathdata/dompdb/3grs03 78.333333
/nfs/cathdata/dompdb/1irk01 76.666667
/nfs/cathdata/dompdb/1apmE2 68.333333
/nfs/cathdata/dompdb/1ckiA1 76.666667
/nfs/cathdata/dompdb/1csn01 70.000000
/nfs/cathdata/dompdb/1coy02 66.666667
/nfs/cathdata/dompdb/1rthA4 70.000000
/tmp/1hrhA0 70.000000
/data/pdb_release/all/pdb2rn2.ent 73.333333
/data/pdb_release/all/pdb1ril.ent 73.333333
/tmp/1hjrA0 70.000000
/data/pdb_release/all/pdb1itg.ent 80.000000
/data/pdb_release/all/pdb1asu.ent 73.333333
/nfs/cathdata/dompdb/1bcmA1 70.000000
/nfs/cathdata/dompdb/1atr03 86.666667
/nfs/cathdata/dompdb/1atnA2 78.333333
/nfs/cathdata/dompdb/2btfA2 73.333333
/nfs/cathdata/dompdb/2yhx03 76.666667
/nfs/cathdata/dompdb/1atr01 73.333333
/nfs/cathdata/dompdb/1mngA2 75.000000
/nfs/cathdata/dompdb/3sdpA2 21.666667
/tmp/1kpaA0 90.000000
/nfs/cathdata/dompdb/1bpb03 61.666667
/nfs/cathdata/dompdb/1pkp02 66.666667
/nfs/cathdata/dompdb/1dar04 73.333333
/tmp/1copD0 53.333333
/data/pdb_release/all/pdb1orc.ent 63.333333
/nfs/cathdata/dompdb/2reb02 78.333333
/nfs/cathdata/dompdb/1derA2 80.000000
/tmp/1iceB0 48.333333
/tmp/2kauA0 48.333333
/nfs/cathdata/dompdb/1gpmA3 100.000000
/nfs/cathdata/dompdb/1mxa03 73.333333
/nfs/cathdata/dompdb/1mxa01 63.333333
/nfs/cathdata/dompdb/1mxa02 70.000000
/nfs/cathdata/dompdb/1xrb02 68.333333
/nfs/cathdata/dompdb/1ytbA2 90.000000
/nfs/cathdata/dompdb/1tghA2 76.666667
/nfs/cathdata/dompdb/1vokA2 90.000000
/nfs/cathdata/dompdb/1tbpA1 80.000000
/nfs/cathdata/dompdb/1tghA1 76.666667
/nfs/cathdata/dompdb/1vokA1 65.000000
/nfs/cathdata/dompdb/1pczA1 68.333333
/nfs/cathdata/dompdb/1pczA2 93.333333
/nfs/cathdata/dompdb/1bmc02 78.333333
/nfs/cathdata/dompdb/1sebA1 65.000000
/nfs/cathdata/dompdb/1sebB1 70.000000
/tmp/2sicI0 56.666667
/nfs/cathdata/dompdb/1dih02 63.333333
/tmp/1brsD0 70.000000
/data/pdb_release/all/pdb1msc.ent 68.333333
/tmp/1unaA0 73.333333
/nfs/cathdata/dompdb/1chkA2 51.666667
/nfs/cathdata/dompdb/1svb03 46.666667
/nfs/cathdata/dompdb/1oacA4 68.333333
/tmp/1latA0 51.666667
/tmp/2nllA0 21.666667
/tmp/2nllB0 26.666667
/data/pdb_release/all/pdb1tns.ent 26.666667
/data/pdb_release/all/pdb1ife.ent 35.000000
/data/pdb_release/all/pdb1tig.ent 65.000000
/nfs/cathdata/dompdb/1hpm04 68.333333
/nfs/cathdata/dompdb/1bncA2 50.000000
/nfs/cathdata/dompdb/1iow03 75.000000
/nfs/cathdata/dompdb/1glt03 63.333333
/tmp/1humA0 60.000000
/tmp/1hrjA0 46.666667
/tmp/1domA0 46.666667
/tmp/1plfA0 63.333333
/tmp/1mgsA0 63.333333
/data/pdb_release/all/pdb3il8.ent 63.333333
/tmp/1rhpA0 66.666667
/tmp/1napA0 63.333333
/tmp/1rodA0 60.000000
/data/pdb_release/all/pdb1stu.ent 76.666667
/nfs/cathdata/dompdb/1pkp01 66.666667
/nfs/cathdata/dompdb/1pda03 78.333333
/data/pdb_release/all/pdb1ncs.ent 46.666667
/tmp/1cksA0 21.666667
/tmp/1sceA0 21.666667
/tmp/1dktA0 46.666667
/tmp/1rblM0 51.666667
/tmp/3rubS0 70.000000
/tmp/8rubS0 66.666667
/tmp/8rucI0 66.666667
/tmp/1burS0 66.666667
/nfs/cathdata/dompdb/1amg02 65.000000
/nfs/cathdata/dompdb/1amy02 65.000000
/data/pdb_release/all/pdb1zer.ent 66.666667
/data/pdb_release/all/pdb1aps.ent 63.333333
/tmp/2bopA0 70.000000
/data/pdb_release/all/pdb2pii.ent 63.333333
/tmp/2chsA0 61.666667
/nfs/cathdata/dompdb/8atcB1 66.666667
/nfs/cathdata/dompdb/2atcB1 16.666667
/tmp/1nhkL0 65.000000
/data/pdb_release/all/pdb1ndk.ent 66.666667
/tmp/1nsqA0 65.000000
/tmp/1nskL0 68.333333
/nfs/cathdata/dompdb/1rbaA1 76.666667
/nfs/cathdata/dompdb/3rubL1 78.333333
/nfs/cathdata/dompdb/8rucA1 75.000000
/nfs/cathdata/dompdb/1rblA1 78.333333
/nfs/cathdata/dompdb/1ars01 66.666667
/nfs/cathdata/dompdb/7aatA1 66.666667
/nfs/cathdata/dompdb/2cstA1 66.666667
/nfs/cathdata/dompdb/1ordA3 63.333333
/nfs/cathdata/dompdb/2dkb01 81.666667
/nfs/cathdata/dompdb/1tplA1 63.333333
/tmp/1dcoA0 56.666667
/data/pdb_release/all/pdb1vig.ent 68.333333
/tmp/1xxaA0 63.333333
/nfs/cathdata/dompdb/1bgw04 75.000000
/nfs/cathdata/dompdb/1dar05 70.000000
/nfs/cathdata/dompdb/1mla01 66.666667
/nfs/cathdata/dompdb/1psdA3 66.666667
/nfs/cathdata/dompdb/1dloA2 56.666667
/nfs/cathdata/dompdb/1mml02 81.666667
/tmp/1gluA0 21.666667
/data/pdb_release/all/pdb1hra.ent 21.666667
/tmp/1hcqA0 55.000000
/nfs/cathdata/dompdb/1bgw01 60.000000
/data/pdb_release/all/pdb1nef.ent 61.666667
/tmp/1efnB0 68.333333
/nfs/cathdata/dompdb/1gky01 63.333333
/nfs/cathdata/dompdb/1yua01 63.333333
/data/pdb_release/all/pdb1vcc.ent 66.666667
/nfs/cathdata/dompdb/1svb02 63.333333
/nfs/cathdata/dompdb/1yua02 50.000000
/tmp/1otfA0 43.333333
/data/pdb_release/all/pdb1cbn.ent 18.333333
/data/pdb_release/all/pdb1bhp.ent 48.333333
/data/pdb_release/all/pdb2plh.ent 48.333333
/data/pdb_release/all/pdb1fdx.ent 16.666667
/data/pdb_release/all/pdb1clf.ent 30.000000
/data/pdb_release/all/pdb1fca.ent 46.666667
/data/pdb_release/all/pdb1fdn.ent 70.000000
/data/pdb_release/all/pdb1blu.ent 73.333333
/data/pdb_release/all/pdb1fxd.ent 63.333333
/data/pdb_release/all/pdb2fxb.ent 66.666667
/tmp/1fxrA0 66.666667
/data/pdb_release/all/pdb1rof.ent 16.666667
/data/pdb_release/all/pdb5fd1.ent 66.666667
/data/pdb_release/all/pdb1fwp.ent 61.666667
/data/pdb_release/all/pdb1sxl.ent 56.666667
/data/pdb_release/all/pdb1fht.ent 70.000000
/data/pdb_release/all/pdb1pba.ent 48.333333
/data/pdb_release/all/pdb1ris.ent 66.666667
/data/pdb_release/all/pdb1ctf.ent 55.000000
/tmp/1spbP0 70.000000
/data/pdb_release/all/pdb1ptf.ent 66.666667
/data/pdb_release/all/pdb1poh.ent 66.666667
/data/pdb_release/all/pdb2hpr.ent 63.333333
/data/pdb_release/all/pdb1pch.ent 66.666667
/data/pdb_release/all/pdb1sxm.ent 50.000000
/data/pdb_release/all/pdb2sn3.ent 50.000000
/data/pdb_release/all/pdb1vna.ent 46.666667
/data/pdb_release/all/pdb1nra.ent 46.666667
/data/pdb_release/all/pdb1ptx.ent 50.000000
/data/pdb_release/all/pdb1lqh.ent 46.666667
/data/pdb_release/all/pdb1snb.ent 46.666667
/data/pdb_release/all/pdb1gps.ent 50.000000
/data/pdb_release/all/pdb1gpt.ent 46.666667
/data/pdb_release/all/pdb1chc.ent 46.666667
/data/pdb_release/all/pdb1caa.ent 43.333333
/data/pdb_release/all/pdb1iro.ent 33.333333
/data/pdb_release/all/pdb1rdg.ent 30.000000
/data/pdb_release/all/pdb4rxn.ent 33.333333
/data/pdb_release/all/pdb6rxn.ent 30.000000
/tmp/8rxnA0 30.000000
/tmp/1gatA0 50.000000
/data/pdb_release/all/pdb1bus.ent 16.666667
/data/pdb_release/all/pdb2ovo.ent 46.666667
/data/pdb_release/all/pdb3ovo.ent 46.666667
/nfs/cathdata/dompdb/1tbrR1 46.666667
/nfs/cathdata/dompdb/1tbrR2 56.666667
/data/pdb_release/all/pdb1ptq.ent 46.666667
/nfs/cathdata/dompdb/9wgaA1 16.666667
/nfs/cathdata/dompdb/9wgaA2 16.666667
/nfs/cathdata/dompdb/9wgaA3 16.666667
/nfs/cathdata/dompdb/9wgaA4 16.666667
/nfs/cathdata/dompdb/2cwgA2 16.666667
/nfs/cathdata/dompdb/1wgtA3 16.666667
/tmp/1tgsI0 46.666667
/tmp/1cgiI0 46.666667
/data/pdb_release/all/pdb1pce.ent 50.000000
/data/pdb_release/all/pdb1hev.ent 16.666667
/data/pdb_release/all/pdb2alr.ent 78.333333
/data/pdb_release/all/pdb1frb.ent 78.333333
/nfs/cathdata/dompdb/1rlcL2 75.000000
/nfs/cathdata/dompdb/1rblA2 73.333333
/nfs/cathdata/dompdb/1rbaA2 75.000000
/nfs/cathdata/dompdb/1oneA2 80.000000
/nfs/cathdata/dompdb/1pdz02 81.666667
/tmp/1chrA0 81.666667
/tmp/1mucA0 75.000000
/data/pdb_release/all/pdb2mnr.ent 78.333333
/nfs/cathdata/dompdb/1mdr02 78.333333
/data/pdb_release/all/pdb1gox.ent 81.666667
/tmp/1fcbB0 86.666667
/nfs/cathdata/dompdb/2tmdA1 81.666667
/data/pdb_release/all/pdb1oya.ent 81.666667
/data/pdb_release/all/pdb1add.ent 81.666667
/data/pdb_release/all/pdb1pta.ent 81.666667
/data/pdb_release/all/pdb1xis.ent 81.666667
/tmp/1ximA0 81.666667
/tmp/1xlaA0 78.333333
/tmp/1dxiA0 81.666667
/data/pdb_release/all/pdb1dtp.ent 76.666667
/tmp/1dmaA0 81.666667
/nfs/cathdata/dompdb/1dik04 68.333333
/nfs/cathdata/dompdb/1kauC2 78.333333
/nfs/cathdata/dompdb/1aa8A2 76.666667
/tmp/1hymA0 16.666667
/tmp/1cseI0 43.333333
/tmp/1ypcI0 43.333333
/data/pdb_release/all/pdb1cis.ent 46.666667
/data/pdb_release/all/pdb1mit.ent 60.000000
/nfs/cathdata/dompdb/2baa02 16.666667
/data/pdb_release/all/pdb1ica.ent 16.666667
/data/pdb_release/all/pdb1cnv.ent 75.000000
/tmp/1xyzA0 73.333333
/data/pdb_release/all/pdb1exp.ent 76.666667
/tmp/1clxA0 76.666667
/data/pdb_release/all/pdb2ebn.ent 83.333333
/data/pdb_release/all/pdb1edt.ent 76.666667
/nfs/cathdata/dompdb/1ctn02 75.000000
/data/pdb_release/all/pdb1cec.ent 81.666667
/tmp/1ghsA0 75.000000
/data/pdb_release/all/pdb1ghr.ent 76.666667
/data/pdb_release/all/pdb1cbg.ent 76.666667
/nfs/cathdata/dompdb/1amg01 78.333333
/nfs/cathdata/dompdb/1amy01 81.666667
/nfs/cathdata/dompdb/2aaa01 86.666667
/nfs/cathdata/dompdb/2taaA1 90.000000
/nfs/cathdata/dompdb/1ppi01 80.000000
/data/pdb_release/all/pdb1hny.ent 80.000000
/nfs/cathdata/dompdb/1cgt01 78.333333
/nfs/cathdata/dompdb/1cdg01 81.666667
/nfs/cathdata/dompdb/1cyg01 86.666667
/nfs/cathdata/dompdb/1ciu01 83.333333
/nfs/cathdata/dompdb/1pamA1 81.666667
/data/pdb_release/all/pdb1btc.ent 76.666667
/nfs/cathdata/dompdb/1bglA3 81.666667
/tmp/1pbgA0 90.000000
/tmp/1tpfA0 75.000000
/tmp/1ypiA0 75.000000
/tmp/1timA0 75.000000
/tmp/1treA0 78.333333
/tmp/1htiA0 75.000000
/tmp/1btmA0 75.000000
/data/pdb_release/all/pdb1ads.ent 81.666667
/data/pdb_release/all/pdb1ral.ent 81.666667
/nfs/cathdata/dompdb/1csbB2 71.666667
/nfs/cathdata/dompdb/1bmc01 75.000000
/nfs/cathdata/dompdb/1ezm01 80.000000
/nfs/cathdata/dompdb/1esp01 80.000000
/nfs/cathdata/dompdb/2tmnE1 73.333333
/nfs/cathdata/dompdb/1dhy01 76.666667
/nfs/cathdata/dompdb/1han01 76.666667
/nfs/cathdata/dompdb/1dhy02 80.000000
/nfs/cathdata/dompdb/1han02 81.666667
/data/pdb_release/all/pdb1std.ent 75.000000
/data/pdb_release/all/pdb2cba.ent 81.666667
/data/pdb_release/all/pdb1crm.ent 81.666667
/tmp/1dmxA0 81.666667
/nfs/cathdata/dompdb/1bncA3 96.666667
/nfs/cathdata/dompdb/1daaA2 76.666667
/data/pdb_release/all/pdb1gym.ent 90.000000
/nfs/cathdata/dompdb/1ami04 71.666667
/tmp/1fvpA0 90.000000
/data/pdb_release/all/pdb1nfp.ent 93.333333
/tmp/1brlB0 75.000000
/tmp/1lucA0 78.333333
/data/pdb_release/all/pdb1tml.ent 71.666667
/nfs/cathdata/dompdb/1pii02 86.666667
/nfs/cathdata/dompdb/1pii01 78.333333
/data/pdb_release/all/pdb1igs.ent 85.000000
/tmp/1wsyA0 81.666667
/nfs/cathdata/dompdb/1pkm02 75.000000
/nfs/cathdata/dompdb/1pkyA2 75.000000
/tmp/1nal10 81.666667
/tmp/1fbaA0 86.666667
/data/pdb_release/all/pdb1ald.ent 86.666667
/data/pdb_release/all/pdb1nar.ent 81.666667
/data/pdb_release/all/pdb2hvm.ent 75.000000
/data/pdb_release/all/pdb1fkb.ent 75.000000
/data/pdb_release/all/pdb1yat.ent 75.000000
/data/pdb_release/all/pdb1pbk.ent 75.000000
/data/pdb_release/all/pdb1rot.ent 76.666667
/nfs/cathdata/dompdb/1hmy02 73.333333
/tmp/2msbA0 70.000000
/data/pdb_release/all/pdb1hup.ent 75.000000
/tmp/1rtm10 70.000000
/tmp/1rdl10 70.000000
/data/pdb_release/all/pdb1aak.ent 68.333333
/data/pdb_release/all/pdb2uce.ent 71.666667
/data/pdb_release/all/pdb1ucz.ent 73.333333
/tmp/1u9aA0 73.333333
/nfs/cathdata/dompdb/1fcbA1 58.333333
/data/pdb_release/all/pdb1b5m.ent 66.666667
/data/pdb_release/all/pdb1iet.ent 46.666667
/data/pdb_release/all/pdb1cyo.ent 70.000000
/tmp/1mkaA0 78.333333
/data/pdb_release/all/pdb1onc.ent 78.333333
/data/pdb_release/all/pdb7rsa.ent 75.000000
/tmp/1bsrA0 78.333333
/data/pdb_release/all/pdb1ang.ent 78.333333
/data/pdb_release/all/pdb1agi.ent 81.666667
/nfs/cathdata/dompdb/1hpm02 76.666667
/nfs/cathdata/dompdb/2polA3 76.666667
/nfs/cathdata/dompdb/2polA2 68.333333
/nfs/cathdata/dompdb/2polA1 76.666667
/nfs/cathdata/dompdb/9pap01 60.000000
/nfs/cathdata/dompdb/1aec01 66.666667
/nfs/cathdata/dompdb/1gecE1 63.333333
/nfs/cathdata/dompdb/1ppo01 61.666667
/nfs/cathdata/dompdb/1yal01 66.666667
/nfs/cathdata/dompdb/1theA1 66.666667
/data/pdb_release/all/pdb1pgb.ent 63.333333
/data/pdb_release/all/pdb2igg.ent 60.000000
/data/pdb_release/all/pdb3fxc.ent 66.666667
/tmp/1frrA0 70.000000
/tmp/1fxiA0 63.333333
/tmp/1fxaA0 66.666667
/data/pdb_release/all/pdb1frd.ent 66.666667
/data/pdb_release/all/pdb1dox.ent 50.000000
/data/pdb_release/all/pdb1cjn.ent 66.666667
/data/pdb_release/all/pdb1doi.ent 73.333333
/data/pdb_release/all/pdb1put.ent 61.666667
/nfs/cathdata/dompdb/2pia03 60.000000
/data/pdb_release/all/pdb1ubi.ent 60.000000
/nfs/cathdata/dompdb/1lgr02 66.666667
/data/pdb_release/all/pdb1tif.ent 60.000000
/data/pdb_release/all/pdb1rfa.ent 63.333333
/tmp/1molA0 70.000000
/tmp/1stfI0 70.000000
/data/pdb_release/all/pdb1cyu.ent 70.000000
/tmp/1cewI0 81.666667
/tmp/1udiI0 70.000000
/data/pdb_release/all/pdb1fus.ent 66.666667
/data/pdb_release/all/pdb9rnt.ent 65.000000
/data/pdb_release/all/pdb1rds.ent 65.000000
/tmp/1gmpA0 63.333333
/tmp/1brnL0 70.000000
/tmp/2rbiA0 81.666667
/nfs/cathdata/dompdb/1oacA2 66.666667
/nfs/cathdata/dompdb/1prtB1 66.666667
/nfs/cathdata/dompdb/1prtC1 63.333333
/nfs/cathdata/dompdb/1ctn03 63.333333
/nfs/cathdata/dompdb/1gtrA3 58.333333
/nfs/cathdata/dompdb/1grj02 76.666667
/data/pdb_release/all/pdb1tsp.ent 81.666667
/nfs/cathdata/dompdb/1dhx01 55.000000
/nfs/cathdata/dompdb/2psg01 78.333333
/nfs/cathdata/dompdb/1mpp01 81.666667
/nfs/cathdata/dompdb/1bbs01 86.666667
/nfs/cathdata/dompdb/4cms01 86.666667
/nfs/cathdata/dompdb/1smrA1 78.333333
/nfs/cathdata/dompdb/1epmE1 78.333333
/nfs/cathdata/dompdb/1pplE1 90.000000
/nfs/cathdata/dompdb/2apr01 76.666667
/nfs/cathdata/dompdb/1psoE1 90.000000
/nfs/cathdata/dompdb/1htrB1 78.333333
/nfs/cathdata/dompdb/1jxrA1 81.666667
/nfs/cathdata/dompdb/2asi01 68.333333
/nfs/cathdata/dompdb/1smeA1 78.333333
/nfs/cathdata/dompdb/1epmE2 90.000000
/nfs/cathdata/dompdb/1pplE2 81.666667
/nfs/cathdata/dompdb/1mpp02 81.666667
/nfs/cathdata/dompdb/2asi02 81.666667
/nfs/cathdata/dompdb/2apr02 81.666667
/nfs/cathdata/dompdb/1psaA2 86.666667
/nfs/cathdata/dompdb/1lyaB2 81.666667
/nfs/cathdata/dompdb/1rne02 80.000000
/nfs/cathdata/dompdb/1cms02 83.333333
/nfs/cathdata/dompdb/1smrA2 90.000000
/nfs/cathdata/dompdb/1psoE2 83.333333
/nfs/cathdata/dompdb/1htrB2 93.333333
/nfs/cathdata/dompdb/1jxrA2 80.000000
/data/pdb_release/all/pdb2cas.ent 81.666667
/nfs/cathdata/dompdb/1rthA1 90.000000
/data/pdb_release/all/pdb1har.ent 93.333333
/nfs/cathdata/dompdb/1mml01 90.000000
/data/pdb_release/all/pdb1pgx.ent 63.333333
/data/pdb_release/all/pdb4fgf.ent 70.000000
/tmp/1afgA0 70.000000
/data/pdb_release/all/pdb1i1b.ent 70.000000
/data/pdb_release/all/pdb8i1b.ent 73.333333
/tmp/1ilr10 70.000000
/data/pdb_release/all/pdb1hcd.ent 70.000000
/data/pdb_release/all/pdb1tie.ent 70.000000
/data/pdb_release/all/pdb1wbc.ent 78.333333
/nfs/cathdata/dompdb/2aaiB2 68.333333
/nfs/cathdata/dompdb/1abrB2 68.333333
/nfs/cathdata/dompdb/2aaiB1 65.000000
/nfs/cathdata/dompdb/1abrB1 70.000000
/tmp/1msaA0 70.000000
/nfs/cathdata/dompdb/1dlc03 81.666667
/tmp/1vmoA0 70.000000
/data/pdb_release/all/pdb1hxn.ent 78.333333
/nfs/cathdata/dompdb/1fbl02 83.333333
/data/pdb_release/all/pdb1rtg.ent 85.000000
/data/pdb_release/all/pdb1pex.ent 81.666667
/data/pdb_release/all/pdb2nn9.ent 75.000000
/data/pdb_release/all/pdb2bat.ent 71.666667
/tmp/1nscA0 70.000000
/data/pdb_release/all/pdb1inv.ent 66.666667
/data/pdb_release/all/pdb1sim.ent 81.666667
/tmp/2bbkH0 81.666667
/tmp/1mdaH0 81.666667
/tmp/2madH0 0.000000
/nfs/cathdata/dompdb/1gof02 78.333333
/tmp/3aahA0 81.666667
/nfs/cathdata/dompdb/1kapP1 81.666667
/nfs/cathdata/dompdb/1sat01 81.666667
/nfs/cathdata/dompdb/1lxa01 66.666667
/data/pdb_release/all/pdb2pec.ent 78.333333
/nfs/cathdata/dompdb/2taaA2 63.333333
/nfs/cathdata/dompdb/1ppi02 70.000000
/nfs/cathdata/dompdb/1bvp12 70.000000
/data/pdb_release/all/pdb1bcx.ent 81.666667
/tmp/1enxA0 78.333333
/data/pdb_release/all/pdb1xnd.ent 78.333333
/data/pdb_release/all/pdb1xyn.ent 81.666667
/data/pdb_release/all/pdb1yna.ent 78.333333
/tmp/2pcdA0 78.333333
/tmp/2pcdM0 78.333333
/nfs/cathdata/dompdb/1dlc02 70.000000
/nfs/cathdata/dompdb/1ciy03 70.000000
/nfs/cathdata/dompdb/1ddt03 70.000000
/tmp/1gff10 75.000000
/tmp/2bpa10 81.666667
/data/pdb_release/all/pdb1jbc.ent 70.000000
/data/pdb_release/all/pdb2cna.ent 85.000000
/nfs/cathdata/dompdb/1dhx04 76.666667
/tmp/4htcI0 30.000000
/data/pdb_release/all/pdb1hic.ent 46.666667
/nfs/cathdata/dompdb/1ecl03 68.333333
/data/pdb_release/all/pdb1htp.ent 76.666667
/tmp/1dupA0 78.333333
/nfs/cathdata/dompdb/1ggtA1 78.333333
/tmp/1tsrA0 78.333333
/data/pdb_release/all/pdb1gpr.ent 85.000000
/data/pdb_release/all/pdb1f3g.ent 81.666667
/nfs/cathdata/dompdb/1aozA3 85.000000
/nfs/cathdata/dompdb/1oacA3 81.666667
/nfs/cathdata/dompdb/1bglA5 80.000000
/nfs/cathdata/dompdb/1bglA1 78.333333
/tmp/1celA0 78.333333
/tmp/1afcA0 70.000000
/tmp/2plv20 78.333333
/tmp/1rhi20 75.000000
/data/pdb_release/all/pdb1pov.ent 90.000000
/tmp/1bmv10 78.333333
/tmp/4sbvA0 75.000000
/tmp/1smvA0 85.000000
/tmp/2tbvA0 81.666667
/tmp/2bbvA0 81.666667
/tmp/1bmv20 86.666667
/tmp/1tnfA0 70.000000
/tmp/1tnrA0 66.666667
/tmp/1hlcA0 70.000000
/tmp/1sltA0 73.333333
/tmp/2ltnA0 63.333333
/tmp/1lenA0 70.000000
/tmp/1lgcA0 66.666667
/data/pdb_release/all/pdb1lte.ent 85.000000
/data/pdb_release/all/pdb1sba.ent 66.666667
/data/pdb_release/all/pdb1gsl.ent 93.333333
/tmp/2pelA0 85.000000
/tmp/1fatA0 85.000000
/tmp/1ioaA0 78.333333
/tmp/1sacA0 81.666667
/tmp/1gnhA0 78.333333
/data/pdb_release/all/pdb2ayh.ent 78.333333
/data/pdb_release/all/pdb1cpm.ent 75.000000
/data/pdb_release/all/pdb1gbg.ent 81.666667
/nfs/cathdata/dompdb/1cgt02 85.000000
/nfs/cathdata/dompdb/1cdg02 81.666667
/nfs/cathdata/dompdb/1cyg02 75.000000
/nfs/cathdata/dompdb/1ciu02 75.000000
/nfs/cathdata/dompdb/1pamA2 78.333333
/nfs/cathdata/dompdb/2aaa02 66.666667
/nfs/cathdata/dompdb/1pnf02 71.666667
/data/pdb_release/all/pdb1knb.ent 73.333333
/tmp/1sluA0 73.333333
/nfs/cathdata/dompdb/1lla02 78.333333
/nfs/cathdata/dompdb/1svb01 70.000000
/data/pdb_release/all/pdb1cyw.ent 70.000000
/nfs/cathdata/dompdb/1hcz01 90.000000
/data/pdb_release/all/pdb1thw.ent 71.666667
/tmp/1cauB0 81.666667
/nfs/cathdata/dompdb/2phlA3 66.666667
/nfs/cathdata/dompdb/2phlA2 81.666667
/data/pdb_release/all/pdb2stv.ent 78.333333
/tmp/1bbt10 71.666667
/tmp/1pov10 73.333333
/tmp/1pvc10 73.333333
/tmp/1r0910 75.000000
/tmp/1rhi10 78.333333
/tmp/1tme10 78.333333
/tmp/2mev10 71.666667
/tmp/2bpa20 73.333333
/tmp/1gff20 73.333333
/tmp/1bbt30 90.000000
/tmp/1tme30 90.000000
/tmp/2mev30 90.000000
/tmp/1r0930 93.333333
/tmp/1pov30 90.000000
/tmp/1pvc30 90.000000
/tmp/1rhi30 93.333333
/tmp/1bbt20 71.666667
/tmp/1tme20 78.333333
/tmp/2mev20 81.666667
/tmp/1r0920 71.666667
/tmp/1pvc20 78.333333
/data/pdb_release/all/pdb1arn.ent 76.666667
/tmp/1aizA0 76.666667
/data/pdb_release/all/pdb1aaj.ent 63.333333
/nfs/cathdata/dompdb/1aozA1 73.333333
/nfs/cathdata/dompdb/1aozA2 73.333333
/nfs/cathdata/dompdb/1gof03 70.000000
/nfs/cathdata/dompdb/1nif01 85.000000
/nfs/cathdata/dompdb/1afnA1 85.000000
/nfs/cathdata/dompdb/1nif02 85.000000
/nfs/cathdata/dompdb/1ntd02 80.000000
/tmp/1eta10 71.666667
/tmp/1tfpA0 68.333333
/tmp/1sxaA0 78.333333
/tmp/1srdA0 71.666667
/data/pdb_release/all/pdb1jcv.ent 85.000000
/tmp/1sosA0 78.333333
/tmp/1xsoA0 78.333333
/data/pdb_release/all/pdb1akp.ent 65.000000
/data/pdb_release/all/pdb1acx.ent 70.000000
/data/pdb_release/all/pdb1noa.ent 70.000000
/data/pdb_release/all/pdb2mcm.ent 70.000000
/nfs/cathdata/dompdb/1clc01 66.666667
/nfs/cathdata/dompdb/1ctn01 73.333333
/data/pdb_release/all/pdb1exg.ent 70.000000
/nfs/cathdata/dompdb/1bglA4 66.666667
/nfs/cathdata/dompdb/1bglA2 70.000000
/nfs/cathdata/dompdb/1svcP3 66.666667
/nfs/cathdata/dompdb/1svb04 60.000000
/nfs/cathdata/dompdb/1gof01 66.666667
/nfs/cathdata/dompdb/2sblB1 65.000000
/nfs/cathdata/dompdb/1hplA2 66.666667
/nfs/cathdata/dompdb/1lpbB2 66.666667
/nfs/cathdata/dompdb/1pgs01 70.000000
/data/pdb_release/all/pdb1ten.ent 63.333333
/nfs/cathdata/dompdb/1fnf01 60.000000
/nfs/cathdata/dompdb/1fnf02 65.000000
/nfs/cathdata/dompdb/1fnf03 65.000000
/nfs/cathdata/dompdb/1cfb01 60.000000
/nfs/cathdata/dompdb/1cfb02 66.666667
/tmp/1wapA0 70.000000
/data/pdb_release/all/pdb1ncg.ent 65.000000
/data/pdb_release/all/pdb1suh.ent 66.666667
/nfs/cathdata/dompdb/1ggtA4 60.000000
/nfs/cathdata/dompdb/1cgt04 63.333333
/nfs/cathdata/dompdb/1cdg04 70.000000
/nfs/cathdata/dompdb/1cyg04 66.666667
/data/pdb_release/all/pdb1kul.ent 58.333333
/nfs/cathdata/dompdb/1ciu04 66.666667
/nfs/cathdata/dompdb/1pamA4 65.000000
/nfs/cathdata/dompdb/1cgt03 71.666667
/nfs/cathdata/dompdb/1cdg03 71.666667
/nfs/cathdata/dompdb/1cyg03 63.333333
/nfs/cathdata/dompdb/1ciu03 63.333333
/nfs/cathdata/dompdb/1pamA3 68.333333
/data/pdb_release/all/pdb1rsy.ent 76.666667
/data/pdb_release/all/pdb1plc.ent 83.333333
/data/pdb_release/all/pdb9pcy.ent 61.666667
/data/pdb_release/all/pdb2plt.ent 85.000000
/data/pdb_release/all/pdb7pcy.ent 78.333333
/data/pdb_release/all/pdb1pla.ent 70.000000
/data/pdb_release/all/pdb1nin.ent 60.000000
/data/pdb_release/all/pdb1paz.ent 70.000000
/data/pdb_release/all/pdb1pmy.ent 68.333333
/data/pdb_release/all/pdb1zia.ent 65.000000
/tmp/1adwA0 65.000000
/tmp/1vlxA0 80.000000
/nfs/cathdata/dompdb/1vgeH1 70.000000
/nfs/cathdata/dompdb/1yuhB1 70.000000
/nfs/cathdata/dompdb/1clyH1 76.666667
/nfs/cathdata/dompdb/1kelH1 66.666667
/nfs/cathdata/dompdb/1nldH1 85.000000
/nfs/cathdata/dompdb/1ghfH1 73.333333
/nfs/cathdata/dompdb/1ospH1 73.333333
/nfs/cathdata/dompdb/1mimH1 73.333333
/nfs/cathdata/dompdb/1cloH1 70.000000
/nfs/cathdata/dompdb/1plgL1 70.000000
/nfs/cathdata/dompdb/1ghfL1 68.333333
/nfs/cathdata/dompdb/1clzL1 73.333333
/nfs/cathdata/dompdb/1kelL1 66.666667
/nfs/cathdata/dompdb/1gafL1 70.000000
/nfs/cathdata/dompdb/1iaiL1 66.666667
/nfs/cathdata/dompdb/1aifA1 68.333333
/nfs/cathdata/dompdb/1vgeL1 73.333333
/nfs/cathdata/dompdb/1nldL1 66.666667
/nfs/cathdata/dompdb/1ospL1 66.666667
/nfs/cathdata/dompdb/1mimL1 70.000000
/nfs/cathdata/dompdb/1lilA1 73.333333
/nfs/cathdata/dompdb/1cloL1 70.000000
/nfs/cathdata/dompdb/1bec01 66.666667
/nfs/cathdata/dompdb/1tcrB1 70.000000
/data/pdb_release/all/pdb1tit.ent 63.333333
/data/pdb_release/all/pdb1cid.ent 73.333333
/data/pdb_release/all/pdb3cd4.ent 73.333333
/data/pdb_release/all/pdb1hoe.ent 66.666667
/nfs/cathdata/dompdb/3hhrB1 68.333333
/nfs/cathdata/dompdb/3hhrB2 68.333333
/nfs/cathdata/dompdb/1fieA3 85.000000
/nfs/cathdata/dompdb/1hft01 81.666667
/data/pdb_release/all/pdb1ttf.ent 60.000000
/nfs/cathdata/dompdb/1hilA1 70.000000
/nfs/cathdata/dompdb/1ggbL1 70.000000
/nfs/cathdata/dompdb/1gigL1 73.333333
/nfs/cathdata/dompdb/1mfeL1 70.000000
/nfs/cathdata/dompdb/1igfL1 70.000000
/nfs/cathdata/dompdb/1lmkA2 73.333333
/nfs/cathdata/dompdb/1mcbA1 73.333333
/nfs/cathdata/dompdb/1mlbA1 73.333333
/nfs/cathdata/dompdb/3hfmL1 66.666667
/nfs/cathdata/dompdb/1opgL1 71.666667
/nfs/cathdata/dompdb/1ncaL1 70.000000
/nfs/cathdata/dompdb/1tetL1 70.000000
/nfs/cathdata/dompdb/2fb4L1 66.666667
/nfs/cathdata/dompdb/2fbjL1 73.333333
/nfs/cathdata/dompdb/6fabL1 73.333333
/nfs/cathdata/dompdb/7fabL1 70.000000
/nfs/cathdata/dompdb/8fabA1 73.333333
/nfs/cathdata/dompdb/1eapA1 70.000000
/nfs/cathdata/dompdb/1figL1 70.000000
/nfs/cathdata/dompdb/1forL1 66.666667
/nfs/cathdata/dompdb/1ibgL1 73.333333
/nfs/cathdata/dompdb/1igcL1 73.333333
/nfs/cathdata/dompdb/1jelL1 70.000000
/nfs/cathdata/dompdb/1nsnL1 68.333333
/nfs/cathdata/dompdb/2gfbA1 70.000000
/tmp/1dvfC0 70.000000
/tmp/1dvfD0 63.333333
/data/pdb_release/all/pdb1vhp.ent 70.000000
/nfs/cathdata/dompdb/1gafH1 66.666667
/nfs/cathdata/dompdb/1iaiH1 73.333333
/nfs/cathdata/dompdb/1aifB1 66.666667
/nfs/cathdata/dompdb/1ngpH1 70.000000
/nfs/cathdata/dompdb/1plgH1 70.000000
/nfs/cathdata/dompdb/1mlbB1 73.333333
/nfs/cathdata/dompdb/2cgrH1 73.333333
/nfs/cathdata/dompdb/1eapB1 70.000000
/nfs/cathdata/dompdb/1faiH1 88.333333
/nfs/cathdata/dompdb/1fbiH1 70.000000
/nfs/cathdata/dompdb/1figH1 66.666667
/nfs/cathdata/dompdb/1forH1 73.333333
/nfs/cathdata/dompdb/1fptH1 73.333333
/nfs/cathdata/dompdb/1frgH1 63.333333
/nfs/cathdata/dompdb/1gigH1 70.000000
/nfs/cathdata/dompdb/1ibgH1 70.000000
/nfs/cathdata/dompdb/1igcH1 70.000000
/nfs/cathdata/dompdb/1igjB1 66.666667
/nfs/cathdata/dompdb/1ikfH1 73.333333
/nfs/cathdata/dompdb/1jelH1 63.333333
/nfs/cathdata/dompdb/1mrcH1 70.000000
/nfs/cathdata/dompdb/1nsnH1 73.333333
/nfs/cathdata/dompdb/1opgH1 73.333333
/nfs/cathdata/dompdb/1rmfH1 70.000000
/nfs/cathdata/dompdb/2fgwH1 66.666667
/nfs/cathdata/dompdb/2gfbB1 63.333333
/nfs/cathdata/dompdb/6fabH1 70.000000
/nfs/cathdata/dompdb/1acyL1 73.333333
/nfs/cathdata/dompdb/1bafL1 73.333333
/nfs/cathdata/dompdb/1bbdL1 70.000000
/nfs/cathdata/dompdb/1bqlL1 66.666667
/nfs/cathdata/dompdb/2cgrL1 70.000000
/nfs/cathdata/dompdb/1dbbL1 66.666667
/nfs/cathdata/dompdb/1dfbL1 70.000000
/nfs/cathdata/dompdb/1faiL1 73.333333
/nfs/cathdata/dompdb/1mamL1 73.333333
/nfs/cathdata/dompdb/1ikfL1 73.333333
/nfs/cathdata/dompdb/1frgL1 70.000000
/tmp/1wtlA0 66.666667
/tmp/1breA0 70.000000
/tmp/1fvcB0 70.000000
/tmp/1jhlH0 73.333333
/tmp/1vfaB0 73.333333
/tmp/1igmH0 70.000000
/tmp/1mfaL0 0.000000
/tmp/1fgvH0 70.000000
/tmp/1nmaH0 70.000000
/tmp/2bjl10 70.000000
/nfs/cathdata/dompdb/8fabB1 63.333333
/nfs/cathdata/dompdb/2fb4H1 73.333333
/nfs/cathdata/dompdb/1acyH1 70.000000
/nfs/cathdata/dompdb/1bbdH1 70.000000
/nfs/cathdata/dompdb/2hflH1 70.000000
/nfs/cathdata/dompdb/2fbjH1 71.666667
/nfs/cathdata/dompdb/1hilB1 70.000000
/nfs/cathdata/dompdb/1nbvH1 63.333333
/nfs/cathdata/dompdb/7fabH1 73.333333
/nfs/cathdata/dompdb/1indH1 60.000000
/nfs/cathdata/dompdb/1tetH1 63.333333
/nfs/cathdata/dompdb/1mamH1 70.000000
/nfs/cathdata/dompdb/1ncaH1 66.666667
/nfs/cathdata/dompdb/1dbbH1 73.333333
/nfs/cathdata/dompdb/1dfbH1 73.333333
/nfs/cathdata/dompdb/1flrH1 70.000000
/nfs/cathdata/dompdb/1ggbH1 70.000000
/nfs/cathdata/dompdb/1igfH1 68.333333
/nfs/cathdata/dompdb/1bafH1 66.666667
/nfs/cathdata/dompdb/3hfmH1 66.666667
/nfs/cathdata/dompdb/1mcpH1 73.333333
/nfs/cathdata/dompdb/1lmkA1 63.333333
/nfs/cathdata/dompdb/1mfbH1 70.000000
/nfs/cathdata/dompdb/1fc2D2 85.000000
/nfs/cathdata/dompdb/1gigL2 86.666667
/nfs/cathdata/dompdb/1kelL2 85.000000
/nfs/cathdata/dompdb/1gafL2 78.333333
/nfs/cathdata/dompdb/2fb4L2 85.000000
/nfs/cathdata/dompdb/1yuhB2 40.000000
/nfs/cathdata/dompdb/1clzH2 63.333333
/nfs/cathdata/dompdb/1fc2D1 85.000000
/nfs/cathdata/dompdb/1fruA2 70.000000
/tmp/1hsbB0 66.666667
/tmp/1mhcB0 68.333333
/tmp/1fruB0 68.333333
/data/pdb_release/all/pdb1bmg.ent 70.000000
/nfs/cathdata/dompdb/1dlhA2 68.333333
/nfs/cathdata/dompdb/1sebB2 71.666667
/nfs/cathdata/dompdb/1bec02 75.000000
/nfs/cathdata/dompdb/1vcaA2 63.333333
/data/pdb_release/all/pdb1tnm.ent 70.000000
/nfs/cathdata/dompdb/1vcaA1 66.666667
/data/pdb_release/all/pdb1tlk.ent 60.000000
/nfs/cathdata/dompdb/1hft02 75.000000
/data/pdb_release/all/pdb1cd8.ent 73.333333
/nfs/cathdata/dompdb/1igjA1 70.000000
/tmp/1nmbL0 66.666667
/data/pdb_release/all/pdb2rhe.ent 73.333333
/tmp/1fgvL0 70.000000
/data/pdb_release/all/pdb2imn.ent 73.333333
/tmp/1reiA0 70.000000
/tmp/1fvcA0 73.333333
/tmp/1igmL0 70.000000
/tmp/1jhlL0 70.000000
/tmp/1ivlA0 70.000000
/tmp/1vfaA0 70.000000
/data/pdb_release/all/pdb1pho.ent 78.333333
/data/pdb_release/all/pdb1omf.ent 96.666667
/data/pdb_release/all/pdb3bcl.ent 90.000000
/nfs/cathdata/dompdb/1amm01 65.000000
/nfs/cathdata/dompdb/1amm02 75.000000
/nfs/cathdata/dompdb/2bb202 70.000000
/nfs/cathdata/dompdb/2gcr01 63.333333
/nfs/cathdata/dompdb/2gcr02 66.666667
/nfs/cathdata/dompdb/1elpA1 63.333333
/nfs/cathdata/dompdb/1elpA2 78.333333
/nfs/cathdata/dompdb/2bb201 63.333333
/nfs/cathdata/dompdb/1prr01 80.000000
/nfs/cathdata/dompdb/1prr02 73.333333
/tmp/1mdaL0 65.000000
/tmp/2bbkL0 70.000000
/data/pdb_release/all/pdb1cdb.ent 58.333333
/nfs/cathdata/dompdb/1hngA1 70.000000
/tmp/1cdcA0 70.000000
/nfs/cathdata/dompdb/1hnf02 63.333333
/nfs/cathdata/dompdb/1hngA2 65.000000
/tmp/1mfaH0 0.000000
/nfs/cathdata/dompdb/2fbjH2 51.666667
/nfs/cathdata/dompdb/1mcpH2 63.333333
/nfs/cathdata/dompdb/1hocA2 51.666667
/nfs/cathdata/dompdb/1hsaA2 65.000000
/nfs/cathdata/dompdb/1vaaA2 68.333333
/nfs/cathdata/dompdb/1hsbA2 66.666667
/nfs/cathdata/dompdb/1mhcA2 65.000000
/nfs/cathdata/dompdb/8fabB2 76.666667
/nfs/cathdata/dompdb/1kelH2 70.000000
/nfs/cathdata/dompdb/1bbdH2 85.000000
/nfs/cathdata/dompdb/1ospH2 66.666667
/nfs/cathdata/dompdb/1eapB2 63.333333
/tmp/1lopA0 83.333333
/data/pdb_release/all/pdb2cpl.ent 80.000000
/tmp/1cynA0 78.333333
/tmp/2rmcA0 80.000000
/nfs/cathdata/dompdb/1bucA2 70.000000
/nfs/cathdata/dompdb/3mddA2 76.666667
/nfs/cathdata/dompdb/1kxf02 70.000000
/nfs/cathdata/dompdb/1vcpA2 68.333333
/tmp/1smpI0 90.000000
/nfs/cathdata/dompdb/1svcP1 66.666667
/tmp/1sriA0 71.666667
/tmp/1avdA0 70.000000
/data/pdb_release/all/pdb1hbq.ent 70.000000
/data/pdb_release/all/pdb1rbp.ent 70.000000
/tmp/1epaA0 78.333333
/tmp/1bbpA0 68.333333
/data/pdb_release/all/pdb1mup.ent 78.333333
/data/pdb_release/all/pdb1ifc.ent 78.333333
/data/pdb_release/all/pdb1hmr.ent 75.000000
/tmp/1opaA0 81.666667
/data/pdb_release/all/pdb1adl.ent 75.000000
/data/pdb_release/all/pdb1crb.ent 85.000000
/tmp/1cbiA0 75.000000
/tmp/1ftpA0 78.333333
/data/pdb_release/all/pdb1cbs.ent 75.000000
/tmp/1pmpA0 81.666667
/data/pdb_release/all/pdb1mdc.ent 78.333333
/nfs/cathdata/dompdb/7catA1 86.666667
/data/pdb_release/all/pdb1cae.ent 80.000000
/nfs/cathdata/dompdb/1dar02 66.666667
/nfs/cathdata/dompdb/1gtrA4 70.000000
/data/pdb_release/all/pdb1prn.ent 81.666667
/data/pdb_release/all/pdb2por.ent 85.000000
/nfs/cathdata/dompdb/1ppfE1 66.666667
/nfs/cathdata/dompdb/1svpA1 68.333333
/nfs/cathdata/dompdb/1vcpA1 63.333333
/nfs/cathdata/dompdb/1sgt02 63.333333
/nfs/cathdata/dompdb/1hylA1 70.000000
/nfs/cathdata/dompdb/1try02 65.000000
/nfs/cathdata/dompdb/1sgpE1 76.666667
/nfs/cathdata/dompdb/1hpgA1 76.666667
/nfs/cathdata/dompdb/2sga01 73.333333
/nfs/cathdata/dompdb/2alp01 65.000000
/nfs/cathdata/dompdb/1tal01 68.333333
/nfs/cathdata/dompdb/2sfa01 93.333333
/nfs/cathdata/dompdb/1arb02 76.666667
/nfs/cathdata/dompdb/1hylA2 63.333333
/nfs/cathdata/dompdb/1sgpE2 66.666667
/nfs/cathdata/dompdb/1gbaA2 63.333333
/nfs/cathdata/dompdb/1hpgA2 65.000000
/nfs/cathdata/dompdb/2sga02 65.000000
/nfs/cathdata/dompdb/1tal02 66.666667
/nfs/cathdata/dompdb/2sfa02 65.000000
/nfs/cathdata/dompdb/1arb01 68.333333
/nfs/cathdata/dompdb/1cnd01 81.666667
/nfs/cathdata/dompdb/1ndh01 78.333333
/nfs/cathdata/dompdb/2pia01 78.333333
/nfs/cathdata/dompdb/1fnb01 75.000000
/nfs/cathdata/dompdb/1que01 81.666667
/nfs/cathdata/dompdb/1pkm03 63.333333
/nfs/cathdata/dompdb/1pkn03 58.333333
/nfs/cathdata/dompdb/1pkyA3 76.666667
/nfs/cathdata/dompdb/1pkyC3 63.333333
/nfs/cathdata/dompdb/1eft02 73.333333
/nfs/cathdata/dompdb/1efuA2 70.000000
/data/pdb_release/all/pdb1clh.ent 86.666667
/tmp/1tcwA0 65.000000
/tmp/1cpiA0 65.000000
/tmp/2rspA0 70.000000
/nfs/cathdata/dompdb/1pnkB3 65.000000
/nfs/cathdata/dompdb/1eft03 70.000000
/nfs/cathdata/dompdb/1efuA3 65.000000
/tmp/1ucyE0 65.000000
/tmp/1aksB0 68.333333
/tmp/2pkaB0 63.333333
/nfs/cathdata/dompdb/1hcgA1 66.666667
/nfs/cathdata/dompdb/1thsH1 63.333333
/nfs/cathdata/dompdb/1brbE1 63.333333
/nfs/cathdata/dompdb/4ptp01 65.000000
/nfs/cathdata/dompdb/1mctA1 63.333333
/nfs/cathdata/dompdb/1etrH1 63.333333
/nfs/cathdata/dompdb/1bit01 65.000000
/nfs/cathdata/dompdb/1trnA1 60.000000
/nfs/cathdata/dompdb/1try01 65.000000
/nfs/cathdata/dompdb/5chaA1 63.333333
/nfs/cathdata/dompdb/1sgt01 65.000000
/nfs/cathdata/dompdb/1lmwB1 65.000000
/nfs/cathdata/dompdb/1elg01 60.000000
/nfs/cathdata/dompdb/1elt01 60.000000
/nfs/cathdata/dompdb/1ton01 63.333333
/tmp/1mtnC0 66.666667
/nfs/cathdata/dompdb/1tbs01 63.333333
/nfs/cathdata/dompdb/1pfxC1 78.333333
/nfs/cathdata/dompdb/1fonA1 63.333333
/nfs/cathdata/dompdb/1pytD1 61.666667
/nfs/cathdata/dompdb/1rtfB1 65.000000
/nfs/cathdata/dompdb/1fujA1 65.000000
/nfs/cathdata/dompdb/1dst01 65.000000
/nfs/cathdata/dompdb/3rp2A1 66.666667
/tmp/1ceaA0 33.333333
/tmp/1pmlA0 46.666667
/data/pdb_release/all/pdb1kdu.ent 46.666667
/data/pdb_release/all/pdb1krn.ent 33.333333
/data/pdb_release/all/pdb1bw3.ent 78.333333
/tmp/1ihvA0 65.000000
/nfs/cathdata/dompdb/1hcz02 46.666667
/data/pdb_release/all/pdb1lab.ent 46.666667
/data/pdb_release/all/pdb1bdo.ent 63.333333
/data/pdb_release/all/pdb1afp.ent 43.333333
/tmp/1bovA0 76.666667
/data/pdb_release/all/pdb1mjc.ent 65.000000
/data/pdb_release/all/pdb1csp.ent 68.333333
/data/pdb_release/all/pdb1krs.ent 75.000000
/nfs/cathdata/dompdb/1lylA1 86.666667
/nfs/cathdata/dompdb/1asyA1 81.666667
/data/pdb_release/all/pdb1bgh.ent 66.666667
/data/pdb_release/all/pdb1rip.ent 0.000000
/tmp/1prtD0 70.000000
/tmp/1prtF0 80.000000
/nfs/cathdata/dompdb/1tssA2 70.000000
/nfs/cathdata/dompdb/1prtB2 73.333333
/nfs/cathdata/dompdb/1prtC2 78.333333
/tmp/1ltsD0 83.333333
/tmp/1chbD0 80.000000
/data/pdb_release/all/pdb2sns.ent 78.333333
/nfs/cathdata/dompdb/1bco02 65.000000
/nfs/cathdata/dompdb/1esfA1 76.666667
/nfs/cathdata/dompdb/1sebD1 75.000000
/nfs/cathdata/dompdb/1se201 70.000000
/tmp/1fivA0 68.333333
/tmp/1idaA0 65.000000
/tmp/1hivA0 66.666667
/data/pdb_release/all/pdb1dro.ent 56.666667
/nfs/cathdata/dompdb/1hleA1 70.000000
/nfs/cathdata/dompdb/1ovaA1 70.000000
/nfs/cathdata/dompdb/1kauC1 76.666667
/nfs/cathdata/dompdb/2kauC1 76.666667
/tmp/1ucyH0 65.000000
/nfs/cathdata/dompdb/3rp2A2 65.000000
/nfs/cathdata/dompdb/1ihsH2 65.000000
/nfs/cathdata/dompdb/1gctA2 65.000000
/nfs/cathdata/dompdb/1elg02 65.000000
/nfs/cathdata/dompdb/1brbE2 65.000000
/nfs/cathdata/dompdb/4ptp02 65.000000
/nfs/cathdata/dompdb/1elt02 76.666667
/nfs/cathdata/dompdb/1hneE2 68.333333
/nfs/cathdata/dompdb/1mctA2 68.333333
/nfs/cathdata/dompdb/1etrH2 66.666667
/nfs/cathdata/dompdb/1bit02 66.666667
/nfs/cathdata/dompdb/1trnA2 65.000000
/nfs/cathdata/dompdb/1ton02 70.000000
/tmp/2pkaA0 65.000000
/tmp/1mtnB0 66.666667
/tmp/1aksA0 66.666667
/nfs/cathdata/dompdb/1tbs02 68.333333
/nfs/cathdata/dompdb/1pfxC2 65.000000
/nfs/cathdata/dompdb/1fonA2 73.333333
/nfs/cathdata/dompdb/1pytD2 66.666667
/nfs/cathdata/dompdb/1fujA2 66.666667
/nfs/cathdata/dompdb/1rtfB2 65.000000
/nfs/cathdata/dompdb/1dst02 80.000000
/nfs/cathdata/dompdb/1hcgA2 66.666667
/nfs/cathdata/dompdb/1lmwB2 61.666667
/data/pdb_release/all/pdb1pk4.ent 33.333333
/data/pdb_release/all/pdb2pf1.ent 50.000000
/data/pdb_release/all/pdb1ahl.ent 30.000000
/data/pdb_release/all/pdb1atx.ent 51.666667
/data/pdb_release/all/pdb1sh1.ent 48.333333
/data/pdb_release/all/pdb1apf.ent 30.000000
/nfs/cathdata/dompdb/1dar03 43.333333
/nfs/cathdata/dompdb/1elo03 16.666667
/data/pdb_release/all/pdb1tfi.ent 46.666667
/tmp/4sgbI0 46.666667
/data/pdb_release/all/pdb1tih.ent 43.333333
/nfs/cathdata/dompdb/1raaB2 61.666667
/nfs/cathdata/dompdb/2atcB2 0.000000
/nfs/cathdata/dompdb/1ytfD2 46.666667
/tmp/1ytfC0 50.000000
/data/pdb_release/all/pdb1sso.ent 60.000000
/data/pdb_release/all/pdb1sap.ent 68.333333
/data/pdb_release/all/pdb1hsp.ent 0.000000
/data/pdb_release/all/pdb1gfc.ent 33.333333
/tmp/1aboA0 61.666667
/tmp/1cskA0 51.666667
/tmp/1ckaA0 48.333333
/tmp/1gbrA0 51.666667
/data/pdb_release/all/pdb1shg.ent 65.000000
/tmp/1shfA0 65.000000
/tmp/1nloC0 43.333333
/data/pdb_release/all/pdb1pnj.ent 65.000000
/tmp/1semA0 68.333333
/nfs/cathdata/dompdb/1lckA1 61.666667
/data/pdb_release/all/pdb1tud.ent 65.000000
/data/pdb_release/all/pdb1tuc.ent 65.000000
/nfs/cathdata/dompdb/1ad5A1 61.666667
/data/pdb_release/all/pdb1pls.ent 70.000000
/tmp/1dynA0 63.333333
/data/pdb_release/all/pdb1btn.ent 80.000000
/tmp/1tgxA0 68.333333
/data/pdb_release/all/pdb1nea.ent 65.000000
/data/pdb_release/all/pdb1nor.ent 65.000000
/data/pdb_release/all/pdb1ntx.ent 68.333333
/data/pdb_release/all/pdb1fas.ent 65.000000
/tmp/1cdtA0 65.000000
/data/pdb_release/all/pdb2crs.ent 65.000000
/data/pdb_release/all/pdb1ntn.ent 80.000000
/data/pdb_release/all/pdb1tfs.ent 65.000000
/data/pdb_release/all/pdb1lsi.ent 43.333333
/nfs/cathdata/dompdb/1psi01 70.000000
/nfs/cathdata/dompdb/2achA2 70.000000
/tmp/1bi6H0 30.000000
/data/pdb_release/all/pdb1tpm.ent 65.000000
/nfs/cathdata/dompdb/1hfh01 46.666667
/data/pdb_release/all/pdb1hcc.ent 55.000000
/tmp/1lpbA0 60.000000
/nfs/cathdata/dompdb/1antI1 70.000000
/tmp/1hcnB0 55.000000
/tmp/1hcnA0 70.000000
/tmp/1pdgA0 65.000000
/data/pdb_release/all/pdb2tgi.ent 86.666667
/tmp/1klaA0 63.333333
/data/pdb_release/all/pdb1tgj.ent 86.666667
/data/pdb_release/all/pdb1bet.ent 66.666667
/tmp/1bndA0 71.666667
/tmp/1bndB0 65.000000
/data/pdb_release/all/pdb1fbr.ent 65.000000
/tmp/1umuA0 78.333333
/data/pdb_release/all/pdb1ctl.ent 65.000000
/data/pdb_release/all/pdb1iml.ent 65.000000
/nfs/cathdata/dompdb/1extB1 65.000000
/tmp/2kauB0 65.000000
/tmp/1rprA0 18.333333
/tmp/1fc2C0 21.666667
/tmp/1spzZ0 23.333333
/data/pdb_release/all/pdb1edi.ent 26.666667
/data/pdb_release/all/pdb2pdd.ent 18.333333
/data/pdb_release/all/pdb1bal.ent 21.666667
/tmp/1csbA0 18.333333
/tmp/1htrP0 21.666667
/nfs/cathdata/dompdb/1ilk02 26.666667
/data/pdb_release/all/pdb1bha.ent 26.666667
/nfs/cathdata/dompdb/1grj01 46.666667
/nfs/cathdata/dompdb/1sesA1 28.333333
/data/pdb_release/all/pdb1pdc.ent 33.333333
/tmp/2achB0 33.333333
/data/pdb_release/all/pdb1egf.ent 30.000000
/data/pdb_release/all/pdb1apo.ent 0.000000
/data/pdb_release/all/pdb1fsb.ent 33.333333
/data/pdb_release/all/pdb1hre.ent 0.000000
/data/pdb_release/all/pdb1yuf.ent 33.333333
/tmp/1hcgB0 51.666667
/data/pdb_release/all/pdb1ata.ent 51.666667
/nfs/cathdata/dompdb/1ncfA2 55.000000
/data/pdb_release/all/pdb1cdq.ent 56.666667
/tmp/1kbaA0 80.000000
/tmp/2abxA0 0.000000
/tmp/1abtA0 30.000000
/data/pdb_release/all/pdb3ebx.ent 65.000000
/data/pdb_release/all/pdb2ctx.ent 68.333333
/data/pdb_release/all/pdb2cdx.ent 43.333333
/tmp/1kxiA0 65.000000
/data/pdb_release/all/pdb1cre.ent 33.333333
/data/pdb_release/all/pdb1cod.ent 65.000000
/data/pdb_release/all/pdb1drs.ent 51.666667
/data/pdb_release/all/pdb1lki.ent 38.333333
/tmp/3inkC0 66.666667
/data/pdb_release/all/pdb1hgu.ent 40.000000
/data/pdb_release/all/pdb1huw.ent 41.666667
/tmp/3hhrA0 41.666667
/data/pdb_release/all/pdb1lpt.ent 50.000000
/data/pdb_release/all/pdb1lip.ent 41.666667
/data/pdb_release/all/pdb1mzm.ent 41.666667
/data/pdb_release/all/pdb1hyp.ent 25.000000
/nfs/cathdata/dompdb/1dlc01 45.000000
/nfs/cathdata/dompdb/1ciy01 50.000000
/tmp/1etrL0 16.666667
/tmp/1tbrJ0 21.666667
/tmp/3aahB0 16.666667
/tmp/4aahB0 16.666667
/tmp/1olgA0 16.666667
/tmp/2bbvD0 16.666667
/data/pdb_release/all/pdb2ifo.ent 16.666667
/tmp/1pfiA0 18.333333
/tmp/1junA0 16.666667
/data/pdb_release/all/pdb1tvs.ent 26.666667
/tmp/1ysaC0 16.666667
/data/pdb_release/all/pdb1aml.ent 21.666667
/data/pdb_release/all/pdb125d.ent 21.666667
/data/pdb_release/all/pdb1cld.ent 18.333333
/tmp/1d66A0 23.333333
/data/pdb_release/all/pdb1pyc.ent 18.333333
/nfs/cathdata/dompdb/1poxA4 18.333333
/tmp/1ltsC0 21.666667
/tmp/1xtcC0 21.666667
/tmp/1scmA0 21.666667
/tmp/1mdyB0 18.333333
/data/pdb_release/all/pdb1bct.ent 21.666667
/nfs/cathdata/dompdb/1pcrL2 26.666667
/nfs/cathdata/dompdb/1prcL2 38.333333
/nfs/cathdata/dompdb/1pcrM2 45.000000
/nfs/cathdata/dompdb/1prcM2 41.666667
/nfs/cathdata/dompdb/1dik05 26.666667
/tmp/1bcfA0 45.000000
/data/pdb_release/all/pdb1fha.ent 45.000000
/data/pdb_release/all/pdb1ier.ent 45.000000
/data/pdb_release/all/pdb1rcc.ent 41.666667
/tmp/2ccyA0 36.666667
/data/pdb_release/all/pdb1cpq.ent 41.666667
/tmp/1bbhA0 30.000000
/data/pdb_release/all/pdb1cgn.ent 43.333333
/data/pdb_release/all/pdb1lpe.ent 38.333333
/data/pdb_release/all/pdb2asr.ent 41.666667
/data/pdb_release/all/pdb1vls.ent 38.333333
/data/pdb_release/all/pdb1aep.ent 45.000000
/tmp/256bA0 41.666667
/tmp/2hmqA0 28.333333
/data/pdb_release/all/pdb2mhr.ent 28.333333
/tmp/2tmvP0 65.000000
/tmp/1rmvA0 28.333333
/nfs/cathdata/dompdb/2ilk01 43.333333
/nfs/cathdata/dompdb/1vlk01 38.333333
/nfs/cathdata/dompdb/1bucA3 45.000000
/nfs/cathdata/dompdb/3mddA3 45.000000
/nfs/cathdata/dompdb/1chkA1 55.000000
/data/pdb_release/all/pdb1lis.ent 38.333333
/data/pdb_release/all/pdb1rcb.ent 53.333333
/tmp/1gmfA0 63.333333
/tmp/1bgeA0 38.333333
/tmp/1rhgA0 38.333333
/data/pdb_release/all/pdb1bgc.ent 40.000000
/nfs/cathdata/dompdb/1whtA2 23.333333
/data/pdb_release/all/pdb2erl.ent 23.333333
/nfs/cathdata/dompdb/1ytfD1 18.333333
/nfs/cathdata/dompdb/1mtyG1 23.333333
/nfs/cathdata/dompdb/1mhyG1 23.333333
/tmp/1ecmA0 26.666667
/nfs/cathdata/dompdb/1lxa02 28.333333
/data/pdb_release/all/pdb1acp.ent 28.333333
/data/pdb_release/all/pdb1aca.ent 28.333333
/nfs/cathdata/dompdb/1pcrM1 31.666667
/nfs/cathdata/dompdb/1prcM1 23.333333
/nfs/cathdata/dompdb/1pcrL1 50.000000
/nfs/cathdata/dompdb/1prcL1 41.666667
/nfs/cathdata/dompdb/3sdpA1 23.333333
/nfs/cathdata/dompdb/1mngA1 41.666667
/nfs/cathdata/dompdb/1svcP2 23.333333
/nfs/cathdata/dompdb/1nfkA2 21.666667
/nfs/cathdata/dompdb/1mtyG2 28.333333
/nfs/cathdata/dompdb/1mhyG2 26.666667
/nfs/cathdata/dompdb/2minB4 23.333333
/nfs/cathdata/dompdb/1mioB3 26.666667
/data/pdb_release/all/pdb1poc.ent 60.000000
/data/pdb_release/all/pdb1ppa.ent 28.333333
/data/pdb_release/all/pdb1poa.ent 70.000000
/data/pdb_release/all/pdb4bp2.ent 65.000000
/data/pdb_release/all/pdb1pod.ent 68.333333
/tmp/3p2pA0 68.333333
/tmp/1pp2L0 65.000000
/tmp/1clpA0 68.333333
/tmp/1bunA0 70.000000
/data/pdb_release/all/pdb1psj.ent 68.333333
/data/pdb_release/all/pdb1ae7.ent 68.333333
/nfs/cathdata/dompdb/1bmtA1 38.333333
/data/pdb_release/all/pdb1lmq.ent 65.000000
/data/pdb_release/all/pdb1jug.ent 71.666667
/data/pdb_release/all/pdb119l.ent 78.333333
/nfs/cathdata/dompdb/1bucA1 46.666667
/nfs/cathdata/dompdb/3mddA1 45.000000
/nfs/cathdata/dompdb/1oxa02 46.666667
/nfs/cathdata/dompdb/1grl01 73.333333
/nfs/cathdata/dompdb/1aorA2 81.666667
/nfs/cathdata/dompdb/2pgd02 46.666667
/nfs/cathdata/dompdb/1dnpA3 46.666667
/nfs/cathdata/dompdb/1csc01 66.666667
/tmp/1csmA0 46.666667
/nfs/cathdata/dompdb/1aorA3 46.666667
/data/pdb_release/all/pdb1fps.ent 46.666667
/nfs/cathdata/dompdb/1clc02 73.333333
/tmp/1ribA0 66.666667
/tmp/1mmoB0 43.333333
/tmp/1mhyB0 50.000000
/nfs/cathdata/dompdb/1cpt02 58.333333
/data/pdb_release/all/pdb1phb.ent 80.000000
/tmp/2bmhA0 80.000000
/nfs/cathdata/dompdb/1lla01 70.000000
/tmp/1mhlC0 70.000000
/tmp/1mtyD0 66.666667
/tmp/1mhyD0 66.666667
/nfs/cathdata/dompdb/2sblB2 81.666667
/data/pdb_release/all/pdb1lnh.ent 81.666667
/data/pdb_release/all/pdb1ehs.ent 21.666667
/tmp/2spcA0 18.333333
/tmp/1ytfB0 21.666667
/nfs/cathdata/dompdb/1pnkA2 18.333333
/data/pdb_release/all/pdb1aty.ent 26.666667
/nfs/cathdata/dompdb/1dloA3 55.000000
/tmp/1ithA0 43.333333
/tmp/1cpcA0 43.333333
/tmp/1cpcB0 46.666667
/tmp/1allA0 45.000000
/tmp/1allB0 43.333333
/tmp/1colA0 46.666667
/nfs/cathdata/dompdb/1ddt02 50.000000
/nfs/cathdata/dompdb/3blm02 70.000000
/nfs/cathdata/dompdb/1mblA2 51.666667
/nfs/cathdata/dompdb/1btl02 41.666667
/nfs/cathdata/dompdb/1ckiA2 41.666667
/nfs/cathdata/dompdb/1csn02 43.333333
/nfs/cathdata/dompdb/1apmE1 70.000000
/nfs/cathdata/dompdb/1irk02 66.666667
/nfs/cathdata/dompdb/1ad5A4 73.333333
/nfs/cathdata/dompdb/1aru01 46.666667
/nfs/cathdata/dompdb/1llp01 46.666667
/nfs/cathdata/dompdb/1mnp01 41.666667
/nfs/cathdata/dompdb/1qpaA1 43.333333
/nfs/cathdata/dompdb/1cca01 41.666667
/nfs/cathdata/dompdb/1apxA1 46.666667
/nfs/cathdata/dompdb/1schA1 38.333333
/data/pdb_release/all/pdb153l.ent 43.333333
/data/pdb_release/all/pdb1baa.ent 55.000000
/nfs/cathdata/dompdb/1cnsA1 46.666667
/data/pdb_release/all/pdb135l.ent 71.666667
/data/pdb_release/all/pdb2ihl.ent 68.333333
/data/pdb_release/all/pdb1lz1.ent 70.000000
/data/pdb_release/all/pdb1hhl.ent 68.333333
/tmp/1ghlA0 68.333333
/data/pdb_release/all/pdb2eql.ent 73.333333
/data/pdb_release/all/pdb1alc.ent 71.666667
/data/pdb_release/all/pdb1hml.ent 71.666667
/tmp/1thbA0 46.666667
/tmp/1hdsA0 46.666667
/tmp/1hdsB0 46.666667
/tmp/2mhbA0 46.666667
/tmp/1fdhG0 41.666667
/tmp/1hbhA0 43.333333
/tmp/1hdaA0 46.666667
/tmp/1babB0 41.666667
/data/pdb_release/all/pdb2lhb.ent 45.000000
/tmp/1hbhB0 41.666667
/tmp/1hdaB0 43.333333
/tmp/1pghA0 43.333333
/tmp/1pghB0 45.000000
/tmp/1ibeB0 43.333333
/tmp/1outA0 43.333333
/tmp/1outB0 43.333333
/tmp/1spgA0 46.666667
/tmp/1spgB0 43.333333
/data/pdb_release/all/pdb1flp.ent 41.666667
/data/pdb_release/all/pdb1lhs.ent 46.666667
/data/pdb_release/all/pdb1bvd.ent 45.000000
/data/pdb_release/all/pdb1ymb.ent 43.333333
/data/pdb_release/all/pdb1mbs.ent 41.666667
/data/pdb_release/all/pdb2mm1.ent 43.333333
/data/pdb_release/all/pdb1emy.ent 43.333333
/tmp/1mygA0 45.000000
/data/pdb_release/all/pdb1myt.ent 46.666667
/data/pdb_release/all/pdb1eca.ent 46.666667
/tmp/1sctA0 50.000000
/tmp/1sctB0 43.333333
/tmp/3sdhA0 43.333333
/data/pdb_release/all/pdb1mba.ent 43.333333
/data/pdb_release/all/pdb1ash.ent 46.666667
/nfs/cathdata/dompdb/1fcdC2 41.666667
/tmp/2mtaC0 46.666667
/nfs/cathdata/dompdb/2abk02 28.333333
/nfs/cathdata/dompdb/1npc02 68.333333
/nfs/cathdata/dompdb/1ezm02 43.333333
/nfs/cathdata/dompdb/2tmnE2 68.333333
/nfs/cathdata/dompdb/1dnpA2 45.000000
/nfs/cathdata/dompdb/1gia02 45.000000
/nfs/cathdata/dompdb/1tadA2 43.333333
/nfs/cathdata/dompdb/7catA2 43.333333
/nfs/cathdata/dompdb/1cca02 68.333333
/nfs/cathdata/dompdb/1apxA2 43.333333
/nfs/cathdata/dompdb/1aru02 41.666667
/nfs/cathdata/dompdb/1llp02 41.666667
/nfs/cathdata/dompdb/1mnp02 41.666667
/nfs/cathdata/dompdb/1qpaA2 43.333333
/nfs/cathdata/dompdb/1schA2 66.666667
/tmp/1rfbA0 46.666667
/nfs/cathdata/dompdb/1pnkA1 51.666667
/data/pdb_release/all/pdb1end.ent 36.666667
/nfs/cathdata/dompdb/1gly01 73.333333
/nfs/cathdata/dompdb/1ecl02 66.666667
/data/pdb_release/all/pdb1sra.ent 40.000000
/nfs/cathdata/dompdb/1prcC2 43.333333
/nfs/cathdata/dompdb/1prcC1 43.333333
/nfs/cathdata/dompdb/1vsgA2 45.000000
/nfs/cathdata/dompdb/1gly02 55.000000
/nfs/cathdata/dompdb/1pnkB4 51.666667
/data/pdb_release/all/pdb1hlm.ent 50.000000
/data/pdb_release/all/pdb1hlb.ent 43.333333
/data/pdb_release/all/pdb1hbg.ent 45.000000
/data/pdb_release/all/pdb1gdj.ent 46.666667
/tmp/1binA0 43.333333
/nfs/cathdata/dompdb/1osa02 26.666667
/nfs/cathdata/dompdb/1wdcC2 53.333333
/nfs/cathdata/dompdb/1tnw02 28.333333
/tmp/1cnpA0 28.333333
/tmp/1symA0 28.333333
/tmp/1tcoB0 41.666667
/nfs/cathdata/dompdb/1scmC1 26.666667
/nfs/cathdata/dompdb/1wdcB1 26.666667
/nfs/cathdata/dompdb/1rec01 0.000000
/nfs/cathdata/dompdb/1rec02 43.333333
/data/pdb_release/all/pdb2sas.ent 43.333333
/tmp/2scpA0 41.666667
/data/pdb_release/all/pdb155c.ent 53.333333
/data/pdb_release/all/pdb1ycc.ent 38.333333
/data/pdb_release/all/pdb1ccr.ent 41.666667
/tmp/5cytR0 41.666667
/data/pdb_release/all/pdb1yeb.ent 41.666667
/data/pdb_release/all/pdb1hrc.ent 41.666667
/data/pdb_release/all/pdb1cry.ent 41.666667
/data/pdb_release/all/pdb1cot.ent 58.333333
/data/pdb_release/all/pdb3c2c.ent 38.333333
/tmp/1c2rA0 61.666667
/data/pdb_release/all/pdb1cxc.ent 55.000000
/data/pdb_release/all/pdb1yea.ent 46.666667
/tmp/1hroA0 41.666667
/data/pdb_release/all/pdb1dvh.ent 38.333333
/data/pdb_release/all/pdb351c.ent 28.333333
/data/pdb_release/all/pdb1cor.ent 40.000000
/data/pdb_release/all/pdb1cch.ent 38.333333
/nfs/cathdata/dompdb/1fcdC1 30.000000
/data/pdb_release/all/pdb1cc5.ent 38.333333
/data/pdb_release/all/pdb1cyi.ent 38.333333
/data/pdb_release/all/pdb1ctj.ent 36.666667
/nfs/cathdata/dompdb/6gsvA2 31.666667
/nfs/cathdata/dompdb/1gta02 41.666667
/nfs/cathdata/dompdb/1hna02 41.666667
/nfs/cathdata/dompdb/2gsq02 28.333333
/nfs/cathdata/dompdb/1gseA2 41.666667
/nfs/cathdata/dompdb/1bpb01 28.333333
/nfs/cathdata/dompdb/1taq02 21.666667
/nfs/cathdata/dompdb/9icwA2 28.333333
/nfs/cathdata/dompdb/1ecl04 26.666667
/nfs/cathdata/dompdb/1adeA2 31.666667
/nfs/cathdata/dompdb/1atnA3 63.333333
/nfs/cathdata/dompdb/1oxa03 41.666667
/data/pdb_release/all/pdb1hmx.ent 66.666667
/nfs/cathdata/dompdb/2abk01 45.000000
/nfs/cathdata/dompdb/1gln04 40.000000
/nfs/cathdata/dompdb/2tct02 43.333333
/tmp/1hulA0 41.666667
/data/pdb_release/all/pdb1coo.ent 38.333333
/nfs/cathdata/dompdb/1wdcB2 26.666667
/data/pdb_release/all/pdb1bod.ent 28.333333
/data/pdb_release/all/pdb1cb1.ent 26.666667
/data/pdb_release/all/pdb4icb.ent 45.000000
/data/pdb_release/all/pdb1cmf.ent 26.666667
/nfs/cathdata/dompdb/1ncx01 60.000000
/data/pdb_release/all/pdb1cfc.ent 53.333333
/data/pdb_release/all/pdb1tnx.ent 43.333333
/data/pdb_release/all/pdb1rro.ent 41.666667
/data/pdb_release/all/pdb4cpv.ent 40.000000
/data/pdb_release/all/pdb5pal.ent 40.000000
/data/pdb_release/all/pdb1pal.ent 41.666667
/tmp/1rtp10 43.333333
/tmp/1pvaA0 46.666667
/nfs/cathdata/dompdb/1osa01 26.666667
/nfs/cathdata/dompdb/1avhA1 38.333333
/nfs/cathdata/dompdb/2ran01 38.333333
/nfs/cathdata/dompdb/1ala02 38.333333
/nfs/cathdata/dompdb/1hvd02 38.333333
/nfs/cathdata/dompdb/1ala04 38.333333
/nfs/cathdata/dompdb/1ann04 41.666667
/nfs/cathdata/dompdb/1avhA4 38.333333
/nfs/cathdata/dompdb/1axn01 38.333333
/nfs/cathdata/dompdb/1axn03 38.333333
/nfs/cathdata/dompdb/1axn02 38.333333
/nfs/cathdata/dompdb/1ala03 26.666667
/nfs/cathdata/dompdb/1ann03 38.333333
/nfs/cathdata/dompdb/1hvd03 38.333333
/nfs/cathdata/dompdb/2ran03 38.333333
/nfs/cathdata/dompdb/1axn04 38.333333
/nfs/cathdata/dompdb/1csc02 41.666667
/nfs/cathdata/dompdb/1csh02 41.666667
/nfs/cathdata/dompdb/2cts02 41.666667
/nfs/cathdata/dompdb/1tyaE2 41.666667
/nfs/cathdata/dompdb/1bvp11 38.333333
/data/pdb_release/all/pdb1neq.ent 38.333333
/nfs/cathdata/dompdb/1octC1 28.333333
/data/pdb_release/all/pdb1r69.ent 38.333333
/data/pdb_release/all/pdb2cro.ent 41.666667
/data/pdb_release/all/pdb1adr.ent 38.333333
/tmp/1lmb30 41.666667
/nfs/cathdata/dompdb/2yhx01 41.666667
/nfs/cathdata/dompdb/2bpfA1 41.666667
/nfs/cathdata/dompdb/1bgw03 28.333333
/nfs/cathdata/dompdb/1adt01 41.666667
/nfs/cathdata/dompdb/1glqA2 28.333333
/nfs/cathdata/dompdb/2gsrA2 28.333333
/nfs/cathdata/dompdb/1gssA2 28.333333
/data/pdb_release/all/pdb1erd.ent 18.333333
/nfs/cathdata/dompdb/1dtr02 23.333333
/tmp/1lccA0 25.000000
/nfs/cathdata/dompdb/1pnrA1 28.333333
/data/pdb_release/all/pdb1uxd.ent 25.000000
/nfs/cathdata/dompdb/2phlA1 21.666667
/nfs/cathdata/dompdb/2phlA4 26.666667
/tmp/6insE0 26.666667
/data/pdb_release/all/pdb2gf1.ent 26.666667
/data/pdb_release/all/pdb1igl.ent 18.333333
/data/pdb_release/all/pdb1bip.ent 31.666667
/data/pdb_release/all/pdb1c5a.ent 28.333333
/data/pdb_release/all/pdb1kjs.ent 41.666667
/tmp/1cmbA0 23.333333
/nfs/cathdata/dompdb/1gln03 26.666667
/nfs/cathdata/dompdb/1serA1 31.666667
/nfs/cathdata/dompdb/1bvp13 28.333333
/nfs/cathdata/dompdb/1dmb03 65.000000
/nfs/cathdata/dompdb/1dik02 23.333333
/nfs/cathdata/dompdb/9pap02 23.333333
/nfs/cathdata/dompdb/1aec02 30.000000
/nfs/cathdata/dompdb/1gecE2 28.333333
/nfs/cathdata/dompdb/2act02 30.000000
/nfs/cathdata/dompdb/1ppo02 23.333333
/nfs/cathdata/dompdb/1yal02 23.333333
/nfs/cathdata/dompdb/1theA2 23.333333
/nfs/cathdata/dompdb/1csbB1 23.333333
/nfs/cathdata/dompdb/2bltA2 26.666667
/data/pdb_release/all/pdb1utg.ent 26.666667
/data/pdb_release/all/pdb1ccd.ent 26.666667
/nfs/cathdata/dompdb/1ala01 38.333333
/nfs/cathdata/dompdb/1ann01 38.333333
/nfs/cathdata/dompdb/1ann02 36.666667
/tmp/1fliA0 25.000000
/data/pdb_release/all/pdb1etc.ent 48.333333
/tmp/1sttA0 78.333333
/data/pdb_release/all/pdb2hts.ent 63.333333
/data/pdb_release/all/pdb1hks.ent 21.666667
/data/pdb_release/all/pdb1enh.ent 26.666667
/data/pdb_release/all/pdb1ftz.ent 26.666667
/data/pdb_release/all/pdb1ftt.ent 25.000000
/tmp/1ahdP0 23.333333
/tmp/1fjlA0 26.666667
/data/pdb_release/all/pdb1vnd.ent 23.333333
/data/pdb_release/all/pdb1hdp.ent 26.666667
/data/pdb_release/all/pdb1ocp.ent 23.333333
/data/pdb_release/all/pdb1pog.ent 25.000000
/tmp/1yrnA0 26.666667
/tmp/1hcrA0 26.666667
/data/pdb_release/all/pdb1res.ent 26.666667
/data/pdb_release/all/pdb1lfb.ent 23.333333
/data/pdb_release/all/pdb2lfb.ent 26.666667
/tmp/1yrnB0 28.333333
/tmp/1fiaA0 31.666667
/data/pdb_release/all/pdb1mbe.ent 25.000000
/data/pdb_release/all/pdb1mbg.ent 25.000000
/data/pdb_release/all/pdb1mbj.ent 26.666667
/tmp/2wrpR0 46.666667
/nfs/cathdata/dompdb/2tct01 26.666667
/tmp/1bfmA0 23.333333
/tmp/1hryA0 26.666667
/data/pdb_release/all/pdb1hsm.ent 26.666667
/data/pdb_release/all/pdb1hma.ent 26.666667
/data/pdb_release/all/pdb1hme.ent 26.666667
/data/pdb_release/all/pdb1aab.ent 26.666667
/tmp/1trlA0 26.666667
/tmp/1mylA0 21.666667
/tmp/1parA0 21.666667
/tmp/1mntA0 31.666667
/data/pdb_release/all/pdb1lea.ent 55.000000
/tmp/1hstA0 51.666667
/data/pdb_release/all/pdb1ghc.ent 23.333333
/nfs/cathdata/dompdb/1dprA1 31.666667
/nfs/cathdata/dompdb/1bia01 51.666667
/nfs/cathdata/dompdb/1berA2 55.000000
/nfs/cathdata/dompdb/1pdnC1 56.666667
/nfs/cathdata/dompdb/1pdnC2 25.000000
