/tmp/2ltnB0 33.333333
/tmp/1lenB0 33.333333
/tmp/1lgcB0 0.000000
/nfs/cathdata/dompdb/1lyaB1 33.333333
/tmp/1aayA0 53.333333
/tmp/1ubdC0 46.666667
/tmp/1meyC0 46.666667
/tmp/2drpA0 70.000000
/tmp/1pyaA0 36.666667
/tmp/1hueA0 70.000000
/tmp/1wtuA0 70.000000
/tmp/1ihfA0 70.000000
/tmp/1ihfB0 70.000000
/nfs/cathdata/dompdb/1prcH1 70.000000
/nfs/cathdata/dompdb/1pcrH1 70.000000
/data/pdb_release/all/pdb4mt2.ent 0.000000
/data/pdb_release/all/pdb1tiv.ent 0.000000
/data/pdb_release/all/pdb1zaq.ent 0.000000
/data/pdb_release/all/pdb1iva.ent 0.000000
/data/pdb_release/all/pdb1agg.ent 43.333333
/data/pdb_release/all/pdb1cfh.ent 0.000000
/data/pdb_release/all/pdb1cfi.ent 0.000000
/data/pdb_release/all/pdb1aaf.ent 0.000000
/data/pdb_release/all/pdb2ech.ent 0.000000
/data/pdb_release/all/pdb1fvl.ent 33.333333
/data/pdb_release/all/pdb1kst.ent 36.666667
/tmp/1r0940 33.333333
/tmp/2plv40 60.000000
/tmp/1pvc40 60.000000
/tmp/1bbt40 43.333333
/tmp/1tme40 33.333333
/tmp/2mev40 33.333333
/tmp/1tabI0 36.666667
/data/pdb_release/all/pdb1pi2.ent 70.000000
/data/pdb_release/all/pdb1bbi.ent 70.000000
/nfs/cathdata/dompdb/1pcp01 33.333333
/nfs/cathdata/dompdb/2pspA2 33.333333
/nfs/cathdata/dompdb/1gcb01 93.333333
/nfs/cathdata/dompdb/1fieA2 93.333333
/nfs/cathdata/dompdb/1lgr01 93.333333
/nfs/cathdata/dompdb/1abbA1 100.000000
/nfs/cathdata/dompdb/1ygpA1 93.333333
/nfs/cathdata/dompdb/1pgd03 33.333333
/data/pdb_release/all/pdb1ldl.ent 43.333333
/data/pdb_release/all/pdb1ldr.ent 0.000000
/data/pdb_release/all/pdb1tap.ent 53.333333
/data/pdb_release/all/pdb5pti.ent 53.333333
/tmp/1aapA0 60.000000
/data/pdb_release/all/pdb1dtx.ent 53.333333
/data/pdb_release/all/pdb1dtk.ent 53.333333
/data/pdb_release/all/pdb1shp.ent 53.333333
/tmp/1brbI0 60.000000
/data/pdb_release/all/pdb1knt.ent 60.000000
/data/pdb_release/all/pdb1dem.ent 60.000000
/tmp/1bunB0 60.000000
/data/pdb_release/all/pdb1hnr.ent 33.333333
/tmp/1mhlA0 36.666667
/nfs/cathdata/dompdb/1gal02 43.333333
/nfs/cathdata/dompdb/1inp01 70.000000
/nfs/cathdata/dompdb/1rtc02 66.666667
/nfs/cathdata/dompdb/1apa02 63.333333
/nfs/cathdata/dompdb/1pafA2 70.000000
/nfs/cathdata/dompdb/1mrg02 66.666667
/nfs/cathdata/dompdb/1mrj02 63.333333
/nfs/cathdata/dompdb/1abrA2 70.000000
/tmp/1isuA0 33.333333
/data/pdb_release/all/pdb1hip.ent 70.000000
/tmp/2hipA0 43.333333
/data/pdb_release/all/pdb1hpi.ent 66.666667
/data/pdb_release/all/pdb1bbo.ent 43.333333
/nfs/cathdata/dompdb/1adt02 93.333333
/tmp/1abmA0 93.333333
/tmp/1idsA0 70.000000
/tmp/1isaA0 70.000000
/nfs/cathdata/dompdb/1vsgA1 100.000000
/tmp/1hmpA0 93.333333
/nfs/cathdata/dompdb/1adeA3 93.333333
/nfs/cathdata/dompdb/1qorA1 93.333333
/nfs/cathdata/dompdb/3btoA1 93.333333
/nfs/cathdata/dompdb/1dehA1 100.000000
/nfs/cathdata/dompdb/1cdoA1 93.333333
/nfs/cathdata/dompdb/1tehA1 93.333333
/nfs/cathdata/dompdb/1agnA1 93.333333
/tmp/1yptA0 93.333333
/data/pdb_release/all/pdb2hnp.ent 93.333333
/nfs/cathdata/dompdb/1yfoA1 86.666667
/tmp/1vhrA0 93.333333
/data/pdb_release/all/pdb1gpc.ent 93.333333
/nfs/cathdata/dompdb/1bgw05 93.333333
/nfs/cathdata/dompdb/1jetA1 86.666667
/nfs/cathdata/dompdb/1glaG1 93.333333
/nfs/cathdata/dompdb/1hgeA1 93.333333
/tmp/1ltsA0 93.333333
/tmp/1xtcA0 93.333333
/tmp/1tiiA0 93.333333
/tmp/1prtA0 93.333333
/nfs/cathdata/dompdb/1admA2 93.333333
/nfs/cathdata/dompdb/1chmA2 76.666667
/data/pdb_release/all/pdb1mat.ent 70.000000
/data/pdb_release/all/pdb1pbn.ent 93.333333
/data/pdb_release/all/pdb1ula.ent 93.333333
/tmp/1ecpA0 93.333333
/nfs/cathdata/dompdb/1dhx03 93.333333
/data/pdb_release/all/pdb2cyr.ent 63.333333
/data/pdb_release/all/pdb1wad.ent 70.000000
/data/pdb_release/all/pdb1czj.ent 63.333333
/tmp/1htmB0 46.666667
/nfs/cathdata/dompdb/1berA1 76.666667
/nfs/cathdata/dompdb/1dhx02 63.333333
/nfs/cathdata/dompdb/1gln02 70.000000
/nfs/cathdata/dompdb/1gtrA2 70.000000
/nfs/cathdata/dompdb/1prcH2 70.000000
/nfs/cathdata/dompdb/4rcrH2 70.000000
/nfs/cathdata/dompdb/1oxa01 93.333333
/nfs/cathdata/dompdb/1cpt01 93.333333
/nfs/cathdata/dompdb/1gcb02 63.333333
/data/pdb_release/all/pdb1mut.ent 93.333333
/data/pdb_release/all/pdb1pyp.ent 70.000000
/data/pdb_release/all/pdb2prd.ent 86.666667
/tmp/1eipA0 93.333333
/nfs/cathdata/dompdb/1ordA4 100.000000
/nfs/cathdata/dompdb/2cmd02 73.333333
/nfs/cathdata/dompdb/1mldA2 70.000000
/nfs/cathdata/dompdb/6ldh02 70.000000
/nfs/cathdata/dompdb/1llc02 100.000000
/nfs/cathdata/dompdb/1lldA2 70.000000
/nfs/cathdata/dompdb/2ldx02 70.000000
/nfs/cathdata/dompdb/3ldh02 70.000000
/nfs/cathdata/dompdb/5ldh02 70.000000
/nfs/cathdata/dompdb/9ldtA2 70.000000
/nfs/cathdata/dompdb/1ldb02 70.000000
/nfs/cathdata/dompdb/1hyhA2 70.000000
/nfs/cathdata/dompdb/4mdhA2 70.000000
/nfs/cathdata/dompdb/1bdmA2 70.000000
/nfs/cathdata/dompdb/1dctA2 70.000000
/tmp/1regX0 86.666667
/nfs/cathdata/dompdb/2bltA1 76.666667
/data/pdb_release/all/pdb1xaa.ent 93.333333
/data/pdb_release/all/pdb1xac.ent 93.333333
/tmp/1alkA0 93.333333
/data/pdb_release/all/pdb1lpp.ent 93.333333
/data/pdb_release/all/pdb1thg.ent 93.333333
/tmp/1cleA0 93.333333
/data/pdb_release/all/pdb1ace.ent 93.333333
/nfs/cathdata/dompdb/3ladA2 93.333333
/nfs/cathdata/dompdb/1lpfA2 93.333333
/nfs/cathdata/dompdb/1lvl02 86.666667
/nfs/cathdata/dompdb/1ebdA2 86.666667
/nfs/cathdata/dompdb/2tmdA3 86.666667
/nfs/cathdata/dompdb/1gerA2 86.666667
/nfs/cathdata/dompdb/1gesA2 86.666667
/nfs/cathdata/dompdb/3grs02 86.666667
/nfs/cathdata/dompdb/1tde02 93.333333
/nfs/cathdata/dompdb/1vdc02 86.666667
/nfs/cathdata/dompdb/1fecB2 86.666667
/nfs/cathdata/dompdb/1nhr02 86.666667
/nfs/cathdata/dompdb/1fcdA2 86.666667
/tmp/1pyaB0 100.000000
/nfs/cathdata/dompdb/1dik03 86.666667
/nfs/cathdata/dompdb/1aorA1 93.333333
/tmp/2dnjA0 93.333333
/tmp/1fjmA0 93.333333
/tmp/1tcoA0 93.333333
/nfs/cathdata/dompdb/1gph11 93.333333
/data/pdb_release/all/pdb1plq.ent 93.333333
/data/pdb_release/all/pdb1bnh.ent 93.333333
/data/pdb_release/all/pdb1cy3.ent 33.333333
/tmp/1cthA0 63.333333
/data/pdb_release/all/pdb2cdv.ent 63.333333
/nfs/cathdata/dompdb/1trkA1 86.666667
/tmp/1rvaA0 93.333333
/nfs/cathdata/dompdb/1atnA1 100.000000
/nfs/cathdata/dompdb/2btfA1 93.333333
/nfs/cathdata/dompdb/1olbA2 93.333333
/data/pdb_release/all/pdb2ctc.ent 86.666667
/data/pdb_release/all/pdb1amp.ent 93.333333
/nfs/cathdata/dompdb/1lam02 86.666667
/nfs/cathdata/dompdb/1tplA2 93.333333
/nfs/cathdata/dompdb/1dgd02 93.333333
/nfs/cathdata/dompdb/1aam02 86.666667
/nfs/cathdata/dompdb/1akaA2 86.666667
/nfs/cathdata/dompdb/2cstA2 93.333333
/nfs/cathdata/dompdb/1ordA2 93.333333
/data/pdb_release/all/pdb1rpa.ent 86.666667
/data/pdb_release/all/pdb1esc.ent 93.333333
/nfs/cathdata/dompdb/1gpb02 93.333333
/nfs/cathdata/dompdb/1ygpA2 93.333333
/tmp/1deaA0 93.333333
/tmp/1thtA0 100.000000
/tmp/1tahA0 93.333333
/tmp/1oilA0 86.666667
/nfs/cathdata/dompdb/1hplA1 93.333333
/nfs/cathdata/dompdb/1lpbB1 86.666667
/tmp/1ethA0 93.333333
/data/pdb_release/all/pdb1gpl.ent 93.333333
/data/pdb_release/all/pdb1tca.ent 93.333333
/data/pdb_release/all/pdb1ede.ent 93.333333
/data/pdb_release/all/pdb1ysc.ent 86.666667
/nfs/cathdata/dompdb/1asyA2 70.000000
/nfs/cathdata/dompdb/1lylA2 93.333333
/nfs/cathdata/dompdb/1serA2 93.333333
/data/pdb_release/all/pdb3pte.ent 73.333333
/nfs/cathdata/dompdb/1abrA1 93.333333
/nfs/cathdata/dompdb/1ahc01 93.333333
/nfs/cathdata/dompdb/1mrj01 93.333333
/nfs/cathdata/dompdb/1apa01 93.333333
/nfs/cathdata/dompdb/1pafA1 86.666667
/tmp/4dfrA0 86.666667
/data/pdb_release/all/pdb3dfr.ent 93.333333
/data/pdb_release/all/pdb8dfr.ent 93.333333
/data/pdb_release/all/pdb1drf.ent 93.333333
/data/pdb_release/all/pdb1dyr.ent 93.333333
/nfs/cathdata/dompdb/1adeA1 93.333333
/nfs/cathdata/dompdb/3pmgA1 86.666667
/data/pdb_release/all/pdb1udg.ent 93.333333
/nfs/cathdata/dompdb/3pgk02 93.333333
/nfs/cathdata/dompdb/1php02 93.333333
/nfs/cathdata/dompdb/1gpmA1 93.333333
/nfs/cathdata/dompdb/1powA3 86.666667
/nfs/cathdata/dompdb/1pvdA3 93.333333
/nfs/cathdata/dompdb/1pvdA1 93.333333
/nfs/cathdata/dompdb/1powA1 93.333333
/nfs/cathdata/dompdb/1trkA2 93.333333
/nfs/cathdata/dompdb/1tyaE1 93.333333
/nfs/cathdata/dompdb/2tysB2 93.333333
/nfs/cathdata/dompdb/1minA1 93.333333
/nfs/cathdata/dompdb/1mioA1 93.333333
/nfs/cathdata/dompdb/3ecaA1 93.333333
/nfs/cathdata/dompdb/1agx01 86.666667
/nfs/cathdata/dompdb/3pga11 93.333333
/tmp/1wsaA0 93.333333
/tmp/1nbaA0 86.666667
/nfs/cathdata/dompdb/2reb01 93.333333
/tmp/1smnA0 93.333333
/tmp/1eriA0 93.333333
/nfs/cathdata/dompdb/1lvl01 86.666667
/nfs/cathdata/dompdb/1ebdA1 86.666667
/nfs/cathdata/dompdb/1gal01 86.666667
/nfs/cathdata/dompdb/1fcdA1 93.333333
/nfs/cathdata/dompdb/1coy01 93.333333
/nfs/cathdata/dompdb/1pbe01 93.333333
/nfs/cathdata/dompdb/1aa8A1 86.666667
/nfs/cathdata/dompdb/1dob02 93.333333
/data/pdb_release/all/pdb1cge.ent 93.333333
/data/pdb_release/all/pdb1mnc.ent 86.666667
/data/pdb_release/all/pdb1srt.ent 86.666667
/nfs/cathdata/dompdb/1fbl01 86.666667
/data/pdb_release/all/pdb1mmq.ent 86.666667
/data/pdb_release/all/pdb1slm.ent 86.666667
/tmp/1atlA0 86.666667
/data/pdb_release/all/pdb1iag.ent 93.333333
/nfs/cathdata/dompdb/1kapP2 73.333333
/nfs/cathdata/dompdb/1sat02 86.666667
/data/pdb_release/all/pdb1iab.ent 93.333333
/nfs/cathdata/dompdb/1lcf01 93.333333
/nfs/cathdata/dompdb/1ovt01 93.333333
/nfs/cathdata/dompdb/1ovt03 86.666667
/nfs/cathdata/dompdb/1nnt01 93.333333
/nfs/cathdata/dompdb/1tfd01 76.666667
/nfs/cathdata/dompdb/1lcf03 93.333333
/nfs/cathdata/dompdb/1dot01 93.333333
/nfs/cathdata/dompdb/1dot03 93.333333
/nfs/cathdata/dompdb/1quk01 93.333333
/nfs/cathdata/dompdb/1sbp01 93.333333
/nfs/cathdata/dompdb/1dmb01 70.000000
/nfs/cathdata/dompdb/1pot01 86.666667
/nfs/cathdata/dompdb/3sc2A1 93.333333
/nfs/cathdata/dompdb/1rtc01 86.666667
/tmp/1pviA0 93.333333
/nfs/cathdata/dompdb/1bllE1 93.333333
/nfs/cathdata/dompdb/1scuB3 93.333333
/nfs/cathdata/dompdb/1ora01 93.333333
/nfs/cathdata/dompdb/1ora02 86.666667
/nfs/cathdata/dompdb/2glt01 86.666667
/nfs/cathdata/dompdb/1ttqB1 93.333333
/data/pdb_release/all/pdb3pgm.ent 86.666667
/nfs/cathdata/dompdb/1gtrA1 86.666667
/nfs/cathdata/dompdb/1gln01 86.666667
/tmp/1dsbA0 76.666667
/tmp/1gp1A0 86.666667
/nfs/cathdata/dompdb/1chmA1 86.666667
/nfs/cathdata/dompdb/1scuB1 93.333333
/nfs/cathdata/dompdb/1mla02 93.333333
/nfs/cathdata/dompdb/1glaG2 93.333333
/nfs/cathdata/dompdb/1ami01 93.333333
/data/pdb_release/all/pdb1ak2.ent 93.333333
/tmp/1ak3A0 93.333333
/tmp/1akeA0 100.000000
/data/pdb_release/all/pdb1aky.ent 93.333333
/data/pdb_release/all/pdb3adk.ent 93.333333
/data/pdb_release/all/pdb1ukz.ent 86.666667
/data/pdb_release/all/pdb1ukd.ent 86.666667
/nfs/cathdata/dompdb/2tmdA2 86.666667
/nfs/cathdata/dompdb/1nhp01 86.666667
/nfs/cathdata/dompdb/1trb01 93.333333
/nfs/cathdata/dompdb/1vdc01 93.333333
/nfs/cathdata/dompdb/1typA1 86.666667
/nfs/cathdata/dompdb/1gesA1 93.333333
/nfs/cathdata/dompdb/3grs01 93.333333
/nfs/cathdata/dompdb/3ladA1 86.666667
/nfs/cathdata/dompdb/1lpfA1 86.666667
/nfs/cathdata/dompdb/1pfkA2 93.333333
/nfs/cathdata/dompdb/3pfk02 93.333333
/nfs/cathdata/dompdb/3pgk01 86.666667
/nfs/cathdata/dompdb/1php01 86.666667
/nfs/cathdata/dompdb/3pmgA3 93.333333
/tmp/2rslA0 86.666667
/tmp/1gdtA0 86.666667
/nfs/cathdata/dompdb/1ctt02 93.333333
/nfs/cathdata/dompdb/1ctt01 93.333333
/tmp/1whtB0 86.666667
/nfs/cathdata/dompdb/1trkA3 86.666667
/nfs/cathdata/dompdb/1dmb02 93.333333
/nfs/cathdata/dompdb/1pda02 93.333333
/nfs/cathdata/dompdb/1hslA2 93.333333
/nfs/cathdata/dompdb/1lst02 93.333333
/nfs/cathdata/dompdb/1pbp02 93.333333
/nfs/cathdata/dompdb/1sbp02 93.333333
/data/pdb_release/all/pdb1ovb.ent 93.333333
/nfs/cathdata/dompdb/1lcf02 73.333333
/nfs/cathdata/dompdb/1lcf04 93.333333
/nfs/cathdata/dompdb/1ovt02 93.333333
/nfs/cathdata/dompdb/1ovt04 93.333333
/nfs/cathdata/dompdb/1tfd02 76.666667
/nfs/cathdata/dompdb/1dot04 70.000000
/nfs/cathdata/dompdb/1poy12 93.333333
/nfs/cathdata/dompdb/1inp03 100.000000
/nfs/cathdata/dompdb/1imbA2 86.666667
/nfs/cathdata/dompdb/1fbcA2 93.333333
/nfs/cathdata/dompdb/1ftaA2 93.333333
/nfs/cathdata/dompdb/1spiA2 86.666667
/nfs/cathdata/dompdb/1pda01 86.666667
/nfs/cathdata/dompdb/1hslA1 86.666667
/nfs/cathdata/dompdb/1lst01 86.666667
/nfs/cathdata/dompdb/2ldx01 93.333333
/nfs/cathdata/dompdb/3ldh01 86.666667
/nfs/cathdata/dompdb/5ldh01 86.666667
/nfs/cathdata/dompdb/9ldtA1 93.333333
/data/pdb_release/all/pdb5nll.ent 93.333333
/data/pdb_release/all/pdb2fx2.ent 93.333333
/data/pdb_release/all/pdb1ofv.ent 93.333333
/data/pdb_release/all/pdb2fcr.ent 93.333333
/data/pdb_release/all/pdb1rcf.ent 86.666667
/tmp/1lfaA0 93.333333
/data/pdb_release/all/pdb1ido.ent 93.333333
/nfs/cathdata/dompdb/1pfkA1 100.000000
/nfs/cathdata/dompdb/3pfk01 100.000000
/data/pdb_release/all/pdb1cus.ent 86.666667
/data/pdb_release/all/pdb1dad.ent 93.333333
/data/pdb_release/all/pdb1tib.ent 93.333333
/data/pdb_release/all/pdb3tgl.ent 100.000000
/tmp/1lgyA0 100.000000
/data/pdb_release/all/pdb1vid.ent 86.666667
/data/pdb_release/all/pdb1pdo.ent 93.333333
/nfs/cathdata/dompdb/1gpmA2 100.000000
/nfs/cathdata/dompdb/1dnpA1 86.666667
/nfs/cathdata/dompdb/1bgw02 86.666667
/nfs/cathdata/dompdb/1guhA1 93.333333
/nfs/cathdata/dompdb/1glqA1 93.333333
/nfs/cathdata/dompdb/2gsq01 93.333333
/nfs/cathdata/dompdb/2gsrA1 93.333333
/nfs/cathdata/dompdb/1gssA1 93.333333
/nfs/cathdata/dompdb/2gstA1 93.333333
/nfs/cathdata/dompdb/1gta01 93.333333
/nfs/cathdata/dompdb/1hna01 86.666667
/nfs/cathdata/dompdb/3pmgA2 70.000000
/data/pdb_release/all/pdb1lba.ent 93.333333
/tmp/1meeA0 86.666667
/nfs/cathdata/dompdb/1ordA1 93.333333
/data/pdb_release/all/pdb1ntr.ent 86.666667
/nfs/cathdata/dompdb/1gdhA2 86.666667
/nfs/cathdata/dompdb/2nacA2 86.666667
/nfs/cathdata/dompdb/2dldA2 93.333333
/nfs/cathdata/dompdb/2dldA1 93.333333
/nfs/cathdata/dompdb/1scuB2 93.333333
/nfs/cathdata/dompdb/1scuA1 93.333333
/nfs/cathdata/dompdb/1scuA2 93.333333
/data/pdb_release/all/pdb1phr.ent 86.666667
/nfs/cathdata/dompdb/1bmtA2 93.333333
/tmp/1iceA0 93.333333
/data/pdb_release/all/pdb1etu.ent 93.333333
/nfs/cathdata/dompdb/1eft01 93.333333
/data/pdb_release/all/pdb5p21.ent 93.333333
/tmp/1guaA0 86.666667
/tmp/1hurA0 93.333333
/tmp/1nipA0 93.333333
/nfs/cathdata/dompdb/1gky02 86.666667
/nfs/cathdata/dompdb/1dar01 86.666667
/nfs/cathdata/dompdb/1raaA1 86.666667
/nfs/cathdata/dompdb/1raaA2 93.333333
/nfs/cathdata/dompdb/2atcA2 70.000000
/nfs/cathdata/dompdb/4mdhA1 86.666667
/nfs/cathdata/dompdb/1bdmA1 86.666667
/nfs/cathdata/dompdb/2cmd01 93.333333
/nfs/cathdata/dompdb/1mldA1 93.333333
/nfs/cathdata/dompdb/1hyhA1 93.333333
/nfs/cathdata/dompdb/6ldh01 93.333333
/nfs/cathdata/dompdb/1ldb01 93.333333
/nfs/cathdata/dompdb/1llc01 86.666667
/nfs/cathdata/dompdb/1lldA1 86.666667
/nfs/cathdata/dompdb/1bdhA3 86.666667
/nfs/cathdata/dompdb/1tlfA2 93.333333
/nfs/cathdata/dompdb/1dbp01 86.666667
/data/pdb_release/all/pdb3chy.ent 93.333333
/nfs/cathdata/dompdb/1abe01 93.333333
/nfs/cathdata/dompdb/1gdhA1 93.333333
/nfs/cathdata/dompdb/1gca01 93.333333
/nfs/cathdata/dompdb/1gdd01 86.666667
/nfs/cathdata/dompdb/1tadA1 93.333333
/nfs/cathdata/dompdb/1gotA1 93.333333
/nfs/cathdata/dompdb/1gd1O1 93.333333
/nfs/cathdata/dompdb/4gpd11 93.333333
/nfs/cathdata/dompdb/1cerO1 93.333333
/nfs/cathdata/dompdb/1gadO1 93.333333
/nfs/cathdata/dompdb/1gypA1 93.333333
/nfs/cathdata/dompdb/1hdgO1 93.333333
/nfs/cathdata/dompdb/2lbp02 86.666667
/nfs/cathdata/dompdb/2liv02 93.333333
/nfs/cathdata/dompdb/2lbp01 93.333333
/nfs/cathdata/dompdb/2liv01 93.333333
/nfs/cathdata/dompdb/1pea02 93.333333
/nfs/cathdata/dompdb/1pea01 93.333333
/nfs/cathdata/dompdb/1ecl01 93.333333
/nfs/cathdata/dompdb/1admA1 93.333333
/nfs/cathdata/dompdb/1dctA1 93.333333
/nfs/cathdata/dompdb/1hmy01 86.666667
/tmp/1garA0 93.333333
/data/pdb_release/all/pdb1chd.ent 93.333333
/data/pdb_release/all/pdb1thm.ent 93.333333
/tmp/1cseE0 86.666667
/data/pdb_release/all/pdb1st3.ent 86.666667
/data/pdb_release/all/pdb2pkc.ent 86.666667
/data/pdb_release/all/pdb1s01.ent 93.333333
/nfs/cathdata/dompdb/1poxA2 93.333333
/nfs/cathdata/dompdb/1pvdA2 93.333333
/nfs/cathdata/dompdb/2pia02 93.333333
/nfs/cathdata/dompdb/1fnb02 86.666667
/nfs/cathdata/dompdb/1que02 93.333333
/nfs/cathdata/dompdb/1cnd02 93.333333
/nfs/cathdata/dompdb/1ndh02 93.333333
/nfs/cathdata/dompdb/1gph12 86.666667
/nfs/cathdata/dompdb/1ecgA2 86.666667
/data/pdb_release/all/pdb1sto.ent 86.666667
/nfs/cathdata/dompdb/2bgt02 93.333333
/nfs/cathdata/dompdb/2bgt01 93.333333
/nfs/cathdata/dompdb/2nacA1 93.333333
/data/pdb_release/all/pdb1dhr.ent 86.666667
/tmp/1hdcA0 86.666667
/data/pdb_release/all/pdb1eny.ent 86.666667
/nfs/cathdata/dompdb/1psdA1 93.333333
/nfs/cathdata/dompdb/1psdA2 86.666667
/nfs/cathdata/dompdb/1qorA2 93.333333
/nfs/cathdata/dompdb/3btoA2 93.333333
/nfs/cathdata/dompdb/1dehA2 93.333333
/nfs/cathdata/dompdb/1cdoA2 93.333333
/nfs/cathdata/dompdb/1tehA2 93.333333
/nfs/cathdata/dompdb/1agnA2 93.333333
/nfs/cathdata/dompdb/1dih01 93.333333
/nfs/cathdata/dompdb/2pgd01 93.333333
/nfs/cathdata/dompdb/1dpgA1 86.666667
/nfs/cathdata/dompdb/1dbqA1 86.666667
/nfs/cathdata/dompdb/1tlfA1 86.666667
/nfs/cathdata/dompdb/2dri02 93.333333
/nfs/cathdata/dompdb/1gca02 86.666667
/nfs/cathdata/dompdb/2gbp02 93.333333
/nfs/cathdata/dompdb/8abp02 93.333333
/data/pdb_release/all/pdb1ghu.ent 66.666667
/nfs/cathdata/dompdb/1ad5A2 70.000000
/tmp/1ayaA0 70.000000
/tmp/2pldA0 70.000000
/data/pdb_release/all/pdb1svq.ent 86.666667
/data/pdb_release/all/pdb1vil.ent 93.333333
/data/pdb_release/all/pdb1aba.ent 93.333333
/data/pdb_release/all/pdb1ego.ent 86.666667
/tmp/2trxA0 93.333333
/data/pdb_release/all/pdb1thx.ent 93.333333
/data/pdb_release/all/pdb3trx.ent 93.333333
/data/pdb_release/all/pdb1tof.ent 93.333333
/nfs/cathdata/dompdb/1pxtA1 93.333333
/nfs/cathdata/dompdb/1pxtA2 86.666667
/nfs/cathdata/dompdb/2yhx02 86.666667
/nfs/cathdata/dompdb/1dik01 93.333333
/nfs/cathdata/dompdb/2minA3 86.666667
/nfs/cathdata/dompdb/1mioA3 93.333333
/nfs/cathdata/dompdb/2minB2 93.333333
/nfs/cathdata/dompdb/2minB3 93.333333
/nfs/cathdata/dompdb/1mioB2 93.333333
/nfs/cathdata/dompdb/1mioB4 93.333333
/nfs/cathdata/dompdb/2minA2 70.000000
/nfs/cathdata/dompdb/1mioA2 93.333333
/nfs/cathdata/dompdb/2minB1 70.000000
/nfs/cathdata/dompdb/1mioB1 70.000000
/nfs/cathdata/dompdb/1iow01 86.666667
/nfs/cathdata/dompdb/1bncA1 93.333333
/nfs/cathdata/dompdb/3ecaA2 86.666667
/nfs/cathdata/dompdb/1agx02 86.666667
/nfs/cathdata/dompdb/3pga12 86.666667
/nfs/cathdata/dompdb/1pkyA1 93.333333
/nfs/cathdata/dompdb/1pkm01 93.333333
/nfs/cathdata/dompdb/1hsbA1 93.333333
/nfs/cathdata/dompdb/2clrA1 76.666667
/nfs/cathdata/dompdb/1mhcA1 93.333333
/tmp/1tmcA0 93.333333
/nfs/cathdata/dompdb/1fruA1 93.333333
/nfs/cathdata/dompdb/1tssA1 86.666667
/nfs/cathdata/dompdb/1se202 93.333333
/nfs/cathdata/dompdb/1sebD2 86.666667
/nfs/cathdata/dompdb/1esfA2 93.333333
/data/pdb_release/all/pdb1vhh.ent 93.333333
/nfs/cathdata/dompdb/3pmgA4 86.666667
/nfs/cathdata/dompdb/1imbA1 93.333333
/nfs/cathdata/dompdb/5fbpA1 70.000000
/nfs/cathdata/dompdb/1ftaA1 70.000000
/nfs/cathdata/dompdb/1spiA1 93.333333
/nfs/cathdata/dompdb/1inp02 93.333333
/nfs/cathdata/dompdb/1gd1O2 93.333333
/nfs/cathdata/dompdb/4gpd12 86.666667
/nfs/cathdata/dompdb/1cerO2 93.333333
/nfs/cathdata/dompdb/1gadO2 93.333333
/nfs/cathdata/dompdb/1gypA2 93.333333
/nfs/cathdata/dompdb/1hdgO2 93.333333
/data/pdb_release/all/pdb1cia.ent 93.333333
/nfs/cathdata/dompdb/1gal03 93.333333
/nfs/cathdata/dompdb/1dpgA2 73.333333
/data/pdb_release/all/pdb1dpb.ent 86.666667
/data/pdb_release/all/pdb1adn.ent 66.666667
/data/pdb_release/all/pdb2pna.ent 63.333333
/data/pdb_release/all/pdb1ab2.ent 70.000000
/tmp/1shaA0 86.666667
/tmp/1lcjA0 70.000000
/tmp/1csyA0 70.000000
/data/pdb_release/all/pdb1blj.ent 70.000000
/data/pdb_release/all/pdb1fim.ent 86.666667
/tmp/1mifA0 86.666667
/tmp/1kptA0 93.333333
/nfs/cathdata/dompdb/1dja01 93.333333
/nfs/cathdata/dompdb/1mblA1 70.000000
/nfs/cathdata/dompdb/1btl01 70.000000
/data/pdb_release/all/pdb2phy.ent 70.000000
/data/pdb_release/all/pdb1fil.ent 70.000000
/data/pdb_release/all/pdb1pne.ent 73.333333
/data/pdb_release/all/pdb1acf.ent 70.000000
/data/pdb_release/all/pdb2acg.ent 70.000000
/data/pdb_release/all/pdb1cqa.ent 93.333333
/nfs/cathdata/dompdb/1pnkB1 73.333333
/nfs/cathdata/dompdb/1oacA1 70.000000
/tmp/1otgA0 70.000000
/nfs/cathdata/dompdb/1ami02 93.333333
/nfs/cathdata/dompdb/1bpb02 93.333333
/nfs/cathdata/dompdb/9icwA3 86.666667
/nfs/cathdata/dompdb/1daaA1 93.333333
/nfs/cathdata/dompdb/1iov02 93.333333
/nfs/cathdata/dompdb/1glt02 93.333333
/tmp/1gtqA0 86.666667
/nfs/cathdata/dompdb/1bia02 93.333333
/nfs/cathdata/dompdb/1antI2 93.333333
/nfs/cathdata/dompdb/1hleA2 93.333333
/nfs/cathdata/dompdb/1ovaA2 100.000000
/nfs/cathdata/dompdb/2achA1 93.333333
/nfs/cathdata/dompdb/7apiA2 93.333333
/nfs/cathdata/dompdb/1pnkB2 70.000000
/nfs/cathdata/dompdb/1ami03 93.333333
/nfs/cathdata/dompdb/1hocA1 93.333333
/nfs/cathdata/dompdb/1hsaA1 93.333333
/nfs/cathdata/dompdb/1vaaA1 93.333333
/nfs/cathdata/dompdb/1dik06 70.000000
/nfs/cathdata/dompdb/1mdl01 70.000000
/nfs/cathdata/dompdb/4enl01 70.000000
/nfs/cathdata/dompdb/1pdz01 63.333333
/nfs/cathdata/dompdb/1nhp03 93.333333
/nfs/cathdata/dompdb/3ladA3 93.333333
/nfs/cathdata/dompdb/1lpfA3 93.333333
/nfs/cathdata/dompdb/1lvl03 93.333333
/nfs/cathdata/dompdb/1ebdA3 93.333333
/nfs/cathdata/dompdb/1tytA3 93.333333
/nfs/cathdata/dompdb/1gesA3 93.333333
/nfs/cathdata/dompdb/3grs03 93.333333
/nfs/cathdata/dompdb/1irk01 93.333333
/nfs/cathdata/dompdb/1apmE2 73.333333
/nfs/cathdata/dompdb/1ckiA1 86.666667
/nfs/cathdata/dompdb/1csn01 86.666667
/nfs/cathdata/dompdb/1coy02 93.333333
/nfs/cathdata/dompdb/1rthA4 93.333333
/tmp/1hrhA0 86.666667
/data/pdb_release/all/pdb2rn2.ent 93.333333
/data/pdb_release/all/pdb1ril.ent 93.333333
/tmp/1hjrA0 86.666667
/data/pdb_release/all/pdb1itg.ent 93.333333
/data/pdb_release/all/pdb1asu.ent 93.333333
/nfs/cathdata/dompdb/1bcmA1 86.666667
/nfs/cathdata/dompdb/1atr03 93.333333
/nfs/cathdata/dompdb/1atnA2 76.666667
/nfs/cathdata/dompdb/2btfA2 76.666667
/nfs/cathdata/dompdb/2yhx03 93.333333
/nfs/cathdata/dompdb/1atr01 93.333333
/nfs/cathdata/dompdb/1mngA2 76.666667
/nfs/cathdata/dompdb/3sdpA2 43.333333
/tmp/1kpaA0 93.333333
/nfs/cathdata/dompdb/1bpb03 66.666667
/nfs/cathdata/dompdb/1pkp02 93.333333
/nfs/cathdata/dompdb/1dar04 93.333333
/tmp/1copD0 70.000000
/data/pdb_release/all/pdb1orc.ent 70.000000
/nfs/cathdata/dompdb/2reb02 70.000000
/nfs/cathdata/dompdb/1derA2 70.000000
/tmp/1iceB0 70.000000
/tmp/2kauA0 66.666667
/nfs/cathdata/dompdb/1gpmA3 93.333333
/nfs/cathdata/dompdb/1mxa03 93.333333
/nfs/cathdata/dompdb/1mxa01 93.333333
/nfs/cathdata/dompdb/1mxa02 93.333333
/nfs/cathdata/dompdb/1xrb02 93.333333
/nfs/cathdata/dompdb/1ytbA2 100.000000
/nfs/cathdata/dompdb/1tghA2 93.333333
/nfs/cathdata/dompdb/1vokA2 93.333333
/nfs/cathdata/dompdb/1tbpA1 93.333333
/nfs/cathdata/dompdb/1tghA1 93.333333
/nfs/cathdata/dompdb/1vokA1 93.333333
/nfs/cathdata/dompdb/1pczA1 93.333333
/nfs/cathdata/dompdb/1pczA2 93.333333
/nfs/cathdata/dompdb/1bmc02 86.666667
/nfs/cathdata/dompdb/1sebA1 70.000000
/nfs/cathdata/dompdb/1sebB1 70.000000
/tmp/2sicI0 93.333333
/nfs/cathdata/dompdb/1dih02 86.666667
/tmp/1brsD0 70.000000
/data/pdb_release/all/pdb1msc.ent 70.000000
/tmp/1unaA0 70.000000
/nfs/cathdata/dompdb/1chkA2 70.000000
/nfs/cathdata/dompdb/1svb03 70.000000
/nfs/cathdata/dompdb/1oacA4 70.000000
/tmp/1latA0 70.000000
/tmp/2nllA0 43.333333
/tmp/2nllB0 46.666667
/data/pdb_release/all/pdb1tns.ent 46.666667
/data/pdb_release/all/pdb1ife.ent 60.000000
/data/pdb_release/all/pdb1tig.ent 86.666667
/nfs/cathdata/dompdb/1hpm04 70.000000
/nfs/cathdata/dompdb/1bncA2 93.333333
/nfs/cathdata/dompdb/1iow03 86.666667
/nfs/cathdata/dompdb/1glt03 93.333333
/tmp/1humA0 70.000000
/tmp/1hrjA0 53.333333
/tmp/1domA0 60.000000
/tmp/1plfA0 66.666667
/tmp/1mgsA0 66.666667
/data/pdb_release/all/pdb3il8.ent 66.666667
/tmp/1rhpA0 63.333333
/tmp/1napA0 66.666667
/tmp/1rodA0 70.000000
/data/pdb_release/all/pdb1stu.ent 63.333333
/nfs/cathdata/dompdb/1pkp01 63.333333
/nfs/cathdata/dompdb/1pda03 63.333333
/data/pdb_release/all/pdb1ncs.ent 66.666667
/tmp/1cksA0 43.333333
/tmp/1sceA0 43.333333
/tmp/1dktA0 100.000000
/tmp/1rblM0 100.000000
/tmp/3rubS0 86.666667
/tmp/8rubS0 93.333333
/tmp/8rucI0 93.333333
/tmp/1burS0 93.333333
/nfs/cathdata/dompdb/1amg02 70.000000
/nfs/cathdata/dompdb/1amy02 70.000000
/data/pdb_release/all/pdb1zer.ent 93.333333
/data/pdb_release/all/pdb1aps.ent 86.666667
/tmp/2bopA0 93.333333
/data/pdb_release/all/pdb2pii.ent 86.666667
/tmp/2chsA0 93.333333
/nfs/cathdata/dompdb/8atcB1 93.333333
/nfs/cathdata/dompdb/2atcB1 33.333333
/tmp/1nhkL0 76.666667
/data/pdb_release/all/pdb1ndk.ent 70.000000
/tmp/1nsqA0 76.666667
/tmp/1nskL0 70.000000
/nfs/cathdata/dompdb/1rbaA1 93.333333
/nfs/cathdata/dompdb/3rubL1 86.666667
/nfs/cathdata/dompdb/8rucA1 86.666667
/nfs/cathdata/dompdb/1rblA1 86.666667
/nfs/cathdata/dompdb/1ars01 86.666667
/nfs/cathdata/dompdb/7aatA1 86.666667
/nfs/cathdata/dompdb/2cstA1 86.666667
/nfs/cathdata/dompdb/1ordA3 93.333333
/nfs/cathdata/dompdb/2dkb01 93.333333
/nfs/cathdata/dompdb/1tplA1 70.000000
/tmp/1dcoA0 86.666667
/data/pdb_release/all/pdb1vig.ent 70.000000
/tmp/1xxaA0 93.333333
/nfs/cathdata/dompdb/1bgw04 93.333333
/nfs/cathdata/dompdb/1dar05 93.333333
/nfs/cathdata/dompdb/1mla01 93.333333
/nfs/cathdata/dompdb/1psdA3 93.333333
/nfs/cathdata/dompdb/1dloA2 86.666667
/nfs/cathdata/dompdb/1mml02 93.333333
/tmp/1gluA0 43.333333
/data/pdb_release/all/pdb1hra.ent 43.333333
/tmp/1hcqA0 63.333333
/nfs/cathdata/dompdb/1bgw01 93.333333
/data/pdb_release/all/pdb1nef.ent 70.000000
/tmp/1efnB0 70.000000
/nfs/cathdata/dompdb/1gky01 93.333333
/nfs/cathdata/dompdb/1yua01 66.666667
/data/pdb_release/all/pdb1vcc.ent 93.333333
/nfs/cathdata/dompdb/1svb02 70.000000
/nfs/cathdata/dompdb/1yua02 66.666667
/tmp/1otfA0 93.333333
/data/pdb_release/all/pdb1cbn.ent 36.666667
/data/pdb_release/all/pdb1bhp.ent 70.000000
/data/pdb_release/all/pdb2plh.ent 70.000000
/data/pdb_release/all/pdb1fdx.ent 33.333333
/data/pdb_release/all/pdb1clf.ent 43.333333
/data/pdb_release/all/pdb1fca.ent 100.000000
/data/pdb_release/all/pdb1fdn.ent 86.666667
/data/pdb_release/all/pdb1blu.ent 86.666667
/data/pdb_release/all/pdb1fxd.ent 86.666667
/data/pdb_release/all/pdb2fxb.ent 93.333333
/tmp/1fxrA0 93.333333
/data/pdb_release/all/pdb1rof.ent 33.333333
/data/pdb_release/all/pdb5fd1.ent 93.333333
/data/pdb_release/all/pdb1fwp.ent 93.333333
/data/pdb_release/all/pdb1sxl.ent 86.666667
/data/pdb_release/all/pdb1fht.ent 93.333333
/data/pdb_release/all/pdb1pba.ent 93.333333
/data/pdb_release/all/pdb1ris.ent 86.666667
/data/pdb_release/all/pdb1ctf.ent 86.666667
/tmp/1spbP0 93.333333
/data/pdb_release/all/pdb1ptf.ent 86.666667
/data/pdb_release/all/pdb1poh.ent 86.666667
/data/pdb_release/all/pdb2hpr.ent 86.666667
/data/pdb_release/all/pdb1pch.ent 86.666667
/data/pdb_release/all/pdb1sxm.ent 66.666667
/data/pdb_release/all/pdb2sn3.ent 66.666667
/data/pdb_release/all/pdb1vna.ent 86.666667
/data/pdb_release/all/pdb1nra.ent 86.666667
/data/pdb_release/all/pdb1ptx.ent 93.333333
/data/pdb_release/all/pdb1lqh.ent 86.666667
/data/pdb_release/all/pdb1snb.ent 93.333333
/data/pdb_release/all/pdb1gps.ent 93.333333
/data/pdb_release/all/pdb1gpt.ent 93.333333
/data/pdb_release/all/pdb1chc.ent 53.333333
/data/pdb_release/all/pdb1caa.ent 70.000000
/data/pdb_release/all/pdb1iro.ent 36.666667
/data/pdb_release/all/pdb1rdg.ent 43.333333
/data/pdb_release/all/pdb4rxn.ent 36.666667
/data/pdb_release/all/pdb6rxn.ent 43.333333
/tmp/8rxnA0 43.333333
/tmp/1gatA0 60.000000
/data/pdb_release/all/pdb1bus.ent 33.333333
/data/pdb_release/all/pdb2ovo.ent 100.000000
/data/pdb_release/all/pdb3ovo.ent 93.333333
/nfs/cathdata/dompdb/1tbrR1 100.000000
/nfs/cathdata/dompdb/1tbrR2 86.666667
/data/pdb_release/all/pdb1ptq.ent 66.666667
/nfs/cathdata/dompdb/9wgaA1 33.333333
/nfs/cathdata/dompdb/9wgaA2 33.333333
/nfs/cathdata/dompdb/9wgaA3 33.333333
/nfs/cathdata/dompdb/9wgaA4 33.333333
/nfs/cathdata/dompdb/2cwgA2 33.333333
/nfs/cathdata/dompdb/1wgtA3 33.333333
/tmp/1tgsI0 93.333333
/tmp/1cgiI0 93.333333
/data/pdb_release/all/pdb1pce.ent 93.333333
/data/pdb_release/all/pdb1hev.ent 33.333333
/data/pdb_release/all/pdb2alr.ent 93.333333
/data/pdb_release/all/pdb1frb.ent 93.333333
/nfs/cathdata/dompdb/1rlcL2 93.333333
/nfs/cathdata/dompdb/1rblA2 93.333333
/nfs/cathdata/dompdb/1rbaA2 93.333333
/nfs/cathdata/dompdb/1oneA2 93.333333
/nfs/cathdata/dompdb/1pdz02 93.333333
/tmp/1chrA0 93.333333
/tmp/1mucA0 93.333333
/data/pdb_release/all/pdb2mnr.ent 93.333333
/nfs/cathdata/dompdb/1mdr02 93.333333
/data/pdb_release/all/pdb1gox.ent 93.333333
/tmp/1fcbB0 93.333333
/nfs/cathdata/dompdb/2tmdA1 93.333333
/data/pdb_release/all/pdb1oya.ent 93.333333
/data/pdb_release/all/pdb1add.ent 93.333333
/data/pdb_release/all/pdb1pta.ent 93.333333
/data/pdb_release/all/pdb1xis.ent 93.333333
/tmp/1ximA0 93.333333
/tmp/1xlaA0 86.666667
/tmp/1dxiA0 93.333333
/data/pdb_release/all/pdb1dtp.ent 93.333333
/tmp/1dmaA0 93.333333
/nfs/cathdata/dompdb/1dik04 93.333333
/nfs/cathdata/dompdb/1kauC2 93.333333
/nfs/cathdata/dompdb/1aa8A2 93.333333
/tmp/1hymA0 33.333333
/tmp/1cseI0 60.000000
/tmp/1ypcI0 60.000000
/data/pdb_release/all/pdb1cis.ent 66.666667
/data/pdb_release/all/pdb1mit.ent 76.666667
/nfs/cathdata/dompdb/2baa02 33.333333
/data/pdb_release/all/pdb1ica.ent 33.333333
/data/pdb_release/all/pdb1cnv.ent 93.333333
/tmp/1xyzA0 86.666667
/data/pdb_release/all/pdb1exp.ent 93.333333
/tmp/1clxA0 93.333333
/data/pdb_release/all/pdb2ebn.ent 93.333333
/data/pdb_release/all/pdb1edt.ent 93.333333
/nfs/cathdata/dompdb/1ctn02 86.666667
/data/pdb_release/all/pdb1cec.ent 93.333333
/tmp/1ghsA0 93.333333
/data/pdb_release/all/pdb1ghr.ent 93.333333
/data/pdb_release/all/pdb1cbg.ent 93.333333
/nfs/cathdata/dompdb/1amg01 86.666667
/nfs/cathdata/dompdb/1amy01 93.333333
/nfs/cathdata/dompdb/2aaa01 93.333333
/nfs/cathdata/dompdb/2taaA1 93.333333
/nfs/cathdata/dompdb/1ppi01 93.333333
/data/pdb_release/all/pdb1hny.ent 93.333333
/nfs/cathdata/dompdb/1cgt01 93.333333
/nfs/cathdata/dompdb/1cdg01 93.333333
/nfs/cathdata/dompdb/1cyg01 93.333333
/nfs/cathdata/dompdb/1ciu01 93.333333
/nfs/cathdata/dompdb/1pamA1 93.333333
/data/pdb_release/all/pdb1btc.ent 93.333333
/nfs/cathdata/dompdb/1bglA3 86.666667
/tmp/1pbgA0 93.333333
/tmp/1tpfA0 93.333333
/tmp/1ypiA0 93.333333
/tmp/1timA0 93.333333
/tmp/1treA0 93.333333
/tmp/1htiA0 93.333333
/tmp/1btmA0 93.333333
/data/pdb_release/all/pdb1ads.ent 93.333333
/data/pdb_release/all/pdb1ral.ent 93.333333
/nfs/cathdata/dompdb/1csbB2 93.333333
/nfs/cathdata/dompdb/1bmc01 93.333333
/nfs/cathdata/dompdb/1ezm01 86.666667
/nfs/cathdata/dompdb/1esp01 93.333333
/nfs/cathdata/dompdb/2tmnE1 93.333333
/nfs/cathdata/dompdb/1dhy01 93.333333
/nfs/cathdata/dompdb/1han01 93.333333
/nfs/cathdata/dompdb/1dhy02 93.333333
/nfs/cathdata/dompdb/1han02 93.333333
/data/pdb_release/all/pdb1std.ent 93.333333
/data/pdb_release/all/pdb2cba.ent 93.333333
/data/pdb_release/all/pdb1crm.ent 93.333333
/tmp/1dmxA0 93.333333
/nfs/cathdata/dompdb/1bncA3 93.333333
/nfs/cathdata/dompdb/1daaA2 93.333333
/data/pdb_release/all/pdb1gym.ent 93.333333
/nfs/cathdata/dompdb/1ami04 93.333333
/tmp/1fvpA0 86.666667
/data/pdb_release/all/pdb1nfp.ent 93.333333
/tmp/1brlB0 93.333333
/tmp/1lucA0 93.333333
/data/pdb_release/all/pdb1tml.ent 93.333333
/nfs/cathdata/dompdb/1pii02 93.333333
/nfs/cathdata/dompdb/1pii01 93.333333
/data/pdb_release/all/pdb1igs.ent 93.333333
/tmp/1wsyA0 93.333333
/nfs/cathdata/dompdb/1pkm02 86.666667
/nfs/cathdata/dompdb/1pkyA2 93.333333
/tmp/1nal10 93.333333
/tmp/1fbaA0 93.333333
/data/pdb_release/all/pdb1ald.ent 93.333333
/data/pdb_release/all/pdb1nar.ent 93.333333
/data/pdb_release/all/pdb2hvm.ent 93.333333
/data/pdb_release/all/pdb1fkb.ent 100.000000
/data/pdb_release/all/pdb1yat.ent 93.333333
/data/pdb_release/all/pdb1pbk.ent 93.333333
/data/pdb_release/all/pdb1rot.ent 93.333333
/nfs/cathdata/dompdb/1hmy02 70.000000
/tmp/2msbA0 70.000000
/data/pdb_release/all/pdb1hup.ent 70.000000
/tmp/1rtm10 70.000000
/tmp/1rdl10 76.666667
/data/pdb_release/all/pdb1aak.ent 63.333333
/data/pdb_release/all/pdb2uce.ent 70.000000
/data/pdb_release/all/pdb1ucz.ent 70.000000
/tmp/1u9aA0 70.000000
/nfs/cathdata/dompdb/1fcbA1 73.333333
/data/pdb_release/all/pdb1b5m.ent 70.000000
/data/pdb_release/all/pdb1iet.ent 60.000000
/data/pdb_release/all/pdb1cyo.ent 66.666667
/tmp/1mkaA0 93.333333
/data/pdb_release/all/pdb1onc.ent 93.333333
/data/pdb_release/all/pdb7rsa.ent 93.333333
/tmp/1bsrA0 93.333333
/data/pdb_release/all/pdb1ang.ent 93.333333
/data/pdb_release/all/pdb1agi.ent 93.333333
/nfs/cathdata/dompdb/1hpm02 70.000000
/nfs/cathdata/dompdb/2polA3 93.333333
/nfs/cathdata/dompdb/2polA2 93.333333
/nfs/cathdata/dompdb/2polA1 93.333333
/nfs/cathdata/dompdb/9pap01 93.333333
/nfs/cathdata/dompdb/1aec01 86.666667
/nfs/cathdata/dompdb/1gecE1 86.666667
/nfs/cathdata/dompdb/1ppo01 93.333333
/nfs/cathdata/dompdb/1yal01 86.666667
/nfs/cathdata/dompdb/1theA1 70.000000
/data/pdb_release/all/pdb1pgb.ent 93.333333
/data/pdb_release/all/pdb2igg.ent 86.666667
/data/pdb_release/all/pdb3fxc.ent 93.333333
/tmp/1frrA0 93.333333
/tmp/1fxiA0 93.333333
/tmp/1fxaA0 93.333333
/data/pdb_release/all/pdb1frd.ent 93.333333
/data/pdb_release/all/pdb1dox.ent 60.000000
/data/pdb_release/all/pdb1cjn.ent 93.333333
/data/pdb_release/all/pdb1doi.ent 93.333333
/data/pdb_release/all/pdb1put.ent 93.333333
/nfs/cathdata/dompdb/2pia03 93.333333
/data/pdb_release/all/pdb1ubi.ent 86.666667
/nfs/cathdata/dompdb/1lgr02 93.333333
/data/pdb_release/all/pdb1tif.ent 93.333333
/data/pdb_release/all/pdb1rfa.ent 93.333333
/tmp/1molA0 86.666667
/tmp/1stfI0 70.000000
/data/pdb_release/all/pdb1cyu.ent 93.333333
/tmp/1cewI0 93.333333
/tmp/1udiI0 93.333333
/data/pdb_release/all/pdb1fus.ent 93.333333
/data/pdb_release/all/pdb9rnt.ent 93.333333
/data/pdb_release/all/pdb1rds.ent 93.333333
/tmp/1gmpA0 93.333333
/tmp/1brnL0 70.000000
/tmp/2rbiA0 76.666667
/nfs/cathdata/dompdb/1oacA2 93.333333
/nfs/cathdata/dompdb/1prtB1 66.666667
/nfs/cathdata/dompdb/1prtC1 70.000000
/nfs/cathdata/dompdb/1ctn03 93.333333
/nfs/cathdata/dompdb/1gtrA3 76.666667
/nfs/cathdata/dompdb/1grj02 93.333333
/data/pdb_release/all/pdb1tsp.ent 86.666667
/nfs/cathdata/dompdb/1dhx01 66.666667
/nfs/cathdata/dompdb/2psg01 93.333333
/nfs/cathdata/dompdb/1mpp01 100.000000
/nfs/cathdata/dompdb/1bbs01 93.333333
/nfs/cathdata/dompdb/4cms01 93.333333
/nfs/cathdata/dompdb/1smrA1 93.333333
/nfs/cathdata/dompdb/1epmE1 100.000000
/nfs/cathdata/dompdb/1pplE1 100.000000
/nfs/cathdata/dompdb/2apr01 93.333333
/nfs/cathdata/dompdb/1psoE1 93.333333
/nfs/cathdata/dompdb/1htrB1 93.333333
/nfs/cathdata/dompdb/1jxrA1 100.000000
/nfs/cathdata/dompdb/2asi01 76.666667
/nfs/cathdata/dompdb/1smeA1 100.000000
/nfs/cathdata/dompdb/1epmE2 93.333333
/nfs/cathdata/dompdb/1pplE2 93.333333
/nfs/cathdata/dompdb/1mpp02 93.333333
/nfs/cathdata/dompdb/2asi02 93.333333
/nfs/cathdata/dompdb/2apr02 93.333333
/nfs/cathdata/dompdb/1psaA2 93.333333
/nfs/cathdata/dompdb/1lyaB2 93.333333
/nfs/cathdata/dompdb/1rne02 93.333333
/nfs/cathdata/dompdb/1cms02 93.333333
/nfs/cathdata/dompdb/1smrA2 100.000000
/nfs/cathdata/dompdb/1psoE2 93.333333
/nfs/cathdata/dompdb/1htrB2 93.333333
/nfs/cathdata/dompdb/1jxrA2 93.333333
/data/pdb_release/all/pdb2cas.ent 100.000000
/nfs/cathdata/dompdb/1rthA1 100.000000
/data/pdb_release/all/pdb1har.ent 93.333333
/nfs/cathdata/dompdb/1mml01 93.333333
/data/pdb_release/all/pdb1pgx.ent 93.333333
/data/pdb_release/all/pdb4fgf.ent 70.000000
/tmp/1afgA0 70.000000
/data/pdb_release/all/pdb1i1b.ent 70.000000
/data/pdb_release/all/pdb8i1b.ent 70.000000
/tmp/1ilr10 70.000000
/data/pdb_release/all/pdb1hcd.ent 70.000000
/data/pdb_release/all/pdb1tie.ent 70.000000
/data/pdb_release/all/pdb1wbc.ent 93.333333
/nfs/cathdata/dompdb/2aaiB2 70.000000
/nfs/cathdata/dompdb/1abrB2 70.000000
/nfs/cathdata/dompdb/2aaiB1 70.000000
/nfs/cathdata/dompdb/1abrB1 70.000000
/tmp/1msaA0 70.000000
/nfs/cathdata/dompdb/1dlc03 100.000000
/tmp/1vmoA0 76.666667
/data/pdb_release/all/pdb1hxn.ent 93.333333
/nfs/cathdata/dompdb/1fbl02 93.333333
/data/pdb_release/all/pdb1rtg.ent 93.333333
/data/pdb_release/all/pdb1pex.ent 93.333333
/data/pdb_release/all/pdb2nn9.ent 93.333333
/data/pdb_release/all/pdb2bat.ent 93.333333
/tmp/1nscA0 70.000000
/data/pdb_release/all/pdb1inv.ent 70.000000
/data/pdb_release/all/pdb1sim.ent 86.666667
/tmp/2bbkH0 86.666667
/tmp/1mdaH0 93.333333
/tmp/2madH0 0.000000
/nfs/cathdata/dompdb/1gof02 93.333333
/tmp/3aahA0 93.333333
/nfs/cathdata/dompdb/1kapP1 93.333333
/nfs/cathdata/dompdb/1sat01 93.333333
/nfs/cathdata/dompdb/1lxa01 66.666667
/data/pdb_release/all/pdb2pec.ent 93.333333
/nfs/cathdata/dompdb/2taaA2 70.000000
/nfs/cathdata/dompdb/1ppi02 70.000000
/nfs/cathdata/dompdb/1bvp12 76.666667
/data/pdb_release/all/pdb1bcx.ent 100.000000
/tmp/1enxA0 93.333333
/data/pdb_release/all/pdb1xnd.ent 93.333333
/data/pdb_release/all/pdb1xyn.ent 93.333333
/data/pdb_release/all/pdb1yna.ent 100.000000
/tmp/2pcdA0 70.000000
/tmp/2pcdM0 93.333333
/nfs/cathdata/dompdb/1dlc02 70.000000
/nfs/cathdata/dompdb/1ciy03 70.000000
/nfs/cathdata/dompdb/1ddt03 70.000000
/tmp/1gff10 76.666667
/tmp/2bpa10 100.000000
/data/pdb_release/all/pdb1jbc.ent 70.000000
/data/pdb_release/all/pdb2cna.ent 93.333333
/nfs/cathdata/dompdb/1dhx04 93.333333
/tmp/4htcI0 43.333333
/data/pdb_release/all/pdb1hic.ent 70.000000
/nfs/cathdata/dompdb/1ecl03 93.333333
/data/pdb_release/all/pdb1htp.ent 93.333333
/tmp/1dupA0 100.000000
/nfs/cathdata/dompdb/1ggtA1 93.333333
/tmp/1tsrA0 93.333333
/data/pdb_release/all/pdb1gpr.ent 93.333333
/data/pdb_release/all/pdb1f3g.ent 93.333333
/nfs/cathdata/dompdb/1aozA3 93.333333
/nfs/cathdata/dompdb/1oacA3 93.333333
/nfs/cathdata/dompdb/1bglA5 93.333333
/nfs/cathdata/dompdb/1bglA1 93.333333
/tmp/1celA0 93.333333
/tmp/1afcA0 70.000000
/tmp/2plv20 93.333333
/tmp/1rhi20 93.333333
/data/pdb_release/all/pdb1pov.ent 100.000000
/tmp/1bmv10 93.333333
/tmp/4sbvA0 93.333333
/tmp/1smvA0 93.333333
/tmp/2tbvA0 86.666667
/tmp/2bbvA0 100.000000
/tmp/1bmv20 93.333333
/tmp/1tnfA0 76.666667
/tmp/1tnrA0 70.000000
/tmp/1hlcA0 70.000000
/tmp/1sltA0 70.000000
/tmp/2ltnA0 70.000000
/tmp/1lenA0 70.000000
/tmp/1lgcA0 70.000000
/data/pdb_release/all/pdb1lte.ent 93.333333
/data/pdb_release/all/pdb1sba.ent 70.000000
/data/pdb_release/all/pdb1gsl.ent 93.333333
/tmp/2pelA0 93.333333
/tmp/1fatA0 93.333333
/tmp/1ioaA0 100.000000
/tmp/1sacA0 93.333333
/tmp/1gnhA0 93.333333
/data/pdb_release/all/pdb2ayh.ent 93.333333
/data/pdb_release/all/pdb1cpm.ent 93.333333
/data/pdb_release/all/pdb1gbg.ent 93.333333
/nfs/cathdata/dompdb/1cgt02 70.000000
/nfs/cathdata/dompdb/1cdg02 70.000000
/nfs/cathdata/dompdb/1cyg02 70.000000
/nfs/cathdata/dompdb/1ciu02 70.000000
/nfs/cathdata/dompdb/1pamA2 70.000000
/nfs/cathdata/dompdb/2aaa02 70.000000
/nfs/cathdata/dompdb/1pnf02 76.666667
/data/pdb_release/all/pdb1knb.ent 70.000000
/tmp/1sluA0 70.000000
/nfs/cathdata/dompdb/1lla02 93.333333
/nfs/cathdata/dompdb/1svb01 70.000000
/data/pdb_release/all/pdb1cyw.ent 70.000000
/nfs/cathdata/dompdb/1hcz01 93.333333
/data/pdb_release/all/pdb1thw.ent 76.666667
/tmp/1cauB0 93.333333
/nfs/cathdata/dompdb/2phlA3 70.000000
/nfs/cathdata/dompdb/2phlA2 93.333333
/data/pdb_release/all/pdb2stv.ent 70.000000
/tmp/1bbt10 93.333333
/tmp/1pov10 93.333333
/tmp/1pvc10 93.333333
/tmp/1r0910 93.333333
/tmp/1rhi10 93.333333
/tmp/1tme10 93.333333
/tmp/2mev10 93.333333
/tmp/2bpa20 70.000000
/tmp/1gff20 76.666667
/tmp/1bbt30 93.333333
/tmp/1tme30 100.000000
/tmp/2mev30 100.000000
/tmp/1r0930 100.000000
/tmp/1pov30 100.000000
/tmp/1pvc30 100.000000
/tmp/1rhi30 100.000000
/tmp/1bbt20 93.333333
/tmp/1tme20 93.333333
/tmp/2mev20 93.333333
/tmp/1r0920 93.333333
/tmp/1pvc20 93.333333
/data/pdb_release/all/pdb1arn.ent 93.333333
/tmp/1aizA0 93.333333
/data/pdb_release/all/pdb1aaj.ent 70.000000
/nfs/cathdata/dompdb/1aozA1 70.000000
/nfs/cathdata/dompdb/1aozA2 93.333333
/nfs/cathdata/dompdb/1gof03 70.000000
/nfs/cathdata/dompdb/1nif01 93.333333
/nfs/cathdata/dompdb/1afnA1 93.333333
/nfs/cathdata/dompdb/1nif02 93.333333
/nfs/cathdata/dompdb/1ntd02 93.333333
/tmp/1eta10 93.333333
/tmp/1tfpA0 70.000000
/tmp/1sxaA0 86.666667
/tmp/1srdA0 70.000000
/data/pdb_release/all/pdb1jcv.ent 93.333333
/tmp/1sosA0 86.666667
/tmp/1xsoA0 86.666667
/data/pdb_release/all/pdb1akp.ent 76.666667
/data/pdb_release/all/pdb1acx.ent 70.000000
/data/pdb_release/all/pdb1noa.ent 70.000000
/data/pdb_release/all/pdb2mcm.ent 70.000000
/nfs/cathdata/dompdb/1clc01 70.000000
/nfs/cathdata/dompdb/1ctn01 93.333333
/data/pdb_release/all/pdb1exg.ent 70.000000
/nfs/cathdata/dompdb/1bglA4 70.000000
/nfs/cathdata/dompdb/1bglA2 70.000000
/nfs/cathdata/dompdb/1svcP3 76.666667
/nfs/cathdata/dompdb/1svb04 63.333333
/nfs/cathdata/dompdb/1gof01 70.000000
/nfs/cathdata/dompdb/2sblB1 70.000000
/nfs/cathdata/dompdb/1hplA2 70.000000
/nfs/cathdata/dompdb/1lpbB2 70.000000
/nfs/cathdata/dompdb/1pgs01 70.000000
/data/pdb_release/all/pdb1ten.ent 70.000000
/nfs/cathdata/dompdb/1fnf01 63.333333
/nfs/cathdata/dompdb/1fnf02 70.000000
/nfs/cathdata/dompdb/1fnf03 70.000000
/nfs/cathdata/dompdb/1cfb01 70.000000
/nfs/cathdata/dompdb/1cfb02 66.666667
/tmp/1wapA0 70.000000
/data/pdb_release/all/pdb1ncg.ent 70.000000
/data/pdb_release/all/pdb1suh.ent 70.000000
/nfs/cathdata/dompdb/1ggtA4 63.333333
/nfs/cathdata/dompdb/1cgt04 70.000000
/nfs/cathdata/dompdb/1cdg04 70.000000
/nfs/cathdata/dompdb/1cyg04 70.000000
/data/pdb_release/all/pdb1kul.ent 63.333333
/nfs/cathdata/dompdb/1ciu04 70.000000
/nfs/cathdata/dompdb/1pamA4 76.666667
/nfs/cathdata/dompdb/1cgt03 70.000000
/nfs/cathdata/dompdb/1cdg03 70.000000
/nfs/cathdata/dompdb/1cyg03 70.000000
/nfs/cathdata/dompdb/1ciu03 70.000000
/nfs/cathdata/dompdb/1pamA3 70.000000
/data/pdb_release/all/pdb1rsy.ent 86.666667
/data/pdb_release/all/pdb1plc.ent 93.333333
/data/pdb_release/all/pdb9pcy.ent 70.000000
/data/pdb_release/all/pdb2plt.ent 93.333333
/data/pdb_release/all/pdb7pcy.ent 86.666667
/data/pdb_release/all/pdb1pla.ent 70.000000
/data/pdb_release/all/pdb1nin.ent 63.333333
/data/pdb_release/all/pdb1paz.ent 76.666667
/data/pdb_release/all/pdb1pmy.ent 76.666667
/data/pdb_release/all/pdb1zia.ent 70.000000
/tmp/1adwA0 70.000000
/tmp/1vlxA0 93.333333
/nfs/cathdata/dompdb/1vgeH1 70.000000
/nfs/cathdata/dompdb/1yuhB1 70.000000
/nfs/cathdata/dompdb/1clyH1 70.000000
/nfs/cathdata/dompdb/1kelH1 70.000000
/nfs/cathdata/dompdb/1nldH1 93.333333
/nfs/cathdata/dompdb/1ghfH1 70.000000
/nfs/cathdata/dompdb/1ospH1 70.000000
/nfs/cathdata/dompdb/1mimH1 76.666667
/nfs/cathdata/dompdb/1cloH1 70.000000
/nfs/cathdata/dompdb/1plgL1 70.000000
/nfs/cathdata/dompdb/1ghfL1 70.000000
/nfs/cathdata/dompdb/1clzL1 70.000000
/nfs/cathdata/dompdb/1kelL1 76.666667
/nfs/cathdata/dompdb/1gafL1 76.666667
/nfs/cathdata/dompdb/1iaiL1 76.666667
/nfs/cathdata/dompdb/1aifA1 70.000000
/nfs/cathdata/dompdb/1vgeL1 70.000000
/nfs/cathdata/dompdb/1nldL1 76.666667
/nfs/cathdata/dompdb/1ospL1 76.666667
/nfs/cathdata/dompdb/1mimL1 70.000000
/nfs/cathdata/dompdb/1lilA1 70.000000
/nfs/cathdata/dompdb/1cloL1 76.666667
/nfs/cathdata/dompdb/1bec01 70.000000
/nfs/cathdata/dompdb/1tcrB1 70.000000
/data/pdb_release/all/pdb1tit.ent 70.000000
/data/pdb_release/all/pdb1cid.ent 76.666667
/data/pdb_release/all/pdb3cd4.ent 76.666667
/data/pdb_release/all/pdb1hoe.ent 70.000000
/nfs/cathdata/dompdb/3hhrB1 70.000000
/nfs/cathdata/dompdb/3hhrB2 70.000000
/nfs/cathdata/dompdb/1fieA3 93.333333
/nfs/cathdata/dompdb/1hft01 93.333333
/data/pdb_release/all/pdb1ttf.ent 63.333333
/nfs/cathdata/dompdb/1hilA1 70.000000
/nfs/cathdata/dompdb/1ggbL1 70.000000
/nfs/cathdata/dompdb/1gigL1 70.000000
/nfs/cathdata/dompdb/1mfeL1 70.000000
/nfs/cathdata/dompdb/1igfL1 70.000000
/nfs/cathdata/dompdb/1lmkA2 70.000000
/nfs/cathdata/dompdb/1mcbA1 70.000000
/nfs/cathdata/dompdb/1mlbA1 70.000000
/nfs/cathdata/dompdb/3hfmL1 76.666667
/nfs/cathdata/dompdb/1opgL1 70.000000
/nfs/cathdata/dompdb/1ncaL1 70.000000
/nfs/cathdata/dompdb/1tetL1 70.000000
/nfs/cathdata/dompdb/2fb4L1 76.666667
/nfs/cathdata/dompdb/2fbjL1 70.000000
/nfs/cathdata/dompdb/6fabL1 70.000000
/nfs/cathdata/dompdb/7fabL1 63.333333
/nfs/cathdata/dompdb/8fabA1 70.000000
/nfs/cathdata/dompdb/1eapA1 70.000000
/nfs/cathdata/dompdb/1figL1 70.000000
/nfs/cathdata/dompdb/1forL1 70.000000
/nfs/cathdata/dompdb/1ibgL1 70.000000
/nfs/cathdata/dompdb/1igcL1 70.000000
/nfs/cathdata/dompdb/1jelL1 70.000000
/nfs/cathdata/dompdb/1nsnL1 70.000000
/nfs/cathdata/dompdb/2gfbA1 70.000000
/tmp/1dvfC0 70.000000
/tmp/1dvfD0 70.000000
/data/pdb_release/all/pdb1vhp.ent 70.000000
/nfs/cathdata/dompdb/1gafH1 70.000000
/nfs/cathdata/dompdb/1iaiH1 70.000000
/nfs/cathdata/dompdb/1aifB1 76.666667
/nfs/cathdata/dompdb/1ngpH1 70.000000
/nfs/cathdata/dompdb/1plgH1 70.000000
/nfs/cathdata/dompdb/1mlbB1 70.000000
/nfs/cathdata/dompdb/2cgrH1 70.000000
/nfs/cathdata/dompdb/1eapB1 70.000000
/nfs/cathdata/dompdb/1faiH1 93.333333
/nfs/cathdata/dompdb/1fbiH1 70.000000
/nfs/cathdata/dompdb/1figH1 70.000000
/nfs/cathdata/dompdb/1forH1 70.000000
/nfs/cathdata/dompdb/1fptH1 70.000000
/nfs/cathdata/dompdb/1frgH1 70.000000
/nfs/cathdata/dompdb/1gigH1 70.000000
/nfs/cathdata/dompdb/1ibgH1 70.000000
/nfs/cathdata/dompdb/1igcH1 70.000000
/nfs/cathdata/dompdb/1igjB1 70.000000
/nfs/cathdata/dompdb/1ikfH1 70.000000
/nfs/cathdata/dompdb/1jelH1 76.666667
/nfs/cathdata/dompdb/1mrcH1 76.666667
/nfs/cathdata/dompdb/1nsnH1 70.000000
/nfs/cathdata/dompdb/1opgH1 70.000000
/nfs/cathdata/dompdb/1rmfH1 76.666667
/nfs/cathdata/dompdb/2fgwH1 70.000000
/nfs/cathdata/dompdb/2gfbB1 70.000000
/nfs/cathdata/dompdb/6fabH1 70.000000
/nfs/cathdata/dompdb/1acyL1 70.000000
/nfs/cathdata/dompdb/1bafL1 70.000000
/nfs/cathdata/dompdb/1bbdL1 76.666667
/nfs/cathdata/dompdb/1bqlL1 70.000000
/nfs/cathdata/dompdb/2cgrL1 70.000000
/nfs/cathdata/dompdb/1dbbL1 70.000000
/nfs/cathdata/dompdb/1dfbL1 70.000000
/nfs/cathdata/dompdb/1faiL1 70.000000
/nfs/cathdata/dompdb/1mamL1 70.000000
/nfs/cathdata/dompdb/1ikfL1 70.000000
/nfs/cathdata/dompdb/1frgL1 70.000000
/tmp/1wtlA0 70.000000
/tmp/1breA0 70.000000
/tmp/1fvcB0 70.000000
/tmp/1jhlH0 70.000000
/tmp/1vfaB0 70.000000
/tmp/1igmH0 70.000000
/tmp/1mfaL0 0.000000
/tmp/1fgvH0 70.000000
/tmp/1nmaH0 70.000000
/tmp/2bjl10 70.000000
/nfs/cathdata/dompdb/8fabB1 70.000000
/nfs/cathdata/dompdb/2fb4H1 70.000000
/nfs/cathdata/dompdb/1acyH1 70.000000
/nfs/cathdata/dompdb/1bbdH1 70.000000
/nfs/cathdata/dompdb/2hflH1 70.000000
/nfs/cathdata/dompdb/2fbjH1 70.000000
/nfs/cathdata/dompdb/1hilB1 70.000000
/nfs/cathdata/dompdb/1nbvH1 70.000000
/nfs/cathdata/dompdb/7fabH1 70.000000
/nfs/cathdata/dompdb/1indH1 63.333333
/nfs/cathdata/dompdb/1tetH1 70.000000
/nfs/cathdata/dompdb/1mamH1 70.000000
/nfs/cathdata/dompdb/1ncaH1 70.000000
/nfs/cathdata/dompdb/1dbbH1 70.000000
/nfs/cathdata/dompdb/1dfbH1 76.666667
/nfs/cathdata/dompdb/1flrH1 70.000000
/nfs/cathdata/dompdb/1ggbH1 70.000000
/nfs/cathdata/dompdb/1igfH1 70.000000
/nfs/cathdata/dompdb/1bafH1 70.000000
/nfs/cathdata/dompdb/3hfmH1 70.000000
/nfs/cathdata/dompdb/1mcpH1 70.000000
/nfs/cathdata/dompdb/1lmkA1 70.000000
/nfs/cathdata/dompdb/1mfbH1 70.000000
/nfs/cathdata/dompdb/1fc2D2 93.333333
/nfs/cathdata/dompdb/1gigL2 93.333333
/nfs/cathdata/dompdb/1kelL2 93.333333
/nfs/cathdata/dompdb/1gafL2 93.333333
/nfs/cathdata/dompdb/2fb4L2 93.333333
/nfs/cathdata/dompdb/1yuhB2 70.000000
/nfs/cathdata/dompdb/1clzH2 70.000000
/nfs/cathdata/dompdb/1fc2D1 93.333333
/nfs/cathdata/dompdb/1fruA2 70.000000
/tmp/1hsbB0 76.666667
/tmp/1mhcB0 70.000000
/tmp/1fruB0 70.000000
/data/pdb_release/all/pdb1bmg.ent 70.000000
/nfs/cathdata/dompdb/1dlhA2 70.000000
/nfs/cathdata/dompdb/1sebB2 70.000000
/nfs/cathdata/dompdb/1bec02 93.333333
/nfs/cathdata/dompdb/1vcaA2 70.000000
/data/pdb_release/all/pdb1tnm.ent 70.000000
/nfs/cathdata/dompdb/1vcaA1 70.000000
/data/pdb_release/all/pdb1tlk.ent 70.000000
/nfs/cathdata/dompdb/1hft02 93.333333
/data/pdb_release/all/pdb1cd8.ent 70.000000
/nfs/cathdata/dompdb/1igjA1 70.000000
/tmp/1nmbL0 76.666667
/data/pdb_release/all/pdb2rhe.ent 70.000000
/tmp/1fgvL0 70.000000
/data/pdb_release/all/pdb2imn.ent 70.000000
/tmp/1reiA0 70.000000
/tmp/1fvcA0 70.000000
/tmp/1igmL0 70.000000
/tmp/1jhlL0 70.000000
/tmp/1ivlA0 70.000000
/tmp/1vfaA0 70.000000
/data/pdb_release/all/pdb1pho.ent 93.333333
/data/pdb_release/all/pdb1omf.ent 93.333333
/data/pdb_release/all/pdb3bcl.ent 93.333333
/nfs/cathdata/dompdb/1amm01 70.000000
/nfs/cathdata/dompdb/1amm02 93.333333
/nfs/cathdata/dompdb/2bb202 76.666667
/nfs/cathdata/dompdb/2gcr01 70.000000
/nfs/cathdata/dompdb/2gcr02 76.666667
/nfs/cathdata/dompdb/1elpA1 70.000000
/nfs/cathdata/dompdb/1elpA2 93.333333
/nfs/cathdata/dompdb/2bb201 70.000000
/nfs/cathdata/dompdb/1prr01 93.333333
/nfs/cathdata/dompdb/1prr02 86.666667
/tmp/1mdaL0 76.666667
/tmp/2bbkL0 70.000000
/data/pdb_release/all/pdb1cdb.ent 70.000000
/nfs/cathdata/dompdb/1hngA1 70.000000
/tmp/1cdcA0 70.000000
/nfs/cathdata/dompdb/1hnf02 70.000000
/nfs/cathdata/dompdb/1hngA2 70.000000
/tmp/1mfaH0 0.000000
/nfs/cathdata/dompdb/2fbjH2 70.000000
/nfs/cathdata/dompdb/1mcpH2 70.000000
/nfs/cathdata/dompdb/1hocA2 70.000000
/nfs/cathdata/dompdb/1hsaA2 70.000000
/nfs/cathdata/dompdb/1vaaA2 70.000000
/nfs/cathdata/dompdb/1hsbA2 70.000000
/nfs/cathdata/dompdb/1mhcA2 70.000000
/nfs/cathdata/dompdb/8fabB2 93.333333
/nfs/cathdata/dompdb/1kelH2 70.000000
/nfs/cathdata/dompdb/1bbdH2 93.333333
/nfs/cathdata/dompdb/1ospH2 70.000000
/nfs/cathdata/dompdb/1eapB2 70.000000
/tmp/1lopA0 93.333333
/data/pdb_release/all/pdb2cpl.ent 93.333333
/tmp/1cynA0 93.333333
/tmp/2rmcA0 93.333333
/nfs/cathdata/dompdb/1bucA2 70.000000
/nfs/cathdata/dompdb/3mddA2 86.666667
/nfs/cathdata/dompdb/1kxf02 70.000000
/nfs/cathdata/dompdb/1vcpA2 70.000000
/tmp/1smpI0 93.333333
/nfs/cathdata/dompdb/1svcP1 70.000000
/tmp/1sriA0 70.000000
/tmp/1avdA0 70.000000
/data/pdb_release/all/pdb1hbq.ent 70.000000
/data/pdb_release/all/pdb1rbp.ent 70.000000
/tmp/1epaA0 86.666667
/tmp/1bbpA0 76.666667
/data/pdb_release/all/pdb1mup.ent 86.666667
/data/pdb_release/all/pdb1ifc.ent 70.000000
/data/pdb_release/all/pdb1hmr.ent 70.000000
/tmp/1opaA0 70.000000
/data/pdb_release/all/pdb1adl.ent 70.000000
/data/pdb_release/all/pdb1crb.ent 70.000000
/tmp/1cbiA0 73.333333
/tmp/1ftpA0 70.000000
/data/pdb_release/all/pdb1cbs.ent 70.000000
/tmp/1pmpA0 70.000000
/data/pdb_release/all/pdb1mdc.ent 73.333333
/nfs/cathdata/dompdb/7catA1 93.333333
/data/pdb_release/all/pdb1cae.ent 93.333333
/nfs/cathdata/dompdb/1dar02 70.000000
/nfs/cathdata/dompdb/1gtrA4 70.000000
/data/pdb_release/all/pdb1prn.ent 93.333333
/data/pdb_release/all/pdb2por.ent 93.333333
/nfs/cathdata/dompdb/1ppfE1 70.000000
/nfs/cathdata/dompdb/1svpA1 70.000000
/nfs/cathdata/dompdb/1vcpA1 93.333333
/nfs/cathdata/dompdb/1sgt02 70.000000
/nfs/cathdata/dompdb/1hylA1 70.000000
/nfs/cathdata/dompdb/1try02 70.000000
/nfs/cathdata/dompdb/1sgpE1 93.333333
/nfs/cathdata/dompdb/1hpgA1 93.333333
/nfs/cathdata/dompdb/2sga01 93.333333
/nfs/cathdata/dompdb/2alp01 70.000000
/nfs/cathdata/dompdb/1tal01 70.000000
/nfs/cathdata/dompdb/2sfa01 93.333333
/nfs/cathdata/dompdb/1arb02 93.333333
/nfs/cathdata/dompdb/1hylA2 93.333333
/nfs/cathdata/dompdb/1sgpE2 70.000000
/nfs/cathdata/dompdb/1gbaA2 70.000000
/nfs/cathdata/dompdb/1hpgA2 70.000000
/nfs/cathdata/dompdb/2sga02 70.000000
/nfs/cathdata/dompdb/1tal02 70.000000
/nfs/cathdata/dompdb/2sfa02 76.666667
/nfs/cathdata/dompdb/1arb01 70.000000
/nfs/cathdata/dompdb/1cnd01 93.333333
/nfs/cathdata/dompdb/1ndh01 86.666667
/nfs/cathdata/dompdb/2pia01 93.333333
/nfs/cathdata/dompdb/1fnb01 93.333333
/nfs/cathdata/dompdb/1que01 93.333333
/nfs/cathdata/dompdb/1pkm03 93.333333
/nfs/cathdata/dompdb/1pkn03 76.666667
/nfs/cathdata/dompdb/1pkyA3 93.333333
/nfs/cathdata/dompdb/1pkyC3 70.000000
/nfs/cathdata/dompdb/1eft02 70.000000
/nfs/cathdata/dompdb/1efuA2 70.000000
/data/pdb_release/all/pdb1clh.ent 93.333333
/tmp/1tcwA0 76.666667
/tmp/1cpiA0 76.666667
/tmp/2rspA0 70.000000
/nfs/cathdata/dompdb/1pnkB3 70.000000
/nfs/cathdata/dompdb/1eft03 70.000000
/nfs/cathdata/dompdb/1efuA3 70.000000
/tmp/1ucyE0 70.000000
/tmp/1aksB0 70.000000
/tmp/2pkaB0 93.333333
/nfs/cathdata/dompdb/1hcgA1 93.333333
/nfs/cathdata/dompdb/1thsH1 93.333333
/nfs/cathdata/dompdb/1brbE1 93.333333
/nfs/cathdata/dompdb/4ptp01 93.333333
/nfs/cathdata/dompdb/1mctA1 93.333333
/nfs/cathdata/dompdb/1etrH1 93.333333
/nfs/cathdata/dompdb/1bit01 93.333333
/nfs/cathdata/dompdb/1trnA1 93.333333
/nfs/cathdata/dompdb/1try01 93.333333
/nfs/cathdata/dompdb/5chaA1 93.333333
/nfs/cathdata/dompdb/1sgt01 93.333333
/nfs/cathdata/dompdb/1lmwB1 93.333333
/nfs/cathdata/dompdb/1elg01 86.666667
/nfs/cathdata/dompdb/1elt01 93.333333
/nfs/cathdata/dompdb/1ton01 76.666667
/tmp/1mtnC0 70.000000
/nfs/cathdata/dompdb/1tbs01 93.333333
/nfs/cathdata/dompdb/1pfxC1 93.333333
/nfs/cathdata/dompdb/1fonA1 93.333333
/nfs/cathdata/dompdb/1pytD1 93.333333
/nfs/cathdata/dompdb/1rtfB1 70.000000
/nfs/cathdata/dompdb/1fujA1 70.000000
/nfs/cathdata/dompdb/1dst01 93.333333
/nfs/cathdata/dompdb/3rp2A1 70.000000
/tmp/1ceaA0 36.666667
/tmp/1pmlA0 60.000000
/data/pdb_release/all/pdb1kdu.ent 66.666667
/data/pdb_release/all/pdb1krn.ent 36.666667
/data/pdb_release/all/pdb1bw3.ent 70.000000
/tmp/1ihvA0 70.000000
/nfs/cathdata/dompdb/1hcz02 70.000000
/data/pdb_release/all/pdb1lab.ent 66.666667
/data/pdb_release/all/pdb1bdo.ent 70.000000
/data/pdb_release/all/pdb1afp.ent 70.000000
/tmp/1bovA0 93.333333
/data/pdb_release/all/pdb1mjc.ent 70.000000
/data/pdb_release/all/pdb1csp.ent 70.000000
/data/pdb_release/all/pdb1krs.ent 86.666667
/nfs/cathdata/dompdb/1lylA1 100.000000
/nfs/cathdata/dompdb/1asyA1 93.333333
/data/pdb_release/all/pdb1bgh.ent 70.000000
/data/pdb_release/all/pdb1rip.ent 0.000000
/tmp/1prtD0 86.666667
/tmp/1prtF0 93.333333
/nfs/cathdata/dompdb/1tssA2 70.000000
/nfs/cathdata/dompdb/1prtB2 86.666667
/nfs/cathdata/dompdb/1prtC2 93.333333
/tmp/1ltsD0 86.666667
/tmp/1chbD0 86.666667
/data/pdb_release/all/pdb2sns.ent 86.666667
/nfs/cathdata/dompdb/1bco02 70.000000
/nfs/cathdata/dompdb/1esfA1 93.333333
/nfs/cathdata/dompdb/1sebD1 93.333333
/nfs/cathdata/dompdb/1se201 86.666667
/tmp/1fivA0 70.000000
/tmp/1idaA0 70.000000
/tmp/1hivA0 70.000000
/data/pdb_release/all/pdb1dro.ent 93.333333
/nfs/cathdata/dompdb/1hleA1 70.000000
/nfs/cathdata/dompdb/1ovaA1 93.333333
/nfs/cathdata/dompdb/1kauC1 70.000000
/nfs/cathdata/dompdb/2kauC1 70.000000
/tmp/1ucyH0 70.000000
/nfs/cathdata/dompdb/3rp2A2 70.000000
/nfs/cathdata/dompdb/1ihsH2 70.000000
/nfs/cathdata/dompdb/1gctA2 70.000000
/nfs/cathdata/dompdb/1elg02 70.000000
/nfs/cathdata/dompdb/1brbE2 70.000000
/nfs/cathdata/dompdb/4ptp02 70.000000
/nfs/cathdata/dompdb/1elt02 93.333333
/nfs/cathdata/dompdb/1hneE2 70.000000
/nfs/cathdata/dompdb/1mctA2 70.000000
/nfs/cathdata/dompdb/1etrH2 70.000000
/nfs/cathdata/dompdb/1bit02 70.000000
/nfs/cathdata/dompdb/1trnA2 70.000000
/nfs/cathdata/dompdb/1ton02 70.000000
/tmp/2pkaA0 70.000000
/tmp/1mtnB0 70.000000
/tmp/1aksA0 70.000000
/nfs/cathdata/dompdb/1tbs02 70.000000
/nfs/cathdata/dompdb/1pfxC2 70.000000
/nfs/cathdata/dompdb/1fonA2 70.000000
/nfs/cathdata/dompdb/1pytD2 70.000000
/nfs/cathdata/dompdb/1fujA2 70.000000
/nfs/cathdata/dompdb/1rtfB2 70.000000
/nfs/cathdata/dompdb/1dst02 93.333333
/nfs/cathdata/dompdb/1hcgA2 70.000000
/nfs/cathdata/dompdb/1lmwB2 70.000000
/data/pdb_release/all/pdb1pk4.ent 36.666667
/data/pdb_release/all/pdb2pf1.ent 70.000000
/data/pdb_release/all/pdb1ahl.ent 43.333333
/data/pdb_release/all/pdb1atx.ent 70.000000
/data/pdb_release/all/pdb1sh1.ent 70.000000
/data/pdb_release/all/pdb1apf.ent 43.333333
/nfs/cathdata/dompdb/1dar03 70.000000
/nfs/cathdata/dompdb/1elo03 33.333333
/data/pdb_release/all/pdb1tfi.ent 70.000000
/tmp/4sgbI0 66.666667
/data/pdb_release/all/pdb1tih.ent 70.000000
/nfs/cathdata/dompdb/1raaB2 66.666667
/nfs/cathdata/dompdb/2atcB2 0.000000
/nfs/cathdata/dompdb/1ytfD2 66.666667
/tmp/1ytfC0 63.333333
/data/pdb_release/all/pdb1sso.ent 70.000000
/data/pdb_release/all/pdb1sap.ent 70.000000
/data/pdb_release/all/pdb1hsp.ent 0.000000
/data/pdb_release/all/pdb1gfc.ent 36.666667
/tmp/1aboA0 70.000000
/tmp/1cskA0 70.000000
/tmp/1ckaA0 70.000000
/tmp/1gbrA0 70.000000
/data/pdb_release/all/pdb1shg.ent 70.000000
/tmp/1shfA0 70.000000
/tmp/1nloC0 70.000000
/data/pdb_release/all/pdb1pnj.ent 70.000000
/tmp/1semA0 70.000000
/nfs/cathdata/dompdb/1lckA1 70.000000
/data/pdb_release/all/pdb1tud.ent 70.000000
/data/pdb_release/all/pdb1tuc.ent 70.000000
/nfs/cathdata/dompdb/1ad5A1 70.000000
/data/pdb_release/all/pdb1pls.ent 70.000000
/tmp/1dynA0 70.000000
/data/pdb_release/all/pdb1btn.ent 93.333333
/tmp/1tgxA0 63.333333
/data/pdb_release/all/pdb1nea.ent 70.000000
/data/pdb_release/all/pdb1nor.ent 70.000000
/data/pdb_release/all/pdb1ntx.ent 63.333333
/data/pdb_release/all/pdb1fas.ent 66.666667
/tmp/1cdtA0 66.666667
/data/pdb_release/all/pdb2crs.ent 70.000000
/data/pdb_release/all/pdb1ntn.ent 93.333333
/data/pdb_release/all/pdb1tfs.ent 70.000000
/data/pdb_release/all/pdb1lsi.ent 70.000000
/nfs/cathdata/dompdb/1psi01 70.000000
/nfs/cathdata/dompdb/2achA2 76.666667
/tmp/1bi6H0 43.333333
/data/pdb_release/all/pdb1tpm.ent 66.666667
/nfs/cathdata/dompdb/1hfh01 70.000000
/data/pdb_release/all/pdb1hcc.ent 70.000000
/tmp/1lpbA0 93.333333
/nfs/cathdata/dompdb/1antI1 70.000000
/tmp/1hcnB0 70.000000
/tmp/1hcnA0 93.333333
/tmp/1pdgA0 70.000000
/data/pdb_release/all/pdb2tgi.ent 93.333333
/tmp/1klaA0 93.333333
/data/pdb_release/all/pdb1tgj.ent 93.333333
/data/pdb_release/all/pdb1bet.ent 70.000000
/tmp/1bndA0 93.333333
/tmp/1bndB0 70.000000
/data/pdb_release/all/pdb1fbr.ent 70.000000
/tmp/1umuA0 70.000000
/data/pdb_release/all/pdb1ctl.ent 66.666667
/data/pdb_release/all/pdb1iml.ent 70.000000
/nfs/cathdata/dompdb/1extB1 70.000000
/tmp/2kauB0 70.000000
/tmp/1rprA0 36.666667
/tmp/1fc2C0 43.333333
/tmp/1spzZ0 40.000000
/data/pdb_release/all/pdb1edi.ent 43.333333
/data/pdb_release/all/pdb2pdd.ent 43.333333
/data/pdb_release/all/pdb1bal.ent 43.333333
/tmp/1csbA0 43.333333
/tmp/1htrP0 43.333333
/nfs/cathdata/dompdb/1ilk02 46.666667
/data/pdb_release/all/pdb1bha.ent 46.666667
/nfs/cathdata/dompdb/1grj01 70.000000
/nfs/cathdata/dompdb/1sesA1 46.666667
/data/pdb_release/all/pdb1pdc.ent 36.666667
/tmp/2achB0 36.666667
/data/pdb_release/all/pdb1egf.ent 43.333333
/data/pdb_release/all/pdb1apo.ent 0.000000
/data/pdb_release/all/pdb1fsb.ent 36.666667
/data/pdb_release/all/pdb1hre.ent 0.000000
/data/pdb_release/all/pdb1yuf.ent 36.666667
/tmp/1hcgB0 70.000000
/data/pdb_release/all/pdb1ata.ent 70.000000
/nfs/cathdata/dompdb/1ncfA2 70.000000
/data/pdb_release/all/pdb1cdq.ent 93.333333
/tmp/1kbaA0 93.333333
/tmp/2abxA0 0.000000
/tmp/1abtA0 43.333333
/data/pdb_release/all/pdb3ebx.ent 70.000000
/data/pdb_release/all/pdb2ctx.ent 63.333333
/data/pdb_release/all/pdb2cdx.ent 70.000000
/tmp/1kxiA0 70.000000
/data/pdb_release/all/pdb1cre.ent 36.666667
/data/pdb_release/all/pdb1cod.ent 70.000000
/data/pdb_release/all/pdb1drs.ent 70.000000
/data/pdb_release/all/pdb1lki.ent 46.666667
/tmp/3inkC0 73.333333
/data/pdb_release/all/pdb1hgu.ent 53.333333
/data/pdb_release/all/pdb1huw.ent 53.333333
/tmp/3hhrA0 46.666667
/data/pdb_release/all/pdb1lpt.ent 46.666667
/data/pdb_release/all/pdb1lip.ent 46.666667
/data/pdb_release/all/pdb1mzm.ent 46.666667
/data/pdb_release/all/pdb1hyp.ent 46.666667
/nfs/cathdata/dompdb/1dlc01 46.666667
/nfs/cathdata/dompdb/1ciy01 46.666667
/tmp/1etrL0 33.333333
/tmp/1tbrJ0 43.333333
/tmp/3aahB0 33.333333
/tmp/4aahB0 33.333333
/tmp/1olgA0 33.333333
/tmp/2bbvD0 33.333333
/data/pdb_release/all/pdb2ifo.ent 33.333333
/tmp/1pfiA0 43.333333
/tmp/1junA0 33.333333
/data/pdb_release/all/pdb1tvs.ent 53.333333
/tmp/1ysaC0 33.333333
/data/pdb_release/all/pdb1aml.ent 43.333333
/data/pdb_release/all/pdb125d.ent 43.333333
/data/pdb_release/all/pdb1cld.ent 43.333333
/tmp/1d66A0 46.666667
/data/pdb_release/all/pdb1pyc.ent 43.333333
/nfs/cathdata/dompdb/1poxA4 36.666667
/tmp/1ltsC0 43.333333
/tmp/1xtcC0 43.333333
/tmp/1scmA0 43.333333
/tmp/1mdyB0 43.333333
/data/pdb_release/all/pdb1bct.ent 43.333333
/nfs/cathdata/dompdb/1pcrL2 46.666667
/nfs/cathdata/dompdb/1prcL2 46.666667
/nfs/cathdata/dompdb/1pcrM2 53.333333
/nfs/cathdata/dompdb/1prcM2 46.666667
/nfs/cathdata/dompdb/1dik05 46.666667
/tmp/1bcfA0 46.666667
/data/pdb_release/all/pdb1fha.ent 46.666667
/data/pdb_release/all/pdb1ier.ent 46.666667
/data/pdb_release/all/pdb1rcc.ent 46.666667
/tmp/2ccyA0 53.333333
/data/pdb_release/all/pdb1cpq.ent 46.666667
/tmp/1bbhA0 46.666667
/data/pdb_release/all/pdb1cgn.ent 46.666667
/data/pdb_release/all/pdb1lpe.ent 46.666667
/data/pdb_release/all/pdb2asr.ent 43.333333
/data/pdb_release/all/pdb1vls.ent 46.666667
/data/pdb_release/all/pdb1aep.ent 46.666667
/tmp/256bA0 43.333333
/tmp/2hmqA0 40.000000
/data/pdb_release/all/pdb2mhr.ent 40.000000
/tmp/2tmvP0 70.000000
/tmp/1rmvA0 40.000000
/nfs/cathdata/dompdb/2ilk01 46.666667
/nfs/cathdata/dompdb/1vlk01 46.666667
/nfs/cathdata/dompdb/1bucA3 43.333333
/nfs/cathdata/dompdb/3mddA3 43.333333
/nfs/cathdata/dompdb/1chkA1 76.666667
/data/pdb_release/all/pdb1lis.ent 46.666667
/data/pdb_release/all/pdb1rcb.ent 73.333333
/tmp/1gmfA0 70.000000
/tmp/1bgeA0 46.666667
/tmp/1rhgA0 46.666667
/data/pdb_release/all/pdb1bgc.ent 46.666667
/nfs/cathdata/dompdb/1whtA2 40.000000
/data/pdb_release/all/pdb2erl.ent 40.000000
/nfs/cathdata/dompdb/1ytfD1 36.666667
/nfs/cathdata/dompdb/1mtyG1 40.000000
/nfs/cathdata/dompdb/1mhyG1 40.000000
/tmp/1ecmA0 46.666667
/nfs/cathdata/dompdb/1lxa02 40.000000
/data/pdb_release/all/pdb1acp.ent 46.666667
/data/pdb_release/all/pdb1aca.ent 46.666667
/nfs/cathdata/dompdb/1pcrM1 46.666667
/nfs/cathdata/dompdb/1prcM1 46.666667
/nfs/cathdata/dompdb/1pcrL1 70.000000
/nfs/cathdata/dompdb/1prcL1 46.666667
/nfs/cathdata/dompdb/3sdpA1 46.666667
/nfs/cathdata/dompdb/1mngA1 46.666667
/nfs/cathdata/dompdb/1svcP2 46.666667
/nfs/cathdata/dompdb/1nfkA2 43.333333
/nfs/cathdata/dompdb/1mtyG2 46.666667
/nfs/cathdata/dompdb/1mhyG2 53.333333
/nfs/cathdata/dompdb/2minB4 43.333333
/nfs/cathdata/dompdb/1mioB3 46.666667
/data/pdb_release/all/pdb1poc.ent 70.000000
/data/pdb_release/all/pdb1ppa.ent 46.666667
/data/pdb_release/all/pdb1poa.ent 70.000000
/data/pdb_release/all/pdb4bp2.ent 66.666667
/data/pdb_release/all/pdb1pod.ent 70.000000
/tmp/3p2pA0 70.000000
/tmp/1pp2L0 66.666667
/tmp/1clpA0 70.000000
/tmp/1bunA0 70.000000
/data/pdb_release/all/pdb1psj.ent 63.333333
/data/pdb_release/all/pdb1ae7.ent 63.333333
/nfs/cathdata/dompdb/1bmtA1 46.666667
/data/pdb_release/all/pdb1lmq.ent 70.000000
/data/pdb_release/all/pdb1jug.ent 66.666667
/data/pdb_release/all/pdb119l.ent 63.333333
/nfs/cathdata/dompdb/1bucA1 53.333333
/nfs/cathdata/dompdb/3mddA1 46.666667
/nfs/cathdata/dompdb/1oxa02 53.333333
/nfs/cathdata/dompdb/1grl01 73.333333
/nfs/cathdata/dompdb/1aorA2 70.000000
/nfs/cathdata/dompdb/2pgd02 46.666667
/nfs/cathdata/dompdb/1dnpA3 46.666667
/nfs/cathdata/dompdb/1csc01 76.666667
/tmp/1csmA0 53.333333
/nfs/cathdata/dompdb/1aorA3 53.333333
/data/pdb_release/all/pdb1fps.ent 46.666667
/nfs/cathdata/dompdb/1clc02 73.333333
/tmp/1ribA0 70.000000
/tmp/1mmoB0 53.333333
/tmp/1mhyB0 53.333333
/nfs/cathdata/dompdb/1cpt02 70.000000
/data/pdb_release/all/pdb1phb.ent 93.333333
/tmp/2bmhA0 93.333333
/nfs/cathdata/dompdb/1lla01 70.000000
/tmp/1mhlC0 70.000000
/tmp/1mtyD0 70.000000
/tmp/1mhyD0 70.000000
/nfs/cathdata/dompdb/2sblB2 93.333333
/data/pdb_release/all/pdb1lnh.ent 93.333333
/data/pdb_release/all/pdb1ehs.ent 43.333333
/tmp/2spcA0 36.666667
/tmp/1ytfB0 43.333333
/nfs/cathdata/dompdb/1pnkA2 36.666667
/data/pdb_release/all/pdb1aty.ent 46.666667
/nfs/cathdata/dompdb/1dloA3 70.000000
/tmp/1ithA0 46.666667
/tmp/1cpcA0 53.333333
/tmp/1cpcB0 53.333333
/tmp/1allA0 53.333333
/tmp/1allB0 46.666667
/tmp/1colA0 46.666667
/nfs/cathdata/dompdb/1ddt02 46.666667
/nfs/cathdata/dompdb/3blm02 70.000000
/nfs/cathdata/dompdb/1mblA2 70.000000
/nfs/cathdata/dompdb/1btl02 53.333333
/nfs/cathdata/dompdb/1ckiA2 46.666667
/nfs/cathdata/dompdb/1csn02 46.666667
/nfs/cathdata/dompdb/1apmE1 70.000000
/nfs/cathdata/dompdb/1irk02 76.666667
/nfs/cathdata/dompdb/1ad5A4 70.000000
/nfs/cathdata/dompdb/1aru01 46.666667
/nfs/cathdata/dompdb/1llp01 53.333333
/nfs/cathdata/dompdb/1mnp01 46.666667
/nfs/cathdata/dompdb/1qpaA1 53.333333
/nfs/cathdata/dompdb/1cca01 46.666667
/nfs/cathdata/dompdb/1apxA1 46.666667
/nfs/cathdata/dompdb/1schA1 46.666667
/data/pdb_release/all/pdb153l.ent 53.333333
/data/pdb_release/all/pdb1baa.ent 70.000000
/nfs/cathdata/dompdb/1cnsA1 46.666667
/data/pdb_release/all/pdb135l.ent 70.000000
/data/pdb_release/all/pdb2ihl.ent 70.000000
/data/pdb_release/all/pdb1lz1.ent 70.000000
/data/pdb_release/all/pdb1hhl.ent 70.000000
/tmp/1ghlA0 70.000000
/data/pdb_release/all/pdb2eql.ent 70.000000
/data/pdb_release/all/pdb1alc.ent 70.000000
/data/pdb_release/all/pdb1hml.ent 70.000000
/tmp/1thbA0 46.666667
/tmp/1hdsA0 46.666667
/tmp/1hdsB0 46.666667
/tmp/2mhbA0 46.666667
/tmp/1fdhG0 53.333333
/tmp/1hbhA0 46.666667
/tmp/1hdaA0 46.666667
/tmp/1babB0 53.333333
/data/pdb_release/all/pdb2lhb.ent 46.666667
/tmp/1hbhB0 53.333333
/tmp/1hdaB0 46.666667
/tmp/1pghA0 46.666667
/tmp/1pghB0 46.666667
/tmp/1ibeB0 53.333333
/tmp/1outA0 46.666667
/tmp/1outB0 53.333333
/tmp/1spgA0 46.666667
/tmp/1spgB0 46.666667
/data/pdb_release/all/pdb1flp.ent 46.666667
/data/pdb_release/all/pdb1lhs.ent 46.666667
/data/pdb_release/all/pdb1bvd.ent 46.666667
/data/pdb_release/all/pdb1ymb.ent 46.666667
/data/pdb_release/all/pdb1mbs.ent 53.333333
/data/pdb_release/all/pdb2mm1.ent 46.666667
/data/pdb_release/all/pdb1emy.ent 46.666667
/tmp/1mygA0 46.666667
/data/pdb_release/all/pdb1myt.ent 46.666667
/data/pdb_release/all/pdb1eca.ent 53.333333
/tmp/1sctA0 53.333333
/tmp/1sctB0 46.666667
/tmp/3sdhA0 53.333333
/data/pdb_release/all/pdb1mba.ent 46.666667
/data/pdb_release/all/pdb1ash.ent 46.666667
/nfs/cathdata/dompdb/1fcdC2 46.666667
/tmp/2mtaC0 46.666667
/nfs/cathdata/dompdb/2abk02 46.666667
/nfs/cathdata/dompdb/1npc02 70.000000
/nfs/cathdata/dompdb/1ezm02 46.666667
/nfs/cathdata/dompdb/2tmnE2 76.666667
/nfs/cathdata/dompdb/1dnpA2 46.666667
/nfs/cathdata/dompdb/1gia02 46.666667
/nfs/cathdata/dompdb/1tadA2 46.666667
/nfs/cathdata/dompdb/7catA2 46.666667
/nfs/cathdata/dompdb/1cca02 76.666667
/nfs/cathdata/dompdb/1apxA2 46.666667
/nfs/cathdata/dompdb/1aru02 46.666667
/nfs/cathdata/dompdb/1llp02 46.666667
/nfs/cathdata/dompdb/1mnp02 46.666667
/nfs/cathdata/dompdb/1qpaA2 46.666667
/nfs/cathdata/dompdb/1schA2 70.000000
/tmp/1rfbA0 53.333333
/nfs/cathdata/dompdb/1pnkA1 70.000000
/data/pdb_release/all/pdb1end.ent 46.666667
/nfs/cathdata/dompdb/1gly01 93.333333
/nfs/cathdata/dompdb/1ecl02 70.000000
/data/pdb_release/all/pdb1sra.ent 46.666667
/nfs/cathdata/dompdb/1prcC2 46.666667
/nfs/cathdata/dompdb/1prcC1 53.333333
/nfs/cathdata/dompdb/1vsgA2 46.666667
/nfs/cathdata/dompdb/1gly02 70.000000
/nfs/cathdata/dompdb/1pnkB4 70.000000
/data/pdb_release/all/pdb1hlm.ent 46.666667
/data/pdb_release/all/pdb1hlb.ent 53.333333
/data/pdb_release/all/pdb1hbg.ent 46.666667
/data/pdb_release/all/pdb1gdj.ent 46.666667
/tmp/1binA0 46.666667
/nfs/cathdata/dompdb/1osa02 46.666667
/nfs/cathdata/dompdb/1wdcC2 70.000000
/nfs/cathdata/dompdb/1tnw02 46.666667
/tmp/1cnpA0 46.666667
/tmp/1symA0 46.666667
/tmp/1tcoB0 46.666667
/nfs/cathdata/dompdb/1scmC1 46.666667
/nfs/cathdata/dompdb/1wdcB1 46.666667
/nfs/cathdata/dompdb/1rec01 0.000000
/nfs/cathdata/dompdb/1rec02 53.333333
/data/pdb_release/all/pdb2sas.ent 53.333333
/tmp/2scpA0 53.333333
/data/pdb_release/all/pdb155c.ent 70.000000
/data/pdb_release/all/pdb1ycc.ent 46.666667
/data/pdb_release/all/pdb1ccr.ent 46.666667
/tmp/5cytR0 46.666667
/data/pdb_release/all/pdb1yeb.ent 46.666667
/data/pdb_release/all/pdb1hrc.ent 46.666667
/data/pdb_release/all/pdb1cry.ent 46.666667
/data/pdb_release/all/pdb1cot.ent 70.000000
/data/pdb_release/all/pdb3c2c.ent 46.666667
/tmp/1c2rA0 63.333333
/data/pdb_release/all/pdb1cxc.ent 70.000000
/data/pdb_release/all/pdb1yea.ent 46.666667
/tmp/1hroA0 46.666667
/data/pdb_release/all/pdb1dvh.ent 53.333333
/data/pdb_release/all/pdb351c.ent 46.666667
/data/pdb_release/all/pdb1cor.ent 46.666667
/data/pdb_release/all/pdb1cch.ent 46.666667
/nfs/cathdata/dompdb/1fcdC1 46.666667
/data/pdb_release/all/pdb1cc5.ent 46.666667
/data/pdb_release/all/pdb1cyi.ent 46.666667
/data/pdb_release/all/pdb1ctj.ent 53.333333
/nfs/cathdata/dompdb/6gsvA2 43.333333
/nfs/cathdata/dompdb/1gta02 46.666667
/nfs/cathdata/dompdb/1hna02 46.666667
/nfs/cathdata/dompdb/2gsq02 46.666667
/nfs/cathdata/dompdb/1gseA2 46.666667
/nfs/cathdata/dompdb/1bpb01 46.666667
/nfs/cathdata/dompdb/1taq02 43.333333
/nfs/cathdata/dompdb/9icwA2 46.666667
/nfs/cathdata/dompdb/1ecl04 46.666667
/nfs/cathdata/dompdb/1adeA2 43.333333
/nfs/cathdata/dompdb/1atnA3 70.000000
/nfs/cathdata/dompdb/1oxa03 46.666667
/data/pdb_release/all/pdb1hmx.ent 70.000000
/nfs/cathdata/dompdb/2abk01 46.666667
/nfs/cathdata/dompdb/1gln04 53.333333
/nfs/cathdata/dompdb/2tct02 46.666667
/tmp/1hulA0 46.666667
/data/pdb_release/all/pdb1coo.ent 46.666667
/nfs/cathdata/dompdb/1wdcB2 46.666667
/data/pdb_release/all/pdb1bod.ent 46.666667
/data/pdb_release/all/pdb1cb1.ent 46.666667
/data/pdb_release/all/pdb4icb.ent 46.666667
/data/pdb_release/all/pdb1cmf.ent 46.666667
/nfs/cathdata/dompdb/1ncx01 70.000000
/data/pdb_release/all/pdb1cfc.ent 70.000000
/data/pdb_release/all/pdb1tnx.ent 53.333333
/data/pdb_release/all/pdb1rro.ent 46.666667
/data/pdb_release/all/pdb4cpv.ent 46.666667
/data/pdb_release/all/pdb5pal.ent 53.333333
/data/pdb_release/all/pdb1pal.ent 46.666667
/tmp/1rtp10 53.333333
/tmp/1pvaA0 46.666667
/nfs/cathdata/dompdb/1osa01 46.666667
/nfs/cathdata/dompdb/1avhA1 46.666667
/nfs/cathdata/dompdb/2ran01 46.666667
/nfs/cathdata/dompdb/1ala02 46.666667
/nfs/cathdata/dompdb/1hvd02 46.666667
/nfs/cathdata/dompdb/1ala04 46.666667
/nfs/cathdata/dompdb/1ann04 46.666667
/nfs/cathdata/dompdb/1avhA4 46.666667
/nfs/cathdata/dompdb/1axn01 46.666667
/nfs/cathdata/dompdb/1axn03 46.666667
/nfs/cathdata/dompdb/1axn02 46.666667
/nfs/cathdata/dompdb/1ala03 46.666667
/nfs/cathdata/dompdb/1ann03 46.666667
/nfs/cathdata/dompdb/1hvd03 46.666667
/nfs/cathdata/dompdb/2ran03 46.666667
/nfs/cathdata/dompdb/1axn04 46.666667
/nfs/cathdata/dompdb/1csc02 46.666667
/nfs/cathdata/dompdb/1csh02 46.666667
/nfs/cathdata/dompdb/2cts02 46.666667
/nfs/cathdata/dompdb/1tyaE2 46.666667
/nfs/cathdata/dompdb/1bvp11 46.666667
/data/pdb_release/all/pdb1neq.ent 46.666667
/nfs/cathdata/dompdb/1octC1 46.666667
/data/pdb_release/all/pdb1r69.ent 46.666667
/data/pdb_release/all/pdb2cro.ent 46.666667
/data/pdb_release/all/pdb1adr.ent 46.666667
/tmp/1lmb30 46.666667
/nfs/cathdata/dompdb/2yhx01 46.666667
/nfs/cathdata/dompdb/2bpfA1 46.666667
/nfs/cathdata/dompdb/1bgw03 46.666667
/nfs/cathdata/dompdb/1adt01 46.666667
/nfs/cathdata/dompdb/1glqA2 46.666667
/nfs/cathdata/dompdb/2gsrA2 46.666667
/nfs/cathdata/dompdb/1gssA2 46.666667
/data/pdb_release/all/pdb1erd.ent 43.333333
/nfs/cathdata/dompdb/1dtr02 40.000000
/tmp/1lccA0 46.666667
/nfs/cathdata/dompdb/1pnrA1 46.666667
/data/pdb_release/all/pdb1uxd.ent 46.666667
/nfs/cathdata/dompdb/2phlA1 43.333333
/nfs/cathdata/dompdb/2phlA4 43.333333
/tmp/6insE0 46.666667
/data/pdb_release/all/pdb2gf1.ent 46.666667
/data/pdb_release/all/pdb1igl.ent 36.666667
/data/pdb_release/all/pdb1bip.ent 43.333333
/data/pdb_release/all/pdb1c5a.ent 46.666667
/data/pdb_release/all/pdb1kjs.ent 46.666667
/tmp/1cmbA0 46.666667
/nfs/cathdata/dompdb/1gln03 53.333333
/nfs/cathdata/dompdb/1serA1 46.666667
/nfs/cathdata/dompdb/1bvp13 46.666667
/nfs/cathdata/dompdb/1dmb03 70.000000
/nfs/cathdata/dompdb/1dik02 46.666667
/nfs/cathdata/dompdb/9pap02 46.666667
/nfs/cathdata/dompdb/1aec02 53.333333
/nfs/cathdata/dompdb/1gecE2 46.666667
/nfs/cathdata/dompdb/2act02 53.333333
/nfs/cathdata/dompdb/1ppo02 46.666667
/nfs/cathdata/dompdb/1yal02 46.666667
/nfs/cathdata/dompdb/1theA2 46.666667
/nfs/cathdata/dompdb/1csbB1 53.333333
/nfs/cathdata/dompdb/2bltA2 46.666667
/data/pdb_release/all/pdb1utg.ent 46.666667
/data/pdb_release/all/pdb1ccd.ent 46.666667
/nfs/cathdata/dompdb/1ala01 46.666667
/nfs/cathdata/dompdb/1ann01 46.666667
/nfs/cathdata/dompdb/1ann02 46.666667
/tmp/1fliA0 46.666667
/data/pdb_release/all/pdb1etc.ent 70.000000
/tmp/1sttA0 73.333333
/data/pdb_release/all/pdb2hts.ent 70.000000
/data/pdb_release/all/pdb1hks.ent 43.333333
/data/pdb_release/all/pdb1enh.ent 43.333333
/data/pdb_release/all/pdb1ftz.ent 46.666667
/data/pdb_release/all/pdb1ftt.ent 46.666667
/tmp/1ahdP0 46.666667
/tmp/1fjlA0 43.333333
/data/pdb_release/all/pdb1vnd.ent 46.666667
/data/pdb_release/all/pdb1hdp.ent 46.666667
/data/pdb_release/all/pdb1ocp.ent 40.000000
/data/pdb_release/all/pdb1pog.ent 46.666667
/tmp/1yrnA0 43.333333
/tmp/1hcrA0 46.666667
/data/pdb_release/all/pdb1res.ent 43.333333
/data/pdb_release/all/pdb1lfb.ent 40.000000
/data/pdb_release/all/pdb2lfb.ent 43.333333
/tmp/1yrnB0 46.666667
/tmp/1fiaA0 46.666667
/data/pdb_release/all/pdb1mbe.ent 46.666667
/data/pdb_release/all/pdb1mbg.ent 46.666667
/data/pdb_release/all/pdb1mbj.ent 46.666667
/tmp/2wrpR0 46.666667
/nfs/cathdata/dompdb/2tct01 46.666667
/tmp/1bfmA0 46.666667
/tmp/1hryA0 43.333333
/data/pdb_release/all/pdb1hsm.ent 43.333333
/data/pdb_release/all/pdb1hma.ent 46.666667
/data/pdb_release/all/pdb1hme.ent 46.666667
/data/pdb_release/all/pdb1aab.ent 46.666667
/tmp/1trlA0 46.666667
/tmp/1mylA0 43.333333
/tmp/1parA0 43.333333
/tmp/1mntA0 46.666667
/data/pdb_release/all/pdb1lea.ent 70.000000
/tmp/1hstA0 70.000000
/data/pdb_release/all/pdb1ghc.ent 46.666667
/nfs/cathdata/dompdb/1dprA1 46.666667
/nfs/cathdata/dompdb/1bia01 70.000000
/nfs/cathdata/dompdb/1berA2 70.000000
/nfs/cathdata/dompdb/1pdnC1 63.333333
/nfs/cathdata/dompdb/1pdnC2 46.666667
