/tmp/2ltnB0 11.111111
/tmp/1lenB0 11.111111
/tmp/1lgcB0 0.000000
/nfs/cathdata/dompdb/1lyaB1 11.111111
/tmp/1aayA0 23.333333
/tmp/1ubdC0 27.777778
/tmp/1meyC0 24.444444
/tmp/2drpA0 42.222222
/tmp/1pyaA0 20.000000
/tmp/1hueA0 43.333333
/tmp/1wtuA0 52.222222
/tmp/1ihfA0 58.888889
/tmp/1ihfB0 56.666667
/nfs/cathdata/dompdb/1prcH1 51.111111
/nfs/cathdata/dompdb/1pcrH1 48.888889
/data/pdb_release/all/pdb4mt2.ent 0.000000
/data/pdb_release/all/pdb1tiv.ent 0.000000
/data/pdb_release/all/pdb1zaq.ent 0.000000
/data/pdb_release/all/pdb1iva.ent 0.000000
/data/pdb_release/all/pdb1agg.ent 22.222222
/data/pdb_release/all/pdb1cfh.ent 0.000000
/data/pdb_release/all/pdb1cfi.ent 0.000000
/data/pdb_release/all/pdb1aaf.ent 0.000000
/data/pdb_release/all/pdb2ech.ent 0.000000
/data/pdb_release/all/pdb1fvl.ent 11.111111
/data/pdb_release/all/pdb1kst.ent 22.222222
/tmp/1r0940 11.111111
/tmp/2plv40 33.333333
/tmp/1pvc40 31.111111
/tmp/1bbt40 22.222222
/tmp/1tme40 11.111111
/tmp/2mev40 11.111111
/tmp/1tabI0 22.222222
/data/pdb_release/all/pdb1pi2.ent 31.111111
/data/pdb_release/all/pdb1bbi.ent 40.000000
/nfs/cathdata/dompdb/1pcp01 11.111111
/nfs/cathdata/dompdb/2pspA2 11.111111
/nfs/cathdata/dompdb/1gcb01 73.333333
/nfs/cathdata/dompdb/1fieA2 72.222222
/nfs/cathdata/dompdb/1lgr01 77.777778
/nfs/cathdata/dompdb/1abbA1 84.444444
/nfs/cathdata/dompdb/1ygpA1 82.222222
/nfs/cathdata/dompdb/1pgd03 11.111111
/data/pdb_release/all/pdb1ldl.ent 22.222222
/data/pdb_release/all/pdb1ldr.ent 0.000000
/data/pdb_release/all/pdb1tap.ent 31.111111
/data/pdb_release/all/pdb5pti.ent 31.111111
/tmp/1aapA0 31.111111
/data/pdb_release/all/pdb1dtx.ent 33.333333
/data/pdb_release/all/pdb1dtk.ent 31.111111
/data/pdb_release/all/pdb1shp.ent 31.111111
/tmp/1brbI0 31.111111
/data/pdb_release/all/pdb1knt.ent 31.111111
/data/pdb_release/all/pdb1dem.ent 33.333333
/tmp/1bunB0 31.111111
/data/pdb_release/all/pdb1hnr.ent 11.111111
/tmp/1mhlA0 20.000000
/nfs/cathdata/dompdb/1gal02 22.222222
/nfs/cathdata/dompdb/1inp01 44.444444
/nfs/cathdata/dompdb/1rtc02 36.666667
/nfs/cathdata/dompdb/1apa02 45.555556
/nfs/cathdata/dompdb/1pafA2 43.333333
/nfs/cathdata/dompdb/1mrg02 43.333333
/nfs/cathdata/dompdb/1mrj02 43.333333
/nfs/cathdata/dompdb/1abrA2 35.555556
/tmp/1isuA0 11.111111
/data/pdb_release/all/pdb1hip.ent 32.222222
/tmp/2hipA0 22.222222
/data/pdb_release/all/pdb1hpi.ent 33.333333
/data/pdb_release/all/pdb1bbo.ent 20.000000
/nfs/cathdata/dompdb/1adt02 72.222222
/tmp/1abmA0 65.555556
/tmp/1idsA0 54.444444
/tmp/1isaA0 53.333333
/nfs/cathdata/dompdb/1vsgA1 57.777778
/tmp/1hmpA0 73.333333
/nfs/cathdata/dompdb/1adeA3 64.444444
/nfs/cathdata/dompdb/1qorA1 71.111111
/nfs/cathdata/dompdb/3btoA1 73.333333
/nfs/cathdata/dompdb/1dehA1 73.333333
/nfs/cathdata/dompdb/1cdoA1 77.777778
/nfs/cathdata/dompdb/1tehA1 73.333333
/nfs/cathdata/dompdb/1agnA1 73.333333
/tmp/1yptA0 83.333333
/data/pdb_release/all/pdb2hnp.ent 83.333333
/nfs/cathdata/dompdb/1yfoA1 67.777778
/tmp/1vhrA0 68.888889
/data/pdb_release/all/pdb1gpc.ent 80.000000
/nfs/cathdata/dompdb/1bgw05 73.333333
/nfs/cathdata/dompdb/1jetA1 77.777778
/nfs/cathdata/dompdb/1glaG1 80.000000
/nfs/cathdata/dompdb/1hgeA1 74.444444
/tmp/1ltsA0 78.888889
/tmp/1xtcA0 71.111111
/tmp/1tiiA0 71.111111
/tmp/1prtA0 68.888889
/nfs/cathdata/dompdb/1admA2 68.888889
/nfs/cathdata/dompdb/1chmA2 66.666667
/data/pdb_release/all/pdb1mat.ent 64.444444
/data/pdb_release/all/pdb1pbn.ent 76.666667
/data/pdb_release/all/pdb1ula.ent 75.555556
/tmp/1ecpA0 81.111111
/nfs/cathdata/dompdb/1dhx03 63.333333
/data/pdb_release/all/pdb2cyr.ent 43.333333
/data/pdb_release/all/pdb1wad.ent 42.222222
/data/pdb_release/all/pdb1czj.ent 55.555556
/tmp/1htmB0 22.222222
/nfs/cathdata/dompdb/1berA1 75.555556
/nfs/cathdata/dompdb/1dhx02 32.222222
/nfs/cathdata/dompdb/1gln02 46.666667
/nfs/cathdata/dompdb/1gtrA2 57.777778
/nfs/cathdata/dompdb/1prcH2 66.666667
/nfs/cathdata/dompdb/4rcrH2 55.555556
/nfs/cathdata/dompdb/1oxa01 53.333333
/nfs/cathdata/dompdb/1cpt01 55.555556
/nfs/cathdata/dompdb/1gcb02 46.666667
/data/pdb_release/all/pdb1mut.ent 57.777778
/data/pdb_release/all/pdb1pyp.ent 63.333333
/data/pdb_release/all/pdb2prd.ent 75.555556
/tmp/1eipA0 73.333333
/nfs/cathdata/dompdb/1ordA4 56.666667
/nfs/cathdata/dompdb/2cmd02 64.444444
/nfs/cathdata/dompdb/1mldA2 64.444444
/nfs/cathdata/dompdb/6ldh02 44.444444
/nfs/cathdata/dompdb/1llc02 58.888889
/nfs/cathdata/dompdb/1lldA2 46.666667
/nfs/cathdata/dompdb/2ldx02 61.111111
/nfs/cathdata/dompdb/3ldh02 58.888889
/nfs/cathdata/dompdb/5ldh02 44.444444
/nfs/cathdata/dompdb/9ldtA2 46.666667
/nfs/cathdata/dompdb/1ldb02 50.000000
/nfs/cathdata/dompdb/1hyhA2 46.666667
/nfs/cathdata/dompdb/4mdhA2 70.000000
/nfs/cathdata/dompdb/1bdmA2 56.666667
/nfs/cathdata/dompdb/1dctA2 48.888889
/tmp/1regX0 62.222222
/nfs/cathdata/dompdb/2bltA1 66.666667
/data/pdb_release/all/pdb1xaa.ent 75.555556
/data/pdb_release/all/pdb1xac.ent 77.777778
/tmp/1alkA0 67.777778
/data/pdb_release/all/pdb1lpp.ent 76.666667
/data/pdb_release/all/pdb1thg.ent 74.444444
/tmp/1cleA0 74.444444
/data/pdb_release/all/pdb1ace.ent 82.222222
/nfs/cathdata/dompdb/3ladA2 60.000000
/nfs/cathdata/dompdb/1lpfA2 56.666667
/nfs/cathdata/dompdb/1lvl02 60.000000
/nfs/cathdata/dompdb/1ebdA2 60.000000
/nfs/cathdata/dompdb/2tmdA3 57.777778
/nfs/cathdata/dompdb/1gerA2 60.000000
/nfs/cathdata/dompdb/1gesA2 62.222222
/nfs/cathdata/dompdb/3grs02 62.222222
/nfs/cathdata/dompdb/1tde02 55.555556
/nfs/cathdata/dompdb/1vdc02 57.777778
/nfs/cathdata/dompdb/1fecB2 60.000000
/nfs/cathdata/dompdb/1nhr02 60.000000
/nfs/cathdata/dompdb/1fcdA2 74.444444
/tmp/1pyaB0 81.111111
/nfs/cathdata/dompdb/1dik03 60.000000
/nfs/cathdata/dompdb/1aorA1 74.444444
/tmp/2dnjA0 80.000000
/tmp/1fjmA0 73.333333
/tmp/1tcoA0 72.222222
/nfs/cathdata/dompdb/1gph11 85.555556
/data/pdb_release/all/pdb1plq.ent 75.555556
/data/pdb_release/all/pdb1bnh.ent 62.222222
/data/pdb_release/all/pdb1cy3.ent 11.111111
/tmp/1cthA0 45.555556
/data/pdb_release/all/pdb2cdv.ent 47.777778
/nfs/cathdata/dompdb/1trkA1 63.333333
/tmp/1rvaA0 86.666667
/nfs/cathdata/dompdb/1atnA1 77.777778
/nfs/cathdata/dompdb/2btfA1 77.777778
/nfs/cathdata/dompdb/1olbA2 65.555556
/data/pdb_release/all/pdb2ctc.ent 74.444444
/data/pdb_release/all/pdb1amp.ent 73.333333
/nfs/cathdata/dompdb/1lam02 74.444444
/nfs/cathdata/dompdb/1tplA2 74.444444
/nfs/cathdata/dompdb/1dgd02 65.555556
/nfs/cathdata/dompdb/1aam02 63.333333
/nfs/cathdata/dompdb/1akaA2 73.333333
/nfs/cathdata/dompdb/2cstA2 73.333333
/nfs/cathdata/dompdb/1ordA2 68.888889
/data/pdb_release/all/pdb1rpa.ent 70.000000
/data/pdb_release/all/pdb1esc.ent 62.222222
/nfs/cathdata/dompdb/1gpb02 67.777778
/nfs/cathdata/dompdb/1ygpA2 71.111111
/tmp/1deaA0 72.222222
/tmp/1thtA0 75.555556
/tmp/1tahA0 65.555556
/tmp/1oilA0 66.666667
/nfs/cathdata/dompdb/1hplA1 73.333333
/nfs/cathdata/dompdb/1lpbB1 82.222222
/tmp/1ethA0 72.222222
/data/pdb_release/all/pdb1gpl.ent 71.111111
/data/pdb_release/all/pdb1tca.ent 65.555556
/data/pdb_release/all/pdb1ede.ent 74.444444
/data/pdb_release/all/pdb1ysc.ent 74.444444
/nfs/cathdata/dompdb/1asyA2 66.666667
/nfs/cathdata/dompdb/1lylA2 72.222222
/nfs/cathdata/dompdb/1serA2 74.444444
/data/pdb_release/all/pdb3pte.ent 77.777778
/nfs/cathdata/dompdb/1abrA1 78.888889
/nfs/cathdata/dompdb/1ahc01 81.111111
/nfs/cathdata/dompdb/1mrj01 78.888889
/nfs/cathdata/dompdb/1apa01 78.888889
/nfs/cathdata/dompdb/1pafA1 80.000000
/tmp/4dfrA0 63.333333
/data/pdb_release/all/pdb3dfr.ent 71.111111
/data/pdb_release/all/pdb8dfr.ent 78.888889
/data/pdb_release/all/pdb1drf.ent 74.444444
/data/pdb_release/all/pdb1dyr.ent 71.111111
/nfs/cathdata/dompdb/1adeA1 71.111111
/nfs/cathdata/dompdb/3pmgA1 71.111111
/data/pdb_release/all/pdb1udg.ent 57.777778
/nfs/cathdata/dompdb/3pgk02 64.444444
/nfs/cathdata/dompdb/1php02 75.555556
/nfs/cathdata/dompdb/1gpmA1 74.444444
/nfs/cathdata/dompdb/1powA3 64.444444
/nfs/cathdata/dompdb/1pvdA3 65.555556
/nfs/cathdata/dompdb/1pvdA1 60.000000
/nfs/cathdata/dompdb/1powA1 61.111111
/nfs/cathdata/dompdb/1trkA2 57.777778
/nfs/cathdata/dompdb/1tyaE1 67.777778
/nfs/cathdata/dompdb/2tysB2 67.777778
/nfs/cathdata/dompdb/1minA1 60.000000
/nfs/cathdata/dompdb/1mioA1 57.777778
/nfs/cathdata/dompdb/3ecaA1 62.222222
/nfs/cathdata/dompdb/1agx01 60.000000
/nfs/cathdata/dompdb/3pga11 55.555556
/tmp/1wsaA0 77.777778
/tmp/1nbaA0 65.555556
/nfs/cathdata/dompdb/2reb01 62.222222
/tmp/1smnA0 70.000000
/tmp/1eriA0 71.111111
/nfs/cathdata/dompdb/1lvl01 62.222222
/nfs/cathdata/dompdb/1ebdA1 62.222222
/nfs/cathdata/dompdb/1gal01 71.111111
/nfs/cathdata/dompdb/1fcdA1 74.444444
/nfs/cathdata/dompdb/1coy01 81.111111
/nfs/cathdata/dompdb/1pbe01 83.333333
/nfs/cathdata/dompdb/1aa8A1 62.222222
/nfs/cathdata/dompdb/1dob02 78.888889
/data/pdb_release/all/pdb1cge.ent 64.444444
/data/pdb_release/all/pdb1mnc.ent 61.111111
/data/pdb_release/all/pdb1srt.ent 60.000000
/nfs/cathdata/dompdb/1fbl01 62.222222
/data/pdb_release/all/pdb1mmq.ent 64.444444
/data/pdb_release/all/pdb1slm.ent 63.333333
/tmp/1atlA0 56.666667
/data/pdb_release/all/pdb1iag.ent 65.555556
/nfs/cathdata/dompdb/1kapP2 65.555556
/nfs/cathdata/dompdb/1sat02 68.888889
/data/pdb_release/all/pdb1iab.ent 77.777778
/nfs/cathdata/dompdb/1lcf01 66.666667
/nfs/cathdata/dompdb/1ovt01 67.777778
/nfs/cathdata/dompdb/1ovt03 67.777778
/nfs/cathdata/dompdb/1nnt01 65.555556
/nfs/cathdata/dompdb/1tfd01 43.333333
/nfs/cathdata/dompdb/1lcf03 71.111111
/nfs/cathdata/dompdb/1dot01 68.888889
/nfs/cathdata/dompdb/1dot03 71.111111
/nfs/cathdata/dompdb/1quk01 75.555556
/nfs/cathdata/dompdb/1sbp01 63.333333
/nfs/cathdata/dompdb/1dmb01 63.333333
/nfs/cathdata/dompdb/1pot01 73.333333
/nfs/cathdata/dompdb/3sc2A1 63.333333
/nfs/cathdata/dompdb/1rtc01 81.111111
/tmp/1pviA0 75.555556
/nfs/cathdata/dompdb/1bllE1 60.000000
/nfs/cathdata/dompdb/1scuB3 65.555556
/nfs/cathdata/dompdb/1ora01 44.444444
/nfs/cathdata/dompdb/1ora02 48.888889
/nfs/cathdata/dompdb/2glt01 65.555556
/nfs/cathdata/dompdb/1ttqB1 58.888889
/data/pdb_release/all/pdb3pgm.ent 54.444444
/nfs/cathdata/dompdb/1gtrA1 75.555556
/nfs/cathdata/dompdb/1gln01 62.222222
/tmp/1dsbA0 61.111111
/tmp/1gp1A0 64.444444
/nfs/cathdata/dompdb/1chmA1 67.777778
/nfs/cathdata/dompdb/1scuB1 63.333333
/nfs/cathdata/dompdb/1mla02 60.000000
/nfs/cathdata/dompdb/1glaG2 73.333333
/nfs/cathdata/dompdb/1ami01 64.444444
/data/pdb_release/all/pdb1ak2.ent 60.000000
/tmp/1ak3A0 65.555556
/tmp/1akeA0 71.111111
/data/pdb_release/all/pdb1aky.ent 73.333333
/data/pdb_release/all/pdb3adk.ent 62.222222
/data/pdb_release/all/pdb1ukz.ent 62.222222
/data/pdb_release/all/pdb1ukd.ent 57.777778
/nfs/cathdata/dompdb/2tmdA2 62.222222
/nfs/cathdata/dompdb/1nhp01 75.555556
/nfs/cathdata/dompdb/1trb01 68.888889
/nfs/cathdata/dompdb/1vdc01 64.444444
/nfs/cathdata/dompdb/1typA1 56.666667
/nfs/cathdata/dompdb/1gesA1 61.111111
/nfs/cathdata/dompdb/3grs01 55.555556
/nfs/cathdata/dompdb/3ladA1 62.222222
/nfs/cathdata/dompdb/1lpfA1 57.777778
/nfs/cathdata/dompdb/1pfkA2 60.000000
/nfs/cathdata/dompdb/3pfk02 60.000000
/nfs/cathdata/dompdb/3pgk01 56.666667
/nfs/cathdata/dompdb/1php01 62.222222
/nfs/cathdata/dompdb/3pmgA3 61.111111
/tmp/2rslA0 56.666667
/tmp/1gdtA0 65.555556
/nfs/cathdata/dompdb/1ctt02 54.444444
/nfs/cathdata/dompdb/1ctt01 54.444444
/tmp/1whtB0 62.222222
/nfs/cathdata/dompdb/1trkA3 72.222222
/nfs/cathdata/dompdb/1dmb02 44.444444
/nfs/cathdata/dompdb/1pda02 54.444444
/nfs/cathdata/dompdb/1hslA2 56.666667
/nfs/cathdata/dompdb/1lst02 56.666667
/nfs/cathdata/dompdb/1pbp02 56.666667
/nfs/cathdata/dompdb/1sbp02 65.555556
/data/pdb_release/all/pdb1ovb.ent 55.555556
/nfs/cathdata/dompdb/1lcf02 63.333333
/nfs/cathdata/dompdb/1lcf04 57.777778
/nfs/cathdata/dompdb/1ovt02 54.444444
/nfs/cathdata/dompdb/1ovt04 58.888889
/nfs/cathdata/dompdb/1tfd02 51.111111
/nfs/cathdata/dompdb/1dot04 42.222222
/nfs/cathdata/dompdb/1poy12 65.555556
/nfs/cathdata/dompdb/1inp03 63.333333
/nfs/cathdata/dompdb/1imbA2 64.444444
/nfs/cathdata/dompdb/1fbcA2 66.666667
/nfs/cathdata/dompdb/1ftaA2 64.444444
/nfs/cathdata/dompdb/1spiA2 47.777778
/nfs/cathdata/dompdb/1pda01 65.555556
/nfs/cathdata/dompdb/1hslA1 47.777778
/nfs/cathdata/dompdb/1lst01 52.222222
/nfs/cathdata/dompdb/2ldx01 73.333333
/nfs/cathdata/dompdb/3ldh01 62.222222
/nfs/cathdata/dompdb/5ldh01 64.444444
/nfs/cathdata/dompdb/9ldtA1 64.444444
/data/pdb_release/all/pdb5nll.ent 60.000000
/data/pdb_release/all/pdb2fx2.ent 63.333333
/data/pdb_release/all/pdb1ofv.ent 63.333333
/data/pdb_release/all/pdb2fcr.ent 61.111111
/data/pdb_release/all/pdb1rcf.ent 63.333333
/tmp/1lfaA0 72.222222
/data/pdb_release/all/pdb1ido.ent 64.444444
/nfs/cathdata/dompdb/1pfkA1 64.444444
/nfs/cathdata/dompdb/3pfk01 64.444444
/data/pdb_release/all/pdb1cus.ent 71.111111
/data/pdb_release/all/pdb1dad.ent 75.555556
/data/pdb_release/all/pdb1tib.ent 68.888889
/data/pdb_release/all/pdb3tgl.ent 73.333333
/tmp/1lgyA0 75.555556
/data/pdb_release/all/pdb1vid.ent 61.111111
/data/pdb_release/all/pdb1pdo.ent 60.000000
/nfs/cathdata/dompdb/1gpmA2 61.111111
/nfs/cathdata/dompdb/1dnpA1 56.666667
/nfs/cathdata/dompdb/1bgw02 54.444444
/nfs/cathdata/dompdb/1guhA1 72.222222
/nfs/cathdata/dompdb/1glqA1 70.000000
/nfs/cathdata/dompdb/2gsq01 70.000000
/nfs/cathdata/dompdb/2gsrA1 72.222222
/nfs/cathdata/dompdb/1gssA1 72.222222
/nfs/cathdata/dompdb/2gstA1 72.222222
/nfs/cathdata/dompdb/1gta01 55.555556
/nfs/cathdata/dompdb/1hna01 70.000000
/nfs/cathdata/dompdb/3pmgA2 44.444444
/data/pdb_release/all/pdb1lba.ent 55.555556
/tmp/1meeA0 75.555556
/nfs/cathdata/dompdb/1ordA1 56.666667
/data/pdb_release/all/pdb1ntr.ent 54.444444
/nfs/cathdata/dompdb/1gdhA2 57.777778
/nfs/cathdata/dompdb/2nacA2 57.777778
/nfs/cathdata/dompdb/2dldA2 62.222222
/nfs/cathdata/dompdb/2dldA1 64.444444
/nfs/cathdata/dompdb/1scuB2 48.888889
/nfs/cathdata/dompdb/1scuA1 64.444444
/nfs/cathdata/dompdb/1scuA2 70.000000
/data/pdb_release/all/pdb1phr.ent 60.000000
/nfs/cathdata/dompdb/1bmtA2 63.333333
/tmp/1iceA0 65.555556
/data/pdb_release/all/pdb1etu.ent 72.222222
/nfs/cathdata/dompdb/1eft01 70.000000
/data/pdb_release/all/pdb5p21.ent 65.555556
/tmp/1guaA0 63.333333
/tmp/1hurA0 66.666667
/tmp/1nipA0 72.222222
/nfs/cathdata/dompdb/1gky02 64.444444
/nfs/cathdata/dompdb/1dar01 71.111111
/nfs/cathdata/dompdb/1raaA1 57.777778
/nfs/cathdata/dompdb/1raaA2 63.333333
/nfs/cathdata/dompdb/2atcA2 54.444444
/nfs/cathdata/dompdb/4mdhA1 60.000000
/nfs/cathdata/dompdb/1bdmA1 60.000000
/nfs/cathdata/dompdb/2cmd01 60.000000
/nfs/cathdata/dompdb/1mldA1 60.000000
/nfs/cathdata/dompdb/1hyhA1 62.222222
/nfs/cathdata/dompdb/6ldh01 64.444444
/nfs/cathdata/dompdb/1ldb01 63.333333
/nfs/cathdata/dompdb/1llc01 56.666667
/nfs/cathdata/dompdb/1lldA1 62.222222
/nfs/cathdata/dompdb/1bdhA3 45.555556
/nfs/cathdata/dompdb/1tlfA2 52.222222
/nfs/cathdata/dompdb/1dbp01 54.444444
/data/pdb_release/all/pdb3chy.ent 60.000000
/nfs/cathdata/dompdb/1abe01 67.777778
/nfs/cathdata/dompdb/1gdhA1 61.111111
/nfs/cathdata/dompdb/1gca01 58.888889
/nfs/cathdata/dompdb/1gdd01 67.777778
/nfs/cathdata/dompdb/1tadA1 66.666667
/nfs/cathdata/dompdb/1gotA1 78.888889
/nfs/cathdata/dompdb/1gd1O1 71.111111
/nfs/cathdata/dompdb/4gpd11 62.222222
/nfs/cathdata/dompdb/1cerO1 70.000000
/nfs/cathdata/dompdb/1gadO1 65.555556
/nfs/cathdata/dompdb/1gypA1 68.888889
/nfs/cathdata/dompdb/1hdgO1 64.444444
/nfs/cathdata/dompdb/2lbp02 62.222222
/nfs/cathdata/dompdb/2liv02 62.222222
/nfs/cathdata/dompdb/2lbp01 73.333333
/nfs/cathdata/dompdb/2liv01 75.555556
/nfs/cathdata/dompdb/1pea02 62.222222
/nfs/cathdata/dompdb/1pea01 71.111111
/nfs/cathdata/dompdb/1ecl01 64.444444
/nfs/cathdata/dompdb/1admA1 62.222222
/nfs/cathdata/dompdb/1dctA1 70.000000
/nfs/cathdata/dompdb/1hmy01 71.111111
/tmp/1garA0 67.777778
/data/pdb_release/all/pdb1chd.ent 71.111111
/data/pdb_release/all/pdb1thm.ent 78.888889
/tmp/1cseE0 75.555556
/data/pdb_release/all/pdb1st3.ent 76.666667
/data/pdb_release/all/pdb2pkc.ent 74.444444
/data/pdb_release/all/pdb1s01.ent 75.555556
/nfs/cathdata/dompdb/1poxA2 65.555556
/nfs/cathdata/dompdb/1pvdA2 65.555556
/nfs/cathdata/dompdb/2pia02 57.777778
/nfs/cathdata/dompdb/1fnb02 64.444444
/nfs/cathdata/dompdb/1que02 63.333333
/nfs/cathdata/dompdb/1cnd02 70.000000
/nfs/cathdata/dompdb/1ndh02 73.333333
/nfs/cathdata/dompdb/1gph12 55.555556
/nfs/cathdata/dompdb/1ecgA2 62.222222
/data/pdb_release/all/pdb1sto.ent 75.555556
/nfs/cathdata/dompdb/2bgt02 70.000000
/nfs/cathdata/dompdb/2bgt01 73.333333
/nfs/cathdata/dompdb/2nacA1 58.888889
/data/pdb_release/all/pdb1dhr.ent 72.222222
/tmp/1hdcA0 66.666667
/data/pdb_release/all/pdb1eny.ent 66.666667
/nfs/cathdata/dompdb/1psdA1 60.000000
/nfs/cathdata/dompdb/1psdA2 57.777778
/nfs/cathdata/dompdb/1qorA2 60.000000
/nfs/cathdata/dompdb/3btoA2 62.222222
/nfs/cathdata/dompdb/1dehA2 57.777778
/nfs/cathdata/dompdb/1cdoA2 60.000000
/nfs/cathdata/dompdb/1tehA2 57.777778
/nfs/cathdata/dompdb/1agnA2 61.111111
/nfs/cathdata/dompdb/1dih01 60.000000
/nfs/cathdata/dompdb/2pgd01 57.777778
/nfs/cathdata/dompdb/1dpgA1 55.555556
/nfs/cathdata/dompdb/1dbqA1 61.111111
/nfs/cathdata/dompdb/1tlfA1 67.777778
/nfs/cathdata/dompdb/2dri02 60.000000
/nfs/cathdata/dompdb/1gca02 55.555556
/nfs/cathdata/dompdb/2gbp02 55.555556
/nfs/cathdata/dompdb/8abp02 68.888889
/data/pdb_release/all/pdb1ghu.ent 45.555556
/nfs/cathdata/dompdb/1ad5A2 43.333333
/tmp/1ayaA0 43.333333
/tmp/2pldA0 48.888889
/data/pdb_release/all/pdb1svq.ent 61.111111
/data/pdb_release/all/pdb1vil.ent 67.777778
/data/pdb_release/all/pdb1aba.ent 61.111111
/data/pdb_release/all/pdb1ego.ent 64.444444
/tmp/2trxA0 64.444444
/data/pdb_release/all/pdb1thx.ent 62.222222
/data/pdb_release/all/pdb3trx.ent 63.333333
/data/pdb_release/all/pdb1tof.ent 62.222222
/nfs/cathdata/dompdb/1pxtA1 57.777778
/nfs/cathdata/dompdb/1pxtA2 58.888889
/nfs/cathdata/dompdb/2yhx02 67.777778
/nfs/cathdata/dompdb/1dik01 63.333333
/nfs/cathdata/dompdb/2minA3 48.888889
/nfs/cathdata/dompdb/1mioA3 47.777778
/nfs/cathdata/dompdb/2minB2 46.666667
/nfs/cathdata/dompdb/2minB3 56.666667
/nfs/cathdata/dompdb/1mioB2 47.777778
/nfs/cathdata/dompdb/1mioB4 58.888889
/nfs/cathdata/dompdb/2minA2 56.666667
/nfs/cathdata/dompdb/1mioA2 63.333333
/nfs/cathdata/dompdb/2minB1 57.777778
/nfs/cathdata/dompdb/1mioB1 52.222222
/nfs/cathdata/dompdb/1iow01 51.111111
/nfs/cathdata/dompdb/1bncA1 45.555556
/nfs/cathdata/dompdb/3ecaA2 62.222222
/nfs/cathdata/dompdb/1agx02 60.000000
/nfs/cathdata/dompdb/3pga12 62.222222
/nfs/cathdata/dompdb/1pkyA1 54.444444
/nfs/cathdata/dompdb/1pkm01 55.555556
/nfs/cathdata/dompdb/1hsbA1 74.444444
/nfs/cathdata/dompdb/2clrA1 74.444444
/nfs/cathdata/dompdb/1mhcA1 84.444444
/tmp/1tmcA0 76.666667
/nfs/cathdata/dompdb/1fruA1 74.444444
/nfs/cathdata/dompdb/1tssA1 64.444444
/nfs/cathdata/dompdb/1se202 64.444444
/nfs/cathdata/dompdb/1sebD2 46.666667
/nfs/cathdata/dompdb/1esfA2 78.888889
/data/pdb_release/all/pdb1vhh.ent 72.222222
/nfs/cathdata/dompdb/3pmgA4 71.111111
/nfs/cathdata/dompdb/1imbA1 58.888889
/nfs/cathdata/dompdb/5fbpA1 61.111111
/nfs/cathdata/dompdb/1ftaA1 61.111111
/nfs/cathdata/dompdb/1spiA1 53.333333
/nfs/cathdata/dompdb/1inp02 60.000000
/nfs/cathdata/dompdb/1gd1O2 71.111111
/nfs/cathdata/dompdb/4gpd12 61.111111
/nfs/cathdata/dompdb/1cerO2 64.444444
/nfs/cathdata/dompdb/1gadO2 62.222222
/nfs/cathdata/dompdb/1gypA2 71.111111
/nfs/cathdata/dompdb/1hdgO2 66.666667
/data/pdb_release/all/pdb1cia.ent 72.222222
/nfs/cathdata/dompdb/1gal03 73.333333
/nfs/cathdata/dompdb/1dpgA2 81.111111
/data/pdb_release/all/pdb1dpb.ent 70.000000
/data/pdb_release/all/pdb1adn.ent 43.333333
/data/pdb_release/all/pdb2pna.ent 43.333333
/data/pdb_release/all/pdb1ab2.ent 45.555556
/tmp/1shaA0 56.666667
/tmp/1lcjA0 48.888889
/tmp/1csyA0 43.333333
/data/pdb_release/all/pdb1blj.ent 48.888889
/data/pdb_release/all/pdb1fim.ent 54.444444
/tmp/1mifA0 52.222222
/tmp/1kptA0 53.333333
/nfs/cathdata/dompdb/1dja01 64.444444
/nfs/cathdata/dompdb/1mblA1 54.444444
/nfs/cathdata/dompdb/1btl01 53.333333
/data/pdb_release/all/pdb2phy.ent 52.222222
/data/pdb_release/all/pdb1fil.ent 61.111111
/data/pdb_release/all/pdb1pne.ent 61.111111
/data/pdb_release/all/pdb1acf.ent 58.888889
/data/pdb_release/all/pdb2acg.ent 63.333333
/data/pdb_release/all/pdb1cqa.ent 63.333333
/nfs/cathdata/dompdb/1pnkB1 83.333333
/nfs/cathdata/dompdb/1oacA1 64.444444
/tmp/1otgA0 57.777778
/nfs/cathdata/dompdb/1ami02 54.444444
/nfs/cathdata/dompdb/1bpb02 56.666667
/nfs/cathdata/dompdb/9icwA3 66.666667
/nfs/cathdata/dompdb/1daaA1 57.777778
/nfs/cathdata/dompdb/1iov02 81.111111
/nfs/cathdata/dompdb/1glt02 70.000000
/tmp/1gtqA0 52.222222
/nfs/cathdata/dompdb/1bia02 75.555556
/nfs/cathdata/dompdb/1antI2 54.444444
/nfs/cathdata/dompdb/1hleA2 71.111111
/nfs/cathdata/dompdb/1ovaA2 63.333333
/nfs/cathdata/dompdb/2achA1 64.444444
/nfs/cathdata/dompdb/7apiA2 63.333333
/nfs/cathdata/dompdb/1pnkB2 65.555556
/nfs/cathdata/dompdb/1ami03 66.666667
/nfs/cathdata/dompdb/1hocA1 74.444444
/nfs/cathdata/dompdb/1hsaA1 74.444444
/nfs/cathdata/dompdb/1vaaA1 72.222222
/nfs/cathdata/dompdb/1dik06 55.555556
/nfs/cathdata/dompdb/1mdl01 55.555556
/nfs/cathdata/dompdb/4enl01 55.555556
/nfs/cathdata/dompdb/1pdz01 54.444444
/nfs/cathdata/dompdb/1nhp03 55.555556
/nfs/cathdata/dompdb/3ladA3 81.111111
/nfs/cathdata/dompdb/1lpfA3 81.111111
/nfs/cathdata/dompdb/1lvl03 78.888889
/nfs/cathdata/dompdb/1ebdA3 78.888889
/nfs/cathdata/dompdb/1tytA3 81.111111
/nfs/cathdata/dompdb/1gesA3 76.666667
/nfs/cathdata/dompdb/3grs03 64.444444
/nfs/cathdata/dompdb/1irk01 60.000000
/nfs/cathdata/dompdb/1apmE2 61.111111
/nfs/cathdata/dompdb/1ckiA1 82.222222
/nfs/cathdata/dompdb/1csn01 77.777778
/nfs/cathdata/dompdb/1coy02 56.666667
/nfs/cathdata/dompdb/1rthA4 55.555556
/tmp/1hrhA0 64.444444
/data/pdb_release/all/pdb2rn2.ent 72.222222
/data/pdb_release/all/pdb1ril.ent 72.222222
/tmp/1hjrA0 71.111111
/data/pdb_release/all/pdb1itg.ent 70.000000
/data/pdb_release/all/pdb1asu.ent 73.333333
/nfs/cathdata/dompdb/1bcmA1 73.333333
/nfs/cathdata/dompdb/1atr03 55.555556
/nfs/cathdata/dompdb/1atnA2 55.555556
/nfs/cathdata/dompdb/2btfA2 51.111111
/nfs/cathdata/dompdb/2yhx03 64.444444
/nfs/cathdata/dompdb/1atr01 64.444444
/nfs/cathdata/dompdb/1mngA2 54.444444
/nfs/cathdata/dompdb/3sdpA2 22.222222
/tmp/1kpaA0 54.444444
/nfs/cathdata/dompdb/1bpb03 38.888889
/nfs/cathdata/dompdb/1pkp02 41.111111
/nfs/cathdata/dompdb/1dar04 52.222222
/tmp/1copD0 44.444444
/data/pdb_release/all/pdb1orc.ent 36.666667
/nfs/cathdata/dompdb/2reb02 45.555556
/nfs/cathdata/dompdb/1derA2 46.666667
/tmp/1iceB0 34.444444
/tmp/2kauA0 36.666667
/nfs/cathdata/dompdb/1gpmA3 52.222222
/nfs/cathdata/dompdb/1mxa03 52.222222
/nfs/cathdata/dompdb/1mxa01 62.222222
/nfs/cathdata/dompdb/1mxa02 58.888889
/nfs/cathdata/dompdb/1xrb02 43.333333
/nfs/cathdata/dompdb/1ytbA2 54.444444
/nfs/cathdata/dompdb/1tghA2 60.000000
/nfs/cathdata/dompdb/1vokA2 55.555556
/nfs/cathdata/dompdb/1tbpA1 60.000000
/nfs/cathdata/dompdb/1tghA1 61.111111
/nfs/cathdata/dompdb/1vokA1 62.222222
/nfs/cathdata/dompdb/1pczA1 64.444444
/nfs/cathdata/dompdb/1pczA2 53.333333
/nfs/cathdata/dompdb/1bmc02 63.333333
/nfs/cathdata/dompdb/1sebA1 51.111111
/nfs/cathdata/dompdb/1sebB1 64.444444
/tmp/2sicI0 60.000000
/nfs/cathdata/dompdb/1dih02 46.666667
/tmp/1brsD0 54.444444
/data/pdb_release/all/pdb1msc.ent 71.111111
/tmp/1unaA0 70.000000
/nfs/cathdata/dompdb/1chkA2 45.555556
/nfs/cathdata/dompdb/1svb03 33.333333
/nfs/cathdata/dompdb/1oacA4 42.222222
/tmp/1latA0 37.777778
/tmp/2nllA0 22.222222
/tmp/2nllB0 24.444444
/data/pdb_release/all/pdb1tns.ent 23.333333
/data/pdb_release/all/pdb1ife.ent 23.333333
/data/pdb_release/all/pdb1tig.ent 54.444444
/nfs/cathdata/dompdb/1hpm04 42.222222
/nfs/cathdata/dompdb/1bncA2 32.222222
/nfs/cathdata/dompdb/1iow03 57.777778
/nfs/cathdata/dompdb/1glt03 54.444444
/tmp/1humA0 42.222222
/tmp/1hrjA0 31.111111
/tmp/1domA0 31.111111
/tmp/1plfA0 44.444444
/tmp/1mgsA0 42.222222
/data/pdb_release/all/pdb3il8.ent 42.222222
/tmp/1rhpA0 42.222222
/tmp/1napA0 44.444444
/tmp/1rodA0 37.777778
/data/pdb_release/all/pdb1stu.ent 43.333333
/nfs/cathdata/dompdb/1pkp01 42.222222
/nfs/cathdata/dompdb/1pda03 46.666667
/data/pdb_release/all/pdb1ncs.ent 31.111111
/tmp/1cksA0 22.222222
/tmp/1sceA0 22.222222
/tmp/1dktA0 37.777778
/tmp/1rblM0 41.111111
/tmp/3rubS0 54.444444
/tmp/8rubS0 54.444444
/tmp/8rucI0 54.444444
/tmp/1burS0 54.444444
/nfs/cathdata/dompdb/1amg02 44.444444
/nfs/cathdata/dompdb/1amy02 44.444444
/data/pdb_release/all/pdb1zer.ent 54.444444
/data/pdb_release/all/pdb1aps.ent 61.111111
/tmp/2bopA0 54.444444
/data/pdb_release/all/pdb2pii.ent 56.666667
/tmp/2chsA0 51.111111
/nfs/cathdata/dompdb/8atcB1 65.555556
/nfs/cathdata/dompdb/2atcB1 11.111111
/tmp/1nhkL0 63.333333
/data/pdb_release/all/pdb1ndk.ent 65.555556
/tmp/1nsqA0 65.555556
/tmp/1nskL0 63.333333
/nfs/cathdata/dompdb/1rbaA1 54.444444
/nfs/cathdata/dompdb/3rubL1 55.555556
/nfs/cathdata/dompdb/8rucA1 53.333333
/nfs/cathdata/dompdb/1rblA1 55.555556
/nfs/cathdata/dompdb/1ars01 41.111111
/nfs/cathdata/dompdb/7aatA1 41.111111
/nfs/cathdata/dompdb/2cstA1 43.333333
/nfs/cathdata/dompdb/1ordA3 54.444444
/nfs/cathdata/dompdb/2dkb01 72.222222
/nfs/cathdata/dompdb/1tplA1 45.555556
/tmp/1dcoA0 52.222222
/data/pdb_release/all/pdb1vig.ent 52.222222
/tmp/1xxaA0 62.222222
/nfs/cathdata/dompdb/1bgw04 84.444444
/nfs/cathdata/dompdb/1dar05 55.555556
/nfs/cathdata/dompdb/1mla01 56.666667
/nfs/cathdata/dompdb/1psdA3 56.666667
/nfs/cathdata/dompdb/1dloA2 51.111111
/nfs/cathdata/dompdb/1mml02 57.777778
/tmp/1gluA0 22.222222
/data/pdb_release/all/pdb1hra.ent 22.222222
/tmp/1hcqA0 40.000000
/nfs/cathdata/dompdb/1bgw01 40.000000
/data/pdb_release/all/pdb1nef.ent 41.111111
/tmp/1efnB0 43.333333
/nfs/cathdata/dompdb/1gky01 60.000000
/nfs/cathdata/dompdb/1yua01 42.222222
/data/pdb_release/all/pdb1vcc.ent 63.333333
/nfs/cathdata/dompdb/1svb02 54.444444
/nfs/cathdata/dompdb/1yua02 33.333333
/tmp/1otfA0 31.111111
/data/pdb_release/all/pdb1cbn.ent 20.000000
/data/pdb_release/all/pdb1bhp.ent 34.444444
/data/pdb_release/all/pdb2plh.ent 34.444444
/data/pdb_release/all/pdb1fdx.ent 11.111111
/data/pdb_release/all/pdb1clf.ent 22.222222
/data/pdb_release/all/pdb1fca.ent 28.888889
/data/pdb_release/all/pdb1fdn.ent 51.111111
/data/pdb_release/all/pdb1blu.ent 52.222222
/data/pdb_release/all/pdb1fxd.ent 56.666667
/data/pdb_release/all/pdb2fxb.ent 54.444444
/tmp/1fxrA0 54.444444
/data/pdb_release/all/pdb1rof.ent 11.111111
/data/pdb_release/all/pdb5fd1.ent 68.888889
/data/pdb_release/all/pdb1fwp.ent 41.111111
/data/pdb_release/all/pdb1sxl.ent 53.333333
/data/pdb_release/all/pdb1fht.ent 70.000000
/data/pdb_release/all/pdb1pba.ent 34.444444
/data/pdb_release/all/pdb1ris.ent 54.444444
/data/pdb_release/all/pdb1ctf.ent 46.666667
/tmp/1spbP0 54.444444
/data/pdb_release/all/pdb1ptf.ent 55.555556
/data/pdb_release/all/pdb1poh.ent 56.666667
/data/pdb_release/all/pdb2hpr.ent 55.555556
/data/pdb_release/all/pdb1pch.ent 55.555556
/data/pdb_release/all/pdb1sxm.ent 33.333333
/data/pdb_release/all/pdb2sn3.ent 33.333333
/data/pdb_release/all/pdb1vna.ent 40.000000
/data/pdb_release/all/pdb1nra.ent 40.000000
/data/pdb_release/all/pdb1ptx.ent 42.222222
/data/pdb_release/all/pdb1lqh.ent 40.000000
/data/pdb_release/all/pdb1snb.ent 40.000000
/data/pdb_release/all/pdb1gps.ent 42.222222
/data/pdb_release/all/pdb1gpt.ent 40.000000
/data/pdb_release/all/pdb1chc.ent 31.111111
/data/pdb_release/all/pdb1caa.ent 31.111111
/data/pdb_release/all/pdb1iro.ent 22.222222
/data/pdb_release/all/pdb1rdg.ent 22.222222
/data/pdb_release/all/pdb4rxn.ent 22.222222
/data/pdb_release/all/pdb6rxn.ent 22.222222
/tmp/8rxnA0 22.222222
/tmp/1gatA0 33.333333
/data/pdb_release/all/pdb1bus.ent 11.111111
/data/pdb_release/all/pdb2ovo.ent 28.888889
/data/pdb_release/all/pdb3ovo.ent 31.111111
/nfs/cathdata/dompdb/1tbrR1 28.888889
/nfs/cathdata/dompdb/1tbrR2 42.222222
/data/pdb_release/all/pdb1ptq.ent 31.111111
/nfs/cathdata/dompdb/9wgaA1 11.111111
/nfs/cathdata/dompdb/9wgaA2 11.111111
/nfs/cathdata/dompdb/9wgaA3 11.111111
/nfs/cathdata/dompdb/9wgaA4 11.111111
/nfs/cathdata/dompdb/2cwgA2 11.111111
/nfs/cathdata/dompdb/1wgtA3 11.111111
/tmp/1tgsI0 28.888889
/tmp/1cgiI0 28.888889
/data/pdb_release/all/pdb1pce.ent 31.111111
/data/pdb_release/all/pdb1hev.ent 11.111111
/data/pdb_release/all/pdb2alr.ent 67.777778
/data/pdb_release/all/pdb1frb.ent 67.777778
/nfs/cathdata/dompdb/1rlcL2 66.666667
/nfs/cathdata/dompdb/1rblA2 67.777778
/nfs/cathdata/dompdb/1rbaA2 73.333333
/nfs/cathdata/dompdb/1oneA2 71.111111
/nfs/cathdata/dompdb/1pdz02 66.666667
/tmp/1chrA0 66.666667
/tmp/1mucA0 71.111111
/data/pdb_release/all/pdb2mnr.ent 76.666667
/nfs/cathdata/dompdb/1mdr02 70.000000
/data/pdb_release/all/pdb1gox.ent 80.000000
/tmp/1fcbB0 76.666667
/nfs/cathdata/dompdb/2tmdA1 73.333333
/data/pdb_release/all/pdb1oya.ent 71.111111
/data/pdb_release/all/pdb1add.ent 66.666667
/data/pdb_release/all/pdb1pta.ent 68.888889
/data/pdb_release/all/pdb1xis.ent 65.555556
/tmp/1ximA0 65.555556
/tmp/1xlaA0 67.777778
/tmp/1dxiA0 67.777778
/data/pdb_release/all/pdb1dtp.ent 81.111111
/tmp/1dmaA0 72.222222
/nfs/cathdata/dompdb/1dik04 67.777778
/nfs/cathdata/dompdb/1kauC2 71.111111
/nfs/cathdata/dompdb/1aa8A2 67.777778
/tmp/1hymA0 11.111111
/tmp/1cseI0 28.888889
/tmp/1ypcI0 28.888889
/data/pdb_release/all/pdb1cis.ent 31.111111
/data/pdb_release/all/pdb1mit.ent 31.111111
/nfs/cathdata/dompdb/2baa02 11.111111
/data/pdb_release/all/pdb1ica.ent 11.111111
/data/pdb_release/all/pdb1cnv.ent 65.555556
/tmp/1xyzA0 72.222222
/data/pdb_release/all/pdb1exp.ent 70.000000
/tmp/1clxA0 67.777778
/data/pdb_release/all/pdb2ebn.ent 72.222222
/data/pdb_release/all/pdb1edt.ent 73.333333
/nfs/cathdata/dompdb/1ctn02 61.111111
/data/pdb_release/all/pdb1cec.ent 65.555556
/tmp/1ghsA0 63.333333
/data/pdb_release/all/pdb1ghr.ent 65.555556
/data/pdb_release/all/pdb1cbg.ent 68.888889
/nfs/cathdata/dompdb/1amg01 70.000000
/nfs/cathdata/dompdb/1amy01 67.777778
/nfs/cathdata/dompdb/2aaa01 74.444444
/nfs/cathdata/dompdb/2taaA1 74.444444
/nfs/cathdata/dompdb/1ppi01 67.777778
/data/pdb_release/all/pdb1hny.ent 67.777778
/nfs/cathdata/dompdb/1cgt01 82.222222
/nfs/cathdata/dompdb/1cdg01 82.222222
/nfs/cathdata/dompdb/1cyg01 80.000000
/nfs/cathdata/dompdb/1ciu01 84.444444
/nfs/cathdata/dompdb/1pamA1 82.222222
/data/pdb_release/all/pdb1btc.ent 73.333333
/nfs/cathdata/dompdb/1bglA3 74.444444
/tmp/1pbgA0 68.888889
/tmp/1tpfA0 67.777778
/tmp/1ypiA0 65.555556
/tmp/1timA0 66.666667
/tmp/1treA0 67.777778
/tmp/1htiA0 68.888889
/tmp/1btmA0 68.888889
/data/pdb_release/all/pdb1ads.ent 67.777778
/data/pdb_release/all/pdb1ral.ent 72.222222
/nfs/cathdata/dompdb/1csbB2 54.444444
/nfs/cathdata/dompdb/1bmc01 71.111111
/nfs/cathdata/dompdb/1ezm01 72.222222
/nfs/cathdata/dompdb/1esp01 81.111111
/nfs/cathdata/dompdb/2tmnE1 70.000000
/nfs/cathdata/dompdb/1dhy01 65.555556
/nfs/cathdata/dompdb/1han01 65.555556
/nfs/cathdata/dompdb/1dhy02 72.222222
/nfs/cathdata/dompdb/1han02 73.333333
/data/pdb_release/all/pdb1std.ent 72.222222
/data/pdb_release/all/pdb2cba.ent 72.222222
/data/pdb_release/all/pdb1crm.ent 68.888889
/tmp/1dmxA0 72.222222
/nfs/cathdata/dompdb/1bncA3 82.222222
/nfs/cathdata/dompdb/1daaA2 73.333333
/data/pdb_release/all/pdb1gym.ent 67.777778
/nfs/cathdata/dompdb/1ami04 67.777778
/tmp/1fvpA0 76.666667
/data/pdb_release/all/pdb1nfp.ent 70.000000
/tmp/1brlB0 66.666667
/tmp/1lucA0 72.222222
/data/pdb_release/all/pdb1tml.ent 65.555556
/nfs/cathdata/dompdb/1pii02 70.000000
/nfs/cathdata/dompdb/1pii01 65.555556
/data/pdb_release/all/pdb1igs.ent 64.444444
/tmp/1wsyA0 63.333333
/nfs/cathdata/dompdb/1pkm02 64.444444
/nfs/cathdata/dompdb/1pkyA2 67.777778
/tmp/1nal10 66.666667
/tmp/1fbaA0 70.000000
/data/pdb_release/all/pdb1ald.ent 70.000000
/data/pdb_release/all/pdb1nar.ent 72.222222
/data/pdb_release/all/pdb2hvm.ent 64.444444
/data/pdb_release/all/pdb1fkb.ent 66.666667
/data/pdb_release/all/pdb1yat.ent 71.111111
/data/pdb_release/all/pdb1pbk.ent 68.888889
/data/pdb_release/all/pdb1rot.ent 62.222222
/nfs/cathdata/dompdb/1hmy02 43.333333
/tmp/2msbA0 45.555556
/data/pdb_release/all/pdb1hup.ent 57.777778
/tmp/1rtm10 45.555556
/tmp/1rdl10 48.888889
/data/pdb_release/all/pdb1aak.ent 65.555556
/data/pdb_release/all/pdb2uce.ent 60.000000
/data/pdb_release/all/pdb1ucz.ent 57.777778
/tmp/1u9aA0 60.000000
/nfs/cathdata/dompdb/1fcbA1 46.666667
/data/pdb_release/all/pdb1b5m.ent 51.111111
/data/pdb_release/all/pdb1iet.ent 31.111111
/data/pdb_release/all/pdb1cyo.ent 51.111111
/tmp/1mkaA0 56.666667
/data/pdb_release/all/pdb1onc.ent 57.777778
/data/pdb_release/all/pdb7rsa.ent 55.555556
/tmp/1bsrA0 55.555556
/data/pdb_release/all/pdb1ang.ent 55.555556
/data/pdb_release/all/pdb1agi.ent 56.666667
/nfs/cathdata/dompdb/1hpm02 66.666667
/nfs/cathdata/dompdb/2polA3 72.222222
/nfs/cathdata/dompdb/2polA2 64.444444
/nfs/cathdata/dompdb/2polA1 72.222222
/nfs/cathdata/dompdb/9pap01 44.444444
/nfs/cathdata/dompdb/1aec01 46.666667
/nfs/cathdata/dompdb/1gecE1 46.666667
/nfs/cathdata/dompdb/1ppo01 44.444444
/nfs/cathdata/dompdb/1yal01 46.666667
/nfs/cathdata/dompdb/1theA1 42.222222
/data/pdb_release/all/pdb1pgb.ent 48.888889
/data/pdb_release/all/pdb2igg.ent 53.333333
/data/pdb_release/all/pdb3fxc.ent 40.000000
/tmp/1frrA0 61.111111
/tmp/1fxiA0 50.000000
/tmp/1fxaA0 61.111111
/data/pdb_release/all/pdb1frd.ent 58.888889
/data/pdb_release/all/pdb1dox.ent 33.333333
/data/pdb_release/all/pdb1cjn.ent 51.111111
/data/pdb_release/all/pdb1doi.ent 67.777778
/data/pdb_release/all/pdb1put.ent 50.000000
/nfs/cathdata/dompdb/2pia03 50.000000
/data/pdb_release/all/pdb1ubi.ent 51.111111
/nfs/cathdata/dompdb/1lgr02 57.777778
/data/pdb_release/all/pdb1tif.ent 60.000000
/data/pdb_release/all/pdb1rfa.ent 48.888889
/tmp/1molA0 48.888889
/tmp/1stfI0 40.000000
/data/pdb_release/all/pdb1cyu.ent 46.666667
/tmp/1cewI0 55.555556
/tmp/1udiI0 50.000000
/data/pdb_release/all/pdb1fus.ent 55.555556
/data/pdb_release/all/pdb9rnt.ent 53.333333
/data/pdb_release/all/pdb1rds.ent 55.555556
/tmp/1gmpA0 44.444444
/tmp/1brnL0 40.000000
/tmp/2rbiA0 45.555556
/nfs/cathdata/dompdb/1oacA2 44.444444
/nfs/cathdata/dompdb/1prtB1 37.777778
/nfs/cathdata/dompdb/1prtC1 35.555556
/nfs/cathdata/dompdb/1ctn03 52.222222
/nfs/cathdata/dompdb/1gtrA3 44.444444
/nfs/cathdata/dompdb/1grj02 48.888889
/data/pdb_release/all/pdb1tsp.ent 73.333333
/nfs/cathdata/dompdb/1dhx01 42.222222
/nfs/cathdata/dompdb/2psg01 72.222222
/nfs/cathdata/dompdb/1mpp01 73.333333
/nfs/cathdata/dompdb/1bbs01 78.888889
/nfs/cathdata/dompdb/4cms01 83.333333
/nfs/cathdata/dompdb/1smrA1 73.333333
/nfs/cathdata/dompdb/1epmE1 71.111111
/nfs/cathdata/dompdb/1pplE1 71.111111
/nfs/cathdata/dompdb/2apr01 73.333333
/nfs/cathdata/dompdb/1psoE1 81.111111
/nfs/cathdata/dompdb/1htrB1 71.111111
/nfs/cathdata/dompdb/1jxrA1 71.111111
/nfs/cathdata/dompdb/2asi01 81.111111
/nfs/cathdata/dompdb/1smeA1 68.888889
/nfs/cathdata/dompdb/1epmE2 78.888889
/nfs/cathdata/dompdb/1pplE2 74.444444
/nfs/cathdata/dompdb/1mpp02 82.222222
/nfs/cathdata/dompdb/2asi02 71.111111
/nfs/cathdata/dompdb/2apr02 76.666667
/nfs/cathdata/dompdb/1psaA2 81.111111
/nfs/cathdata/dompdb/1lyaB2 74.444444
/nfs/cathdata/dompdb/1rne02 81.111111
/nfs/cathdata/dompdb/1cms02 78.888889
/nfs/cathdata/dompdb/1smrA2 76.666667
/nfs/cathdata/dompdb/1psoE2 78.888889
/nfs/cathdata/dompdb/1htrB2 81.111111
/nfs/cathdata/dompdb/1jxrA2 73.333333
/data/pdb_release/all/pdb2cas.ent 70.000000
/nfs/cathdata/dompdb/1rthA1 60.000000
/data/pdb_release/all/pdb1har.ent 71.111111
/nfs/cathdata/dompdb/1mml01 61.111111
/data/pdb_release/all/pdb1pgx.ent 51.111111
/data/pdb_release/all/pdb4fgf.ent 70.000000
/tmp/1afgA0 65.555556
/data/pdb_release/all/pdb1i1b.ent 67.777778
/data/pdb_release/all/pdb8i1b.ent 67.777778
/tmp/1ilr10 66.666667
/data/pdb_release/all/pdb1hcd.ent 66.666667
/data/pdb_release/all/pdb1tie.ent 67.777778
/data/pdb_release/all/pdb1wbc.ent 75.555556
/nfs/cathdata/dompdb/2aaiB2 63.333333
/nfs/cathdata/dompdb/1abrB2 68.888889
/nfs/cathdata/dompdb/2aaiB1 65.555556
/nfs/cathdata/dompdb/1abrB1 66.666667
/tmp/1msaA0 63.333333
/nfs/cathdata/dompdb/1dlc03 71.111111
/tmp/1vmoA0 63.333333
/data/pdb_release/all/pdb1hxn.ent 81.111111
/nfs/cathdata/dompdb/1fbl02 77.777778
/data/pdb_release/all/pdb1rtg.ent 73.333333
/data/pdb_release/all/pdb1pex.ent 73.333333
/data/pdb_release/all/pdb2nn9.ent 70.000000
/data/pdb_release/all/pdb2bat.ent 70.000000
/tmp/1nscA0 70.000000
/data/pdb_release/all/pdb1inv.ent 70.000000
/data/pdb_release/all/pdb1sim.ent 75.555556
/tmp/2bbkH0 75.555556
/tmp/1mdaH0 73.333333
/tmp/2madH0 0.000000
/nfs/cathdata/dompdb/1gof02 75.555556
/tmp/3aahA0 82.222222
/nfs/cathdata/dompdb/1kapP1 75.555556
/nfs/cathdata/dompdb/1sat01 75.555556
/nfs/cathdata/dompdb/1lxa01 54.444444
/data/pdb_release/all/pdb2pec.ent 81.111111
/nfs/cathdata/dompdb/2taaA2 52.222222
/nfs/cathdata/dompdb/1ppi02 64.444444
/nfs/cathdata/dompdb/1bvp12 65.555556
/data/pdb_release/all/pdb1bcx.ent 75.555556
/tmp/1enxA0 75.555556
/data/pdb_release/all/pdb1xnd.ent 75.555556
/data/pdb_release/all/pdb1xyn.ent 73.333333
/data/pdb_release/all/pdb1yna.ent 75.555556
/tmp/2pcdA0 71.111111
/tmp/2pcdM0 73.333333
/nfs/cathdata/dompdb/1dlc02 65.555556
/nfs/cathdata/dompdb/1ciy03 67.777778
/nfs/cathdata/dompdb/1ddt03 66.666667
/tmp/1gff10 77.777778
/tmp/2bpa10 84.444444
/data/pdb_release/all/pdb1jbc.ent 67.777778
/data/pdb_release/all/pdb2cna.ent 71.111111
/nfs/cathdata/dompdb/1dhx04 61.111111
/tmp/4htcI0 22.222222
/data/pdb_release/all/pdb1hic.ent 33.333333
/nfs/cathdata/dompdb/1ecl03 55.555556
/data/pdb_release/all/pdb1htp.ent 73.333333
/tmp/1dupA0 71.111111
/nfs/cathdata/dompdb/1ggtA1 63.333333
/tmp/1tsrA0 72.222222
/data/pdb_release/all/pdb1gpr.ent 71.111111
/data/pdb_release/all/pdb1f3g.ent 73.333333
/nfs/cathdata/dompdb/1aozA3 74.444444
/nfs/cathdata/dompdb/1oacA3 77.777778
/nfs/cathdata/dompdb/1bglA5 72.222222
/nfs/cathdata/dompdb/1bglA1 68.888889
/tmp/1celA0 81.111111
/tmp/1afcA0 68.888889
/tmp/2plv20 77.777778
/tmp/1rhi20 77.777778
/data/pdb_release/all/pdb1pov.ent 82.222222
/tmp/1bmv10 75.555556
/tmp/4sbvA0 78.888889
/tmp/1smvA0 64.444444
/tmp/2tbvA0 67.777778
/tmp/2bbvA0 78.888889
/tmp/1bmv20 75.555556
/tmp/1tnfA0 61.111111
/tmp/1tnrA0 65.555556
/tmp/1hlcA0 65.555556
/tmp/1sltA0 67.777778
/tmp/2ltnA0 65.555556
/tmp/1lenA0 67.777778
/tmp/1lgcA0 67.777778
/data/pdb_release/all/pdb1lte.ent 77.777778
/data/pdb_release/all/pdb1sba.ent 67.777778
/data/pdb_release/all/pdb1gsl.ent 78.888889
/tmp/2pelA0 75.555556
/tmp/1fatA0 75.555556
/tmp/1ioaA0 75.555556
/tmp/1sacA0 73.333333
/tmp/1gnhA0 71.111111
/data/pdb_release/all/pdb2ayh.ent 71.111111
/data/pdb_release/all/pdb1cpm.ent 73.333333
/data/pdb_release/all/pdb1gbg.ent 73.333333
/nfs/cathdata/dompdb/1cgt02 66.666667
/nfs/cathdata/dompdb/1cdg02 64.444444
/nfs/cathdata/dompdb/1cyg02 66.666667
/nfs/cathdata/dompdb/1ciu02 64.444444
/nfs/cathdata/dompdb/1pamA2 62.222222
/nfs/cathdata/dompdb/2aaa02 77.777778
/nfs/cathdata/dompdb/1pnf02 66.666667
/data/pdb_release/all/pdb1knb.ent 64.444444
/tmp/1sluA0 62.222222
/nfs/cathdata/dompdb/1lla02 77.777778
/nfs/cathdata/dompdb/1svb01 67.777778
/data/pdb_release/all/pdb1cyw.ent 81.111111
/nfs/cathdata/dompdb/1hcz01 73.333333
/data/pdb_release/all/pdb1thw.ent 81.111111
/tmp/1cauB0 81.111111
/nfs/cathdata/dompdb/2phlA3 70.000000
/nfs/cathdata/dompdb/2phlA2 76.666667
/data/pdb_release/all/pdb2stv.ent 65.555556
/tmp/1bbt10 54.444444
/tmp/1pov10 57.777778
/tmp/1pvc10 57.777778
/tmp/1r0910 65.555556
/tmp/1rhi10 62.222222
/tmp/1tme10 56.666667
/tmp/2mev10 57.777778
/tmp/2bpa20 64.444444
/tmp/1gff20 65.555556
/tmp/1bbt30 65.555556
/tmp/1tme30 64.444444
/tmp/2mev30 65.555556
/tmp/1r0930 65.555556
/tmp/1pov30 64.444444
/tmp/1pvc30 64.444444
/tmp/1rhi30 65.555556
/tmp/1bbt20 71.111111
/tmp/1tme20 73.333333
/tmp/2mev20 73.333333
/tmp/1r0920 71.111111
/tmp/1pvc20 81.111111
/data/pdb_release/all/pdb1arn.ent 63.333333
/tmp/1aizA0 64.444444
/data/pdb_release/all/pdb1aaj.ent 54.444444
/nfs/cathdata/dompdb/1aozA1 62.222222
/nfs/cathdata/dompdb/1aozA2 75.555556
/nfs/cathdata/dompdb/1gof03 63.333333
/nfs/cathdata/dompdb/1nif01 73.333333
/nfs/cathdata/dompdb/1afnA1 71.111111
/nfs/cathdata/dompdb/1nif02 73.333333
/nfs/cathdata/dompdb/1ntd02 74.444444
/tmp/1eta10 70.000000
/tmp/1tfpA0 61.111111
/tmp/1sxaA0 73.333333
/tmp/1srdA0 62.222222
/data/pdb_release/all/pdb1jcv.ent 72.222222
/tmp/1sosA0 72.222222
/tmp/1xsoA0 71.111111
/data/pdb_release/all/pdb1akp.ent 58.888889
/data/pdb_release/all/pdb1acx.ent 68.888889
/data/pdb_release/all/pdb1noa.ent 64.444444
/data/pdb_release/all/pdb2mcm.ent 65.555556
/nfs/cathdata/dompdb/1clc01 65.555556
/nfs/cathdata/dompdb/1ctn01 63.333333
/data/pdb_release/all/pdb1exg.ent 67.777778
/nfs/cathdata/dompdb/1bglA4 61.111111
/nfs/cathdata/dompdb/1bglA2 61.111111
/nfs/cathdata/dompdb/1svcP3 65.555556
/nfs/cathdata/dompdb/1svb04 61.111111
/nfs/cathdata/dompdb/1gof01 54.444444
/nfs/cathdata/dompdb/2sblB1 54.444444
/nfs/cathdata/dompdb/1hplA2 67.777778
/nfs/cathdata/dompdb/1lpbB2 65.555556
/nfs/cathdata/dompdb/1pgs01 63.333333
/data/pdb_release/all/pdb1ten.ent 61.111111
/nfs/cathdata/dompdb/1fnf01 61.111111
/nfs/cathdata/dompdb/1fnf02 63.333333
/nfs/cathdata/dompdb/1fnf03 63.333333
/nfs/cathdata/dompdb/1cfb01 54.444444
/nfs/cathdata/dompdb/1cfb02 63.333333
/tmp/1wapA0 65.555556
/data/pdb_release/all/pdb1ncg.ent 61.111111
/data/pdb_release/all/pdb1suh.ent 61.111111
/nfs/cathdata/dompdb/1ggtA4 61.111111
/nfs/cathdata/dompdb/1cgt04 58.888889
/nfs/cathdata/dompdb/1cdg04 63.333333
/nfs/cathdata/dompdb/1cyg04 61.111111
/data/pdb_release/all/pdb1kul.ent 43.333333
/nfs/cathdata/dompdb/1ciu04 56.666667
/nfs/cathdata/dompdb/1pamA4 58.888889
/nfs/cathdata/dompdb/1cgt03 62.222222
/nfs/cathdata/dompdb/1cdg03 62.222222
/nfs/cathdata/dompdb/1cyg03 61.111111
/nfs/cathdata/dompdb/1ciu03 63.333333
/nfs/cathdata/dompdb/1pamA3 64.444444
/data/pdb_release/all/pdb1rsy.ent 67.777778
/data/pdb_release/all/pdb1plc.ent 61.111111
/data/pdb_release/all/pdb9pcy.ent 52.222222
/data/pdb_release/all/pdb2plt.ent 70.000000
/data/pdb_release/all/pdb7pcy.ent 73.333333
/data/pdb_release/all/pdb1pla.ent 63.333333
/data/pdb_release/all/pdb1nin.ent 52.222222
/data/pdb_release/all/pdb1paz.ent 78.888889
/data/pdb_release/all/pdb1pmy.ent 76.666667
/data/pdb_release/all/pdb1zia.ent 78.888889
/tmp/1adwA0 78.888889
/tmp/1vlxA0 66.666667
/nfs/cathdata/dompdb/1vgeH1 70.000000
/nfs/cathdata/dompdb/1yuhB1 65.555556
/nfs/cathdata/dompdb/1clyH1 63.333333
/nfs/cathdata/dompdb/1kelH1 68.888889
/nfs/cathdata/dompdb/1nldH1 72.222222
/nfs/cathdata/dompdb/1ghfH1 63.333333
/nfs/cathdata/dompdb/1ospH1 65.555556
/nfs/cathdata/dompdb/1mimH1 65.555556
/nfs/cathdata/dompdb/1cloH1 65.555556
/nfs/cathdata/dompdb/1plgL1 65.555556
/nfs/cathdata/dompdb/1ghfL1 63.333333
/nfs/cathdata/dompdb/1clzL1 65.555556
/nfs/cathdata/dompdb/1kelL1 65.555556
/nfs/cathdata/dompdb/1gafL1 63.333333
/nfs/cathdata/dompdb/1iaiL1 51.111111
/nfs/cathdata/dompdb/1aifA1 50.000000
/nfs/cathdata/dompdb/1vgeL1 67.777778
/nfs/cathdata/dompdb/1nldL1 65.555556
/nfs/cathdata/dompdb/1ospL1 62.222222
/nfs/cathdata/dompdb/1mimL1 67.777778
/nfs/cathdata/dompdb/1lilA1 62.222222
/nfs/cathdata/dompdb/1cloL1 65.555556
/nfs/cathdata/dompdb/1bec01 68.888889
/nfs/cathdata/dompdb/1tcrB1 67.777778
/data/pdb_release/all/pdb1tit.ent 52.222222
/data/pdb_release/all/pdb1cid.ent 67.777778
/data/pdb_release/all/pdb3cd4.ent 65.555556
/data/pdb_release/all/pdb1hoe.ent 52.222222
/nfs/cathdata/dompdb/3hhrB1 50.000000
/nfs/cathdata/dompdb/3hhrB2 50.000000
/nfs/cathdata/dompdb/1fieA3 68.888889
/nfs/cathdata/dompdb/1hft01 68.888889
/data/pdb_release/all/pdb1ttf.ent 61.111111
/nfs/cathdata/dompdb/1hilA1 66.666667
/nfs/cathdata/dompdb/1ggbL1 67.777778
/nfs/cathdata/dompdb/1gigL1 65.555556
/nfs/cathdata/dompdb/1mfeL1 66.666667
/nfs/cathdata/dompdb/1igfL1 67.777778
/nfs/cathdata/dompdb/1lmkA2 65.555556
/nfs/cathdata/dompdb/1mcbA1 63.333333
/nfs/cathdata/dompdb/1mlbA1 63.333333
/nfs/cathdata/dompdb/3hfmL1 65.555556
/nfs/cathdata/dompdb/1opgL1 61.111111
/nfs/cathdata/dompdb/1ncaL1 64.444444
/nfs/cathdata/dompdb/1tetL1 65.555556
/nfs/cathdata/dompdb/2fb4L1 62.222222
/nfs/cathdata/dompdb/2fbjL1 65.555556
/nfs/cathdata/dompdb/6fabL1 65.555556
/nfs/cathdata/dompdb/7fabL1 61.111111
/nfs/cathdata/dompdb/8fabA1 62.222222
/nfs/cathdata/dompdb/1eapA1 65.555556
/nfs/cathdata/dompdb/1figL1 67.777778
/nfs/cathdata/dompdb/1forL1 62.222222
/nfs/cathdata/dompdb/1ibgL1 66.666667
/nfs/cathdata/dompdb/1igcL1 66.666667
/nfs/cathdata/dompdb/1jelL1 65.555556
/nfs/cathdata/dompdb/1nsnL1 64.444444
/nfs/cathdata/dompdb/2gfbA1 65.555556
/tmp/1dvfC0 65.555556
/tmp/1dvfD0 68.888889
/data/pdb_release/all/pdb1vhp.ent 54.444444
/nfs/cathdata/dompdb/1gafH1 67.777778
/nfs/cathdata/dompdb/1iaiH1 65.555556
/nfs/cathdata/dompdb/1aifB1 64.444444
/nfs/cathdata/dompdb/1ngpH1 67.777778
/nfs/cathdata/dompdb/1plgH1 66.666667
/nfs/cathdata/dompdb/1mlbB1 67.777778
/nfs/cathdata/dompdb/2cgrH1 65.555556
/nfs/cathdata/dompdb/1eapB1 67.777778
/nfs/cathdata/dompdb/1faiH1 73.333333
/nfs/cathdata/dompdb/1fbiH1 66.666667
/nfs/cathdata/dompdb/1figH1 65.555556
/nfs/cathdata/dompdb/1forH1 65.555556
/nfs/cathdata/dompdb/1fptH1 65.555556
/nfs/cathdata/dompdb/1frgH1 66.666667
/nfs/cathdata/dompdb/1gigH1 67.777778
/nfs/cathdata/dompdb/1ibgH1 70.000000
/nfs/cathdata/dompdb/1igcH1 68.888889
/nfs/cathdata/dompdb/1igjB1 64.444444
/nfs/cathdata/dompdb/1ikfH1 67.777778
/nfs/cathdata/dompdb/1jelH1 65.555556
/nfs/cathdata/dompdb/1mrcH1 65.555556
/nfs/cathdata/dompdb/1nsnH1 65.555556
/nfs/cathdata/dompdb/1opgH1 62.222222
/nfs/cathdata/dompdb/1rmfH1 66.666667
/nfs/cathdata/dompdb/2fgwH1 68.888889
/nfs/cathdata/dompdb/2gfbB1 66.666667
/nfs/cathdata/dompdb/6fabH1 66.666667
/nfs/cathdata/dompdb/1acyL1 66.666667
/nfs/cathdata/dompdb/1bafL1 66.666667
/nfs/cathdata/dompdb/1bbdL1 64.444444
/nfs/cathdata/dompdb/1bqlL1 66.666667
/nfs/cathdata/dompdb/2cgrL1 66.666667
/nfs/cathdata/dompdb/1dbbL1 61.111111
/nfs/cathdata/dompdb/1dfbL1 67.777778
/nfs/cathdata/dompdb/1faiL1 62.222222
/nfs/cathdata/dompdb/1mamL1 62.222222
/nfs/cathdata/dompdb/1ikfL1 65.555556
/nfs/cathdata/dompdb/1frgL1 67.777778
/tmp/1wtlA0 70.000000
/tmp/1breA0 65.555556
/tmp/1fvcB0 65.555556
/tmp/1jhlH0 65.555556
/tmp/1vfaB0 67.777778
/tmp/1igmH0 67.777778
/tmp/1mfaL0 0.000000
/tmp/1fgvH0 66.666667
/tmp/1nmaH0 65.555556
/tmp/2bjl10 66.666667
/nfs/cathdata/dompdb/8fabB1 65.555556
/nfs/cathdata/dompdb/2fb4H1 67.777778
/nfs/cathdata/dompdb/1acyH1 67.777778
/nfs/cathdata/dompdb/1bbdH1 67.777778
/nfs/cathdata/dompdb/2hflH1 66.666667
/nfs/cathdata/dompdb/2fbjH1 67.777778
/nfs/cathdata/dompdb/1hilB1 61.111111
/nfs/cathdata/dompdb/1nbvH1 62.222222
/nfs/cathdata/dompdb/7fabH1 67.777778
/nfs/cathdata/dompdb/1indH1 65.555556
/nfs/cathdata/dompdb/1tetH1 66.666667
/nfs/cathdata/dompdb/1mamH1 70.000000
/nfs/cathdata/dompdb/1ncaH1 65.555556
/nfs/cathdata/dompdb/1dbbH1 70.000000
/nfs/cathdata/dompdb/1dfbH1 65.555556
/nfs/cathdata/dompdb/1flrH1 67.777778
/nfs/cathdata/dompdb/1ggbH1 67.777778
/nfs/cathdata/dompdb/1igfH1 63.333333
/nfs/cathdata/dompdb/1bafH1 70.000000
/nfs/cathdata/dompdb/3hfmH1 65.555556
/nfs/cathdata/dompdb/1mcpH1 63.333333
/nfs/cathdata/dompdb/1lmkA1 66.666667
/nfs/cathdata/dompdb/1mfbH1 67.777778
/nfs/cathdata/dompdb/1fc2D2 68.888889
/nfs/cathdata/dompdb/1gigL2 71.111111
/nfs/cathdata/dompdb/1kelL2 66.666667
/nfs/cathdata/dompdb/1gafL2 68.888889
/nfs/cathdata/dompdb/2fb4L2 68.888889
/nfs/cathdata/dompdb/1yuhB2 31.111111
/nfs/cathdata/dompdb/1clzH2 61.111111
/nfs/cathdata/dompdb/1fc2D1 68.888889
/nfs/cathdata/dompdb/1fruA2 62.222222
/tmp/1hsbB0 53.333333
/tmp/1mhcB0 50.000000
/tmp/1fruB0 50.000000
/data/pdb_release/all/pdb1bmg.ent 65.555556
/nfs/cathdata/dompdb/1dlhA2 50.000000
/nfs/cathdata/dompdb/1sebB2 52.222222
/nfs/cathdata/dompdb/1bec02 71.111111
/nfs/cathdata/dompdb/1vcaA2 61.111111
/data/pdb_release/all/pdb1tnm.ent 64.444444
/nfs/cathdata/dompdb/1vcaA1 61.111111
/data/pdb_release/all/pdb1tlk.ent 61.111111
/nfs/cathdata/dompdb/1hft02 73.333333
/data/pdb_release/all/pdb1cd8.ent 61.111111
/nfs/cathdata/dompdb/1igjA1 67.777778
/tmp/1nmbL0 61.111111
/data/pdb_release/all/pdb2rhe.ent 62.222222
/tmp/1fgvL0 66.666667
/data/pdb_release/all/pdb2imn.ent 63.333333
/tmp/1reiA0 65.555556
/tmp/1fvcA0 66.666667
/tmp/1igmL0 67.777778
/tmp/1jhlL0 65.555556
/tmp/1ivlA0 67.777778
/tmp/1vfaA0 67.777778
/data/pdb_release/all/pdb1pho.ent 75.555556
/data/pdb_release/all/pdb1omf.ent 74.444444
/data/pdb_release/all/pdb3bcl.ent 81.111111
/nfs/cathdata/dompdb/1amm01 61.111111
/nfs/cathdata/dompdb/1amm02 56.666667
/nfs/cathdata/dompdb/2bb202 61.111111
/nfs/cathdata/dompdb/2gcr01 61.111111
/nfs/cathdata/dompdb/2gcr02 63.333333
/nfs/cathdata/dompdb/1elpA1 61.111111
/nfs/cathdata/dompdb/1elpA2 54.444444
/nfs/cathdata/dompdb/2bb201 61.111111
/nfs/cathdata/dompdb/1prr01 63.333333
/nfs/cathdata/dompdb/1prr02 61.111111
/tmp/1mdaL0 60.000000
/tmp/2bbkL0 55.555556
/data/pdb_release/all/pdb1cdb.ent 43.333333
/nfs/cathdata/dompdb/1hngA1 62.222222
/tmp/1cdcA0 54.444444
/nfs/cathdata/dompdb/1hnf02 61.111111
/nfs/cathdata/dompdb/1hngA2 61.111111
/tmp/1mfaH0 0.000000
/nfs/cathdata/dompdb/2fbjH2 40.000000
/nfs/cathdata/dompdb/1mcpH2 61.111111
/nfs/cathdata/dompdb/1hocA2 35.555556
/nfs/cathdata/dompdb/1hsaA2 54.444444
/nfs/cathdata/dompdb/1vaaA2 50.000000
/nfs/cathdata/dompdb/1hsbA2 61.111111
/nfs/cathdata/dompdb/1mhcA2 52.222222
/nfs/cathdata/dompdb/8fabB2 68.888889
/nfs/cathdata/dompdb/1kelH2 60.000000
/nfs/cathdata/dompdb/1bbdH2 68.888889
/nfs/cathdata/dompdb/1ospH2 61.111111
/nfs/cathdata/dompdb/1eapB2 61.111111
/tmp/1lopA0 70.000000
/data/pdb_release/all/pdb2cpl.ent 65.555556
/tmp/1cynA0 65.555556
/tmp/2rmcA0 65.555556
/nfs/cathdata/dompdb/1bucA2 72.222222
/nfs/cathdata/dompdb/3mddA2 81.111111
/nfs/cathdata/dompdb/1kxf02 63.333333
/nfs/cathdata/dompdb/1vcpA2 67.777778
/tmp/1smpI0 65.555556
/nfs/cathdata/dompdb/1svcP1 64.444444
/tmp/1sriA0 65.555556
/tmp/1avdA0 63.333333
/data/pdb_release/all/pdb1hbq.ent 74.444444
/data/pdb_release/all/pdb1rbp.ent 74.444444
/tmp/1epaA0 77.777778
/tmp/1bbpA0 83.333333
/data/pdb_release/all/pdb1mup.ent 75.555556
/data/pdb_release/all/pdb1ifc.ent 66.666667
/data/pdb_release/all/pdb1hmr.ent 65.555556
/tmp/1opaA0 67.777778
/data/pdb_release/all/pdb1adl.ent 70.000000
/data/pdb_release/all/pdb1crb.ent 72.222222
/tmp/1cbiA0 70.000000
/tmp/1ftpA0 65.555556
/data/pdb_release/all/pdb1cbs.ent 67.777778
/tmp/1pmpA0 65.555556
/data/pdb_release/all/pdb1mdc.ent 67.777778
/nfs/cathdata/dompdb/7catA1 75.555556
/data/pdb_release/all/pdb1cae.ent 77.777778
/nfs/cathdata/dompdb/1dar02 67.777778
/nfs/cathdata/dompdb/1gtrA4 63.333333
/data/pdb_release/all/pdb1prn.ent 73.333333
/data/pdb_release/all/pdb2por.ent 73.333333
/nfs/cathdata/dompdb/1ppfE1 54.444444
/nfs/cathdata/dompdb/1svpA1 45.555556
/nfs/cathdata/dompdb/1vcpA1 51.111111
/nfs/cathdata/dompdb/1sgt02 62.222222
/nfs/cathdata/dompdb/1hylA1 72.222222
/nfs/cathdata/dompdb/1try02 58.888889
/nfs/cathdata/dompdb/1sgpE1 58.888889
/nfs/cathdata/dompdb/1hpgA1 62.222222
/nfs/cathdata/dompdb/2sga01 62.222222
/nfs/cathdata/dompdb/2alp01 60.000000
/nfs/cathdata/dompdb/1tal01 65.555556
/nfs/cathdata/dompdb/2sfa01 78.888889
/nfs/cathdata/dompdb/1arb02 63.333333
/nfs/cathdata/dompdb/1hylA2 52.222222
/nfs/cathdata/dompdb/1sgpE2 58.888889
/nfs/cathdata/dompdb/1gbaA2 56.666667
/nfs/cathdata/dompdb/1hpgA2 56.666667
/nfs/cathdata/dompdb/2sga02 56.666667
/nfs/cathdata/dompdb/1tal02 58.888889
/nfs/cathdata/dompdb/2sfa02 63.333333
/nfs/cathdata/dompdb/1arb01 60.000000
/nfs/cathdata/dompdb/1cnd01 60.000000
/nfs/cathdata/dompdb/1ndh01 62.222222
/nfs/cathdata/dompdb/2pia01 60.000000
/nfs/cathdata/dompdb/1fnb01 71.111111
/nfs/cathdata/dompdb/1que01 60.000000
/nfs/cathdata/dompdb/1pkm03 53.333333
/nfs/cathdata/dompdb/1pkn03 43.333333
/nfs/cathdata/dompdb/1pkyA3 64.444444
/nfs/cathdata/dompdb/1pkyC3 33.333333
/nfs/cathdata/dompdb/1eft02 62.222222
/nfs/cathdata/dompdb/1efuA2 70.000000
/data/pdb_release/all/pdb1clh.ent 60.000000
/tmp/1tcwA0 53.333333
/tmp/1cpiA0 53.333333
/tmp/2rspA0 72.222222
/nfs/cathdata/dompdb/1pnkB3 63.333333
/nfs/cathdata/dompdb/1eft03 52.222222
/nfs/cathdata/dompdb/1efuA3 54.444444
/tmp/1ucyE0 48.888889
/tmp/1aksB0 48.888889
/tmp/2pkaB0 60.000000
/nfs/cathdata/dompdb/1hcgA1 55.555556
/nfs/cathdata/dompdb/1thsH1 53.333333
/nfs/cathdata/dompdb/1brbE1 52.222222
/nfs/cathdata/dompdb/4ptp01 53.333333
/nfs/cathdata/dompdb/1mctA1 55.555556
/nfs/cathdata/dompdb/1etrH1 55.555556
/nfs/cathdata/dompdb/1bit01 53.333333
/nfs/cathdata/dompdb/1trnA1 53.333333
/nfs/cathdata/dompdb/1try01 53.333333
/nfs/cathdata/dompdb/5chaA1 53.333333
/nfs/cathdata/dompdb/1sgt01 57.777778
/nfs/cathdata/dompdb/1lmwB1 53.333333
/nfs/cathdata/dompdb/1elg01 53.333333
/nfs/cathdata/dompdb/1elt01 54.444444
/nfs/cathdata/dompdb/1ton01 54.444444
/tmp/1mtnC0 48.888889
/nfs/cathdata/dompdb/1tbs01 53.333333
/nfs/cathdata/dompdb/1pfxC1 54.444444
/nfs/cathdata/dompdb/1fonA1 55.555556
/nfs/cathdata/dompdb/1pytD1 57.777778
/nfs/cathdata/dompdb/1rtfB1 56.666667
/nfs/cathdata/dompdb/1fujA1 54.444444
/nfs/cathdata/dompdb/1dst01 53.333333
/nfs/cathdata/dompdb/3rp2A1 63.333333
/tmp/1ceaA0 22.222222
/tmp/1pmlA0 31.111111
/data/pdb_release/all/pdb1kdu.ent 31.111111
/data/pdb_release/all/pdb1krn.ent 22.222222
/data/pdb_release/all/pdb1bw3.ent 65.555556
/tmp/1ihvA0 43.333333
/nfs/cathdata/dompdb/1hcz02 33.333333
/data/pdb_release/all/pdb1lab.ent 33.333333
/data/pdb_release/all/pdb1bdo.ent 54.444444
/data/pdb_release/all/pdb1afp.ent 31.111111
/tmp/1bovA0 62.222222
/data/pdb_release/all/pdb1mjc.ent 47.777778
/data/pdb_release/all/pdb1csp.ent 45.555556
/data/pdb_release/all/pdb1krs.ent 54.444444
/nfs/cathdata/dompdb/1lylA1 58.888889
/nfs/cathdata/dompdb/1asyA1 73.333333
/data/pdb_release/all/pdb1bgh.ent 64.444444
/data/pdb_release/all/pdb1rip.ent 0.000000
/tmp/1prtD0 60.000000
/tmp/1prtF0 64.444444
/nfs/cathdata/dompdb/1tssA2 54.444444
/nfs/cathdata/dompdb/1prtB2 64.444444
/nfs/cathdata/dompdb/1prtC2 71.111111
/tmp/1ltsD0 71.111111
/tmp/1chbD0 75.555556
/data/pdb_release/all/pdb2sns.ent 100.000000
/nfs/cathdata/dompdb/1bco02 45.555556
/nfs/cathdata/dompdb/1esfA1 61.111111
/nfs/cathdata/dompdb/1sebD1 71.111111
/nfs/cathdata/dompdb/1se201 60.000000
/tmp/1fivA0 63.333333
/tmp/1idaA0 53.333333
/tmp/1hivA0 64.444444
/data/pdb_release/all/pdb1dro.ent 57.777778
/nfs/cathdata/dompdb/1hleA1 60.000000
/nfs/cathdata/dompdb/1ovaA1 71.111111
/nfs/cathdata/dompdb/1kauC1 66.666667
/nfs/cathdata/dompdb/2kauC1 52.222222
/tmp/1ucyH0 61.111111
/nfs/cathdata/dompdb/3rp2A2 61.111111
/nfs/cathdata/dompdb/1ihsH2 61.111111
/nfs/cathdata/dompdb/1gctA2 60.000000
/nfs/cathdata/dompdb/1elg02 60.000000
/nfs/cathdata/dompdb/1brbE2 63.333333
/nfs/cathdata/dompdb/4ptp02 53.333333
/nfs/cathdata/dompdb/1elt02 71.111111
/nfs/cathdata/dompdb/1hneE2 54.444444
/nfs/cathdata/dompdb/1mctA2 61.111111
/nfs/cathdata/dompdb/1etrH2 70.000000
/nfs/cathdata/dompdb/1bit02 63.333333
/nfs/cathdata/dompdb/1trnA2 63.333333
/nfs/cathdata/dompdb/1ton02 67.777778
/tmp/2pkaA0 45.555556
/tmp/1mtnB0 56.666667
/tmp/1aksA0 53.333333
/nfs/cathdata/dompdb/1tbs02 62.222222
/nfs/cathdata/dompdb/1pfxC2 61.111111
/nfs/cathdata/dompdb/1fonA2 70.000000
/nfs/cathdata/dompdb/1pytD2 63.333333
/nfs/cathdata/dompdb/1fujA2 63.333333
/nfs/cathdata/dompdb/1rtfB2 63.333333
/nfs/cathdata/dompdb/1dst02 68.888889
/nfs/cathdata/dompdb/1hcgA2 61.111111
/nfs/cathdata/dompdb/1lmwB2 51.111111
/data/pdb_release/all/pdb1pk4.ent 22.222222
/data/pdb_release/all/pdb2pf1.ent 34.444444
/data/pdb_release/all/pdb1ahl.ent 22.222222
/data/pdb_release/all/pdb1atx.ent 40.000000
/data/pdb_release/all/pdb1sh1.ent 42.222222
/data/pdb_release/all/pdb1apf.ent 22.222222
/nfs/cathdata/dompdb/1dar03 31.111111
/nfs/cathdata/dompdb/1elo03 11.111111
/data/pdb_release/all/pdb1tfi.ent 33.333333
/tmp/4sgbI0 33.333333
/data/pdb_release/all/pdb1tih.ent 31.111111
/nfs/cathdata/dompdb/1raaB2 51.111111
/nfs/cathdata/dompdb/2atcB2 0.000000
/nfs/cathdata/dompdb/1ytfD2 33.333333
/tmp/1ytfC0 31.111111
/data/pdb_release/all/pdb1sso.ent 42.222222
/data/pdb_release/all/pdb1sap.ent 53.333333
/data/pdb_release/all/pdb1hsp.ent 0.000000
/data/pdb_release/all/pdb1gfc.ent 22.222222
/tmp/1aboA0 43.333333
/tmp/1cskA0 40.000000
/tmp/1ckaA0 37.777778
/tmp/1gbrA0 42.222222
/data/pdb_release/all/pdb1shg.ent 44.444444
/tmp/1shfA0 45.555556
/tmp/1nloC0 31.111111
/data/pdb_release/all/pdb1pnj.ent 45.555556
/tmp/1semA0 43.333333
/nfs/cathdata/dompdb/1lckA1 43.333333
/data/pdb_release/all/pdb1tud.ent 47.777778
/data/pdb_release/all/pdb1tuc.ent 45.555556
/nfs/cathdata/dompdb/1ad5A1 43.333333
/data/pdb_release/all/pdb1pls.ent 64.444444
/tmp/1dynA0 70.000000
/data/pdb_release/all/pdb1btn.ent 76.666667
/tmp/1tgxA0 41.111111
/data/pdb_release/all/pdb1nea.ent 43.333333
/data/pdb_release/all/pdb1nor.ent 43.333333
/data/pdb_release/all/pdb1ntx.ent 41.111111
/data/pdb_release/all/pdb1fas.ent 43.333333
/tmp/1cdtA0 43.333333
/data/pdb_release/all/pdb2crs.ent 43.333333
/data/pdb_release/all/pdb1ntn.ent 57.777778
/data/pdb_release/all/pdb1tfs.ent 43.333333
/data/pdb_release/all/pdb1lsi.ent 31.111111
/nfs/cathdata/dompdb/1psi01 62.222222
/nfs/cathdata/dompdb/2achA2 67.777778
/tmp/1bi6H0 22.222222
/data/pdb_release/all/pdb1tpm.ent 43.333333
/nfs/cathdata/dompdb/1hfh01 33.333333
/data/pdb_release/all/pdb1hcc.ent 42.222222
/tmp/1lpbA0 40.000000
/nfs/cathdata/dompdb/1antI1 64.444444
/tmp/1hcnB0 42.222222
/tmp/1hcnA0 61.111111
/tmp/1pdgA0 52.222222
/data/pdb_release/all/pdb2tgi.ent 64.444444
/tmp/1klaA0 51.111111
/data/pdb_release/all/pdb1tgj.ent 66.666667
/data/pdb_release/all/pdb1bet.ent 64.444444
/tmp/1bndA0 63.333333
/tmp/1bndB0 58.888889
/data/pdb_release/all/pdb1fbr.ent 45.555556
/tmp/1umuA0 51.111111
/data/pdb_release/all/pdb1ctl.ent 51.111111
/data/pdb_release/all/pdb1iml.ent 51.111111
/nfs/cathdata/dompdb/1extB1 43.333333
/tmp/2kauB0 43.333333
/tmp/1rprA0 20.000000
/tmp/1fc2C0 22.222222
/tmp/1spzZ0 23.333333
/data/pdb_release/all/pdb1edi.ent 24.444444
/data/pdb_release/all/pdb2pdd.ent 20.000000
/data/pdb_release/all/pdb1bal.ent 22.222222
/tmp/1csbA0 20.000000
/tmp/1htrP0 22.222222
/nfs/cathdata/dompdb/1ilk02 22.222222
/data/pdb_release/all/pdb1bha.ent 22.222222
/nfs/cathdata/dompdb/1grj01 35.555556
/nfs/cathdata/dompdb/1sesA1 24.444444
/data/pdb_release/all/pdb1pdc.ent 22.222222
/tmp/2achB0 22.222222
/data/pdb_release/all/pdb1egf.ent 22.222222
/data/pdb_release/all/pdb1apo.ent 0.000000
/data/pdb_release/all/pdb1fsb.ent 22.222222
/data/pdb_release/all/pdb1hre.ent 0.000000
/data/pdb_release/all/pdb1yuf.ent 22.222222
/tmp/1hcgB0 40.000000
/data/pdb_release/all/pdb1ata.ent 40.000000
/nfs/cathdata/dompdb/1ncfA2 42.222222
/data/pdb_release/all/pdb1cdq.ent 40.000000
/tmp/1kbaA0 57.777778
/tmp/2abxA0 0.000000
/tmp/1abtA0 22.222222
/data/pdb_release/all/pdb3ebx.ent 43.333333
/data/pdb_release/all/pdb2ctx.ent 41.111111
/data/pdb_release/all/pdb2cdx.ent 31.111111
/tmp/1kxiA0 43.333333
/data/pdb_release/all/pdb1cre.ent 22.222222
/data/pdb_release/all/pdb1cod.ent 45.555556
/data/pdb_release/all/pdb1drs.ent 40.000000
/data/pdb_release/all/pdb1lki.ent 35.555556
/tmp/3inkC0 45.555556
/data/pdb_release/all/pdb1hgu.ent 35.555556
/data/pdb_release/all/pdb1huw.ent 38.888889
/tmp/3hhrA0 37.777778
/data/pdb_release/all/pdb1lpt.ent 32.222222
/data/pdb_release/all/pdb1lip.ent 33.333333
/data/pdb_release/all/pdb1mzm.ent 33.333333
/data/pdb_release/all/pdb1hyp.ent 23.333333
/nfs/cathdata/dompdb/1dlc01 41.111111
/nfs/cathdata/dompdb/1ciy01 41.111111
/tmp/1etrL0 11.111111
/tmp/1tbrJ0 22.222222
/tmp/3aahB0 11.111111
/tmp/4aahB0 11.111111
/tmp/1olgA0 11.111111
/tmp/2bbvD0 11.111111
/data/pdb_release/all/pdb2ifo.ent 11.111111
/tmp/1pfiA0 20.000000
/tmp/1junA0 11.111111
/data/pdb_release/all/pdb1tvs.ent 25.555556
/tmp/1ysaC0 11.111111
/data/pdb_release/all/pdb1aml.ent 22.222222
/data/pdb_release/all/pdb125d.ent 22.222222
/data/pdb_release/all/pdb1cld.ent 20.000000
/tmp/1d66A0 23.333333
/data/pdb_release/all/pdb1pyc.ent 20.000000
/nfs/cathdata/dompdb/1poxA4 20.000000
/tmp/1ltsC0 22.222222
/tmp/1xtcC0 22.222222
/tmp/1scmA0 22.222222
/tmp/1mdyB0 20.000000
/data/pdb_release/all/pdb1bct.ent 22.222222
/nfs/cathdata/dompdb/1pcrL2 28.888889
/nfs/cathdata/dompdb/1prcL2 33.333333
/nfs/cathdata/dompdb/1pcrM2 43.333333
/nfs/cathdata/dompdb/1prcM2 41.111111
/nfs/cathdata/dompdb/1dik05 26.666667
/tmp/1bcfA0 33.333333
/data/pdb_release/all/pdb1fha.ent 41.111111
/data/pdb_release/all/pdb1ier.ent 36.666667
/data/pdb_release/all/pdb1rcc.ent 36.666667
/tmp/2ccyA0 31.111111
/data/pdb_release/all/pdb1cpq.ent 33.333333
/tmp/1bbhA0 26.666667
/data/pdb_release/all/pdb1cgn.ent 35.555556
/data/pdb_release/all/pdb1lpe.ent 31.111111
/data/pdb_release/all/pdb2asr.ent 33.333333
/data/pdb_release/all/pdb1vls.ent 31.111111
/data/pdb_release/all/pdb1aep.ent 37.777778
/tmp/256bA0 33.333333
/tmp/2hmqA0 26.666667
/data/pdb_release/all/pdb2mhr.ent 26.666667
/tmp/2tmvP0 43.333333
/tmp/1rmvA0 26.666667
/nfs/cathdata/dompdb/2ilk01 34.444444
/nfs/cathdata/dompdb/1vlk01 31.111111
/nfs/cathdata/dompdb/1bucA3 35.555556
/nfs/cathdata/dompdb/3mddA3 35.555556
/nfs/cathdata/dompdb/1chkA1 38.888889
/data/pdb_release/all/pdb1lis.ent 31.111111
/data/pdb_release/all/pdb1rcb.ent 46.666667
/tmp/1gmfA0 45.555556
/tmp/1bgeA0 35.555556
/tmp/1rhgA0 35.555556
/data/pdb_release/all/pdb1bgc.ent 35.555556
/nfs/cathdata/dompdb/1whtA2 23.333333
/data/pdb_release/all/pdb2erl.ent 23.333333
/nfs/cathdata/dompdb/1ytfD1 20.000000
/nfs/cathdata/dompdb/1mtyG1 23.333333
/nfs/cathdata/dompdb/1mhyG1 23.333333
/tmp/1ecmA0 23.333333
/nfs/cathdata/dompdb/1lxa02 26.666667
/data/pdb_release/all/pdb1acp.ent 24.444444
/data/pdb_release/all/pdb1aca.ent 23.333333
/nfs/cathdata/dompdb/1pcrM1 25.555556
/nfs/cathdata/dompdb/1prcM1 23.333333
/nfs/cathdata/dompdb/1pcrL1 53.333333
/nfs/cathdata/dompdb/1prcL1 33.333333
/nfs/cathdata/dompdb/3sdpA1 21.111111
/nfs/cathdata/dompdb/1mngA1 33.333333
/nfs/cathdata/dompdb/1svcP2 23.333333
/nfs/cathdata/dompdb/1nfkA2 22.222222
/nfs/cathdata/dompdb/1mtyG2 25.555556
/nfs/cathdata/dompdb/1mhyG2 25.555556
/nfs/cathdata/dompdb/2minB4 22.222222
/nfs/cathdata/dompdb/1mioB3 28.888889
/data/pdb_release/all/pdb1poc.ent 36.666667
/data/pdb_release/all/pdb1ppa.ent 24.444444
/data/pdb_release/all/pdb1poa.ent 52.222222
/data/pdb_release/all/pdb4bp2.ent 48.888889
/data/pdb_release/all/pdb1pod.ent 44.444444
/tmp/3p2pA0 43.333333
/tmp/1pp2L0 48.888889
/tmp/1clpA0 44.444444
/tmp/1bunA0 53.333333
/data/pdb_release/all/pdb1psj.ent 55.555556
/data/pdb_release/all/pdb1ae7.ent 54.444444
/nfs/cathdata/dompdb/1bmtA1 31.111111
/data/pdb_release/all/pdb1lmq.ent 54.444444
/data/pdb_release/all/pdb1jug.ent 54.444444
/data/pdb_release/all/pdb119l.ent 65.555556
/nfs/cathdata/dompdb/1bucA1 42.222222
/nfs/cathdata/dompdb/3mddA1 38.888889
/nfs/cathdata/dompdb/1oxa02 40.000000
/nfs/cathdata/dompdb/1grl01 57.777778
/nfs/cathdata/dompdb/1aorA2 63.333333
/nfs/cathdata/dompdb/2pgd02 44.444444
/nfs/cathdata/dompdb/1dnpA3 42.222222
/nfs/cathdata/dompdb/1csc01 55.555556
/tmp/1csmA0 44.444444
/nfs/cathdata/dompdb/1aorA3 44.444444
/data/pdb_release/all/pdb1fps.ent 44.444444
/nfs/cathdata/dompdb/1clc02 73.333333
/tmp/1ribA0 55.555556
/tmp/1mmoB0 46.666667
/tmp/1mhyB0 46.666667
/nfs/cathdata/dompdb/1cpt02 50.000000
/data/pdb_release/all/pdb1phb.ent 65.555556
/tmp/2bmhA0 70.000000
/nfs/cathdata/dompdb/1lla01 57.777778
/tmp/1mhlC0 56.666667
/tmp/1mtyD0 57.777778
/tmp/1mhyD0 57.777778
/nfs/cathdata/dompdb/2sblB2 78.888889
/data/pdb_release/all/pdb1lnh.ent 83.333333
/data/pdb_release/all/pdb1ehs.ent 22.222222
/tmp/2spcA0 20.000000
/tmp/1ytfB0 22.222222
/nfs/cathdata/dompdb/1pnkA2 20.000000
/data/pdb_release/all/pdb1aty.ent 22.222222
/nfs/cathdata/dompdb/1dloA3 44.444444
/tmp/1ithA0 35.555556
/tmp/1cpcA0 38.888889
/tmp/1cpcB0 40.000000
/tmp/1allA0 41.111111
/tmp/1allB0 32.222222
/tmp/1colA0 44.444444
/nfs/cathdata/dompdb/1ddt02 44.444444
/nfs/cathdata/dompdb/3blm02 61.111111
/nfs/cathdata/dompdb/1mblA2 52.222222
/nfs/cathdata/dompdb/1btl02 37.777778
/nfs/cathdata/dompdb/1ckiA2 40.000000
/nfs/cathdata/dompdb/1csn02 41.111111
/nfs/cathdata/dompdb/1apmE1 56.666667
/nfs/cathdata/dompdb/1irk02 53.333333
/nfs/cathdata/dompdb/1ad5A4 55.555556
/nfs/cathdata/dompdb/1aru01 40.000000
/nfs/cathdata/dompdb/1llp01 41.111111
/nfs/cathdata/dompdb/1mnp01 37.777778
/nfs/cathdata/dompdb/1qpaA1 41.111111
/nfs/cathdata/dompdb/1cca01 41.111111
/nfs/cathdata/dompdb/1apxA1 38.888889
/nfs/cathdata/dompdb/1schA1 33.333333
/data/pdb_release/all/pdb153l.ent 38.888889
/data/pdb_release/all/pdb1baa.ent 48.888889
/nfs/cathdata/dompdb/1cnsA1 40.000000
/data/pdb_release/all/pdb135l.ent 52.222222
/data/pdb_release/all/pdb2ihl.ent 52.222222
/data/pdb_release/all/pdb1lz1.ent 54.444444
/data/pdb_release/all/pdb1hhl.ent 52.222222
/tmp/1ghlA0 52.222222
/data/pdb_release/all/pdb2eql.ent 50.000000
/data/pdb_release/all/pdb1alc.ent 52.222222
/data/pdb_release/all/pdb1hml.ent 52.222222
/tmp/1thbA0 37.777778
/tmp/1hdsA0 40.000000
/tmp/1hdsB0 35.555556
/tmp/2mhbA0 35.555556
/tmp/1fdhG0 37.777778
/tmp/1hbhA0 35.555556
/tmp/1hdaA0 37.777778
/tmp/1babB0 40.000000
/data/pdb_release/all/pdb2lhb.ent 40.000000
/tmp/1hbhB0 41.111111
/tmp/1hdaB0 42.222222
/tmp/1pghA0 37.777778
/tmp/1pghB0 37.777778
/tmp/1ibeB0 40.000000
/tmp/1outA0 40.000000
/tmp/1outB0 38.888889
/tmp/1spgA0 36.666667
/tmp/1spgB0 41.111111
/data/pdb_release/all/pdb1flp.ent 37.777778
/data/pdb_release/all/pdb1lhs.ent 37.777778
/data/pdb_release/all/pdb1bvd.ent 37.777778
/data/pdb_release/all/pdb1ymb.ent 38.888889
/data/pdb_release/all/pdb1mbs.ent 38.888889
/data/pdb_release/all/pdb2mm1.ent 40.000000
/data/pdb_release/all/pdb1emy.ent 36.666667
/tmp/1mygA0 40.000000
/data/pdb_release/all/pdb1myt.ent 38.888889
/data/pdb_release/all/pdb1eca.ent 41.111111
/tmp/1sctA0 40.000000
/tmp/1sctB0 43.333333
/tmp/3sdhA0 41.111111
/data/pdb_release/all/pdb1mba.ent 37.777778
/data/pdb_release/all/pdb1ash.ent 38.888889
/nfs/cathdata/dompdb/1fcdC2 35.555556
/tmp/2mtaC0 34.444444
/nfs/cathdata/dompdb/2abk02 24.444444
/nfs/cathdata/dompdb/1npc02 54.444444
/nfs/cathdata/dompdb/1ezm02 36.666667
/nfs/cathdata/dompdb/2tmnE2 56.666667
/nfs/cathdata/dompdb/1dnpA2 36.666667
/nfs/cathdata/dompdb/1gia02 36.666667
/nfs/cathdata/dompdb/1tadA2 40.000000
/nfs/cathdata/dompdb/7catA2 40.000000
/nfs/cathdata/dompdb/1cca02 56.666667
/nfs/cathdata/dompdb/1apxA2 34.444444
/nfs/cathdata/dompdb/1aru02 34.444444
/nfs/cathdata/dompdb/1llp02 34.444444
/nfs/cathdata/dompdb/1mnp02 34.444444
/nfs/cathdata/dompdb/1qpaA2 35.555556
/nfs/cathdata/dompdb/1schA2 55.555556
/tmp/1rfbA0 43.333333
/nfs/cathdata/dompdb/1pnkA1 55.555556
/data/pdb_release/all/pdb1end.ent 33.333333
/nfs/cathdata/dompdb/1gly01 48.888889
/nfs/cathdata/dompdb/1ecl02 56.666667
/data/pdb_release/all/pdb1sra.ent 38.888889
/nfs/cathdata/dompdb/1prcC2 33.333333
/nfs/cathdata/dompdb/1prcC1 34.444444
/nfs/cathdata/dompdb/1vsgA2 38.888889
/nfs/cathdata/dompdb/1gly02 50.000000
/nfs/cathdata/dompdb/1pnkB4 38.888889
/data/pdb_release/all/pdb1hlm.ent 36.666667
/data/pdb_release/all/pdb1hlb.ent 41.111111
/data/pdb_release/all/pdb1hbg.ent 40.000000
/data/pdb_release/all/pdb1gdj.ent 34.444444
/tmp/1binA0 37.777778
/nfs/cathdata/dompdb/1osa02 28.888889
/nfs/cathdata/dompdb/1wdcC2 44.444444
/nfs/cathdata/dompdb/1tnw02 26.666667
/tmp/1cnpA0 26.666667
/tmp/1symA0 24.444444
/tmp/1tcoB0 41.111111
/nfs/cathdata/dompdb/1scmC1 26.666667
/nfs/cathdata/dompdb/1wdcB1 25.555556
/nfs/cathdata/dompdb/1rec01 0.000000
/nfs/cathdata/dompdb/1rec02 37.777778
/data/pdb_release/all/pdb2sas.ent 43.333333
/tmp/2scpA0 44.444444
/data/pdb_release/all/pdb155c.ent 41.111111
/data/pdb_release/all/pdb1ycc.ent 33.333333
/data/pdb_release/all/pdb1ccr.ent 35.555556
/tmp/5cytR0 34.444444
/data/pdb_release/all/pdb1yeb.ent 35.555556
/data/pdb_release/all/pdb1hrc.ent 35.555556
/data/pdb_release/all/pdb1cry.ent 33.333333
/data/pdb_release/all/pdb1cot.ent 38.888889
/data/pdb_release/all/pdb3c2c.ent 31.111111
/tmp/1c2rA0 41.111111
/data/pdb_release/all/pdb1cxc.ent 41.111111
/data/pdb_release/all/pdb1yea.ent 34.444444
/tmp/1hroA0 35.555556
/data/pdb_release/all/pdb1dvh.ent 34.444444
/data/pdb_release/all/pdb351c.ent 25.555556
/data/pdb_release/all/pdb1cor.ent 34.444444
/data/pdb_release/all/pdb1cch.ent 31.111111
/nfs/cathdata/dompdb/1fcdC1 25.555556
/data/pdb_release/all/pdb1cc5.ent 33.333333
/data/pdb_release/all/pdb1cyi.ent 31.111111
/data/pdb_release/all/pdb1ctj.ent 31.111111
/nfs/cathdata/dompdb/6gsvA2 27.777778
/nfs/cathdata/dompdb/1gta02 33.333333
/nfs/cathdata/dompdb/1hna02 35.555556
/nfs/cathdata/dompdb/2gsq02 25.555556
/nfs/cathdata/dompdb/1gseA2 33.333333
/nfs/cathdata/dompdb/1bpb01 26.666667
/nfs/cathdata/dompdb/1taq02 22.222222
/nfs/cathdata/dompdb/9icwA2 26.666667
/nfs/cathdata/dompdb/1ecl04 26.666667
/nfs/cathdata/dompdb/1adeA2 27.777778
/nfs/cathdata/dompdb/1atnA3 55.555556
/nfs/cathdata/dompdb/1oxa03 35.555556
/data/pdb_release/all/pdb1hmx.ent 46.666667
/nfs/cathdata/dompdb/2abk01 36.666667
/nfs/cathdata/dompdb/1gln04 35.555556
/nfs/cathdata/dompdb/2tct02 36.666667
/tmp/1hulA0 33.333333
/data/pdb_release/all/pdb1coo.ent 31.111111
/nfs/cathdata/dompdb/1wdcB2 28.888889
/data/pdb_release/all/pdb1bod.ent 27.777778
/data/pdb_release/all/pdb1cb1.ent 28.888889
/data/pdb_release/all/pdb4icb.ent 33.333333
/data/pdb_release/all/pdb1cmf.ent 25.555556
/nfs/cathdata/dompdb/1ncx01 45.555556
/data/pdb_release/all/pdb1cfc.ent 56.666667
/data/pdb_release/all/pdb1tnx.ent 41.111111
/data/pdb_release/all/pdb1rro.ent 38.888889
/data/pdb_release/all/pdb4cpv.ent 34.444444
/data/pdb_release/all/pdb5pal.ent 37.777778
/data/pdb_release/all/pdb1pal.ent 38.888889
/tmp/1rtp10 40.000000
/tmp/1pvaA0 37.777778
/nfs/cathdata/dompdb/1osa01 26.666667
/nfs/cathdata/dompdb/1avhA1 31.111111
/nfs/cathdata/dompdb/2ran01 31.111111
/nfs/cathdata/dompdb/1ala02 31.111111
/nfs/cathdata/dompdb/1hvd02 31.111111
/nfs/cathdata/dompdb/1ala04 31.111111
/nfs/cathdata/dompdb/1ann04 35.555556
/nfs/cathdata/dompdb/1avhA4 31.111111
/nfs/cathdata/dompdb/1axn01 31.111111
/nfs/cathdata/dompdb/1axn03 31.111111
/nfs/cathdata/dompdb/1axn02 33.333333
/nfs/cathdata/dompdb/1ala03 28.888889
/nfs/cathdata/dompdb/1ann03 33.333333
/nfs/cathdata/dompdb/1hvd03 31.111111
/nfs/cathdata/dompdb/2ran03 31.111111
/nfs/cathdata/dompdb/1axn04 31.111111
/nfs/cathdata/dompdb/1csc02 35.555556
/nfs/cathdata/dompdb/1csh02 35.555556
/nfs/cathdata/dompdb/2cts02 35.555556
/nfs/cathdata/dompdb/1tyaE2 37.777778
/nfs/cathdata/dompdb/1bvp11 33.333333
/data/pdb_release/all/pdb1neq.ent 33.333333
/nfs/cathdata/dompdb/1octC1 26.666667
/data/pdb_release/all/pdb1r69.ent 33.333333
/data/pdb_release/all/pdb2cro.ent 35.555556
/data/pdb_release/all/pdb1adr.ent 33.333333
/tmp/1lmb30 31.111111
/nfs/cathdata/dompdb/2yhx01 35.555556
/nfs/cathdata/dompdb/2bpfA1 35.555556
/nfs/cathdata/dompdb/1bgw03 26.666667
/nfs/cathdata/dompdb/1adt01 35.555556
/nfs/cathdata/dompdb/1glqA2 25.555556
/nfs/cathdata/dompdb/2gsrA2 25.555556
/nfs/cathdata/dompdb/1gssA2 26.666667
/data/pdb_release/all/pdb1erd.ent 20.000000
/nfs/cathdata/dompdb/1dtr02 23.333333
/tmp/1lccA0 23.333333
/nfs/cathdata/dompdb/1pnrA1 24.444444
/data/pdb_release/all/pdb1uxd.ent 23.333333
/nfs/cathdata/dompdb/2phlA1 22.222222
/nfs/cathdata/dompdb/2phlA4 24.444444
/tmp/6insE0 23.333333
/data/pdb_release/all/pdb2gf1.ent 23.333333
/data/pdb_release/all/pdb1igl.ent 20.000000
/data/pdb_release/all/pdb1bip.ent 27.777778
/data/pdb_release/all/pdb1c5a.ent 26.666667
/data/pdb_release/all/pdb1kjs.ent 35.555556
/tmp/1cmbA0 23.333333
/nfs/cathdata/dompdb/1gln03 24.444444
/nfs/cathdata/dompdb/1serA1 26.666667
/nfs/cathdata/dompdb/1bvp13 26.666667
/nfs/cathdata/dompdb/1dmb03 53.333333
/nfs/cathdata/dompdb/1dik02 25.555556
/nfs/cathdata/dompdb/9pap02 23.333333
/nfs/cathdata/dompdb/1aec02 24.444444
/nfs/cathdata/dompdb/1gecE2 25.555556
/nfs/cathdata/dompdb/2act02 24.444444
/nfs/cathdata/dompdb/1ppo02 23.333333
/nfs/cathdata/dompdb/1yal02 25.555556
/nfs/cathdata/dompdb/1theA2 25.555556
/nfs/cathdata/dompdb/1csbB1 23.333333
/nfs/cathdata/dompdb/2bltA2 22.222222
/data/pdb_release/all/pdb1utg.ent 28.888889
/data/pdb_release/all/pdb1ccd.ent 28.888889
/nfs/cathdata/dompdb/1ala01 31.111111
/nfs/cathdata/dompdb/1ann01 31.111111
/nfs/cathdata/dompdb/1ann02 33.333333
/tmp/1fliA0 23.333333
/data/pdb_release/all/pdb1etc.ent 43.333333
/tmp/1sttA0 57.777778
/data/pdb_release/all/pdb2hts.ent 43.333333
/data/pdb_release/all/pdb1hks.ent 22.222222
/data/pdb_release/all/pdb1enh.ent 24.444444
/data/pdb_release/all/pdb1ftz.ent 23.333333
/data/pdb_release/all/pdb1ftt.ent 23.333333
/tmp/1ahdP0 25.555556
/tmp/1fjlA0 24.444444
/data/pdb_release/all/pdb1vnd.ent 25.555556
/data/pdb_release/all/pdb1hdp.ent 23.333333
/data/pdb_release/all/pdb1ocp.ent 23.333333
/data/pdb_release/all/pdb1pog.ent 23.333333
/tmp/1yrnA0 24.444444
/tmp/1hcrA0 23.333333
/data/pdb_release/all/pdb1res.ent 24.444444
/data/pdb_release/all/pdb1lfb.ent 23.333333
/data/pdb_release/all/pdb2lfb.ent 24.444444
/tmp/1yrnB0 26.666667
/tmp/1fiaA0 25.555556
/data/pdb_release/all/pdb1mbe.ent 23.333333
/data/pdb_release/all/pdb1mbg.ent 23.333333
/data/pdb_release/all/pdb1mbj.ent 23.333333
/tmp/2wrpR0 38.888889
/nfs/cathdata/dompdb/2tct01 24.444444
/tmp/1bfmA0 25.555556
/tmp/1hryA0 24.444444
/data/pdb_release/all/pdb1hsm.ent 24.444444
/data/pdb_release/all/pdb1hma.ent 22.222222
/data/pdb_release/all/pdb1hme.ent 23.333333
/data/pdb_release/all/pdb1aab.ent 23.333333
/tmp/1trlA0 23.333333
/tmp/1mylA0 22.222222
/tmp/1parA0 22.222222
/tmp/1mntA0 26.666667
/data/pdb_release/all/pdb1lea.ent 35.555556
/tmp/1hstA0 37.777778
/data/pdb_release/all/pdb1ghc.ent 23.333333
/nfs/cathdata/dompdb/1dprA1 26.666667
/nfs/cathdata/dompdb/1bia01 35.555556
/nfs/cathdata/dompdb/1berA2 43.333333
/nfs/cathdata/dompdb/1pdnC1 42.222222
/nfs/cathdata/dompdb/1pdnC2 23.333333
