135l.e3h3.out 1.10.530 1 100.000000
135l.e4h4.out 1.10.530 3 100.000000
1aaj_33.out 2.60.40 4 100.000000
1aaj_44.out 2.60.40 5 100.000000
1bfg.e3h3.out 2.80.10 1 100.000000
1bfg.e4h4.out 2.80.10 1 100.000000
1bhp_33.out 3.30.70 7 100.000000
1bhp_44.out 3.30.70 84 100.000000
1chd_33.out 3.40.50 15 79.333333
1chd_44.out 3.40.50 20 77.142857
1ecn.e3h3.out 1.10.490 1 100.000000
1ecn.e4h4.out 1.10.490 1 100.000000
1edt_33.out 3.20.20 2 85.263158
1edt_44.out 3.20.20 2 87.500000
1fnd.e3h3.out 2.40.90 1 100.000000
1fnd.e4h4.out 2.40.90 1 100.000000
1fus.e3h3.out 3.10.30 46 91.428571
1fus.e4h4.out 3.10.30 5 100.000000
1gpm.e3h3.out 3.30.300 726 73.333333
1gpm.e4h4.out 3.30.300 634 73.333333
1igd.e3h3.out 3.10.20 27 96.000000
1igd.e4h4.out 3.10.20 14 96.000000
1xnb.e3h3.out 2.60.120 1 100.000000
1xnb.e4h4.out 2.60.120 1 100.000000
2mhr.33.out 1.20.120 1 100.000000
2mhr.44.out 1.20.120 1 100.000000
2ovo.e3h3.out 3.30.60 20 100.000000
2ovo.e4h4.out 3.30.60 277 100.000000
2sns.e3h3.out 2.40.50 125 75.555556
2sns.e4h4.out 2.40.50 178 73.750000
3il8.e3h3.out 3.30.160 1 100.000000
3il8.e4h4.out 3.30.160 1 100.000000
3wrp.e3h3.out 1.10.10 1 96.666667
3wrp.e4h4.out 1.10.10 1 96.666667
