135l.e3h3.out 1.10.530 804 66.666667
135l.e4h4.out 1.10.530 656 75.000000
1aaj_33.out 2.60.40 2012 0.000000
1aaj_44.out 2.60.40 1995 0.000000
1bfg.e3h3.out 2.80.10 336 74.000000
1bfg.e4h4.out 2.80.10 954 48.000000
1bhp_33.out 3.30.70 2006 25.000000
1bhp_44.out 3.30.70 2021 0.000000
1chd_33.out 3.40.50 1465 26.666667
1chd_44.out 3.40.50 1760 19.285714
1ecn.e3h3.out 1.10.490 215 70.000000
1ecn.e4h4.out 1.10.490 244 70.000000
1edt_33.out 3.20.20 305 50.526316
1edt_44.out 3.20.20 298 52.500000
1fnd.e3h3.out 2.40.90 1458 36.666667
1fnd.e4h4.out 2.40.90 1365 47.142857
1fus.e3h3.out 3.10.30 1083 65.714286
1fus.e4h4.out 3.10.30 809 77.500000
1gpm.e3h3.out 3.30.300 1364 63.333333
1gpm.e4h4.out 3.30.300 1236 63.333333
1igd.e3h3.out 3.10.20 1534 56.000000
1igd.e4h4.out 3.10.20 1982 20.000000
1xnb.e3h3.out 2.60.120 1038 40.000000
1xnb.e4h4.out 2.60.120 1305 27.142857
2mhr.33.out 1.20.120 411 77.500000
2mhr.44.out 1.20.120 437 85.000000
2ovo.e3h3.out 3.30.60 2008 33.333333
2ovo.e4h4.out 3.30.60 1988 50.000000
2sns.e3h3.out 2.40.50 2020 0.000000
2sns.e4h4.out 2.40.50 2007 0.000000
3il8.e3h3.out 3.30.160 1508 65.000000
3il8.e4h4.out 3.30.160 1975 25.000000
3wrp.e3h3.out 1.10.10 1518 30.000000
3wrp.e4h4.out 1.10.10 1503 30.000000
